
          -------------------------------------------------------
          Amber 16 PMEMD                              2016
          -------------------------------------------------------

| PMEMD implementation of SANDER, Release 16

| Run on 10/22/2016 at 23:31:56

|   Executable path: pmemd.cuda
| Working directory: /home/german/exs/run/1hvr_apo/mhe/e
|          Hostname: Unknown
  [-O]verwriting output

File Assignments:
|   MDIN: 7equ.in                                                               
|  MDOUT: 7equ.out                                                              
| INPCRD: 6e1hvr_apo.rst7                                                       
|   PARM: 1hvr_apo.prmtop                                                       
| RESTRT: 7e1hvr_apo.rst7                                                       
|   REFC: 6e1hvr_apo.rst7                                                       
|  MDVEL: mdvel                                                                 
|   MDEN: mden                                                                  
|  MDCRD: 7e1hvr_apo.nc                                                         
| MDINFO: mdinfo                                                                
|  MDFRC: mdfrc                                                                 


 Here is the input file:

Equilibration with solute restrictions                                         
&cntrl                                                                         
imin = 0,                           ! No Minimization                          
nmropt = 0,                         ! No NMR restraints read                   
                                                                               
! Nature and format of the input                                               
ntx = 5,                            ! Coordinates but no velocities will be rea
irest = 1,                          ! Do not run a new simulation              
                                                                               
! Nature and format of the output                                              
ntxo = 1,                           ! rstrt file in ASCII format               
ntpr = 500,                         ! inf in output every ntpr steps           
ntwr = 500,                         ! rstrt file every ntwr steps              
ntwx = 500,                         ! mdcrd file every ntwx steps              
ntwv = 0,                           ! mdvel without velocities                 
ntwe = 0,                           ! Energies and temperatures not written in 
idecomp = 0,                        ! No energy decomposition                  
iwrap = 1,                          ! Coordinates of the restart and mdcrd file
                                                                               
! Frozen or restrained atoms                                                   
ibelly = 0,                         ! No frozen atoms                          
ntr=1,                              ! Harmonic potential restraints            
restraint_wt = 20.0,                ! The weight for the positional restraints 
restraintmask = ':1-198@N,CA,C,O',  ! restrained residues                      
                                                                               
! Molecular dynamics                                                           
nstlim = 50000,                     ! Number of MD-steps                       
dt = 0.002,                         ! Time step                                
                                                                               
! Temperature regulation                                                       
ntt = 3,                            ! Langevin thermostat                      
gamma_ln = 5,                       ! Gamma constant for Langevin              
!temp0 = 300.0,                     ! Reference T at which the system is to be 
tempi = 300.0,                      ! Initial T                                
ig = -1,                            ! Seed for the RNG                         
                                                                               
! P and V regulation                                                           
ntp = 1,                            ! Constant P. Isotropic scaling            
barostat = 1,                       ! Berendsen barostat                       
taup = 1,                           ! Pressure relaxation time                 
nrespa = 1,                         ! Evaluate at each step                    
ntb = 2,                            ! Periodic box for constant P              
                                                                               
! SHAKE variables                                                              
ntc = 2,                            ! Bonds involving H are constrained        
ntf = 2,                            ! Bond interaction involving H are ommited.
                                                                               
cut = 10.0,                         ! Nonbonded cutoff                         
/                                                                              
&end                                                                           


Note: ig = -1. Setting random seed to   633859 based on wallclock time in 
      microseconds.
 
|--------------------- INFORMATION ----------------------
| GPU (CUDA) Version of PMEMD in use: NVIDIA GPU IN USE.
|                    Version 16.0.0
| 
|                      02/25/2016
| 
| Implementation by:
|                    Ross C. Walker     (SDSC)
|                    Scott Le Grand     (nVIDIA)
| 
| Precision model in use:
|      [SPFP] - Single Precision Forces, 64-bit Fixed Point
|               Accumulation. (Default)
| 
|--------------------------------------------------------
 
|----------------- CITATION INFORMATION -----------------
|
|    When publishing work that utilized the CUDA version
|    of AMBER, please cite the following in addition to
|    the regular AMBER citations:
|
|  - Romelia Salomon-Ferrer; Andreas W. Goetz; Duncan
|    Poole; Scott Le Grand; Ross C. Walker "Routine
|    microsecond molecular dynamics simulations with
|    AMBER - Part II: Particle Mesh Ewald", J. Chem.
|    Theory Comput., 2013, 9 (9), pp3878-3888,
|    DOI: 10.1021/ct400314y.
|
|  - Andreas W. Goetz; Mark J. Williamson; Dong Xu;
|    Duncan Poole; Scott Le Grand; Ross C. Walker
|    "Routine microsecond molecular dynamics simulations
|    with AMBER - Part I: Generalized Born", J. Chem.
|    Theory Comput., 2012, 8 (5), pp1542-1555.
|
|  - Scott Le Grand; Andreas W. Goetz; Ross C. Walker
|    "SPFP: Speed without compromise - a mixed precision
|    model for GPU accelerated molecular dynamics
|    simulations.", Comp. Phys. Comm., 2013, 184
|    pp374-380, DOI: 10.1016/j.cpc.2012.09.022
|
|--------------------------------------------------------
 
|------------------- GPU DEVICE INFO --------------------
|
|            CUDA_VISIBLE_DEVICES: 0
|   CUDA Capable Devices Detected:      1
|           CUDA Device ID in use:      0
|                CUDA Device Name: GeForce GTX 1060 6GB
|     CUDA Device Global Mem Size:   6072 MB
| CUDA Device Num Multiprocessors:     10
|           CUDA Device Core Freq:   1.76 GHz
|
|--------------------------------------------------------
 
 
| Conditional Compilation Defines Used:
| PUBFFT
| BINTRAJ
| CUDA
| EMIL

| Largest sphere to fit in unit cell has radius =    29.877

| New format PARM file being parsed.
| Version =    1.000 Date = 10/21/16 Time = 15:49:40

| Note: 1-4 EEL scale factors are being read from the topology file.

| Note: 1-4 VDW scale factors are being read from the topology file.
| Duplicated    0 dihedrals

| Duplicated    0 dihedrals

--------------------------------------------------------------------------------
   1.  RESOURCE   USE: 
--------------------------------------------------------------------------------

 getting new box info from bottom of inpcrd
 NATOM  =   29829 NTYPES =      17 NBONH =   28311 MBONA  =    1540
 NTHETH =    3672 MTHETA =    2088 NPHIH =    7226 MPHIA  =    6711
 NHPARM =       0 NPARM  =       0 NNB   =   52960 NRES   =    9103
 NBONA  =    1540 NTHETA =    2088 NPHIA =    6711 NUMBND =      73
 NUMANG =     173 NPTRA  =     191 NATYP =      35 NPHB   =       1
 IFBOX  =       2 NMXRS  =      24 IFCAP =       0 NEXTRA =       0
 NCOPY  =       0

| Coordinate Index Table dimensions:    11   11   11
| Direct force subcell size =     6.6529    6.6529    6.6529

     BOX TYPE: TRUNCATED OCTAHEDRON

--------------------------------------------------------------------------------
   2.  CONTROL  DATA  FOR  THE  RUN
--------------------------------------------------------------------------------

default_name                                                                    

General flags:
     imin    =       0, nmropt  =       0

Nature and format of input:
     ntx     =       5, irest   =       1, ntrx    =       1

Nature and format of output:
     ntxo    =       1, ntpr    =     500, ntrx    =       1, ntwr    =     500
     iwrap   =       1, ntwx    =     500, ntwv    =       0, ntwe    =       0
     ioutfm  =       1, ntwprt  =       0, idecomp =       0, rbornstat=      0

Potential function:
     ntf     =       2, ntb     =       2, igb     =       0, nsnb    =      25
     ipol    =       0, gbsa    =       0, iesp    =       0
     dielc   =   1.00000, cut     =  10.00000, intdiel =   1.00000

Frozen or restrained atoms:
     ibelly  =       0, ntr     =       1
     restraint_wt =  20.00000

Molecular dynamics:
     nstlim  =     50000, nscm    =         0, nrespa  =         1
     t       =   0.00000, dt      =   0.00200, vlimit  =  -1.00000

Langevin dynamics temperature regulation:
     ig      =  633859
     temp0   = 300.00000, tempi   = 300.00000, gamma_ln=   5.00000

Pressure regulation:
     ntp     =       1
     pres0   =   1.00000, comp    =  44.60000, taup    =   1.00000

SHAKE:
     ntc     =       2, jfastw  =       0
     tol     =   0.00001

| Intermolecular bonds treatment:
|     no_intermolecular_bonds =       1

| Energy averages sample interval:
|     ene_avg_sampling =     500

Ewald parameters:
     verbose =       0, ew_type =       0, nbflag  =       1, use_pme =       1
     vdwmeth =       1, eedmeth =       1, netfrc  =       1
     Box X =   73.182   Box Y =   73.182   Box Z =   73.182
     Alpha =  109.471   Beta  =  109.471   Gamma =  109.471
     NFFT1 =   80       NFFT2 =   80       NFFT3 =   80
     Cutoff=   10.000   Tol   =0.100E-04
     Ewald Coefficient =  0.27511
     Interpolation order =    4

    LOADING THE CONSTRAINED ATOMS AS GROUPS


   5.  REFERENCE ATOM COORDINATES

  default_name                                                                    
     Mask :1-198@N,CA,C,O; matches   792 atoms

--------------------------------------------------------------------------------
   3.  ATOMIC COORDINATES AND VELOCITIES
--------------------------------------------------------------------------------

default_name                                                                    
 begin time read from input coords =   740.000 ps

 
 Number of triangulated 3-point waters found:     8901

     Sum of charges from parm topology file =  -0.00000211
     Forcing neutrality...

| Dynamic Memory, Types Used:
| Reals             1414644
| Integers          1045378

| Nonbonded Pairs Initial Allocation:     9022526

| GPU memory information (estimate):
| KB of GPU memory in use:    244441
| KB of CPU memory in use:     48561

--------------------------------------------------------------------------------
   4.  RESULTS
--------------------------------------------------------------------------------

 ---------------------------------------------------
 APPROXIMATING switch and d/dx switch using CUBIC SPLINE INTERPOLATION
 using   5000.0 points per unit in tabled values
 TESTING RELATIVE ERROR over r ranging from 0.0 to cutoff
| CHECK switch(x): max rel err =   0.2738E-14   at   2.422500
| CHECK d/dx switch(x): max rel err =   0.8314E-11   at   2.736960
 ---------------------------------------------------
|---------------------------------------------------
| APPROXIMATING direct energy using CUBIC SPLINE INTERPOLATION
|  with   50.0 points per unit in tabled values
| Relative Error Limit not exceeded for r .gt.   2.33
| APPROXIMATING direct force using CUBIC SPLINE INTERPOLATION
|  with   50.0 points per unit in tabled values
| Relative Error Limit not exceeded for r .gt.   2.80
|---------------------------------------------------
wrapping first mol.:       24.38563       34.48649       59.73235
wrapping first mol.:       24.38563       34.48649       59.73235

 NSTEP =      500   TIME(PS) =     741.000  TEMP(K) =   298.77  PRESS =    50.7
 Etot   =    -71428.3499  EKtot   =     18160.5469  EPtot      =    -89588.8968
 BOND   =       552.9493  ANGLE   =      1517.2014  DIHED      =      2462.0721
 1-4 NB =       676.6860  1-4 EEL =      8370.7537  VDWAALS    =     10856.3297
 EELEC  =   -114280.6782  EHBOND  =         0.0000  RESTRAINT  =       255.7892
 EAMBER (non-restraint)  =    -89844.6860
 EKCMT  =      7985.3797  VIRIAL  =      7655.5189  VOLUME     =    301399.0809
                                                    Density    =         1.0029
 ------------------------------------------------------------------------------

wrapping first mol.:       24.38698       34.48840       59.73565
wrapping first mol.:       24.38698       34.48840       59.73565

 NSTEP =     1000   TIME(PS) =     742.000  TEMP(K) =   300.22  PRESS =  -301.9
 Etot   =    -71340.6204  EKtot   =     18248.5000  EPtot      =    -89589.1204
 BOND   =       569.2329  ANGLE   =      1556.9295  DIHED      =      2454.2689
 1-4 NB =       680.0715  1-4 EEL =      8343.5509  VDWAALS    =     10593.4841
 EELEC  =   -114019.7703  EHBOND  =         0.0000  RESTRAINT  =       233.1121
 EAMBER (non-restraint)  =    -89822.2325
 EKCMT  =      7968.2231  VIRIAL  =      9933.4691  VOLUME     =    301458.4244
                                                    Density    =         1.0027
 ------------------------------------------------------------------------------

wrapping first mol.:       24.38243       34.48197       59.72451
wrapping first mol.:       24.38243       34.48197       59.72451

 NSTEP =     1500   TIME(PS) =     743.000  TEMP(K) =   299.39  PRESS =   -22.8
 Etot   =    -71335.2611  EKtot   =     18198.1660  EPtot      =    -89533.4271
 BOND   =       530.5542  ANGLE   =      1587.8561  DIHED      =      2475.4316
 1-4 NB =       682.2364  1-4 EEL =      8379.4847  VDWAALS    =     10719.9743
 EELEC  =   -114151.9484  EHBOND  =         0.0000  RESTRAINT  =       242.9839
 EAMBER (non-restraint)  =    -89776.4110
 EKCMT  =      7886.7655  VIRIAL  =      8034.9054  VOLUME     =    301282.3584
                                                    Density    =         1.0033
 ------------------------------------------------------------------------------

wrapping first mol.:       24.37038       34.46491       59.69498
wrapping first mol.:       24.37038       34.46491       59.69498

 NSTEP =     2000   TIME(PS) =     744.000  TEMP(K) =   300.30  PRESS =  -102.6
 Etot   =    -71215.8097  EKtot   =     18253.4180  EPtot      =    -89469.2277
 BOND   =       594.1207  ANGLE   =      1526.5551  DIHED      =      2480.0252
 1-4 NB =       679.2221  1-4 EEL =      8347.0283  VDWAALS    =     10722.0827
 EELEC  =   -114069.7020  EHBOND  =         0.0000  RESTRAINT  =       251.4403
 EAMBER (non-restraint)  =    -89720.6680
 EKCMT  =      7972.8555  VIRIAL  =      8639.4248  VOLUME     =    300837.7727
                                                    Density    =         1.0048
 ------------------------------------------------------------------------------

wrapping first mol.:       24.36089       34.45150       59.67174
wrapping first mol.:       24.36089       34.45150       59.67174

 NSTEP =     2500   TIME(PS) =     745.000  TEMP(K) =   299.79  PRESS =   128.3
 Etot   =    -71332.5423  EKtot   =     18222.1992  EPtot      =    -89554.7415
 BOND   =       562.5499  ANGLE   =      1515.4991  DIHED      =      2450.7837
 1-4 NB =       669.0480  1-4 EEL =      8391.4758  VDWAALS    =     10830.7195
 EELEC  =   -114207.7982  EHBOND  =         0.0000  RESTRAINT  =       232.9808
 EAMBER (non-restraint)  =    -89787.7222
 EKCMT  =      8047.0730  VIRIAL  =      7215.0001  VOLUME     =    300480.3244
                                                    Density    =         1.0060
 ------------------------------------------------------------------------------

wrapping first mol.:       24.40006       34.50690       59.76770
wrapping first mol.:       24.40006       34.50690       59.76770

 NSTEP =     3000   TIME(PS) =     746.000  TEMP(K) =   298.53  PRESS =    24.1
 Etot   =    -71026.5492  EKtot   =     18146.0586  EPtot      =    -89172.6078
 BOND   =       576.1096  ANGLE   =      1553.3444  DIHED      =      2451.8685
 1-4 NB =       678.5374  1-4 EEL =      8367.2586  VDWAALS    =     10767.4294
 EELEC  =   -113816.5683  EHBOND  =         0.0000  RESTRAINT  =       249.4125
 EAMBER (non-restraint)  =    -89422.0203
 EKCMT  =      7933.9507  VIRIAL  =      7776.6686  VOLUME     =    301935.1082
                                                    Density    =         1.0011
 ------------------------------------------------------------------------------

wrapping first mol.:       24.38152       34.48067       59.72227
wrapping first mol.:       24.38152       34.48067       59.72227

 NSTEP =     3500   TIME(PS) =     747.000  TEMP(K) =   299.54  PRESS =  -171.1
 Etot   =    -71392.5755  EKtot   =     18207.5078  EPtot      =    -89600.0834
 BOND   =       557.2884  ANGLE   =      1550.0092  DIHED      =      2470.0336
 1-4 NB =       678.6315  1-4 EEL =      8348.3518  VDWAALS    =     10575.5026
 EELEC  =   -114017.9093  EHBOND  =         0.0000  RESTRAINT  =       238.0088
 EAMBER (non-restraint)  =    -89838.0922
 EKCMT  =      7973.3324  VIRIAL  =      9086.4832  VOLUME     =    301252.4610
                                                    Density    =         1.0034
 ------------------------------------------------------------------------------

wrapping first mol.:       24.37278       34.46831       59.70086
wrapping first mol.:       24.37278       34.46831       59.70086

 NSTEP =     4000   TIME(PS) =     748.000  TEMP(K) =   299.83  PRESS =  -136.8
 Etot   =    -71585.0165  EKtot   =     18224.6777  EPtot      =    -89809.6942
 BOND   =       584.2879  ANGLE   =      1467.3285  DIHED      =      2455.5242
 1-4 NB =       697.0005  1-4 EEL =      8386.6711  VDWAALS    =     10815.8297
 EELEC  =   -114460.4362  EHBOND  =         0.0000  RESTRAINT  =       244.1001
 EAMBER (non-restraint)  =    -90053.7944
 EKCMT  =      8070.7623  VIRIAL  =      8959.6964  VOLUME     =    300927.6436
                                                    Density    =         1.0045
 ------------------------------------------------------------------------------

wrapping first mol.:       24.36903       34.46301       59.69168
wrapping first mol.:       24.36903       34.46301       59.69168

 NSTEP =     4500   TIME(PS) =     749.000  TEMP(K) =   300.67  PRESS =  -159.9
 Etot   =    -71294.4414  EKtot   =     18276.2910  EPtot      =    -89570.7324
 BOND   =       581.5023  ANGLE   =      1575.3225  DIHED      =      2483.1851
 1-4 NB =       666.1351  1-4 EEL =      8342.2350  VDWAALS    =     10656.7551
 EELEC  =   -114135.6485  EHBOND  =         0.0000  RESTRAINT  =       259.7810
 EAMBER (non-restraint)  =    -89830.5134
 EKCMT  =      7985.4498  VIRIAL  =      9023.8191  VOLUME     =    300789.5205
                                                    Density    =         1.0049
 ------------------------------------------------------------------------------

wrapping first mol.:       24.38263       34.48224       59.72499
wrapping first mol.:       24.38263       34.48224       59.72499

 NSTEP =     5000   TIME(PS) =     750.000  TEMP(K) =   297.47  PRESS =    61.6
 Etot   =    -71423.5414  EKtot   =     18081.4258  EPtot      =    -89504.9671
 BOND   =       536.8390  ANGLE   =      1588.9886  DIHED      =      2468.3566
 1-4 NB =       667.3513  1-4 EEL =      8331.1654  VDWAALS    =     10751.1147
 EELEC  =   -114084.6242  EHBOND  =         0.0000  RESTRAINT  =       235.8416
 EAMBER (non-restraint)  =    -89740.8087
 EKCMT  =      7872.1249  VIRIAL  =      7471.2041  VOLUME     =    301287.3302
                                                    Density    =         1.0033
 ------------------------------------------------------------------------------

wrapping first mol.:       24.38493       34.48550       59.73064
wrapping first mol.:       24.38493       34.48550       59.73064

 NSTEP =     5500   TIME(PS) =     751.000  TEMP(K) =   298.67  PRESS =    46.8
 Etot   =    -71114.8925  EKtot   =     18154.3926  EPtot      =    -89269.2851
 BOND   =       592.3009  ANGLE   =      1559.5772  DIHED      =      2451.5290
 1-4 NB =       664.2054  1-4 EEL =      8366.0538  VDWAALS    =     10673.5128
 EELEC  =   -113825.3552  EHBOND  =         0.0000  RESTRAINT  =       248.8910
 EAMBER (non-restraint)  =    -89518.1760
 EKCMT  =      8006.3898  VIRIAL  =      7701.9851  VOLUME     =    301373.2313
                                                    Density    =         1.0030
 ------------------------------------------------------------------------------

wrapping first mol.:       24.37162       34.46667       59.69802
wrapping first mol.:       24.37162       34.46667       59.69802

 NSTEP =     6000   TIME(PS) =     752.000  TEMP(K) =   300.74  PRESS =    90.8
 Etot   =    -70998.4204  EKtot   =     18280.0137  EPtot      =    -89278.4341
 BOND   =       563.5646  ANGLE   =      1592.3786  DIHED      =      2450.5287
 1-4 NB =       693.0299  1-4 EEL =      8335.2310  VDWAALS    =     10796.4572
 EELEC  =   -113946.2334  EHBOND  =         0.0000  RESTRAINT  =       236.6093
 EAMBER (non-restraint)  =    -89515.0434
 EKCMT  =      8024.0546  VIRIAL  =      7434.0693  VOLUME     =    300878.5666
                                                    Density    =         1.0046
 ------------------------------------------------------------------------------

wrapping first mol.:       24.36705       34.46021       59.68683
wrapping first mol.:       24.36705       34.46021       59.68683

 NSTEP =     6500   TIME(PS) =     753.000  TEMP(K) =   298.19  PRESS =    52.3
 Etot   =    -71414.4330  EKtot   =     18124.9980  EPtot      =    -89539.4311
 BOND   =       526.8372  ANGLE   =      1540.0532  DIHED      =      2494.4642
 1-4 NB =       692.2392  1-4 EEL =      8374.7516  VDWAALS    =     10699.4619
 EELEC  =   -114131.1417  EHBOND  =         0.0000  RESTRAINT  =       263.9033
 EAMBER (non-restraint)  =    -89803.3343
 EKCMT  =      7973.1903  VIRIAL  =      7633.5398  VOLUME     =    300710.4069
                                                    Density    =         1.0052
 ------------------------------------------------------------------------------

wrapping first mol.:       24.37579       34.47257       59.70823
wrapping first mol.:       24.37579       34.47257       59.70823

 NSTEP =     7000   TIME(PS) =     754.000  TEMP(K) =   298.82  PRESS =    -1.7
 Etot   =    -71684.9651  EKtot   =     18163.6621  EPtot      =    -89848.6272
 BOND   =       527.7040  ANGLE   =      1573.3855  DIHED      =      2434.3666
 1-4 NB =       684.2132  1-4 EEL =      8337.9799  VDWAALS    =     10901.0715
 EELEC  =   -114552.2540  EHBOND  =         0.0000  RESTRAINT  =       244.9060
 EAMBER (non-restraint)  =    -90093.5332
 EKCMT  =      8021.2097  VIRIAL  =      8032.4346  VOLUME     =    301035.5199
                                                    Density    =         1.0041
 ------------------------------------------------------------------------------

wrapping first mol.:       24.38792       34.48972       59.73794
wrapping first mol.:       24.38792       34.48972       59.73794

 NSTEP =     7500   TIME(PS) =     755.000  TEMP(K) =   300.89  PRESS =    12.8
 Etot   =    -71383.0239  EKtot   =     18289.3574  EPtot      =    -89672.3813
 BOND   =       558.5376  ANGLE   =      1561.0379  DIHED      =      2450.4813
 1-4 NB =       684.5660  1-4 EEL =      8346.6329  VDWAALS    =     10792.5580
 EELEC  =   -114304.4203  EHBOND  =         0.0000  RESTRAINT  =       238.2252
 EAMBER (non-restraint)  =    -89910.6065
 EKCMT  =      7970.2015  VIRIAL  =      7886.8942  VOLUME     =    301484.7282
                                                    Density    =         1.0026
 ------------------------------------------------------------------------------

wrapping first mol.:       24.38874       34.49088       59.73996
wrapping first mol.:       24.38874       34.49088       59.73996

 NSTEP =     8000   TIME(PS) =     756.000  TEMP(K) =   297.56  PRESS =   100.0
 Etot   =    -71360.5312  EKtot   =     18086.6855  EPtot      =    -89447.2168
 BOND   =       565.9414  ANGLE   =      1634.8431  DIHED      =      2496.5496
 1-4 NB =       675.3557  1-4 EEL =      8376.8714  VDWAALS    =     10878.6804
 EELEC  =   -114317.6405  EHBOND  =         0.0000  RESTRAINT  =       242.1821
 EAMBER (non-restraint)  =    -89689.3989
 EKCMT  =      7940.3638  VIRIAL  =      7289.3089  VOLUME     =    301512.8843
                                                    Density    =         1.0025
 ------------------------------------------------------------------------------

wrapping first mol.:       24.39022       34.49298       59.74359
wrapping first mol.:       24.39022       34.49298       59.74359

 NSTEP =     8500   TIME(PS) =     757.000  TEMP(K) =   300.81  PRESS =  -106.8
 Etot   =    -71109.0424  EKtot   =     18284.6074  EPtot      =    -89393.6498
 BOND   =       564.0548  ANGLE   =      1543.1685  DIHED      =      2474.6217
 1-4 NB =       680.6704  1-4 EEL =      8314.5413  VDWAALS    =     10758.3328
 EELEC  =   -113975.6864  EHBOND  =         0.0000  RESTRAINT  =       246.6471
 EAMBER (non-restraint)  =    -89640.2969
 EKCMT  =      7971.2489  VIRIAL  =      8666.3531  VOLUME     =    301573.3745
                                                    Density    =         1.0023
 ------------------------------------------------------------------------------

wrapping first mol.:       24.39650       34.50187       59.75898
wrapping first mol.:       24.39650       34.50187       59.75898

 NSTEP =     9000   TIME(PS) =     758.000  TEMP(K) =   298.32  PRESS =    13.7
 Etot   =    -71233.6078  EKtot   =     18133.1230  EPtot      =    -89366.7308
 BOND   =       571.6553  ANGLE   =      1584.7151  DIHED      =      2464.4663
 1-4 NB =       657.1999  1-4 EEL =      8349.3764  VDWAALS    =     10701.9790
 EELEC  =   -113925.6904  EHBOND  =         0.0000  RESTRAINT  =       229.5676
 EAMBER (non-restraint)  =    -89596.2984
 EKCMT  =      7908.9780  VIRIAL  =      7819.5169  VOLUME     =    301803.2911
                                                    Density    =         1.0016
 ------------------------------------------------------------------------------

wrapping first mol.:       24.37156       34.46659       59.69787
wrapping first mol.:       24.37156       34.46659       59.69787

 NSTEP =     9500   TIME(PS) =     759.000  TEMP(K) =   302.55  PRESS =   133.2
 Etot   =    -71017.3443  EKtot   =     18390.5176  EPtot      =    -89407.8618
 BOND   =       576.2612  ANGLE   =      1571.1124  DIHED      =      2442.0305
 1-4 NB =       669.0962  1-4 EEL =      8347.1136  VDWAALS    =     10731.6886
 EELEC  =   -113977.0551  EHBOND  =         0.0000  RESTRAINT  =       231.8908
 EAMBER (non-restraint)  =    -89639.7526
 EKCMT  =      8050.1573  VIRIAL  =      7184.8010  VOLUME     =    300875.1909
                                                    Density    =         1.0047
 ------------------------------------------------------------------------------

wrapping first mol.:       24.36217       34.45330       59.67487
wrapping first mol.:       24.36217       34.45330       59.67487

 NSTEP =    10000   TIME(PS) =     760.000  TEMP(K) =   299.33  PRESS =  -168.0
 Etot   =    -71063.5418  EKtot   =     18194.5859  EPtot      =    -89258.1277
 BOND   =       583.7386  ANGLE   =      1558.6267  DIHED      =      2478.3292
 1-4 NB =       692.2714  1-4 EEL =      8377.3671  VDWAALS    =     10562.4815
 EELEC  =   -113753.7963  EHBOND  =         0.0000  RESTRAINT  =       242.8541
 EAMBER (non-restraint)  =    -89500.9818
 EKCMT  =      7974.7496  VIRIAL  =      9065.0822  VOLUME     =    300535.6167
                                                    Density    =         1.0058
 ------------------------------------------------------------------------------

wrapping first mol.:       24.35928       34.44922       59.66779
wrapping first mol.:       24.35928       34.44922       59.66779

 NSTEP =    10500   TIME(PS) =     761.000  TEMP(K) =   296.92  PRESS =  -145.8
 Etot   =    -71486.4468  EKtot   =     18048.1660  EPtot      =    -89534.6128
 BOND   =       592.5064  ANGLE   =      1649.1137  DIHED      =      2461.4115
 1-4 NB =       666.0584  1-4 EEL =      8344.6416  VDWAALS    =     10608.7767
 EELEC  =   -114113.1774  EHBOND  =         0.0000  RESTRAINT  =       256.0563
 EAMBER (non-restraint)  =    -89790.6691
 EKCMT  =      7954.1045  VIRIAL  =      8900.1616  VOLUME     =    300428.0462
                                                    Density    =         1.0062
 ------------------------------------------------------------------------------

wrapping first mol.:       24.37596       34.47281       59.70866
wrapping first mol.:       24.37596       34.47281       59.70866

 NSTEP =    11000   TIME(PS) =     762.000  TEMP(K) =   300.89  PRESS =    53.5
 Etot   =    -71245.0965  EKtot   =     18289.1777  EPtot      =    -89534.2743
 BOND   =       585.2409  ANGLE   =      1611.1871  DIHED      =      2460.4757
 1-4 NB =       656.7203  1-4 EEL =      8313.9944  VDWAALS    =     10688.7889
 EELEC  =   -114091.3896  EHBOND  =         0.0000  RESTRAINT  =       240.7080
 EAMBER (non-restraint)  =    -89774.9823
 EKCMT  =      8059.6781  VIRIAL  =      7711.9122  VOLUME     =    301040.5116
                                                    Density    =         1.0041
 ------------------------------------------------------------------------------

wrapping first mol.:       24.40591       34.51517       59.78202
wrapping first mol.:       24.40591       34.51517       59.78202

 NSTEP =    11500   TIME(PS) =     763.000  TEMP(K) =   299.61  PRESS =   -21.4
 Etot   =    -71354.2001  EKtot   =     18211.6113  EPtot      =    -89565.8114
 BOND   =       552.1866  ANGLE   =      1545.4144  DIHED      =      2443.1580
 1-4 NB =       676.6823  1-4 EEL =      8361.9312  VDWAALS    =     10766.7827
 EELEC  =   -114160.9103  EHBOND  =         0.0000  RESTRAINT  =       248.9436
 EAMBER (non-restraint)  =    -89814.7550
 EKCMT  =      7958.7910  VIRIAL  =      8098.5551  VOLUME     =    302153.5381
                                                    Density    =         1.0004
 ------------------------------------------------------------------------------

wrapping first mol.:       24.40227       34.51002       59.77311
wrapping first mol.:       24.40227       34.51002       59.77311

 NSTEP =    12000   TIME(PS) =     764.000  TEMP(K) =   299.42  PRESS =    58.5
 Etot   =    -71398.5455  EKtot   =     18200.1836  EPtot      =    -89598.7291
 BOND   =       560.4446  ANGLE   =      1556.7443  DIHED      =      2474.5183
 1-4 NB =       655.8075  1-4 EEL =      8379.1264  VDWAALS    =     10952.9597
 EELEC  =   -114412.3677  EHBOND  =         0.0000  RESTRAINT  =       234.0378
 EAMBER (non-restraint)  =    -89832.7668
 EKCMT  =      7949.7445  VIRIAL  =      7568.5648  VOLUME     =    302016.2381
                                                    Density    =         1.0009
 ------------------------------------------------------------------------------

wrapping first mol.:       24.38265       34.48227       59.72503
wrapping first mol.:       24.38265       34.48227       59.72503

 NSTEP =    12500   TIME(PS) =     765.000  TEMP(K) =   301.16  PRESS =    -6.6
 Etot   =    -71472.6012  EKtot   =     18305.8906  EPtot      =    -89778.4919
 BOND   =       567.0896  ANGLE   =      1649.7260  DIHED      =      2469.0083
 1-4 NB =       675.8565  1-4 EEL =      8335.1782  VDWAALS    =     10929.4149
 EELEC  =   -114660.9042  EHBOND  =         0.0000  RESTRAINT  =       256.1389
 EAMBER (non-restraint)  =    -90034.6308
 EKCMT  =      8015.2548  VIRIAL  =      8058.2493  VOLUME     =    301289.8211
                                                    Density    =         1.0033
 ------------------------------------------------------------------------------

wrapping first mol.:       24.37329       34.46903       59.70211
wrapping first mol.:       24.37329       34.46903       59.70211

 NSTEP =    13000   TIME(PS) =     766.000  TEMP(K) =   299.07  PRESS =    34.8
 Etot   =    -71095.1128  EKtot   =     18178.6211  EPtot      =    -89273.7339
 BOND   =       571.6327  ANGLE   =      1599.2238  DIHED      =      2483.4761
 1-4 NB =       687.4619  1-4 EEL =      8328.0116  VDWAALS    =     10679.5657
 EELEC  =   -113876.3642  EHBOND  =         0.0000  RESTRAINT  =       253.2585
 EAMBER (non-restraint)  =    -89526.9924
 EKCMT  =      7911.1483  VIRIAL  =      7684.7937  VOLUME     =    300941.9525
                                                    Density    =         1.0044
 ------------------------------------------------------------------------------

wrapping first mol.:       24.38278       34.48246       59.72537
wrapping first mol.:       24.38278       34.48246       59.72537

 NSTEP =    13500   TIME(PS) =     767.000  TEMP(K) =   299.80  PRESS =   -69.4
 Etot   =    -71319.3338  EKtot   =     18223.3438  EPtot      =    -89542.6775
 BOND   =       535.1473  ANGLE   =      1560.4725  DIHED      =      2461.2092
 1-4 NB =       680.1249  1-4 EEL =      8355.6356  VDWAALS    =     10776.9366
 EELEC  =   -114168.8477  EHBOND  =         0.0000  RESTRAINT  =       256.6441
 EAMBER (non-restraint)  =    -89799.3216
 EKCMT  =      7898.7492  VIRIAL  =      8350.3524  VOLUME     =    301296.6472
                                                    Density    =         1.0033
 ------------------------------------------------------------------------------

wrapping first mol.:       24.39045       34.49330       59.74415
wrapping first mol.:       24.39045       34.49330       59.74415

 NSTEP =    14000   TIME(PS) =     768.000  TEMP(K) =   297.60  PRESS =   165.4
 Etot   =    -71405.1702  EKtot   =     18089.2559  EPtot      =    -89494.4260
 BOND   =       596.0526  ANGLE   =      1525.5271  DIHED      =      2456.9832
 1-4 NB =       673.3296  1-4 EEL =      8352.1555  VDWAALS    =     11002.9974
 EELEC  =   -114340.4955  EHBOND  =         0.0000  RESTRAINT  =       239.0240
 EAMBER (non-restraint)  =    -89733.4500
 EKCMT  =      7986.8535  VIRIAL  =      6909.6838  VOLUME     =    301574.5501
                                                    Density    =         1.0023
 ------------------------------------------------------------------------------

wrapping first mol.:       24.37751       34.47501       59.71246
wrapping first mol.:       24.37751       34.47501       59.71246

 NSTEP =    14500   TIME(PS) =     769.000  TEMP(K) =   298.40  PRESS =  -204.1
 Etot   =    -71438.5913  EKtot   =     18138.1152  EPtot      =    -89576.7066
 BOND   =       538.2999  ANGLE   =      1580.5292  DIHED      =      2469.1037
 1-4 NB =       699.6249  1-4 EEL =      8364.9699  VDWAALS    =     10434.8771
 EELEC  =   -113907.9251  EHBOND  =         0.0000  RESTRAINT  =       243.8138
 EAMBER (non-restraint)  =    -89820.5204
 EKCMT  =      7843.7983  VIRIAL  =      9170.9388  VOLUME     =    301104.9196
                                                    Density    =         1.0039
 ------------------------------------------------------------------------------

wrapping first mol.:       24.36839       34.46211       59.69012
wrapping first mol.:       24.36839       34.46211       59.69012

 NSTEP =    15000   TIME(PS) =     770.000  TEMP(K) =   299.66  PRESS =   -47.9
 Etot   =    -71359.3470  EKtot   =     18214.3633  EPtot      =    -89573.7103
 BOND   =       574.3244  ANGLE   =      1579.8727  DIHED      =      2484.1623
 1-4 NB =       696.0054  1-4 EEL =      8347.7929  VDWAALS    =     10642.3513
 EELEC  =   -114130.6507  EHBOND  =         0.0000  RESTRAINT  =       232.4314
 EAMBER (non-restraint)  =    -89806.1416
 EKCMT  =      7985.1201  VIRIAL  =      8296.3996  VOLUME     =    300762.8251
                                                    Density    =         1.0050
 ------------------------------------------------------------------------------

wrapping first mol.:       24.37256       34.46801       59.70034
wrapping first mol.:       24.37256       34.46801       59.70034

 NSTEP =    15500   TIME(PS) =     771.000  TEMP(K) =   299.45  PRESS =   -11.3
 Etot   =    -71429.9962  EKtot   =     18202.0527  EPtot      =    -89632.0489
 BOND   =       584.8321  ANGLE   =      1606.9540  DIHED      =      2457.5426
 1-4 NB =       678.6960  1-4 EEL =      8329.7407  VDWAALS    =     10827.3747
 EELEC  =   -114367.1796  EHBOND  =         0.0000  RESTRAINT  =       249.9905
 EAMBER (non-restraint)  =    -89882.0395
 EKCMT  =      8036.8019  VIRIAL  =      8110.0153  VOLUME     =    300916.3322
                                                    Density    =         1.0045
 ------------------------------------------------------------------------------

wrapping first mol.:       24.37890       34.47697       59.71586
wrapping first mol.:       24.37890       34.47697       59.71586

 NSTEP =    16000   TIME(PS) =     772.000  TEMP(K) =   301.15  PRESS =   -78.2
 Etot   =    -71253.0539  EKtot   =     18305.4102  EPtot      =    -89558.4641
 BOND   =       563.4981  ANGLE   =      1587.9267  DIHED      =      2434.8456
 1-4 NB =       672.0125  1-4 EEL =      8337.1778  VDWAALS    =     10671.7432
 EELEC  =   -114060.4464  EHBOND  =         0.0000  RESTRAINT  =       234.7784
 EAMBER (non-restraint)  =    -89793.2425
 EKCMT  =      8005.5115  VIRIAL  =      8514.2984  VOLUME     =    301152.8697
                                                    Density    =         1.0037
 ------------------------------------------------------------------------------

wrapping first mol.:       24.36800       34.46156       59.68916
wrapping first mol.:       24.36800       34.46156       59.68916

 NSTEP =    16500   TIME(PS) =     773.000  TEMP(K) =   298.82  PRESS =   -32.6
 Etot   =    -71221.7812  EKtot   =     18163.3809  EPtot      =    -89385.1620
 BOND   =       548.6746  ANGLE   =      1535.8889  DIHED      =      2454.9975
 1-4 NB =       697.2561  1-4 EEL =      8358.7040  VDWAALS    =     10661.4315
 EELEC  =   -113873.8720  EHBOND  =         0.0000  RESTRAINT  =       231.7575
 EAMBER (non-restraint)  =    -89616.9195
 EKCMT  =      8008.8412  VIRIAL  =      8220.6538  VOLUME     =    300747.9889
                                                    Density    =         1.0051
 ------------------------------------------------------------------------------

wrapping first mol.:       24.38238       34.48189       59.72439
wrapping first mol.:       24.38238       34.48189       59.72439

 NSTEP =    17000   TIME(PS) =     774.000  TEMP(K) =   301.94  PRESS =    50.1
 Etot   =    -70846.3759  EKtot   =     18352.9707  EPtot      =    -89199.3466
 BOND   =       594.4338  ANGLE   =      1577.6375  DIHED      =      2459.1618
 1-4 NB =       664.6659  1-4 EEL =      8384.0098  VDWAALS    =     10699.0042
 EELEC  =   -113812.0671  EHBOND  =         0.0000  RESTRAINT  =       233.8074
 EAMBER (non-restraint)  =    -89433.1541
 EKCMT  =      8052.4560  VIRIAL  =      7726.6937  VOLUME     =    301278.5346
                                                    Density    =         1.0033
 ------------------------------------------------------------------------------

wrapping first mol.:       24.38718       34.48867       59.73613
wrapping first mol.:       24.38718       34.48867       59.73613

 NSTEP =    17500   TIME(PS) =     775.000  TEMP(K) =   298.86  PRESS =   157.9
 Etot   =    -71243.6338  EKtot   =     18165.9629  EPtot      =    -89409.5967
 BOND   =       547.9613  ANGLE   =      1578.0487  DIHED      =      2454.4061
 1-4 NB =       681.3876  1-4 EEL =      8364.2179  VDWAALS    =     10781.5518
 EELEC  =   -114052.4213  EHBOND  =         0.0000  RESTRAINT  =       235.2511
 EAMBER (non-restraint)  =    -89644.8478
 EKCMT  =      7948.1712  VIRIAL  =      6920.6548  VOLUME     =    301453.3648
                                                    Density    =         1.0027
 ------------------------------------------------------------------------------

wrapping first mol.:       24.40206       34.50973       59.77260
wrapping first mol.:       24.40206       34.50973       59.77260

 NSTEP =    18000   TIME(PS) =     776.000  TEMP(K) =   301.91  PRESS =   175.9
 Etot   =    -71059.4340  EKtot   =     18351.0684  EPtot      =    -89410.5023
 BOND   =       530.5886  ANGLE   =      1532.7534  DIHED      =      2449.6132
 1-4 NB =       676.7189  1-4 EEL =      8369.9209  VDWAALS    =     10785.0425
 EELEC  =   -113995.8706  EHBOND  =         0.0000  RESTRAINT  =       240.7307
 EAMBER (non-restraint)  =    -89651.2331
 EKCMT  =      8096.0390  VIRIAL  =      6948.7831  VOLUME     =    302005.3454
                                                    Density    =         1.0009
 ------------------------------------------------------------------------------

wrapping first mol.:       24.38591       34.48689       59.73304
wrapping first mol.:       24.38591       34.48689       59.73304

 NSTEP =    18500   TIME(PS) =     777.000  TEMP(K) =   300.76  PRESS =  -100.9
 Etot   =    -71391.1887  EKtot   =     18281.1680  EPtot      =    -89672.3566
 BOND   =       578.1719  ANGLE   =      1565.9861  DIHED      =      2449.9529
 1-4 NB =       660.3541  1-4 EEL =      8323.6452  VDWAALS    =     10605.3501
 EELEC  =   -114100.8154  EHBOND  =         0.0000  RESTRAINT  =       244.9984
 EAMBER (non-restraint)  =    -89917.3551
 EKCMT  =      7973.4625  VIRIAL  =      8630.0002  VOLUME     =    301413.5213
                                                    Density    =         1.0029
 ------------------------------------------------------------------------------

wrapping first mol.:       24.39155       34.49486       59.74684
wrapping first mol.:       24.39155       34.49486       59.74684

 NSTEP =    19000   TIME(PS) =     778.000  TEMP(K) =   299.18  PRESS =     7.9
 Etot   =    -71107.6844  EKtot   =     18185.2012  EPtot      =    -89292.8856
 BOND   =       584.4650  ANGLE   =      1549.6479  DIHED      =      2456.5601
 1-4 NB =       675.9038  1-4 EEL =      8377.1653  VDWAALS    =     10645.2847
 EELEC  =   -113840.3333  EHBOND  =         0.0000  RESTRAINT  =       258.4210
 EAMBER (non-restraint)  =    -89551.3066
 EKCMT  =      7971.7225  VIRIAL  =      7919.9635  VOLUME     =    301619.6170
                                                    Density    =         1.0022
 ------------------------------------------------------------------------------

wrapping first mol.:       24.38134       34.48042       59.72183
wrapping first mol.:       24.38134       34.48042       59.72183

 NSTEP =    19500   TIME(PS) =     779.000  TEMP(K) =   298.72  PRESS =   -79.2
 Etot   =    -71345.3498  EKtot   =     18157.1895  EPtot      =    -89502.5392
 BOND   =       513.2858  ANGLE   =      1575.0227  DIHED      =      2471.2921
 1-4 NB =       667.0328  1-4 EEL =      8329.6285  VDWAALS    =     10618.0388
 EELEC  =   -113914.2022  EHBOND  =         0.0000  RESTRAINT  =       237.3623
 EAMBER (non-restraint)  =    -89739.9016
 EKCMT  =      7931.6488  VIRIAL  =      8446.6447  VOLUME     =    301243.3094
                                                    Density    =         1.0034
 ------------------------------------------------------------------------------

wrapping first mol.:       24.37076       34.46546       59.69593
wrapping first mol.:       24.37076       34.46546       59.69593

 NSTEP =    20000   TIME(PS) =     780.000  TEMP(K) =   301.82  PRESS =    54.5
 Etot   =    -71131.7086  EKtot   =     18346.0254  EPtot      =    -89477.7340
 BOND   =       617.4670  ANGLE   =      1530.3746  DIHED      =      2442.2553
 1-4 NB =       661.3866  1-4 EEL =      8372.4726  VDWAALS    =     10772.3145
 EELEC  =   -114126.4578  EHBOND  =         0.0000  RESTRAINT  =       252.4531
 EAMBER (non-restraint)  =    -89730.1871
 EKCMT  =      8042.5878  VIRIAL  =      7688.3558  VOLUME     =    300847.9340
                                                    Density    =         1.0047
 ------------------------------------------------------------------------------

wrapping first mol.:       24.36011       34.45040       59.66984
wrapping first mol.:       24.36011       34.45040       59.66984

 NSTEP =    20500   TIME(PS) =     781.000  TEMP(K) =   302.16  PRESS =    75.1
 Etot   =    -71087.3259  EKtot   =     18366.3242  EPtot      =    -89453.6501
 BOND   =       555.0780  ANGLE   =      1573.0669  DIHED      =      2463.3917
 1-4 NB =       673.6294  1-4 EEL =      8380.1625  VDWAALS    =     10865.2094
 EELEC  =   -114211.4395  EHBOND  =         0.0000  RESTRAINT  =       247.2514
 EAMBER (non-restraint)  =    -89700.9015
 EKCMT  =      8006.3314  VIRIAL  =      7519.0840  VOLUME     =    300453.0627
                                                    Density    =         1.0061
 ------------------------------------------------------------------------------

wrapping first mol.:       24.36363       34.45538       59.67847
wrapping first mol.:       24.36363       34.45538       59.67847

 NSTEP =    21000   TIME(PS) =     782.000  TEMP(K) =   302.32  PRESS =  -259.3
 Etot   =    -71135.6155  EKtot   =     18376.2734  EPtot      =    -89511.8890
 BOND   =       594.6733  ANGLE   =      1617.4466  DIHED      =      2467.6616
 1-4 NB =       688.7624  1-4 EEL =      8313.8880  VDWAALS    =     10675.3392
 EELEC  =   -114114.5286  EHBOND  =         0.0000  RESTRAINT  =       244.8687
 EAMBER (non-restraint)  =    -89756.7576
 EKCMT  =      7950.8576  VIRIAL  =      9633.7684  VOLUME     =    300592.3873
                                                    Density    =         1.0056
 ------------------------------------------------------------------------------

wrapping first mol.:       24.38006       34.47861       59.71870
wrapping first mol.:       24.38006       34.47861       59.71870

 NSTEP =    21500   TIME(PS) =     783.000  TEMP(K) =   302.81  PRESS =   238.6
 Etot   =    -70958.3085  EKtot   =     18406.3008  EPtot      =    -89364.6093
 BOND   =       542.1039  ANGLE   =      1570.7305  DIHED      =      2442.8755
 1-4 NB =       688.9440  1-4 EEL =      8384.1783  VDWAALS    =     10729.0068
 EELEC  =   -113966.5391  EHBOND  =         0.0000  RESTRAINT  =       244.0908
 EAMBER (non-restraint)  =    -89608.7001
 EKCMT  =      8137.2396  VIRIAL  =      6585.8284  VOLUME     =    301187.3297
                                                    Density    =         1.0036
 ------------------------------------------------------------------------------

wrapping first mol.:       24.39036       34.49317       59.74392
wrapping first mol.:       24.39036       34.49317       59.74392

 NSTEP =    22000   TIME(PS) =     784.000  TEMP(K) =   299.96  PRESS =   209.2
 Etot   =    -71024.0855  EKtot   =     18232.5879  EPtot      =    -89256.6734
 BOND   =       533.8165  ANGLE   =      1578.6567  DIHED      =      2446.2627
 1-4 NB =       681.5050  1-4 EEL =      8362.4950  VDWAALS    =     10769.7153
 EELEC  =   -113876.2020  EHBOND  =         0.0000  RESTRAINT  =       247.0774
 EAMBER (non-restraint)  =    -89503.7508
 EKCMT  =      7911.1419  VIRIAL  =      6548.7144  VOLUME     =    301569.9790
                                                    Density    =         1.0023
 ------------------------------------------------------------------------------

wrapping first mol.:       24.39991       34.50668       59.76733
wrapping first mol.:       24.39991       34.50668       59.76733

 NSTEP =    22500   TIME(PS) =     785.000  TEMP(K) =   300.90  PRESS =    23.1
 Etot   =    -71128.3554  EKtot   =     18289.9277  EPtot      =    -89418.2832
 BOND   =       565.7750  ANGLE   =      1546.9362  DIHED      =      2447.9041
 1-4 NB =       684.7786  1-4 EEL =      8366.2408  VDWAALS    =     10782.2600
 EELEC  =   -114071.9930  EHBOND  =         0.0000  RESTRAINT  =       259.8152
 EAMBER (non-restraint)  =    -89678.0984
 EKCMT  =      7940.9021  VIRIAL  =      7790.3741  VOLUME     =    301929.5305
                                                    Density    =         1.0011
 ------------------------------------------------------------------------------

wrapping first mol.:       24.40269       34.51062       59.77414
wrapping first mol.:       24.40269       34.51062       59.77414

 NSTEP =    23000   TIME(PS) =     786.000  TEMP(K) =   301.60  PRESS =   105.5
 Etot   =    -70996.7089  EKtot   =     18332.2520  EPtot      =    -89328.9609
 BOND   =       563.7375  ANGLE   =      1556.0245  DIHED      =      2456.5463
 1-4 NB =       667.6000  1-4 EEL =      8394.5318  VDWAALS    =     10759.6579
 EELEC  =   -113956.4300  EHBOND  =         0.0000  RESTRAINT  =       229.3709
 EAMBER (non-restraint)  =    -89558.3318
 EKCMT  =      8065.2907  VIRIAL  =      7377.5845  VOLUME     =    302030.5657
                                                    Density    =         1.0008
 ------------------------------------------------------------------------------

wrapping first mol.:       24.39320       34.49720       59.75089
wrapping first mol.:       24.39320       34.49720       59.75089

 NSTEP =    23500   TIME(PS) =     787.000  TEMP(K) =   300.85  PRESS =  -252.1
 Etot   =    -70955.5148  EKtot   =     18287.2324  EPtot      =    -89242.7472
 BOND   =       570.7338  ANGLE   =      1567.5624  DIHED      =      2458.9317
 1-4 NB =       680.4899  1-4 EEL =      8399.2992  VDWAALS    =     10495.6731
 EELEC  =   -113679.4274  EHBOND  =         0.0000  RESTRAINT  =       263.9900
 EAMBER (non-restraint)  =    -89506.7372
 EKCMT  =      8064.4238  VIRIAL  =      9706.6207  VOLUME     =    301687.9047
                                                    Density    =         1.0019
 ------------------------------------------------------------------------------

wrapping first mol.:       24.38504       34.48566       59.73090
wrapping first mol.:       24.38504       34.48566       59.73090

 NSTEP =    24000   TIME(PS) =     788.000  TEMP(K) =   299.38  PRESS =    90.7
 Etot   =    -71229.7971  EKtot   =     18197.7520  EPtot      =    -89427.5491
 BOND   =       553.6064  ANGLE   =      1542.3680  DIHED      =      2462.3463
 1-4 NB =       680.9103  1-4 EEL =      8376.0356  VDWAALS    =     10747.9293
 EELEC  =   -114062.0330  EHBOND  =         0.0000  RESTRAINT  =       271.2879
 EAMBER (non-restraint)  =    -89698.8370
 EKCMT  =      7939.4420  VIRIAL  =      7349.3137  VOLUME     =    301376.0356
                                                    Density    =         1.0030
 ------------------------------------------------------------------------------

wrapping first mol.:       24.39068       34.49363       59.74471
wrapping first mol.:       24.39068       34.49363       59.74471

 NSTEP =    24500   TIME(PS) =     789.000  TEMP(K) =   302.24  PRESS =    47.7
 Etot   =    -70892.8919  EKtot   =     18371.3789  EPtot      =    -89264.2708
 BOND   =       591.8648  ANGLE   =      1557.6332  DIHED      =      2452.2593
 1-4 NB =       680.0986  1-4 EEL =      8361.3830  VDWAALS    =     10683.9356
 EELEC  =   -113840.5097  EHBOND  =         0.0000  RESTRAINT  =       249.0646
 EAMBER (non-restraint)  =    -89513.3354
 EKCMT  =      8037.1003  VIRIAL  =      7726.3366  VOLUME     =    301586.2891
                                                    Density    =         1.0023
 ------------------------------------------------------------------------------

wrapping first mol.:       24.37783       34.47546       59.71325
wrapping first mol.:       24.37783       34.47546       59.71325

 NSTEP =    25000   TIME(PS) =     790.000  TEMP(K) =   298.54  PRESS =   198.2
 Etot   =    -71342.2789  EKtot   =     18146.2500  EPtot      =    -89488.5289
 BOND   =       555.9846  ANGLE   =      1579.0916  DIHED      =      2475.4064
 1-4 NB =       681.4368  1-4 EEL =      8355.5709  VDWAALS    =     10955.6175
 EELEC  =   -114342.5823  EHBOND  =         0.0000  RESTRAINT  =       250.9456
 EAMBER (non-restraint)  =    -89739.4745
 EKCMT  =      7979.6051  VIRIAL  =      6690.8436  VOLUME     =    301106.0197
                                                    Density    =         1.0039
 ------------------------------------------------------------------------------

wrapping first mol.:       24.37166       34.46673       59.69812
wrapping first mol.:       24.37166       34.46673       59.69812

 NSTEP =    25500   TIME(PS) =     791.000  TEMP(K) =   299.80  PRESS =   -31.5
 Etot   =    -71005.6850  EKtot   =     18222.8516  EPtot      =    -89228.5366
 BOND   =       563.7942  ANGLE   =      1568.3818  DIHED      =      2465.9779
 1-4 NB =       673.7418  1-4 EEL =      8407.9841  VDWAALS    =     10661.1726
 EELEC  =   -113818.7757  EHBOND  =         0.0000  RESTRAINT  =       249.1866
 EAMBER (non-restraint)  =    -89477.7232
 EKCMT  =      7968.5745  VIRIAL  =      8173.0269  VOLUME     =    300883.4148
                                                    Density    =         1.0046
 ------------------------------------------------------------------------------

wrapping first mol.:       24.37892       34.47700       59.71590
wrapping first mol.:       24.37892       34.47700       59.71590

 NSTEP =    26000   TIME(PS) =     792.000  TEMP(K) =   298.85  PRESS =   -77.6
 Etot   =    -71314.2604  EKtot   =     18165.3496  EPtot      =    -89479.6100
 BOND   =       620.0995  ANGLE   =      1560.8938  DIHED      =      2480.0102
 1-4 NB =       683.5533  1-4 EEL =      8307.9858  VDWAALS    =     10802.8936
 EELEC  =   -114167.7135  EHBOND  =         0.0000  RESTRAINT  =       232.6673
 EAMBER (non-restraint)  =    -89712.2773
 EKCMT  =      7907.7096  VIRIAL  =      8412.4949  VOLUME     =    301153.5851
                                                    Density    =         1.0037
 ------------------------------------------------------------------------------

wrapping first mol.:       24.38961       34.49212       59.74210
wrapping first mol.:       24.38961       34.49212       59.74210

 NSTEP =    26500   TIME(PS) =     793.000  TEMP(K) =   299.75  PRESS =   193.7
 Etot   =    -71085.5986  EKtot   =     18219.8711  EPtot      =    -89305.4697
 BOND   =       570.6085  ANGLE   =      1611.8154  DIHED      =      2477.0456
 1-4 NB =       690.8767  1-4 EEL =      8389.6430  VDWAALS    =     10887.4955
 EELEC  =   -114191.7461  EHBOND  =         0.0000  RESTRAINT  =       258.7917
 EAMBER (non-restraint)  =    -89564.2613
 EKCMT  =      7956.7260  VIRIAL  =      6695.9160  VOLUME     =    301542.7842
                                                    Density    =         1.0024
 ------------------------------------------------------------------------------

wrapping first mol.:       24.37763       34.47517       59.71275
wrapping first mol.:       24.37763       34.47517       59.71275

 NSTEP =    27000   TIME(PS) =     794.000  TEMP(K) =   301.15  PRESS =  -235.1
 Etot   =    -71232.6396  EKtot   =     18304.9258  EPtot      =    -89537.5654
 BOND   =       544.6808  ANGLE   =      1605.4413  DIHED      =      2436.4825
 1-4 NB =       681.3731  1-4 EEL =      8384.8174  VDWAALS    =     10585.1490
 EELEC  =   -114020.8381  EHBOND  =         0.0000  RESTRAINT  =       245.3286
 EAMBER (non-restraint)  =    -89782.8940
 EKCMT  =      7998.3519  VIRIAL  =      9526.6954  VOLUME     =    301110.0750
                                                    Density    =         1.0039
 ------------------------------------------------------------------------------

wrapping first mol.:       24.36620       34.45902       59.68476
wrapping first mol.:       24.36620       34.45902       59.68476

 NSTEP =    27500   TIME(PS) =     795.000  TEMP(K) =   300.24  PRESS =  -146.9
 Etot   =    -71255.7534  EKtot   =     18249.6426  EPtot      =    -89505.3960
 BOND   =       579.7638  ANGLE   =      1568.2003  DIHED      =      2466.6695
 1-4 NB =       660.2912  1-4 EEL =      8317.6535  VDWAALS    =     10497.9302
 EELEC  =   -113847.0050  EHBOND  =         0.0000  RESTRAINT  =       251.1007
 EAMBER (non-restraint)  =    -89756.4966
 EKCMT  =      7989.2274  VIRIAL  =      8943.2107  VOLUME     =    300684.5048
                                                    Density    =         1.0053
 ------------------------------------------------------------------------------

wrapping first mol.:       24.36226       34.45343       59.67509
wrapping first mol.:       24.36226       34.45343       59.67509

 NSTEP =    28000   TIME(PS) =     796.000  TEMP(K) =   300.41  PRESS =     5.9
 Etot   =    -71282.0869  EKtot   =     18260.1152  EPtot      =    -89542.2021
 BOND   =       556.8725  ANGLE   =      1569.5532  DIHED      =      2429.4868
 1-4 NB =       678.6920  1-4 EEL =      8387.2435  VDWAALS    =     10754.4396
 EELEC  =   -114147.5936  EHBOND  =         0.0000  RESTRAINT  =       229.1039
 EAMBER (non-restraint)  =    -89771.3060
 EKCMT  =      7920.9288  VIRIAL  =      7882.6260  VOLUME     =    300534.2683
                                                    Density    =         1.0058
 ------------------------------------------------------------------------------

wrapping first mol.:       24.37960       34.47796       59.71757
wrapping first mol.:       24.37960       34.47796       59.71757

 NSTEP =    28500   TIME(PS) =     797.000  TEMP(K) =   302.58  PRESS =     1.7
 Etot   =    -70978.1106  EKtot   =     18391.9062  EPtot      =    -89370.0168
 BOND   =       575.8339  ANGLE   =      1538.3334  DIHED      =      2457.7739
 1-4 NB =       674.9264  1-4 EEL =      8334.7145  VDWAALS    =     10653.7817
 EELEC  =   -113835.9533  EHBOND  =         0.0000  RESTRAINT  =       230.5727
 EAMBER (non-restraint)  =    -89600.5895
 EKCMT  =      7980.4237  VIRIAL  =      7969.5564  VOLUME     =    301176.6250
                                                    Density    =         1.0037
 ------------------------------------------------------------------------------

wrapping first mol.:       24.36467       34.45684       59.68100
wrapping first mol.:       24.36467       34.45684       59.68100

 NSTEP =    29000   TIME(PS) =     798.000  TEMP(K) =   301.45  PRESS =   182.1
 Etot   =    -71238.5024  EKtot   =     18323.1250  EPtot      =    -89561.6274
 BOND   =       551.8200  ANGLE   =      1569.3078  DIHED      =      2477.5208
 1-4 NB =       667.8648  1-4 EEL =      8358.2401  VDWAALS    =     10639.7323
 EELEC  =   -114073.7005  EHBOND  =         0.0000  RESTRAINT  =       247.5872
 EAMBER (non-restraint)  =    -89809.2146
 EKCMT  =      8077.7810  VIRIAL  =      6895.6002  VOLUME     =    300618.8002
                                                    Density    =         1.0055
 ------------------------------------------------------------------------------

wrapping first mol.:       24.37074       34.46543       59.69588
wrapping first mol.:       24.37074       34.46543       59.69588

 NSTEP =    29500   TIME(PS) =     799.000  TEMP(K) =   302.25  PRESS =   -34.1
 Etot   =    -71064.8903  EKtot   =     18372.2148  EPtot      =    -89437.1051
 BOND   =       581.6190  ANGLE   =      1561.0356  DIHED      =      2444.4241
 1-4 NB =       666.6612  1-4 EEL =      8376.9611  VDWAALS    =     10788.2896
 EELEC  =   -114102.6660  EHBOND  =         0.0000  RESTRAINT  =       246.5703
 EAMBER (non-restraint)  =    -89683.6754
 EKCMT  =      8023.0138  VIRIAL  =      8244.6930  VOLUME     =    300849.5310
                                                    Density    =         1.0047
 ------------------------------------------------------------------------------

wrapping first mol.:       24.35919       34.44909       59.66757
wrapping first mol.:       24.35919       34.44909       59.66757

 NSTEP =    30000   TIME(PS) =     800.000  TEMP(K) =   300.41  PRESS =  -212.9
 Etot   =    -71493.3358  EKtot   =     18259.8867  EPtot      =    -89753.2225
 BOND   =       531.4486  ANGLE   =      1556.8533  DIHED      =      2487.0302
 1-4 NB =       697.8683  1-4 EEL =      8354.7612  VDWAALS    =     10758.3075
 EELEC  =   -114391.9221  EHBOND  =         0.0000  RESTRAINT  =       252.4307
 EAMBER (non-restraint)  =    -90005.6532
 EKCMT  =      8019.3060  VIRIAL  =      9400.2605  VOLUME     =    300426.6032
                                                    Density    =         1.0062
 ------------------------------------------------------------------------------

wrapping first mol.:       24.35908       34.44894       59.66731
wrapping first mol.:       24.35908       34.44894       59.66731

 NSTEP =    30500   TIME(PS) =     801.000  TEMP(K) =   301.76  PRESS =   -27.7
 Etot   =    -71002.1416  EKtot   =     18342.1875  EPtot      =    -89344.3291
 BOND   =       570.3840  ANGLE   =      1554.5340  DIHED      =      2463.4390
 1-4 NB =       689.5184  1-4 EEL =      8396.8972  VDWAALS    =     10588.1933
 EELEC  =   -113845.0395  EHBOND  =         0.0000  RESTRAINT  =       237.7445
 EAMBER (non-restraint)  =    -89582.0737
 EKCMT  =      8089.6717  VIRIAL  =      8269.3321  VOLUME     =    300417.6594
                                                    Density    =         1.0062
 ------------------------------------------------------------------------------

wrapping first mol.:       24.34931       34.43513       59.64339
wrapping first mol.:       24.34931       34.43513       59.64339

 NSTEP =    31000   TIME(PS) =     802.000  TEMP(K) =   298.95  PRESS =    90.5
 Etot   =    -71295.2571  EKtot   =     18171.4941  EPtot      =    -89466.7512
 BOND   =       547.1274  ANGLE   =      1544.7893  DIHED      =      2449.7004
 1-4 NB =       672.8359  1-4 EEL =      8377.5413  VDWAALS    =     10658.4801
 EELEC  =   -113968.0647  EHBOND  =         0.0000  RESTRAINT  =       250.8391
 EAMBER (non-restraint)  =    -89717.5904
 EKCMT  =      7917.1714  VIRIAL  =      7330.6427  VOLUME     =    300053.2921
                                                    Density    =         1.0074
 ------------------------------------------------------------------------------

wrapping first mol.:       24.35532       34.44362       59.65810
wrapping first mol.:       24.35532       34.44362       59.65810

 NSTEP =    31500   TIME(PS) =     803.000  TEMP(K) =   300.99  PRESS =  -112.2
 Etot   =    -71009.8374  EKtot   =     18295.2930  EPtot      =    -89305.1304
 BOND   =       557.5499  ANGLE   =      1529.0606  DIHED      =      2473.9920
 1-4 NB =       678.3639  1-4 EEL =      8357.1000  VDWAALS    =     10705.9067
 EELEC  =   -113860.7155  EHBOND  =         0.0000  RESTRAINT  =       253.6120
 EAMBER (non-restraint)  =    -89558.7424
 EKCMT  =      7996.1784  VIRIAL  =      8723.3769  VOLUME     =    300280.8241
                                                    Density    =         1.0066
 ------------------------------------------------------------------------------

wrapping first mol.:       24.37145       34.46643       59.69761
wrapping first mol.:       24.37145       34.46643       59.69761

 NSTEP =    32000   TIME(PS) =     804.000  TEMP(K) =   301.89  PRESS =   131.7
 Etot   =    -71010.5072  EKtot   =     18349.9414  EPtot      =    -89360.4486
 BOND   =       564.5636  ANGLE   =      1577.9356  DIHED      =      2442.7728
 1-4 NB =       665.2536  1-4 EEL =      8319.9527  VDWAALS    =     10727.4756
 EELEC  =   -113895.4249  EHBOND  =         0.0000  RESTRAINT  =       237.0225
 EAMBER (non-restraint)  =    -89597.4711
 EKCMT  =      8031.7489  VIRIAL  =      7176.4416  VOLUME     =    300871.2934
                                                    Density    =         1.0047
 ------------------------------------------------------------------------------

wrapping first mol.:       24.37590       34.47273       59.70852
wrapping first mol.:       24.37590       34.47273       59.70852

 NSTEP =    32500   TIME(PS) =     805.000  TEMP(K) =   299.07  PRESS =    68.2
 Etot   =    -71580.5801  EKtot   =     18179.0117  EPtot      =    -89759.5918
 BOND   =       581.3718  ANGLE   =      1564.8677  DIHED      =      2457.4350
 1-4 NB =       683.4156  1-4 EEL =      8391.3504  VDWAALS    =     10743.1239
 EELEC  =   -114440.8568  EHBOND  =         0.0000  RESTRAINT  =       259.7006
 EAMBER (non-restraint)  =    -90019.2924
 EKCMT  =      7899.5861  VIRIAL  =      7456.2211  VOLUME     =    301038.0045
                                                    Density    =         1.0041
 ------------------------------------------------------------------------------

wrapping first mol.:       24.37021       34.46468       59.69458
wrapping first mol.:       24.37021       34.46468       59.69458

 NSTEP =    33000   TIME(PS) =     806.000  TEMP(K) =   300.43  PRESS =    56.8
 Etot   =    -71357.6651  EKtot   =     18261.4062  EPtot      =    -89619.0713
 BOND   =       565.7002  ANGLE   =      1541.7549  DIHED      =      2453.6902
 1-4 NB =       693.7079  1-4 EEL =      8323.9810  VDWAALS    =     10885.7497
 EELEC  =   -114320.1581  EHBOND  =         0.0000  RESTRAINT  =       236.5028
 EAMBER (non-restraint)  =    -89855.5742
 EKCMT  =      7967.0261  VIRIAL  =      7598.4051  VOLUME     =    300827.4302
                                                    Density    =         1.0048
 ------------------------------------------------------------------------------

wrapping first mol.:       24.37733       34.47475       59.71201
wrapping first mol.:       24.37733       34.47475       59.71201

 NSTEP =    33500   TIME(PS) =     807.000  TEMP(K) =   298.05  PRESS =   -94.0
 Etot   =    -71328.6180  EKtot   =     18116.6113  EPtot      =    -89445.2293
 BOND   =       582.8909  ANGLE   =      1538.2028  DIHED      =      2459.0539
 1-4 NB =       662.9324  1-4 EEL =      8339.5085  VDWAALS    =     10726.9743
 EELEC  =   -113994.7978  EHBOND  =         0.0000  RESTRAINT  =       240.0058
 EAMBER (non-restraint)  =    -89685.2351
 EKCMT  =      7930.9489  VIRIAL  =      8541.7513  VOLUME     =    301095.0938
                                                    Density    =         1.0039
 ------------------------------------------------------------------------------

wrapping first mol.:       24.37961       34.47797       59.71759
wrapping first mol.:       24.37961       34.47797       59.71759

 NSTEP =    34000   TIME(PS) =     808.000  TEMP(K) =   300.69  PRESS =    65.1
 Etot   =    -71181.2085  EKtot   =     18277.0508  EPtot      =    -89458.2593
 BOND   =       567.8895  ANGLE   =      1598.4775  DIHED      =      2450.7089
 1-4 NB =       668.0331  1-4 EEL =      8298.0812  VDWAALS    =     10788.2345
 EELEC  =   -114065.9774  EHBOND  =         0.0000  RESTRAINT  =       236.2934
 EAMBER (non-restraint)  =    -89694.5527
 EKCMT  =      7937.0036  VIRIAL  =      7513.4983  VOLUME     =    301175.3178
                                                    Density    =         1.0037
 ------------------------------------------------------------------------------

wrapping first mol.:       24.36680       34.45985       59.68621
wrapping first mol.:       24.36680       34.45985       59.68621

 NSTEP =    34500   TIME(PS) =     809.000  TEMP(K) =   302.27  PRESS =    94.3
 Etot   =    -71238.3411  EKtot   =     18373.2930  EPtot      =    -89611.6341
 BOND   =       553.1751  ANGLE   =      1547.4053  DIHED      =      2453.0575
 1-4 NB =       674.7303  1-4 EEL =      8380.5202  VDWAALS    =     10931.4923
 EELEC  =   -114402.8984  EHBOND  =         0.0000  RESTRAINT  =       250.8835
 EAMBER (non-restraint)  =    -89862.5176
 EKCMT  =      8109.0418  VIRIAL  =      7496.7821  VOLUME     =    300699.9329
                                                    Density    =         1.0052
 ------------------------------------------------------------------------------

wrapping first mol.:       24.36925       34.46332       59.69222
wrapping first mol.:       24.36925       34.46332       59.69222

 NSTEP =    35000   TIME(PS) =     810.000  TEMP(K) =   302.95  PRESS =    80.6
 Etot   =    -70965.4041  EKtot   =     18414.6992  EPtot      =    -89380.1033
 BOND   =       549.0107  ANGLE   =      1574.3573  DIHED      =      2457.6999
 1-4 NB =       680.0467  1-4 EEL =      8386.6916  VDWAALS    =     10707.5136
 EELEC  =   -113978.4407  EHBOND  =         0.0000  RESTRAINT  =       243.0175
 EAMBER (non-restraint)  =    -89623.1208
 EKCMT  =      8083.3695  VIRIAL  =      7560.1321  VOLUME     =    300791.1881
                                                    Density    =         1.0049
 ------------------------------------------------------------------------------

wrapping first mol.:       24.37085       34.46559       59.69615
wrapping first mol.:       24.37085       34.46559       59.69615

 NSTEP =    35500   TIME(PS) =     811.000  TEMP(K) =   302.95  PRESS =    71.0
 Etot   =    -70935.1764  EKtot   =     18414.4824  EPtot      =    -89349.6589
 BOND   =       550.4995  ANGLE   =      1503.3970  DIHED      =      2458.5904
 1-4 NB =       706.5050  1-4 EEL =      8333.5438  VDWAALS    =     10766.9009
 EELEC  =   -113915.9566  EHBOND  =         0.0000  RESTRAINT  =       246.8611
 EAMBER (non-restraint)  =    -89596.5200
 EKCMT  =      8010.5779  VIRIAL  =      7549.3812  VOLUME     =    300850.7909
                                                    Density    =         1.0047
 ------------------------------------------------------------------------------

wrapping first mol.:       24.40341       34.51163       59.77589
wrapping first mol.:       24.40341       34.51163       59.77589

 NSTEP =    36000   TIME(PS) =     812.000  TEMP(K) =   303.27  PRESS =  -182.8
 Etot   =    -70819.7623  EKtot   =     18434.0410  EPtot      =    -89253.8034
 BOND   =       547.1174  ANGLE   =      1581.5208  DIHED      =      2502.1160
 1-4 NB =       692.2944  1-4 EEL =      8340.3791  VDWAALS    =     10573.4041
 EELEC  =   -113739.9975  EHBOND  =         0.0000  RESTRAINT  =       249.3625
 EAMBER (non-restraint)  =    -89503.1658
 EKCMT  =      8097.7598  VIRIAL  =      9290.0469  VOLUME     =    302064.8376
                                                    Density    =         1.0007
 ------------------------------------------------------------------------------

wrapping first mol.:       24.40897       34.51949       59.78951
wrapping first mol.:       24.40897       34.51949       59.78951

 NSTEP =    36500   TIME(PS) =     813.000  TEMP(K) =   299.77  PRESS =  -267.6
 Etot   =    -70963.6572  EKtot   =     18221.3828  EPtot      =    -89185.0400
 BOND   =       536.0969  ANGLE   =      1558.0701  DIHED      =      2481.9461
 1-4 NB =       685.2068  1-4 EEL =      8357.9959  VDWAALS    =     10607.9206
 EELEC  =   -113653.0567  EHBOND  =         0.0000  RESTRAINT  =       240.7803
 EAMBER (non-restraint)  =    -89425.8203
 EKCMT  =      8013.9410  VIRIAL  =      9760.1807  VOLUME     =    302273.6535
                                                    Density    =         1.0000
 ------------------------------------------------------------------------------

wrapping first mol.:       24.39610       34.50130       59.75800
wrapping first mol.:       24.39610       34.50130       59.75800

 NSTEP =    37000   TIME(PS) =     814.000  TEMP(K) =   299.56  PRESS =   -54.8
 Etot   =    -70936.1419  EKtot   =     18208.3418  EPtot      =    -89144.4837
 BOND   =       576.9759  ANGLE   =      1531.2756  DIHED      =      2480.3730
 1-4 NB =       676.0232  1-4 EEL =      8361.8783  VDWAALS    =     10390.1950
 EELEC  =   -113408.8489  EHBOND  =         0.0000  RESTRAINT  =       247.6442
 EAMBER (non-restraint)  =    -89392.1279
 EKCMT  =      7910.4326  VIRIAL  =      8267.3809  VOLUME     =    301790.2347
                                                    Density    =         1.0016
 ------------------------------------------------------------------------------

wrapping first mol.:       24.38930       34.49167       59.74133
wrapping first mol.:       24.38930       34.49167       59.74133

 NSTEP =    37500   TIME(PS) =     815.000  TEMP(K) =   300.01  PRESS =    70.3
 Etot   =    -71062.7504  EKtot   =     18236.1172  EPtot      =    -89298.8676
 BOND   =       563.1819  ANGLE   =      1568.5393  DIHED      =      2465.7426
 1-4 NB =       673.4866  1-4 EEL =      8368.1777  VDWAALS    =     10753.0754
 EELEC  =   -113922.6926  EHBOND  =         0.0000  RESTRAINT  =       231.6214
 EAMBER (non-restraint)  =    -89530.4890
 EKCMT  =      7953.2301  VIRIAL  =      7495.4631  VOLUME     =    301534.4167
                                                    Density    =         1.0025
 ------------------------------------------------------------------------------

wrapping first mol.:       24.37961       34.47798       59.71761
wrapping first mol.:       24.37961       34.47798       59.71761

 NSTEP =    38000   TIME(PS) =     816.000  TEMP(K) =   302.09  PRESS =   275.7
 Etot   =    -70953.8090  EKtot   =     18362.0742  EPtot      =    -89315.8832
 BOND   =       559.2196  ANGLE   =      1580.9383  DIHED      =      2450.9868
 1-4 NB =       657.3075  1-4 EEL =      8316.3051  VDWAALS    =     10719.3809
 EELEC  =   -113837.3667  EHBOND  =         0.0000  RESTRAINT  =       237.3453
 EAMBER (non-restraint)  =    -89553.2285
 EKCMT  =      7949.3918  VIRIAL  =      6156.5233  VOLUME     =    301169.8297
                                                    Density    =         1.0037
 ------------------------------------------------------------------------------

wrapping first mol.:       24.37707       34.47438       59.71137
wrapping first mol.:       24.37707       34.47438       59.71137

 NSTEP =    38500   TIME(PS) =     817.000  TEMP(K) =   298.11  PRESS =   182.0
 Etot   =    -71394.9531  EKtot   =     18120.4238  EPtot      =    -89515.3769
 BOND   =       556.2410  ANGLE   =      1564.4043  DIHED      =      2487.6877
 1-4 NB =       683.4295  1-4 EEL =      8329.3066  VDWAALS    =     10892.7005
 EELEC  =   -114260.5829  EHBOND  =         0.0000  RESTRAINT  =       231.4363
 EAMBER (non-restraint)  =    -89746.8132
 EKCMT  =      7905.9471  VIRIAL  =      6722.7405  VOLUME     =    301077.9496
                                                    Density    =         1.0040
 ------------------------------------------------------------------------------

wrapping first mol.:       24.37953       34.47786       59.71741
wrapping first mol.:       24.37953       34.47786       59.71741

 NSTEP =    39000   TIME(PS) =     818.000  TEMP(K) =   298.40  PRESS =   -50.6
 Etot   =    -71279.9265  EKtot   =     18137.7539  EPtot      =    -89417.6804
 BOND   =       540.3927  ANGLE   =      1557.8383  DIHED      =      2452.8009
 1-4 NB =       682.2369  1-4 EEL =      8348.5827  VDWAALS    =     10692.6407
 EELEC  =   -113914.5890  EHBOND  =         0.0000  RESTRAINT  =       222.4164
 EAMBER (non-restraint)  =    -89640.0968
 EKCMT  =      7926.1583  VIRIAL  =      8255.1564  VOLUME     =    301175.5723
                                                    Density    =         1.0037
 ------------------------------------------------------------------------------

wrapping first mol.:       24.38232       34.48181       59.72424
wrapping first mol.:       24.38232       34.48181       59.72424

 NSTEP =    39500   TIME(PS) =     819.000  TEMP(K) =   300.55  PRESS =   -41.9
 Etot   =    -71033.5728  EKtot   =     18268.4375  EPtot      =    -89302.0103
 BOND   =       557.7961  ANGLE   =      1603.5506  DIHED      =      2454.8956
 1-4 NB =       683.4284  1-4 EEL =      8366.1188  VDWAALS    =     10718.1970
 EELEC  =   -113916.8216  EHBOND  =         0.0000  RESTRAINT  =       230.8249
 EAMBER (non-restraint)  =    -89532.8352
 EKCMT  =      7997.0717  VIRIAL  =      8269.3683  VOLUME     =    301278.7864
                                                    Density    =         1.0033
 ------------------------------------------------------------------------------

wrapping first mol.:       24.37648       34.47354       59.70992
wrapping first mol.:       24.37648       34.47354       59.70992

 NSTEP =    40000   TIME(PS) =     820.000  TEMP(K) =   300.29  PRESS =   -65.0
 Etot   =    -71046.3301  EKtot   =     18252.6562  EPtot      =    -89298.9863
 BOND   =       545.0852  ANGLE   =      1543.1379  DIHED      =      2444.2287
 1-4 NB =       685.3773  1-4 EEL =      8362.8415  VDWAALS    =     10496.4523
 EELEC  =   -113617.7679  EHBOND  =         0.0000  RESTRAINT  =       241.6585
 EAMBER (non-restraint)  =    -89540.6449
 EKCMT  =      8008.8220  VIRIAL  =      8431.5472  VOLUME     =    301062.7441
                                                    Density    =         1.0040
 ------------------------------------------------------------------------------

wrapping first mol.:       24.37018       34.46464       59.69450
wrapping first mol.:       24.37018       34.46464       59.69450

 NSTEP =    40500   TIME(PS) =     821.000  TEMP(K) =   300.91  PRESS =   -84.9
 Etot   =    -71052.6479  EKtot   =     18290.8809  EPtot      =    -89343.5288
 BOND   =       540.1318  ANGLE   =      1613.6192  DIHED      =      2467.4148
 1-4 NB =       688.1313  1-4 EEL =      8366.0178  VDWAALS    =     10459.7157
 EELEC  =   -113719.3395  EHBOND  =         0.0000  RESTRAINT  =       240.7801
 EAMBER (non-restraint)  =    -89584.3089
 EKCMT  =      8074.1370  VIRIAL  =      8625.4477  VOLUME     =    300830.0680
                                                    Density    =         1.0048
 ------------------------------------------------------------------------------

wrapping first mol.:       24.37349       34.46933       59.70262
wrapping first mol.:       24.37349       34.46933       59.70262

 NSTEP =    41000   TIME(PS) =     822.000  TEMP(K) =   298.69  PRESS =  -218.2
 Etot   =    -71230.0016  EKtot   =     18155.4082  EPtot      =    -89385.4098
 BOND   =       589.6443  ANGLE   =      1567.2724  DIHED      =      2461.8428
 1-4 NB =       698.6318  1-4 EEL =      8311.1063  VDWAALS    =     10497.8668
 EELEC  =   -113768.6995  EHBOND  =         0.0000  RESTRAINT  =       256.9254
 EAMBER (non-restraint)  =    -89642.3353
 EKCMT  =      7898.3740  VIRIAL  =      9315.9884  VOLUME     =    300956.3935
                                                    Density    =         1.0044
 ------------------------------------------------------------------------------

wrapping first mol.:       24.37295       34.46856       59.70129
wrapping first mol.:       24.37295       34.46856       59.70129

 NSTEP =    41500   TIME(PS) =     823.000  TEMP(K) =   301.49  PRESS =  -127.9
 Etot   =    -71036.6916  EKtot   =     18325.5996  EPtot      =    -89362.2912
 BOND   =       589.5839  ANGLE   =      1492.7580  DIHED      =      2466.8164
 1-4 NB =       688.0273  1-4 EEL =      8344.9001  VDWAALS    =     10599.6890
 EELEC  =   -113781.5992  EHBOND  =         0.0000  RESTRAINT  =       237.5333
 EAMBER (non-restraint)  =    -89599.8245
 EKCMT  =      7958.2415  VIRIAL  =      8789.1292  VOLUME     =    300933.8811
                                                    Density    =         1.0045
 ------------------------------------------------------------------------------

wrapping first mol.:       24.36399       34.45588       59.67933
wrapping first mol.:       24.36399       34.45588       59.67933

 NSTEP =    42000   TIME(PS) =     824.000  TEMP(K) =   300.86  PRESS =  -100.1
 Etot   =    -71251.7206  EKtot   =     18287.7031  EPtot      =    -89539.4238
 BOND   =       554.6011  ANGLE   =      1571.6921  DIHED      =      2491.2067
 1-4 NB =       681.1312  1-4 EEL =      8325.2963  VDWAALS    =     10440.0732
 EELEC  =   -113842.1246  EHBOND  =         0.0000  RESTRAINT  =       238.7003
 EAMBER (non-restraint)  =    -89778.1240
 EKCMT  =      7978.1327  VIRIAL  =      8628.0786  VOLUME     =    300601.1237
                                                    Density    =         1.0056
 ------------------------------------------------------------------------------

wrapping first mol.:       24.37298       34.46860       59.70136
wrapping first mol.:       24.37298       34.46860       59.70136

 NSTEP =    42500   TIME(PS) =     825.000  TEMP(K) =   302.37  PRESS =   -59.8
 Etot   =    -71167.2063  EKtot   =     18379.4863  EPtot      =    -89546.6926
 BOND   =       539.9898  ANGLE   =      1563.7176  DIHED      =      2457.3897
 1-4 NB =       683.8883  1-4 EEL =      8362.6397  VDWAALS    =     10733.6291
 EELEC  =   -114120.5442  EHBOND  =         0.0000  RESTRAINT  =       232.5974
 EAMBER (non-restraint)  =    -89779.2899
 EKCMT  =      7999.9599  VIRIAL  =      8388.3544  VOLUME     =    300933.1764
                                                    Density    =         1.0045
 ------------------------------------------------------------------------------

wrapping first mol.:       24.37508       34.47156       59.70649
wrapping first mol.:       24.37508       34.47156       59.70649

 NSTEP =    43000   TIME(PS) =     826.000  TEMP(K) =   297.65  PRESS =    93.1
 Etot   =    -71265.1925  EKtot   =     18092.3301  EPtot      =    -89357.5225
 BOND   =       580.9960  ANGLE   =      1579.3506  DIHED      =      2474.2044
 1-4 NB =       671.9698  1-4 EEL =      8371.9735  VDWAALS    =     10691.9531
 EELEC  =   -113979.1790  EHBOND  =         0.0000  RESTRAINT  =       251.2090
 EAMBER (non-restraint)  =    -89608.7315
 EKCMT  =      7966.8157  VIRIAL  =      7361.8165  VOLUME     =    301006.6017
                                                    Density    =         1.0042
 ------------------------------------------------------------------------------

wrapping first mol.:       24.36501       34.45732       59.68182
wrapping first mol.:       24.36501       34.45732       59.68182

 NSTEP =    43500   TIME(PS) =     827.000  TEMP(K) =   300.02  PRESS =     3.7
 Etot   =    -71046.8289  EKtot   =     18236.7480  EPtot      =    -89283.5769
 BOND   =       548.0394  ANGLE   =      1517.1958  DIHED      =      2470.7808
 1-4 NB =       696.8489  1-4 EEL =      8398.7736  VDWAALS    =     10704.4292
 EELEC  =   -113863.0982  EHBOND  =         0.0000  RESTRAINT  =       243.4535
 EAMBER (non-restraint)  =    -89527.0305
 EKCMT  =      7860.8441  VIRIAL  =      7836.8630  VOLUME     =    300636.1055
                                                    Density    =         1.0055
 ------------------------------------------------------------------------------

wrapping first mol.:       24.37034       34.46487       59.69490
wrapping first mol.:       24.37034       34.46487       59.69490

 NSTEP =    44000   TIME(PS) =     828.000  TEMP(K) =   298.88  PRESS =     5.7
 Etot   =    -71289.3930  EKtot   =     18166.9316  EPtot      =    -89456.3247
 BOND   =       582.5707  ANGLE   =      1576.7414  DIHED      =      2468.4219
 1-4 NB =       682.3284  1-4 EEL =      8330.4002  VDWAALS    =     10727.7429
 EELEC  =   -114074.4543  EHBOND  =         0.0000  RESTRAINT  =       249.9240
 EAMBER (non-restraint)  =    -89706.2487
 EKCMT  =      7999.2186  VIRIAL  =      7962.0810  VOLUME     =    300833.7148
                                                    Density    =         1.0048
 ------------------------------------------------------------------------------

wrapping first mol.:       24.37246       34.46786       59.70009
wrapping first mol.:       24.37246       34.46786       59.70009

 NSTEP =    44500   TIME(PS) =     829.000  TEMP(K) =   299.87  PRESS =  -186.6
 Etot   =    -71384.7678  EKtot   =     18227.1387  EPtot      =    -89611.9065
 BOND   =       564.1671  ANGLE   =      1547.9989  DIHED      =      2484.4141
 1-4 NB =       687.3304  1-4 EEL =      8310.8485  VDWAALS    =     10551.9643
 EELEC  =   -114004.3363  EHBOND  =         0.0000  RESTRAINT  =       245.7064
 EAMBER (non-restraint)  =    -89857.6129
 EKCMT  =      7991.1449  VIRIAL  =      9203.4937  VOLUME     =    300917.2842
                                                    Density    =         1.0045
 ------------------------------------------------------------------------------

wrapping first mol.:       24.36755       34.46092       59.68806
wrapping first mol.:       24.36755       34.46092       59.68806

 NSTEP =    45000   TIME(PS) =     830.000  TEMP(K) =   299.76  PRESS =   161.9
 Etot   =    -71275.5591  EKtot   =     18220.8105  EPtot      =    -89496.3696
 BOND   =       555.3422  ANGLE   =      1588.2796  DIHED      =      2433.4866
 1-4 NB =       673.4055  1-4 EEL =      8320.6855  VDWAALS    =     10731.9063
 EELEC  =   -114057.3343  EHBOND  =         0.0000  RESTRAINT  =       257.8591
 EAMBER (non-restraint)  =    -89754.2288
 EKCMT  =      7940.4589  VIRIAL  =      6889.5092  VOLUME     =    300726.1724
                                                    Density    =         1.0052
 ------------------------------------------------------------------------------

wrapping first mol.:       24.36666       34.45966       59.68588
wrapping first mol.:       24.36666       34.45966       59.68588

 NSTEP =    45500   TIME(PS) =     831.000  TEMP(K) =   295.49  PRESS =   -28.1
 Etot   =    -71737.9827  EKtot   =     17961.3945  EPtot      =    -89699.3772
 BOND   =       579.7745  ANGLE   =      1538.9560  DIHED      =      2480.4487
 1-4 NB =       676.0542  1-4 EEL =      8335.8977  VDWAALS    =     10847.2415
 EELEC  =   -114407.9517  EHBOND  =         0.0000  RESTRAINT  =       250.2020
 EAMBER (non-restraint)  =    -89949.5792
 EKCMT  =      7835.8325  VIRIAL  =      8018.5237  VOLUME     =    300698.2826
                                                    Density    =         1.0052
 ------------------------------------------------------------------------------

wrapping first mol.:       24.38058       34.47935       59.71997
wrapping first mol.:       24.38058       34.47935       59.71997

 NSTEP =    46000   TIME(PS) =     832.000  TEMP(K) =   301.86  PRESS =   255.5
 Etot   =    -71365.7064  EKtot   =     18348.3320  EPtot      =    -89714.0384
 BOND   =       534.7381  ANGLE   =      1530.9924  DIHED      =      2487.0735
 1-4 NB =       685.1898  1-4 EEL =      8341.5396  VDWAALS    =     10861.6286
 EELEC  =   -114387.0012  EHBOND  =         0.0000  RESTRAINT  =       231.8007
 EAMBER (non-restraint)  =    -89945.8391
 EKCMT  =      8024.5519  VIRIAL  =      6362.6766  VOLUME     =    301206.2151
                                                    Density    =         1.0036
 ------------------------------------------------------------------------------

wrapping first mol.:       24.38434       34.48466       59.72917
wrapping first mol.:       24.38434       34.48466       59.72917

 NSTEP =    46500   TIME(PS) =     833.000  TEMP(K) =   299.85  PRESS =  -111.9
 Etot   =    -71507.5257  EKtot   =     18226.1094  EPtot      =    -89733.6350
 BOND   =       544.3020  ANGLE   =      1594.9026  DIHED      =      2461.1974
 1-4 NB =       680.1014  1-4 EEL =      8300.9880  VDWAALS    =     10606.1853
 EELEC  =   -114166.8851  EHBOND  =         0.0000  RESTRAINT  =       245.5734
 EAMBER (non-restraint)  =    -89979.2084
 EKCMT  =      8007.9351  VIRIAL  =      8735.7517  VOLUME     =    301355.2920
                                                    Density    =         1.0031
 ------------------------------------------------------------------------------

wrapping first mol.:       24.39301       34.49693       59.75042
wrapping first mol.:       24.39301       34.49693       59.75042

 NSTEP =    47000   TIME(PS) =     834.000  TEMP(K) =   301.12  PRESS =  -165.5
 Etot   =    -71240.7346  EKtot   =     18303.1934  EPtot      =    -89543.9280
 BOND   =       551.4307  ANGLE   =      1569.8834  DIHED      =      2479.0459
 1-4 NB =       672.4244  1-4 EEL =      8341.2091  VDWAALS    =     10757.0339
 EELEC  =   -114158.0537  EHBOND  =         0.0000  RESTRAINT  =       243.0984
 EAMBER (non-restraint)  =    -89787.0264
 EKCMT  =      7919.1550  VIRIAL  =      8997.1832  VOLUME     =    301678.5238
                                                    Density    =         1.0020
 ------------------------------------------------------------------------------

wrapping first mol.:       24.38847       34.49051       59.73931
wrapping first mol.:       24.38847       34.49051       59.73931

 NSTEP =    47500   TIME(PS) =     835.000  TEMP(K) =   302.42  PRESS =    -7.1
 Etot   =    -70981.9588  EKtot   =     18382.6602  EPtot      =    -89364.6189
 BOND   =       565.3670  ANGLE   =      1605.1782  DIHED      =      2489.9235
 1-4 NB =       682.8398  1-4 EEL =      8330.4424  VDWAALS    =     10712.9727
 EELEC  =   -113969.6202  EHBOND  =         0.0000  RESTRAINT  =       218.2777
 EAMBER (non-restraint)  =    -89582.8966
 EKCMT  =      8007.8882  VIRIAL  =      8053.7917  VOLUME     =    301505.9057
                                                    Density    =         1.0026
 ------------------------------------------------------------------------------

wrapping first mol.:       24.37760       34.47513       59.71268
wrapping first mol.:       24.37760       34.47513       59.71268

 NSTEP =    48000   TIME(PS) =     836.000  TEMP(K) =   297.69  PRESS =   143.8
 Etot   =    -71397.3852  EKtot   =     18095.0820  EPtot      =    -89492.4672
 BOND   =       589.0257  ANGLE   =      1610.3444  DIHED      =      2463.3830
 1-4 NB =       659.3267  1-4 EEL =      8323.6887  VDWAALS    =     10695.1789
 EELEC  =   -114080.6532  EHBOND  =         0.0000  RESTRAINT  =       247.2386
 EAMBER (non-restraint)  =    -89739.7058
 EKCMT  =      7889.6053  VIRIAL  =      6955.0143  VOLUME     =    301098.8327
                                                    Density    =         1.0039
 ------------------------------------------------------------------------------

wrapping first mol.:       24.38830       34.49026       59.73888
wrapping first mol.:       24.38830       34.49026       59.73888

 NSTEP =    48500   TIME(PS) =     837.000  TEMP(K) =   300.32  PRESS =   166.8
 Etot   =    -71223.3554  EKtot   =     18254.6758  EPtot      =    -89478.0312
 BOND   =       606.2964  ANGLE   =      1537.1493  DIHED      =      2442.2797
 1-4 NB =       670.0129  1-4 EEL =      8375.6972  VDWAALS    =     10986.2246
 EELEC  =   -114340.2448  EHBOND  =         0.0000  RESTRAINT  =       244.5534
 EAMBER (non-restraint)  =    -89722.5846
 EKCMT  =      7969.3369  VIRIAL  =      6883.5701  VOLUME     =    301494.6838
                                                    Density    =         1.0026
 ------------------------------------------------------------------------------

wrapping first mol.:       24.38451       34.48491       59.72961
wrapping first mol.:       24.38451       34.48491       59.72961

 NSTEP =    49000   TIME(PS) =     838.000  TEMP(K) =   303.64  PRESS =   -73.4
 Etot   =    -71005.1531  EKtot   =     18456.5605  EPtot      =    -89461.7137
 BOND   =       547.4867  ANGLE   =      1565.4597  DIHED      =      2461.4002
 1-4 NB =       688.7232  1-4 EEL =      8346.0112  VDWAALS    =     10733.1219
 EELEC  =   -114039.3266  EHBOND  =         0.0000  RESTRAINT  =       235.4101
 EAMBER (non-restraint)  =    -89697.1237
 EKCMT  =      8164.1818  VIRIAL  =      8641.8278  VOLUME     =    301360.8897
                                                    Density    =         1.0030
 ------------------------------------------------------------------------------

wrapping first mol.:       24.39125       34.49444       59.74611
wrapping first mol.:       24.39125       34.49444       59.74611

 NSTEP =    49500   TIME(PS) =     839.000  TEMP(K) =   300.72  PRESS =  -163.5
 Etot   =    -71289.7037  EKtot   =     18278.8145  EPtot      =    -89568.5181
 BOND   =       547.1181  ANGLE   =      1546.6082  DIHED      =      2474.5932
 1-4 NB =       683.9176  1-4 EEL =      8338.6216  VDWAALS    =     10550.6566
 EELEC  =   -113964.9911  EHBOND  =         0.0000  RESTRAINT  =       254.9575
 EAMBER (non-restraint)  =    -89823.4757
 EKCMT  =      7992.6957  VIRIAL  =      9057.1311  VOLUME     =    301613.1683
                                                    Density    =         1.0022
 ------------------------------------------------------------------------------

wrapping first mol.:       24.38894       34.49116       59.74044
wrapping first mol.:       24.38894       34.49116       59.74044

 NSTEP =    50000   TIME(PS) =     840.000  TEMP(K) =   301.42  PRESS =  -371.4
 Etot   =    -71193.9756  EKtot   =     18321.8828  EPtot      =    -89515.8584
 BOND   =       566.5985  ANGLE   =      1581.6884  DIHED      =      2459.8775
 1-4 NB =       693.4706  1-4 EEL =      8386.0660  VDWAALS    =     10291.1905
 EELEC  =   -113736.2195  EHBOND  =         0.0000  RESTRAINT  =       241.4697
 EAMBER (non-restraint)  =    -89757.3281
 EKCMT  =      8010.1949  VIRIAL  =     10428.2822  VOLUME     =    301532.8918
                                                    Density    =         1.0025
 ------------------------------------------------------------------------------


      A V E R A G E S   O V E R     100 S T E P S


 NSTEP =    50000   TIME(PS) =     840.000  TEMP(K) =   300.20  PRESS =    -9.5
 Etot   =    -71214.0004  EKtot   =     18247.5450  EPtot      =    -89461.5454
 BOND   =       563.6572  ANGLE   =      1565.1916  DIHED      =      2462.9518
 1-4 NB =       678.9274  1-4 EEL =      8353.9736  VDWAALS    =     10710.8398
 EELEC  =   -114041.0236  EHBOND  =         0.0000  RESTRAINT  =       243.9368
 EAMBER (non-restraint)  =    -89705.4822
 EKCMT  =      7982.6511  VIRIAL  =      8044.5728  VOLUME     =    301146.6806
                                                    Density    =         1.0038
 ------------------------------------------------------------------------------


      R M S  F L U C T U A T I O N S


 NSTEP =    50000   TIME(PS) =     840.000  TEMP(K) =     1.57  PRESS =   132.3
 Etot   =       188.9099  EKtot   =        95.3200  EPtot      =       149.6344
 BOND   =        20.4902  ANGLE   =        30.1477  DIHED      =        15.2090
 1-4 NB =        10.8192  1-4 EEL =        25.3833  VDWAALS    =       129.6469
 EELEC  =       218.3519  EHBOND  =         0.0000  RESTRAINT  =         9.6790
 EAMBER (non-restraint)  =       139.9554
 EKCMT  =        62.3808  VIRIAL  =       860.0359  VOLUME     =       448.0722
                                                    Density    =         0.0015
 ------------------------------------------------------------------------------

--------------------------------------------------------------------------------
   5.  TIMINGS
--------------------------------------------------------------------------------

|  NonSetup CPU Time in Major Routines:
|
|     Routine           Sec        %
|     ------------------------------
|     Nonbond         180.54   90.29
|     Bond              0.00    0.00
|     Angle             0.00    0.00
|     Dihedral          0.00    0.00
|     Shake             0.28    0.14
|     RunMD            19.10    9.55
|     Other             0.02    0.01
|     ------------------------------
|     Total           199.95

|  PME Nonbond Pairlist CPU Time:
|
|     Routine              Sec        %
|     ---------------------------------
|     Set Up Cit           0.00    0.00
|     Build List           0.00    0.00
|     ---------------------------------
|     Total                0.00    0.00

|  PME Direct Force CPU Time:
|
|     Routine              Sec        %
|     ---------------------------------
|     NonBonded Calc       0.00    0.00
|     Exclude Masked       0.00    0.00
|     Other                0.01    0.00
|     ---------------------------------
|     Total                0.01    0.00

|  PME Reciprocal Force CPU Time:
|
|     Routine              Sec        %
|     ---------------------------------
|     1D bspline           0.00    0.00
|     Grid Charges         0.00    0.00
|     Scalar Sum           0.00    0.00
|     Gradient Sum         0.00    0.00
|     FFT                  0.00    0.00
|     ---------------------------------
|     Total                0.00    0.00

|  Final Performance Info:
|     -----------------------------------------------------
|     Average timings for last    4500 steps:
|     Elapsed(s) =      17.98 Per Step(ms) =       4.00
|         ns/day =      43.24   seconds/ns =    1997.99
|
|     Average timings for all steps:
|     Elapsed(s) =     199.96 Per Step(ms) =       4.00
|         ns/day =      43.21   seconds/ns =    1999.57
|     -----------------------------------------------------

|  Setup CPU time:            0.50 seconds
|  NonSetup CPU time:       199.95 seconds
|  Total CPU time:          200.45 seconds     0.06 hours

|  Setup wall time:           0    seconds
|  NonSetup wall time:      200    seconds
|  Total wall time:         200    seconds     0.06 hours
