
          -------------------------------------------------------
          Amber 16 PMEMD                              2016
          -------------------------------------------------------

| PMEMD implementation of SANDER, Release 16

| Run on 10/26/2016 at 14:21:55

|   Executable path: pmemd.cuda
| Working directory: /home/german/exs/run/1prn/mhe/e
|          Hostname: Unknown
  [-O]verwriting output

File Assignments:
|   MDIN: 19equ.in                                                              
|  MDOUT: 19equ.out                                                             
| INPCRD: 18e1prn.rst7                                                          
|   PARM: 1prn.prmtop                                                           
| RESTRT: 19e1prn.rst7                                                          
|   REFC: 18e1prn.rst7                                                          
|  MDVEL: mdvel                                                                 
|   MDEN: mden                                                                  
|  MDCRD: 19e1prn.nc                                                            
| MDINFO: mdinfo                                                                
|  MDFRC: mdfrc                                                                 


 Here is the input file:

Equilibration with solute restrictions                                         
&cntrl                                                                         
imin = 0,                           ! No Minimization                          
nmropt = 0,                         ! No NMR restraints read                   
                                                                               
! Nature and format of the input                                               
ntx = 5,                            ! Coordinates but no velocities will be rea
irest = 1,                          ! Do not run a new simulation              
                                                                               
! Nature and format of the output                                              
ntxo = 1,                           ! rstrt file in ASCII format               
ntpr = 500,                         ! inf in output every ntpr steps           
ntwr = 500,                         ! rstrt file every ntwr steps              
ntwx = 500,                         ! mdcrd file every ntwx steps              
ntwv = 0,                           ! mdvel without velocities                 
ntwe = 0,                           ! Energies and temperatures not written in 
idecomp = 0,                        ! No energy decomposition                  
iwrap = 1,                          ! Coordinates of the restart and mdcrd file
                                                                               
! Frozen or restrained atoms                                                   
ibelly = 0,                         ! No frozen atoms                          
ntr=1,                              ! Harmonic potential restraints            
restraint_wt = 0.6,                ! The weight for the positional restraints  
restraintmask = ':1-298@N,CA,C,O',  ! restrained residues                      
                                                                               
! Molecular dynamics                                                           
nstlim = 50000,                     ! Number of MD-steps                       
dt = 0.002,                         ! Time step                                
                                                                               
! Temperature regulation                                                       
ntt = 3,                            ! Langevin thermostat                      
gamma_ln = 5,                       ! Gamma constant for Langevin              
!temp0 = 300.0,                     ! Reference T at which the system is to be 
tempi = 300.0,                      ! Initial T                                
ig = -1,                            ! Seed for the RNG                         
                                                                               
! P and V regulation                                                           
ntp = 1,                            ! Constant P. Isotropic scaling            
barostat = 1,                       ! Berendsen barostat                       
taup = 1,                           ! Pressure relaxation time                 
nrespa = 1,                         ! Evaluate at each step                    
ntb = 2,                            ! Periodic box for constant P              
                                                                               
! SHAKE variables                                                              
ntc = 2,                            ! Bonds involving H are constrained        
ntf = 2,                            ! Bond interaction involving H are ommited.
                                                                               
cut = 10.0,                         ! Nonbonded cutoff                         
/                                                                              
&end                                                                           


Note: ig = -1. Setting random seed to   875027 based on wallclock time in 
      microseconds.
 
|--------------------- INFORMATION ----------------------
| GPU (CUDA) Version of PMEMD in use: NVIDIA GPU IN USE.
|                    Version 16.0.0
| 
|                      02/25/2016
| 
| Implementation by:
|                    Ross C. Walker     (SDSC)
|                    Scott Le Grand     (nVIDIA)
| 
| Precision model in use:
|      [SPFP] - Single Precision Forces, 64-bit Fixed Point
|               Accumulation. (Default)
| 
|--------------------------------------------------------
 
|----------------- CITATION INFORMATION -----------------
|
|    When publishing work that utilized the CUDA version
|    of AMBER, please cite the following in addition to
|    the regular AMBER citations:
|
|  - Romelia Salomon-Ferrer; Andreas W. Goetz; Duncan
|    Poole; Scott Le Grand; Ross C. Walker "Routine
|    microsecond molecular dynamics simulations with
|    AMBER - Part II: Particle Mesh Ewald", J. Chem.
|    Theory Comput., 2013, 9 (9), pp3878-3888,
|    DOI: 10.1021/ct400314y.
|
|  - Andreas W. Goetz; Mark J. Williamson; Dong Xu;
|    Duncan Poole; Scott Le Grand; Ross C. Walker
|    "Routine microsecond molecular dynamics simulations
|    with AMBER - Part I: Generalized Born", J. Chem.
|    Theory Comput., 2012, 8 (5), pp1542-1555.
|
|  - Scott Le Grand; Andreas W. Goetz; Ross C. Walker
|    "SPFP: Speed without compromise - a mixed precision
|    model for GPU accelerated molecular dynamics
|    simulations.", Comp. Phys. Comm., 2013, 184
|    pp374-380, DOI: 10.1016/j.cpc.2012.09.022
|
|--------------------------------------------------------
 
|------------------- GPU DEVICE INFO --------------------
|
|            CUDA_VISIBLE_DEVICES: 0
|   CUDA Capable Devices Detected:      1
|           CUDA Device ID in use:      0
|                CUDA Device Name: GeForce GTX 1060 6GB
|     CUDA Device Global Mem Size:   6072 MB
| CUDA Device Num Multiprocessors:     10
|           CUDA Device Core Freq:   1.76 GHz
|
|--------------------------------------------------------
 
 
| Conditional Compilation Defines Used:
| PUBFFT
| BINTRAJ
| CUDA
| EMIL

| Largest sphere to fit in unit cell has radius =    30.358

| New format PARM file being parsed.
| Version =    1.000 Date = 10/25/16 Time = 12:15:56

| Note: 1-4 EEL scale factors are being read from the topology file.

| Note: 1-4 VDW scale factors are being read from the topology file.
| Duplicated    0 dihedrals

| Duplicated    0 dihedrals

--------------------------------------------------------------------------------
   1.  RESOURCE   USE: 
--------------------------------------------------------------------------------

 getting new box info from bottom of inpcrd
 NATOM  =   31841 NTYPES =      16 NBONH =   29650 MBONA  =    2207
 NTHETH =    4442 MTHETA =    3007 NPHIH =    9478 MPHIA  =    9572
 NHPARM =       0 NPARM  =       0 NNB   =   59506 NRES   =    9539
 NBONA  =    2207 NTHETA =    3007 NPHIA =    9572 NUMBND =      59
 NUMANG =     136 NPTRA  =     166 NATYP =      30 NPHB   =       1
 IFBOX  =       2 NMXRS  =      24 IFCAP =       0 NEXTRA =       0
 NCOPY  =       0

| Coordinate Index Table dimensions:    12   12   12
| Direct force subcell size =     6.1969    6.1969    6.1969

     BOX TYPE: TRUNCATED OCTAHEDRON

--------------------------------------------------------------------------------
   2.  CONTROL  DATA  FOR  THE  RUN
--------------------------------------------------------------------------------

default_name                                                                    

General flags:
     imin    =       0, nmropt  =       0

Nature and format of input:
     ntx     =       5, irest   =       1, ntrx    =       1

Nature and format of output:
     ntxo    =       1, ntpr    =     500, ntrx    =       1, ntwr    =     500
     iwrap   =       1, ntwx    =     500, ntwv    =       0, ntwe    =       0
     ioutfm  =       1, ntwprt  =       0, idecomp =       0, rbornstat=      0

Potential function:
     ntf     =       2, ntb     =       2, igb     =       0, nsnb    =      25
     ipol    =       0, gbsa    =       0, iesp    =       0
     dielc   =   1.00000, cut     =  10.00000, intdiel =   1.00000

Frozen or restrained atoms:
     ibelly  =       0, ntr     =       1
     restraint_wt =   0.60000

Molecular dynamics:
     nstlim  =     50000, nscm    =         0, nrespa  =         1
     t       =   0.00000, dt      =   0.00200, vlimit  =  -1.00000

Langevin dynamics temperature regulation:
     ig      =  875027
     temp0   = 300.00000, tempi   = 300.00000, gamma_ln=   5.00000

Pressure regulation:
     ntp     =       1
     pres0   =   1.00000, comp    =  44.60000, taup    =   1.00000

SHAKE:
     ntc     =       2, jfastw  =       0
     tol     =   0.00001

| Intermolecular bonds treatment:
|     no_intermolecular_bonds =       1

| Energy averages sample interval:
|     ene_avg_sampling =     500

Ewald parameters:
     verbose =       0, ew_type =       0, nbflag  =       1, use_pme =       1
     vdwmeth =       1, eedmeth =       1, netfrc  =       1
     Box X =   74.362   Box Y =   74.362   Box Z =   74.362
     Alpha =  109.471   Beta  =  109.471   Gamma =  109.471
     NFFT1 =   80       NFFT2 =   80       NFFT3 =   80
     Cutoff=   10.000   Tol   =0.100E-04
     Ewald Coefficient =  0.27511
     Interpolation order =    4

    LOADING THE CONSTRAINED ATOMS AS GROUPS


   5.  REFERENCE ATOM COORDINATES

  default_name                                                                    
     Mask :1-298@N,CA,C,O; matches  1156 atoms

--------------------------------------------------------------------------------
   3.  ATOMIC COORDINATES AND VELOCITIES
--------------------------------------------------------------------------------

default_name                                                                    
 begin time read from input coords =  1940.000 ps

 
 Number of triangulated 3-point waters found:     9223

     Sum of charges from parm topology file =  -0.00000024
     Forcing neutrality...

| Dynamic Memory, Types Used:
| Reals             1496280
| Integers          1194299

| Nonbonded Pairs Initial Allocation:     9631106

| GPU memory information (estimate):
| KB of GPU memory in use:    222524
| KB of CPU memory in use:     45260

--------------------------------------------------------------------------------
   4.  RESULTS
--------------------------------------------------------------------------------

 ---------------------------------------------------
 APPROXIMATING switch and d/dx switch using CUBIC SPLINE INTERPOLATION
 using   5000.0 points per unit in tabled values
 TESTING RELATIVE ERROR over r ranging from 0.0 to cutoff
| CHECK switch(x): max rel err =   0.2738E-14   at   2.422500
| CHECK d/dx switch(x): max rel err =   0.8314E-11   at   2.736960
 ---------------------------------------------------
|---------------------------------------------------
| APPROXIMATING direct energy using CUBIC SPLINE INTERPOLATION
|  with   50.0 points per unit in tabled values
| Relative Error Limit not exceeded for r .gt.   2.33
| APPROXIMATING direct force using CUBIC SPLINE INTERPOLATION
|  with   50.0 points per unit in tabled values
| Relative Error Limit not exceeded for r .gt.   2.80
|---------------------------------------------------
wrapping first mol.:       24.79087       35.05958       60.72497
wrapping first mol.:       24.79087       35.05958       60.72497

 NSTEP =      500   TIME(PS) =    1941.000  TEMP(K) =   301.88  PRESS =   -50.7
 Etot   =    -78687.1826  EKtot   =     19758.4141  EPtot      =    -98445.5966
 BOND   =       811.9474  ANGLE   =      1942.2610  DIHED      =      3468.5667
 1-4 NB =       989.8694  1-4 EEL =     12815.9740  VDWAALS    =     10571.1162
 EELEC  =   -129115.3285  EHBOND  =         0.0000  RESTRAINT  =        69.9971
 EAMBER (non-restraint)  =    -98515.5937
 EKCMT  =      8320.0733  VIRIAL  =      8666.5083  VOLUME     =    316678.7824
                                                    Density    =         1.0349
 ------------------------------------------------------------------------------

wrapping first mol.:       24.79752       35.06899       60.74126
wrapping first mol.:       24.79752       35.06899       60.74126

 NSTEP =     1000   TIME(PS) =    1942.000  TEMP(K) =   297.83  PRESS =    18.2
 Etot   =    -78959.6333  EKtot   =     19493.2754  EPtot      =    -98452.9087
 BOND   =       813.4361  ANGLE   =      1899.9450  DIHED      =      3420.0826
 1-4 NB =      1011.5797  1-4 EEL =     12816.6450  VDWAALS    =     10661.5317
 EELEC  =   -129154.1207  EHBOND  =         0.0000  RESTRAINT  =        77.9919
 EAMBER (non-restraint)  =    -98530.9006
 EKCMT  =      8252.1241  VIRIAL  =      8127.6178  VOLUME     =    316931.6934
                                                    Density    =         1.0340
 ------------------------------------------------------------------------------

wrapping first mol.:       24.81467       35.09324       60.78327
wrapping first mol.:       24.81467       35.09324       60.78327

 NSTEP =     1500   TIME(PS) =    1943.000  TEMP(K) =   301.47  PRESS =   370.0
 Etot   =    -78493.0453  EKtot   =     19731.6270  EPtot      =    -98224.6722
 BOND   =       775.4384  ANGLE   =      1917.5381  DIHED      =      3423.3887
 1-4 NB =       983.9674  1-4 EEL =     12820.1996  VDWAALS    =     10813.0938
 EELEC  =   -129032.5042  EHBOND  =         0.0000  RESTRAINT  =        74.2059
 EAMBER (non-restraint)  =    -98298.8782
 EKCMT  =      8259.9128  VIRIAL  =      5722.7451  VOLUME     =    317579.8428
                                                    Density    =         1.0319
 ------------------------------------------------------------------------------

wrapping first mol.:       24.80777       35.08349       60.76638
wrapping first mol.:       24.80777       35.08349       60.76638

 NSTEP =     2000   TIME(PS) =    1944.000  TEMP(K) =   299.23  PRESS =   -98.5
 Etot   =    -78692.1853  EKtot   =     19585.0996  EPtot      =    -98277.2849
 BOND   =       818.9927  ANGLE   =      1947.0638  DIHED      =      3392.6574
 1-4 NB =       971.8248  1-4 EEL =     12778.1724  VDWAALS    =     10630.4535
 EELEC  =   -128890.5146  EHBOND  =         0.0000  RESTRAINT  =        74.0652
 EAMBER (non-restraint)  =    -98351.3501
 EKCMT  =      8227.4631  VIRIAL  =      8902.6197  VOLUME     =    317328.3267
                                                    Density    =         1.0327
 ------------------------------------------------------------------------------

wrapping first mol.:       24.81694       35.09645       60.78883
wrapping first mol.:       24.81694       35.09645       60.78883

 NSTEP =     2500   TIME(PS) =    1945.000  TEMP(K) =   297.83  PRESS =   154.9
 Etot   =    -78601.0673  EKtot   =     19493.3672  EPtot      =    -98094.4345
 BOND   =       848.0613  ANGLE   =      1898.9437  DIHED      =      3435.7504
 1-4 NB =       984.2510  1-4 EEL =     12789.3435  VDWAALS    =     10774.3466
 EELEC  =   -128906.6481  EHBOND  =         0.0000  RESTRAINT  =        81.5172
 EAMBER (non-restraint)  =    -98175.9517
 EKCMT  =      8272.8027  VIRIAL  =      7210.0413  VOLUME     =    317673.0670
                                                    Density    =         1.0316
 ------------------------------------------------------------------------------

wrapping first mol.:       24.81385       35.09208       60.78125
wrapping first mol.:       24.81385       35.09208       60.78125

 NSTEP =     3000   TIME(PS) =    1946.000  TEMP(K) =   300.46  PRESS =    37.6
 Etot   =    -78460.9198  EKtot   =     19665.1855  EPtot      =    -98126.1053
 BOND   =       794.8636  ANGLE   =      1904.0205  DIHED      =      3383.5871
 1-4 NB =      1001.7721  1-4 EEL =     12798.6167  VDWAALS    =     10472.1441
 EELEC  =   -128563.9278  EHBOND  =         0.0000  RESTRAINT  =        82.8185
 EAMBER (non-restraint)  =    -98208.9238
 EKCMT  =      8311.7334  VIRIAL  =      8053.7656  VOLUME     =    317557.5735
                                                    Density    =         1.0320
 ------------------------------------------------------------------------------

wrapping first mol.:       24.80412       35.07832       60.75742
wrapping first mol.:       24.80412       35.07832       60.75742

 NSTEP =     3500   TIME(PS) =    1947.000  TEMP(K) =   301.96  PRESS =  -111.3
 Etot   =    -78355.3075  EKtot   =     19763.4980  EPtot      =    -98118.8055
 BOND   =       777.5200  ANGLE   =      1896.5871  DIHED      =      3429.0883
 1-4 NB =       997.8332  1-4 EEL =     12771.9306  VDWAALS    =     10323.5257
 EELEC  =   -128399.8673  EHBOND  =         0.0000  RESTRAINT  =        84.5769
 EAMBER (non-restraint)  =    -98203.3825
 EKCMT  =      8378.2022  VIRIAL  =      9140.1954  VOLUME     =    317188.4046
                                                    Density    =         1.0332
 ------------------------------------------------------------------------------

wrapping first mol.:       24.81519       35.09398       60.78456
wrapping first mol.:       24.81519       35.09398       60.78456

 NSTEP =     4000   TIME(PS) =    1948.000  TEMP(K) =   300.18  PRESS =  -131.5
 Etot   =    -78335.0660  EKtot   =     19647.0957  EPtot      =    -97982.1617
 BOND   =       802.7559  ANGLE   =      1948.1115  DIHED      =      3397.9797
 1-4 NB =       982.0687  1-4 EEL =     12762.3627  VDWAALS    =     10536.1184
 EELEC  =   -128490.8463  EHBOND  =         0.0000  RESTRAINT  =        79.2877
 EAMBER (non-restraint)  =    -98061.4495
 EKCMT  =      8336.2724  VIRIAL  =      9238.3645  VOLUME     =    317614.1895
                                                    Density    =         1.0318
 ------------------------------------------------------------------------------

wrapping first mol.:       24.80144       35.07453       60.75087
wrapping first mol.:       24.80144       35.07453       60.75087

 NSTEP =     4500   TIME(PS) =    1949.000  TEMP(K) =   300.14  PRESS =   -25.1
 Etot   =    -78349.1404  EKtot   =     19644.5625  EPtot      =    -97993.7029
 BOND   =       828.2893  ANGLE   =      1908.3015  DIHED      =      3413.9983
 1-4 NB =       982.6171  1-4 EEL =     12834.2324  VDWAALS    =     10374.1201
 EELEC  =   -128411.2679  EHBOND  =         0.0000  RESTRAINT  =        76.0063
 EAMBER (non-restraint)  =    -98069.7092
 EKCMT  =      8217.9216  VIRIAL  =      8389.9115  VOLUME     =    317083.4050
                                                    Density    =         1.0335
 ------------------------------------------------------------------------------

wrapping first mol.:       24.80346       35.07739       60.75582
wrapping first mol.:       24.80346       35.07739       60.75582

 NSTEP =     5000   TIME(PS) =    1950.000  TEMP(K) =   303.03  PRESS =   241.6
 Etot   =    -78423.6344  EKtot   =     19833.6797  EPtot      =    -98257.3141
 BOND   =       803.7976  ANGLE   =      1898.6289  DIHED      =      3429.7464
 1-4 NB =       989.7908  1-4 EEL =     12834.9690  VDWAALS    =     10687.4412
 EELEC  =   -128986.7487  EHBOND  =         0.0000  RESTRAINT  =        85.0608
 EAMBER (non-restraint)  =    -98342.3749
 EKCMT  =      8441.4946  VIRIAL  =      6786.8893  VOLUME     =    317153.3631
                                                    Density    =         1.0333
 ------------------------------------------------------------------------------

wrapping first mol.:       24.81600       35.09513       60.78654
wrapping first mol.:       24.81600       35.09513       60.78654

 NSTEP =     5500   TIME(PS) =    1951.000  TEMP(K) =   298.64  PRESS =    93.8
 Etot   =    -78705.6310  EKtot   =     19546.1543  EPtot      =    -98251.7853
 BOND   =       765.4351  ANGLE   =      1911.5118  DIHED      =      3426.4283
 1-4 NB =      1000.1569  1-4 EEL =     12832.3221  VDWAALS    =     10632.0315
 EELEC  =   -128893.2153  EHBOND  =         0.0000  RESTRAINT  =        73.5443
 EAMBER (non-restraint)  =    -98325.3296
 EKCMT  =      8312.2676  VIRIAL  =      7668.7897  VOLUME     =    317638.8877
                                                    Density    =         1.0317
 ------------------------------------------------------------------------------

wrapping first mol.:       24.80200       35.07532       60.75223
wrapping first mol.:       24.80200       35.07532       60.75223

 NSTEP =     6000   TIME(PS) =    1952.000  TEMP(K) =   301.19  PRESS =    11.5
 Etot   =    -78503.2866  EKtot   =     19713.0332  EPtot      =    -98216.3198
 BOND   =       845.5218  ANGLE   =      1923.1006  DIHED      =      3423.3505
 1-4 NB =       988.9258  1-4 EEL =     12774.3644  VDWAALS    =     10527.8140
 EELEC  =   -128783.7664  EHBOND  =         0.0000  RESTRAINT  =        84.3696
 EAMBER (non-restraint)  =    -98300.6893
 EKCMT  =      8335.1314  VIRIAL  =      8256.5883  VOLUME     =    317103.7095
                                                    Density    =         1.0335
 ------------------------------------------------------------------------------

wrapping first mol.:       24.79761       35.06911       60.74147
wrapping first mol.:       24.79761       35.06911       60.74147

 NSTEP =     6500   TIME(PS) =    1953.000  TEMP(K) =   298.94  PRESS =   126.8
 Etot   =    -78681.9309  EKtot   =     19565.8457  EPtot      =    -98247.7766
 BOND   =       809.3815  ANGLE   =      1888.9392  DIHED      =      3423.3632
 1-4 NB =      1000.3889  1-4 EEL =     12827.0984  VDWAALS    =     10773.8314
 EELEC  =   -129056.1794  EHBOND  =         0.0000  RESTRAINT  =        85.4004
 EAMBER (non-restraint)  =    -98333.1770
 EKCMT  =      8224.0828  VIRIAL  =      7356.7077  VOLUME     =    316931.9792
                                                    Density    =         1.0340
 ------------------------------------------------------------------------------

wrapping first mol.:       24.79480       35.06513       60.73459
wrapping first mol.:       24.79480       35.06513       60.73459

 NSTEP =     7000   TIME(PS) =    1954.000  TEMP(K) =   298.76  PRESS =   196.9
 Etot   =    -78837.8042  EKtot   =     19553.9102  EPtot      =    -98391.7144
 BOND   =       817.0959  ANGLE   =      1898.1265  DIHED      =      3414.2821
 1-4 NB =       990.8521  1-4 EEL =     12818.5641  VDWAALS    =     10656.7801
 EELEC  =   -129076.3046  EHBOND  =         0.0000  RESTRAINT  =        88.8893
 EAMBER (non-restraint)  =    -98480.6036
 EKCMT  =      8236.2090  VIRIAL  =      6889.3244  VOLUME     =    316822.2491
                                                    Density    =         1.0344
 ------------------------------------------------------------------------------

wrapping first mol.:       24.79752       35.06899       60.74127
wrapping first mol.:       24.79752       35.06899       60.74127

 NSTEP =     7500   TIME(PS) =    1955.000  TEMP(K) =   299.78  PRESS =  -342.4
 Etot   =    -78761.4756  EKtot   =     19620.7344  EPtot      =    -98382.2099
 BOND   =       798.9530  ANGLE   =      1912.2636  DIHED      =      3421.5572
 1-4 NB =       984.0747  1-4 EEL =     12799.2434  VDWAALS    =     10528.5725
 EELEC  =   -128918.3718  EHBOND  =         0.0000  RESTRAINT  =        91.4973
 EAMBER (non-restraint)  =    -98473.7073
 EKCMT  =      8254.6288  VIRIAL  =     10597.7196  VOLUME     =    316942.0511
                                                    Density    =         1.0340
 ------------------------------------------------------------------------------

wrapping first mol.:       24.81162       35.08893       60.77580
wrapping first mol.:       24.81162       35.08893       60.77580

 NSTEP =     8000   TIME(PS) =    1956.000  TEMP(K) =   298.17  PRESS =    13.7
 Etot   =    -78708.5731  EKtot   =     19515.8086  EPtot      =    -98224.3817
 BOND   =       784.3325  ANGLE   =      1962.7919  DIHED      =      3390.1092
 1-4 NB =       994.4585  1-4 EEL =     12837.0043  VDWAALS    =     10608.5169
 EELEC  =   -128879.8849  EHBOND  =         0.0000  RESTRAINT  =        78.2900
 EAMBER (non-restraint)  =    -98302.6717
 EKCMT  =      8235.7877  VIRIAL  =      8141.8152  VOLUME     =    317472.8540
                                                    Density    =         1.0323
 ------------------------------------------------------------------------------

wrapping first mol.:       24.80535       35.08007       60.76045
wrapping first mol.:       24.80535       35.08007       60.76045

 NSTEP =     8500   TIME(PS) =    1957.000  TEMP(K) =   296.30  PRESS =  -127.4
 Etot   =    -78790.5569  EKtot   =     19393.1797  EPtot      =    -98183.7366
 BOND   =       787.6604  ANGLE   =      1895.9190  DIHED      =      3407.7163
 1-4 NB =       982.2071  1-4 EEL =     12809.4315  VDWAALS    =     10747.9911
 EELEC  =   -128896.4413  EHBOND  =         0.0000  RESTRAINT  =        81.7794
 EAMBER (non-restraint)  =    -98265.5160
 EKCMT  =      8182.9469  VIRIAL  =      9055.3527  VOLUME     =    317236.3125
                                                    Density    =         1.0330
 ------------------------------------------------------------------------------

wrapping first mol.:       24.79948       35.07175       60.74606
wrapping first mol.:       24.79948       35.07175       60.74606

 NSTEP =     9000   TIME(PS) =    1958.000  TEMP(K) =   299.98  PRESS =   -64.2
 Etot   =    -78582.5024  EKtot   =     19634.0469  EPtot      =    -98216.5493
 BOND   =       823.3654  ANGLE   =      1895.4571  DIHED      =      3399.7328
 1-4 NB =      1000.5027  1-4 EEL =     12848.8242  VDWAALS    =     10518.0900
 EELEC  =   -128788.4622  EHBOND  =         0.0000  RESTRAINT  =        85.9407
 EAMBER (non-restraint)  =    -98302.4900
 EKCMT  =      8261.4195  VIRIAL  =      8700.7010  VOLUME     =    317009.1112
                                                    Density    =         1.0338
 ------------------------------------------------------------------------------

wrapping first mol.:       24.80613       35.08117       60.76236
wrapping first mol.:       24.80613       35.08117       60.76236

 NSTEP =     9500   TIME(PS) =    1959.000  TEMP(K) =   301.56  PRESS =   177.1
 Etot   =    -78634.7274  EKtot   =     19737.1777  EPtot      =    -98371.9051
 BOND   =       780.1803  ANGLE   =      1890.0762  DIHED      =      3408.3421
 1-4 NB =       983.7842  1-4 EEL =     12862.8962  VDWAALS    =     10923.7411
 EELEC  =   -129304.6725  EHBOND  =         0.0000  RESTRAINT  =        83.7473
 EAMBER (non-restraint)  =    -98455.6524
 EKCMT  =      8353.2986  VIRIAL  =      7139.9017  VOLUME     =    317257.6111
                                                    Density    =         1.0330
 ------------------------------------------------------------------------------

wrapping first mol.:       24.80793       35.08371       60.76677
wrapping first mol.:       24.80793       35.08371       60.76677

 NSTEP =    10000   TIME(PS) =    1960.000  TEMP(K) =   301.86  PRESS =  -105.2
 Etot   =    -78466.1962  EKtot   =     19757.1230  EPtot      =    -98223.3193
 BOND   =       806.8740  ANGLE   =      1864.9734  DIHED      =      3426.0629
 1-4 NB =      1009.9682  1-4 EEL =     12779.2131  VDWAALS    =     10701.0809
 EELEC  =   -128888.0493  EHBOND  =         0.0000  RESTRAINT  =        76.5575
 EAMBER (non-restraint)  =    -98299.8768
 EKCMT  =      8366.9265  VIRIAL  =      9087.8048  VOLUME     =    317334.6759
                                                    Density    =         1.0327
 ------------------------------------------------------------------------------

wrapping first mol.:       24.81110       35.08820       60.77454
wrapping first mol.:       24.81110       35.08820       60.77454

 NSTEP =    10500   TIME(PS) =    1961.000  TEMP(K) =   297.69  PRESS =   219.9
 Etot   =    -78949.1101  EKtot   =     19484.2422  EPtot      =    -98433.3523
 BOND   =       819.1205  ANGLE   =      1913.9408  DIHED      =      3402.7276
 1-4 NB =      1002.1422  1-4 EEL =     12837.7319  VDWAALS    =     10719.1013
 EELEC  =   -129213.8456  EHBOND  =         0.0000  RESTRAINT  =        85.7290
 EAMBER (non-restraint)  =    -98519.0813
 EKCMT  =      8245.8422  VIRIAL  =      6738.3292  VOLUME     =    317447.1510
                                                    Density    =         1.0324
 ------------------------------------------------------------------------------

wrapping first mol.:       24.78548       35.05196       60.71178
wrapping first mol.:       24.78548       35.05196       60.71178

 NSTEP =    11000   TIME(PS) =    1962.000  TEMP(K) =   296.84  PRESS =   230.0
 Etot   =    -79086.2177  EKtot   =     19428.7891  EPtot      =    -98515.0068
 BOND   =       763.1209  ANGLE   =      1916.9118  DIHED      =      3441.0642
 1-4 NB =      1016.6667  1-4 EEL =     12808.8863  VDWAALS    =     10784.6488
 EELEC  =   -129334.4698  EHBOND  =         0.0000  RESTRAINT  =        88.1643
 EAMBER (non-restraint)  =    -98603.1711
 EKCMT  =      8274.0531  VIRIAL  =      6702.5584  VOLUME     =    316464.4575
                                                    Density    =         1.0356
 ------------------------------------------------------------------------------

wrapping first mol.:       24.79819       35.06994       60.74291
wrapping first mol.:       24.79819       35.06994       60.74291

 NSTEP =    11500   TIME(PS) =    1963.000  TEMP(K) =   301.33  PRESS =   123.8
 Etot   =    -78635.9312  EKtot   =     19722.1816  EPtot      =    -98358.1128
 BOND   =       807.6288  ANGLE   =      1914.1825  DIHED      =      3423.8621
 1-4 NB =       989.9704  1-4 EEL =     12814.9987  VDWAALS    =     10540.1868
 EELEC  =   -128925.6447  EHBOND  =         0.0000  RESTRAINT  =        76.7026
 EAMBER (non-restraint)  =    -98434.8154
 EKCMT  =      8312.1335  VIRIAL  =      7465.1636  VOLUME     =    316954.5659
                                                    Density    =         1.0340
 ------------------------------------------------------------------------------

wrapping first mol.:       24.79792       35.06955       60.74224
wrapping first mol.:       24.79792       35.06955       60.74224

 NSTEP =    12000   TIME(PS) =    1964.000  TEMP(K) =   300.17  PRESS =    81.4
 Etot   =    -78615.8083  EKtot   =     19646.1953  EPtot      =    -98262.0036
 BOND   =       802.8985  ANGLE   =      1918.8184  DIHED      =      3427.0126
 1-4 NB =       979.1432  1-4 EEL =     12816.4243  VDWAALS    =     10759.5249
 EELEC  =   -129048.7033  EHBOND  =         0.0000  RESTRAINT  =        82.8777
 EAMBER (non-restraint)  =    -98344.8813
 EKCMT  =      8213.9331  VIRIAL  =      7656.6826  VOLUME     =    316945.1953
                                                    Density    =         1.0340
 ------------------------------------------------------------------------------

wrapping first mol.:       24.80075       35.07355       60.74917
wrapping first mol.:       24.80075       35.07355       60.74917

 NSTEP =    12500   TIME(PS) =    1965.000  TEMP(K) =   298.23  PRESS =  -140.2
 Etot   =    -78818.0669  EKtot   =     19519.4746  EPtot      =    -98337.5416
 BOND   =       826.9095  ANGLE   =      1890.6065  DIHED      =      3438.7226
 1-4 NB =       992.0142  1-4 EEL =     12750.4620  VDWAALS    =     10366.6722
 EELEC  =   -128687.7433  EHBOND  =         0.0000  RESTRAINT  =        84.8148
 EAMBER (non-restraint)  =    -98422.3564
 EKCMT  =      8289.3581  VIRIAL  =      9249.3271  VOLUME     =    317059.9746
                                                    Density    =         1.0336
 ------------------------------------------------------------------------------

wrapping first mol.:       24.79868       35.07063       60.74410
wrapping first mol.:       24.79868       35.07063       60.74410

 NSTEP =    13000   TIME(PS) =    1966.000  TEMP(K) =   300.36  PRESS =    48.9
 Etot   =    -78704.9985  EKtot   =     19659.1875  EPtot      =    -98364.1860
 BOND   =       781.5694  ANGLE   =      1951.7339  DIHED      =      3427.6999
 1-4 NB =       980.9219  1-4 EEL =     12865.8614  VDWAALS    =     10725.1540
 EELEC  =   -129186.4838  EHBOND  =         0.0000  RESTRAINT  =        89.3574
 EAMBER (non-restraint)  =    -98453.5434
 EKCMT  =      8242.1590  VIRIAL  =      7907.3250  VOLUME     =    316975.3478
                                                    Density    =         1.0339
 ------------------------------------------------------------------------------

wrapping first mol.:       24.81349       35.09157       60.78038
wrapping first mol.:       24.81349       35.09157       60.78038

 NSTEP =    13500   TIME(PS) =    1967.000  TEMP(K) =   299.06  PRESS =  -152.9
 Etot   =    -78666.3792  EKtot   =     19573.7031  EPtot      =    -98240.0823
 BOND   =       813.5429  ANGLE   =      1932.9776  DIHED      =      3387.9849
 1-4 NB =       973.2840  1-4 EEL =     12834.3123  VDWAALS    =     10472.7607
 EELEC  =   -128740.7189  EHBOND  =         0.0000  RESTRAINT  =        85.7741
 EAMBER (non-restraint)  =    -98325.8564
 EKCMT  =      8331.8520  VIRIAL  =      9380.4124  VOLUME     =    317549.3090
                                                    Density    =         1.0320
 ------------------------------------------------------------------------------

wrapping first mol.:       24.81279       35.09058       60.77867
wrapping first mol.:       24.81279       35.09058       60.77867

 NSTEP =    14000   TIME(PS) =    1968.000  TEMP(K) =   300.26  PRESS =   253.9
 Etot   =    -78604.6101  EKtot   =     19652.1484  EPtot      =    -98256.7585
 BOND   =       782.5031  ANGLE   =      1893.5165  DIHED      =      3428.4332
 1-4 NB =      1029.8420  1-4 EEL =     12818.8953  VDWAALS    =     10743.3011
 EELEC  =   -129043.1810  EHBOND  =         0.0000  RESTRAINT  =        89.9313
 EAMBER (non-restraint)  =    -98346.6898
 EKCMT  =      8284.4135  VIRIAL  =      6543.9614  VOLUME     =    317510.9054
                                                    Density    =         1.0321
 ------------------------------------------------------------------------------

wrapping first mol.:       24.82223       35.10394       60.80180
wrapping first mol.:       24.82223       35.10394       60.80180

 NSTEP =    14500   TIME(PS) =    1969.000  TEMP(K) =   299.74  PRESS =   -11.0
 Etot   =    -78476.5044  EKtot   =     19618.4980  EPtot      =    -98095.0025
 BOND   =       819.1876  ANGLE   =      1941.0048  DIHED      =      3415.5327
 1-4 NB =       989.5401  1-4 EEL =     12824.1601  VDWAALS    =     10593.2117
 EELEC  =   -128767.6624  EHBOND  =         0.0000  RESTRAINT  =        90.0229
 EAMBER (non-restraint)  =    -98185.0253
 EKCMT  =      8275.7974  VIRIAL  =      8351.5288  VOLUME     =    317881.1176
                                                    Density    =         1.0309
 ------------------------------------------------------------------------------

wrapping first mol.:       24.82724       35.11101       60.81405
wrapping first mol.:       24.82724       35.11101       60.81405

 NSTEP =    15000   TIME(PS) =    1970.000  TEMP(K) =   297.45  PRESS =   -61.5
 Etot   =    -78801.1545  EKtot   =     19468.7480  EPtot      =    -98269.9025
 BOND   =       793.6278  ANGLE   =      1879.5954  DIHED      =      3381.0130
 1-4 NB =       991.3449  1-4 EEL =     12837.6888  VDWAALS    =     10747.0870
 EELEC  =   -128974.7133  EHBOND  =         0.0000  RESTRAINT  =        74.4538
 EAMBER (non-restraint)  =    -98344.3563
 EKCMT  =      8317.5749  VIRIAL  =      8740.1182  VOLUME     =    318074.7480
                                                    Density    =         1.0303
 ------------------------------------------------------------------------------

wrapping first mol.:       24.83151       35.11705       60.82451
wrapping first mol.:       24.83151       35.11705       60.82451

 NSTEP =    15500   TIME(PS) =    1971.000  TEMP(K) =   299.75  PRESS =    22.4
 Etot   =    -78604.8471  EKtot   =     19618.8184  EPtot      =    -98223.6654
 BOND   =       819.3712  ANGLE   =      1960.1253  DIHED      =      3430.6197
 1-4 NB =       987.2881  1-4 EEL =     12838.1154  VDWAALS    =     10537.4207
 EELEC  =   -128879.0341  EHBOND  =         0.0000  RESTRAINT  =        82.4282
 EAMBER (non-restraint)  =    -98306.0937
 EKCMT  =      8284.0260  VIRIAL  =      8130.0948  VOLUME     =    318236.5132
                                                    Density    =         1.0298
 ------------------------------------------------------------------------------

wrapping first mol.:       24.80733       35.08287       60.76530
wrapping first mol.:       24.80733       35.08287       60.76530

 NSTEP =    16000   TIME(PS) =    1972.000  TEMP(K) =   298.35  PRESS =   -67.4
 Etot   =    -78799.1783  EKtot   =     19527.2754  EPtot      =    -98326.4537
 BOND   =       791.6023  ANGLE   =      1891.3349  DIHED      =      3398.9290
 1-4 NB =       983.4805  1-4 EEL =     12760.6850  VDWAALS    =     10498.9071
 EELEC  =   -128727.5580  EHBOND  =         0.0000  RESTRAINT  =        76.1656
 EAMBER (non-restraint)  =    -98402.6193
 EKCMT  =      8188.4120  VIRIAL  =      8650.0573  VOLUME     =    317310.6053
                                                    Density    =         1.0328
 ------------------------------------------------------------------------------

wrapping first mol.:       24.79962       35.07196       60.74640
wrapping first mol.:       24.79962       35.07196       60.74640

 NSTEP =    16500   TIME(PS) =    1973.000  TEMP(K) =   298.52  PRESS =   165.3
 Etot   =    -78717.7021  EKtot   =     19538.4492  EPtot      =    -98256.1513
 BOND   =       801.0420  ANGLE   =      1971.2469  DIHED      =      3404.8406
 1-4 NB =       995.1548  1-4 EEL =     12814.8317  VDWAALS    =     10641.9589
 EELEC  =   -128972.3089  EHBOND  =         0.0000  RESTRAINT  =        87.0827
 EAMBER (non-restraint)  =    -98343.2340
 EKCMT  =      8309.4161  VIRIAL  =      7177.9029  VOLUME     =    317008.0805
                                                    Density    =         1.0338
 ------------------------------------------------------------------------------

wrapping first mol.:       24.79918       35.07134       60.74534
wrapping first mol.:       24.79918       35.07134       60.74534

 NSTEP =    17000   TIME(PS) =    1974.000  TEMP(K) =   300.39  PRESS =  -123.0
 Etot   =    -78648.2960  EKtot   =     19660.9941  EPtot      =    -98309.2902
 BOND   =       820.8351  ANGLE   =      1886.8237  DIHED      =      3400.1662
 1-4 NB =      1007.1669  1-4 EEL =     12892.2851  VDWAALS    =     10614.2857
 EELEC  =   -129010.3642  EHBOND  =         0.0000  RESTRAINT  =        79.5112
 EAMBER (non-restraint)  =    -98388.8014
 EKCMT  =      8338.2957  VIRIAL  =      9180.3924  VOLUME     =    316999.5473
                                                    Density    =         1.0338
 ------------------------------------------------------------------------------

wrapping first mol.:       24.81032       35.08709       60.77263
wrapping first mol.:       24.81032       35.08709       60.77263

 NSTEP =    17500   TIME(PS) =    1975.000  TEMP(K) =   301.69  PRESS =   -64.4
 Etot   =    -78268.4867  EKtot   =     19746.0410  EPtot      =    -98014.5277
 BOND   =       806.4471  ANGLE   =      1940.1443  DIHED      =      3423.7905
 1-4 NB =       993.1295  1-4 EEL =     12860.3142  VDWAALS    =     10568.5900
 EELEC  =   -128690.0844  EHBOND  =         0.0000  RESTRAINT  =        83.1412
 EAMBER (non-restraint)  =    -98097.6689
 EKCMT  =      8357.7252  VIRIAL  =      8798.7990  VOLUME     =    317425.2638
                                                    Density    =         1.0324
 ------------------------------------------------------------------------------

wrapping first mol.:       24.80063       35.07338       60.74888
wrapping first mol.:       24.80063       35.07338       60.74888

 NSTEP =    18000   TIME(PS) =    1976.000  TEMP(K) =   298.63  PRESS =   -16.6
 Etot   =    -78569.9941  EKtot   =     19545.4434  EPtot      =    -98115.4374
 BOND   =       824.8557  ANGLE   =      1942.1125  DIHED      =      3460.0476
 1-4 NB =       986.3905  1-4 EEL =     12836.2410  VDWAALS    =     10469.3917
 EELEC  =   -128713.8634  EHBOND  =         0.0000  RESTRAINT  =        79.3869
 EAMBER (non-restraint)  =    -98194.8244
 EKCMT  =      8210.3633  VIRIAL  =      8323.7358  VOLUME     =    317051.9205
                                                    Density    =         1.0336
 ------------------------------------------------------------------------------

wrapping first mol.:       24.79683       35.06801       60.73957
wrapping first mol.:       24.79683       35.06801       60.73957

 NSTEP =    18500   TIME(PS) =    1977.000  TEMP(K) =   301.48  PRESS =   101.4
 Etot   =    -78649.8003  EKtot   =     19732.4414  EPtot      =    -98382.2417
 BOND   =       776.9223  ANGLE   =      1940.6829  DIHED      =      3443.9284
 1-4 NB =       979.1008  1-4 EEL =     12818.3397  VDWAALS    =     10419.1791
 EELEC  =   -128844.1204  EHBOND  =         0.0000  RESTRAINT  =        83.7254
 EAMBER (non-restraint)  =    -98465.9671
 EKCMT  =      8401.4397  VIRIAL  =      7707.2964  VOLUME     =    316902.8454
                                                    Density    =         1.0341
 ------------------------------------------------------------------------------

wrapping first mol.:       24.79480       35.06514       60.73460
wrapping first mol.:       24.79480       35.06514       60.73460

 NSTEP =    19000   TIME(PS) =    1978.000  TEMP(K) =   299.07  PRESS =   -34.0
 Etot   =    -78584.8576  EKtot   =     19574.7598  EPtot      =    -98159.6174
 BOND   =       742.6129  ANGLE   =      1896.3873  DIHED      =      3433.2412
 1-4 NB =      1010.8251  1-4 EEL =     12872.9959  VDWAALS    =     10610.2024
 EELEC  =   -128803.8656  EHBOND  =         0.0000  RESTRAINT  =        77.9835
 EAMBER (non-restraint)  =    -98237.6008
 EKCMT  =      8181.5457  VIRIAL  =      8414.2509  VOLUME     =    316828.9454
                                                    Density    =         1.0344
 ------------------------------------------------------------------------------

wrapping first mol.:       24.80348       35.07742       60.75586
wrapping first mol.:       24.80348       35.07742       60.75586

 NSTEP =    19500   TIME(PS) =    1979.000  TEMP(K) =   300.96  PRESS =  -139.9
 Etot   =    -78460.9565  EKtot   =     19698.4570  EPtot      =    -98159.4135
 BOND   =       778.2655  ANGLE   =      1931.9401  DIHED      =      3387.7445
 1-4 NB =      1005.3144  1-4 EEL =     12870.5280  VDWAALS    =     10473.3431
 EELEC  =   -128688.0248  EHBOND  =         0.0000  RESTRAINT  =        81.4758
 EAMBER (non-restraint)  =    -98240.8893
 EKCMT  =      8352.3468  VIRIAL  =      9310.3813  VOLUME     =    317164.8141
                                                    Density    =         1.0333
 ------------------------------------------------------------------------------

wrapping first mol.:       24.80321       35.07703       60.75520
wrapping first mol.:       24.80321       35.07703       60.75520

 NSTEP =    20000   TIME(PS) =    1980.000  TEMP(K) =   301.89  PRESS =   -57.5
 Etot   =    -78522.2391  EKtot   =     19758.8633  EPtot      =    -98281.1024
 BOND   =       830.8420  ANGLE   =      1912.8625  DIHED      =      3408.1255
 1-4 NB =       993.1768  1-4 EEL =     12847.8619  VDWAALS    =     10475.3470
 EELEC  =   -128826.0053  EHBOND  =         0.0000  RESTRAINT  =        76.6873
 EAMBER (non-restraint)  =    -98357.7897
 EKCMT  =      8306.3927  VIRIAL  =      8699.8329  VOLUME     =    317152.0900
                                                    Density    =         1.0333
 ------------------------------------------------------------------------------

wrapping first mol.:       24.79714       35.06846       60.74034
wrapping first mol.:       24.79714       35.06846       60.74034

 NSTEP =    20500   TIME(PS) =    1981.000  TEMP(K) =   301.41  PRESS =   -20.5
 Etot   =    -78582.6574  EKtot   =     19727.5078  EPtot      =    -98310.1652
 BOND   =       806.0421  ANGLE   =      1945.9824  DIHED      =      3422.1501
 1-4 NB =       981.0888  1-4 EEL =     12832.9052  VDWAALS    =     10544.5218
 EELEC  =   -128925.2883  EHBOND  =         0.0000  RESTRAINT  =        82.4327
 EAMBER (non-restraint)  =    -98392.5978
 EKCMT  =      8333.0783  VIRIAL  =      8473.2876  VOLUME     =    316918.4323
                                                    Density    =         1.0341
 ------------------------------------------------------------------------------

wrapping first mol.:       24.79657       35.06765       60.73894
wrapping first mol.:       24.79657       35.06765       60.73894

 NSTEP =    21000   TIME(PS) =    1982.000  TEMP(K) =   300.92  PRESS =    74.5
 Etot   =    -78504.8548  EKtot   =     19695.3789  EPtot      =    -98200.2337
 BOND   =       805.6173  ANGLE   =      1919.8531  DIHED      =      3404.3070
 1-4 NB =      1005.0253  1-4 EEL =     12828.5053  VDWAALS    =     10708.6209
 EELEC  =   -128949.1033  EHBOND  =         0.0000  RESTRAINT  =        76.9407
 EAMBER (non-restraint)  =    -98277.1744
 EKCMT  =      8346.8927  VIRIAL  =      7836.9656  VOLUME     =    316893.7934
                                                    Density    =         1.0342
 ------------------------------------------------------------------------------

wrapping first mol.:       24.79305       35.06266       60.73030
wrapping first mol.:       24.79305       35.06266       60.73030

 NSTEP =    21500   TIME(PS) =    1983.000  TEMP(K) =   298.78  PRESS =    12.0
 Etot   =    -78837.5112  EKtot   =     19555.3105  EPtot      =    -98392.8217
 BOND   =       802.2498  ANGLE   =      1903.3713  DIHED      =      3416.8635
 1-4 NB =       993.9640  1-4 EEL =     12763.9231  VDWAALS    =     10464.2215
 EELEC  =   -128825.2492  EHBOND  =         0.0000  RESTRAINT  =        87.8344
 EAMBER (non-restraint)  =    -98480.6561
 EKCMT  =      8236.1782  VIRIAL  =      8154.1206  VOLUME     =    316760.4167
                                                    Density    =         1.0346
 ------------------------------------------------------------------------------

wrapping first mol.:       24.81927       35.09975       60.79454
wrapping first mol.:       24.81927       35.09975       60.79454

 NSTEP =    22000   TIME(PS) =    1984.000  TEMP(K) =   301.79  PRESS =   -28.9
 Etot   =    -78628.6122  EKtot   =     19752.3828  EPtot      =    -98380.9950
 BOND   =       823.2316  ANGLE   =      1862.0193  DIHED      =      3388.5973
 1-4 NB =       981.4523  1-4 EEL =     12855.9279  VDWAALS    =     10695.4300
 EELEC  =   -129064.7611  EHBOND  =         0.0000  RESTRAINT  =        77.1078
 EAMBER (non-restraint)  =    -98458.1028
 EKCMT  =      8336.2869  VIRIAL  =      8534.8229  VOLUME     =    317767.8325
                                                    Density    =         1.0313
 ------------------------------------------------------------------------------

wrapping first mol.:       24.80750       35.08310       60.76571
wrapping first mol.:       24.80750       35.08310       60.76571

 NSTEP =    22500   TIME(PS) =    1985.000  TEMP(K) =   300.99  PRESS =   -10.2
 Etot   =    -78462.4168  EKtot   =     19700.1914  EPtot      =    -98162.6082
 BOND   =       788.9520  ANGLE   =      1923.6662  DIHED      =      3429.3852
 1-4 NB =       981.4844  1-4 EEL =     12766.0437  VDWAALS    =     10575.4472
 EELEC  =   -128710.8693  EHBOND  =         0.0000  RESTRAINT  =        83.2824
 EAMBER (non-restraint)  =    -98245.8906
 EKCMT  =      8301.8732  VIRIAL  =      8371.9399  VOLUME     =    317315.4364
                                                    Density    =         1.0328
 ------------------------------------------------------------------------------

wrapping first mol.:       24.79786       35.06947       60.74210
wrapping first mol.:       24.79786       35.06947       60.74210

 NSTEP =    23000   TIME(PS) =    1986.000  TEMP(K) =   300.52  PRESS =  -162.4
 Etot   =    -78452.0549  EKtot   =     19669.0801  EPtot      =    -98121.1349
 BOND   =       847.1008  ANGLE   =      1923.8973  DIHED      =      3434.0548
 1-4 NB =      1002.8595  1-4 EEL =     12818.0437  VDWAALS    =     10404.5840
 EELEC  =   -128635.6157  EHBOND  =         0.0000  RESTRAINT  =        83.9406
 EAMBER (non-restraint)  =    -98205.0756
 EKCMT  =      8237.0483  VIRIAL  =      9348.2895  VOLUME     =    316949.9663
                                                    Density    =         1.0340
 ------------------------------------------------------------------------------

wrapping first mol.:       24.79589       35.06668       60.73726
wrapping first mol.:       24.79589       35.06668       60.73726

 NSTEP =    23500   TIME(PS) =    1987.000  TEMP(K) =   298.09  PRESS =    69.7
 Etot   =    -78643.9205  EKtot   =     19510.5605  EPtot      =    -98154.4810
 BOND   =       823.1793  ANGLE   =      1941.0592  DIHED      =      3451.3133
 1-4 NB =       992.0364  1-4 EEL =     12796.3704  VDWAALS    =     10629.2620
 EELEC  =   -128873.9719  EHBOND  =         0.0000  RESTRAINT  =        86.2703
 EAMBER (non-restraint)  =    -98240.7513
 EKCMT  =      8352.6171  VIRIAL  =      7875.9916  VOLUME     =    316867.6696
                                                    Density    =         1.0342
 ------------------------------------------------------------------------------

wrapping first mol.:       24.78703       35.05415       60.71556
wrapping first mol.:       24.78703       35.05415       60.71556

 NSTEP =    24000   TIME(PS) =    1988.000  TEMP(K) =   301.99  PRESS =   148.7
 Etot   =    -78485.6465  EKtot   =     19765.3887  EPtot      =    -98251.0352
 BOND   =       755.3018  ANGLE   =      1896.5318  DIHED      =      3408.7755
 1-4 NB =      1002.2336  1-4 EEL =     12839.4659  VDWAALS    =     10615.9572
 EELEC  =   -128851.0713  EHBOND  =         0.0000  RESTRAINT  =        81.7704
 EAMBER (non-restraint)  =    -98332.8056
 EKCMT  =      8317.0602  VIRIAL  =      7300.6986  VOLUME     =    316525.9618
                                                    Density    =         1.0354
 ------------------------------------------------------------------------------

wrapping first mol.:       24.78849       35.05622       60.71915
wrapping first mol.:       24.78849       35.05622       60.71915

 NSTEP =    24500   TIME(PS) =    1989.000  TEMP(K) =   298.16  PRESS =    77.1
 Etot   =    -78729.9264  EKtot   =     19514.6367  EPtot      =    -98244.5631
 BOND   =       790.1641  ANGLE   =      1914.8716  DIHED      =      3393.6564
 1-4 NB =       998.5811  1-4 EEL =     12805.3185  VDWAALS    =     10421.0901
 EELEC  =   -128659.6596  EHBOND  =         0.0000  RESTRAINT  =        91.4147
 EAMBER (non-restraint)  =    -98335.9779
 EKCMT  =      8203.7729  VIRIAL  =      7676.8517  VOLUME     =    316584.1118
                                                    Density    =         1.0352
 ------------------------------------------------------------------------------

wrapping first mol.:       24.79986       35.07230       60.74701
wrapping first mol.:       24.79986       35.07230       60.74701

 NSTEP =    25000   TIME(PS) =    1990.000  TEMP(K) =   299.84  PRESS =   266.6
 Etot   =    -78675.6242  EKtot   =     19624.5859  EPtot      =    -98300.2101
 BOND   =       791.6332  ANGLE   =      1886.0498  DIHED      =      3434.0223
 1-4 NB =       981.7119  1-4 EEL =     12859.0937  VDWAALS    =     10586.8219
 EELEC  =   -128925.0815  EHBOND  =         0.0000  RESTRAINT  =        85.5386
 EAMBER (non-restraint)  =    -98385.7487
 EKCMT  =      8302.7311  VIRIAL  =      6478.0277  VOLUME     =    317014.6461
                                                    Density    =         1.0338
 ------------------------------------------------------------------------------

wrapping first mol.:       24.79729       35.06867       60.74071
wrapping first mol.:       24.79729       35.06867       60.74071

 NSTEP =    25500   TIME(PS) =    1991.000  TEMP(K) =   297.98  PRESS =   -56.9
 Etot   =    -78519.5902  EKtot   =     19503.1738  EPtot      =    -98022.7640
 BOND   =       791.3256  ANGLE   =      1898.4123  DIHED      =      3400.2703
 1-4 NB =      1013.0633  1-4 EEL =     12861.2479  VDWAALS    =     10547.0462
 EELEC  =   -128612.5567  EHBOND  =         0.0000  RESTRAINT  =        78.4272
 EAMBER (non-restraint)  =    -98101.1913
 EKCMT  =      8194.0886  VIRIAL  =      8583.3442  VOLUME     =    316925.2509
                                                    Density    =         1.0341
 ------------------------------------------------------------------------------

wrapping first mol.:       24.79780       35.06939       60.74196
wrapping first mol.:       24.79780       35.06939       60.74196

 NSTEP =    26000   TIME(PS) =    1992.000  TEMP(K) =   300.88  PRESS =   -17.5
 Etot   =    -78467.5564  EKtot   =     19693.2168  EPtot      =    -98160.7732
 BOND   =       882.6924  ANGLE   =      1923.8717  DIHED      =      3397.3050
 1-4 NB =       991.4116  1-4 EEL =     12858.3927  VDWAALS    =     10497.3160
 EELEC  =   -128793.9634  EHBOND  =         0.0000  RESTRAINT  =        82.2006
 EAMBER (non-restraint)  =    -98242.9739
 EKCMT  =      8280.4182  VIRIAL  =      8400.4442  VOLUME     =    316943.6339
                                                    Density    =         1.0340
 ------------------------------------------------------------------------------

wrapping first mol.:       24.79557       35.06623       60.73649
wrapping first mol.:       24.79557       35.06623       60.73649

 NSTEP =    26500   TIME(PS) =    1993.000  TEMP(K) =   300.99  PRESS =   197.5
 Etot   =    -78329.4078  EKtot   =     19700.2031  EPtot      =    -98029.6109
 BOND   =       849.3245  ANGLE   =      1903.1802  DIHED      =      3397.7923
 1-4 NB =       981.2120  1-4 EEL =     12790.7315  VDWAALS    =     10667.0289
 EELEC  =   -128699.0565  EHBOND  =         0.0000  RESTRAINT  =        80.1762
 EAMBER (non-restraint)  =    -98109.7871
 EKCMT  =      8297.2299  VIRIAL  =      6946.3936  VOLUME     =    316851.9925
                                                    Density    =         1.0343
 ------------------------------------------------------------------------------

wrapping first mol.:       24.81725       35.09689       60.78960
wrapping first mol.:       24.81725       35.09689       60.78960

 NSTEP =    27000   TIME(PS) =    1994.000  TEMP(K) =   301.88  PRESS =   134.9
 Etot   =    -78285.0475  EKtot   =     19758.6367  EPtot      =    -98043.6842
 BOND   =       820.6744  ANGLE   =      1916.1407  DIHED      =      3405.2553
 1-4 NB =      1008.0155  1-4 EEL =     12831.9070  VDWAALS    =     10729.4254
 EELEC  =   -128830.7211  EHBOND  =         0.0000  RESTRAINT  =        75.6186
 EAMBER (non-restraint)  =    -98119.3028
 EKCMT  =      8352.1983  VIRIAL  =      7427.0251  VOLUME     =    317685.6789
                                                    Density    =         1.0316
 ------------------------------------------------------------------------------

wrapping first mol.:       24.78691       35.05399       60.71529
wrapping first mol.:       24.78691       35.05399       60.71529

 NSTEP =    27500   TIME(PS) =    1995.000  TEMP(K) =   301.63  PRESS =    16.5
 Etot   =    -78538.1886  EKtot   =     19742.0020  EPtot      =    -98280.1906
 BOND   =       779.3162  ANGLE   =      1904.0307  DIHED      =      3417.1117
 1-4 NB =      1005.4454  1-4 EEL =     12863.8653  VDWAALS    =     10535.9748
 EELEC  =   -128867.6199  EHBOND  =         0.0000  RESTRAINT  =        81.6853
 EAMBER (non-restraint)  =    -98361.8759
 EKCMT  =      8494.8443  VIRIAL  =      8382.2064  VOLUME     =    316525.3657
                                                    Density    =         1.0354
 ------------------------------------------------------------------------------

wrapping first mol.:       24.79756       35.06904       60.74136
wrapping first mol.:       24.79756       35.06904       60.74136

 NSTEP =    28000   TIME(PS) =    1996.000  TEMP(K) =   299.56  PRESS =   310.6
 Etot   =    -78562.0935  EKtot   =     19606.7227  EPtot      =    -98168.8162
 BOND   =       811.1724  ANGLE   =      1895.2683  DIHED      =      3444.3204
 1-4 NB =      1023.8451  1-4 EEL =     12830.1816  VDWAALS    =     10980.8920
 EELEC  =   -129231.1486  EHBOND  =         0.0000  RESTRAINT  =        76.6526
 EAMBER (non-restraint)  =    -98245.4688
 EKCMT  =      8332.5613  VIRIAL  =      6207.1087  VOLUME     =    316925.0200
                                                    Density    =         1.0341
 ------------------------------------------------------------------------------

wrapping first mol.:       24.78469       35.05084       60.70983
wrapping first mol.:       24.78469       35.05084       60.70983

 NSTEP =    28500   TIME(PS) =    1997.000  TEMP(K) =   299.92  PRESS =   -85.6
 Etot   =    -78788.6890  EKtot   =     19629.7891  EPtot      =    -98418.4781
 BOND   =       797.5672  ANGLE   =      1895.1335  DIHED      =      3377.8367
 1-4 NB =       985.2717  1-4 EEL =     12872.8090  VDWAALS    =     10492.4054
 EELEC  =   -128918.2519  EHBOND  =         0.0000  RESTRAINT  =        78.7504
 EAMBER (non-restraint)  =    -98497.2285
 EKCMT  =      8256.4644  VIRIAL  =      8841.1500  VOLUME     =    316442.9814
                                                    Density    =         1.0356
 ------------------------------------------------------------------------------

wrapping first mol.:       24.79464       35.06492       60.73422
wrapping first mol.:       24.79464       35.06492       60.73422

 NSTEP =    29000   TIME(PS) =    1998.000  TEMP(K) =   299.23  PRESS =   -76.1
 Etot   =    -78594.7330  EKtot   =     19585.1270  EPtot      =    -98179.8599
 BOND   =       806.1904  ANGLE   =      1924.5018  DIHED      =      3420.1681
 1-4 NB =       992.4423  1-4 EEL =     12875.6960  VDWAALS    =     10553.4249
 EELEC  =   -128838.3480  EHBOND  =         0.0000  RESTRAINT  =        86.0646
 EAMBER (non-restraint)  =    -98265.9245
 EKCMT  =      8351.8945  VIRIAL  =      8872.7516  VOLUME     =    316824.1762
                                                    Density    =         1.0344
 ------------------------------------------------------------------------------

wrapping first mol.:       24.80610       35.08113       60.76229
wrapping first mol.:       24.80610       35.08113       60.76229

 NSTEP =    29500   TIME(PS) =    1999.000  TEMP(K) =   298.57  PRESS =   209.7
 Etot   =    -78734.5899  EKtot   =     19542.0234  EPtot      =    -98276.6134
 BOND   =       808.9490  ANGLE   =      1912.1859  DIHED      =      3426.6994
 1-4 NB =      1014.1303  1-4 EEL =     12843.6993  VDWAALS    =     10834.7379
 EELEC  =   -129197.5153  EHBOND  =         0.0000  RESTRAINT  =        80.5001
 EAMBER (non-restraint)  =    -98357.1135
 EKCMT  =      8224.1737  VIRIAL  =      6787.4342  VOLUME     =    317255.5231
                                                    Density    =         1.0330
 ------------------------------------------------------------------------------

wrapping first mol.:       24.80572       35.08058       60.76135
wrapping first mol.:       24.80572       35.08058       60.76135

 NSTEP =    30000   TIME(PS) =    2000.000  TEMP(K) =   300.95  PRESS =    47.7
 Etot   =    -78511.2848  EKtot   =     19697.5117  EPtot      =    -98208.7965
 BOND   =       790.5205  ANGLE   =      1920.4358  DIHED      =      3409.3931
 1-4 NB =       965.4902  1-4 EEL =     12777.5021  VDWAALS    =     10653.7463
 EELEC  =   -128807.5407  EHBOND  =         0.0000  RESTRAINT  =        81.6562
 EAMBER (non-restraint)  =    -98290.4527
 EKCMT  =      8412.9453  VIRIAL  =      8086.2410  VOLUME     =    317245.4020
                                                    Density    =         1.0330
 ------------------------------------------------------------------------------

wrapping first mol.:       24.80705       35.08246       60.76460
wrapping first mol.:       24.80705       35.08246       60.76460

 NSTEP =    30500   TIME(PS) =    2001.000  TEMP(K) =   300.76  PRESS =  -190.8
 Etot   =    -78443.0537  EKtot   =     19685.3418  EPtot      =    -98128.3955
 BOND   =       875.6929  ANGLE   =      1909.2798  DIHED      =      3433.6398
 1-4 NB =      1004.5768  1-4 EEL =     12795.1011  VDWAALS    =     10605.4009
 EELEC  =   -128828.8655  EHBOND  =         0.0000  RESTRAINT  =        76.7786
 EAMBER (non-restraint)  =    -98205.1741
 EKCMT  =      8302.0301  VIRIAL  =      9609.0476  VOLUME     =    317303.1627
                                                    Density    =         1.0328
 ------------------------------------------------------------------------------

wrapping first mol.:       24.80254       35.07608       60.75355
wrapping first mol.:       24.80254       35.07608       60.75355

 NSTEP =    31000   TIME(PS) =    2002.000  TEMP(K) =   297.78  PRESS =  -122.7
 Etot   =    -78684.4140  EKtot   =     19489.8691  EPtot      =    -98174.2832
 BOND   =       853.9393  ANGLE   =      1924.8430  DIHED      =      3439.6247
 1-4 NB =      1008.2714  1-4 EEL =     12795.1436  VDWAALS    =     10474.2092
 EELEC  =   -128754.4026  EHBOND  =         0.0000  RESTRAINT  =        84.0882
 EAMBER (non-restraint)  =    -98258.3714
 EKCMT  =      8246.3522  VIRIAL  =      9086.7762  VOLUME     =    317128.0941
                                                    Density    =         1.0334
 ------------------------------------------------------------------------------

wrapping first mol.:       24.80588       35.08081       60.76175
wrapping first mol.:       24.80588       35.08081       60.76175

 NSTEP =    31500   TIME(PS) =    2003.000  TEMP(K) =   297.23  PRESS =   -54.2
 Etot   =    -78514.0463  EKtot   =     19453.8047  EPtot      =    -97967.8510
 BOND   =       792.6332  ANGLE   =      1980.3153  DIHED      =      3412.2985
 1-4 NB =       993.1756  1-4 EEL =     12821.1598  VDWAALS    =     10439.3963
 EELEC  =   -128498.3744  EHBOND  =         0.0000  RESTRAINT  =        91.5447
 EAMBER (non-restraint)  =    -98059.3957
 EKCMT  =      8251.1428  VIRIAL  =      8622.2752  VOLUME     =    317254.5200
                                                    Density    =         1.0330
 ------------------------------------------------------------------------------

wrapping first mol.:       24.83052       35.11565       60.82209
wrapping first mol.:       24.83052       35.11565       60.82209

 NSTEP =    32000   TIME(PS) =    2004.000  TEMP(K) =   300.78  PRESS =    66.2
 Etot   =    -78326.8308  EKtot   =     19686.2676  EPtot      =    -98013.0984
 BOND   =       827.3775  ANGLE   =      1924.3887  DIHED      =      3427.3072
 1-4 NB =       985.6223  1-4 EEL =     12798.2515  VDWAALS    =     10590.5515
 EELEC  =   -128645.8017  EHBOND  =         0.0000  RESTRAINT  =        79.2047
 EAMBER (non-restraint)  =    -98092.3031
 EKCMT  =      8284.6125  VIRIAL  =      7830.0641  VOLUME     =    318197.3218
                                                    Density    =         1.0299
 ------------------------------------------------------------------------------

wrapping first mol.:       24.82565       35.10877       60.81017
wrapping first mol.:       24.82565       35.10877       60.81017

 NSTEP =    32500   TIME(PS) =    2005.000  TEMP(K) =   298.66  PRESS =    33.3
 Etot   =    -78711.0014  EKtot   =     19547.3203  EPtot      =    -98258.3217
 BOND   =       787.4108  ANGLE   =      1922.2455  DIHED      =      3440.3163
 1-4 NB =       994.2760  1-4 EEL =     12747.9633  VDWAALS    =     10538.6691
 EELEC  =   -128767.4810  EHBOND  =         0.0000  RESTRAINT  =        78.2781
 EAMBER (non-restraint)  =    -98336.5998
 EKCMT  =      8306.5580  VIRIAL  =      8078.0686  VOLUME     =    318011.1883
                                                    Density    =         1.0305
 ------------------------------------------------------------------------------

wrapping first mol.:       24.81207       35.08956       60.77689
wrapping first mol.:       24.81207       35.08956       60.77689

 NSTEP =    33000   TIME(PS) =    2006.000  TEMP(K) =   296.87  PRESS =  -321.9
 Etot   =    -78799.6851  EKtot   =     19430.4141  EPtot      =    -98230.0992
 BOND   =       839.4140  ANGLE   =      1883.1362  DIHED      =      3431.6566
 1-4 NB =       996.0810  1-4 EEL =     12801.7064  VDWAALS    =     10163.9227
 EELEC  =   -128428.2118  EHBOND  =         0.0000  RESTRAINT  =        82.1958
 EAMBER (non-restraint)  =    -98312.2950
 EKCMT  =      8198.8040  VIRIAL  =     10405.6478  VOLUME     =    317499.4539
                                                    Density    =         1.0322
 ------------------------------------------------------------------------------

wrapping first mol.:       24.79817       35.06991       60.74286
wrapping first mol.:       24.79817       35.06991       60.74286

 NSTEP =    33500   TIME(PS) =    2007.000  TEMP(K) =   298.61  PRESS =    64.6
 Etot   =    -78658.1192  EKtot   =     19544.3672  EPtot      =    -98202.4864
 BOND   =       786.2903  ANGLE   =      1933.2913  DIHED      =      3433.0009
 1-4 NB =       982.1862  1-4 EEL =     12840.1569  VDWAALS    =     10721.2317
 EELEC  =   -128982.6708  EHBOND  =         0.0000  RESTRAINT  =        84.0272
 EAMBER (non-restraint)  =    -98286.5136
 EKCMT  =      8244.4680  VIRIAL  =      7802.3494  VOLUME     =    316955.3849
                                                    Density    =         1.0340
 ------------------------------------------------------------------------------

wrapping first mol.:       24.79949       35.07178       60.74610
wrapping first mol.:       24.79949       35.07178       60.74610

 NSTEP =    34000   TIME(PS) =    2008.000  TEMP(K) =   301.19  PRESS =    12.9
 Etot   =    -78410.6189  EKtot   =     19713.3984  EPtot      =    -98124.0174
 BOND   =       794.6115  ANGLE   =      1903.4716  DIHED      =      3420.0134
 1-4 NB =      1005.6071  1-4 EEL =     12849.1278  VDWAALS    =     10550.9554
 EELEC  =   -128735.9055  EHBOND  =         0.0000  RESTRAINT  =        88.1014
 EAMBER (non-restraint)  =    -98212.1188
 EKCMT  =      8245.4902  VIRIAL  =      8156.9506  VOLUME     =    317007.5520
                                                    Density    =         1.0338
 ------------------------------------------------------------------------------

wrapping first mol.:       24.80742       35.08299       60.76552
wrapping first mol.:       24.80742       35.08299       60.76552

 NSTEP =    34500   TIME(PS) =    2009.000  TEMP(K) =   302.04  PRESS =  -136.4
 Etot   =    -78295.9556  EKtot   =     19769.1445  EPtot      =    -98065.1001
 BOND   =       841.6624  ANGLE   =      1904.2111  DIHED      =      3403.2612
 1-4 NB =       996.4537  1-4 EEL =     12861.1634  VDWAALS    =     10553.7414
 EELEC  =   -128707.6285  EHBOND  =         0.0000  RESTRAINT  =        82.0352
 EAMBER (non-restraint)  =    -98147.1353
 EKCMT  =      8357.3442  VIRIAL  =      9291.8504  VOLUME     =    317315.9481
                                                    Density    =         1.0328
 ------------------------------------------------------------------------------

wrapping first mol.:       24.79398       35.06399       60.73260
wrapping first mol.:       24.79398       35.06399       60.73260

 NSTEP =    35000   TIME(PS) =    2010.000  TEMP(K) =   299.04  PRESS =  -182.3
 Etot   =    -78621.3077  EKtot   =     19572.3086  EPtot      =    -98193.6163
 BOND   =       809.0336  ANGLE   =      1923.5009  DIHED      =      3425.1478
 1-4 NB =       980.6006  1-4 EEL =     12854.0905  VDWAALS    =     10682.6671
 EELEC  =   -128952.1927  EHBOND  =         0.0000  RESTRAINT  =        83.5359
 EAMBER (non-restraint)  =    -98277.1522
 EKCMT  =      8119.7152  VIRIAL  =      9366.6233  VOLUME     =    316801.8753
                                                    Density    =         1.0345
 ------------------------------------------------------------------------------

wrapping first mol.:       24.81370       35.09188       60.78091
wrapping first mol.:       24.81370       35.09188       60.78091

 NSTEP =    35500   TIME(PS) =    2011.000  TEMP(K) =   302.11  PRESS =   170.6
 Etot   =    -78359.9311  EKtot   =     19773.2930  EPtot      =    -98133.2241
 BOND   =       825.6281  ANGLE   =      1928.7599  DIHED      =      3414.0819
 1-4 NB =      1000.5793  1-4 EEL =     12812.1658  VDWAALS    =     10624.5389
 EELEC  =   -128832.2016  EHBOND  =         0.0000  RESTRAINT  =        93.2237
 EAMBER (non-restraint)  =    -98226.4478
 EKCMT  =      8406.0598  VIRIAL  =      7236.5804  VOLUME     =    317548.3809
                                                    Density    =         1.0320
 ------------------------------------------------------------------------------

wrapping first mol.:       24.80764       35.08330       60.76605
wrapping first mol.:       24.80764       35.08330       60.76605

 NSTEP =    36000   TIME(PS) =    2012.000  TEMP(K) =   298.97  PRESS =   139.3
 Etot   =    -78364.2542  EKtot   =     19568.2168  EPtot      =    -97932.4710
 BOND   =       831.1716  ANGLE   =      1902.9277  DIHED      =      3448.4324
 1-4 NB =       994.8666  1-4 EEL =     12838.9958  VDWAALS    =     10644.0954
 EELEC  =   -128677.2479  EHBOND  =         0.0000  RESTRAINT  =        84.2874
 EAMBER (non-restraint)  =    -98016.7584
 EKCMT  =      8254.0657  VIRIAL  =      7299.5391  VOLUME     =    317316.4464
                                                    Density    =         1.0328
 ------------------------------------------------------------------------------

wrapping first mol.:       24.79943       35.07169       60.74595
wrapping first mol.:       24.79943       35.07169       60.74595

 NSTEP =    36500   TIME(PS) =    2013.000  TEMP(K) =   297.46  PRESS =    43.1
 Etot   =    -78757.1321  EKtot   =     19469.2656  EPtot      =    -98226.3978
 BOND   =       775.9485  ANGLE   =      1920.8468  DIHED      =      3411.1219
 1-4 NB =      1003.9096  1-4 EEL =     12788.5911  VDWAALS    =     10664.6398
 EELEC  =   -128874.4088  EHBOND  =         0.0000  RESTRAINT  =        82.9533
 EAMBER (non-restraint)  =    -98309.3510
 EKCMT  =      8296.6955  VIRIAL  =      8001.6601  VOLUME     =    317004.3981
                                                    Density    =         1.0338
 ------------------------------------------------------------------------------

wrapping first mol.:       24.78726       35.05447       60.71612
wrapping first mol.:       24.78726       35.05447       60.71612

 NSTEP =    37000   TIME(PS) =    2014.000  TEMP(K) =   300.06  PRESS =  -179.6
 Etot   =    -78698.7511  EKtot   =     19639.5371  EPtot      =    -98338.2882
 BOND   =       837.5571  ANGLE   =      1886.4867  DIHED      =      3420.9383
 1-4 NB =       997.9656  1-4 EEL =     12824.4445  VDWAALS    =     10534.9982
 EELEC  =   -128929.0217  EHBOND  =         0.0000  RESTRAINT  =        88.3431
 EAMBER (non-restraint)  =    -98426.6313
 EKCMT  =      8235.8494  VIRIAL  =      9463.4286  VOLUME     =    316544.0051
                                                    Density    =         1.0353
 ------------------------------------------------------------------------------

wrapping first mol.:       24.79361       35.06346       60.73169
wrapping first mol.:       24.79361       35.06346       60.73169

 NSTEP =    37500   TIME(PS) =    2015.000  TEMP(K) =   301.36  PRESS =   213.4
 Etot   =    -78430.7103  EKtot   =     19724.3730  EPtot      =    -98155.0833
 BOND   =       795.7786  ANGLE   =      1921.9289  DIHED      =      3413.5262
 1-4 NB =      1010.4860  1-4 EEL =     12834.5544  VDWAALS    =     10607.8097
 EELEC  =   -128819.6409  EHBOND  =         0.0000  RESTRAINT  =        80.4738
 EAMBER (non-restraint)  =    -98235.5572
 EKCMT  =      8204.4893  VIRIAL  =      6744.7132  VOLUME     =    316776.3886
                                                    Density    =         1.0345
 ------------------------------------------------------------------------------

wrapping first mol.:       24.79217       35.06142       60.72815
wrapping first mol.:       24.79217       35.06142       60.72815

 NSTEP =    38000   TIME(PS) =    2016.000  TEMP(K) =   300.59  PRESS =  -100.6
 Etot   =    -78592.6009  EKtot   =     19674.1250  EPtot      =    -98266.7259
 BOND   =       799.3320  ANGLE   =      1948.1483  DIHED      =      3391.2364
 1-4 NB =       995.5470  1-4 EEL =     12844.8681  VDWAALS    =     10366.0633
 EELEC  =   -128697.9670  EHBOND  =         0.0000  RESTRAINT  =        86.0459
 EAMBER (non-restraint)  =    -98352.7718
 EKCMT  =      8309.4215  VIRIAL  =      8997.4528  VOLUME     =    316729.8631
                                                    Density    =         1.0347
 ------------------------------------------------------------------------------

wrapping first mol.:       24.79080       35.05949       60.72480
wrapping first mol.:       24.79080       35.05949       60.72480

 NSTEP =    38500   TIME(PS) =    2017.000  TEMP(K) =   299.23  PRESS =    24.5
 Etot   =    -78591.7027  EKtot   =     19585.2578  EPtot      =    -98176.9605
 BOND   =       838.2789  ANGLE   =      1878.2973  DIHED      =      3410.6628
 1-4 NB =       983.5658  1-4 EEL =     12832.9586  VDWAALS    =     10707.1993
 EELEC  =   -128908.4461  EHBOND  =         0.0000  RESTRAINT  =        80.5228
 EAMBER (non-restraint)  =    -98257.4834
 EKCMT  =      8300.8436  VIRIAL  =      8133.1260  VOLUME     =    316674.0145
                                                    Density    =         1.0349
 ------------------------------------------------------------------------------

wrapping first mol.:       24.79980       35.07222       60.74686
wrapping first mol.:       24.79980       35.07222       60.74686

 NSTEP =    39000   TIME(PS) =    2018.000  TEMP(K) =   302.20  PRESS =   -13.2
 Etot   =    -78589.2679  EKtot   =     19779.6582  EPtot      =    -98368.9261
 BOND   =       834.8667  ANGLE   =      1892.3284  DIHED      =      3416.6607
 1-4 NB =       990.2479  1-4 EEL =     12773.8400  VDWAALS    =     10593.2303
 EELEC  =   -128954.8290  EHBOND  =         0.0000  RESTRAINT  =        84.7289
 EAMBER (non-restraint)  =    -98453.6550
 EKCMT  =      8219.9083  VIRIAL  =      8310.5738  VOLUME     =    317020.1785
                                                    Density    =         1.0337
 ------------------------------------------------------------------------------

wrapping first mol.:       24.81196       35.08940       60.77662
wrapping first mol.:       24.81196       35.08940       60.77662

 NSTEP =    39500   TIME(PS) =    2019.000  TEMP(K) =   299.63  PRESS =   112.4
 Etot   =    -78933.1756  EKtot   =     19611.2168  EPtot      =    -98544.3924
 BOND   =       822.2357  ANGLE   =      1953.7645  DIHED      =      3408.8454
 1-4 NB =      1001.0031  1-4 EEL =     12821.0907  VDWAALS    =     10803.4855
 EELEC  =   -129428.4503  EHBOND  =         0.0000  RESTRAINT  =        73.6331
 EAMBER (non-restraint)  =    -98618.0255
 EKCMT  =      8241.1669  VIRIAL  =      7470.9763  VOLUME     =    317482.9063
                                                    Density    =         1.0322
 ------------------------------------------------------------------------------

wrapping first mol.:       24.79838       35.07021       60.74338
wrapping first mol.:       24.79838       35.07021       60.74338

 NSTEP =    40000   TIME(PS) =    2020.000  TEMP(K) =   300.38  PRESS =   175.2
 Etot   =    -78533.8644  EKtot   =     19660.3008  EPtot      =    -98194.1651
 BOND   =       823.1233  ANGLE   =      1945.5504  DIHED      =      3411.5145
 1-4 NB =      1002.7473  1-4 EEL =     12816.4388  VDWAALS    =     10660.8827
 EELEC  =   -128938.4932  EHBOND  =         0.0000  RESTRAINT  =        84.0710
 EAMBER (non-restraint)  =    -98278.2361
 EKCMT  =      8260.3576  VIRIAL  =      7061.0474  VOLUME     =    316960.4221
                                                    Density    =         1.0339
 ------------------------------------------------------------------------------

wrapping first mol.:       24.78859       35.05635       60.71938
wrapping first mol.:       24.78859       35.05635       60.71938

 NSTEP =    40500   TIME(PS) =    2021.000  TEMP(K) =   300.10  PRESS =    54.1
 Etot   =    -78477.6613  EKtot   =     19641.6660  EPtot      =    -98119.3273
 BOND   =       810.2254  ANGLE   =      1957.1696  DIHED      =      3381.0837
 1-4 NB =       996.3424  1-4 EEL =     12823.3377  VDWAALS    =     10660.9609
 EELEC  =   -128832.7756  EHBOND  =         0.0000  RESTRAINT  =        84.3286
 EAMBER (non-restraint)  =    -98203.6559
 EKCMT  =      8409.8300  VIRIAL  =      8040.1963  VOLUME     =    316588.3032
                                                    Density    =         1.0352
 ------------------------------------------------------------------------------

wrapping first mol.:       24.79870       35.07065       60.74415
wrapping first mol.:       24.79870       35.07065       60.74415

 NSTEP =    41000   TIME(PS) =    2022.000  TEMP(K) =   297.43  PRESS =  -124.3
 Etot   =    -78693.8416  EKtot   =     19467.4316  EPtot      =    -98161.2732
 BOND   =       818.6431  ANGLE   =      1910.7644  DIHED      =      3387.2715
 1-4 NB =      1002.2277  1-4 EEL =     12860.5213  VDWAALS    =     10420.1933
 EELEC  =   -128636.2509  EHBOND  =         0.0000  RESTRAINT  =        75.3563
 EAMBER (non-restraint)  =    -98236.6295
 EKCMT  =      8120.6578  VIRIAL  =      8971.6753  VOLUME     =    316980.9168
                                                    Density    =         1.0339
 ------------------------------------------------------------------------------

wrapping first mol.:       24.79006       35.05843       60.72298
wrapping first mol.:       24.79006       35.05843       60.72298

 NSTEP =    41500   TIME(PS) =    2023.000  TEMP(K) =   303.19  PRESS =   196.6
 Etot   =    -78496.4477  EKtot   =     19844.2402  EPtot      =    -98340.6879
 BOND   =       773.5325  ANGLE   =      1892.9968  DIHED      =      3407.4192
 1-4 NB =      1017.7482  1-4 EEL =     12844.2653  VDWAALS    =     10779.4385
 EELEC  =   -129137.9411  EHBOND  =         0.0000  RESTRAINT  =        81.8525
 EAMBER (non-restraint)  =    -98422.5405
 EKCMT  =      8329.9238  VIRIAL  =      6986.1375  VOLUME     =    316640.6400
                                                    Density    =         1.0350
 ------------------------------------------------------------------------------

wrapping first mol.:       24.79546       35.06608       60.73622
wrapping first mol.:       24.79546       35.06608       60.73622

 NSTEP =    42000   TIME(PS) =    2024.000  TEMP(K) =   302.15  PRESS =   -31.1
 Etot   =    -78425.9671  EKtot   =     19775.7695  EPtot      =    -98201.7366
 BOND   =       832.7988  ANGLE   =      1873.2977  DIHED      =      3405.4051
 1-4 NB =      1005.4143  1-4 EEL =     12820.4517  VDWAALS    =     10471.5178
 EELEC  =   -128688.6096  EHBOND  =         0.0000  RESTRAINT  =        77.9877
 EAMBER (non-restraint)  =    -98279.7243
 EKCMT  =      8371.9293  VIRIAL  =      8584.6769  VOLUME     =    316854.2239
                                                    Density    =         1.0343
 ------------------------------------------------------------------------------

wrapping first mol.:       24.79379       35.06371       60.73213
wrapping first mol.:       24.79379       35.06371       60.73213

 NSTEP =    42500   TIME(PS) =    2025.000  TEMP(K) =   300.82  PRESS =   445.2
 Etot   =    -78879.4124  EKtot   =     19689.1699  EPtot      =    -98568.5823
 BOND   =       794.1936  ANGLE   =      1926.9714  DIHED      =      3392.0169
 1-4 NB =       985.5836  1-4 EEL =     12815.2770  VDWAALS    =     10915.1229
 EELEC  =   -129472.5755  EHBOND  =         0.0000  RESTRAINT  =        74.8279
 EAMBER (non-restraint)  =    -98643.4102
 EKCMT  =      8292.5590  VIRIAL  =      5247.6192  VOLUME     =    316776.7495
                                                    Density    =         1.0345
 ------------------------------------------------------------------------------

wrapping first mol.:       24.79310       35.06273       60.73043
wrapping first mol.:       24.79310       35.06273       60.73043

 NSTEP =    43000   TIME(PS) =    2026.000  TEMP(K) =   302.98  PRESS =   -90.6
 Etot   =    -78240.7264  EKtot   =     19830.6504  EPtot      =    -98071.3768
 BOND   =       787.0466  ANGLE   =      1969.4529  DIHED      =      3399.0332
 1-4 NB =       997.9481  1-4 EEL =     12817.2198  VDWAALS    =     10490.3657
 EELEC  =   -128605.2968  EHBOND  =         0.0000  RESTRAINT  =        72.8537
 EAMBER (non-restraint)  =    -98144.2305
 EKCMT  =      8449.9975  VIRIAL  =      9069.6670  VOLUME     =    316765.2879
                                                    Density    =         1.0346
 ------------------------------------------------------------------------------

wrapping first mol.:       24.78332       35.04890       60.70647
wrapping first mol.:       24.78332       35.04890       60.70647

 NSTEP =    43500   TIME(PS) =    2027.000  TEMP(K) =   300.03  PRESS =  -121.8
 Etot   =    -78907.7446  EKtot   =     19637.1875  EPtot      =    -98544.9321
 BOND   =       813.1117  ANGLE   =      1876.1779  DIHED      =      3404.7629
 1-4 NB =       993.8542  1-4 EEL =     12885.4280  VDWAALS    =     10635.7714
 EELEC  =   -129235.8232  EHBOND  =         0.0000  RESTRAINT  =        81.7851
 EAMBER (non-restraint)  =    -98626.7171
 EKCMT  =      8334.1384  VIRIAL  =      9166.4109  VOLUME     =    316391.3814
                                                    Density    =         1.0358
 ------------------------------------------------------------------------------

wrapping first mol.:       24.77783       35.04114       60.69303
wrapping first mol.:       24.77783       35.04114       60.69303

 NSTEP =    44000   TIME(PS) =    2028.000  TEMP(K) =   296.99  PRESS =  -171.4
 Etot   =    -78903.8016  EKtot   =     19438.4590  EPtot      =    -98342.2606
 BOND   =       812.0473  ANGLE   =      1933.2781  DIHED      =      3427.4696
 1-4 NB =       998.8841  1-4 EEL =     12779.5880  VDWAALS    =     10541.0677
 EELEC  =   -128915.0472  EHBOND  =         0.0000  RESTRAINT  =        80.4518
 EAMBER (non-restraint)  =    -98422.7124
 EKCMT  =      8179.3863  VIRIAL  =      9349.1703  VOLUME     =    316182.7616
                                                    Density    =         1.0365
 ------------------------------------------------------------------------------

wrapping first mol.:       24.78377       35.04954       60.70757
wrapping first mol.:       24.78377       35.04954       60.70757

 NSTEP =    44500   TIME(PS) =    2029.000  TEMP(K) =   300.81  PRESS =   207.0
 Etot   =    -78819.6047  EKtot   =     19688.5859  EPtot      =    -98508.1906
 BOND   =       831.9619  ANGLE   =      1907.9624  DIHED      =      3410.5076
 1-4 NB =       997.2410  1-4 EEL =     12842.9958  VDWAALS    =     10884.6298
 EELEC  =   -129465.4129  EHBOND  =         0.0000  RESTRAINT  =        81.9237
 EAMBER (non-restraint)  =    -98590.1143
 EKCMT  =      8346.3426  VIRIAL  =      6932.5214  VOLUME     =    316399.3446
                                                    Density    =         1.0358
 ------------------------------------------------------------------------------

wrapping first mol.:       24.79266       35.06211       60.72935
wrapping first mol.:       24.79266       35.06211       60.72935

 NSTEP =    45000   TIME(PS) =    2030.000  TEMP(K) =   298.55  PRESS =    32.3
 Etot   =    -79028.9567  EKtot   =     19540.4375  EPtot      =    -98569.3942
 BOND   =       839.0384  ANGLE   =      1885.3715  DIHED      =      3410.2937
 1-4 NB =       989.5865  1-4 EEL =     12865.6449  VDWAALS    =     10571.5671
 EELEC  =   -129211.8335  EHBOND  =         0.0000  RESTRAINT  =        80.9371
 EAMBER (non-restraint)  =    -98650.3314
 EKCMT  =      8248.9832  VIRIAL  =      8027.8374  VOLUME     =    316744.9343
                                                    Density    =         1.0346
 ------------------------------------------------------------------------------

wrapping first mol.:       24.79712       35.06843       60.74029
wrapping first mol.:       24.79712       35.06843       60.74029

 NSTEP =    45500   TIME(PS) =    2031.000  TEMP(K) =   298.54  PRESS =    99.1
 Etot   =    -78944.0085  EKtot   =     19539.6582  EPtot      =    -98483.6667
 BOND   =       778.8327  ANGLE   =      1905.7204  DIHED      =      3417.9858
 1-4 NB =      1015.9395  1-4 EEL =     12853.9017  VDWAALS    =     10523.9212
 EELEC  =   -129053.9713  EHBOND  =         0.0000  RESTRAINT  =        74.0032
 EAMBER (non-restraint)  =    -98557.6699
 EKCMT  =      8189.2226  VIRIAL  =      7511.3076  VOLUME     =    316914.2922
                                                    Density    =         1.0341
 ------------------------------------------------------------------------------

wrapping first mol.:       24.80444       35.07877       60.75821
wrapping first mol.:       24.80444       35.07877       60.75821

 NSTEP =    46000   TIME(PS) =    2032.000  TEMP(K) =   299.55  PRESS =   -74.2
 Etot   =    -78628.3924  EKtot   =     19605.9512  EPtot      =    -98234.3436
 BOND   =       832.5632  ANGLE   =      1861.9369  DIHED      =      3419.1895
 1-4 NB =      1002.5139  1-4 EEL =     12840.3740  VDWAALS    =     10608.8142
 EELEC  =   -128877.1545  EHBOND  =         0.0000  RESTRAINT  =        77.4192
 EAMBER (non-restraint)  =    -98311.7628
 EKCMT  =      8315.0785  VIRIAL  =      8823.3605  VOLUME     =    317199.6404
                                                    Density    =         1.0332
 ------------------------------------------------------------------------------

wrapping first mol.:       24.80153       35.07466       60.75108
wrapping first mol.:       24.80153       35.07466       60.75108

 NSTEP =    46500   TIME(PS) =    2033.000  TEMP(K) =   300.44  PRESS =  -149.9
 Etot   =    -78440.2761  EKtot   =     19664.0508  EPtot      =    -98104.3268
 BOND   =       801.3459  ANGLE   =      1923.4925  DIHED      =      3411.5499
 1-4 NB =       997.4708  1-4 EEL =     12859.8531  VDWAALS    =     10492.9663
 EELEC  =   -128664.7100  EHBOND  =         0.0000  RESTRAINT  =        73.7047
 EAMBER (non-restraint)  =    -98178.0316
 EKCMT  =      8369.8530  VIRIAL  =      9396.4346  VOLUME     =    317090.2605
                                                    Density    =         1.0335
 ------------------------------------------------------------------------------

wrapping first mol.:       24.80017       35.07273       60.74775
wrapping first mol.:       24.80017       35.07273       60.74775

 NSTEP =    47000   TIME(PS) =    2034.000  TEMP(K) =   304.34  PRESS =    -3.5
 Etot   =    -78422.2527  EKtot   =     19919.2422  EPtot      =    -98341.4949
 BOND   =       787.2427  ANGLE   =      1926.9517  DIHED      =      3423.8780
 1-4 NB =       993.1052  1-4 EEL =     12843.9592  VDWAALS    =     10515.2188
 EELEC  =   -128912.9860  EHBOND  =         0.0000  RESTRAINT  =        81.1353
 EAMBER (non-restraint)  =    -98422.6303
 EKCMT  =      8482.2228  VIRIAL  =      8506.4538  VOLUME     =    317033.9716
                                                    Density    =         1.0337
 ------------------------------------------------------------------------------

wrapping first mol.:       24.78670       35.05369       60.71477
wrapping first mol.:       24.78670       35.05369       60.71477

 NSTEP =    47500   TIME(PS) =    2035.000  TEMP(K) =   300.86  PRESS =  -191.5
 Etot   =    -78703.8034  EKtot   =     19691.6543  EPtot      =    -98395.4577
 BOND   =       819.3158  ANGLE   =      1935.8299  DIHED      =      3401.3696
 1-4 NB =       961.5347  1-4 EEL =     12783.3545  VDWAALS    =     10467.9958
 EELEC  =   -128849.1095  EHBOND  =         0.0000  RESTRAINT  =        84.2516
 EAMBER (non-restraint)  =    -98479.7092
 EKCMT  =      8355.3615  VIRIAL  =      9664.2981  VOLUME     =    316523.1766
                                                    Density    =         1.0354
 ------------------------------------------------------------------------------

wrapping first mol.:       24.79616       35.06707       60.73794
wrapping first mol.:       24.79616       35.06707       60.73794

 NSTEP =    48000   TIME(PS) =    2036.000  TEMP(K) =   297.73  PRESS =   -39.3
 Etot   =    -78882.9525  EKtot   =     19486.7363  EPtot      =    -98369.6888
 BOND   =       778.9973  ANGLE   =      1897.6675  DIHED      =      3392.5162
 1-4 NB =      1026.6572  1-4 EEL =     12818.8565  VDWAALS    =     10694.5611
 EELEC  =   -129059.4352  EHBOND  =         0.0000  RESTRAINT  =        80.4905
 EAMBER (non-restraint)  =    -98450.1794
 EKCMT  =      8236.8038  VIRIAL  =      8505.6892  VOLUME     =    316881.4113
                                                    Density    =         1.0342
 ------------------------------------------------------------------------------

wrapping first mol.:       24.79142       35.06036       60.72631
wrapping first mol.:       24.79142       35.06036       60.72631

 NSTEP =    48500   TIME(PS) =    2037.000  TEMP(K) =   299.97  PRESS =    46.0
 Etot   =    -78544.0139  EKtot   =     19633.1465  EPtot      =    -98177.1604
 BOND   =       816.5043  ANGLE   =      1941.5797  DIHED      =      3428.9538
 1-4 NB =       991.6925  1-4 EEL =     12827.0562  VDWAALS    =     10434.9141
 EELEC  =   -128704.3687  EHBOND  =         0.0000  RESTRAINT  =        86.5075
 EAMBER (non-restraint)  =    -98263.6679
 EKCMT  =      8347.6645  VIRIAL  =      8033.0156  VOLUME     =    316697.0224
                                                    Density    =         1.0348
 ------------------------------------------------------------------------------

wrapping first mol.:       24.78710       35.05425       60.71574
wrapping first mol.:       24.78710       35.05425       60.71574

 NSTEP =    49000   TIME(PS) =    2038.000  TEMP(K) =   298.77  PRESS =    47.4
 Etot   =    -78385.1254  EKtot   =     19554.6582  EPtot      =    -97939.7836
 BOND   =       869.5290  ANGLE   =      1921.1863  DIHED      =      3393.2262
 1-4 NB =       998.5063  1-4 EEL =     12854.0449  VDWAALS    =     10364.5474
 EELEC  =   -128416.4551  EHBOND  =         0.0000  RESTRAINT  =        75.6314
 EAMBER (non-restraint)  =    -98015.4150
 EKCMT  =      8291.4991  VIRIAL  =      7967.6707  VOLUME     =    316531.5871
                                                    Density    =         1.0353
 ------------------------------------------------------------------------------

wrapping first mol.:       24.79000       35.05835       60.72284
wrapping first mol.:       24.79000       35.05835       60.72284

 NSTEP =    49500   TIME(PS) =    2039.000  TEMP(K) =   301.57  PRESS =   107.3
 Etot   =    -78835.3614  EKtot   =     19737.8086  EPtot      =    -98573.1700
 BOND   =       822.4875  ANGLE   =      1904.4613  DIHED      =      3375.1440
 1-4 NB =       982.9972  1-4 EEL =     12807.7676  VDWAALS    =     10508.4108
 EELEC  =   -129049.6810  EHBOND  =         0.0000  RESTRAINT  =        75.2426
 EAMBER (non-restraint)  =    -98648.4126
 EKCMT  =      8311.9004  VIRIAL  =      7578.4475  VOLUME     =    316640.9246
                                                    Density    =         1.0350
 ------------------------------------------------------------------------------

wrapping first mol.:       24.80219       35.07560       60.75271
wrapping first mol.:       24.80219       35.07560       60.75271

 NSTEP =    50000   TIME(PS) =    2040.000  TEMP(K) =   300.51  PRESS =   -71.2
 Etot   =    -78847.9710  EKtot   =     19668.6250  EPtot      =    -98516.5960
 BOND   =       809.0623  ANGLE   =      1935.5579  DIHED      =      3410.8671
 1-4 NB =       992.5428  1-4 EEL =     12801.7018  VDWAALS    =     10613.6590
 EELEC  =   -129161.7257  EHBOND  =         0.0000  RESTRAINT  =        81.7389
 EAMBER (non-restraint)  =    -98598.3349
 EKCMT  =      8353.1616  VIRIAL  =      8840.6954  VOLUME     =    317113.5556
                                                    Density    =         1.0334
 ------------------------------------------------------------------------------


      A V E R A G E S   O V E R     100 S T E P S


 NSTEP =    50000   TIME(PS) =    2040.000  TEMP(K) =   299.95  PRESS =    17.9
 Etot   =    -78613.7415  EKtot   =     19632.3357  EPtot      =    -98246.0772
 BOND   =       808.8848  ANGLE   =      1915.1752  DIHED      =      3414.9378
 1-4 NB =       994.9311  1-4 EEL =     12824.0207  VDWAALS    =     10594.8390
 EELEC  =   -128880.4631  EHBOND  =         0.0000  RESTRAINT  =        81.5973
 EAMBER (non-restraint)  =    -98327.6745
 EKCMT  =      8292.8403  VIRIAL  =      8170.1864  VOLUME     =    317071.8667
                                                    Density    =         1.0336
 ------------------------------------------------------------------------------


      R M S  F L U C T U A T I O N S


 NSTEP =    50000   TIME(PS) =    2040.000  TEMP(K) =     1.63  PRESS =   141.6
 Etot   =       183.1638  EKtot   =       106.8468  EPtot      =       147.3272
 BOND   =        25.0676  ANGLE   =        24.6077  DIHED      =        18.2611
 1-4 NB =        12.2674  1-4 EEL =        31.3625  VDWAALS    =       138.0573
 EELEC  =       221.4932  EHBOND  =         0.0000  RESTRAINT  =         4.8362
 EAMBER (non-restraint)  =       142.4909
 EKCMT  =        70.8796  VIRIAL  =       965.1451  VOLUME     =       402.0095
                                                    Density    =         0.0013
 ------------------------------------------------------------------------------

--------------------------------------------------------------------------------
   5.  TIMINGS
--------------------------------------------------------------------------------

|  NonSetup CPU Time in Major Routines:
|
|     Routine           Sec        %
|     ------------------------------
|     Nonbond         174.34   89.15
|     Bond              0.00    0.00
|     Angle             0.00    0.00
|     Dihedral          0.00    0.00
|     Shake             0.38    0.20
|     RunMD            20.78   10.63
|     Other             0.04    0.02
|     ------------------------------
|     Total           195.55

|  PME Nonbond Pairlist CPU Time:
|
|     Routine              Sec        %
|     ---------------------------------
|     Set Up Cit           0.00    0.00
|     Build List           0.00    0.00
|     ---------------------------------
|     Total                0.00    0.00

|  PME Direct Force CPU Time:
|
|     Routine              Sec        %
|     ---------------------------------
|     NonBonded Calc       0.00    0.00
|     Exclude Masked       0.00    0.00
|     Other                0.02    0.01
|     ---------------------------------
|     Total                0.02    0.01

|  PME Reciprocal Force CPU Time:
|
|     Routine              Sec        %
|     ---------------------------------
|     1D bspline           0.00    0.00
|     Grid Charges         0.00    0.00
|     Scalar Sum           0.00    0.00
|     Gradient Sum         0.00    0.00
|     FFT                  0.00    0.00
|     ---------------------------------
|     Total                0.00    0.00

|  Final Performance Info:
|     -----------------------------------------------------
|     Average timings for last    3000 steps:
|     Elapsed(s) =      11.73 Per Step(ms) =       3.91
|         ns/day =      44.18   seconds/ns =    1955.47
|
|     Average timings for all steps:
|     Elapsed(s) =     195.54 Per Step(ms) =       3.91
|         ns/day =      44.19   seconds/ns =    1955.37
|     -----------------------------------------------------

|  Setup CPU time:            0.51 seconds
|  NonSetup CPU time:       195.55 seconds
|  Total CPU time:          196.06 seconds     0.05 hours

|  Setup wall time:           0    seconds
|  NonSetup wall time:      196    seconds
|  Total wall time:         196    seconds     0.05 hours
