
          -------------------------------------------------------
          Amber 16 PMEMD                              2016
          -------------------------------------------------------

| PMEMD implementation of SANDER, Release 16

| Run on 10/26/2016 at 13:49:15

|   Executable path: pmemd.cuda
| Working directory: /home/german/exs/run/1prn/mhe/e
|          Hostname: Unknown
  [-O]verwriting output

File Assignments:
|   MDIN: 9equ.in                                                               
|  MDOUT: 9equ.out                                                              
| INPCRD: 8e1prn.rst7                                                           
|   PARM: 1prn.prmtop                                                           
| RESTRT: 9e1prn.rst7                                                           
|   REFC: 8e1prn.rst7                                                           
|  MDVEL: mdvel                                                                 
|   MDEN: mden                                                                  
|  MDCRD: 9e1prn.nc                                                             
| MDINFO: mdinfo                                                                
|  MDFRC: mdfrc                                                                 


 Here is the input file:

Equilibration with solute restrictions                                         
&cntrl                                                                         
imin = 0,                           ! No Minimization                          
nmropt = 0,                         ! No NMR restraints read                   
                                                                               
! Nature and format of the input                                               
ntx = 5,                            ! Coordinates but no velocities will be rea
irest = 1,                          ! Do not run a new simulation              
                                                                               
! Nature and format of the output                                              
ntxo = 1,                           ! rstrt file in ASCII format               
ntpr = 500,                         ! inf in output every ntpr steps           
ntwr = 500,                         ! rstrt file every ntwr steps              
ntwx = 500,                         ! mdcrd file every ntwx steps              
ntwv = 0,                           ! mdvel without velocities                 
ntwe = 0,                           ! Energies and temperatures not written in 
idecomp = 0,                        ! No energy decomposition                  
iwrap = 1,                          ! Coordinates of the restart and mdcrd file
                                                                               
! Frozen or restrained atoms                                                   
ibelly = 0,                         ! No frozen atoms                          
ntr=1,                              ! Harmonic potential restraints            
restraint_wt = 8.0,                ! The weight for the positional restraints  
restraintmask = ':1-298@N,CA,C,O',  ! restrained residues                      
                                                                               
! Molecular dynamics                                                           
nstlim = 50000,                     ! Number of MD-steps                       
dt = 0.002,                         ! Time step                                
                                                                               
! Temperature regulation                                                       
ntt = 3,                            ! Langevin thermostat                      
gamma_ln = 5,                       ! Gamma constant for Langevin              
!temp0 = 300.0,                     ! Reference T at which the system is to be 
tempi = 300.0,                      ! Initial T                                
ig = -1,                            ! Seed for the RNG                         
                                                                               
! P and V regulation                                                           
ntp = 1,                            ! Constant P. Isotropic scaling            
barostat = 1,                       ! Berendsen barostat                       
taup = 1,                           ! Pressure relaxation time                 
nrespa = 1,                         ! Evaluate at each step                    
ntb = 2,                            ! Periodic box for constant P              
                                                                               
! SHAKE variables                                                              
ntc = 2,                            ! Bonds involving H are constrained        
ntf = 2,                            ! Bond interaction involving H are ommited.
                                                                               
cut = 10.0,                         ! Nonbonded cutoff                         
/                                                                              
&end                                                                           


Note: ig = -1. Setting random seed to   189800 based on wallclock time in 
      microseconds.
 
|--------------------- INFORMATION ----------------------
| GPU (CUDA) Version of PMEMD in use: NVIDIA GPU IN USE.
|                    Version 16.0.0
| 
|                      02/25/2016
| 
| Implementation by:
|                    Ross C. Walker     (SDSC)
|                    Scott Le Grand     (nVIDIA)
| 
| Precision model in use:
|      [SPFP] - Single Precision Forces, 64-bit Fixed Point
|               Accumulation. (Default)
| 
|--------------------------------------------------------
 
|----------------- CITATION INFORMATION -----------------
|
|    When publishing work that utilized the CUDA version
|    of AMBER, please cite the following in addition to
|    the regular AMBER citations:
|
|  - Romelia Salomon-Ferrer; Andreas W. Goetz; Duncan
|    Poole; Scott Le Grand; Ross C. Walker "Routine
|    microsecond molecular dynamics simulations with
|    AMBER - Part II: Particle Mesh Ewald", J. Chem.
|    Theory Comput., 2013, 9 (9), pp3878-3888,
|    DOI: 10.1021/ct400314y.
|
|  - Andreas W. Goetz; Mark J. Williamson; Dong Xu;
|    Duncan Poole; Scott Le Grand; Ross C. Walker
|    "Routine microsecond molecular dynamics simulations
|    with AMBER - Part I: Generalized Born", J. Chem.
|    Theory Comput., 2012, 8 (5), pp1542-1555.
|
|  - Scott Le Grand; Andreas W. Goetz; Ross C. Walker
|    "SPFP: Speed without compromise - a mixed precision
|    model for GPU accelerated molecular dynamics
|    simulations.", Comp. Phys. Comm., 2013, 184
|    pp374-380, DOI: 10.1016/j.cpc.2012.09.022
|
|--------------------------------------------------------
 
|------------------- GPU DEVICE INFO --------------------
|
|            CUDA_VISIBLE_DEVICES: 0
|   CUDA Capable Devices Detected:      1
|           CUDA Device ID in use:      0
|                CUDA Device Name: GeForce GTX 1060 6GB
|     CUDA Device Global Mem Size:   6072 MB
| CUDA Device Num Multiprocessors:     10
|           CUDA Device Core Freq:   1.76 GHz
|
|--------------------------------------------------------
 
 
| Conditional Compilation Defines Used:
| PUBFFT
| BINTRAJ
| CUDA
| EMIL

| Largest sphere to fit in unit cell has radius =    30.358

| New format PARM file being parsed.
| Version =    1.000 Date = 10/25/16 Time = 12:15:56

| Note: 1-4 EEL scale factors are being read from the topology file.

| Note: 1-4 VDW scale factors are being read from the topology file.
| Duplicated    0 dihedrals

| Duplicated    0 dihedrals

--------------------------------------------------------------------------------
   1.  RESOURCE   USE: 
--------------------------------------------------------------------------------

 getting new box info from bottom of inpcrd
 NATOM  =   31841 NTYPES =      16 NBONH =   29650 MBONA  =    2207
 NTHETH =    4442 MTHETA =    3007 NPHIH =    9478 MPHIA  =    9572
 NHPARM =       0 NPARM  =       0 NNB   =   59506 NRES   =    9539
 NBONA  =    2207 NTHETA =    3007 NPHIA =    9572 NUMBND =      59
 NUMANG =     136 NPTRA  =     166 NATYP =      30 NPHB   =       1
 IFBOX  =       2 NMXRS  =      24 IFCAP =       0 NEXTRA =       0
 NCOPY  =       0

| Coordinate Index Table dimensions:    12   12   12
| Direct force subcell size =     6.1967    6.1967    6.1967

     BOX TYPE: TRUNCATED OCTAHEDRON

--------------------------------------------------------------------------------
   2.  CONTROL  DATA  FOR  THE  RUN
--------------------------------------------------------------------------------

default_name                                                                    

General flags:
     imin    =       0, nmropt  =       0

Nature and format of input:
     ntx     =       5, irest   =       1, ntrx    =       1

Nature and format of output:
     ntxo    =       1, ntpr    =     500, ntrx    =       1, ntwr    =     500
     iwrap   =       1, ntwx    =     500, ntwv    =       0, ntwe    =       0
     ioutfm  =       1, ntwprt  =       0, idecomp =       0, rbornstat=      0

Potential function:
     ntf     =       2, ntb     =       2, igb     =       0, nsnb    =      25
     ipol    =       0, gbsa    =       0, iesp    =       0
     dielc   =   1.00000, cut     =  10.00000, intdiel =   1.00000

Frozen or restrained atoms:
     ibelly  =       0, ntr     =       1
     restraint_wt =   8.00000

Molecular dynamics:
     nstlim  =     50000, nscm    =         0, nrespa  =         1
     t       =   0.00000, dt      =   0.00200, vlimit  =  -1.00000

Langevin dynamics temperature regulation:
     ig      =  189800
     temp0   = 300.00000, tempi   = 300.00000, gamma_ln=   5.00000

Pressure regulation:
     ntp     =       1
     pres0   =   1.00000, comp    =  44.60000, taup    =   1.00000

SHAKE:
     ntc     =       2, jfastw  =       0
     tol     =   0.00001

| Intermolecular bonds treatment:
|     no_intermolecular_bonds =       1

| Energy averages sample interval:
|     ene_avg_sampling =     500

Ewald parameters:
     verbose =       0, ew_type =       0, nbflag  =       1, use_pme =       1
     vdwmeth =       1, eedmeth =       1, netfrc  =       1
     Box X =   74.361   Box Y =   74.361   Box Z =   74.361
     Alpha =  109.471   Beta  =  109.471   Gamma =  109.471
     NFFT1 =   80       NFFT2 =   80       NFFT3 =   80
     Cutoff=   10.000   Tol   =0.100E-04
     Ewald Coefficient =  0.27511
     Interpolation order =    4

    LOADING THE CONSTRAINED ATOMS AS GROUPS


   5.  REFERENCE ATOM COORDINATES

  default_name                                                                    
     Mask :1-298@N,CA,C,O; matches  1156 atoms

--------------------------------------------------------------------------------
   3.  ATOMIC COORDINATES AND VELOCITIES
--------------------------------------------------------------------------------

default_name                                                                    
 begin time read from input coords =   940.000 ps

 
 Number of triangulated 3-point waters found:     9223

     Sum of charges from parm topology file =  -0.00000024
     Forcing neutrality...

| Dynamic Memory, Types Used:
| Reals             1496280
| Integers          1194299

| Nonbonded Pairs Initial Allocation:     9631106

| GPU memory information (estimate):
| KB of GPU memory in use:    222524
| KB of CPU memory in use:     45260

--------------------------------------------------------------------------------
   4.  RESULTS
--------------------------------------------------------------------------------

 ---------------------------------------------------
 APPROXIMATING switch and d/dx switch using CUBIC SPLINE INTERPOLATION
 using   5000.0 points per unit in tabled values
 TESTING RELATIVE ERROR over r ranging from 0.0 to cutoff
| CHECK switch(x): max rel err =   0.2738E-14   at   2.422500
| CHECK d/dx switch(x): max rel err =   0.8314E-11   at   2.736960
 ---------------------------------------------------
|---------------------------------------------------
| APPROXIMATING direct energy using CUBIC SPLINE INTERPOLATION
|  with   50.0 points per unit in tabled values
| Relative Error Limit not exceeded for r .gt.   2.33
| APPROXIMATING direct force using CUBIC SPLINE INTERPOLATION
|  with   50.0 points per unit in tabled values
| Relative Error Limit not exceeded for r .gt.   2.80
|---------------------------------------------------
wrapping first mol.:       24.79321       35.06289       60.73071
wrapping first mol.:       24.79321       35.06289       60.73071

 NSTEP =      500   TIME(PS) =     941.000  TEMP(K) =   301.13  PRESS =    70.0
 Etot   =    -78464.6424  EKtot   =     19709.5879  EPtot      =    -98174.2303
 BOND   =       772.7300  ANGLE   =      1893.3992  DIHED      =      3392.9794
 1-4 NB =      1003.0410  1-4 EEL =     12873.2564  VDWAALS    =     10500.2241
 EELEC  =   -128855.5655  EHBOND  =         0.0000  RESTRAINT  =       245.7051
 EAMBER (non-restraint)  =    -98419.9354
 EKCMT  =      8328.3674  VIRIAL  =      7849.7974  VOLUME     =    316765.0599
                                                    Density    =         1.0346
 ------------------------------------------------------------------------------

wrapping first mol.:       24.81305       35.09095       60.77930
wrapping first mol.:       24.81305       35.09095       60.77930

 NSTEP =     1000   TIME(PS) =     942.000  TEMP(K) =   297.28  PRESS =   272.0
 Etot   =    -78460.8856  EKtot   =     19457.3984  EPtot      =    -97918.2840
 BOND   =       751.2372  ANGLE   =      1907.7354  DIHED      =      3441.3082
 1-4 NB =       987.8803  1-4 EEL =     12896.1404  VDWAALS    =     10673.0408
 EELEC  =   -128822.3403  EHBOND  =         0.0000  RESTRAINT  =       246.7140
 EAMBER (non-restraint)  =    -98164.9980
 EKCMT  =      8226.1807  VIRIAL  =      6361.3504  VOLUME     =    317520.2807
                                                    Density    =         1.0321
 ------------------------------------------------------------------------------

wrapping first mol.:       24.81522       35.09402       60.78462
wrapping first mol.:       24.81522       35.09402       60.78462

 NSTEP =     1500   TIME(PS) =     943.000  TEMP(K) =   303.11  PRESS =  -107.9
 Etot   =    -78291.6561  EKtot   =     19839.1387  EPtot      =    -98130.7947
 BOND   =       829.2864  ANGLE   =      1888.6293  DIHED      =      3425.8051
 1-4 NB =       978.7026  1-4 EEL =     12812.8130  VDWAALS    =     10492.6766
 EELEC  =   -128809.2484  EHBOND  =         0.0000  RESTRAINT  =       250.5406
 EAMBER (non-restraint)  =    -98381.3353
 EKCMT  =      8291.6084  VIRIAL  =      9031.8463  VOLUME     =    317614.4780
                                                    Density    =         1.0318
 ------------------------------------------------------------------------------

wrapping first mol.:       24.81950       35.10007       60.79509
wrapping first mol.:       24.81950       35.10007       60.79509

 NSTEP =     2000   TIME(PS) =     944.000  TEMP(K) =   301.47  PRESS =  -103.8
 Etot   =    -78522.8735  EKtot   =     19731.6211  EPtot      =    -98254.4946
 BOND   =       793.9135  ANGLE   =      1892.7628  DIHED      =      3415.1114
 1-4 NB =       999.2798  1-4 EEL =     12818.1428  VDWAALS    =     10520.2214
 EELEC  =   -128936.6072  EHBOND  =         0.0000  RESTRAINT  =       242.6809
 EAMBER (non-restraint)  =    -98497.1755
 EKCMT  =      8323.9484  VIRIAL  =      9036.2843  VOLUME     =    317778.5788
                                                    Density    =         1.0313
 ------------------------------------------------------------------------------

wrapping first mol.:       24.80586       35.08079       60.76170
wrapping first mol.:       24.80586       35.08079       60.76170

 NSTEP =     2500   TIME(PS) =     945.000  TEMP(K) =   299.55  PRESS =    54.4
 Etot   =    -78356.0969  EKtot   =     19606.1582  EPtot      =    -97962.2551
 BOND   =       809.4359  ANGLE   =      1905.4545  DIHED      =      3452.8162
 1-4 NB =       981.3356  1-4 EEL =     12905.7131  VDWAALS    =     10513.5780
 EELEC  =   -128783.0607  EHBOND  =         0.0000  RESTRAINT  =       252.4724
 EAMBER (non-restraint)  =    -98214.7275
 EKCMT  =      8241.8743  VIRIAL  =      7869.1784  VOLUME     =    317250.7307
                                                    Density    =         1.0330
 ------------------------------------------------------------------------------

wrapping first mol.:       24.79951       35.07180       60.74614
wrapping first mol.:       24.79951       35.07180       60.74614

 NSTEP =     3000   TIME(PS) =     946.000  TEMP(K) =   299.73  PRESS =   213.2
 Etot   =    -78604.4423  EKtot   =     19617.8320  EPtot      =    -98222.2743
 BOND   =       790.8660  ANGLE   =      1913.1645  DIHED      =      3436.7124
 1-4 NB =       981.5804  1-4 EEL =     12854.0149  VDWAALS    =     10778.4106
 EELEC  =   -129246.0480  EHBOND  =         0.0000  RESTRAINT  =       269.0250
 EAMBER (non-restraint)  =    -98491.2993
 EKCMT  =      8221.8747  VIRIAL  =      6762.8191  VOLUME     =    317002.5228
                                                    Density    =         1.0338
 ------------------------------------------------------------------------------

wrapping first mol.:       24.78632       35.05314       60.71382
wrapping first mol.:       24.78632       35.05314       60.71382

 NSTEP =     3500   TIME(PS) =     947.000  TEMP(K) =   300.20  PRESS =    94.5
 Etot   =    -78427.5414  EKtot   =     19648.1992  EPtot      =    -98075.7407
 BOND   =       790.3364  ANGLE   =      1853.8642  DIHED      =      3485.8924
 1-4 NB =       996.3130  1-4 EEL =     12858.4489  VDWAALS    =     10645.7006
 EELEC  =   -128979.2049  EHBOND  =         0.0000  RESTRAINT  =       272.9087
 EAMBER (non-restraint)  =    -98348.6494
 EKCMT  =      8318.7589  VIRIAL  =      7673.1233  VOLUME     =    316500.2435
                                                    Density    =         1.0354
 ------------------------------------------------------------------------------

wrapping first mol.:       24.80154       35.07468       60.75112
wrapping first mol.:       24.80154       35.07468       60.75112

 NSTEP =     4000   TIME(PS) =     948.000  TEMP(K) =   301.32  PRESS =    36.6
 Etot   =    -78133.0486  EKtot   =     19721.5820  EPtot      =    -97854.6307
 BOND   =       836.9135  ANGLE   =      1911.7410  DIHED      =      3453.6853
 1-4 NB =       980.5890  1-4 EEL =     12885.9830  VDWAALS    =     10536.0303
 EELEC  =   -128722.0449  EHBOND  =         0.0000  RESTRAINT  =       262.4723
 EAMBER (non-restraint)  =    -98117.1030
 EKCMT  =      8336.5240  VIRIAL  =      8085.9134  VOLUME     =    317085.5564
                                                    Density    =         1.0335
 ------------------------------------------------------------------------------

wrapping first mol.:       24.80430       35.07857       60.75786
wrapping first mol.:       24.80430       35.07857       60.75786

 NSTEP =     4500   TIME(PS) =     949.000  TEMP(K) =   301.11  PRESS =  -210.3
 Etot   =    -78679.8132  EKtot   =     19708.0801  EPtot      =    -98387.8933
 BOND   =       808.9327  ANGLE   =      1869.2878  DIHED      =      3422.5445
 1-4 NB =      1010.0372  1-4 EEL =     12903.8893  VDWAALS    =     10338.4309
 EELEC  =   -128998.8426  EHBOND  =         0.0000  RESTRAINT  =       257.8270
 EAMBER (non-restraint)  =    -98645.7203
 EKCMT  =      8287.4053  VIRIAL  =      9727.5832  VOLUME     =    317198.1412
                                                    Density    =         1.0332
 ------------------------------------------------------------------------------

wrapping first mol.:       24.80712       35.08256       60.76478
wrapping first mol.:       24.80712       35.08256       60.76478

 NSTEP =     5000   TIME(PS) =     950.000  TEMP(K) =   298.94  PRESS =   -65.1
 Etot   =    -78461.5103  EKtot   =     19565.8262  EPtot      =    -98027.3365
 BOND   =       800.2078  ANGLE   =      1922.3820  DIHED      =      3438.7127
 1-4 NB =      1003.0947  1-4 EEL =     12856.8811  VDWAALS    =     10584.1464
 EELEC  =   -128881.7272  EHBOND  =         0.0000  RESTRAINT  =       248.9661
 EAMBER (non-restraint)  =    -98276.3025
 EKCMT  =      8303.7090  VIRIAL  =      8749.7649  VOLUME     =    317302.3054
                                                    Density    =         1.0328
 ------------------------------------------------------------------------------

wrapping first mol.:       24.80844       35.08443       60.76801
wrapping first mol.:       24.80844       35.08443       60.76801

 NSTEP =     5500   TIME(PS) =     951.000  TEMP(K) =   299.69  PRESS =    -1.4
 Etot   =    -78638.8492  EKtot   =     19614.8262  EPtot      =    -98253.6753
 BOND   =       774.6522  ANGLE   =      1884.8167  DIHED      =      3449.1170
 1-4 NB =       977.7558  1-4 EEL =     12906.1547  VDWAALS    =     10667.4267
 EELEC  =   -129166.6583  EHBOND  =         0.0000  RESTRAINT  =       253.0598
 EAMBER (non-restraint)  =    -98506.7352
 EKCMT  =      8255.2537  VIRIAL  =      8265.0664  VOLUME     =    317351.1697
                                                    Density    =         1.0327
 ------------------------------------------------------------------------------

wrapping first mol.:       24.80710       35.08254       60.76474
wrapping first mol.:       24.80710       35.08254       60.76474

 NSTEP =     6000   TIME(PS) =     952.000  TEMP(K) =   298.46  PRESS =   167.3
 Etot   =    -78667.9635  EKtot   =     19534.4297  EPtot      =    -98202.3932
 BOND   =       792.3763  ANGLE   =      1927.1721  DIHED      =      3412.5019
 1-4 NB =       974.8246  1-4 EEL =     12878.5801  VDWAALS    =     10644.9573
 EELEC  =   -129087.6552  EHBOND  =         0.0000  RESTRAINT  =       254.8497
 EAMBER (non-restraint)  =    -98457.2428
 EKCMT  =      8294.6393  VIRIAL  =      7148.7319  VOLUME     =    317295.1794
                                                    Density    =         1.0328
 ------------------------------------------------------------------------------

wrapping first mol.:       24.79716       35.06849       60.74039
wrapping first mol.:       24.79716       35.06849       60.74039

 NSTEP =     6500   TIME(PS) =     953.000  TEMP(K) =   299.14  PRESS =   168.5
 Etot   =    -78391.5990  EKtot   =     19579.1289  EPtot      =    -97970.7279
 BOND   =       794.7228  ANGLE   =      1899.5271  DIHED      =      3401.6438
 1-4 NB =      1003.1466  1-4 EEL =     12933.4560  VDWAALS    =     10633.9954
 EELEC  =   -128890.0374  EHBOND  =         0.0000  RESTRAINT  =       252.8179
 EAMBER (non-restraint)  =    -98223.5458
 EKCMT  =      8305.5546  VIRIAL  =      7152.4124  VOLUME     =    316913.8818
                                                    Density    =         1.0341
 ------------------------------------------------------------------------------

wrapping first mol.:       24.77893       35.04270       60.69573
wrapping first mol.:       24.77893       35.04270       60.69573

 NSTEP =     7000   TIME(PS) =     954.000  TEMP(K) =   300.88  PRESS =     3.0
 Etot   =    -78332.4965  EKtot   =     19693.2617  EPtot      =    -98025.7582
 BOND   =       806.9475  ANGLE   =      1879.1056  DIHED      =      3409.0747
 1-4 NB =       994.3513  1-4 EEL =     12916.1074  VDWAALS    =     10429.2045
 EELEC  =   -128722.1139  EHBOND  =         0.0000  RESTRAINT  =       261.5647
 EAMBER (non-restraint)  =    -98287.3229
 EKCMT  =      8261.4023  VIRIAL  =      8240.9954  VOLUME     =    316220.0407
                                                    Density    =         1.0364
 ------------------------------------------------------------------------------

wrapping first mol.:       24.77094       35.03140       60.67616
wrapping first mol.:       24.77094       35.03140       60.67616

 NSTEP =     7500   TIME(PS) =     955.000  TEMP(K) =   297.27  PRESS =    46.6
 Etot   =    -78864.5777  EKtot   =     19456.6484  EPtot      =    -98321.2261
 BOND   =       796.3935  ANGLE   =      1937.9393  DIHED      =      3417.0906
 1-4 NB =       982.5281  1-4 EEL =     12923.9245  VDWAALS    =     10657.0958
 EELEC  =   -129301.5938  EHBOND  =         0.0000  RESTRAINT  =       265.3961
 EAMBER (non-restraint)  =    -98586.6222
 EKCMT  =      8235.9553  VIRIAL  =      7917.9523  VOLUME     =    315912.9417
                                                    Density    =         1.0374
 ------------------------------------------------------------------------------

wrapping first mol.:       24.76286       35.01996       60.65635
wrapping first mol.:       24.76286       35.01996       60.65635

 NSTEP =     8000   TIME(PS) =     956.000  TEMP(K) =   300.10  PRESS =   -38.6
 Etot   =    -78972.6494  EKtot   =     19641.9004  EPtot      =    -98614.5498
 BOND   =       792.5674  ANGLE   =      1849.4295  DIHED      =      3421.3336
 1-4 NB =       974.6386  1-4 EEL =     12886.7582  VDWAALS    =     10672.9269
 EELEC  =   -129477.8070  EHBOND  =         0.0000  RESTRAINT  =       265.6031
 EAMBER (non-restraint)  =    -98880.1528
 EKCMT  =      8342.9721  VIRIAL  =      8606.0205  VOLUME     =    315606.0969
                                                    Density    =         1.0384
 ------------------------------------------------------------------------------

wrapping first mol.:       24.77358       35.03514       60.68263
wrapping first mol.:       24.77358       35.03514       60.68263

 NSTEP =     8500   TIME(PS) =     957.000  TEMP(K) =   297.92  PRESS =   -71.0
 Etot   =    -78596.8976  EKtot   =     19499.1191  EPtot      =    -98096.0167
 BOND   =       778.8005  ANGLE   =      1898.3952  DIHED      =      3415.4311
 1-4 NB =      1001.3244  1-4 EEL =     12932.5399  VDWAALS    =     10591.9864
 EELEC  =   -128971.4812  EHBOND  =         0.0000  RESTRAINT  =       256.9870
 EAMBER (non-restraint)  =    -98353.0037
 EKCMT  =      8332.6453  VIRIAL  =      8816.8426  VOLUME     =    316017.3834
                                                    Density    =         1.0370
 ------------------------------------------------------------------------------

wrapping first mol.:       24.77540       35.03770       60.68708
wrapping first mol.:       24.77540       35.03770       60.68708

 NSTEP =     9000   TIME(PS) =     958.000  TEMP(K) =   299.73  PRESS =  -165.9
 Etot   =    -78527.8947  EKtot   =     19617.4531  EPtot      =    -98145.3479
 BOND   =       766.6658  ANGLE   =      1929.2223  DIHED      =      3415.1950
 1-4 NB =       995.7261  1-4 EEL =     12911.9751  VDWAALS    =     10689.3274
 EELEC  =   -129119.7919  EHBOND  =         0.0000  RESTRAINT  =       266.3324
 EAMBER (non-restraint)  =    -98411.6803
 EKCMT  =      8366.1660  VIRIAL  =      9498.3746  VOLUME     =    316089.5292
                                                    Density    =         1.0368
 ------------------------------------------------------------------------------

wrapping first mol.:       24.77911       35.04296       60.69618
wrapping first mol.:       24.77911       35.04296       60.69618

 NSTEP =     9500   TIME(PS) =     959.000  TEMP(K) =   300.81  PRESS =    56.6
 Etot   =    -78243.0868  EKtot   =     19688.0352  EPtot      =    -97931.1219
 BOND   =       807.1691  ANGLE   =      1949.9166  DIHED      =      3422.0525
 1-4 NB =       994.1582  1-4 EEL =     12878.7413  VDWAALS    =     10474.1468
 EELEC  =   -128723.2548  EHBOND  =         0.0000  RESTRAINT  =       265.9483
 EAMBER (non-restraint)  =    -98197.0702
 EKCMT  =      8280.8069  VIRIAL  =      7894.1275  VOLUME     =    316225.4919
                                                    Density    =         1.0363
 ------------------------------------------------------------------------------

wrapping first mol.:       24.77462       35.03660       60.68517
wrapping first mol.:       24.77462       35.03660       60.68517

 NSTEP =    10000   TIME(PS) =     960.000  TEMP(K) =   300.59  PRESS =  -185.5
 Etot   =    -78499.0112  EKtot   =     19673.7207  EPtot      =    -98172.7319
 BOND   =       780.2270  ANGLE   =      1862.0720  DIHED      =      3426.3081
 1-4 NB =      1011.1208  1-4 EEL =     12878.9310  VDWAALS    =     10420.5199
 EELEC  =   -128805.0663  EHBOND  =         0.0000  RESTRAINT  =       253.1554
 EAMBER (non-restraint)  =    -98425.8874
 EKCMT  =      8348.4532  VIRIAL  =      9614.0456  VOLUME     =    316060.2047
                                                    Density    =         1.0369
 ------------------------------------------------------------------------------

wrapping first mol.:       24.76659       35.02525       60.66551
wrapping first mol.:       24.76659       35.02525       60.66551

 NSTEP =    10500   TIME(PS) =     961.000  TEMP(K) =   302.03  PRESS =   142.4
 Etot   =    -78290.7052  EKtot   =     19768.2676  EPtot      =    -98058.9728
 BOND   =       771.2218  ANGLE   =      1847.9799  DIHED      =      3441.7244
 1-4 NB =       994.4429  1-4 EEL =     13034.5987  VDWAALS    =     10458.2335
 EELEC  =   -128867.4476  EHBOND  =         0.0000  RESTRAINT  =       260.2736
 EAMBER (non-restraint)  =    -98319.2464
 EKCMT  =      8355.6729  VIRIAL  =      7384.7821  VOLUME     =    315743.8741
                                                    Density    =         1.0379
 ------------------------------------------------------------------------------

wrapping first mol.:       24.77392       35.03562       60.68346
wrapping first mol.:       24.77392       35.03562       60.68346

 NSTEP =    11000   TIME(PS) =     962.000  TEMP(K) =   300.63  PRESS =   -96.1
 Etot   =    -78643.1503  EKtot   =     19676.8477  EPtot      =    -98319.9979
 BOND   =       780.3096  ANGLE   =      1920.1127  DIHED      =      3422.1990
 1-4 NB =       976.0717  1-4 EEL =     12867.0829  VDWAALS    =     10397.9931
 EELEC  =   -128938.5777  EHBOND  =         0.0000  RESTRAINT  =       254.8107
 EAMBER (non-restraint)  =    -98574.8086
 EKCMT  =      8396.1755  VIRIAL  =      9052.1001  VOLUME     =    316031.0966
                                                    Density    =         1.0370
 ------------------------------------------------------------------------------

wrapping first mol.:       24.79349       35.06330       60.73140
wrapping first mol.:       24.79349       35.06330       60.73140

 NSTEP =    11500   TIME(PS) =     963.000  TEMP(K) =   299.43  PRESS =   312.2
 Etot   =    -78289.3270  EKtot   =     19597.7227  EPtot      =    -97887.0497
 BOND   =       790.9632  ANGLE   =      1915.4164  DIHED      =      3379.3972
 1-4 NB =       973.8033  1-4 EEL =     12879.2849  VDWAALS    =     10609.9888
 EELEC  =   -128697.6894  EHBOND  =         0.0000  RESTRAINT  =       261.7860
 EAMBER (non-restraint)  =    -98148.8357
 EKCMT  =      8356.1534  VIRIAL  =      6221.1044  VOLUME     =    316769.1424
                                                    Density    =         1.0346
 ------------------------------------------------------------------------------

wrapping first mol.:       24.79276       35.06225       60.72959
wrapping first mol.:       24.79276       35.06225       60.72959

 NSTEP =    12000   TIME(PS) =     964.000  TEMP(K) =   301.12  PRESS =   221.1
 Etot   =    -78414.0974  EKtot   =     19708.3340  EPtot      =    -98122.4313
 BOND   =       799.8912  ANGLE   =      1846.2795  DIHED      =      3422.5979
 1-4 NB =       989.6151  1-4 EEL =     12871.9372  VDWAALS    =     10731.7507
 EELEC  =   -129041.4371  EHBOND  =         0.0000  RESTRAINT  =       256.9341
 EAMBER (non-restraint)  =    -98379.3655
 EKCMT  =      8430.8593  VIRIAL  =      6918.7668  VOLUME     =    316743.3712
                                                    Density    =         1.0346
 ------------------------------------------------------------------------------

wrapping first mol.:       24.80205       35.07539       60.75236
wrapping first mol.:       24.80205       35.07539       60.75236

 NSTEP =    12500   TIME(PS) =     965.000  TEMP(K) =   301.51  PRESS =   -40.2
 Etot   =    -78207.5182  EKtot   =     19734.0098  EPtot      =    -97941.5280
 BOND   =       808.1295  ANGLE   =      1937.4405  DIHED      =      3446.0685
 1-4 NB =      1004.1206  1-4 EEL =     12862.6393  VDWAALS    =     10191.6332
 EELEC  =   -128455.1810  EHBOND  =         0.0000  RESTRAINT  =       263.6214
 EAMBER (non-restraint)  =    -98205.1494
 EKCMT  =      8393.7267  VIRIAL  =      8669.2860  VOLUME     =    317107.1124
                                                    Density    =         1.0335
 ------------------------------------------------------------------------------

wrapping first mol.:       24.78805       35.05560       60.71807
wrapping first mol.:       24.78805       35.05560       60.71807

 NSTEP =    13000   TIME(PS) =     966.000  TEMP(K) =   302.49  PRESS =     6.0
 Etot   =    -78295.0362  EKtot   =     19798.0371  EPtot      =    -98093.0733
 BOND   =       778.0336  ANGLE   =      1896.4150  DIHED      =      3410.7415
 1-4 NB =      1006.9516  1-4 EEL =     12889.8678  VDWAALS    =     10534.7312
 EELEC  =   -128888.8542  EHBOND  =         0.0000  RESTRAINT  =       279.0400
 EAMBER (non-restraint)  =    -98372.1133
 EKCMT  =      8381.3093  VIRIAL  =      8340.2701  VOLUME     =    316569.2149
                                                    Density    =         1.0352
 ------------------------------------------------------------------------------

wrapping first mol.:       24.77497       35.03709       60.68602
wrapping first mol.:       24.77497       35.03709       60.68602

 NSTEP =    13500   TIME(PS) =     967.000  TEMP(K) =   300.38  PRESS =   120.8
 Etot   =    -78623.8894  EKtot   =     19660.4961  EPtot      =    -98284.3855
 BOND   =       781.5022  ANGLE   =      1823.5850  DIHED      =      3410.9064
 1-4 NB =       986.0381  1-4 EEL =     12986.3172  VDWAALS    =     10551.7462
 EELEC  =   -129100.6503  EHBOND  =         0.0000  RESTRAINT  =       276.1697
 EAMBER (non-restraint)  =    -98560.5552
 EKCMT  =      8258.9389  VIRIAL  =      7434.2403  VOLUME     =    316064.9007
                                                    Density    =         1.0369
 ------------------------------------------------------------------------------

wrapping first mol.:       24.75921       35.01481       60.64742
wrapping first mol.:       24.75921       35.01481       60.64742

 NSTEP =    14000   TIME(PS) =     968.000  TEMP(K) =   301.22  PRESS =   115.1
 Etot   =    -78478.2149  EKtot   =     19715.4023  EPtot      =    -98193.6172
 BOND   =       793.2044  ANGLE   =      1882.8448  DIHED      =      3469.7172
 1-4 NB =       996.0386  1-4 EEL =     12885.1845  VDWAALS    =     10669.6470
 EELEC  =   -129147.3108  EHBOND  =         0.0000  RESTRAINT  =       257.0572
 EAMBER (non-restraint)  =    -98450.6744
 EKCMT  =      8289.2526  VIRIAL  =      7505.1377  VOLUME     =    315462.3936
                                                    Density    =         1.0388
 ------------------------------------------------------------------------------

wrapping first mol.:       24.77311       35.03447       60.68148
wrapping first mol.:       24.77311       35.03447       60.68148

 NSTEP =    14500   TIME(PS) =     969.000  TEMP(K) =   300.71  PRESS =  -143.0
 Etot   =    -78466.5302  EKtot   =     19682.0645  EPtot      =    -98148.5946
 BOND   =       805.1438  ANGLE   =      1873.2401  DIHED      =      3433.8313
 1-4 NB =      1009.0120  1-4 EEL =     12919.5301  VDWAALS    =     10577.2424
 EELEC  =   -129030.0865  EHBOND  =         0.0000  RESTRAINT  =       263.4921
 EAMBER (non-restraint)  =    -98412.0867
 EKCMT  =      8382.9089  VIRIAL  =      9358.4043  VOLUME     =    316001.4439
                                                    Density    =         1.0371
 ------------------------------------------------------------------------------

wrapping first mol.:       24.76914       35.02886       60.67175
wrapping first mol.:       24.76914       35.02886       60.67175

 NSTEP =    15000   TIME(PS) =     970.000  TEMP(K) =   299.01  PRESS =  -161.2
 Etot   =    -78784.8842  EKtot   =     19570.8281  EPtot      =    -98355.7123
 BOND   =       778.8603  ANGLE   =      1898.5809  DIHED      =      3466.3224
 1-4 NB =       992.2685  1-4 EEL =     12906.8372  VDWAALS    =     10683.2955
 EELEC  =   -129331.5305  EHBOND  =         0.0000  RESTRAINT  =       249.6534
 EAMBER (non-restraint)  =    -98605.3657
 EKCMT  =      8258.1335  VIRIAL  =      9357.6699  VOLUME     =    315849.9974
                                                    Density    =         1.0376
 ------------------------------------------------------------------------------

wrapping first mol.:       24.77099       35.03147       60.67628
wrapping first mol.:       24.77099       35.03147       60.67628

 NSTEP =    15500   TIME(PS) =     971.000  TEMP(K) =   297.43  PRESS =    39.4
 Etot   =    -78614.3819  EKtot   =     19466.8867  EPtot      =    -98081.2686
 BOND   =       755.1329  ANGLE   =      1869.0209  DIHED      =      3427.9203
 1-4 NB =      1002.9332  1-4 EEL =     12905.0512  VDWAALS    =     10779.0972
 EELEC  =   -129075.7989  EHBOND  =         0.0000  RESTRAINT  =       255.3746
 EAMBER (non-restraint)  =    -98336.6431
 EKCMT  =      8266.5441  VIRIAL  =      7997.6526  VOLUME     =    315915.0069
                                                    Density    =         1.0374
 ------------------------------------------------------------------------------

wrapping first mol.:       24.79656       35.06764       60.73892
wrapping first mol.:       24.79656       35.06764       60.73892

 NSTEP =    16000   TIME(PS) =     972.000  TEMP(K) =   299.98  PRESS =  -125.6
 Etot   =    -78475.6752  EKtot   =     19634.0547  EPtot      =    -98109.7299
 BOND   =       815.1049  ANGLE   =      1922.3967  DIHED      =      3440.5418
 1-4 NB =      1008.5294  1-4 EEL =     12923.9909  VDWAALS    =     10427.8005
 EELEC  =   -128915.8082  EHBOND  =         0.0000  RESTRAINT  =       267.7140
 EAMBER (non-restraint)  =    -98377.4439
 EKCMT  =      8244.7893  VIRIAL  =      9104.3582  VOLUME     =    316899.1569
                                                    Density    =         1.0341
 ------------------------------------------------------------------------------

wrapping first mol.:       24.78862       35.05641       60.71948
wrapping first mol.:       24.78862       35.05641       60.71948

 NSTEP =    16500   TIME(PS) =     973.000  TEMP(K) =   301.59  PRESS =    66.9
 Etot   =    -78508.2687  EKtot   =     19739.7266  EPtot      =    -98247.9952
 BOND   =       775.1840  ANGLE   =      1859.1632  DIHED      =      3409.3783
 1-4 NB =      1017.7393  1-4 EEL =     12950.5645  VDWAALS    =     10604.4027
 EELEC  =   -129115.6192  EHBOND  =         0.0000  RESTRAINT  =       251.1920
 EAMBER (non-restraint)  =    -98499.1872
 EKCMT  =      8364.8380  VIRIAL  =      7907.7773  VOLUME     =    316589.4570
                                                    Density    =         1.0351
 ------------------------------------------------------------------------------

wrapping first mol.:       24.79266       35.06211       60.72936
wrapping first mol.:       24.79266       35.06211       60.72936

 NSTEP =    17000   TIME(PS) =     974.000  TEMP(K) =   300.13  PRESS =   -18.0
 Etot   =    -78646.6708  EKtot   =     19643.6836  EPtot      =    -98290.3544
 BOND   =       804.7861  ANGLE   =      1877.3228  DIHED      =      3430.4690
 1-4 NB =       998.5590  1-4 EEL =     12865.6327  VDWAALS    =     10620.2002
 EELEC  =   -129133.2473  EHBOND  =         0.0000  RESTRAINT  =       245.9232
 EAMBER (non-restraint)  =    -98536.2775
 EKCMT  =      8278.6053  VIRIAL  =      8401.8553  VOLUME     =    316746.4293
                                                    Density    =         1.0346
 ------------------------------------------------------------------------------

wrapping first mol.:       24.78995       35.05829       60.72273
wrapping first mol.:       24.78995       35.05829       60.72273

 NSTEP =    17500   TIME(PS) =     975.000  TEMP(K) =   297.35  PRESS =    25.0
 Etot   =    -78708.8810  EKtot   =     19462.1680  EPtot      =    -98171.0490
 BOND   =       789.4953  ANGLE   =      1873.2788  DIHED      =      3424.4697
 1-4 NB =      1012.4913  1-4 EEL =     12941.8185  VDWAALS    =     10306.7695
 EELEC  =   -128782.5652  EHBOND  =         0.0000  RESTRAINT  =       263.1931
 EAMBER (non-restraint)  =    -98434.2421
 EKCMT  =      8221.9220  VIRIAL  =      8051.1539  VOLUME     =    316641.5947
                                                    Density    =         1.0350
 ------------------------------------------------------------------------------

wrapping first mol.:       24.79596       35.06679       60.73745
wrapping first mol.:       24.79596       35.06679       60.73745

 NSTEP =    18000   TIME(PS) =     976.000  TEMP(K) =   299.92  PRESS =   196.1
 Etot   =    -78450.4411  EKtot   =     19630.2695  EPtot      =    -98080.7107
 BOND   =       804.5264  ANGLE   =      1890.2872  DIHED      =      3399.7171
 1-4 NB =       991.7294  1-4 EEL =     12872.9785  VDWAALS    =     10699.7762
 EELEC  =   -128988.3622  EHBOND  =         0.0000  RESTRAINT  =       248.6366
 EAMBER (non-restraint)  =    -98329.3473
 EKCMT  =      8352.4967  VIRIAL  =      7011.0537  VOLUME     =    316867.0145
                                                    Density    =         1.0342
 ------------------------------------------------------------------------------

wrapping first mol.:       24.79034       35.05884       60.72368
wrapping first mol.:       24.79034       35.05884       60.72368

 NSTEP =    18500   TIME(PS) =     977.000  TEMP(K) =   296.20  PRESS =  -272.7
 Etot   =    -78597.7658  EKtot   =     19386.9238  EPtot      =    -97984.6896
 BOND   =       789.6181  ANGLE   =      1912.7376  DIHED      =      3419.3871
 1-4 NB =      1011.1754  1-4 EEL =     12915.6539  VDWAALS    =     10412.6999
 EELEC  =   -128699.8409  EHBOND  =         0.0000  RESTRAINT  =       253.8795
 EAMBER (non-restraint)  =    -98238.5691
 EKCMT  =      8213.6477  VIRIAL  =     10078.3131  VOLUME     =    316664.8580
                                                    Density    =         1.0349
 ------------------------------------------------------------------------------

wrapping first mol.:       24.78414       35.05006       60.70849
wrapping first mol.:       24.78414       35.05006       60.70849

 NSTEP =    19000   TIME(PS) =     978.000  TEMP(K) =   300.62  PRESS =    17.0
 Etot   =    -78636.3631  EKtot   =     19675.6855  EPtot      =    -98312.0486
 BOND   =       816.6323  ANGLE   =      1864.3421  DIHED      =      3439.6496
 1-4 NB =       981.0599  1-4 EEL =     12933.0691  VDWAALS    =     10600.6560
 EELEC  =   -129207.3069  EHBOND  =         0.0000  RESTRAINT  =       259.8494
 EAMBER (non-restraint)  =    -98571.8980
 EKCMT  =      8264.5719  VIRIAL  =      8148.5548  VOLUME     =    316419.0223
                                                    Density    =         1.0357
 ------------------------------------------------------------------------------

wrapping first mol.:       24.78324       35.04880       60.70630
wrapping first mol.:       24.78324       35.04880       60.70630

 NSTEP =    19500   TIME(PS) =     979.000  TEMP(K) =   298.46  PRESS =    31.7
 Etot   =    -78619.7185  EKtot   =     19534.3066  EPtot      =    -98154.0251
 BOND   =       819.1319  ANGLE   =      1874.8474  DIHED      =      3393.2717
 1-4 NB =       996.5786  1-4 EEL =     12928.9634  VDWAALS    =     10558.3632
 EELEC  =   -128998.5886  EHBOND  =         0.0000  RESTRAINT  =       273.4072
 EAMBER (non-restraint)  =    -98427.4323
 EKCMT  =      8211.4872  VIRIAL  =      7995.0504  VOLUME     =    316384.3543
                                                    Density    =         1.0358
 ------------------------------------------------------------------------------

wrapping first mol.:       24.78583       35.05246       60.71263
wrapping first mol.:       24.78583       35.05246       60.71263

 NSTEP =    20000   TIME(PS) =     980.000  TEMP(K) =   300.09  PRESS =   328.2
 Etot   =    -78585.4135  EKtot   =     19640.9180  EPtot      =    -98226.3315
 BOND   =       775.1154  ANGLE   =      1859.4976  DIHED      =      3467.1211
 1-4 NB =       997.1144  1-4 EEL =     12874.2540  VDWAALS    =     10756.4846
 EELEC  =   -129223.1656  EHBOND  =         0.0000  RESTRAINT  =       267.2469
 EAMBER (non-restraint)  =    -98493.5784
 EKCMT  =      8343.2159  VIRIAL  =      6100.6026  VOLUME     =    316475.0386
                                                    Density    =         1.0355
 ------------------------------------------------------------------------------

wrapping first mol.:       24.77974       35.04385       60.69772
wrapping first mol.:       24.77974       35.04385       60.69772

 NSTEP =    20500   TIME(PS) =     981.000  TEMP(K) =   303.78  PRESS =   162.2
 Etot   =    -78018.4388  EKtot   =     19882.8672  EPtot      =    -97901.3059
 BOND   =       797.4825  ANGLE   =      1909.0266  DIHED      =      3434.7988
 1-4 NB =       996.6218  1-4 EEL =     12903.2917  VDWAALS    =     10445.7827
 EELEC  =   -128652.3264  EHBOND  =         0.0000  RESTRAINT  =       264.0162
 EAMBER (non-restraint)  =    -98165.3222
 EKCMT  =      8362.3273  VIRIAL  =      7254.5336  VOLUME     =    316246.5301
                                                    Density    =         1.0363
 ------------------------------------------------------------------------------

wrapping first mol.:       24.76315       35.02038       60.65708
wrapping first mol.:       24.76315       35.02038       60.65708

 NSTEP =    21000   TIME(PS) =     982.000  TEMP(K) =   299.62  PRESS =    68.9
 Etot   =    -78652.7042  EKtot   =     19610.2012  EPtot      =    -98262.9053
 BOND   =       808.0401  ANGLE   =      1931.0458  DIHED      =      3410.6747
 1-4 NB =       998.4661  1-4 EEL =     12851.8273  VDWAALS    =     10520.6134
 EELEC  =   -129034.2761  EHBOND  =         0.0000  RESTRAINT  =       250.7033
 EAMBER (non-restraint)  =    -98513.6086
 EKCMT  =      8283.7544  VIRIAL  =      7814.4186  VOLUME     =    315614.3873
                                                    Density    =         1.0383
 ------------------------------------------------------------------------------

wrapping first mol.:       24.77863       35.04227       60.69498
wrapping first mol.:       24.77863       35.04227       60.69498

 NSTEP =    21500   TIME(PS) =     983.000  TEMP(K) =   298.96  PRESS =   -91.5
 Etot   =    -78634.8650  EKtot   =     19567.4609  EPtot      =    -98202.3259
 BOND   =       797.1489  ANGLE   =      1846.7953  DIHED      =      3450.8148
 1-4 NB =      1006.9473  1-4 EEL =     12923.3625  VDWAALS    =     10449.6421
 EELEC  =   -128948.4110  EHBOND  =         0.0000  RESTRAINT  =       271.3741
 EAMBER (non-restraint)  =    -98473.7000
 EKCMT  =      8213.4509  VIRIAL  =      8837.9471  VOLUME     =    316210.9810
                                                    Density    =         1.0364
 ------------------------------------------------------------------------------

wrapping first mol.:       24.77709       35.04010       60.69122
wrapping first mol.:       24.77709       35.04010       60.69122

 NSTEP =    22000   TIME(PS) =     984.000  TEMP(K) =   302.25  PRESS =   -49.9
 Etot   =    -78514.7783  EKtot   =     19782.6152  EPtot      =    -98297.3935
 BOND   =       775.8717  ANGLE   =      1916.8392  DIHED      =      3407.2326
 1-4 NB =       996.0947  1-4 EEL =     12893.3797  VDWAALS    =     10340.5563
 EELEC  =   -128873.7536  EHBOND  =         0.0000  RESTRAINT  =       246.3859
 EAMBER (non-restraint)  =    -98543.7795
 EKCMT  =      8223.6299  VIRIAL  =      8564.1324  VOLUME     =    316150.9940
                                                    Density    =         1.0366
 ------------------------------------------------------------------------------

wrapping first mol.:       24.78133       35.04610       60.70161
wrapping first mol.:       24.78133       35.04610       60.70161

 NSTEP =    22500   TIME(PS) =     985.000  TEMP(K) =   300.73  PRESS =   -17.5
 Etot   =    -78612.2431  EKtot   =     19682.9824  EPtot      =    -98295.2256
 BOND   =       808.8087  ANGLE   =      1937.9428  DIHED      =      3424.0223
 1-4 NB =      1000.9828  1-4 EEL =     12936.7615  VDWAALS    =     10509.5546
 EELEC  =   -129164.4578  EHBOND  =         0.0000  RESTRAINT  =       251.1595
 EAMBER (non-restraint)  =    -98546.3851
 EKCMT  =      8306.2812  VIRIAL  =      8425.4841  VOLUME     =    316312.5326
                                                    Density    =         1.0361
 ------------------------------------------------------------------------------

wrapping first mol.:       24.79215       35.06140       60.72812
wrapping first mol.:       24.79215       35.06140       60.72812

 NSTEP =    23000   TIME(PS) =     986.000  TEMP(K) =   301.08  PRESS =   168.4
 Etot   =    -78688.8002  EKtot   =     19706.3496  EPtot      =    -98395.1498
 BOND   =       763.3432  ANGLE   =      1867.8745  DIHED      =      3424.5428
 1-4 NB =       993.1737  1-4 EEL =     12873.1224  VDWAALS    =     10843.3550
 EELEC  =   -129416.4688  EHBOND  =         0.0000  RESTRAINT  =       255.9073
 EAMBER (non-restraint)  =    -98651.0571
 EKCMT  =      8308.7512  VIRIAL  =      7157.1095  VOLUME     =    316721.7909
                                                    Density    =         1.0347
 ------------------------------------------------------------------------------

wrapping first mol.:       24.79644       35.06746       60.73861
wrapping first mol.:       24.79644       35.06746       60.73861

 NSTEP =    23500   TIME(PS) =     987.000  TEMP(K) =   300.72  PRESS =   108.4
 Etot   =    -78374.3483  EKtot   =     19682.7031  EPtot      =    -98057.0514
 BOND   =       787.6473  ANGLE   =      1893.0596  DIHED      =      3440.7940
 1-4 NB =       995.4794  1-4 EEL =     12901.8886  VDWAALS    =     10514.8185
 EELEC  =   -128843.7712  EHBOND  =         0.0000  RESTRAINT  =       253.0325
 EAMBER (non-restraint)  =    -98310.0839
 EKCMT  =      8222.4995  VIRIAL  =      7480.6323  VOLUME     =    316887.7491
                                                    Density    =         1.0342
 ------------------------------------------------------------------------------

wrapping first mol.:       24.80457       35.07896       60.75853
wrapping first mol.:       24.80457       35.07896       60.75853

 NSTEP =    24000   TIME(PS) =     988.000  TEMP(K) =   296.20  PRESS =  -175.4
 Etot   =    -78482.4291  EKtot   =     19386.4629  EPtot      =    -97868.8920
 BOND   =       826.1121  ANGLE   =      1852.0495  DIHED      =      3434.9136
 1-4 NB =       998.7244  1-4 EEL =     12900.0760  VDWAALS    =     10484.0687
 EELEC  =   -128620.2376  EHBOND  =         0.0000  RESTRAINT  =       255.4012
 EAMBER (non-restraint)  =    -98124.2931
 EKCMT  =      8201.8281  VIRIAL  =      9403.1618  VOLUME     =    317207.5484
                                                    Density    =         1.0331
 ------------------------------------------------------------------------------

wrapping first mol.:       24.78517       35.05152       60.71101
wrapping first mol.:       24.78517       35.05152       60.71101

 NSTEP =    24500   TIME(PS) =     989.000  TEMP(K) =   296.94  PRESS =    29.3
 Etot   =    -78585.4270  EKtot   =     19435.2910  EPtot      =    -98020.7180
 BOND   =       772.1629  ANGLE   =      1892.3602  DIHED      =      3394.5437
 1-4 NB =       994.6074  1-4 EEL =     12925.8894  VDWAALS    =     10558.9498
 EELEC  =   -128823.3309  EHBOND  =         0.0000  RESTRAINT  =       264.0995
 EAMBER (non-restraint)  =    -98284.8175
 EKCMT  =      8172.6315  VIRIAL  =      7972.4058  VOLUME     =    316458.0895
                                                    Density    =         1.0356
 ------------------------------------------------------------------------------

wrapping first mol.:       24.79331       35.06303       60.73095
wrapping first mol.:       24.79331       35.06303       60.73095

 NSTEP =    25000   TIME(PS) =     990.000  TEMP(K) =   298.08  PRESS =   137.0
 Etot   =    -78552.5435  EKtot   =     19509.7090  EPtot      =    -98062.2525
 BOND   =       791.5764  ANGLE   =      1862.3027  DIHED      =      3431.9305
 1-4 NB =       997.9409  1-4 EEL =     12929.8383  VDWAALS    =     10487.3360
 EELEC  =   -128812.8248  EHBOND  =         0.0000  RESTRAINT  =       249.6475
 EAMBER (non-restraint)  =    -98311.9000
 EKCMT  =      8189.9355  VIRIAL  =      7252.7181  VOLUME     =    316767.0119
                                                    Density    =         1.0346
 ------------------------------------------------------------------------------

wrapping first mol.:       24.79817       35.06991       60.74287
wrapping first mol.:       24.79817       35.06991       60.74287

 NSTEP =    25500   TIME(PS) =     991.000  TEMP(K) =   302.38  PRESS =  -272.9
 Etot   =    -78116.3278  EKtot   =     19791.1680  EPtot      =    -97907.4958
 BOND   =       799.6019  ANGLE   =      1890.8167  DIHED      =      3417.8424
 1-4 NB =       987.3931  1-4 EEL =     12895.3252  VDWAALS    =     10214.7791
 EELEC  =   -128368.9113  EHBOND  =         0.0000  RESTRAINT  =       255.6571
 EAMBER (non-restraint)  =    -98163.1529
 EKCMT  =      8361.6413  VIRIAL  =     10229.2753  VOLUME     =    316965.0652
                                                    Density    =         1.0339
 ------------------------------------------------------------------------------

wrapping first mol.:       24.77970       35.04379       60.69762
wrapping first mol.:       24.77970       35.04379       60.69762

 NSTEP =    26000   TIME(PS) =     992.000  TEMP(K) =   300.61  PRESS =   -57.5
 Etot   =    -78716.0768  EKtot   =     19675.3379  EPtot      =    -98391.4147
 BOND   =       822.1521  ANGLE   =      1898.7208  DIHED      =      3435.8127
 1-4 NB =       995.0366  1-4 EEL =     12849.1416  VDWAALS    =     10866.2837
 EELEC  =   -129522.0603  EHBOND  =         0.0000  RESTRAINT  =       263.4981
 EAMBER (non-restraint)  =    -98654.9128
 EKCMT  =      8310.7474  VIRIAL  =      8703.3037  VOLUME     =    316251.2808
                                                    Density    =         1.0363
 ------------------------------------------------------------------------------

wrapping first mol.:       24.76351       35.02089       60.65796
wrapping first mol.:       24.76351       35.02089       60.65796

 NSTEP =    26500   TIME(PS) =     993.000  TEMP(K) =   301.46  PRESS =    -8.8
 Etot   =    -78389.8691  EKtot   =     19731.1055  EPtot      =    -98120.9746
 BOND   =       778.8275  ANGLE   =      1886.3426  DIHED      =      3442.0131
 1-4 NB =       981.0392  1-4 EEL =     12864.4527  VDWAALS    =     10749.1441
 EELEC  =   -129081.4688  EHBOND  =         0.0000  RESTRAINT  =       258.6750
 EAMBER (non-restraint)  =    -98379.6496
 EKCMT  =      8336.4503  VIRIAL  =      8396.7432  VOLUME     =    315630.2872
                                                    Density    =         1.0383
 ------------------------------------------------------------------------------

wrapping first mol.:       24.76898       35.02862       60.67135
wrapping first mol.:       24.76898       35.02862       60.67135

 NSTEP =    27000   TIME(PS) =     994.000  TEMP(K) =   302.98  PRESS =  -164.0
 Etot   =    -78241.5103  EKtot   =     19830.1562  EPtot      =    -98071.6665
 BOND   =       839.6716  ANGLE   =      1939.9002  DIHED      =      3391.6663
 1-4 NB =       981.6912  1-4 EEL =     12911.9021  VDWAALS    =     10410.6786
 EELEC  =   -128810.7607  EHBOND  =         0.0000  RESTRAINT  =       263.5843
 EAMBER (non-restraint)  =    -98335.2508
 EKCMT  =      8330.8311  VIRIAL  =      9449.2989  VOLUME     =    315843.7946
                                                    Density    =         1.0376
 ------------------------------------------------------------------------------

wrapping first mol.:       24.78183       35.04679       60.70282
wrapping first mol.:       24.78183       35.04679       60.70282

 NSTEP =    27500   TIME(PS) =     995.000  TEMP(K) =   300.59  PRESS =   195.0
 Etot   =    -78664.8189  EKtot   =     19673.7949  EPtot      =    -98338.6139
 BOND   =       784.8283  ANGLE   =      1885.5373  DIHED      =      3414.9736
 1-4 NB =       977.0827  1-4 EEL =     12831.4944  VDWAALS    =     10694.5720
 EELEC  =   -129179.5785  EHBOND  =         0.0000  RESTRAINT  =       252.4762
 EAMBER (non-restraint)  =    -98591.0901
 EKCMT  =      8307.2774  VIRIAL  =      6975.4107  VOLUME     =    316325.3807
                                                    Density    =         1.0360
 ------------------------------------------------------------------------------

wrapping first mol.:       24.77473       35.03676       60.68544
wrapping first mol.:       24.77473       35.03676       60.68544

 NSTEP =    28000   TIME(PS) =     996.000  TEMP(K) =   302.49  PRESS =   -70.6
 Etot   =    -78283.7104  EKtot   =     19797.9980  EPtot      =    -98081.7085
 BOND   =       836.9218  ANGLE   =      1926.7353  DIHED      =      3436.3131
 1-4 NB =       984.1793  1-4 EEL =     12865.2519  VDWAALS    =     10421.3310
 EELEC  =   -128794.3624  EHBOND  =         0.0000  RESTRAINT  =       241.9216
 EAMBER (non-restraint)  =    -98323.6300
 EKCMT  =      8399.3771  VIRIAL  =      8881.2909  VOLUME     =    316061.2998
                                                    Density    =         1.0369
 ------------------------------------------------------------------------------

wrapping first mol.:       24.77208       35.03302       60.67896
wrapping first mol.:       24.77208       35.03302       60.67896

 NSTEP =    28500   TIME(PS) =     997.000  TEMP(K) =   301.93  PRESS =   -21.0
 Etot   =    -78537.3314  EKtot   =     19761.4922  EPtot      =    -98298.8236
 BOND   =       797.2623  ANGLE   =      1866.5209  DIHED      =      3427.5154
 1-4 NB =       998.2173  1-4 EEL =     12919.0678  VDWAALS    =     10502.0235
 EELEC  =   -129076.4881  EHBOND  =         0.0000  RESTRAINT  =       267.0575
 EAMBER (non-restraint)  =    -98565.8810
 EKCMT  =      8457.0194  VIRIAL  =      8600.3056  VOLUME     =    315958.5803
                                                    Density    =         1.0372
 ------------------------------------------------------------------------------

wrapping first mol.:       24.77332       35.03476       60.68198
wrapping first mol.:       24.77332       35.03476       60.68198

 NSTEP =    29000   TIME(PS) =     998.000  TEMP(K) =   300.17  PRESS =   -24.4
 Etot   =    -78776.5326  EKtot   =     19646.4727  EPtot      =    -98423.0052
 BOND   =       798.4170  ANGLE   =      1857.8697  DIHED      =      3425.6357
 1-4 NB =       986.3677  1-4 EEL =     12905.8199  VDWAALS    =     10635.0028
 EELEC  =   -129294.6151  EHBOND  =         0.0000  RESTRAINT  =       262.4970
 EAMBER (non-restraint)  =    -98685.5022
 EKCMT  =      8250.8622  VIRIAL  =      8417.3363  VOLUME     =    316005.8344
                                                    Density    =         1.0371
 ------------------------------------------------------------------------------

wrapping first mol.:       24.78388       35.04970       60.70785
wrapping first mol.:       24.78388       35.04970       60.70785

 NSTEP =    29500   TIME(PS) =     999.000  TEMP(K) =   298.62  PRESS =    15.1
 Etot   =    -78856.8061  EKtot   =     19545.2637  EPtot      =    -98402.0697
 BOND   =       803.0700  ANGLE   =      1855.5568  DIHED      =      3412.7220
 1-4 NB =       984.5282  1-4 EEL =     12847.7116  VDWAALS    =     10751.9586
 EELEC  =   -129320.7078  EHBOND  =         0.0000  RESTRAINT  =       263.0909
 EAMBER (non-restraint)  =    -98665.1606
 EKCMT  =      8264.1321  VIRIAL  =      8160.6898  VOLUME     =    316409.1416
                                                    Density    =         1.0357
 ------------------------------------------------------------------------------

wrapping first mol.:       24.77014       35.03026       60.67419
wrapping first mol.:       24.77014       35.03026       60.67419

 NSTEP =    30000   TIME(PS) =    1000.000  TEMP(K) =   298.71  PRESS =   -98.9
 Etot   =    -78887.6403  EKtot   =     19550.6348  EPtot      =    -98438.2751
 BOND   =       796.2297  ANGLE   =      1858.1197  DIHED      =      3394.7710
 1-4 NB =       990.0982  1-4 EEL =     12941.4022  VDWAALS    =     10649.0813
 EELEC  =   -129332.4948  EHBOND  =         0.0000  RESTRAINT  =       264.5176
 EAMBER (non-restraint)  =    -98702.7927
 EKCMT  =      8214.7573  VIRIAL  =      8889.1580  VOLUME     =    315886.2447
                                                    Density    =         1.0375
 ------------------------------------------------------------------------------

wrapping first mol.:       24.76805       35.02732       60.66909
wrapping first mol.:       24.76805       35.02732       60.66909

 NSTEP =    30500   TIME(PS) =    1001.000  TEMP(K) =   301.05  PRESS =  -126.0
 Etot   =    -78522.2966  EKtot   =     19703.7969  EPtot      =    -98226.0934
 BOND   =       816.6289  ANGLE   =      1924.3062  DIHED      =      3412.6173
 1-4 NB =       997.4541  1-4 EEL =     12898.6559  VDWAALS    =     10685.5318
 EELEC  =   -129214.9849  EHBOND  =         0.0000  RESTRAINT  =       253.6974
 EAMBER (non-restraint)  =    -98479.7908
 EKCMT  =      8226.9690  VIRIAL  =      9086.1846  VOLUME     =    315807.4001
                                                    Density    =         1.0377
 ------------------------------------------------------------------------------

wrapping first mol.:       24.77744       35.04059       60.69208
wrapping first mol.:       24.77744       35.04059       60.69208

 NSTEP =    31000   TIME(PS) =    1002.000  TEMP(K) =   302.60  PRESS =  -147.7
 Etot   =    -78248.8532  EKtot   =     19805.7598  EPtot      =    -98054.6130
 BOND   =       804.7956  ANGLE   =      1903.6941  DIHED      =      3432.1500
 1-4 NB =       991.0365  1-4 EEL =     12936.5761  VDWAALS    =     10379.6871
 EELEC  =   -128758.2242  EHBOND  =         0.0000  RESTRAINT  =       255.6718
 EAMBER (non-restraint)  =    -98310.2848
 EKCMT  =      8321.9176  VIRIAL  =      9330.1575  VOLUME     =    316167.2127
                                                    Density    =         1.0365
 ------------------------------------------------------------------------------

wrapping first mol.:       24.77455       35.03651       60.68500
wrapping first mol.:       24.77455       35.03651       60.68500

 NSTEP =    31500   TIME(PS) =    1003.000  TEMP(K) =   303.84  PRESS =   -55.8
 Etot   =    -78411.5003  EKtot   =     19886.9375  EPtot      =    -98298.4378
 BOND   =       789.9993  ANGLE   =      1869.4097  DIHED      =      3419.3873
 1-4 NB =       989.6397  1-4 EEL =     12930.1393  VDWAALS    =     10589.1637
 EELEC  =   -129130.4535  EHBOND  =         0.0000  RESTRAINT  =       244.2769
 EAMBER (non-restraint)  =    -98542.7147
 EKCMT  =      8354.4371  VIRIAL  =      8735.4130  VOLUME     =    316054.0293
                                                    Density    =         1.0369
 ------------------------------------------------------------------------------

wrapping first mol.:       24.76350       35.02088       60.65793
wrapping first mol.:       24.76350       35.02088       60.65793

 NSTEP =    32000   TIME(PS) =    1004.000  TEMP(K) =   299.40  PRESS =  -251.4
 Etot   =    -78539.6258  EKtot   =     19596.1504  EPtot      =    -98135.7762
 BOND   =       769.7058  ANGLE   =      1845.2356  DIHED      =      3432.6138
 1-4 NB =       995.1820  1-4 EEL =     12838.9723  VDWAALS    =     10262.5954
 EELEC  =   -128547.9683  EHBOND  =         0.0000  RESTRAINT  =       267.8871
 EAMBER (non-restraint)  =    -98403.6633
 EKCMT  =      8302.1399  VIRIAL  =     10015.0948  VOLUME     =    315636.7213
                                                    Density    =         1.0383
 ------------------------------------------------------------------------------

wrapping first mol.:       24.77588       35.03838       60.68826
wrapping first mol.:       24.77588       35.03838       60.68826

 NSTEP =    32500   TIME(PS) =    1005.000  TEMP(K) =   303.30  PRESS =    81.9
 Etot   =    -78463.4314  EKtot   =     19851.1562  EPtot      =    -98314.5877
 BOND   =       811.7990  ANGLE   =      1826.0910  DIHED      =      3413.2066
 1-4 NB =       992.9149  1-4 EEL =     12872.3566  VDWAALS    =     10606.3382
 EELEC  =   -129073.8766  EHBOND  =         0.0000  RESTRAINT  =       236.5825
 EAMBER (non-restraint)  =    -98551.1702
 EKCMT  =      8301.7206  VIRIAL  =      7742.8974  VOLUME     =    316100.9512
                                                    Density    =         1.0367
 ------------------------------------------------------------------------------

wrapping first mol.:       24.78472       35.05089       60.70992
wrapping first mol.:       24.78472       35.05089       60.70992

 NSTEP =    33000   TIME(PS) =    1006.000  TEMP(K) =   299.42  PRESS =  -125.5
 Etot   =    -78540.4026  EKtot   =     19597.1562  EPtot      =    -98137.5589
 BOND   =       787.0751  ANGLE   =      1875.3090  DIHED      =      3410.3025
 1-4 NB =      1005.5569  1-4 EEL =     12876.3348  VDWAALS    =     10524.1298
 EELEC  =   -128879.8082  EHBOND  =         0.0000  RESTRAINT  =       263.5413
 EAMBER (non-restraint)  =    -98401.1001
 EKCMT  =      8221.6510  VIRIAL  =      9079.3499  VOLUME     =    316445.3752
                                                    Density    =         1.0356
 ------------------------------------------------------------------------------

wrapping first mol.:       24.77901       35.04282       60.69593
wrapping first mol.:       24.77901       35.04282       60.69593

 NSTEP =    33500   TIME(PS) =    1007.000  TEMP(K) =   298.78  PRESS =    58.5
 Etot   =    -78406.6231  EKtot   =     19555.4492  EPtot      =    -97962.0723
 BOND   =       803.6614  ANGLE   =      1929.4448  DIHED      =      3418.6785
 1-4 NB =      1001.3619  1-4 EEL =     12814.4255  VDWAALS    =     10570.0732
 EELEC  =   -128749.4249  EHBOND  =         0.0000  RESTRAINT  =       249.7072
 EAMBER (non-restraint)  =    -98211.7796
 EKCMT  =      8272.7400  VIRIAL  =      7873.4385  VOLUME     =    316221.5597
                                                    Density    =         1.0364
 ------------------------------------------------------------------------------

wrapping first mol.:       24.79675       35.06790       60.73938
wrapping first mol.:       24.79675       35.06790       60.73938

 NSTEP =    34000   TIME(PS) =    1008.000  TEMP(K) =   298.46  PRESS =   112.4
 Etot   =    -78826.0934  EKtot   =     19534.6133  EPtot      =    -98360.7067
 BOND   =       792.5645  ANGLE   =      1835.8937  DIHED      =      3413.0174
 1-4 NB =       979.8105  1-4 EEL =     12921.8271  VDWAALS    =     10520.8916
 EELEC  =   -129082.2663  EHBOND  =         0.0000  RESTRAINT  =       257.5548
 EAMBER (non-restraint)  =    -98618.2615
 EKCMT  =      8191.0579  VIRIAL  =      7421.9767  VOLUME     =    316899.6695
                                                    Density    =         1.0341
 ------------------------------------------------------------------------------

wrapping first mol.:       24.77981       35.04395       60.69789
wrapping first mol.:       24.77981       35.04395       60.69789

 NSTEP =    34500   TIME(PS) =    1009.000  TEMP(K) =   299.69  PRESS =   -81.0
 Etot   =    -78487.5479  EKtot   =     19614.8652  EPtot      =    -98102.4132
 BOND   =       799.8507  ANGLE   =      1902.2478  DIHED      =      3418.1293
 1-4 NB =      1002.6291  1-4 EEL =     12931.9538  VDWAALS    =     10376.8693
 EELEC  =   -128817.5295  EHBOND  =         0.0000  RESTRAINT  =       283.4363
 EAMBER (non-restraint)  =    -98385.8495
 EKCMT  =      8270.1704  VIRIAL  =      8822.9819  VOLUME     =    316256.1363
                                                    Density    =         1.0362
 ------------------------------------------------------------------------------

wrapping first mol.:       24.78214       35.04723       60.70359
wrapping first mol.:       24.78214       35.04723       60.70359

 NSTEP =    35000   TIME(PS) =    1010.000  TEMP(K) =   300.11  PRESS =   -48.5
 Etot   =    -78377.8009  EKtot   =     19642.7324  EPtot      =    -98020.5333
 BOND   =       807.2122  ANGLE   =      1909.5650  DIHED      =      3445.1624
 1-4 NB =       976.7414  1-4 EEL =     12879.1440  VDWAALS    =     10620.8263
 EELEC  =   -128909.2774  EHBOND  =         0.0000  RESTRAINT  =       250.0928
 EAMBER (non-restraint)  =    -98270.6261
 EKCMT  =      8282.5943  VIRIAL  =      8614.1583  VOLUME     =    316344.2290
                                                    Density    =         1.0359
 ------------------------------------------------------------------------------

wrapping first mol.:       24.79676       35.06791       60.73940
wrapping first mol.:       24.79676       35.06791       60.73940

 NSTEP =    35500   TIME(PS) =    1011.000  TEMP(K) =   303.31  PRESS =   229.6
 Etot   =    -78197.8695  EKtot   =     19852.1289  EPtot      =    -98049.9984
 BOND   =       782.4202  ANGLE   =      1903.6034  DIHED      =      3423.8783
 1-4 NB =       990.2067  1-4 EEL =     12862.6525  VDWAALS    =     10623.1119
 EELEC  =   -128889.8160  EHBOND  =         0.0000  RESTRAINT  =       253.9447
 EAMBER (non-restraint)  =    -98303.9430
 EKCMT  =      8414.7556  VIRIAL  =      6843.6068  VOLUME     =    316896.6241
                                                    Density    =         1.0341
 ------------------------------------------------------------------------------

wrapping first mol.:       24.79064       35.05925       60.72440
wrapping first mol.:       24.79064       35.05925       60.72440

 NSTEP =    36000   TIME(PS) =    1012.000  TEMP(K) =   299.44  PRESS =   -98.9
 Etot   =    -78515.9146  EKtot   =     19598.9023  EPtot      =    -98114.8170
 BOND   =       747.5054  ANGLE   =      1906.1407  DIHED      =      3437.7581
 1-4 NB =       962.7424  1-4 EEL =     12853.2816  VDWAALS    =     10519.4723
 EELEC  =   -128782.2313  EHBOND  =         0.0000  RESTRAINT  =       240.5139
 EAMBER (non-restraint)  =    -98355.3309
 EKCMT  =      8253.7504  VIRIAL  =      8929.9925  VOLUME     =    316671.1704
                                                    Density    =         1.0349
 ------------------------------------------------------------------------------

wrapping first mol.:       24.79409       35.06414       60.73287
wrapping first mol.:       24.79409       35.06414       60.73287

 NSTEP =    36500   TIME(PS) =    1013.000  TEMP(K) =   298.38  PRESS =   109.1
 Etot   =    -78480.8495  EKtot   =     19529.2578  EPtot      =    -98010.1074
 BOND   =       727.1859  ANGLE   =      1962.3382  DIHED      =      3428.9158
 1-4 NB =      1001.0631  1-4 EEL =     12828.7725  VDWAALS    =     10511.7486
 EELEC  =   -128739.3111  EHBOND  =         0.0000  RESTRAINT  =       269.1796
 EAMBER (non-restraint)  =    -98279.2869
 EKCMT  =      8293.7007  VIRIAL  =      7547.6829  VOLUME     =    316797.8429
                                                    Density    =         1.0345
 ------------------------------------------------------------------------------

wrapping first mol.:       24.79627       35.06722       60.73820
wrapping first mol.:       24.79627       35.06722       60.73820

 NSTEP =    37000   TIME(PS) =    1014.000  TEMP(K) =   298.51  PRESS =   -70.8
 Etot   =    -78744.9701  EKtot   =     19537.5195  EPtot      =    -98282.4896
 BOND   =       782.0175  ANGLE   =      1868.4949  DIHED      =      3424.6872
 1-4 NB =       996.6628  1-4 EEL =     12889.8887  VDWAALS    =     10672.1071
 EELEC  =   -129181.5526  EHBOND  =         0.0000  RESTRAINT  =       265.2047
 EAMBER (non-restraint)  =    -98547.6943
 EKCMT  =      8230.2777  VIRIAL  =      8714.5464  VOLUME     =    316886.2552
                                                    Density    =         1.0342
 ------------------------------------------------------------------------------

wrapping first mol.:       24.79968       35.07205       60.74656
wrapping first mol.:       24.79968       35.07205       60.74656

 NSTEP =    37500   TIME(PS) =    1015.000  TEMP(K) =   303.50  PRESS =  -114.3
 Etot   =    -78249.1549  EKtot   =     19864.3262  EPtot      =    -98113.4811
 BOND   =       761.2193  ANGLE   =      1880.2377  DIHED      =      3422.3874
 1-4 NB =      1001.9027  1-4 EEL =     12908.4492  VDWAALS    =     10490.3510
 EELEC  =   -128858.8673  EHBOND  =         0.0000  RESTRAINT  =       280.8388
 EAMBER (non-restraint)  =    -98394.3199
 EKCMT  =      8230.9815  VIRIAL  =      9013.3621  VOLUME     =    317018.4722
                                                    Density    =         1.0337
 ------------------------------------------------------------------------------

wrapping first mol.:       24.79830       35.07009       60.74318
wrapping first mol.:       24.79830       35.07009       60.74318

 NSTEP =    38000   TIME(PS) =    1016.000  TEMP(K) =   301.22  PRESS =  -131.5
 Etot   =    -78295.6762  EKtot   =     19714.9453  EPtot      =    -98010.6215
 BOND   =       813.4452  ANGLE   =      1860.3417  DIHED      =      3416.2069
 1-4 NB =      1012.2189  1-4 EEL =     12919.7097  VDWAALS    =     10488.8373
 EELEC  =   -128789.5626  EHBOND  =         0.0000  RESTRAINT  =       268.1813
 EAMBER (non-restraint)  =    -98278.8028
 EKCMT  =      8280.5174  VIRIAL  =      9180.3243  VOLUME     =    316965.9301
                                                    Density    =         1.0339
 ------------------------------------------------------------------------------

wrapping first mol.:       24.79344       35.06321       60.73126
wrapping first mol.:       24.79344       35.06321       60.73126

 NSTEP =    38500   TIME(PS) =    1017.000  TEMP(K) =   303.47  PRESS =  -312.3
 Etot   =    -78376.5264  EKtot   =     19862.3828  EPtot      =    -98238.9092
 BOND   =       828.3177  ANGLE   =      1878.8552  DIHED      =      3435.5562
 1-4 NB =       986.7654  1-4 EEL =     12871.5351  VDWAALS    =     10382.3006
 EELEC  =   -128884.0729  EHBOND  =         0.0000  RESTRAINT  =       261.8335
 EAMBER (non-restraint)  =    -98500.7427
 EKCMT  =      8331.9961  VIRIAL  =     10468.0233  VOLUME     =    316784.5577
                                                    Density    =         1.0345
 ------------------------------------------------------------------------------

wrapping first mol.:       24.78850       35.05623       60.71917
wrapping first mol.:       24.78850       35.05623       60.71917

 NSTEP =    39000   TIME(PS) =    1018.000  TEMP(K) =   299.16  PRESS =   -24.6
 Etot   =    -78386.6624  EKtot   =     19580.0391  EPtot      =    -97966.7014
 BOND   =       797.7029  ANGLE   =      1848.7499  DIHED      =      3438.3061
 1-4 NB =      1006.4127  1-4 EEL =     12932.6569  VDWAALS    =     10414.4506
 EELEC  =   -128660.9134  EHBOND  =         0.0000  RESTRAINT  =       255.9328
 EAMBER (non-restraint)  =    -98222.6343
 EKCMT  =      8331.1654  VIRIAL  =      8499.2835  VOLUME     =    316587.2362
                                                    Density    =         1.0352
 ------------------------------------------------------------------------------

wrapping first mol.:       24.79163       35.06066       60.72685
wrapping first mol.:       24.79163       35.06066       60.72685

 NSTEP =    39500   TIME(PS) =    1019.000  TEMP(K) =   300.36  PRESS =   -28.0
 Etot   =    -78435.8541  EKtot   =     19659.1875  EPtot      =    -98095.0416
 BOND   =       779.6242  ANGLE   =      1916.9693  DIHED      =      3428.1095
 1-4 NB =       999.0579  1-4 EEL =     12872.3627  VDWAALS    =     10668.8412
 EELEC  =   -129032.9110  EHBOND  =         0.0000  RESTRAINT  =       272.9046
 EAMBER (non-restraint)  =    -98367.9462
 EKCMT  =      8381.6855  VIRIAL  =      8573.2610  VOLUME     =    316707.4336
                                                    Density    =         1.0348
 ------------------------------------------------------------------------------

wrapping first mol.:       24.80618       35.08123       60.76247
wrapping first mol.:       24.80618       35.08123       60.76247

 NSTEP =    40000   TIME(PS) =    1020.000  TEMP(K) =   301.20  PRESS =  -106.0
 Etot   =    -78306.2149  EKtot   =     19713.7520  EPtot      =    -98019.9668
 BOND   =       764.8096  ANGLE   =      1951.9583  DIHED      =      3456.6316
 1-4 NB =       983.9705  1-4 EEL =     12831.9656  VDWAALS    =     10535.5694
 EELEC  =   -128822.3969  EHBOND  =         0.0000  RESTRAINT  =       277.5251
 EAMBER (non-restraint)  =    -98297.4920
 EKCMT  =      8378.8737  VIRIAL  =      9105.0642  VOLUME     =    317267.3897
                                                    Density    =         1.0329
 ------------------------------------------------------------------------------

wrapping first mol.:       24.79985       35.07228       60.74696
wrapping first mol.:       24.79985       35.07228       60.74696

 NSTEP =    40500   TIME(PS) =    1021.000  TEMP(K) =   300.49  PRESS =   165.7
 Etot   =    -78352.2181  EKtot   =     19667.4785  EPtot      =    -98019.6967
 BOND   =       804.4061  ANGLE   =      1864.3024  DIHED      =      3435.1409
 1-4 NB =      1011.8744  1-4 EEL =     12828.4291  VDWAALS    =     10545.4441
 EELEC  =   -128768.6233  EHBOND  =         0.0000  RESTRAINT  =       259.3297
 EAMBER (non-restraint)  =    -98279.0263
 EKCMT  =      8236.3018  VIRIAL  =      7102.3424  VOLUME     =    317016.7653
                                                    Density    =         1.0338
 ------------------------------------------------------------------------------

wrapping first mol.:       24.79192       35.06107       60.72754
wrapping first mol.:       24.79192       35.06107       60.72754

 NSTEP =    41000   TIME(PS) =    1022.000  TEMP(K) =   299.68  PRESS =    78.0
 Etot   =    -78597.6685  EKtot   =     19614.1992  EPtot      =    -98211.8677
 BOND   =       806.4378  ANGLE   =      1871.3776  DIHED      =      3388.8275
 1-4 NB =       998.7854  1-4 EEL =     12936.7513  VDWAALS    =     10738.6038
 EELEC  =   -129211.0543  EHBOND  =         0.0000  RESTRAINT  =       258.4032
 EAMBER (non-restraint)  =    -98470.2709
 EKCMT  =      8221.0421  VIRIAL  =      7687.3891  VOLUME     =    316715.3600
                                                    Density    =         1.0347
 ------------------------------------------------------------------------------

wrapping first mol.:       24.78136       35.04614       60.70169
wrapping first mol.:       24.78136       35.04614       60.70169

 NSTEP =    41500   TIME(PS) =    1023.000  TEMP(K) =   297.30  PRESS =   362.2
 Etot   =    -78730.2641  EKtot   =     19458.8711  EPtot      =    -98189.1352
 BOND   =       854.8213  ANGLE   =      1875.9812  DIHED      =      3442.8476
 1-4 NB =       995.4486  1-4 EEL =     12876.1384  VDWAALS    =     10741.0798
 EELEC  =   -129260.0660  EHBOND  =         0.0000  RESTRAINT  =       284.6139
 EAMBER (non-restraint)  =    -98473.7490
 EKCMT  =      8187.0680  VIRIAL  =      5713.4212  VOLUME     =    316302.9543
                                                    Density    =         1.0361
 ------------------------------------------------------------------------------

wrapping first mol.:       24.78638       35.05324       60.71398
wrapping first mol.:       24.78638       35.05324       60.71398

 NSTEP =    42000   TIME(PS) =    1024.000  TEMP(K) =   299.76  PRESS =   165.2
 Etot   =    -78575.4127  EKtot   =     19619.4121  EPtot      =    -98194.8248
 BOND   =       762.9192  ANGLE   =      1850.8983  DIHED      =      3437.2079
 1-4 NB =       995.0267  1-4 EEL =     12933.1112  VDWAALS    =     10617.7649
 EELEC  =   -129060.6614  EHBOND  =         0.0000  RESTRAINT  =       268.9084
 EAMBER (non-restraint)  =    -98463.7332
 EKCMT  =      8303.8119  VIRIAL  =      7174.9038  VOLUME     =    316500.7102
                                                    Density    =         1.0354
 ------------------------------------------------------------------------------

wrapping first mol.:       24.78139       35.04617       60.70175
wrapping first mol.:       24.78139       35.04617       60.70175

 NSTEP =    42500   TIME(PS) =    1025.000  TEMP(K) =   301.05  PRESS =  -291.1
 Etot   =    -78608.9113  EKtot   =     19704.1602  EPtot      =    -98313.0714
 BOND   =       821.9238  ANGLE   =      1843.6876  DIHED      =      3394.4597
 1-4 NB =       981.3304  1-4 EEL =     12830.5775  VDWAALS    =     10461.3651
 EELEC  =   -128900.4017  EHBOND  =         0.0000  RESTRAINT  =       253.9863
 EAMBER (non-restraint)  =    -98567.0577
 EKCMT  =      8301.6125  VIRIAL  =     10289.9614  VOLUME     =    316322.3514
                                                    Density    =         1.0360
 ------------------------------------------------------------------------------

wrapping first mol.:       24.79261       35.06204       60.72923
wrapping first mol.:       24.79261       35.06204       60.72923

 NSTEP =    43000   TIME(PS) =    1026.000  TEMP(K) =   301.07  PRESS =    76.5
 Etot   =    -78690.0661  EKtot   =     19705.3672  EPtot      =    -98395.4333
 BOND   =       804.6171  ANGLE   =      1838.2818  DIHED      =      3426.0804
 1-4 NB =       977.2254  1-4 EEL =     12918.8440  VDWAALS    =     10629.5466
 EELEC  =   -129245.9093  EHBOND  =         0.0000  RESTRAINT  =       255.8807
 EAMBER (non-restraint)  =    -98651.3140
 EKCMT  =      8244.1177  VIRIAL  =      7720.7173  VOLUME     =    316741.7870
                                                    Density    =         1.0346
 ------------------------------------------------------------------------------

wrapping first mol.:       24.79179       35.06089       60.72724
wrapping first mol.:       24.79179       35.06089       60.72724

 NSTEP =    43500   TIME(PS) =    1027.000  TEMP(K) =   298.18  PRESS =     5.3
 Etot   =    -78462.2380  EKtot   =     19516.2012  EPtot      =    -97978.4392
 BOND   =       788.8148  ANGLE   =      1924.9122  DIHED      =      3443.2412
 1-4 NB =       980.0867  1-4 EEL =     12837.6132  VDWAALS    =     10416.2750
 EELEC  =   -128639.2166  EHBOND  =         0.0000  RESTRAINT  =       269.8343
 EAMBER (non-restraint)  =    -98248.2734
 EKCMT  =      8287.0634  VIRIAL  =      8250.8796  VOLUME     =    316712.6049
                                                    Density    =         1.0347
 ------------------------------------------------------------------------------

wrapping first mol.:       24.78011       35.04436       60.69862
wrapping first mol.:       24.78011       35.04436       60.69862

 NSTEP =    44000   TIME(PS) =    1028.000  TEMP(K) =   300.24  PRESS =  -107.9
 Etot   =    -78560.6346  EKtot   =     19651.0820  EPtot      =    -98211.7166
 BOND   =       831.8184  ANGLE   =      1862.8192  DIHED      =      3411.7849
 1-4 NB =       987.3471  1-4 EEL =     12908.5309  VDWAALS    =     10541.5581
 EELEC  =   -129008.2911  EHBOND  =         0.0000  RESTRAINT  =       252.7159
 EAMBER (non-restraint)  =    -98464.4325
 EKCMT  =      8345.6190  VIRIAL  =      9082.1436  VOLUME     =    316268.2034
                                                    Density    =         1.0362
 ------------------------------------------------------------------------------

wrapping first mol.:       24.78739       35.05466       60.71645
wrapping first mol.:       24.78739       35.05466       60.71645

 NSTEP =    44500   TIME(PS) =    1029.000  TEMP(K) =   302.38  PRESS =   116.5
 Etot   =    -78223.5583  EKtot   =     19791.2344  EPtot      =    -98014.7926
 BOND   =       790.7133  ANGLE   =      1897.4769  DIHED      =      3421.1722
 1-4 NB =       990.7784  1-4 EEL =     12887.4732  VDWAALS    =     10643.5332
 EELEC  =   -128888.6837  EHBOND  =         0.0000  RESTRAINT  =       242.7438
 EAMBER (non-restraint)  =    -98257.5364
 EKCMT  =      8297.8900  VIRIAL  =      7501.6600  VOLUME     =    316540.6938
                                                    Density    =         1.0353
 ------------------------------------------------------------------------------

wrapping first mol.:       24.78935       35.05743       60.72124
wrapping first mol.:       24.78935       35.05743       60.72124

 NSTEP =    45000   TIME(PS) =    1030.000  TEMP(K) =   302.09  PRESS =    13.7
 Etot   =    -78416.4851  EKtot   =     19772.3516  EPtot      =    -98188.8366
 BOND   =       767.8652  ANGLE   =      1920.4109  DIHED      =      3397.6831
 1-4 NB =      1012.0434  1-4 EEL =     12864.5341  VDWAALS    =     10570.8023
 EELEC  =   -128985.0713  EHBOND  =         0.0000  RESTRAINT  =       262.8957
 EAMBER (non-restraint)  =    -98451.7323
 EKCMT  =      8249.2106  VIRIAL  =      8155.5292  VOLUME     =    316618.6200
                                                    Density    =         1.0351
 ------------------------------------------------------------------------------

wrapping first mol.:       24.78240       35.04761       60.70424
wrapping first mol.:       24.78240       35.04761       60.70424

 NSTEP =    45500   TIME(PS) =    1031.000  TEMP(K) =   302.97  PRESS =    96.7
 Etot   =    -78455.2170  EKtot   =     19830.0273  EPtot      =    -98285.2443
 BOND   =       759.4744  ANGLE   =      1900.8961  DIHED      =      3403.1975
 1-4 NB =       999.3780  1-4 EEL =     12896.5419  VDWAALS    =     10665.5347
 EELEC  =   -129167.8509  EHBOND  =         0.0000  RESTRAINT  =       257.5841
 EAMBER (non-restraint)  =    -98542.8284
 EKCMT  =      8340.3281  VIRIAL  =      7680.1483  VOLUME     =    316350.2833
                                                    Density    =         1.0359
 ------------------------------------------------------------------------------

wrapping first mol.:       24.77842       35.04198       60.69448
wrapping first mol.:       24.77842       35.04198       60.69448

 NSTEP =    46000   TIME(PS) =    1032.000  TEMP(K) =   297.82  PRESS =   156.1
 Etot   =    -78523.7855  EKtot   =     19492.9160  EPtot      =    -98016.7015
 BOND   =       734.4811  ANGLE   =      1883.4049  DIHED      =      3423.0600
 1-4 NB =      1012.6744  1-4 EEL =     12893.5998  VDWAALS    =     10638.1169
 EELEC  =   -128857.6438  EHBOND  =         0.0000  RESTRAINT  =       255.6052
 EAMBER (non-restraint)  =    -98272.3067
 EKCMT  =      8271.3870  VIRIAL  =      7205.9822  VOLUME     =    316196.1380
                                                    Density    =         1.0364
 ------------------------------------------------------------------------------

wrapping first mol.:       24.78861       35.05639       60.71945
wrapping first mol.:       24.78861       35.05639       60.71945

 NSTEP =    46500   TIME(PS) =    1033.000  TEMP(K) =   300.24  PRESS =    68.2
 Etot   =    -78493.8119  EKtot   =     19651.1973  EPtot      =    -98145.0091
 BOND   =       805.4654  ANGLE   =      1931.0936  DIHED      =      3399.1069
 1-4 NB =       986.0356  1-4 EEL =     12790.0448  VDWAALS    =     10719.7477
 EELEC  =   -129054.3391  EHBOND  =         0.0000  RESTRAINT  =       277.8360
 EAMBER (non-restraint)  =    -98422.8451
 EKCMT  =      8286.1566  VIRIAL  =      7820.2318  VOLUME     =    316588.9485
                                                    Density    =         1.0351
 ------------------------------------------------------------------------------

wrapping first mol.:       24.79075       35.05941       60.72467
wrapping first mol.:       24.79075       35.05941       60.72467

 NSTEP =    47000   TIME(PS) =    1034.000  TEMP(K) =   296.97  PRESS =  -298.0
 Etot   =    -78705.6268  EKtot   =     19436.8730  EPtot      =    -98142.4999
 BOND   =       831.9030  ANGLE   =      1879.0419  DIHED      =      3401.2438
 1-4 NB =      1005.5583  1-4 EEL =     12902.9185  VDWAALS    =     10319.9526
 EELEC  =   -128760.4467  EHBOND  =         0.0000  RESTRAINT  =       277.3287
 EAMBER (non-restraint)  =    -98419.8286
 EKCMT  =      8163.2609  VIRIAL  =     10200.5124  VOLUME     =    316681.0774
                                                    Density    =         1.0348
 ------------------------------------------------------------------------------

wrapping first mol.:       24.77014       35.03026       60.67419
wrapping first mol.:       24.77014       35.03026       60.67419

 NSTEP =    47500   TIME(PS) =    1035.000  TEMP(K) =   300.85  PRESS =  -238.3
 Etot   =    -78444.7993  EKtot   =     19690.8262  EPtot      =    -98135.6255
 BOND   =       826.4045  ANGLE   =      1914.9338  DIHED      =      3415.2199
 1-4 NB =       992.3346  1-4 EEL =     12898.2771  VDWAALS    =     10431.8574
 EELEC  =   -128875.7372  EHBOND  =         0.0000  RESTRAINT  =       261.0843
 EAMBER (non-restraint)  =    -98396.7098
 EKCMT  =      8188.9415  VIRIAL  =      9814.0828  VOLUME     =    315890.2706
                                                    Density    =         1.0374
 ------------------------------------------------------------------------------

wrapping first mol.:       24.76940       35.02922       60.67238
wrapping first mol.:       24.76940       35.02922       60.67238

 NSTEP =    48000   TIME(PS) =    1036.000  TEMP(K) =   298.37  PRESS =   137.0
 Etot   =    -78620.9153  EKtot   =     19528.8809  EPtot      =    -98149.7961
 BOND   =       820.4770  ANGLE   =      1956.2758  DIHED      =      3474.9845
 1-4 NB =       981.4103  1-4 EEL =     12829.8085  VDWAALS    =     10596.7724
 EELEC  =   -129069.9245  EHBOND  =         0.0000  RESTRAINT  =       260.3998
 EAMBER (non-restraint)  =    -98410.1960
 EKCMT  =      8359.6802  VIRIAL  =      7425.5536  VOLUME     =    315851.3581
                                                    Density    =         1.0376
 ------------------------------------------------------------------------------

wrapping first mol.:       24.77291       35.03419       60.68099
wrapping first mol.:       24.77291       35.03419       60.68099

 NSTEP =    48500   TIME(PS) =    1037.000  TEMP(K) =   301.74  PRESS =   -59.2
 Etot   =    -78612.5997  EKtot   =     19749.5039  EPtot      =    -98362.1036
 BOND   =       743.4952  ANGLE   =      1888.2157  DIHED      =      3426.6872
 1-4 NB =       998.4279  1-4 EEL =     12904.8092  VDWAALS    =     10501.9485
 EELEC  =   -129089.2246  EHBOND  =         0.0000  RESTRAINT  =       263.5373
 EAMBER (non-restraint)  =    -98625.6409
 EKCMT  =      8330.7713  VIRIAL  =      8734.8044  VOLUME     =    315991.4242
                                                    Density    =         1.0371
 ------------------------------------------------------------------------------

wrapping first mol.:       24.78722       35.05442       60.71603
wrapping first mol.:       24.78722       35.05442       60.71603

 NSTEP =    49000   TIME(PS) =    1038.000  TEMP(K) =   300.96  PRESS =   143.9
 Etot   =    -78252.5459  EKtot   =     19698.3301  EPtot      =    -97950.8760
 BOND   =       768.5989  ANGLE   =      1932.6331  DIHED      =      3424.4496
 1-4 NB =       982.1151  1-4 EEL =     12847.3225  VDWAALS    =     10434.9550
 EELEC  =   -128589.9153  EHBOND  =         0.0000  RESTRAINT  =       248.9651
 EAMBER (non-restraint)  =    -98199.8411
 EKCMT  =      8315.6791  VIRIAL  =      7331.9173  VOLUME     =    316533.4378
                                                    Density    =         1.0353
 ------------------------------------------------------------------------------

wrapping first mol.:       24.78509       35.05141       60.71082
wrapping first mol.:       24.78509       35.05141       60.71082

 NSTEP =    49500   TIME(PS) =    1039.000  TEMP(K) =   299.63  PRESS =  -159.2
 Etot   =    -78626.5230  EKtot   =     19611.3750  EPtot      =    -98237.8980
 BOND   =       793.3461  ANGLE   =      1904.1285  DIHED      =      3459.5825
 1-4 NB =      1012.6549  1-4 EEL =     12955.7694  VDWAALS    =     10703.7373
 EELEC  =   -129331.7004  EHBOND  =         0.0000  RESTRAINT  =       264.5838
 EAMBER (non-restraint)  =    -98502.4818
 EKCMT  =      8242.9854  VIRIAL  =      9330.4780  VOLUME     =    316460.4679
                                                    Density    =         1.0356
 ------------------------------------------------------------------------------

wrapping first mol.:       24.78210       35.04717       60.70348
wrapping first mol.:       24.78210       35.04717       60.70348

 NSTEP =    50000   TIME(PS) =    1040.000  TEMP(K) =   301.15  PRESS =   -60.2
 Etot   =    -78218.9442  EKtot   =     19710.3945  EPtot      =    -97929.3387
 BOND   =       811.1446  ANGLE   =      1948.1596  DIHED      =      3468.2578
 1-4 NB =       999.6959  1-4 EEL =     12899.9410  VDWAALS    =     10578.7285
 EELEC  =   -128880.1140  EHBOND  =         0.0000  RESTRAINT  =       244.8479
 EAMBER (non-restraint)  =    -98174.1867
 EKCMT  =      8406.5320  VIRIAL  =      8817.8981  VOLUME     =    316342.9194
                                                    Density    =         1.0360
 ------------------------------------------------------------------------------


      A V E R A G E S   O V E R     100 S T E P S


 NSTEP =    50000   TIME(PS) =    1040.000  TEMP(K) =   300.25  PRESS =     0.7
 Etot   =    -78500.4776  EKtot   =     19651.8239  EPtot      =    -98152.3015
 BOND   =       793.8821  ANGLE   =      1890.8404  DIHED      =      3425.8622
 1-4 NB =       993.9593  1-4 EEL =     12891.1141  VDWAALS    =     10556.2631
 EELEC  =   -128963.6085  EHBOND  =         0.0000  RESTRAINT  =       259.3857
 EAMBER (non-restraint)  =    -98411.6872
 EKCMT  =      8293.4009  VIRIAL  =      8288.4307  VOLUME     =    316487.1139
                                                    Density    =         1.0355
 ------------------------------------------------------------------------------


      R M S  F L U C T U A T I O N S


 NSTEP =    50000   TIME(PS) =    1040.000  TEMP(K) =     1.75  PRESS =   143.6
 Etot   =       181.2560  EKtot   =       114.3097  EPtot      =       150.9662
 BOND   =        23.2479  ANGLE   =        31.6650  DIHED      =        19.9351
 1-4 NB =        11.0645  1-4 EEL =        39.1803  VDWAALS    =       132.7947
 EELEC  =       221.3340  EHBOND  =         0.0000  RESTRAINT  =         9.8588
 EAMBER (non-restraint)  =       141.1074
 EKCMT  =        62.6428  VIRIAL  =       980.1712  VOLUME     =       485.8040
                                                    Density    =         0.0016
 ------------------------------------------------------------------------------

--------------------------------------------------------------------------------
   5.  TIMINGS
--------------------------------------------------------------------------------

|  NonSetup CPU Time in Major Routines:
|
|     Routine           Sec        %
|     ------------------------------
|     Nonbond         174.55   89.28
|     Bond              0.00    0.00
|     Angle             0.00    0.00
|     Dihedral          0.00    0.00
|     Shake             0.39    0.20
|     RunMD            20.52   10.50
|     Other             0.04    0.02
|     ------------------------------
|     Total           195.50

|  PME Nonbond Pairlist CPU Time:
|
|     Routine              Sec        %
|     ---------------------------------
|     Set Up Cit           0.00    0.00
|     Build List           0.00    0.00
|     ---------------------------------
|     Total                0.00    0.00

|  PME Direct Force CPU Time:
|
|     Routine              Sec        %
|     ---------------------------------
|     NonBonded Calc       0.00    0.00
|     Exclude Masked       0.00    0.00
|     Other                0.03    0.01
|     ---------------------------------
|     Total                0.03    0.01

|  PME Reciprocal Force CPU Time:
|
|     Routine              Sec        %
|     ---------------------------------
|     1D bspline           0.00    0.00
|     Grid Charges         0.00    0.00
|     Scalar Sum           0.00    0.00
|     Gradient Sum         0.00    0.00
|     FFT                  0.00    0.00
|     ---------------------------------
|     Total                0.00    0.00

|  Final Performance Info:
|     -----------------------------------------------------
|     Average timings for last    3000 steps:
|     Elapsed(s) =      11.73 Per Step(ms) =       3.91
|         ns/day =      44.18   seconds/ns =    1955.53
|
|     Average timings for all steps:
|     Elapsed(s) =     195.49 Per Step(ms) =       3.91
|         ns/day =      44.20   seconds/ns =    1954.94
|     -----------------------------------------------------

|  Setup CPU time:            0.51 seconds
|  NonSetup CPU time:       195.50 seconds
|  Total CPU time:          196.02 seconds     0.05 hours

|  Setup wall time:           1    seconds
|  NonSetup wall time:      195    seconds
|  Total wall time:         196    seconds     0.05 hours
