
          -------------------------------------------------------
          Amber 16 PMEMD                              2016
          -------------------------------------------------------

| PMEMD implementation of SANDER, Release 16

| Run on 10/21/2016 at 19:38:31

|   Executable path: pmemd
| Working directory: /home/german/exs/run/1hvr_hol/mhe/m
|          Hostname: Unknown
  [-O]verwriting output

File Assignments:
|   MDIN: min.in                                                                
|  MDOUT: min.out                                                               
| INPCRD: 1hvr_hol.rst7                                                         
|   PARM: 1hvr_hol.prmtop                                                       
| RESTRT: m1hvr_hol.rst7                                                        
|   REFC: 1hvr_hol.rst7                                                         
|  MDVEL: mdvel                                                                 
|   MDEN: mden                                                                  
|  MDCRD: m1hvr_hol.crd                                                         
| MDINFO: mdinfo                                                                
|  MDFRC: mdfrc                                                                 


 Here is the input file:

Minimization with Cartesian restraints                                         
&cntrl                                                                         
imin=1,                                                                        
ntmin=1,                                ! Steepest Descent, then Conjugate Grad
ncyc=100,                               ! 100 steps of Steepest Descent        
maxcyc=500,                             ! 400 steps of Conjugate Gradient      
ntpr=5,                                                                        
ntr=1,                                  ! Use restraints                       
restraint_wt=100.0,                     ! 100 Kcal/mol                         
restraintmask=':1-199',                 ! Apply restraints on whole molecule an
&end                                                                           


Note: ig = -1. Setting random seed to   792478 based on wallclock time in 
      microseconds.
 
 
| Conditional Compilation Defines Used:
| PUBFFT
| BINTRAJ
| EMIL

| Largest sphere to fit in unit cell has radius =    31.094

| New format PARM file being parsed.
| Version =    1.000 Date = 10/21/16 Time = 15:54:12

| Note: 1-4 EEL scale factors are being read from the topology file.

| Note: 1-4 VDW scale factors are being read from the topology file.
| Duplicated    0 dihedrals

| Duplicated    0 dihedrals

--------------------------------------------------------------------------------
   1.  RESOURCE   USE: 
--------------------------------------------------------------------------------

 getting new box info from bottom of inpcrd
 NATOM  =   29895 NTYPES =      17 NBONH =   28331 MBONA  =    1592
 NTHETH =    3754 MTHETA =    2161 NPHIH =    7401 MPHIA  =    6841
 NHPARM =       0 NPARM  =       0 NNB   =   53417 NRES   =    9098
 NBONA  =    1592 NTHETA =    2161 NPHIA =    6841 NUMBND =      84
 NUMANG =     194 NPTRA  =     195 NATYP =      45 NPHB   =       1
 IFBOX  =       2 NMXRS  =      84 IFCAP =       0 NEXTRA =       0
 NCOPY  =       0

| Coordinate Index Table dimensions:    15   15   15
| Direct force subcell size =     5.0776    5.0776    5.0776

     BOX TYPE: TRUNCATED OCTAHEDRON

--------------------------------------------------------------------------------
   2.  CONTROL  DATA  FOR  THE  RUN
--------------------------------------------------------------------------------

default_name                                                                    

General flags:
     imin    =       1, nmropt  =       0

Nature and format of input:
     ntx     =       1, irest   =       0, ntrx    =       1

Nature and format of output:
     ntxo    =       2, ntpr    =       5, ntrx    =       1, ntwr    =       1
     iwrap   =       0, ntwx    =       0, ntwv    =       0, ntwe    =       0
     ioutfm  =       1, ntwprt  =       0, idecomp =       0, rbornstat=      0

Potential function:
     ntf     =       1, ntb     =       1, igb     =       0, nsnb    =      25
     ipol    =       0, gbsa    =       0, iesp    =       0
     dielc   =   1.00000, cut     =   8.00000, intdiel =   1.00000

Frozen or restrained atoms:
     ibelly  =       0, ntr     =       1
     restraint_wt = 100.00000

Energy minimization:
     maxcyc  =     500, ncyc    =     100, ntmin   =       1
     dx0     =   0.01000, drms    =   0.00010

| Intermolecular bonds treatment:
|     no_intermolecular_bonds =       1

| Energy averages sample interval:
|     ene_avg_sampling =       1

Ewald parameters:
     verbose =       0, ew_type =       0, nbflag  =       1, use_pme =       1
     vdwmeth =       1, eedmeth =       1, netfrc  =       0
     Box X =   76.164   Box Y =   76.164   Box Z =   76.164
     Alpha =  109.471   Beta  =  109.471   Gamma =  109.471
     NFFT1 =   80       NFFT2 =   80       NFFT3 =   80
     Cutoff=    8.000   Tol   =0.100E-04
     Ewald Coefficient =  0.34864
     Interpolation order =    4

    LOADING THE CONSTRAINED ATOMS AS GROUPS


   5.  REFERENCE ATOM COORDINATES

  default_name                                                                    
     Mask :1-199; matches  3206 atoms

--------------------------------------------------------------------------------
   3.  ATOMIC COORDINATES AND VELOCITIES
--------------------------------------------------------------------------------

default_name                                                                    
 begin time read from input coords =     0.000 ps

 
 Number of triangulated 3-point waters found:     8895

     Sum of charges from parm topology file =  -0.00100209
     Forcing neutrality...

| Dynamic Memory, Types Used:
| Reals              902839
| Integers           976706

| Nonbonded Pairs Initial Allocation:     4993212

--------------------------------------------------------------------------------
   4.  RESULTS
--------------------------------------------------------------------------------

 ---------------------------------------------------
 APPROXIMATING switch and d/dx switch using CUBIC SPLINE INTERPOLATION
 using   5000.0 points per unit in tabled values
 TESTING RELATIVE ERROR over r ranging from 0.0 to cutoff
| CHECK switch(x): max rel err =   0.2738E-14   at   2.422500
| CHECK d/dx switch(x): max rel err =   0.8332E-11   at   2.782960
 ---------------------------------------------------
|---------------------------------------------------
| APPROXIMATING direct energy using CUBIC SPLINE INTERPOLATION
|  with   50.0 points per unit in tabled values
| Relative Error Limit not exceeded for r .gt.   2.47
| APPROXIMATING direct force using CUBIC SPLINE INTERPOLATION
|  with   50.0 points per unit in tabled values
| Relative Error Limit not exceeded for r .gt.   2.89
|---------------------------------------------------


   NSTEP       ENERGY          RMS            GMAX         NAME    NUMBER
      1       7.5085E+06     3.1609E+05     4.3604E+07     O       12808

 BOND    =      239.7151  ANGLE   =      703.0559  DIHED      =     2347.0025
 VDWAALS =  7595701.6302  EEL     =  -100605.5339  HBOND      =        0.0000
 1-4 VDW =     1080.5920  1-4 EEL =     9080.2264  RESTRAINT  =        0.0000


   NSTEP       ENERGY          RMS            GMAX         NAME    NUMBER
      5       5.3862E+06     2.1886E+05     2.8937E+07     O       12808

 BOND    =      239.8507  ANGLE   =      703.0558  DIHED      =     2347.0025
 VDWAALS =  5473328.0423  EEL     =  -100615.7032  HBOND      =        0.0000
 1-4 VDW =     1080.5920  1-4 EEL =     9080.2264  RESTRAINT  =        0.0000
 EAMBER  =  5386163.0666


   NSTEP       ENERGY          RMS            GMAX         NAME    NUMBER
     10       2.1817E+06     8.2535E+04     1.0139E+07     O       12808

 BOND    =      241.7421  ANGLE   =      703.0554  DIHED      =     2347.0025
 VDWAALS =  2268888.7246  EEL     =  -100640.2976  HBOND      =        0.0000
 1-4 VDW =     1080.5918  1-4 EEL =     9080.2264  RESTRAINT  =        0.0000
 EAMBER  =  2181701.0451


   NSTEP       ENERGY          RMS            GMAX         NAME    NUMBER
     15       2.7084E+05     9.8520E+03     1.1630E+06     O       12808

 BOND    =      256.5617  ANGLE   =      703.0499  DIHED      =     2347.0022
 VDWAALS =   358053.8400  EEL     =  -100679.1232  HBOND      =        0.0000
 1-4 VDW =     1080.5902  1-4 EEL =     9080.2257  RESTRAINT  =        0.0000
 EAMBER  =   270842.1464


   NSTEP       ENERGY          RMS            GMAX         NAME    NUMBER
     20      -5.4812E+04     3.3224E+02     2.6131E+04     O       12808

 BOND    =      359.6130  ANGLE   =      702.7526  DIHED      =     2346.9856
 VDWAALS =    32360.2710  EEL     =  -100741.8177  HBOND      =        0.0000
 1-4 VDW =     1080.4989  1-4 EEL =     9080.1924  RESTRAINT  =        0.0003
 EAMBER  =   -54811.5043


   NSTEP       ENERGY          RMS            GMAX         NAME    NUMBER
     25      -7.8771E+04     1.2920E+01     4.3540E+02     Cl-      3207

 BOND    =      790.2039  ANGLE   =      678.3053  DIHED      =     2345.6297
 VDWAALS =     9295.4036  EEL     =  -102031.6704  HBOND      =        0.0000
 1-4 VDW =     1072.4989  1-4 EEL =     9077.0284  RESTRAINT  =        1.8312
 EAMBER  =   -78772.6006


   NSTEP       ENERGY          RMS            GMAX         NAME    NUMBER
     30      -8.5106E+04     4.0399E+00     8.2915E+01     Cl-      3207

 BOND    =     3285.3893  ANGLE   =      574.3054  DIHED      =     2343.9465
 VDWAALS =     7620.0837  EEL     =  -109065.9440  HBOND      =        0.0000
 1-4 VDW =     1024.4262  1-4 EEL =     9039.6538  RESTRAINT  =       72.3361
 EAMBER  =   -85178.1391


   NSTEP       ENERGY          RMS            GMAX         NAME    NUMBER
     35      -8.6889E+04     1.5628E+01     7.4042E+02     H2      12810

 BOND    =    10819.6382  ANGLE   =      549.3235  DIHED      =     2349.3656
 VDWAALS =     7269.7618  EEL     =  -118075.7478  HBOND      =        0.0000
 1-4 VDW =      950.3677  1-4 EEL =     8984.6521  RESTRAINT  =      263.4256
 EAMBER  =   -87152.6389


   NSTEP       ENERGY          RMS            GMAX         NAME    NUMBER
     40      -9.1013E+04     5.4516E+00     2.2564E+02     H2      12810

 BOND    =     4332.6560  ANGLE   =      501.8421  DIHED      =     2347.2679
 VDWAALS =     7298.5253  EEL     =  -115694.4614  HBOND      =        0.0000
 1-4 VDW =      972.2447  1-4 EEL =     8980.5634  RESTRAINT  =      248.4049
 EAMBER  =   -91261.3620


   NSTEP       ENERGY          RMS            GMAX         NAME    NUMBER
     45      -9.2096E+04     5.9816E+00     2.6081E+02     H2      12810

 BOND    =     4339.1386  ANGLE   =      499.5004  DIHED      =     2347.0594
 VDWAALS =     7376.0530  EEL     =  -116859.3274  HBOND      =        0.0000
 1-4 VDW =      969.7536  1-4 EEL =     8979.5292  RESTRAINT  =      252.7920
 EAMBER  =   -92348.2933


   NSTEP       ENERGY          RMS            GMAX         NAME    NUMBER
     50      -9.2959E+04     5.6900E+00     2.6156E+02     H2      12810

 BOND    =     4408.1778  ANGLE   =      498.8535  DIHED      =     2346.9117
 VDWAALS =     7443.0483  EEL     =  -117858.0672  HBOND      =        0.0000
 1-4 VDW =      969.2364  1-4 EEL =     8979.1760  RESTRAINT  =      253.8941
 EAMBER  =   -93212.6635


   NSTEP       ENERGY          RMS            GMAX         NAME    NUMBER
     55      -9.4124E+04     1.6609E+00     3.2345E+01     H2      12810

 BOND    =     5406.1071  ANGLE   =      496.4218  DIHED      =     2346.9279
 VDWAALS =     7502.1770  EEL     =  -120075.8614  HBOND      =        0.0000
 1-4 VDW =      965.1886  1-4 EEL =     8979.4305  RESTRAINT  =      255.5368
 EAMBER  =   -94379.6083


   NSTEP       ENERGY          RMS            GMAX         NAME    NUMBER
     60      -9.4727E+04     1.4064E+00     1.6023E+01     H2      12810

 BOND    =     5369.9225  ANGLE   =      496.2972  DIHED      =     2346.8378
 VDWAALS =     7570.8578  EEL     =  -120711.4343  HBOND      =        0.0000
 1-4 VDW =      965.2050  1-4 EEL =     8979.3707  RESTRAINT  =      255.5066
 EAMBER  =   -94982.9434


   NSTEP       ENERGY          RMS            GMAX         NAME    NUMBER
     65      -9.5324E+04     1.3227E+00     1.4500E+01     H2      12810

 BOND    =     5430.5774  ANGLE   =      496.2345  DIHED      =     2346.7584
 VDWAALS =     7651.4766  EEL     =  -121449.2650  HBOND      =        0.0000
 1-4 VDW =      965.1793  1-4 EEL =     8979.3444  RESTRAINT  =      255.3982
 EAMBER  =   -95579.6945


   NSTEP       ENERGY          RMS            GMAX         NAME    NUMBER
     70      -9.5851E+04     2.6516E+00     7.6174E+01     H2      12810

 BOND    =     6010.1267  ANGLE   =      496.4225  DIHED      =     2346.6828
 VDWAALS =     7744.6800  EEL     =  -122648.6566  HBOND      =        0.0000
 1-4 VDW =      965.0871  1-4 EEL =     8979.3503  RESTRAINT  =      255.3950
 EAMBER  =   -96106.3073


   NSTEP       ENERGY          RMS            GMAX         NAME    NUMBER
     75      -9.6337E+04     1.6424E+00     3.4562E+01     H2      12810

 BOND    =     5735.0819  ANGLE   =      496.2356  DIHED      =     2346.6296
 VDWAALS =     7825.9319  EEL     =  -122940.1803  HBOND      =        0.0000
 1-4 VDW =      965.1360  1-4 EEL =     8979.3321  RESTRAINT  =      255.1452
 EAMBER  =   -96591.8334


   NSTEP       ENERGY          RMS            GMAX         NAME    NUMBER
     80      -9.6684E+04     2.9489E+00     7.5817E+01     H2      12810

 BOND    =     6223.8086  ANGLE   =      496.4188  DIHED      =     2346.5740
 VDWAALS =     7913.6594  EEL     =  -123864.0814  HBOND      =        0.0000
 1-4 VDW =      965.1137  1-4 EEL =     8979.3412  RESTRAINT  =      255.1236
 EAMBER  =   -96939.1658


   NSTEP       ENERGY          RMS            GMAX         NAME    NUMBER
     85      -9.7050E+04     3.1853E+00     7.5661E+01     H2      12810

 BOND    =     6355.6340  ANGLE   =      496.4718  DIHED      =     2346.5251
 VDWAALS =     8003.5867  EEL     =  -124452.1353  HBOND      =        0.0000
 1-4 VDW =      965.1239  1-4 EEL =     8979.3380  RESTRAINT  =      255.0203
 EAMBER  =   -97305.4558


   NSTEP       ENERGY          RMS            GMAX         NAME    NUMBER
     90      -9.7375E+04     3.0716E+00     7.1403E+01     H2      12810

 BOND    =     6360.5296  ANGLE   =      496.3900  DIHED      =     2346.4866
 VDWAALS =     8084.1233  EEL     =  -124862.1729  HBOND      =        0.0000
 1-4 VDW =      965.1136  1-4 EEL =     8979.3400  RESTRAINT  =      254.8959
 EAMBER  =   -97630.1898


   NSTEP       ENERGY          RMS            GMAX         NAME    NUMBER
     95      -9.7692E+04     3.1679E+00     6.7512E+01     H2      12810

 BOND    =     6438.5966  ANGLE   =      496.4173  DIHED      =     2346.4461
 VDWAALS =     8173.8097  EEL     =  -125346.3765  HBOND      =        0.0000
 1-4 VDW =      965.1154  1-4 EEL =     8979.3393  RESTRAINT  =      254.8088
 EAMBER  =   -97946.6522


   NSTEP       ENERGY          RMS            GMAX         NAME    NUMBER
    100      -9.8089E+04     1.0068E+00     8.1670E+00     H2      12810

 BOND    =     5530.9577  ANGLE   =      495.8475  DIHED      =     2346.4246
 VDWAALS =     8257.8661  EEL     =  -124919.0261  HBOND      =        0.0000
 1-4 VDW =      965.0729  1-4 EEL =     8979.2964  RESTRAINT  =      254.4407
 EAMBER  =   -98343.5608


   NSTEP       ENERGY          RMS            GMAX         NAME    NUMBER
    105      -9.8275E+04     1.2312E+00     1.5533E+01     H2      12810

 BOND    =     5464.2620  ANGLE   =      495.7704  DIHED      =     2346.4032
 VDWAALS =     8318.0626  EEL     =  -125097.9115  HBOND      =        0.0000
 1-4 VDW =      965.0576  1-4 EEL =     8979.2884  RESTRAINT  =      254.3467
 EAMBER  =   -98529.0673


   NSTEP       ENERGY          RMS            GMAX         NAME    NUMBER
    110      -1.0002E+05     9.3747E+00     1.6000E+02     H2      20529

 BOND    =    10117.6266  ANGLE   =      509.0288  DIHED      =     2345.7081
 VDWAALS =    11290.3385  EEL     =  -134488.7982  HBOND      =        0.0000
 1-4 VDW =      965.5041  1-4 EEL =     8979.0340  RESTRAINT  =      257.7422
 EAMBER  =  -100281.5582


   NSTEP       ENERGY          RMS            GMAX         NAME    NUMBER
    115      -1.0144E+05     1.8210E+00     5.5045E+01     H2      24600

 BOND    =     6151.6091  ANGLE   =      495.1615  DIHED      =     2345.8825
 VDWAALS =    10558.1203  EEL     =  -131183.4540  HBOND      =        0.0000
 1-4 VDW =      964.7616  1-4 EEL =     8979.2250  RESTRAINT  =      253.0580
 EAMBER  =  -101688.6940


   NSTEP       ENERGY          RMS            GMAX         NAME    NUMBER
    120      -1.0201E+05     3.7753E+00     1.2688E+02     O       26266

 BOND    =     6644.7472  ANGLE   =      496.8872  DIHED      =     2345.7466
 VDWAALS =    11221.7890  EEL     =  -132918.2475  HBOND      =        0.0000
 1-4 VDW =      964.8833  1-4 EEL =     8978.5982  RESTRAINT  =      253.4086
 EAMBER  =  -102265.5961


   NSTEP       ENERGY          RMS            GMAX         NAME    NUMBER
    125      -1.0295E+05     1.2061E+00     3.1264E+01     H1      16517

 BOND    =     6521.5781  ANGLE   =      495.1072  DIHED      =     2345.6720
 VDWAALS =    11884.6554  EEL     =  -134390.4144  HBOND      =        0.0000
 1-4 VDW =      964.8231  1-4 EEL =     8978.8960  RESTRAINT  =      253.1157
 EAMBER  =  -103199.6826


   NSTEP       ENERGY          RMS            GMAX         NAME    NUMBER
    130      -1.0295E+05     1.1825E+00     3.0282E+01     H1      16517

 BOND    =     6526.6495  ANGLE   =      495.1010  DIHED      =     2345.6717
 VDWAALS =    11884.6887  EEL     =  -134397.6021  HBOND      =        0.0000
 1-4 VDW =      964.8229  1-4 EEL =     8978.8978  RESTRAINT  =      253.1120
 EAMBER  =  -103201.7705


   NSTEP       ENERGY          RMS            GMAX         NAME    NUMBER
    135      -1.0338E+05     1.6640E+00     6.2673E+01     O       16516

 BOND    =     6693.2596  ANGLE   =      495.6801  DIHED      =     2345.6810
 VDWAALS =    11832.5353  EEL     =  -134945.7611  HBOND      =        0.0000
 1-4 VDW =      964.7400  1-4 EEL =     8979.3093  RESTRAINT  =      253.2091
 EAMBER  =  -103634.5557


   NSTEP       ENERGY          RMS            GMAX         NAME    NUMBER
    140      -1.0375E+05     1.4304E+00     4.7423E+01     H1      20528

 BOND    =     6469.3302  ANGLE   =      496.4739  DIHED      =     2345.6012
 VDWAALS =    11914.3384  EEL     =  -135171.1421  HBOND      =        0.0000
 1-4 VDW =      964.7159  1-4 EEL =     8979.3899  RESTRAINT  =      254.2118
 EAMBER  =  -104001.2926


   NSTEP       ENERGY          RMS            GMAX         NAME    NUMBER
    145      -1.0442E+05     2.1893E+00     1.9959E+02     H1      16517

 BOND    =     6653.7326  ANGLE   =      501.9334  DIHED      =     2346.9406
 VDWAALS =    12112.4127  EEL     =  -136239.2145  HBOND      =        0.0000
 1-4 VDW =      964.8268  1-4 EEL =     8977.0708  RESTRAINT  =      266.0311
 EAMBER  =  -104682.2975


   NSTEP       ENERGY          RMS            GMAX         NAME    NUMBER
    150      -1.0462E+05     1.8327E+00     1.0300E+02     H2      16518

 BOND    =     6843.0668  ANGLE   =      495.6148  DIHED      =     2345.9979
 VDWAALS =    12147.0229  EEL     =  -136654.2873  HBOND      =        0.0000
 1-4 VDW =      964.6373  1-4 EEL =     8979.2912  RESTRAINT  =      255.3339
 EAMBER  =  -104878.6563


   NSTEP       ENERGY          RMS            GMAX         NAME    NUMBER
    155      -1.0463E+05     1.7317E+00     9.4339E+01     H2      16518

 BOND    =     6831.4859  ANGLE   =      495.4698  DIHED      =     2345.9847
 VDWAALS =    12146.7778  EEL     =  -136649.3905  HBOND      =        0.0000
 1-4 VDW =      964.6533  1-4 EEL =     8979.2955  RESTRAINT  =      255.2034
 EAMBER  =  -104885.7236


   NSTEP       ENERGY          RMS            GMAX         NAME    NUMBER
    160      -1.0482E+05     1.5543E+00     1.0506E+02     H2      16518

 BOND    =     6807.7852  ANGLE   =      495.6158  DIHED      =     2345.7412
 VDWAALS =    12179.2820  EEL     =  -136847.4019  HBOND      =        0.0000
 1-4 VDW =      964.9472  1-4 EEL =     8979.2533  RESTRAINT  =      253.3455
 EAMBER  =  -105074.7771


   NSTEP       ENERGY          RMS            GMAX         NAME    NUMBER
    165      -1.0516E+05     1.0282E+00     4.5081E+01     H2      16518

 BOND    =     6923.6038  ANGLE   =      500.4136  DIHED      =     2346.1632
 VDWAALS =    12395.9409  EEL     =  -137525.8186  HBOND      =        0.0000
 1-4 VDW =      964.8379  1-4 EEL =     8977.7854  RESTRAINT  =      259.1357
 EAMBER  =  -105417.0737


   NSTEP       ENERGY          RMS            GMAX         NAME    NUMBER
    170      -1.0545E+05     1.2288E+00     5.8549E+01     O       16516

 BOND    =     6772.7558  ANGLE   =      504.6515  DIHED      =     2348.8757
 VDWAALS =    12665.0564  EEL     =  -137946.8694  HBOND      =        0.0000
 1-4 VDW =      964.9427  1-4 EEL =     8979.7393  RESTRAINT  =      263.1547
 EAMBER  =  -105710.8480


   NSTEP       ENERGY          RMS            GMAX         NAME    NUMBER
    175      -1.0567E+05     1.3745E+00     6.2032E+01     C        1559

 BOND    =     7021.3011  ANGLE   =      498.8767  DIHED      =     2346.5641
 VDWAALS =    13061.4181  EEL     =  -138809.0009  HBOND      =        0.0000
 1-4 VDW =      964.6944  1-4 EEL =     8980.5755  RESTRAINT  =      262.1423
 EAMBER  =  -105935.5711


   NSTEP       ENERGY          RMS            GMAX         NAME    NUMBER
    180      -1.0568E+05     1.3070E+00     5.6257E+01     C        1559

 BOND    =     7017.2686  ANGLE   =      498.6994  DIHED      =     2346.5405
 VDWAALS =    13061.1016  EEL     =  -138808.2494  HBOND      =        0.0000
 1-4 VDW =      964.6987  1-4 EEL =     8980.5168  RESTRAINT  =      261.9259
 EAMBER  =  -105939.4237


   NSTEP       ENERGY          RMS            GMAX         NAME    NUMBER
    185      -1.0583E+05     8.5449E-01     4.3165E+01     H2      17082

 BOND    =     6842.2040  ANGLE   =      497.6345  DIHED      =     2345.1946
 VDWAALS =    13070.5823  EEL     =  -138781.5478  HBOND      =        0.0000
 1-4 VDW =      965.0601  1-4 EEL =     8978.3971  RESTRAINT  =      254.9118
 EAMBER  =  -106082.4753


   NSTEP       ENERGY          RMS            GMAX         NAME    NUMBER
    190      -1.0595E+05     9.7564E-01     3.9191E+01     O       17080

 BOND    =     7059.2962  ANGLE   =      501.6888  DIHED      =     2345.5973
 VDWAALS =    13136.5190  EEL     =  -139193.2529  HBOND      =        0.0000
 1-4 VDW =      964.6848  1-4 EEL =     8978.0583  RESTRAINT  =      262.0346
 EAMBER  =  -106207.4085


   NSTEP       ENERGY          RMS            GMAX         NAME    NUMBER
    195      -1.0616E+05     1.9874E+00     1.0174E+02     CD       2093

 BOND    =     6975.1952  ANGLE   =      525.1785  DIHED      =     2349.3240
 VDWAALS =    13406.0144  EEL     =  -139647.4815  HBOND      =        0.0000
 1-4 VDW =      965.2530  1-4 EEL =     8981.7883  RESTRAINT  =      285.7659
 EAMBER  =  -106444.7282


   NSTEP       ENERGY          RMS            GMAX         NAME    NUMBER
    200      -1.0647E+05     1.4648E+00     5.5040E+01     O       19096

 BOND    =     7109.4755  ANGLE   =      505.3446  DIHED      =     2347.3317
 VDWAALS =    13776.7443  EEL     =  -140425.2969  HBOND      =        0.0000
 1-4 VDW =      965.1153  1-4 EEL =     8976.6921  RESTRAINT  =      275.0929
 EAMBER  =  -106744.5934


   NSTEP       ENERGY          RMS            GMAX         NAME    NUMBER
    205      -1.0647E+05     1.4221E+00     5.3018E+01     O       19096

 BOND    =     7105.5932  ANGLE   =      505.0283  DIHED      =     2347.2995
 VDWAALS =    13776.6516  EEL     =  -140424.2208  HBOND      =        0.0000
 1-4 VDW =      965.1126  1-4 EEL =     8976.7696  RESTRAINT  =      274.7682
 EAMBER  =  -106747.7659


   NSTEP       ENERGY          RMS            GMAX         NAME    NUMBER
    210      -1.0664E+05     9.9189E-01     5.7139E+01     C        1559

 BOND    =     7164.7292  ANGLE   =      496.4809  DIHED      =     2345.7367
 VDWAALS =    13784.8118  EEL     =  -140626.2660  HBOND      =        0.0000
 1-4 VDW =      964.6624  1-4 EEL =     8978.5246  RESTRAINT  =      254.5902
 EAMBER  =  -106891.3204


   NSTEP       ENERGY          RMS            GMAX         NAME    NUMBER
    215      -1.0676E+05     1.0543E+00     4.9838E+01     C        1559

 BOND    =     7174.7668  ANGLE   =      504.9822  DIHED      =     2346.5985
 VDWAALS =    13805.0835  EEL     =  -140813.0948  HBOND      =        0.0000
 1-4 VDW =      965.3543  1-4 EEL =     8980.6353  RESTRAINT  =      271.1793
 EAMBER  =  -107035.6741


   NSTEP       ENERGY          RMS            GMAX         NAME    NUMBER
    220      -1.0693E+05     1.3534E+00     9.6239E+01     C        1559

 BOND    =     7203.5744  ANGLE   =      508.8636  DIHED      =     2346.3832
 VDWAALS =    14008.4744  EEL     =  -141208.7731  HBOND      =        0.0000
 1-4 VDW =      964.7846  1-4 EEL =     8976.9358  RESTRAINT  =      264.9482
 EAMBER  =  -107199.7572


   NSTEP       ENERGY          RMS            GMAX         NAME    NUMBER
    225      -1.0704E+05     1.1801E+00     5.1964E+01     C        1559

 BOND    =     7263.0146  ANGLE   =      501.9860  DIHED      =     2346.7283
 VDWAALS =    14172.1241  EEL     =  -141539.3170  HBOND      =        0.0000
 1-4 VDW =      964.3792  1-4 EEL =     8980.3286  RESTRAINT  =      266.7415
 EAMBER  =  -107310.7563


   NSTEP       ENERGY          RMS            GMAX         NAME    NUMBER
    230      -1.0705E+05     1.1152E+00     4.7143E+01     O       16516

 BOND    =     7259.3556  ANGLE   =      501.6540  DIHED      =     2346.6949
 VDWAALS =    14171.8448  EEL     =  -141538.2352  HBOND      =        0.0000
 1-4 VDW =      964.3622  1-4 EEL =     8980.2698  RESTRAINT  =      266.3747
 EAMBER  =  -107314.0539


   NSTEP       ENERGY          RMS            GMAX         NAME    NUMBER
    235      -1.0714E+05     7.9648E-01     4.4396E+01     C        1559

 BOND    =     7146.4560  ANGLE   =      496.1103  DIHED      =     2345.3745
 VDWAALS =    14189.5722  EEL     =  -141517.5062  HBOND      =        0.0000
 1-4 VDW =      965.1960  1-4 EEL =     8978.6446  RESTRAINT  =      254.1179
 EAMBER  =  -107396.1526


   NSTEP       ENERGY          RMS            GMAX         NAME    NUMBER
    240      -1.0723E+05     9.9762E-01     4.0130E+01     H1      19097

 BOND    =     7274.3561  ANGLE   =      506.2496  DIHED      =     2346.7553
 VDWAALS =    14259.5741  EEL     =  -141832.2719  HBOND      =        0.0000
 1-4 VDW =      965.9142  1-4 EEL =     8978.9748  RESTRAINT  =      269.5151
 EAMBER  =  -107500.4478


   NSTEP       ENERGY          RMS            GMAX         NAME    NUMBER
    245      -1.0741E+05     1.3716E+00     7.5022E+01     C        1559

 BOND    =     7289.3651  ANGLE   =      504.2335  DIHED      =     2346.4966
 VDWAALS =    14542.9858  EEL     =  -142297.5205  HBOND      =        0.0000
 1-4 VDW =      963.8644  1-4 EEL =     8978.9207  RESTRAINT  =      263.3913
 EAMBER  =  -107671.6544


   NSTEP       ENERGY          RMS            GMAX         NAME    NUMBER
    250      -1.0751E+05     1.3651E+00     5.7218E+01     C        1559

 BOND    =     7271.8414  ANGLE   =      506.5307  DIHED      =     2346.5589
 VDWAALS =    14652.8346  EEL     =  -142501.1905  HBOND      =        0.0000
 1-4 VDW =      964.9351  1-4 EEL =     8977.9859  RESTRAINT  =      268.0293
 EAMBER  =  -107780.5038


   NSTEP       ENERGY          RMS            GMAX         NAME    NUMBER
    255      -1.0752E+05     1.3022E+00     5.1850E+01     C        1559

 BOND    =     7270.0695  ANGLE   =      506.0082  DIHED      =     2346.5211
 VDWAALS =    14652.5822  EEL     =  -142502.3640  HBOND      =        0.0000
 1-4 VDW =      964.9257  1-4 EEL =     8978.0363  RESTRAINT  =      267.6173
 EAMBER  =  -107784.2211


   NSTEP       ENERGY          RMS            GMAX         NAME    NUMBER
    260      -1.0763E+05     7.8593E-01     4.0755E+01     C        1559

 BOND    =     7340.2087  ANGLE   =      496.4315  DIHED      =     2345.8272
 VDWAALS =    14655.4458  EEL     =  -142661.7051  HBOND      =        0.0000
 1-4 VDW =      964.4067  1-4 EEL =     8978.8190  RESTRAINT  =      253.9272
 EAMBER  =  -107880.5662


   NSTEP       ENERGY          RMS            GMAX         NAME    NUMBER
    265      -1.0772E+05     9.4357E-01     4.7050E+01     C        1559

 BOND    =     7347.1446  ANGLE   =      504.4525  DIHED      =     2347.2841
 VDWAALS =    14668.2929  EEL     =  -142796.3594  HBOND      =        0.0000
 1-4 VDW =      965.6131  1-4 EEL =     8979.9019  RESTRAINT  =      267.7142
 EAMBER  =  -107983.6702


   NSTEP       ENERGY          RMS            GMAX         NAME    NUMBER
    270      -1.0785E+05     9.3092E-01     6.4004E+01     C        1559

 BOND    =     7355.2658  ANGLE   =      499.0264  DIHED      =     2345.5393
 VDWAALS =    14816.8458  EEL     =  -143067.7573  HBOND      =        0.0000
 1-4 VDW =      965.0223  1-4 EEL =     8976.8655  RESTRAINT  =      255.3761
 EAMBER  =  -108109.1923


   NSTEP       ENERGY          RMS            GMAX         NAME    NUMBER
    275      -1.0792E+05     1.1599E+00     6.8282E+01     CD       2093

 BOND    =     7426.9612  ANGLE   =      500.4968  DIHED      =     2346.6835
 VDWAALS =    14936.6534  EEL     =  -143335.8098  HBOND      =        0.0000
 1-4 VDW =      964.1780  1-4 EEL =     8980.1040  RESTRAINT  =      260.3997
 EAMBER  =  -108180.7329


   NSTEP       ENERGY          RMS            GMAX         NAME    NUMBER
    280      -1.0792E+05     1.0893E+00     6.0595E+01     CD       2093

 BOND    =     7423.6556  ANGLE   =      500.1907  DIHED      =     2346.6382
 VDWAALS =    14936.4126  EEL     =  -143335.0708  HBOND      =        0.0000
 1-4 VDW =      964.1663  1-4 EEL =     8980.0553  RESTRAINT  =      260.1094
 EAMBER  =  -108183.9520


   NSTEP       ENERGY          RMS            GMAX         NAME    NUMBER
    285      -1.0801E+05     7.1480E-01     4.3002E+01     O       16516

 BOND    =     7334.5738  ANGLE   =      496.1050  DIHED      =     2345.3829
 VDWAALS =    14950.3279  EEL     =  -143335.4887  HBOND      =        0.0000
 1-4 VDW =      965.3624  1-4 EEL =     8978.3601  RESTRAINT  =      253.7666
 EAMBER  =  -108265.3767


   NSTEP       ENERGY          RMS            GMAX         NAME    NUMBER
    290      -1.0810E+05     9.1756E-01     3.8721E+01     C        1559

 BOND    =     7450.8305  ANGLE   =      503.6577  DIHED      =     2346.8736
 VDWAALS =    15035.2349  EEL     =  -143651.7995  HBOND      =        0.0000
 1-4 VDW =      965.8760  1-4 EEL =     8979.2695  RESTRAINT  =      265.3188
 EAMBER  =  -108370.0574


   NSTEP       ENERGY          RMS            GMAX         NAME    NUMBER
    295      -1.0821E+05     9.2292E-01     6.9846E+01     C        1559

 BOND    =     7416.7366  ANGLE   =      498.5652  DIHED      =     2346.2766
 VDWAALS =    15194.2684  EEL     =  -143868.0327  HBOND      =        0.0000
 1-4 VDW =      964.1815  1-4 EEL =     8978.7299  RESTRAINT  =      256.5267
 EAMBER  =  -108469.2745


   NSTEP       ENERGY          RMS            GMAX         NAME    NUMBER
    300      -1.0828E+05     1.2419E+00     6.7887E+01     C        1559

 BOND    =     7436.8062  ANGLE   =      507.8870  DIHED      =     2346.4580
 VDWAALS =    15296.3310  EEL     =  -144081.9205  HBOND      =        0.0000
 1-4 VDW =      965.0551  1-4 EEL =     8977.7775  RESTRAINT  =      267.5316
 EAMBER  =  -108551.6057


   NSTEP       ENERGY          RMS            GMAX         NAME    NUMBER
    305      -1.0829E+05     1.1762E+00     6.0760E+01     C        1559

 BOND    =     7435.3701  ANGLE   =      507.2696  DIHED      =     2346.4119
 VDWAALS =    15296.0000  EEL     =  -144082.8516  HBOND      =        0.0000
 1-4 VDW =      965.0393  1-4 EEL =     8977.8217  RESTRAINT  =      267.0532
 EAMBER  =  -108554.9391


   NSTEP       ENERGY          RMS            GMAX         NAME    NUMBER
    310      -1.0838E+05     6.6713E-01     3.4745E+01     C        1559

 BOND    =     7470.2078  ANGLE   =      496.2683  DIHED      =     2345.9201
 VDWAALS =    15294.2174  EEL     =  -144178.9618  HBOND      =        0.0000
 1-4 VDW =      964.4759  1-4 EEL =     8978.9404  RESTRAINT  =      253.6024
 EAMBER  =  -108628.9319


   NSTEP       ENERGY          RMS            GMAX         NAME    NUMBER
    315      -1.0843E+05     8.4189E-01     4.3731E+01     C        1559

 BOND    =     7477.1926  ANGLE   =      501.6445  DIHED      =     2347.0096
 VDWAALS =    15299.9734  EEL     =  -144267.9582  HBOND      =        0.0000
 1-4 VDW =      965.4528  1-4 EEL =     8979.9951  RESTRAINT  =      263.2351
 EAMBER  =  -108696.6902


   NSTEP       ENERGY          RMS            GMAX         NAME    NUMBER
    320      -1.0856E+05     7.6233E-01     4.6090E+01     CD       2093

 BOND    =     7497.8654  ANGLE   =      497.6174  DIHED      =     2345.4245
 VDWAALS =    15417.8033  EEL     =  -144516.5643  HBOND      =        0.0000
 1-4 VDW =      965.0750  1-4 EEL =     8977.1713  RESTRAINT  =      254.5128
 EAMBER  =  -108815.6073


   NSTEP       ENERGY          RMS            GMAX         NAME    NUMBER
    325      -1.0862E+05     1.1200E+00     8.5534E+01     CD       2093

 BOND    =     7532.1418  ANGLE   =      499.9301  DIHED      =     2347.0691
 VDWAALS =    15530.5256  EEL     =  -144735.0711  HBOND      =        0.0000
 1-4 VDW =      964.1687  1-4 EEL =     8979.6991  RESTRAINT  =      259.3715
 EAMBER  =  -108881.5368


   NSTEP       ENERGY          RMS            GMAX         NAME    NUMBER
    330      -1.0863E+05     1.0519E+00     7.6117E+01     CD       2093

 BOND    =     7530.2239  ANGLE   =      499.6764  DIHED      =     2347.0105
 VDWAALS =    15530.3218  EEL     =  -144735.5319  HBOND      =        0.0000
 1-4 VDW =      964.1643  1-4 EEL =     8979.6622  RESTRAINT  =      259.1105
 EAMBER  =  -108884.4728


   NSTEP       ENERGY          RMS            GMAX         NAME    NUMBER
    335      -1.0871E+05     6.9972E-01     5.1677E+01     O       16516

 BOND    =     7500.7629  ANGLE   =      496.5908  DIHED      =     2345.4700
 VDWAALS =    15546.2703  EEL     =  -144795.9647  HBOND      =        0.0000
 1-4 VDW =      965.5055  1-4 EEL =     8978.3386  RESTRAINT  =      254.0292
 EAMBER  =  -108963.0266


   NSTEP       ENERGY          RMS            GMAX         NAME    NUMBER
    340      -1.0879E+05     8.1352E-01     4.2536E+01     C        1559

 BOND    =     7573.0828  ANGLE   =      501.2309  DIHED      =     2346.8256
 VDWAALS =    15624.5309  EEL     =  -145044.5903  HBOND      =        0.0000
 1-4 VDW =      965.4780  1-4 EEL =     8979.7305  RESTRAINT  =      262.8490
 EAMBER  =  -109053.7115


   NSTEP       ENERGY          RMS            GMAX         NAME    NUMBER
    345      -1.0887E+05     7.9446E-01     6.2157E+01     C        1559

 BOND    =     7544.2939  ANGLE   =      497.4344  DIHED      =     2345.8632
 VDWAALS =    15751.8387  EEL     =  -145207.5156  HBOND      =        0.0000
 1-4 VDW =      964.4693  1-4 EEL =     8978.4881  RESTRAINT  =      254.9478
 EAMBER  =  -109125.1281


   NSTEP       ENERGY          RMS            GMAX         NAME    NUMBER
    350      -1.0893E+05     1.1454E+00     5.4591E+01     C        1559

 BOND    =     7588.0624  ANGLE   =      506.1655  DIHED      =     2346.2136
 VDWAALS =    15849.8679  EEL     =  -145426.5475  HBOND      =        0.0000
 1-4 VDW =      965.1873  1-4 EEL =     8977.3896  RESTRAINT  =      263.9793
 EAMBER  =  -109193.6611


   NSTEP       ENERGY          RMS            GMAX         NAME    NUMBER
    355      -1.0893E+05     1.0816E+00     4.8369E+01     C        1559

 BOND    =     7586.0642  ANGLE   =      505.5600  DIHED      =     2346.1627
 VDWAALS =    15849.5206  EEL     =  -145426.6723  HBOND      =        0.0000
 1-4 VDW =      965.1719  1-4 EEL =     8977.4434  RESTRAINT  =      263.5344
 EAMBER  =  -109196.7495


   NSTEP       ENERGY          RMS            GMAX         NAME    NUMBER
    360      -1.0901E+05     6.0056E-01     2.7772E+01     O       16516

 BOND    =     7584.6719  ANGLE   =      496.1451  DIHED      =     2346.0133
 VDWAALS =    15842.2176  EEL     =  -145474.3682  HBOND      =        0.0000
 1-4 VDW =      964.4476  1-4 EEL =     8979.0452  RESTRAINT  =      253.4246
 EAMBER  =  -109261.8274


   NSTEP       ENERGY          RMS            GMAX         NAME    NUMBER
    365      -1.0906E+05     7.8531E-01     4.0588E+01     C        1559

 BOND    =     7606.6120  ANGLE   =      500.5264  DIHED      =     2347.1262
 VDWAALS =    15840.6658  EEL     =  -145566.7522  HBOND      =        0.0000
 1-4 VDW =      965.1703  1-4 EEL =     8980.2686  RESTRAINT  =      262.1517
 EAMBER  =  -109326.3829


   NSTEP       ENERGY          RMS            GMAX         NAME    NUMBER
    370      -1.0916E+05     6.1840E-01     3.1720E+01     CD       2093

 BOND    =     7613.5718  ANGLE   =      496.7377  DIHED      =     2345.3058
 VDWAALS =    15913.5373  EEL     =  -145723.8045  HBOND      =        0.0000
 1-4 VDW =      965.0416  1-4 EEL =     8977.4678  RESTRAINT  =      253.7974
 EAMBER  =  -109412.1425


   NSTEP       ENERGY          RMS            GMAX         NAME    NUMBER
    375      -1.0921E+05     1.0414E+00     7.4251E+01     CD       2093

 BOND    =     7620.3830  ANGLE   =      500.1833  DIHED      =     2347.2335
 VDWAALS =    16007.0984  EEL     =  -145887.2809  HBOND      =        0.0000
 1-4 VDW =      964.2165  1-4 EEL =     8979.3817  RESTRAINT  =      259.7720
 EAMBER  =  -109468.7846


   NSTEP       ENERGY          RMS            GMAX         NAME    NUMBER
    380      -1.0921E+05     9.6751E-01     6.4964E+01     CD       2093

 BOND    =     7619.2431  ANGLE   =      499.9112  DIHED      =     2347.1610
 VDWAALS =    16006.8828  EEL     =  -145888.3896  HBOND      =        0.0000
 1-4 VDW =      964.2120  1-4 EEL =     8979.3530  RESTRAINT  =      259.4860
 EAMBER  =  -109471.6266


   NSTEP       ENERGY          RMS            GMAX         NAME    NUMBER
    385      -1.0928E+05     6.0431E-01     4.4152E+01     O       16516

 BOND    =     7635.0959  ANGLE   =      496.8697  DIHED      =     2345.4956
 VDWAALS =    16026.1450  EEL     =  -145982.7058  HBOND      =        0.0000
 1-4 VDW =      965.4707  1-4 EEL =     8978.3494  RESTRAINT  =      254.2367
 EAMBER  =  -109535.2795


   NSTEP       ENERGY          RMS            GMAX         NAME    NUMBER
    390      -1.0934E+05     7.5852E-01     3.7665E+01     C        1559

 BOND    =     7661.7283  ANGLE   =      500.2266  DIHED      =     2346.9081
 VDWAALS =    16091.2407  EEL     =  -146147.3133  HBOND      =        0.0000
 1-4 VDW =      965.1643  1-4 EEL =     8980.0014  RESTRAINT  =      261.7981
 EAMBER  =  -109602.0439


   NSTEP       ENERGY          RMS            GMAX         NAME    NUMBER
    395      -1.0941E+05     8.0928E-01     6.4797E+01     CD       2093

 BOND    =     7676.3814  ANGLE   =      497.4385  DIHED      =     2345.7889
 VDWAALS =    16227.5712  EEL     =  -146359.5163  HBOND      =        0.0000
 1-4 VDW =      964.5642  1-4 EEL =     8978.6017  RESTRAINT  =      254.9640
 EAMBER  =  -109669.1704


   NSTEP       ENERGY          RMS            GMAX         NAME    NUMBER
    400      -1.0947E+05     1.0783E+00     5.0633E+01     CD       2093

 BOND    =     7694.7294  ANGLE   =      505.2165  DIHED      =     2346.2248
 VDWAALS =    16312.8636  EEL     =  -146531.9570  HBOND      =        0.0000
 1-4 VDW =      965.2660  1-4 EEL =     8977.0678  RESTRAINT  =      262.5417
 EAMBER  =  -109730.5890


   NSTEP       ENERGY          RMS            GMAX         NAME    NUMBER
    405      -1.0947E+05     1.0159E+00     4.4416E+01     CD       2093

 BOND    =     7692.8249  ANGLE   =      504.6090  DIHED      =     2346.1616
 VDWAALS =    16312.5395  EEL     =  -146532.0370  HBOND      =        0.0000
 1-4 VDW =      965.2510  1-4 EEL =     8977.1378  RESTRAINT  =      262.0973
 EAMBER  =  -109733.5132


   NSTEP       ENERGY          RMS            GMAX         NAME    NUMBER
    410      -1.0954E+05     5.4937E-01     2.1696E+01     OD       2634

 BOND    =     7691.6287  ANGLE   =      496.1501  DIHED      =     2346.1071
 VDWAALS =    16303.1157  EEL     =  -146571.9531  HBOND      =        0.0000
 1-4 VDW =      964.4125  1-4 EEL =     8979.1863  RESTRAINT  =      253.4281
 EAMBER  =  -109791.3528


   NSTEP       ENERGY          RMS            GMAX         NAME    NUMBER
    415      -1.0959E+05     7.3337E-01     3.7780E+01     C        1559

 BOND    =     7710.1863  ANGLE   =      499.6222  DIHED      =     2347.1413
 VDWAALS =    16296.6135  EEL     =  -146650.7051  HBOND      =        0.0000
 1-4 VDW =      964.9291  1-4 EEL =     8980.3896  RESTRAINT  =      261.1956
 EAMBER  =  -109851.8231


   NSTEP       ENERGY          RMS            GMAX         NAME    NUMBER
    420      -1.0966E+05     5.1745E-01     2.0868E+01     CD       2093

 BOND    =     7709.6651  ANGLE   =      496.4284  DIHED      =     2345.2692
 VDWAALS =    16345.7312  EEL     =  -146756.7052  HBOND      =        0.0000
 1-4 VDW =      965.0405  1-4 EEL =     8977.7216  RESTRAINT  =      253.5876
 EAMBER  =  -109916.8493


   NSTEP       ENERGY          RMS            GMAX         NAME    NUMBER
    425      -1.0971E+05     1.0061E+00     6.9504E+01     C        1559

 BOND    =     7719.4982  ANGLE   =      500.2639  DIHED      =     2347.4334
 VDWAALS =    16431.1824  EEL     =  -146911.2088  HBOND      =        0.0000
 1-4 VDW =      964.2341  1-4 EEL =     8979.2759  RESTRAINT  =      259.8478
 EAMBER  =  -109969.3210


   NSTEP       ENERGY          RMS            GMAX         NAME    NUMBER
    430      -1.0971E+05     9.2428E-01     5.9767E+01     C        1559

 BOND    =     7718.2782  ANGLE   =      499.9638  DIHED      =     2347.3445
 VDWAALS =    16430.9508  EEL     =  -146912.2457  HBOND      =        0.0000
 1-4 VDW =      964.2311  1-4 EEL =     8979.2541  RESTRAINT  =      259.5373
 EAMBER  =  -109972.2231


   NSTEP       ENERGY          RMS            GMAX         NAME    NUMBER
    435      -1.0977E+05     5.3868E-01     3.0887E+01     O       16516

 BOND    =     7731.0334  ANGLE   =      497.4027  DIHED      =     2345.5948
 VDWAALS =    16450.2154  EEL     =  -146996.2310  HBOND      =        0.0000
 1-4 VDW =      965.4824  1-4 EEL =     8978.2384  RESTRAINT  =      254.5855
 EAMBER  =  -110028.2639


   NSTEP       ENERGY          RMS            GMAX         NAME    NUMBER
    440      -1.0982E+05     7.0496E-01     3.4563E+01     C        1559

 BOND    =     7754.9167  ANGLE   =      499.1972  DIHED      =     2346.9160
 VDWAALS =    16506.0670  EEL     =  -147133.6842  HBOND      =        0.0000
 1-4 VDW =      964.8769  1-4 EEL =     8980.1147  RESTRAINT  =      260.5366
 EAMBER  =  -110081.5957


   NSTEP       ENERGY          RMS            GMAX         NAME    NUMBER
    445      -1.0989E+05     7.7553E-01     6.6769E+01     CD       2093

 BOND    =     7770.5315  ANGLE   =      497.5372  DIHED      =     2345.6504
 VDWAALS =    16636.7339  EEL     =  -147335.3144  HBOND      =        0.0000
 1-4 VDW =      964.6760  1-4 EEL =     8978.7058  RESTRAINT  =      254.7697
 EAMBER  =  -110141.4796


   NSTEP       ENERGY          RMS            GMAX         NAME    NUMBER
    450      -1.0993E+05     1.0013E+00     4.7380E+01     CD       2093

 BOND    =     7784.9983  ANGLE   =      504.0277  DIHED      =     2346.2433
 VDWAALS =    16712.7646  EEL     =  -147485.9940  HBOND      =        0.0000
 1-4 VDW =      965.2845  1-4 EEL =     8976.8098  RESTRAINT  =      261.4689
 EAMBER  =  -110195.8657


   NSTEP       ENERGY          RMS            GMAX         NAME    NUMBER
    455      -1.0994E+05     9.3916E-01     4.1026E+01     CD       2093

 BOND    =     7783.2754  ANGLE   =      503.4519  DIHED      =     2346.1687
 VDWAALS =    16712.4709  EEL     =  -147486.1348  HBOND      =        0.0000
 1-4 VDW =      965.2722  1-4 EEL =     8976.8973  RESTRAINT  =      261.0287
 EAMBER  =  -110198.5983


   NSTEP       ENERGY          RMS            GMAX         NAME    NUMBER
    460      -1.1000E+05     5.1655E-01     2.0542E+01     OD       2634

 BOND    =     7783.8216  ANGLE   =      496.2238  DIHED      =     2346.2107
 VDWAALS =    16702.8241  EEL     =  -147521.6063  HBOND      =        0.0000
 1-4 VDW =      964.3988  1-4 EEL =     8979.3382  RESTRAINT  =      253.4480
 EAMBER  =  -110248.7892


   NSTEP       ENERGY          RMS            GMAX         NAME    NUMBER
    465      -1.1004E+05     6.8082E-01     3.1859E+01     C        1559

 BOND    =     7798.2245  ANGLE   =      498.8667  DIHED      =     2346.9504
 VDWAALS =    16694.5227  EEL     =  -147586.0459  HBOND      =        0.0000
 1-4 VDW =      964.7624  1-4 EEL =     8980.3290  RESTRAINT  =      260.1038
 EAMBER  =  -110302.3902


   NSTEP       ENERGY          RMS            GMAX         NAME    NUMBER
    470      -1.1010E+05     4.6217E-01     1.4959E+01     CE        717

 BOND    =     7795.5508  ANGLE   =      496.5415  DIHED      =     2345.2656
 VDWAALS =    16731.7535  EEL     =  -147666.7056  HBOND      =        0.0000
 1-4 VDW =      965.0459  1-4 EEL =     8977.8244  RESTRAINT  =      253.6268
 EAMBER  =  -110354.7240


   NSTEP       ENERGY          RMS            GMAX         NAME    NUMBER
    475      -1.1014E+05     9.5894E-01     7.2303E+01     C        1559

 BOND    =     7807.5551  ANGLE   =      500.4272  DIHED      =     2347.5450
 VDWAALS =    16810.0479  EEL     =  -147812.9532  HBOND      =        0.0000
 1-4 VDW =      964.2767  1-4 EEL =     8979.1942  RESTRAINT  =      259.9995
 EAMBER  =  -110403.9071


   NSTEP       ENERGY          RMS            GMAX         NAME    NUMBER
    480      -1.1015E+05     8.7370E-01     6.1453E+01     C        1559

 BOND    =     7806.2821  ANGLE   =      500.1044  DIHED      =     2347.4448
 VDWAALS =    16809.8298  EEL     =  -147813.8105  HBOND      =        0.0000
 1-4 VDW =      964.2757  1-4 EEL =     8979.1802  RESTRAINT  =      259.6695
 EAMBER  =  -110406.6937


   NSTEP       ENERGY          RMS            GMAX         NAME    NUMBER
    485      -1.1020E+05     4.9745E-01     2.0024E+01     C        1559

 BOND    =     7815.1434  ANGLE   =      497.6191  DIHED      =     2345.6031
 VDWAALS =    16828.2136  EEL     =  -147884.9915  HBOND      =        0.0000
 1-4 VDW =      965.4510  1-4 EEL =     8978.1767  RESTRAINT  =      254.6826
 EAMBER  =  -110454.7847


   NSTEP       ENERGY          RMS            GMAX         NAME    NUMBER
    490      -1.1024E+05     6.5168E-01     3.1300E+01     CZ       2196

 BOND    =     7836.0509  ANGLE   =      498.7559  DIHED      =     2346.8830
 VDWAALS =    16875.7213  EEL     =  -147999.6989  HBOND      =        0.0000
 1-4 VDW =      964.7389  1-4 EEL =     8980.1330  RESTRAINT  =      259.9427
 EAMBER  =  -110497.4161


   NSTEP       ENERGY          RMS            GMAX         NAME    NUMBER
    495      -1.1030E+05     7.4454E-01     6.8399E+01     CD       2093

 BOND    =     7852.9913  ANGLE   =      497.5326  DIHED      =     2345.6190
 VDWAALS =    17001.8642  EEL     =  -148192.9312  HBOND      =        0.0000
 1-4 VDW =      964.7449  1-4 EEL =     8978.7418  RESTRAINT  =      254.5073
 EAMBER  =  -110551.4374


   NSTEP       ENERGY          RMS            GMAX         NAME    NUMBER
    500      -1.1034E+05     9.1023E-01     4.3717E+01     CD       2093

 BOND    =     7862.4566  ANGLE   =      502.6238  DIHED      =     2346.1483
 VDWAALS =    17067.2492  EEL     =  -148318.0679  HBOND      =        0.0000
 1-4 VDW =      965.2807  1-4 EEL =     8976.7670  RESTRAINT  =      260.1638
 EAMBER  =  -110597.5423


  Maximum number of minimization cycles reached.


                    FINAL RESULTS



   NSTEP       ENERGY          RMS            GMAX         NAME    NUMBER
    500      -1.1034E+05     9.1023E-01     4.3717E+01     CD       2093

 BOND    =     7862.4566  ANGLE   =      502.6238  DIHED      =     2346.1483
 VDWAALS =    17067.2492  EEL     =  -148318.0679  HBOND      =        0.0000
 1-4 VDW =      965.2807  1-4 EEL =     8976.7670  RESTRAINT  =      260.1638
 EAMBER  =  -110597.5423
--------------------------------------------------------------------------------
   5.  TIMINGS
--------------------------------------------------------------------------------

|  NonSetup CPU Time in Major Routines:
|
|     Routine           Sec        %
|     ------------------------------
|     Nonbond          52.64   96.62
|     Bond              0.19    0.35
|     Angle             0.21    0.38
|     Dihedral          1.22    2.25
|     Shake             0.00    0.00
|     Other             0.22    0.40
|     ------------------------------
|     Total            54.48

|  PME Nonbond Pairlist CPU Time:
|
|     Routine              Sec        %
|     ---------------------------------
|     Set Up Cit           0.01    0.01
|     Build List           0.89    1.63
|     ---------------------------------
|     Total                0.90    1.64

|  PME Direct Force CPU Time:
|
|     Routine              Sec        %
|     ---------------------------------
|     NonBonded Calc      34.85   63.97
|     Exclude Masked       0.66    1.22
|     Other                0.21    0.39
|     ---------------------------------
|     Total               35.73   65.58

|  PME Reciprocal Force CPU Time:
|
|     Routine              Sec        %
|     ---------------------------------
|     1D bspline           0.52    0.95
|     Grid Charges         1.18    2.16
|     Scalar Sum           5.90   10.82
|     Gradient Sum         1.89    3.47
|     FFT                  6.49   11.91
|     ---------------------------------
|     Total               15.97   29.31

|  Setup CPU time:            0.14 seconds
|  NonSetup CPU time:        54.48 seconds
|  Total CPU time:           54.62 seconds     0.02 hours

|  Setup wall time:           0    seconds
|  NonSetup wall time:       54    seconds
|  Total wall time:          54    seconds     0.01 hours
