
          -------------------------------------------------------
          Amber 16 PMEMD                              2016
          -------------------------------------------------------

| PMEMD implementation of SANDER, Release 16

| Run on 10/21/2016 at 19:40:18

|   Executable path: pmemd
| Working directory: /home/german/exs/run/1hvr_hol/mhe/m
|          Hostname: Unknown
  [-O]verwriting output

File Assignments:
|   MDIN: mmin.in                                                               
|  MDOUT: mmin.out                                                              
| INPCRD: m1hvr_hol.rst7                                                        
|   PARM: 1hvr_hol.prmtop                                                       
| RESTRT: mm1hvr_hol.rst7                                                       
|   REFC: 1hvr_hol.rst7                                                         
|  MDVEL: mdvel                                                                 
|   MDEN: mden                                                                  
|  MDCRD: mm1hvr_hol.crd                                                        
| MDINFO: mdinfo                                                                
|  MDFRC: mdfrc                                                                 


 Here is the input file:

Minimization with Cartesian restraints                                         
&cntrl                                                                         
imin=1,                                                                        
ntmin=1,                                ! Steepest Descent, then Conjugate Grad
ncyc=100,                               ! 100 steps of Steepest Descent        
maxcyc=500,                             ! 400 steps of Conjugate Gradient      
ntpr=5,                                                                        
&end                                                                           


Note: ig = -1. Setting random seed to   826205 based on wallclock time in 
      microseconds.
 
 
| Conditional Compilation Defines Used:
| PUBFFT
| BINTRAJ
| EMIL

| Largest sphere to fit in unit cell has radius =    31.094

| New format PARM file being parsed.
| Version =    1.000 Date = 10/21/16 Time = 15:54:12

| Note: 1-4 EEL scale factors are being read from the topology file.

| Note: 1-4 VDW scale factors are being read from the topology file.
| Duplicated    0 dihedrals

| Duplicated    0 dihedrals

--------------------------------------------------------------------------------
   1.  RESOURCE   USE: 
--------------------------------------------------------------------------------

 getting box info from netcdf restart file
 NATOM  =   29895 NTYPES =      17 NBONH =   28331 MBONA  =    1592
 NTHETH =    3754 MTHETA =    2161 NPHIH =    7401 MPHIA  =    6841
 NHPARM =       0 NPARM  =       0 NNB   =   53417 NRES   =    9098
 NBONA  =    1592 NTHETA =    2161 NPHIA =    6841 NUMBND =      84
 NUMANG =     194 NPTRA  =     195 NATYP =      45 NPHB   =       1
 IFBOX  =       2 NMXRS  =      84 IFCAP =       0 NEXTRA =       0
 NCOPY  =       0

| Coordinate Index Table dimensions:    15   15   15
| Direct force subcell size =     5.0776    5.0776    5.0776

     BOX TYPE: TRUNCATED OCTAHEDRON

--------------------------------------------------------------------------------
   2.  CONTROL  DATA  FOR  THE  RUN
--------------------------------------------------------------------------------

default_name                                                                    

General flags:
     imin    =       1, nmropt  =       0

Nature and format of input:
     ntx     =       1, irest   =       0, ntrx    =       1

Nature and format of output:
     ntxo    =       2, ntpr    =       5, ntrx    =       1, ntwr    =       1
     iwrap   =       0, ntwx    =       0, ntwv    =       0, ntwe    =       0
     ioutfm  =       1, ntwprt  =       0, idecomp =       0, rbornstat=      0

Potential function:
     ntf     =       1, ntb     =       1, igb     =       0, nsnb    =      25
     ipol    =       0, gbsa    =       0, iesp    =       0
     dielc   =   1.00000, cut     =   8.00000, intdiel =   1.00000

Frozen or restrained atoms:
     ibelly  =       0, ntr     =       0

Energy minimization:
     maxcyc  =     500, ncyc    =     100, ntmin   =       1
     dx0     =   0.01000, drms    =   0.00010

| Intermolecular bonds treatment:
|     no_intermolecular_bonds =       1

| Energy averages sample interval:
|     ene_avg_sampling =       1

Ewald parameters:
     verbose =       0, ew_type =       0, nbflag  =       1, use_pme =       1
     vdwmeth =       1, eedmeth =       1, netfrc  =       0
     Box X =   76.164   Box Y =   76.164   Box Z =   76.164
     Alpha =  109.471   Beta  =  109.471   Gamma =  109.471
     NFFT1 =   80       NFFT2 =   80       NFFT3 =   80
     Cutoff=    8.000   Tol   =0.100E-04
     Ewald Coefficient =  0.34864
     Interpolation order =    4

--------------------------------------------------------------------------------
   3.  ATOMIC COORDINATES AND VELOCITIES
--------------------------------------------------------------------------------

default_name                                                                    
 begin time read from input coords =     0.000 ps

 
 Number of triangulated 3-point waters found:     8895

     Sum of charges from parm topology file =  -0.00100209
     Forcing neutrality...

| Dynamic Memory, Types Used:
| Reals              783259
| Integers           946811

| Nonbonded Pairs Initial Allocation:     4993212

--------------------------------------------------------------------------------
   4.  RESULTS
--------------------------------------------------------------------------------

 ---------------------------------------------------
 APPROXIMATING switch and d/dx switch using CUBIC SPLINE INTERPOLATION
 using   5000.0 points per unit in tabled values
 TESTING RELATIVE ERROR over r ranging from 0.0 to cutoff
| CHECK switch(x): max rel err =   0.2738E-14   at   2.422500
| CHECK d/dx switch(x): max rel err =   0.8332E-11   at   2.782960
 ---------------------------------------------------
|---------------------------------------------------
| APPROXIMATING direct energy using CUBIC SPLINE INTERPOLATION
|  with   50.0 points per unit in tabled values
| Relative Error Limit not exceeded for r .gt.   2.47
| APPROXIMATING direct force using CUBIC SPLINE INTERPOLATION
|  with   50.0 points per unit in tabled values
| Relative Error Limit not exceeded for r .gt.   2.89
|---------------------------------------------------


   NSTEP       ENERGY          RMS            GMAX         NAME    NUMBER
      1      -1.1060E+05     1.3277E+00     3.7794E+01     CD       2093

 BOND    =     7862.4566  ANGLE   =      502.6238  DIHED      =     2346.1483
 VDWAALS =    17067.2492  EEL     =  -148318.0679  HBOND      =        0.0000
 1-4 VDW =      965.2807  1-4 EEL =     8976.7670  RESTRAINT  =        0.0000


   NSTEP       ENERGY          RMS            GMAX         NAME    NUMBER
      5      -1.1062E+05     1.1845E+00     2.3641E+01     H35      3203

 BOND    =     7857.8268  ANGLE   =      498.4058  DIHED      =     2346.4337
 VDWAALS =    17058.9092  EEL     =  -148318.9453  HBOND      =        0.0000
 1-4 VDW =      962.1013  1-4 EEL =     8973.6303  RESTRAINT  =        0.0000


   NSTEP       ENERGY          RMS            GMAX         NAME    NUMBER
     10      -1.1068E+05     9.9720E-01     1.8831E+01     OD1      2018

 BOND    =     7853.2133  ANGLE   =      488.3286  DIHED      =     2347.7030
 VDWAALS =    17036.1157  EEL     =  -148322.1365  HBOND      =        0.0000
 1-4 VDW =      952.4185  1-4 EEL =     8963.1256  RESTRAINT  =        0.0000


   NSTEP       ENERGY          RMS            GMAX         NAME    NUMBER
     15      -1.1080E+05     8.0618E-01     1.7291E+01     OD1      2018

 BOND    =     7850.2247  ANGLE   =      469.9064  DIHED      =     2351.7668
 VDWAALS =    16990.1247  EEL     =  -148328.8102  HBOND      =        0.0000
 1-4 VDW =      928.0881  1-4 EEL =     8934.6492  RESTRAINT  =        0.0000


   NSTEP       ENERGY          RMS            GMAX         NAME    NUMBER
     20      -1.1104E+05     5.7676E-01     1.4711E+01     OD1      2018

 BOND    =     7847.0890  ANGLE   =      442.5170  DIHED      =     2358.5827
 VDWAALS =    16920.6526  EEL     =  -148346.4808  HBOND      =        0.0000
 1-4 VDW =      872.8862  1-4 EEL =     8868.5627  RESTRAINT  =        0.0000


   NSTEP       ENERGY          RMS            GMAX         NAME    NUMBER
     25      -1.1127E+05     1.1005E+00     9.9714E+01     CD       2093

 BOND    =     7862.0388  ANGLE   =      423.1778  DIHED      =     2360.4057
 VDWAALS =    16883.8219  EEL     =  -148397.6228  HBOND      =        0.0000
 1-4 VDW =      810.4852  1-4 EEL =     8792.1474  RESTRAINT  =        0.0000


   NSTEP       ENERGY          RMS            GMAX         NAME    NUMBER
     30      -1.1133E+05     6.8479E-01     4.6396E+01     CD       2093

 BOND    =     7856.0435  ANGLE   =      419.9153  DIHED      =     2360.0333
 VDWAALS =    16882.9608  EEL     =  -148418.9474  HBOND      =        0.0000
 1-4 VDW =      797.2503  1-4 EEL =     8775.2543  RESTRAINT  =        0.0000


   NSTEP       ENERGY          RMS            GMAX         NAME    NUMBER
     35      -1.1138E+05     6.1066E-01     3.9929E+01     CD       2093

 BOND    =     7857.4577  ANGLE   =      416.7792  DIHED      =     2359.4915
 VDWAALS =    16883.7317  EEL     =  -148440.3167  HBOND      =        0.0000
 1-4 VDW =      785.8264  1-4 EEL =     8760.0449  RESTRAINT  =        0.0000


   NSTEP       ENERGY          RMS            GMAX         NAME    NUMBER
     40      -1.1141E+05     9.7733E-01     7.9483E+01     CD       2093

 BOND    =     7867.5788  ANGLE   =      415.2059  DIHED      =     2358.9211
 VDWAALS =    16886.2292  EEL     =  -148463.5930  HBOND      =        0.0000
 1-4 VDW =      775.3896  1-4 EEL =     8745.6991  RESTRAINT  =        0.0000


   NSTEP       ENERGY          RMS            GMAX         NAME    NUMBER
     45      -1.1146E+05     1.0266E+00     7.9839E+01     CD       2093

 BOND    =     7872.0073  ANGLE   =      413.4438  DIHED      =     2358.3110
 VDWAALS =    16889.9990  EEL     =  -148487.5924  HBOND      =        0.0000
 1-4 VDW =      766.0704  1-4 EEL =     8732.5563  RESTRAINT  =        0.0000


   NSTEP       ENERGY          RMS            GMAX         NAME    NUMBER
     50      -1.1149E+05     1.1091E+00     8.0127E+01     CD       2093

 BOND    =     7877.5339  ANGLE   =      412.0645  DIHED      =     2357.6955
 VDWAALS =    16894.7352  EEL     =  -148512.0564  HBOND      =        0.0000
 1-4 VDW =      757.8064  1-4 EEL =     8720.5362  RESTRAINT  =        0.0000


   NSTEP       ENERGY          RMS            GMAX         NAME    NUMBER
     55      -1.1153E+05     1.0511E+00     7.6565E+01     CD       2093

 BOND    =     7878.7226  ANGLE   =      410.5561  DIHED      =     2357.1384
 VDWAALS =    16899.6356  EEL     =  -148533.7752  HBOND      =        0.0000
 1-4 VDW =      751.2404  1-4 EEL =     8710.6204  RESTRAINT  =        0.0000


   NSTEP       ENERGY          RMS            GMAX         NAME    NUMBER
     60      -1.1156E+05     1.0460E+00     4.6529E+01     CD       2093

 BOND    =     7882.3850  ANGLE   =      409.2937  DIHED      =     2356.4957
 VDWAALS =    16905.9165  EEL     =  -148559.4483  HBOND      =        0.0000
 1-4 VDW =      744.3460  1-4 EEL =     8700.1112  RESTRAINT  =        0.0000


   NSTEP       ENERGY          RMS            GMAX         NAME    NUMBER
     65      -1.1160E+05     3.3284E-01     5.9890E+00     C         179

 BOND    =     7871.4182  ANGLE   =      406.6709  DIHED      =     2355.9017
 VDWAALS =    16912.1389  EEL     =  -148581.0000  HBOND      =        0.0000
 1-4 VDW =      739.0429  1-4 EEL =     8691.2718  RESTRAINT  =        0.0000


   NSTEP       ENERGY          RMS            GMAX         NAME    NUMBER
     70      -1.1162E+05     1.1416E+00     4.4161E+01     C          32

 BOND    =     7891.6886  ANGLE   =      407.7022  DIHED      =     2355.2631
 VDWAALS =    16919.5341  EEL     =  -148609.3897  HBOND      =        0.0000
 1-4 VDW =      732.8787  1-4 EEL =     8681.8425  RESTRAINT  =        0.0000


   NSTEP       ENERGY          RMS            GMAX         NAME    NUMBER
     75      -1.1165E+05     1.1741E+00     4.7450E+01     C          32

 BOND    =     7895.9149  ANGLE   =      407.1252  DIHED      =     2354.6181
 VDWAALS =    16927.3941  EEL     =  -148636.3264  HBOND      =        0.0000
 1-4 VDW =      727.5295  1-4 EEL =     8672.9832  RESTRAINT  =        0.0000


   NSTEP       ENERGY          RMS            GMAX         NAME    NUMBER
     80      -1.1168E+05     1.2309E+00     5.2173E+01     C          32

 BOND    =     7901.0310  ANGLE   =      406.7219  DIHED      =     2353.9778
 VDWAALS =    16935.8441  EEL     =  -148664.1380  HBOND      =        0.0000
 1-4 VDW =      722.5035  1-4 EEL =     8664.4776  RESTRAINT  =        0.0000


   NSTEP       ENERGY          RMS            GMAX         NAME    NUMBER
     85      -1.1173E+05     4.0235E-01     1.3555E+01     C         341

 BOND    =     7885.4372  ANGLE   =      403.3365  DIHED      =     2353.3407
 VDWAALS =    16944.1088  EEL     =  -148688.0408  HBOND      =        0.0000
 1-4 VDW =      718.6592  1-4 EEL =     8657.0228  RESTRAINT  =        0.0000


   NSTEP       ENERGY          RMS            GMAX         NAME    NUMBER
     90      -1.1175E+05     2.8786E-01     6.5427E+00     HG1      2820

 BOND    =     7887.3380  ANGLE   =      402.9899  DIHED      =     2352.8403
 VDWAALS =    16951.0674  EEL     =  -148710.1921  HBOND      =        0.0000
 1-4 VDW =      715.2490  1-4 EEL =     8651.1479  RESTRAINT  =        0.0000


   NSTEP       ENERGY          RMS            GMAX         NAME    NUMBER
     95      -1.1178E+05     2.8572E-01     6.6459E+00     HG1      2820

 BOND    =     7890.7265  ANGLE   =      402.4278  DIHED      =     2352.2064
 VDWAALS =    16960.0521  EEL     =  -148737.8872  HBOND      =        0.0000
 1-4 VDW =      711.3114  1-4 EEL =     8644.1185  RESTRAINT  =        0.0000


   NSTEP       ENERGY          RMS            GMAX         NAME    NUMBER
    100      -1.1180E+05     5.3462E-01     2.2995E+01     C         341

 BOND    =     7896.7735  ANGLE   =      401.7224  DIHED      =     2351.4835
 VDWAALS =    16970.4402  EEL     =  -148768.7557  HBOND      =        0.0000
 1-4 VDW =      707.3232  1-4 EEL =     8636.6832  RESTRAINT  =        0.0000


   NSTEP       ENERGY          RMS            GMAX         NAME    NUMBER
    105      -1.1184E+05     2.7249E-01     6.7984E+00     HG1      2820

 BOND    =     7898.3036  ANGLE   =      401.4460  DIHED      =     2350.8153
 VDWAALS =    16980.5596  EEL     =  -148799.5580  HBOND      =        0.0000
 1-4 VDW =      703.4843  1-4 EEL =     8629.9202  RESTRAINT  =        0.0000


   NSTEP       ENERGY          RMS            GMAX         NAME    NUMBER
    110      -1.1226E+05     2.0438E+00     1.6237E+02     HG1      2820

 BOND    =     8137.5996  ANGLE   =      428.6883  DIHED      =     2350.5606
 VDWAALS =    17330.7255  EEL     =  -149599.4166  HBOND      =        0.0000
 1-4 VDW =      616.9528  1-4 EEL =     8473.7475  RESTRAINT  =        0.0000


   NSTEP       ENERGY          RMS            GMAX         NAME    NUMBER
    115      -1.1246E+05     6.3820E-01     4.1442E+01     CB       2813

 BOND    =     8059.8638  ANGLE   =      463.8225  DIHED      =     2350.8427
 VDWAALS =    17387.1324  EEL     =  -149747.1381  HBOND      =        0.0000
 1-4 VDW =      608.0721  1-4 EEL =     8419.0120  RESTRAINT  =        0.0000


   NSTEP       ENERGY          RMS            GMAX         NAME    NUMBER
    120      -1.1255E+05     1.2767E+00     1.3610E+02     CD       2108

 BOND    =     8109.9841  ANGLE   =      516.1771  DIHED      =     2349.3644
 VDWAALS =    17496.0075  EEL     =  -150013.5402  HBOND      =        0.0000
 1-4 VDW =      604.8896  1-4 EEL =     8383.5733  RESTRAINT  =        0.0000


   NSTEP       ENERGY          RMS            GMAX         NAME    NUMBER
    125      -1.1277E+05     1.2124E+00     5.8395E+01     CD       2108

 BOND    =     8206.2877  ANGLE   =      496.4210  DIHED      =     2348.9784
 VDWAALS =    17813.8360  EEL     =  -150577.2730  HBOND      =        0.0000
 1-4 VDW =      586.0698  1-4 EEL =     8356.7456  RESTRAINT  =        0.0000


   NSTEP       ENERGY          RMS            GMAX         NAME    NUMBER
    130      -1.1277E+05     1.1557E+00     5.5305E+01     O       18235

 BOND    =     8203.5296  ANGLE   =      495.7721  DIHED      =     2348.8670
 VDWAALS =    17813.6615  EEL     =  -150576.9423  HBOND      =        0.0000
 1-4 VDW =      586.1360  1-4 EEL =     8356.6863  RESTRAINT  =        0.0000


   NSTEP       ENERGY          RMS            GMAX         NAME    NUMBER
    135      -1.1285E+05     7.8823E-01     7.9498E+01     CD       2108

 BOND    =     8159.3447  ANGLE   =      494.5194  DIHED      =     2342.4761
 VDWAALS =    17798.0949  EEL     =  -150598.1153  HBOND      =        0.0000
 1-4 VDW =      591.9693  1-4 EEL =     8356.8952  RESTRAINT  =        0.0000


   NSTEP       ENERGY          RMS            GMAX         NAME    NUMBER
    140      -1.1291E+05     8.6998E-01     5.2862E+01     O       18235

 BOND    =     8167.2745  ANGLE   =      476.3306  DIHED      =     2338.8958
 VDWAALS =    17809.1062  EEL     =  -150681.7390  HBOND      =        0.0000
 1-4 VDW =      594.2847  1-4 EEL =     8381.1457  RESTRAINT  =        0.0000


   NSTEP       ENERGY          RMS            GMAX         NAME    NUMBER
    145      -1.1300E+05     5.5583E-01     3.1226E+01     CD       2108

 BOND    =     8155.3233  ANGLE   =      443.1913  DIHED      =     2330.0369
 VDWAALS =    17853.6201  EEL     =  -150802.1306  HBOND      =        0.0000
 1-4 VDW =      599.2208  1-4 EEL =     8422.7359  RESTRAINT  =        0.0000


   NSTEP       ENERGY          RMS            GMAX         NAME    NUMBER
    150      -1.1307E+05     8.8664E-01     8.8669E+01     CD       2108

 BOND    =     8166.1478  ANGLE   =      430.2628  DIHED      =     2317.7627
 VDWAALS =    17878.8984  EEL     =  -150921.7972  HBOND      =        0.0000
 1-4 VDW =      613.0139  1-4 EEL =     8440.9497  RESTRAINT  =        0.0000


   NSTEP       ENERGY          RMS            GMAX         NAME    NUMBER
    155      -1.1308E+05     8.2285E-01     7.8557E+01     CD       2108

 BOND    =     8163.8086  ANGLE   =      429.7763  DIHED      =     2317.7422
 VDWAALS =    17878.9276  EEL     =  -150921.4993  HBOND      =        0.0000
 1-4 VDW =      613.0501  1-4 EEL =     8440.9696  RESTRAINT  =        0.0000


   NSTEP       ENERGY          RMS            GMAX         NAME    NUMBER
    160      -1.1312E+05     4.5014E-01     2.0761E+01     OE1      2109

 BOND    =     8142.3042  ANGLE   =      422.1532  DIHED      =     2317.8217
 VDWAALS =    17875.7645  EEL     =  -150936.7328  HBOND      =        0.0000
 1-4 VDW =      615.2344  1-4 EEL =     8444.0314  RESTRAINT  =        0.0000


   NSTEP       ENERGY          RMS            GMAX         NAME    NUMBER
    165      -1.1315E+05     5.8302E-01     2.4119E+01     O       18235

 BOND    =     8150.6042  ANGLE   =      422.8214  DIHED      =     2314.6369
 VDWAALS =    17881.9874  EEL     =  -150978.9043  HBOND      =        0.0000
 1-4 VDW =      615.8886  1-4 EEL =     8446.6420  RESTRAINT  =        0.0000


   NSTEP       ENERGY          RMS            GMAX         NAME    NUMBER
    170      -1.1321E+05     6.8824E-01     4.9532E+01     CD       2108

 BOND    =     8167.1427  ANGLE   =      418.4616  DIHED      =     2306.8841
 VDWAALS =    17940.5258  EEL     =  -151113.1737  HBOND      =        0.0000
 1-4 VDW =      619.9401  1-4 EEL =     8451.1051  RESTRAINT  =        0.0000


   NSTEP       ENERGY          RMS            GMAX         NAME    NUMBER
    175      -1.1326E+05     9.4344E-01     8.9096E+01     CD       2108

 BOND    =     8183.3024  ANGLE   =      425.3670  DIHED      =     2301.8636
 VDWAALS =    18012.8661  EEL     =  -151265.4589  HBOND      =        0.0000
 1-4 VDW =      625.9881  1-4 EEL =     8455.1862  RESTRAINT  =        0.0000


   NSTEP       ENERGY          RMS            GMAX         NAME    NUMBER
    180      -1.1326E+05     8.6568E-01     7.6849E+01     CD       2108

 BOND    =     8181.0407  ANGLE   =      424.6595  DIHED      =     2301.7868
 VDWAALS =    18012.5710  EEL     =  -151265.1856  HBOND      =        0.0000
 1-4 VDW =      625.9844  1-4 EEL =     8455.2220  RESTRAINT  =        0.0000


   NSTEP       ENERGY          RMS            GMAX         NAME    NUMBER
    185      -1.1332E+05     6.2057E-01     3.3766E+01     CD       2108

 BOND    =     8171.5950  ANGLE   =      412.2376  DIHED      =     2299.6391
 VDWAALS =    18005.4857  EEL     =  -151290.6861  HBOND      =        0.0000
 1-4 VDW =      623.8933  1-4 EEL =     8460.6894  RESTRAINT  =        0.0000


   NSTEP       ENERGY          RMS            GMAX         NAME    NUMBER
    190      -1.1336E+05     5.4469E-01     2.3864E+01     CD       2108

 BOND    =     8176.3855  ANGLE   =      405.6773  DIHED      =     2301.4996
 VDWAALS =    18021.8154  EEL     =  -151352.7191  HBOND      =        0.0000
 1-4 VDW =      621.7771  1-4 EEL =     8466.9585  RESTRAINT  =        0.0000


   NSTEP       ENERGY          RMS            GMAX         NAME    NUMBER
    195      -1.1339E+05     5.5550E-01     3.3241E+01     CD       1914

 BOND    =     8184.5771  ANGLE   =      400.2426  DIHED      =     2301.7952
 VDWAALS =    18059.1350  EEL     =  -151431.3949  HBOND      =        0.0000
 1-4 VDW =      621.4543  1-4 EEL =     8470.3677  RESTRAINT  =        0.0000


   NSTEP       ENERGY          RMS            GMAX         NAME    NUMBER
    200      -1.1342E+05     6.3484E-01     3.5389E+01     OG1      2819

 BOND    =     8191.5779  ANGLE   =      405.7498  DIHED      =     2300.1322
 VDWAALS =    18090.0733  EEL     =  -151497.3578  HBOND      =        0.0000
 1-4 VDW =      622.8736  1-4 EEL =     8467.4081  RESTRAINT  =        0.0000


   NSTEP       ENERGY          RMS            GMAX         NAME    NUMBER
    205      -1.1342E+05     5.6947E-01     3.0939E+01     OG1      2819

 BOND    =     8189.4764  ANGLE   =      405.3207  DIHED      =     2300.1082
 VDWAALS =    18089.9539  EEL     =  -151496.9553  HBOND      =        0.0000
 1-4 VDW =      622.8905  1-4 EEL =     8467.4287  RESTRAINT  =        0.0000


   NSTEP       ENERGY          RMS            GMAX         NAME    NUMBER
    210      -1.1345E+05     4.2516E-01     2.9172E+01     CD       1914

 BOND    =     8180.3844  ANGLE   =      400.8875  DIHED      =     2299.8484
 VDWAALS =    18086.6118  EEL     =  -151508.7758  HBOND      =        0.0000
 1-4 VDW =      622.8813  1-4 EEL =     8469.3041  RESTRAINT  =        0.0000


   NSTEP       ENERGY          RMS            GMAX         NAME    NUMBER
    215      -1.1346E+05     5.0971E-01     3.0686E+01     CD       1914

 BOND    =     8188.9419  ANGLE   =      402.2108  DIHED      =     2298.2727
 VDWAALS =    18093.7197  EEL     =  -151538.4516  HBOND      =        0.0000
 1-4 VDW =      622.7131  1-4 EEL =     8468.3031  RESTRAINT  =        0.0000


   NSTEP       ENERGY          RMS            GMAX         NAME    NUMBER
    220      -1.1354E+05     6.4609E-01     3.7018E+01     CG       2105

 BOND    =     8224.7607  ANGLE   =      411.1415  DIHED      =     2292.1407
 VDWAALS =    18191.5516  EEL     =  -151751.0016  HBOND      =        0.0000
 1-4 VDW =      626.1514  1-4 EEL =     8462.3212  RESTRAINT  =        0.0000


   NSTEP       ENERGY          RMS            GMAX         NAME    NUMBER
    225      -1.1361E+05     1.1226E+00     8.1925E+01     CD       2108

 BOND    =     8258.9045  ANGLE   =      431.8023  DIHED      =     2290.3793
 VDWAALS =    18293.0241  EEL     =  -151975.0650  HBOND      =        0.0000
 1-4 VDW =      630.2495  1-4 EEL =     8461.5345  RESTRAINT  =        0.0000


   NSTEP       ENERGY          RMS            GMAX         NAME    NUMBER
    230      -1.1361E+05     1.0362E+00     7.0201E+01     CD       2108

 BOND    =     8254.5814  ANGLE   =      430.9416  DIHED      =     2290.2622
 VDWAALS =    18293.0546  EEL     =  -151973.7248  HBOND      =        0.0000
 1-4 VDW =      630.2027  1-4 EEL =     8461.6062  RESTRAINT  =        0.0000


   NSTEP       ENERGY          RMS            GMAX         NAME    NUMBER
    235      -1.1368E+05     7.4405E-01     5.2461E+01     OE2      2110

 BOND    =     8245.6210  ANGLE   =      404.6301  DIHED      =     2287.1840
 VDWAALS =    18289.2301  EEL     =  -151998.4486  HBOND      =        0.0000
 1-4 VDW =      624.5115  1-4 EEL =     8466.8065  RESTRAINT  =        0.0000


   NSTEP       ENERGY          RMS            GMAX         NAME    NUMBER
    240      -1.1372E+05     5.4861E-01     2.9029E+01     CD       2108

 BOND    =     8242.0882  ANGLE   =      398.3485  DIHED      =     2288.4829
 VDWAALS =    18295.9483  EEL     =  -152032.3772  HBOND      =        0.0000
 1-4 VDW =      622.4370  1-4 EEL =     8468.7916  RESTRAINT  =        0.0000


   NSTEP       ENERGY          RMS            GMAX         NAME    NUMBER
    245      -1.1375E+05     6.1425E-01     4.5179E+01     CD       2108

 BOND    =     8248.3103  ANGLE   =      398.2182  DIHED      =     2290.1942
 VDWAALS =    18328.3201  EEL     =  -152109.9985  HBOND      =        0.0000
 1-4 VDW =      622.9458  1-4 EEL =     8469.3623  RESTRAINT  =        0.0000


   NSTEP       ENERGY          RMS            GMAX         NAME    NUMBER
    250      -1.1377E+05     4.5914E-01     2.3734E+01     OG1      1504

 BOND    =     8239.7440  ANGLE   =      400.3228  DIHED      =     2288.8965
 VDWAALS =    18343.5229  EEL     =  -152130.3477  HBOND      =        0.0000
 1-4 VDW =      623.1884  1-4 EEL =     8467.5462  RESTRAINT  =        0.0000


   NSTEP       ENERGY          RMS            GMAX         NAME    NUMBER
    255      -1.1377E+05     3.8212E-01     1.8308E+01     OG1      1504

 BOND    =     8238.0685  ANGLE   =      399.6960  DIHED      =     2288.9024
 VDWAALS =    18343.4854  EEL     =  -152129.9151  HBOND      =        0.0000
 1-4 VDW =      623.1622  1-4 EEL =     8467.5832  RESTRAINT  =        0.0000


   NSTEP       ENERGY          RMS            GMAX         NAME    NUMBER
    260      -1.1379E+05     3.9236E-01     3.0162E+01     CD       1914

 BOND    =     8239.9710  ANGLE   =      393.8783  DIHED      =     2289.4165
 VDWAALS =    18348.2057  EEL     =  -152149.0841  HBOND      =        0.0000
 1-4 VDW =      621.9489  1-4 EEL =     8468.4030  RESTRAINT  =        0.0000


   NSTEP       ENERGY          RMS            GMAX         NAME    NUMBER
    265      -1.1382E+05     4.2712E-01     1.8008E+01     OG1      1504

 BOND    =     8249.8374  ANGLE   =      398.1958  DIHED      =     2287.2798
 VDWAALS =    18368.3629  EEL     =  -152208.7887  HBOND      =        0.0000
 1-4 VDW =      622.3139  1-4 EEL =     8465.9979  RESTRAINT  =        0.0000


   NSTEP       ENERGY          RMS            GMAX         NAME    NUMBER
    270      -1.1388E+05     6.5590E-01     4.5455E+01     HG2      2106

 BOND    =     8274.8430  ANGLE   =      415.1556  DIHED      =     2285.8282
 VDWAALS =    18466.5792  EEL     =  -152406.5741  HBOND      =        0.0000
 1-4 VDW =      627.3082  1-4 EEL =     8458.1990  RESTRAINT  =        0.0000


   NSTEP       ENERGY          RMS            GMAX         NAME    NUMBER
    275      -1.1405E+05     1.0896E+00     6.9559E+01     CG       2105

 BOND    =     8353.8873  ANGLE   =      441.1409  DIHED      =     2281.9936
 VDWAALS =    18701.8182  EEL     =  -152914.7594  HBOND      =        0.0000
 1-4 VDW =      628.6021  1-4 EEL =     8453.0848  RESTRAINT  =        0.0000


   NSTEP       ENERGY          RMS            GMAX         NAME    NUMBER
    280      -1.1406E+05     1.0571E+00     6.7235E+01     CG       2105

 BOND    =     8351.4692  ANGLE   =      440.4526  DIHED      =     2281.8960
 VDWAALS =    18701.6653  EEL     =  -152913.9817  HBOND      =        0.0000
 1-4 VDW =      628.5399  1-4 EEL =     8453.1145  RESTRAINT  =        0.0000


   NSTEP       ENERGY          RMS            GMAX         NAME    NUMBER
    285      -1.1415E+05     5.2844E-01     3.5485E+01     OE1      2109

 BOND    =     8317.0856  ANGLE   =      404.4266  DIHED      =     2278.3279
 VDWAALS =    18693.7579  EEL     =  -152926.0320  HBOND      =        0.0000
 1-4 VDW =      622.9365  1-4 EEL =     8456.8138  RESTRAINT  =        0.0000


   NSTEP       ENERGY          RMS            GMAX         NAME    NUMBER
    290      -1.1418E+05     5.3782E-01     4.2351E+01     CD       2108

 BOND    =     8330.2598  ANGLE   =      398.8537  DIHED      =     2279.3229
 VDWAALS =    18698.3132  EEL     =  -152968.0761  HBOND      =        0.0000
 1-4 VDW =      620.6870  1-4 EEL =     8459.3417  RESTRAINT  =        0.0000


   NSTEP       ENERGY          RMS            GMAX         NAME    NUMBER
    295      -1.1422E+05     4.1738E-01     3.0538E+01     OE1      2109

 BOND    =     8327.3153  ANGLE   =      392.2156  DIHED      =     2280.1106
 VDWAALS =    18730.2523  EEL     =  -153027.3529  HBOND      =        0.0000
 1-4 VDW =      618.9963  1-4 EEL =     8460.5131  RESTRAINT  =        0.0000


   NSTEP       ENERGY          RMS            GMAX         NAME    NUMBER
    300      -1.1423E+05     3.8358E-01     2.7073E+01     CG       2105

 BOND    =     8333.8160  ANGLE   =      395.8350  DIHED      =     2279.3914
 VDWAALS =    18738.9858  EEL     =  -153055.9842  HBOND      =        0.0000
 1-4 VDW =      619.7833  1-4 EEL =     8458.2848  RESTRAINT  =        0.0000


   NSTEP       ENERGY          RMS            GMAX         NAME    NUMBER
    305      -1.1423E+05     2.9582E-01     1.9613E+01     CG       2105

 BOND    =     8328.0603  ANGLE   =      395.2758  DIHED      =     2279.3998
 VDWAALS =    18738.9514  EEL     =  -153051.5561  HBOND      =        0.0000
 1-4 VDW =      619.7877  1-4 EEL =     8458.3830  RESTRAINT  =        0.0000


   NSTEP       ENERGY          RMS            GMAX         NAME    NUMBER
    310      -1.1425E+05     4.4152E-01     3.2081E+01     OE2      2110

 BOND    =     8331.3397  ANGLE   =      392.7819  DIHED      =     2279.7965
 VDWAALS =    18742.9578  EEL     =  -153071.6795  HBOND      =        0.0000
 1-4 VDW =      619.4286  1-4 EEL =     8459.4614  RESTRAINT  =        0.0000


   NSTEP       ENERGY          RMS            GMAX         NAME    NUMBER
    315      -1.1427E+05     3.7917E-01     1.6110E+01     CB       2102

 BOND    =     8342.0437  ANGLE   =      396.2047  DIHED      =     2278.1926
 VDWAALS =    18760.6516  EEL     =  -153128.1610  HBOND      =        0.0000
 1-4 VDW =      619.6239  1-4 EEL =     8456.8912  RESTRAINT  =        0.0000


   NSTEP       ENERGY          RMS            GMAX         NAME    NUMBER
    320      -1.1432E+05     6.6358E-01     3.3977E+01     HG2      2106

 BOND    =     8383.4600  ANGLE   =      409.0953  DIHED      =     2277.1793
 VDWAALS =    18828.0597  EEL     =  -153290.0482  HBOND      =        0.0000
 1-4 VDW =      621.9333  1-4 EEL =     8449.9928  RESTRAINT  =        0.0000


   NSTEP       ENERGY          RMS            GMAX         NAME    NUMBER
    325      -1.1443E+05     9.0698E-01     3.7850E+01     CG       2105

 BOND    =     8421.1880  ANGLE   =      425.5474  DIHED      =     2278.5582
 VDWAALS =    18966.8207  EEL     =  -153593.7634  HBOND      =        0.0000
 1-4 VDW =      623.4579  1-4 EEL =     8448.5169  RESTRAINT  =        0.0000


   NSTEP       ENERGY          RMS            GMAX         NAME    NUMBER
    330      -1.1443E+05     8.6405E-01     3.5329E+01     CG       2105

 BOND    =     8416.0465  ANGLE   =      424.8829  DIHED      =     2278.4275
 VDWAALS =    18966.7367  EEL     =  -153590.3834  HBOND      =        0.0000
 1-4 VDW =      623.3886  1-4 EEL =     8448.5500  RESTRAINT  =        0.0000


   NSTEP       ENERGY          RMS            GMAX         NAME    NUMBER
    335      -1.1449E+05     4.3212E-01     2.0718E+01     CG        456

 BOND    =     8383.5240  ANGLE   =      401.0398  DIHED      =     2275.0014
 VDWAALS =    18965.2155  EEL     =  -153586.9869  HBOND      =        0.0000
 1-4 VDW =      619.4622  1-4 EEL =     8450.0972  RESTRAINT  =        0.0000


   NSTEP       ENERGY          RMS            GMAX         NAME    NUMBER
    340      -1.1451E+05     4.5554E-01     1.7051E+01     HG1      1505

 BOND    =     8401.9830  ANGLE   =      397.7273  DIHED      =     2275.6376
 VDWAALS =    18970.5154  EEL     =  -153630.6864  HBOND      =        0.0000
 1-4 VDW =      617.6006  1-4 EEL =     8452.6788  RESTRAINT  =        0.0000


   NSTEP       ENERGY          RMS            GMAX         NAME    NUMBER
    345      -1.1455E+05     3.8755E-01     2.5434E+01     CG       2105

 BOND    =     8384.9580  ANGLE   =      395.5918  DIHED      =     2276.8731
 VDWAALS =    18998.3157  EEL     =  -153672.7478  HBOND      =        0.0000
 1-4 VDW =      617.2479  1-4 EEL =     8454.0397  RESTRAINT  =        0.0000


   NSTEP       ENERGY          RMS            GMAX         NAME    NUMBER
    350      -1.1456E+05     3.2184E-01     1.3396E+01     CG       1974

 BOND    =     8396.3502  ANGLE   =      397.9530  DIHED      =     2276.3975
 VDWAALS =    19009.0941  EEL     =  -153705.6180  HBOND      =        0.0000
 1-4 VDW =      617.3815  1-4 EEL =     8452.4187  RESTRAINT  =        0.0000


   NSTEP       ENERGY          RMS            GMAX         NAME    NUMBER
    355      -1.1456E+05     2.4601E-01     8.9066E+00     CG       2105

 BOND    =     8388.2056  ANGLE   =      397.5434  DIHED      =     2276.4042
 VDWAALS =    19009.1999  EEL     =  -153698.6103  HBOND      =        0.0000
 1-4 VDW =      617.3776  1-4 EEL =     8452.4864  RESTRAINT  =        0.0000


   NSTEP       ENERGY          RMS            GMAX         NAME    NUMBER
    360      -1.1457E+05     3.5110E-01     1.1792E+01     CG        456

 BOND    =     8402.5110  ANGLE   =      393.7377  DIHED      =     2276.5647
 VDWAALS =    19012.7120  EEL     =  -153728.8704  HBOND      =        0.0000
 1-4 VDW =      616.8567  1-4 EEL =     8453.5672  RESTRAINT  =        0.0000


   NSTEP       ENERGY          RMS            GMAX         NAME    NUMBER
    365      -1.1459E+05     4.3520E-01     1.5277E+01     HG1      1505

 BOND    =     8410.9871  ANGLE   =      396.5200  DIHED      =     2275.4443
 VDWAALS =    19021.7465  EEL     =  -153762.1338  HBOND      =        0.0000
 1-4 VDW =      617.2160  1-4 EEL =     8451.8109  RESTRAINT  =        0.0000


   NSTEP       ENERGY          RMS            GMAX         NAME    NUMBER
    370      -1.1462E+05     4.6545E-01     1.7668E+01     OE2      2110

 BOND    =     8416.1457  ANGLE   =      404.7216  DIHED      =     2274.4832
 VDWAALS =    19066.8803  EEL     =  -153853.2706  HBOND      =        0.0000
 1-4 VDW =      619.7444  1-4 EEL =     8446.4768  RESTRAINT  =        0.0000


   NSTEP       ENERGY          RMS            GMAX         NAME    NUMBER
    375      -1.1467E+05     8.9109E-01     2.7134E+01     OE1      1915

 BOND    =     8454.8600  ANGLE   =      419.0089  DIHED      =     2276.4271
 VDWAALS =    19140.7113  EEL     =  -154026.6845  HBOND      =        0.0000
 1-4 VDW =      620.8089  1-4 EEL =     8445.4485  RESTRAINT  =        0.0000


   NSTEP       ENERGY          RMS            GMAX         NAME    NUMBER
    380      -1.1467E+05     8.3068E-01     2.3845E+01     OE1      1915

 BOND    =     8449.0950  ANGLE   =      418.1892  DIHED      =     2276.2551
 VDWAALS =    19140.5520  EEL     =  -154022.7637  HBOND      =        0.0000
 1-4 VDW =      620.7542  1-4 EEL =     8445.4592  RESTRAINT  =        0.0000


   NSTEP       ENERGY          RMS            GMAX         NAME    NUMBER
    385      -1.1472E+05     3.8290E-01     1.5171E+01     NE2      1098

 BOND    =     8422.7742  ANGLE   =      400.1858  DIHED      =     2272.5588
 VDWAALS =    19138.9723  EEL     =  -154018.2767  HBOND      =        0.0000
 1-4 VDW =      618.3273  1-4 EEL =     8446.3781  RESTRAINT  =        0.0000


   NSTEP       ENERGY          RMS            GMAX         NAME    NUMBER
    390      -1.1474E+05     3.9568E-01     1.6388E+01     HG1      1505

 BOND    =     8435.5598  ANGLE   =      396.9798  DIHED      =     2273.3860
 VDWAALS =    19145.9368  EEL     =  -154056.1258  HBOND      =        0.0000
 1-4 VDW =      616.8975  1-4 EEL =     8449.0170  RESTRAINT  =        0.0000


   NSTEP       ENERGY          RMS            GMAX         NAME    NUMBER
    395      -1.1476E+05     3.4445E-01     1.2021E+01     CG       2105

 BOND    =     8425.4931  ANGLE   =      394.1670  DIHED      =     2274.0143
 VDWAALS =    19170.7772  EEL     =  -154092.0583  HBOND      =        0.0000
 1-4 VDW =      616.1233  1-4 EEL =     8450.0078  RESTRAINT  =        0.0000


   NSTEP       ENERGY          RMS            GMAX         NAME    NUMBER
    400      -1.1477E+05     3.0153E-01     1.4824E+01     CD       2108

 BOND    =     8432.3215  ANGLE   =      397.1675  DIHED      =     2273.4058
 VDWAALS =    19184.9795  EEL     =  -154123.6105  HBOND      =        0.0000
 1-4 VDW =      616.3082  1-4 EEL =     8448.0789  RESTRAINT  =        0.0000


   NSTEP       ENERGY          RMS            GMAX         NAME    NUMBER
    405      -1.1477E+05     2.3623E-01     7.9296E+00     CD       2108

 BOND    =     8425.4531  ANGLE   =      396.9287  DIHED      =     2273.4198
 VDWAALS =    19184.9722  EEL     =  -154117.8675  HBOND      =        0.0000
 1-4 VDW =      616.3122  1-4 EEL =     8448.1133  RESTRAINT  =        0.0000


   NSTEP       ENERGY          RMS            GMAX         NAME    NUMBER
    410      -1.1479E+05     3.9032E-01     1.8634E+01     CD       2108

 BOND    =     8437.7676  ANGLE   =      394.1040  DIHED      =     2273.7144
 VDWAALS =    19186.5265  EEL     =  -154145.2105  HBOND      =        0.0000
 1-4 VDW =      616.2100  1-4 EEL =     8448.9616  RESTRAINT  =        0.0000


   NSTEP       ENERGY          RMS            GMAX         NAME    NUMBER
    415      -1.1481E+05     3.1157E-01     1.0590E+01     NE2      1098

 BOND    =     8434.4574  ANGLE   =      395.2264  DIHED      =     2271.9344
 VDWAALS =    19199.7501  EEL     =  -154174.0812  HBOND      =        0.0000
 1-4 VDW =      616.6171  1-4 EEL =     8446.3098  RESTRAINT  =        0.0000


   NSTEP       ENERGY          RMS            GMAX         NAME    NUMBER
    420      -1.1483E+05     4.5786E-01     1.9509E+01     CD        547

 BOND    =     8447.7791  ANGLE   =      401.4664  DIHED      =     2271.6273
 VDWAALS =    19232.4465  EEL     =  -154244.6805  HBOND      =        0.0000
 1-4 VDW =      617.8597  1-4 EEL =     8442.7339  RESTRAINT  =        0.0000


   NSTEP       ENERGY          RMS            GMAX         NAME    NUMBER
    425      -1.1492E+05     8.3619E-01     2.3760E+01     CD       1914

 BOND    =     8501.7303  ANGLE   =      417.8654  DIHED      =     2274.1308
 VDWAALS =    19341.8480  EEL     =  -154514.9014  HBOND      =        0.0000
 1-4 VDW =      619.2923  1-4 EEL =     8441.6030  RESTRAINT  =        0.0000


   NSTEP       ENERGY          RMS            GMAX         NAME    NUMBER
    430      -1.1492E+05     7.9190E-01     2.1532E+01     CA       2473

 BOND    =     8496.4931  ANGLE   =      417.1995  DIHED      =     2273.9799
 VDWAALS =    19341.7659  EEL     =  -154510.8389  HBOND      =        0.0000
 1-4 VDW =      619.2389  1-4 EEL =     8441.6041  RESTRAINT  =        0.0000


   NSTEP       ENERGY          RMS            GMAX         NAME    NUMBER
    435      -1.1496E+05     3.3783E-01     1.8410E+01     CD       1914

 BOND    =     8465.1942  ANGLE   =      397.8343  DIHED      =     2269.5355
 VDWAALS =    19341.7457  EEL     =  -154492.0994  HBOND      =        0.0000
 1-4 VDW =      616.5002  1-4 EEL =     8441.9514  RESTRAINT  =        0.0000


   NSTEP       ENERGY          RMS            GMAX         NAME    NUMBER
    440      -1.1497E+05     3.2307E-01     1.0388E+01     O       24493

 BOND    =     8475.9337  ANGLE   =      395.8574  DIHED      =     2270.2020
 VDWAALS =    19346.0150  EEL     =  -154518.1855  HBOND      =        0.0000
 1-4 VDW =      615.5732  1-4 EEL =     8443.0860  RESTRAINT  =        0.0000


   NSTEP       ENERGY          RMS            GMAX         NAME    NUMBER
    445      -1.1499E+05     3.1405E-01     1.0881E+01     CD        547

 BOND    =     8469.3216  ANGLE   =      396.1806  DIHED      =     2271.2889
 VDWAALS =    19367.1092  EEL     =  -154556.0250  HBOND      =        0.0000
 1-4 VDW =      615.5871  1-4 EEL =     8443.9763  RESTRAINT  =        0.0000


   NSTEP       ENERGY          RMS            GMAX         NAME    NUMBER
    450      -1.1500E+05     2.9330E-01     1.7045E+01     CD        547

 BOND    =     8473.5662  ANGLE   =      400.0188  DIHED      =     2270.7336
 VDWAALS =    19388.6156  EEL     =  -154595.9670  HBOND      =        0.0000
 1-4 VDW =      615.8319  1-4 EEL =     8442.3950  RESTRAINT  =        0.0000


   NSTEP       ENERGY          RMS            GMAX         NAME    NUMBER
    455      -1.1501E+05     2.3717E-01     6.8737E+00     CD        547

 BOND    =     8468.0562  ANGLE   =      399.6677  DIHED      =     2270.7142
 VDWAALS =    19388.6614  EEL     =  -154591.4121  HBOND      =        0.0000
 1-4 VDW =      615.8064  1-4 EEL =     8442.4198  RESTRAINT  =        0.0000


   NSTEP       ENERGY          RMS            GMAX         NAME    NUMBER
    460      -1.1502E+05     3.8551E-01     1.9252E+01     CD        547

 BOND    =     8481.5911  ANGLE   =      393.6695  DIHED      =     2270.1636
 VDWAALS =    19391.9457  EEL     =  -154617.8899  HBOND      =        0.0000
 1-4 VDW =      614.8717  1-4 EEL =     8442.9042  RESTRAINT  =        0.0000


   NSTEP       ENERGY          RMS            GMAX         NAME    NUMBER
    465      -1.1504E+05     2.7978E-01     1.0188E+01     CG2      2815

 BOND    =     8469.1590  ANGLE   =      396.0119  DIHED      =     2268.6486
 VDWAALS =    19402.4858  EEL     =  -154636.4340  HBOND      =        0.0000
 1-4 VDW =      616.1610  1-4 EEL =     8442.1434  RESTRAINT  =        0.0000


   NSTEP       ENERGY          RMS            GMAX         NAME    NUMBER
    470      -1.1505E+05     3.9486E-01     1.9883E+01     CG        955

 BOND    =     8482.3860  ANGLE   =      400.6639  DIHED      =     2268.7478
 VDWAALS =    19419.2391  EEL     =  -154681.8256  HBOND      =        0.0000
 1-4 VDW =      617.2410  1-4 EEL =     8440.4995  RESTRAINT  =        0.0000


   NSTEP       ENERGY          RMS            GMAX         NAME    NUMBER
    475      -1.1512E+05     6.2707E-01     1.6688E+01     OE1      1915

 BOND    =     8527.7307  ANGLE   =      409.6164  DIHED      =     2268.9275
 VDWAALS =    19502.8942  EEL     =  -154877.7454  HBOND      =        0.0000
 1-4 VDW =      616.5849  1-4 EEL =     8436.6983  RESTRAINT  =        0.0000


   NSTEP       ENERGY          RMS            GMAX         NAME    NUMBER
    480      -1.1512E+05     5.8397E-01     1.4540E+01     OE1      1915

 BOND    =     8522.0884  ANGLE   =      409.0094  DIHED      =     2268.8080
 VDWAALS =    19502.7848  EEL     =  -154873.2766  HBOND      =        0.0000
 1-4 VDW =      616.5751  1-4 EEL =     8436.7780  RESTRAINT  =        0.0000


   NSTEP       ENERGY          RMS            GMAX         NAME    NUMBER
    485      -1.1515E+05     3.6378E-01     2.4082E+01     CG        955

 BOND    =     8493.3014  ANGLE   =      397.9666  DIHED      =     2266.6712
 VDWAALS =    19500.9909  EEL     =  -154864.1802  HBOND      =        0.0000
 1-4 VDW =      616.4244  1-4 EEL =     8440.5020  RESTRAINT  =        0.0000


   NSTEP       ENERGY          RMS            GMAX         NAME    NUMBER
    490      -1.1516E+05     3.0918E-01     1.2203E+01     CG        955

 BOND    =     8510.9829  ANGLE   =      397.8059  DIHED      =     2267.5723
 VDWAALS =    19505.1967  EEL     =  -154895.9162  HBOND      =        0.0000
 1-4 VDW =      616.1387  1-4 EEL =     8440.5270  RESTRAINT  =        0.0000


   NSTEP       ENERGY          RMS            GMAX         NAME    NUMBER
    495      -1.1518E+05     3.2054E-01     1.0734E+01     C34      3161

 BOND    =     8507.7597  ANGLE   =      395.4240  DIHED      =     2267.7718
 VDWAALS =    19530.9725  EEL     =  -154934.4950  HBOND      =        0.0000
 1-4 VDW =      614.4309  1-4 EEL =     8439.6668  RESTRAINT  =        0.0000


   NSTEP       ENERGY          RMS            GMAX         NAME    NUMBER
    500      -1.1519E+05     3.4497E-01     1.4973E+01     CD        547

 BOND    =     8515.5716  ANGLE   =      398.6222  DIHED      =     2267.6664
 VDWAALS =    19546.3633  EEL     =  -154970.8798  HBOND      =        0.0000
 1-4 VDW =      615.0158  1-4 EEL =     8438.8530  RESTRAINT  =        0.0000


  Maximum number of minimization cycles reached.


                    FINAL RESULTS



   NSTEP       ENERGY          RMS            GMAX         NAME    NUMBER
    500      -1.1519E+05     3.4497E-01     1.4973E+01     CD        547

 BOND    =     8515.5716  ANGLE   =      398.6222  DIHED      =     2267.6664
 VDWAALS =    19546.3633  EEL     =  -154970.8798  HBOND      =        0.0000
 1-4 VDW =      615.0158  1-4 EEL =     8438.8530  RESTRAINT  =        0.0000
--------------------------------------------------------------------------------
   5.  TIMINGS
--------------------------------------------------------------------------------

|  NonSetup CPU Time in Major Routines:
|
|     Routine           Sec        %
|     ------------------------------
|     Nonbond          53.15   96.68
|     Bond              0.16    0.28
|     Angle             0.22    0.41
|     Dihedral          1.22    2.23
|     Shake             0.00    0.00
|     Other             0.22    0.41
|     ------------------------------
|     Total            54.98

|  PME Nonbond Pairlist CPU Time:
|
|     Routine              Sec        %
|     ---------------------------------
|     Set Up Cit           0.02    0.03
|     Build List           1.04    1.88
|     ---------------------------------
|     Total                1.05    1.91

|  PME Direct Force CPU Time:
|
|     Routine              Sec        %
|     ---------------------------------
|     NonBonded Calc      35.02   63.70
|     Exclude Masked       0.70    1.27
|     Other                0.22    0.39
|     ---------------------------------
|     Total               35.93   65.35

|  PME Reciprocal Force CPU Time:
|
|     Routine              Sec        %
|     ---------------------------------
|     1D bspline           0.56    1.03
|     Grid Charges         1.16    2.12
|     Scalar Sum           5.91   10.75
|     Gradient Sum         1.90    3.45
|     FFT                  6.62   12.05
|     ---------------------------------
|     Total               16.16   29.39

|  Setup CPU time:            0.17 seconds
|  NonSetup CPU time:        54.98 seconds
|  Total CPU time:           55.15 seconds     0.02 hours

|  Setup wall time:           0    seconds
|  NonSetup wall time:       55    seconds
|  Total wall time:          55    seconds     0.02 hours
