
          -------------------------------------------------------
          Amber 16 PMEMD                              2016
          -------------------------------------------------------

| PMEMD implementation of SANDER, Release 16

| Run on 11/03/2016 at 18:36:14

|   Executable path: pmemd.cuda
| Working directory: /home/german/exs/run/1m14/mhe/e
|          Hostname: Unknown
  [-O]verwriting output

File Assignments:
|   MDIN: 15equ.in                                                              
|  MDOUT: 15equ.out                                                             
| INPCRD: 14e1m14.rst7                                                          
|   PARM: 1m14.prmtop                                                           
| RESTRT: 15e1m14.rst7                                                          
|   REFC: 14e1m14.rst7                                                          
|  MDVEL: mdvel                                                                 
|   MDEN: mden                                                                  
|  MDCRD: 15e1m14.nc                                                            
| MDINFO: mdinfo                                                                
|  MDFRC: mdfrc                                                                 


 Here is the input file:

Equilibration with solute restrictions                                         
&cntrl                                                                         
imin = 0,                           ! No Minimization                          
nmropt = 0,                         ! No NMR restraints read                   
                                                                               
! Nature and format of the input                                               
ntx = 5,                            ! Coordinates but no velocities will be rea
irest = 1,                          ! Do not run a new simulation              
                                                                               
! Nature and format of the output                                              
ntxo = 1,                           ! rstrt file in ASCII format               
ntpr = 500,                         ! inf in output every ntpr steps           
ntwr = 500,                         ! rstrt file every ntwr steps              
ntwx = 500,                         ! mdcrd file every ntwx steps              
ntwv = 0,                           ! mdvel without velocities                 
ntwe = 0,                           ! Energies and temperatures not written in 
idecomp = 0,                        ! No energy decomposition                  
iwrap = 1,                          ! Coordinates of the restart and mdcrd file
                                                                               
! Frozen or restrained atoms                                                   
ibelly = 0,                         ! No frozen atoms                          
ntr=1,                              ! Harmonic potential restraints            
restraint_wt = 4.0,                ! The weight for the positional restraints  
restraintmask = ':1-277@N,CA,C,O',  ! restrained residues                      
                                                                               
! Molecular dynamics                                                           
nstlim = 50000,                     ! Number of MD-steps                       
dt = 0.002,                         ! Time step                                
                                                                               
! Temperature regulation                                                       
ntt = 3,                            ! Langevin thermostat                      
gamma_ln = 5,                       ! Gamma constant for Langevin              
!temp0 = 300.0,                     ! Reference T at which the system is to be 
tempi = 300.0,                      ! Initial T                                
ig = -1,                            ! Seed for the RNG                         
                                                                               
! P and V regulation                                                           
ntp = 1,                            ! Constant P. Isotropic scaling            
barostat = 1,                       ! Berendsen barostat                       
taup = 1,                           ! Pressure relaxation time                 
nrespa = 1,                         ! Evaluate at each step                    
ntb = 2,                            ! Periodic box for constant P              
                                                                               
! SHAKE variables                                                              
ntc = 2,                            ! Bonds involving H are constrained        
ntf = 2,                            ! Bond interaction involving H are ommited.
                                                                               
cut = 10.0,                         ! Nonbonded cutoff                         
/                                                                              
&end                                                                           


Note: ig = -1. Setting random seed to   829180 based on wallclock time in 
      microseconds.
 
|--------------------- INFORMATION ----------------------
| GPU (CUDA) Version of PMEMD in use: NVIDIA GPU IN USE.
|                    Version 16.0.0
| 
|                      02/25/2016
| 
| Implementation by:
|                    Ross C. Walker     (SDSC)
|                    Scott Le Grand     (nVIDIA)
| 
| Precision model in use:
|      [SPFP] - Single Precision Forces, 64-bit Fixed Point
|               Accumulation. (Default)
| 
|--------------------------------------------------------
 
|----------------- CITATION INFORMATION -----------------
|
|    When publishing work that utilized the CUDA version
|    of AMBER, please cite the following in addition to
|    the regular AMBER citations:
|
|  - Romelia Salomon-Ferrer; Andreas W. Goetz; Duncan
|    Poole; Scott Le Grand; Ross C. Walker "Routine
|    microsecond molecular dynamics simulations with
|    AMBER - Part II: Particle Mesh Ewald", J. Chem.
|    Theory Comput., 2013, 9 (9), pp3878-3888,
|    DOI: 10.1021/ct400314y.
|
|  - Andreas W. Goetz; Mark J. Williamson; Dong Xu;
|    Duncan Poole; Scott Le Grand; Ross C. Walker
|    "Routine microsecond molecular dynamics simulations
|    with AMBER - Part I: Generalized Born", J. Chem.
|    Theory Comput., 2012, 8 (5), pp1542-1555.
|
|  - Scott Le Grand; Andreas W. Goetz; Ross C. Walker
|    "SPFP: Speed without compromise - a mixed precision
|    model for GPU accelerated molecular dynamics
|    simulations.", Comp. Phys. Comm., 2013, 184
|    pp374-380, DOI: 10.1016/j.cpc.2012.09.022
|
|--------------------------------------------------------
 
|------------------- GPU DEVICE INFO --------------------
|
|            CUDA_VISIBLE_DEVICES: 1
|   CUDA Capable Devices Detected:      1
|           CUDA Device ID in use:      0
|                CUDA Device Name: GeForce GTX 1060 6GB
|     CUDA Device Global Mem Size:   6072 MB
| CUDA Device Num Multiprocessors:     10
|           CUDA Device Core Freq:   1.76 GHz
|
|--------------------------------------------------------
 
 
| Conditional Compilation Defines Used:
| PUBFFT
| BINTRAJ
| CUDA
| EMIL

| Largest sphere to fit in unit cell has radius =    33.266

| New format PARM file being parsed.
| Version =    1.000 Date = 11/02/16 Time = 18:58:44

| Note: 1-4 EEL scale factors are being read from the topology file.

| Note: 1-4 VDW scale factors are being read from the topology file.
| Duplicated    0 dihedrals

| Duplicated    0 dihedrals

--------------------------------------------------------------------------------
   1.  RESOURCE   USE: 
--------------------------------------------------------------------------------

 getting new box info from bottom of inpcrd
 NATOM  =   41788 NTYPES =      17 NBONH =   39561 MBONA  =    2274
 NTHETH =    5230 MTHETA =    3076 NPHIH =   10294 MPHIA  =    9773
 NHPARM =       0 NPARM  =       0 NNB   =   74758 NRES   =   12704
 NBONA  =    2274 NTHETA =    3076 NPHIA =    9773 NUMBND =      71
 NUMANG =     161 NPTRA  =     201 NATYP =      37 NPHB   =       1
 IFBOX  =       2 NMXRS  =      24 IFCAP =       0 NEXTRA =       0
 NCOPY  =       0

| Coordinate Index Table dimensions:    13   13   13
| Direct force subcell size =     6.2681    6.2681    6.2681

     BOX TYPE: TRUNCATED OCTAHEDRON

--------------------------------------------------------------------------------
   2.  CONTROL  DATA  FOR  THE  RUN
--------------------------------------------------------------------------------

default_name                                                                    

General flags:
     imin    =       0, nmropt  =       0

Nature and format of input:
     ntx     =       5, irest   =       1, ntrx    =       1

Nature and format of output:
     ntxo    =       1, ntpr    =     500, ntrx    =       1, ntwr    =     500
     iwrap   =       1, ntwx    =     500, ntwv    =       0, ntwe    =       0
     ioutfm  =       1, ntwprt  =       0, idecomp =       0, rbornstat=      0

Potential function:
     ntf     =       2, ntb     =       2, igb     =       0, nsnb    =      25
     ipol    =       0, gbsa    =       0, iesp    =       0
     dielc   =   1.00000, cut     =  10.00000, intdiel =   1.00000

Frozen or restrained atoms:
     ibelly  =       0, ntr     =       1
     restraint_wt =   4.00000

Molecular dynamics:
     nstlim  =     50000, nscm    =         0, nrespa  =         1
     t       =   0.00000, dt      =   0.00200, vlimit  =  -1.00000

Langevin dynamics temperature regulation:
     ig      =  829180
     temp0   = 300.00000, tempi   = 300.00000, gamma_ln=   5.00000

Pressure regulation:
     ntp     =       1
     pres0   =   1.00000, comp    =  44.60000, taup    =   1.00000

SHAKE:
     ntc     =       2, jfastw  =       0
     tol     =   0.00001

| Intermolecular bonds treatment:
|     no_intermolecular_bonds =       1

| Energy averages sample interval:
|     ene_avg_sampling =     500

Ewald parameters:
     verbose =       0, ew_type =       0, nbflag  =       1, use_pme =       1
     vdwmeth =       1, eedmeth =       1, netfrc  =       1
     Box X =   81.486   Box Y =   81.486   Box Z =   81.486
     Alpha =  109.471   Beta  =  109.471   Gamma =  109.471
     NFFT1 =   84       NFFT2 =   84       NFFT3 =   84
     Cutoff=   10.000   Tol   =0.100E-04
     Ewald Coefficient =  0.27511
     Interpolation order =    4

    LOADING THE CONSTRAINED ATOMS AS GROUPS


   5.  REFERENCE ATOM COORDINATES

  default_name                                                                    
     Mask :1-277@N,CA,C,O; matches  1108 atoms

--------------------------------------------------------------------------------
   3.  ATOMIC COORDINATES AND VELOCITIES
--------------------------------------------------------------------------------

default_name                                                                    
 begin time read from input coords =  1540.000 ps

 
 Number of triangulated 3-point waters found:    12424

     Sum of charges from parm topology file =  -0.00000014
     Forcing neutrality...

| Dynamic Memory, Types Used:
| Reals             1922650
| Integers          1476360

| Nonbonded Pairs Initial Allocation:    12639825

| GPU memory information (estimate):
| KB of GPU memory in use:    333977
| KB of CPU memory in use:     63449

--------------------------------------------------------------------------------
   4.  RESULTS
--------------------------------------------------------------------------------

 ---------------------------------------------------
 APPROXIMATING switch and d/dx switch using CUBIC SPLINE INTERPOLATION
 using   5000.0 points per unit in tabled values
 TESTING RELATIVE ERROR over r ranging from 0.0 to cutoff
| CHECK switch(x): max rel err =   0.2738E-14   at   2.422500
| CHECK d/dx switch(x): max rel err =   0.8314E-11   at   2.736960
 ---------------------------------------------------
|---------------------------------------------------
| APPROXIMATING direct energy using CUBIC SPLINE INTERPOLATION
|  with   50.0 points per unit in tabled values
| Relative Error Limit not exceeded for r .gt.   2.33
| APPROXIMATING direct force using CUBIC SPLINE INTERPOLATION
|  with   50.0 points per unit in tabled values
| Relative Error Limit not exceeded for r .gt.   2.80
|---------------------------------------------------
wrapping first mol.:       27.16383       38.41545       66.53751
wrapping first mol.:       27.16383       38.41545       66.53751

 NSTEP =      500   TIME(PS) =    1541.000  TEMP(K) =   300.59  PRESS =  -191.8
 Etot   =    -99898.1328  EKtot   =     25626.5312  EPtot      =   -125524.6640
 BOND   =       840.2943  ANGLE   =      2344.4093  DIHED      =      3469.9551
 1-4 NB =      1015.4681  1-4 EEL =     12225.6400  VDWAALS    =     14737.4386
 EELEC  =   -160334.0435  EHBOND  =         0.0000  RESTRAINT  =       176.1740
 EAMBER (non-restraint)  =   -125700.8380
 EKCMT  =     11122.9694  VIRIAL  =     12848.2600  VOLUME     =    416602.7091
                                                    Density    =         1.0188
 ------------------------------------------------------------------------------

wrapping first mol.:       27.16440       38.41626       66.53891
wrapping first mol.:       27.16440       38.41626       66.53891

 NSTEP =     1000   TIME(PS) =    1542.000  TEMP(K) =   297.42  PRESS =  -188.8
 Etot   =   -100418.4085  EKtot   =     25356.2520  EPtot      =   -125774.6605
 BOND   =       851.3951  ANGLE   =      2328.7242  DIHED      =      3440.5999
 1-4 NB =      1030.4390  1-4 EEL =     12251.8991  VDWAALS    =     14979.2458
 EELEC  =   -160840.4025  EHBOND  =         0.0000  RESTRAINT  =       183.4389
 EAMBER (non-restraint)  =   -125958.0994
 EKCMT  =     11097.0225  VIRIAL  =     12795.0091  VOLUME     =    416628.8753
                                                    Density    =         1.0187
 ------------------------------------------------------------------------------

wrapping first mol.:       27.17169       38.42658       66.55678
wrapping first mol.:       27.17169       38.42658       66.55678

 NSTEP =     1500   TIME(PS) =    1543.000  TEMP(K) =   296.77  PRESS =     9.2
 Etot   =   -100548.9962  EKtot   =     25300.9609  EPtot      =   -125849.9571
 BOND   =       804.9004  ANGLE   =      2394.3836  DIHED      =      3459.2349
 1-4 NB =      1042.1624  1-4 EEL =     12244.3165  VDWAALS    =     15148.1231
 EELEC  =   -161130.6190  EHBOND  =         0.0000  RESTRAINT  =       187.5408
 EAMBER (non-restraint)  =   -126037.4979
 EKCMT  =     11005.8021  VIRIAL  =     10922.9925  VOLUME     =    416957.1789
                                                    Density    =         1.0179
 ------------------------------------------------------------------------------

wrapping first mol.:       27.15442       38.40215       66.51447
wrapping first mol.:       27.15442       38.40215       66.51447

 NSTEP =     2000   TIME(PS) =    1544.000  TEMP(K) =   299.76  PRESS =   -93.9
 Etot   =   -100212.4606  EKtot   =     25555.8535  EPtot      =   -125768.3141
 BOND   =       826.1372  ANGLE   =      2278.7360  DIHED      =      3480.2309
 1-4 NB =      1030.5551  1-4 EEL =     12238.1169  VDWAALS    =     14951.5849
 EELEC  =   -160772.9321  EHBOND  =         0.0000  RESTRAINT  =       199.2569
 EAMBER (non-restraint)  =   -125967.5710
 EKCMT  =     11154.2302  VIRIAL  =     11997.8546  VOLUME     =    416166.4894
                                                    Density    =         1.0198
 ------------------------------------------------------------------------------

wrapping first mol.:       27.16353       38.41503       66.53678
wrapping first mol.:       27.16353       38.41503       66.53678

 NSTEP =     2500   TIME(PS) =    1545.000  TEMP(K) =   300.40  PRESS =   156.7
 Etot   =    -99971.0045  EKtot   =     25609.9785  EPtot      =   -125580.9831
 BOND   =       845.5399  ANGLE   =      2348.9929  DIHED      =      3463.7465
 1-4 NB =      1012.4375  1-4 EEL =     12204.4717  VDWAALS    =     14845.0012
 EELEC  =   -160493.5287  EHBOND  =         0.0000  RESTRAINT  =       192.3558
 EAMBER (non-restraint)  =   -125773.3388
 EKCMT  =     11187.7040  VIRIAL  =      9778.4162  VOLUME     =    416576.0176
                                                    Density    =         1.0188
 ------------------------------------------------------------------------------

wrapping first mol.:       27.16624       38.41887       66.54343
wrapping first mol.:       27.16624       38.41887       66.54343

 NSTEP =     3000   TIME(PS) =    1546.000  TEMP(K) =   299.29  PRESS =   131.2
 Etot   =   -100482.6061  EKtot   =     25515.9219  EPtot      =   -125998.5280
 BOND   =       852.5982  ANGLE   =      2307.4125  DIHED      =      3482.9729
 1-4 NB =      1019.9540  1-4 EEL =     12249.7255  VDWAALS    =     15236.4252
 EELEC  =   -161329.9368  EHBOND  =         0.0000  RESTRAINT  =       182.3205
 EAMBER (non-restraint)  =   -126180.8485
 EKCMT  =     11054.2357  VIRIAL  =      9873.4925  VOLUME     =    416701.8809
                                                    Density    =         1.0185
 ------------------------------------------------------------------------------

wrapping first mol.:       27.15166       38.39824       66.50770
wrapping first mol.:       27.15166       38.39824       66.50770

 NSTEP =     3500   TIME(PS) =    1547.000  TEMP(K) =   296.44  PRESS =    74.2
 Etot   =   -100457.8888  EKtot   =     25272.4219  EPtot      =   -125730.3106
 BOND   =       831.0016  ANGLE   =      2308.3311  DIHED      =      3473.8042
 1-4 NB =      1029.7911  1-4 EEL =     12233.2084  VDWAALS    =     15074.9080
 EELEC  =   -160879.4782  EHBOND  =         0.0000  RESTRAINT  =       198.1231
 EAMBER (non-restraint)  =   -125928.4338
 EKCMT  =     11062.9412  VIRIAL  =     10396.6454  VOLUME     =    416033.0862
                                                    Density    =         1.0202
 ------------------------------------------------------------------------------

wrapping first mol.:       27.14677       38.39132       66.49572
wrapping first mol.:       27.14677       38.39132       66.49572

 NSTEP =     4000   TIME(PS) =    1548.000  TEMP(K) =   300.15  PRESS =   -13.4
 Etot   =   -100044.4651  EKtot   =     25588.9961  EPtot      =   -125633.4612
 BOND   =       821.3952  ANGLE   =      2264.2223  DIHED      =      3503.1707
 1-4 NB =      1042.0363  1-4 EEL =     12283.5829  VDWAALS    =     14884.4005
 EELEC  =   -160616.9014  EHBOND  =         0.0000  RESTRAINT  =       184.6323
 EAMBER (non-restraint)  =   -125818.0935
 EKCMT  =     11116.2426  VIRIAL  =     11236.7199  VOLUME     =    415811.5626
                                                    Density    =         1.0207
 ------------------------------------------------------------------------------

wrapping first mol.:       27.15578       38.40407       66.51779
wrapping first mol.:       27.15578       38.40407       66.51779

 NSTEP =     4500   TIME(PS) =    1549.000  TEMP(K) =   299.54  PRESS =   -12.7
 Etot   =   -100214.9257  EKtot   =     25536.7988  EPtot      =   -125751.7245
 BOND   =       849.6644  ANGLE   =      2391.2210  DIHED      =      3504.3132
 1-4 NB =      1020.2022  1-4 EEL =     12254.5474  VDWAALS    =     15027.0255
 EELEC  =   -160996.5616  EHBOND  =         0.0000  RESTRAINT  =       197.8633
 EAMBER (non-restraint)  =   -125949.5878
 EKCMT  =     11109.2549  VIRIAL  =     11223.1497  VOLUME     =    416225.7153
                                                    Density    =         1.0197
 ------------------------------------------------------------------------------

wrapping first mol.:       27.16286       38.41409       66.53514
wrapping first mol.:       27.16286       38.41409       66.53514

 NSTEP =     5000   TIME(PS) =    1550.000  TEMP(K) =   301.89  PRESS =  -115.9
 Etot   =    -99853.1598  EKtot   =     25736.9297  EPtot      =   -125590.0895
 BOND   =       830.7987  ANGLE   =      2345.0246  DIHED      =      3514.8628
 1-4 NB =      1032.2498  1-4 EEL =     12269.0010  VDWAALS    =     14624.7364
 EELEC  =   -160401.4572  EHBOND  =         0.0000  RESTRAINT  =       194.6943
 EAMBER (non-restraint)  =   -125784.7838
 EKCMT  =     11256.3273  VIRIAL  =     12298.5274  VOLUME     =    416555.3880
                                                    Density    =         1.0189
 ------------------------------------------------------------------------------

wrapping first mol.:       27.16414       38.41589       66.53827
wrapping first mol.:       27.16414       38.41589       66.53827

 NSTEP =     5500   TIME(PS) =    1551.000  TEMP(K) =   300.41  PRESS =   -19.8
 Etot   =   -100061.8665  EKtot   =     25611.0020  EPtot      =   -125672.8685
 BOND   =       826.0307  ANGLE   =      2274.0044  DIHED      =      3474.1174
 1-4 NB =      1023.1315  1-4 EEL =     12209.7549  VDWAALS    =     14739.3956
 EELEC  =   -160422.4425  EHBOND  =         0.0000  RESTRAINT  =       203.1396
 EAMBER (non-restraint)  =   -125876.0080
 EKCMT  =     11154.1711  VIRIAL  =     11332.0909  VOLUME     =    416610.5176
                                                    Density    =         1.0188
 ------------------------------------------------------------------------------

wrapping first mol.:       27.18588       38.44664       66.59153
wrapping first mol.:       27.18588       38.44664       66.59153

 NSTEP =     6000   TIME(PS) =    1552.000  TEMP(K) =   299.85  PRESS =   -23.2
 Etot   =    -99827.3717  EKtot   =     25563.0586  EPtot      =   -125390.4303
 BOND   =       792.4853  ANGLE   =      2244.2784  DIHED      =      3498.6830
 1-4 NB =      1040.3838  1-4 EEL =     12285.2149  VDWAALS    =     15083.1051
 EELEC  =   -160524.5277  EHBOND  =         0.0000  RESTRAINT  =       189.9469
 EAMBER (non-restraint)  =   -125580.3772
 EKCMT  =     11159.7449  VIRIAL  =     11368.5087  VOLUME     =    417611.8358
                                                    Density    =         1.0163
 ------------------------------------------------------------------------------

wrapping first mol.:       27.19603       38.46099       66.61638
wrapping first mol.:       27.19603       38.46099       66.61638

 NSTEP =     6500   TIME(PS) =    1553.000  TEMP(K) =   300.33  PRESS =    99.9
 Etot   =   -100091.1097  EKtot   =     25604.5293  EPtot      =   -125695.6390
 BOND   =       874.0601  ANGLE   =      2388.4728  DIHED      =      3481.0999
 1-4 NB =      1009.6791  1-4 EEL =     12239.8906  VDWAALS    =     14855.7003
 EELEC  =   -160720.0165  EHBOND  =         0.0000  RESTRAINT  =       175.4747
 EAMBER (non-restraint)  =   -125871.1137
 EKCMT  =     11182.2357  VIRIAL  =     10280.2382  VOLUME     =    418074.9921
                                                    Density    =         1.0152
 ------------------------------------------------------------------------------

wrapping first mol.:       27.17973       38.43795       66.57647
wrapping first mol.:       27.17973       38.43795       66.57647

 NSTEP =     7000   TIME(PS) =    1554.000  TEMP(K) =   298.16  PRESS =   -13.2
 Etot   =   -100049.0730  EKtot   =     25419.1094  EPtot      =   -125468.1824
 BOND   =       876.2005  ANGLE   =      2330.0321  DIHED      =      3486.3159
 1-4 NB =      1014.6769  1-4 EEL =     12209.5887  VDWAALS    =     14850.3293
 EELEC  =   -160430.8469  EHBOND  =         0.0000  RESTRAINT  =       195.5211
 EAMBER (non-restraint)  =   -125663.7035
 EKCMT  =     11075.8055  VIRIAL  =     11194.8766  VOLUME     =    417328.3432
                                                    Density    =         1.0170
 ------------------------------------------------------------------------------

wrapping first mol.:       27.18921       38.45135       66.59968
wrapping first mol.:       27.18921       38.45135       66.59968

 NSTEP =     7500   TIME(PS) =    1555.000  TEMP(K) =   299.49  PRESS =   100.1
 Etot   =    -99791.8944  EKtot   =     25532.5430  EPtot      =   -125324.4374
 BOND   =       886.1610  ANGLE   =      2366.6189  DIHED      =      3472.0068
 1-4 NB =      1015.8628  1-4 EEL =     12239.7658  VDWAALS    =     14848.2132
 EELEC  =   -160349.8781  EHBOND  =         0.0000  RESTRAINT  =       196.8121
 EAMBER (non-restraint)  =   -125521.2496
 EKCMT  =     11166.4536  VIRIAL  =     10263.8265  VOLUME     =    417760.6709
                                                    Density    =         1.0160
 ------------------------------------------------------------------------------

wrapping first mol.:       27.16875       38.42241       66.54957
wrapping first mol.:       27.16875       38.42241       66.54957

 NSTEP =     8000   TIME(PS) =    1556.000  TEMP(K) =   299.92  PRESS =   121.4
 Etot   =    -99990.4666  EKtot   =     25569.1289  EPtot      =   -125559.5955
 BOND   =       829.7675  ANGLE   =      2425.1994  DIHED      =      3477.0268
 1-4 NB =      1015.8756  1-4 EEL =     12265.6729  VDWAALS    =     15152.0105
 EELEC  =   -160911.1882  EHBOND  =         0.0000  RESTRAINT  =       186.0400
 EAMBER (non-restraint)  =   -125745.6355
 EKCMT  =     11133.8886  VIRIAL  =     10041.7455  VOLUME     =    416817.5157
                                                    Density    =         1.0183
 ------------------------------------------------------------------------------

wrapping first mol.:       27.17471       38.43085       66.56417
wrapping first mol.:       27.17471       38.43085       66.56417

 NSTEP =     8500   TIME(PS) =    1557.000  TEMP(K) =   300.24  PRESS =    71.8
 Etot   =    -99908.4346  EKtot   =     25596.4062  EPtot      =   -125504.8409
 BOND   =       866.5596  ANGLE   =      2340.1993  DIHED      =      3487.4045
 1-4 NB =      1037.8444  1-4 EEL =     12236.7339  VDWAALS    =     15039.1561
 EELEC  =   -160706.9891  EHBOND  =         0.0000  RESTRAINT  =       194.2503
 EAMBER (non-restraint)  =   -125699.0912
 EKCMT  =     11119.3647  VIRIAL  =     10472.6436  VOLUME     =    417093.8981
                                                    Density    =         1.0176
 ------------------------------------------------------------------------------

wrapping first mol.:       27.17630       38.43308       66.56805
wrapping first mol.:       27.17630       38.43308       66.56805

 NSTEP =     9000   TIME(PS) =    1558.000  TEMP(K) =   300.90  PRESS =    22.6
 Etot   =    -99896.6726  EKtot   =     25653.1973  EPtot      =   -125549.8699
 BOND   =       869.4086  ANGLE   =      2439.8122  DIHED      =      3503.0549
 1-4 NB =      1034.8592  1-4 EEL =     12238.5145  VDWAALS    =     14978.0563
 EELEC  =   -160807.0870  EHBOND  =         0.0000  RESTRAINT  =       193.5115
 EAMBER (non-restraint)  =   -125743.3814
 EKCMT  =     11170.1006  VIRIAL  =     10966.6434  VOLUME     =    417168.5919
                                                    Density    =         1.0174
 ------------------------------------------------------------------------------

wrapping first mol.:       27.16397       38.41565       66.53786
wrapping first mol.:       27.16397       38.41565       66.53786

 NSTEP =     9500   TIME(PS) =    1559.000  TEMP(K) =   299.63  PRESS =   202.3
 Etot   =   -100062.8122  EKtot   =     25544.1797  EPtot      =   -125606.9919
 BOND   =       850.8955  ANGLE   =      2324.4096  DIHED      =      3462.3005
 1-4 NB =      1011.1753  1-4 EEL =     12308.7602  VDWAALS    =     15025.2976
 EELEC  =   -160787.5220  EHBOND  =         0.0000  RESTRAINT  =       197.6913
 EAMBER (non-restraint)  =   -125804.6832
 EKCMT  =     11145.3059  VIRIAL  =      9325.6176  VOLUME     =    416594.5538
                                                    Density    =         1.0188
 ------------------------------------------------------------------------------

wrapping first mol.:       27.17229       38.42742       66.55824
wrapping first mol.:       27.17229       38.42742       66.55824

 NSTEP =    10000   TIME(PS) =    1560.000  TEMP(K) =   298.64  PRESS =  -217.4
 Etot   =   -100205.2935  EKtot   =     25460.4160  EPtot      =   -125665.7095
 BOND   =       863.5691  ANGLE   =      2369.3332  DIHED      =      3466.4984
 1-4 NB =      1017.0235  1-4 EEL =     12233.4474  VDWAALS    =     14575.6792
 EELEC  =   -160383.1352  EHBOND  =         0.0000  RESTRAINT  =       191.8749
 EAMBER (non-restraint)  =   -125857.5843
 EKCMT  =     11035.1155  VIRIAL  =     12992.5173  VOLUME     =    416993.1164
                                                    Density    =         1.0178
 ------------------------------------------------------------------------------

wrapping first mol.:       27.18203       38.44119       66.58208
wrapping first mol.:       27.18203       38.44119       66.58208

 NSTEP =    10500   TIME(PS) =    1561.000  TEMP(K) =   300.27  PRESS =  -262.4
 Etot   =   -100092.5786  EKtot   =     25598.8789  EPtot      =   -125691.4575
 BOND   =       837.7459  ANGLE   =      2324.8677  DIHED      =      3453.8769
 1-4 NB =      1037.7207  1-4 EEL =     12221.3344  VDWAALS    =     14607.1621
 EELEC  =   -160360.8287  EHBOND  =         0.0000  RESTRAINT  =       186.6634
 EAMBER (non-restraint)  =   -125878.1209
 EKCMT  =     11123.5571  VIRIAL  =     13488.6663  VOLUME     =    417443.1293
                                                    Density    =         1.0167
 ------------------------------------------------------------------------------

wrapping first mol.:       27.16609       38.41865       66.54305
wrapping first mol.:       27.16609       38.41865       66.54305

 NSTEP =    11000   TIME(PS) =    1562.000  TEMP(K) =   300.73  PRESS =   -97.4
 Etot   =    -99982.2823  EKtot   =     25638.1035  EPtot      =   -125620.3858
 BOND   =       798.5135  ANGLE   =      2339.0505  DIHED      =      3467.3291
 1-4 NB =      1032.9188  1-4 EEL =     12279.7381  VDWAALS    =     15006.4907
 EELEC  =   -160728.6192  EHBOND  =         0.0000  RESTRAINT  =       184.1928
 EAMBER (non-restraint)  =   -125804.5786
 EKCMT  =     11245.8338  VIRIAL  =     12121.9920  VOLUME     =    416703.1725
                                                    Density    =         1.0185
 ------------------------------------------------------------------------------

wrapping first mol.:       27.18735       38.44872       66.59513
wrapping first mol.:       27.18735       38.44872       66.59513

 NSTEP =    11500   TIME(PS) =    1563.000  TEMP(K) =   299.85  PRESS =    31.5
 Etot   =   -100219.6839  EKtot   =     25563.1328  EPtot      =   -125782.8167
 BOND   =       891.1902  ANGLE   =      2302.5934  DIHED      =      3461.0704
 1-4 NB =      1021.9012  1-4 EEL =     12243.6841  VDWAALS    =     14779.3486
 EELEC  =   -160669.2074  EHBOND  =         0.0000  RESTRAINT  =       186.6029
 EAMBER (non-restraint)  =   -125969.4196
 EKCMT  =     11071.5555  VIRIAL  =     10787.5710  VOLUME     =    417677.6767
                                                    Density    =         1.0162
 ------------------------------------------------------------------------------

wrapping first mol.:       27.18500       38.44540       66.58938
wrapping first mol.:       27.18500       38.44540       66.58938

 NSTEP =    12000   TIME(PS) =    1564.000  TEMP(K) =   299.28  PRESS =    41.4
 Etot   =   -100413.6417  EKtot   =     25514.6504  EPtot      =   -125928.2921
 BOND   =       820.9183  ANGLE   =      2270.0860  DIHED      =      3490.8851
 1-4 NB =      1047.7769  1-4 EEL =     12292.9925  VDWAALS    =     15111.0671
 EELEC  =   -161150.2519  EHBOND  =         0.0000  RESTRAINT  =       188.2339
 EAMBER (non-restraint)  =   -126116.5260
 EKCMT  =     11118.2501  VIRIAL  =     10744.9746  VOLUME     =    417569.0701
                                                    Density    =         1.0164
 ------------------------------------------------------------------------------

wrapping first mol.:       27.18637       38.44733       66.59272
wrapping first mol.:       27.18637       38.44733       66.59272

 NSTEP =    12500   TIME(PS) =    1565.000  TEMP(K) =   299.50  PRESS =    95.3
 Etot   =    -99769.7285  EKtot   =     25533.0234  EPtot      =   -125302.7519
 BOND   =       825.3580  ANGLE   =      2337.3880  DIHED      =      3478.1721
 1-4 NB =      1016.3887  1-4 EEL =     12231.3120  VDWAALS    =     15028.0399
 EELEC  =   -160396.4937  EHBOND  =         0.0000  RESTRAINT  =       177.0832
 EAMBER (non-restraint)  =   -125479.8351
 EKCMT  =     11028.6152  VIRIAL  =     10169.5167  VOLUME     =    417629.9430
                                                    Density    =         1.0163
 ------------------------------------------------------------------------------

wrapping first mol.:       27.17577       38.43235       66.56677
wrapping first mol.:       27.17577       38.43235       66.56677

 NSTEP =    13000   TIME(PS) =    1566.000  TEMP(K) =   301.69  PRESS =   -31.1
 Etot   =   -100069.4663  EKtot   =     25720.3066  EPtot      =   -125789.7730
 BOND   =       846.8395  ANGLE   =      2369.1948  DIHED      =      3466.8625
 1-4 NB =      1016.8480  1-4 EEL =     12296.1853  VDWAALS    =     14981.3968
 EELEC  =   -160959.7495  EHBOND  =         0.0000  RESTRAINT  =       192.6496
 EAMBER (non-restraint)  =   -125982.4226
 EKCMT  =     10934.6751  VIRIAL  =     11214.3607  VOLUME     =    417146.5884
                                                    Density    =         1.0175
 ------------------------------------------------------------------------------

wrapping first mol.:       27.17846       38.43615       66.57335
wrapping first mol.:       27.17846       38.43615       66.57335

 NSTEP =    13500   TIME(PS) =    1567.000  TEMP(K) =   301.00  PRESS =   374.3
 Etot   =    -99924.1252  EKtot   =     25661.3516  EPtot      =   -125585.4768
 BOND   =       862.8060  ANGLE   =      2311.8514  DIHED      =      3493.8432
 1-4 NB =      1027.5386  1-4 EEL =     12238.4118  VDWAALS    =     15306.6185
 EELEC  =   -161014.2601  EHBOND  =         0.0000  RESTRAINT  =       187.7137
 EAMBER (non-restraint)  =   -125773.1905
 EKCMT  =     11153.1034  VIRIAL  =      7780.8107  VOLUME     =    417255.2581
                                                    Density    =         1.0172
 ------------------------------------------------------------------------------

wrapping first mol.:       27.18021       38.43862       66.57764
wrapping first mol.:       27.18021       38.43862       66.57764

 NSTEP =    14000   TIME(PS) =    1568.000  TEMP(K) =   301.41  PRESS =  -239.8
 Etot   =    -99656.7330  EKtot   =     25696.4375  EPtot      =   -125353.1705
 BOND   =       876.2699  ANGLE   =      2387.6064  DIHED      =      3465.7450
 1-4 NB =      1024.4002  1-4 EEL =     12211.0162  VDWAALS    =     14761.3055
 EELEC  =   -160275.6382  EHBOND  =         0.0000  RESTRAINT  =       196.1245
 EAMBER (non-restraint)  =   -125549.2950
 EKCMT  =     11251.8057  VIRIAL  =     13412.6771  VOLUME     =    417358.6644
                                                    Density    =         1.0169
 ------------------------------------------------------------------------------

wrapping first mol.:       27.16262       38.41374       66.53455
wrapping first mol.:       27.16262       38.41374       66.53455

 NSTEP =    14500   TIME(PS) =    1569.000  TEMP(K) =   300.22  PRESS =    98.4
 Etot   =   -100000.8740  EKtot   =     25594.6641  EPtot      =   -125595.5381
 BOND   =       865.8107  ANGLE   =      2327.6803  DIHED      =      3503.7090
 1-4 NB =      1019.2208  1-4 EEL =     12262.1426  VDWAALS    =     14819.9026
 EELEC  =   -160593.1283  EHBOND  =         0.0000  RESTRAINT  =       199.1242
 EAMBER (non-restraint)  =   -125794.6623
 EKCMT  =     11160.0698  VIRIAL  =     10275.1328  VOLUME     =    416536.2082
                                                    Density    =         1.0189
 ------------------------------------------------------------------------------

wrapping first mol.:       27.17282       38.42817       66.55954
wrapping first mol.:       27.17282       38.42817       66.55954

 NSTEP =    15000   TIME(PS) =    1570.000  TEMP(K) =   299.06  PRESS =  -154.6
 Etot   =    -99907.3049  EKtot   =     25496.2129  EPtot      =   -125403.5178
 BOND   =       864.6520  ANGLE   =      2347.6091  DIHED      =      3462.8766
 1-4 NB =      1020.5699  1-4 EEL =     12258.8046  VDWAALS    =     14925.4746
 EELEC  =   -160460.8548  EHBOND  =         0.0000  RESTRAINT  =       177.3501
 EAMBER (non-restraint)  =   -125580.8679
 EKCMT  =     11098.6293  VIRIAL  =     12490.3554  VOLUME     =    417015.2374
                                                    Density    =         1.0178
 ------------------------------------------------------------------------------

wrapping first mol.:       27.15736       38.40630       66.52166
wrapping first mol.:       27.15736       38.40630       66.52166

 NSTEP =    15500   TIME(PS) =    1571.000  TEMP(K) =   300.30  PRESS =   112.7
 Etot   =   -100106.0731  EKtot   =     25601.8887  EPtot      =   -125707.9618
 BOND   =       873.0807  ANGLE   =      2355.3488  DIHED      =      3449.5547
 1-4 NB =      1008.9541  1-4 EEL =     12217.4356  VDWAALS    =     14985.8771
 EELEC  =   -160797.0373  EHBOND  =         0.0000  RESTRAINT  =       198.8246
 EAMBER (non-restraint)  =   -125906.7864
 EKCMT  =     11042.5184  VIRIAL  =     10029.4355  VOLUME     =    416293.6562
                                                    Density    =         1.0195
 ------------------------------------------------------------------------------

wrapping first mol.:       27.15959       38.40946       66.52713
wrapping first mol.:       27.15959       38.40946       66.52713

 NSTEP =    16000   TIME(PS) =    1572.000  TEMP(K) =   298.22  PRESS =    76.1
 Etot   =   -100178.0199  EKtot   =     25424.5996  EPtot      =   -125602.6195
 BOND   =       812.9806  ANGLE   =      2349.2091  DIHED      =      3499.5485
 1-4 NB =      1036.4335  1-4 EEL =     12288.4793  VDWAALS    =     14931.5187
 EELEC  =   -160701.3243  EHBOND  =         0.0000  RESTRAINT  =       180.5350
 EAMBER (non-restraint)  =   -125783.1545
 EKCMT  =     11080.4925  VIRIAL  =     10395.9682  VOLUME     =    416397.7646
                                                    Density    =         1.0193
 ------------------------------------------------------------------------------

wrapping first mol.:       27.16771       38.42094       66.54702
wrapping first mol.:       27.16771       38.42094       66.54702

 NSTEP =    16500   TIME(PS) =    1573.000  TEMP(K) =   301.51  PRESS =  -105.2
 Etot   =    -99936.3041  EKtot   =     25704.7500  EPtot      =   -125641.0541
 BOND   =       809.1475  ANGLE   =      2290.6878  DIHED      =      3474.6436
 1-4 NB =      1022.5716  1-4 EEL =     12332.2950  VDWAALS    =     14798.9534
 EELEC  =   -160551.8616  EHBOND  =         0.0000  RESTRAINT  =       182.5084
 EAMBER (non-restraint)  =   -125823.5626
 EKCMT  =     11214.9582  VIRIAL  =     12161.4106  VOLUME     =    416778.1809
                                                    Density    =         1.0184
 ------------------------------------------------------------------------------

wrapping first mol.:       27.16031       38.41047       66.52888
wrapping first mol.:       27.16031       38.41047       66.52888

 NSTEP =    17000   TIME(PS) =    1574.000  TEMP(K) =   300.57  PRESS =  -106.1
 Etot   =    -99847.9639  EKtot   =     25624.3281  EPtot      =   -125472.2920
 BOND   =       853.0960  ANGLE   =      2356.9144  DIHED      =      3468.2419
 1-4 NB =      1010.4276  1-4 EEL =     12211.1350  VDWAALS    =     14856.0788
 EELEC  =   -160421.3183  EHBOND  =         0.0000  RESTRAINT  =       193.1325
 EAMBER (non-restraint)  =   -125665.4246
 EKCMT  =     11159.5468  VIRIAL  =     12113.4452  VOLUME     =    416437.4420
                                                    Density    =         1.0192
 ------------------------------------------------------------------------------

wrapping first mol.:       27.17211       38.42716       66.55780
wrapping first mol.:       27.17211       38.42716       66.55780

 NSTEP =    17500   TIME(PS) =    1575.000  TEMP(K) =   302.42  PRESS =   207.8
 Etot   =    -99584.1916  EKtot   =     25782.2656  EPtot      =   -125366.4572
 BOND   =       810.8657  ANGLE   =      2338.1102  DIHED      =      3464.5039
 1-4 NB =      1030.7255  1-4 EEL =     12247.8160  VDWAALS    =     14875.0059
 EELEC  =   -160302.0586  EHBOND  =         0.0000  RESTRAINT  =       168.5742
 EAMBER (non-restraint)  =   -125535.0314
 EKCMT  =     11244.8571  VIRIAL  =      9374.0947  VOLUME     =    416968.9912
                                                    Density    =         1.0179
 ------------------------------------------------------------------------------

wrapping first mol.:       27.19444       38.45875       66.61250
wrapping first mol.:       27.19444       38.45875       66.61250

 NSTEP =    18000   TIME(PS) =    1576.000  TEMP(K) =   302.63  PRESS =    49.8
 Etot   =    -99507.1222  EKtot   =     25800.1758  EPtot      =   -125307.2980
 BOND   =       859.2587  ANGLE   =      2349.5600  DIHED      =      3473.4373
 1-4 NB =      1017.3176  1-4 EEL =     12296.3906  VDWAALS    =     14855.5534
 EELEC  =   -160344.6576  EHBOND  =         0.0000  RESTRAINT  =       185.8422
 EAMBER (non-restraint)  =   -125493.1402
 EKCMT  =     11266.1059  VIRIAL  =     10816.5427  VOLUME     =    418003.8406
                                                    Density    =         1.0154
 ------------------------------------------------------------------------------

wrapping first mol.:       27.18061       38.43918       66.57862
wrapping first mol.:       27.18061       38.43918       66.57862

 NSTEP =    18500   TIME(PS) =    1577.000  TEMP(K) =   300.36  PRESS =  -122.7
 Etot   =    -99989.9601  EKtot   =     25607.0391  EPtot      =   -125596.9992
 BOND   =       840.5443  ANGLE   =      2342.4946  DIHED      =      3466.9635
 1-4 NB =      1026.6811  1-4 EEL =     12271.7829  VDWAALS    =     15061.6810
 EELEC  =   -160787.9320  EHBOND  =         0.0000  RESTRAINT  =       180.7854
 EAMBER (non-restraint)  =   -125777.7846
 EKCMT  =     11139.2450  VIRIAL  =     12245.2572  VOLUME     =    417372.6914
                                                    Density    =         1.0169
 ------------------------------------------------------------------------------

wrapping first mol.:       27.16471       38.41670       66.53967
wrapping first mol.:       27.16471       38.41670       66.53967

 NSTEP =    19000   TIME(PS) =    1578.000  TEMP(K) =   300.16  PRESS =   -98.9
 Etot   =    -99776.4436  EKtot   =     25589.6309  EPtot      =   -125366.0745
 BOND   =       840.8464  ANGLE   =      2394.7178  DIHED      =      3523.4612
 1-4 NB =      1035.6219  1-4 EEL =     12335.2910  VDWAALS    =     14871.7356
 EELEC  =   -160545.9871  EHBOND  =         0.0000  RESTRAINT  =       178.2387
 EAMBER (non-restraint)  =   -125544.3132
 EKCMT  =     11254.2196  VIRIAL  =     12143.8198  VOLUME     =    416639.8902
                                                    Density    =         1.0187
 ------------------------------------------------------------------------------

wrapping first mol.:       27.15371       38.40115       66.51273
wrapping first mol.:       27.15371       38.40115       66.51273

 NSTEP =    19500   TIME(PS) =    1579.000  TEMP(K) =   300.07  PRESS =   -60.9
 Etot   =    -99594.0188  EKtot   =     25581.8906  EPtot      =   -125175.9094
 BOND   =       865.7584  ANGLE   =      2368.1020  DIHED      =      3503.8739
 1-4 NB =      1027.5713  1-4 EEL =     12290.3592  VDWAALS    =     14801.1770
 EELEC  =   -160219.8087  EHBOND  =         0.0000  RESTRAINT  =       187.0575
 EAMBER (non-restraint)  =   -125362.9669
 EKCMT  =     11138.3893  VIRIAL  =     11685.3930  VOLUME     =    416132.5914
                                                    Density    =         1.0199
 ------------------------------------------------------------------------------

wrapping first mol.:       27.15259       38.39956       66.50999
wrapping first mol.:       27.15259       38.39956       66.50999

 NSTEP =    20000   TIME(PS) =    1580.000  TEMP(K) =   300.58  PRESS =   178.8
 Etot   =    -99967.0449  EKtot   =     25625.6328  EPtot      =   -125592.6777
 BOND   =       835.1449  ANGLE   =      2358.8286  DIHED      =      3490.8692
 1-4 NB =      1036.1296  1-4 EEL =     12306.2298  VDWAALS    =     15173.1326
 EELEC  =   -160972.4736  EHBOND  =         0.0000  RESTRAINT  =       179.4611
 EAMBER (non-restraint)  =   -125772.1389
 EKCMT  =     11271.5996  VIRIAL  =      9665.5476  VOLUME     =    416072.1901
                                                    Density    =         1.0201
 ------------------------------------------------------------------------------

wrapping first mol.:       27.13861       38.37978       66.47573
wrapping first mol.:       27.13861       38.37978       66.47573

 NSTEP =    20500   TIME(PS) =    1581.000  TEMP(K) =   299.93  PRESS =   -19.7
 Etot   =   -100091.1213  EKtot   =     25570.0547  EPtot      =   -125661.1760
 BOND   =       797.6413  ANGLE   =      2303.3106  DIHED      =      3468.7566
 1-4 NB =      1030.1247  1-4 EEL =     12261.1822  VDWAALS    =     15130.0580
 EELEC  =   -160847.4132  EHBOND  =         0.0000  RESTRAINT  =       195.1639
 EAMBER (non-restraint)  =   -125856.3399
 EKCMT  =     11156.0631  VIRIAL  =     11333.0189  VOLUME     =    415436.8868
                                                    Density    =         1.0216
 ------------------------------------------------------------------------------

wrapping first mol.:       27.14859       38.39391       66.50020
wrapping first mol.:       27.14859       38.39391       66.50020

 NSTEP =    21000   TIME(PS) =    1582.000  TEMP(K) =   299.94  PRESS =    23.7
 Etot   =   -100115.0905  EKtot   =     25571.1992  EPtot      =   -125686.2897
 BOND   =       889.3444  ANGLE   =      2339.8327  DIHED      =      3516.4081
 1-4 NB =      1052.1526  1-4 EEL =     12263.3185  VDWAALS    =     14627.3333
 EELEC  =   -160568.0143  EHBOND  =         0.0000  RESTRAINT  =       193.3350
 EAMBER (non-restraint)  =   -125879.6247
 EKCMT  =     11076.6495  VIRIAL  =     10863.8854  VOLUME     =    415894.1949
                                                    Density    =         1.0205
 ------------------------------------------------------------------------------

wrapping first mol.:       27.15537       38.40349       66.51679
wrapping first mol.:       27.15537       38.40349       66.51679

 NSTEP =    21500   TIME(PS) =    1583.000  TEMP(K) =   297.80  PRESS =   -59.7
 Etot   =   -100557.3850  EKtot   =     25388.0918  EPtot      =   -125945.4768
 BOND   =       809.1250  ANGLE   =      2368.0215  DIHED      =      3486.4832
 1-4 NB =      1026.2279  1-4 EEL =     12270.2289  VDWAALS    =     15128.8631
 EELEC  =   -161228.2759  EHBOND  =         0.0000  RESTRAINT  =       193.8496
 EAMBER (non-restraint)  =   -126139.3263
 EKCMT  =     11105.5223  VIRIAL  =     11641.6608  VOLUME     =    416208.7755
                                                    Density    =         1.0197
 ------------------------------------------------------------------------------

wrapping first mol.:       27.16776       38.42101       66.54714
wrapping first mol.:       27.16776       38.42101       66.54714

 NSTEP =    22000   TIME(PS) =    1584.000  TEMP(K) =   298.19  PRESS =    28.3
 Etot   =    -99976.6725  EKtot   =     25422.0117  EPtot      =   -125398.6842
 BOND   =       851.4134  ANGLE   =      2350.1072  DIHED      =      3472.1991
 1-4 NB =      1026.9797  1-4 EEL =     12255.7582  VDWAALS    =     14932.5025
 EELEC  =   -160496.3923  EHBOND  =         0.0000  RESTRAINT  =       208.7481
 EAMBER (non-restraint)  =   -125607.4323
 EKCMT  =     11123.1206  VIRIAL  =     10868.3339  VOLUME     =    416775.4612
                                                    Density    =         1.0184
 ------------------------------------------------------------------------------

wrapping first mol.:       27.15109       38.39744       66.50632
wrapping first mol.:       27.15109       38.39744       66.50632

 NSTEP =    22500   TIME(PS) =    1585.000  TEMP(K) =   301.18  PRESS =    50.4
 Etot   =    -99824.3227  EKtot   =     25677.0547  EPtot      =   -125501.3774
 BOND   =       836.1889  ANGLE   =      2392.9715  DIHED      =      3474.5685
 1-4 NB =      1034.0914  1-4 EEL =     12245.0406  VDWAALS    =     14927.1673
 EELEC  =   -160608.2164  EHBOND  =         0.0000  RESTRAINT  =       196.8109
 EAMBER (non-restraint)  =   -125698.1883
 EKCMT  =     11092.7277  VIRIAL  =     10640.4034  VOLUME     =    416008.0849
                                                    Density    =         1.0202
 ------------------------------------------------------------------------------

wrapping first mol.:       27.16359       38.41511       66.53692
wrapping first mol.:       27.16359       38.41511       66.53692

 NSTEP =    23000   TIME(PS) =    1586.000  TEMP(K) =   300.95  PRESS =   -41.1
 Etot   =    -99862.5049  EKtot   =     25656.7910  EPtot      =   -125519.2959
 BOND   =       856.4522  ANGLE   =      2333.8757  DIHED      =      3472.0221
 1-4 NB =      1022.1900  1-4 EEL =     12262.6719  VDWAALS    =     15072.4027
 EELEC  =   -160734.0261  EHBOND  =         0.0000  RESTRAINT  =       195.1155
 EAMBER (non-restraint)  =   -125714.4114
 EKCMT  =     11163.6842  VIRIAL  =     11532.9729  VOLUME     =    416586.0571
                                                    Density    =         1.0188
 ------------------------------------------------------------------------------

wrapping first mol.:       27.16036       38.41055       66.52902
wrapping first mol.:       27.16036       38.41055       66.52902

 NSTEP =    23500   TIME(PS) =    1587.000  TEMP(K) =   299.80  PRESS =    48.8
 Etot   =   -100211.1564  EKtot   =     25558.9199  EPtot      =   -125770.0763
 BOND   =       862.1592  ANGLE   =      2314.1053  DIHED      =      3506.3952
 1-4 NB =      1028.4565  1-4 EEL =     12313.2353  VDWAALS    =     14978.7039
 EELEC  =   -160980.9924  EHBOND  =         0.0000  RESTRAINT  =       207.8607
 EAMBER (non-restraint)  =   -125977.9370
 EKCMT  =     11096.7463  VIRIAL  =     10657.7937  VOLUME     =    416434.3220
                                                    Density    =         1.0192
 ------------------------------------------------------------------------------

wrapping first mol.:       27.16756       38.42073       66.54665
wrapping first mol.:       27.16756       38.42073       66.54665

 NSTEP =    24000   TIME(PS) =    1588.000  TEMP(K) =   299.67  PRESS =    28.2
 Etot   =   -100089.2232  EKtot   =     25547.8223  EPtot      =   -125637.0455
 BOND   =       819.9888  ANGLE   =      2315.4585  DIHED      =      3462.8182
 1-4 NB =      1028.1931  1-4 EEL =     12314.5049  VDWAALS    =     14942.2047
 EELEC  =   -160699.0653  EHBOND  =         0.0000  RESTRAINT  =       178.8516
 EAMBER (non-restraint)  =   -125815.8971
 EKCMT  =     11131.4130  VIRIAL  =     10877.3371  VOLUME     =    416766.1332
                                                    Density    =         1.0184
 ------------------------------------------------------------------------------

wrapping first mol.:       27.16009       38.41016       66.52835
wrapping first mol.:       27.16009       38.41016       66.52835

 NSTEP =    24500   TIME(PS) =    1589.000  TEMP(K) =   301.60  PRESS =  -106.4
 Etot   =    -99984.5999  EKtot   =     25712.3633  EPtot      =   -125696.9632
 BOND   =       854.7034  ANGLE   =      2280.4866  DIHED      =      3480.5227
 1-4 NB =      1034.5447  1-4 EEL =     12246.1601  VDWAALS    =     14585.8292
 EELEC  =   -160367.4459  EHBOND  =         0.0000  RESTRAINT  =       188.2359
 EAMBER (non-restraint)  =   -125885.1991
 EKCMT  =     11157.9999  VIRIAL  =     12115.0422  VOLUME     =    416427.4908
                                                    Density    =         1.0192
 ------------------------------------------------------------------------------

wrapping first mol.:       27.15673       38.40541       66.52012
wrapping first mol.:       27.15673       38.40541       66.52012

 NSTEP =    25000   TIME(PS) =    1590.000  TEMP(K) =   301.24  PRESS =  -241.5
 Etot   =   -100037.1768  EKtot   =     25681.9102  EPtot      =   -125719.0870
 BOND   =       855.4453  ANGLE   =      2311.4349  DIHED      =      3468.2327
 1-4 NB =      1012.9937  1-4 EEL =     12273.7621  VDWAALS    =     14668.2840
 EELEC  =   -160504.2570  EHBOND  =         0.0000  RESTRAINT  =       195.0173
 EAMBER (non-restraint)  =   -125914.1043
 EKCMT  =     11192.4117  VIRIAL  =     13363.0583  VOLUME     =    416278.0358
                                                    Density    =         1.0196
 ------------------------------------------------------------------------------

wrapping first mol.:       27.16260       38.41372       66.53451
wrapping first mol.:       27.16260       38.41372       66.53451

 NSTEP =    25500   TIME(PS) =    1591.000  TEMP(K) =   303.28  PRESS =    85.3
 Etot   =    -99748.9171  EKtot   =     25856.0195  EPtot      =   -125604.9366
 BOND   =       856.5623  ANGLE   =      2352.5103  DIHED      =      3507.8476
 1-4 NB =      1027.7392  1-4 EEL =     12240.5985  VDWAALS    =     14894.4074
 EELEC  =   -160674.7249  EHBOND  =         0.0000  RESTRAINT  =       190.1229
 EAMBER (non-restraint)  =   -125795.0596
 EKCMT  =     11261.9191  VIRIAL  =     10495.1167  VOLUME     =    416536.0924
                                                    Density    =         1.0189
 ------------------------------------------------------------------------------

wrapping first mol.:       27.16956       38.42356       66.55156
wrapping first mol.:       27.16956       38.42356       66.55156

 NSTEP =    26000   TIME(PS) =    1592.000  TEMP(K) =   300.89  PRESS =   -16.6
 Etot   =    -99761.8159  EKtot   =     25652.3320  EPtot      =   -125414.1480
 BOND   =       844.6345  ANGLE   =      2336.8489  DIHED      =      3495.9631
 1-4 NB =      1025.9775  1-4 EEL =     12261.5446  VDWAALS    =     14568.7670
 EELEC  =   -160144.3035  EHBOND  =         0.0000  RESTRAINT  =       196.4200
 EAMBER (non-restraint)  =   -125610.5679
 EKCMT  =     11166.5063  VIRIAL  =     11315.9965  VOLUME     =    416860.0374
                                                    Density    =         1.0182
 ------------------------------------------------------------------------------

wrapping first mol.:       27.17260       38.42786       66.55900
wrapping first mol.:       27.17260       38.42786       66.55900

 NSTEP =    26500   TIME(PS) =    1593.000  TEMP(K) =   302.18  PRESS =    64.7
 Etot   =    -99658.1590  EKtot   =     25761.6309  EPtot      =   -125419.7898
 BOND   =       850.8738  ANGLE   =      2310.7157  DIHED      =      3492.3047
 1-4 NB =      1021.1826  1-4 EEL =     12214.6151  VDWAALS    =     14919.5901
 EELEC  =   -160415.7107  EHBOND  =         0.0000  RESTRAINT  =       186.6390
 EAMBER (non-restraint)  =   -125606.4288
 EKCMT  =     11213.1464  VIRIAL  =     10630.3610  VOLUME     =    416996.9098
                                                    Density    =         1.0178
 ------------------------------------------------------------------------------

wrapping first mol.:       27.18250       38.44186       66.58326
wrapping first mol.:       27.18250       38.44186       66.58326

 NSTEP =    27000   TIME(PS) =    1594.000  TEMP(K) =   299.77  PRESS =  -185.9
 Etot   =   -100105.7731  EKtot   =     25556.8633  EPtot      =   -125662.6364
 BOND   =       865.8195  ANGLE   =      2330.8987  DIHED      =      3466.6896
 1-4 NB =      1039.4027  1-4 EEL =     12284.8804  VDWAALS    =     14937.4982
 EELEC  =   -160782.0301  EHBOND  =         0.0000  RESTRAINT  =       194.2047
 EAMBER (non-restraint)  =   -125856.8412
 EKCMT  =     11052.6644  VIRIAL  =     12728.4644  VOLUME     =    417462.3589
                                                    Density    =         1.0167
 ------------------------------------------------------------------------------

wrapping first mol.:       27.19406       38.45821       66.61156
wrapping first mol.:       27.19406       38.45821       66.61156

 NSTEP =    27500   TIME(PS) =    1595.000  TEMP(K) =   299.22  PRESS =   -56.3
 Etot   =   -100035.9106  EKtot   =     25509.2598  EPtot      =   -125545.1703
 BOND   =       842.7208  ANGLE   =      2290.8452  DIHED      =      3496.1693
 1-4 NB =      1017.0927  1-4 EEL =     12246.0757  VDWAALS    =     14887.8654
 EELEC  =   -160530.2317  EHBOND  =         0.0000  RESTRAINT  =       204.2922
 EAMBER (non-restraint)  =   -125749.4626
 EKCMT  =     11202.4027  VIRIAL  =     11710.6620  VOLUME     =    417990.1238
                                                    Density    =         1.0154
 ------------------------------------------------------------------------------

wrapping first mol.:       27.17960       38.43775       66.57613
wrapping first mol.:       27.17960       38.43775       66.57613

 NSTEP =    28000   TIME(PS) =    1596.000  TEMP(K) =   299.81  PRESS =   -83.8
 Etot   =    -99719.1023  EKtot   =     25559.5762  EPtot      =   -125278.6785
 BOND   =       867.5914  ANGLE   =      2303.8937  DIHED      =      3505.9259
 1-4 NB =      1021.2365  1-4 EEL =     12271.3702  VDWAALS    =     14814.2971
 EELEC  =   -160252.9981  EHBOND  =         0.0000  RESTRAINT  =       190.0047
 EAMBER (non-restraint)  =   -125468.6832
 EKCMT  =     11091.8465  VIRIAL  =     11846.5735  VOLUME     =    417324.5551
                                                    Density    =         1.0170
 ------------------------------------------------------------------------------

wrapping first mol.:       27.17246       38.42766       66.55865
wrapping first mol.:       27.17246       38.42766       66.55865

 NSTEP =    28500   TIME(PS) =    1597.000  TEMP(K) =   298.12  PRESS =  -122.9
 Etot   =   -100055.2780  EKtot   =     25415.6387  EPtot      =   -125470.9167
 BOND   =       867.3939  ANGLE   =      2340.6665  DIHED      =      3476.8152
 1-4 NB =      1057.4031  1-4 EEL =     12350.7810  VDWAALS    =     14835.4330
 EELEC  =   -160600.0067  EHBOND  =         0.0000  RESTRAINT  =       200.5972
 EAMBER (non-restraint)  =   -125671.5139
 EKCMT  =     11054.4707  VIRIAL  =     12160.6408  VOLUME     =    416997.4120
                                                    Density    =         1.0178
 ------------------------------------------------------------------------------

wrapping first mol.:       27.15608       38.40450       66.51854
wrapping first mol.:       27.15608       38.40450       66.51854

 NSTEP =    29000   TIME(PS) =    1598.000  TEMP(K) =   299.99  PRESS =   -18.0
 Etot   =    -99742.2012  EKtot   =     25575.4277  EPtot      =   -125317.6289
 BOND   =       820.1378  ANGLE   =      2391.0471  DIHED      =      3461.6591
 1-4 NB =      1021.4659  1-4 EEL =     12273.8391  VDWAALS    =     14948.9803
 EELEC  =   -160425.8910  EHBOND  =         0.0000  RESTRAINT  =       191.1327
 EAMBER (non-restraint)  =   -125508.7616
 EKCMT  =     11141.4478  VIRIAL  =     11303.2298  VOLUME     =    416239.9607
                                                    Density    =         1.0197
 ------------------------------------------------------------------------------

wrapping first mol.:       27.14754       38.39242       66.49762
wrapping first mol.:       27.14754       38.39242       66.49762

 NSTEP =    29500   TIME(PS) =    1599.000  TEMP(K) =   300.24  PRESS =  -180.8
 Etot   =   -100182.7807  EKtot   =     25596.2305  EPtot      =   -125779.0112
 BOND   =       806.6306  ANGLE   =      2313.6012  DIHED      =      3497.4277
 1-4 NB =      1032.1348  1-4 EEL =     12261.2100  VDWAALS    =     14887.0043
 EELEC  =   -160762.8260  EHBOND  =         0.0000  RESTRAINT  =       185.8064
 EAMBER (non-restraint)  =   -125964.8176
 EKCMT  =     11191.8304  VIRIAL  =     12815.1213  VOLUME     =    415853.4150
                                                    Density    =         1.0206
 ------------------------------------------------------------------------------

wrapping first mol.:       27.15949       38.40931       66.52687
wrapping first mol.:       27.15949       38.40931       66.52687

 NSTEP =    30000   TIME(PS) =    1600.000  TEMP(K) =   300.48  PRESS =    -5.4
 Etot   =    -99900.2899  EKtot   =     25616.9785  EPtot      =   -125517.2684
 BOND   =       860.8030  ANGLE   =      2317.0328  DIHED      =      3510.6495
 1-4 NB =      1058.3833  1-4 EEL =     12248.6918  VDWAALS    =     14989.2482
 EELEC  =   -160689.8343  EHBOND  =         0.0000  RESTRAINT  =       187.7571
 EAMBER (non-restraint)  =   -125705.0256
 EKCMT  =     11165.2996  VIRIAL  =     11213.8737  VOLUME     =    416395.9955
                                                    Density    =         1.0193
 ------------------------------------------------------------------------------

wrapping first mol.:       27.15789       38.40706       66.52297
wrapping first mol.:       27.15789       38.40706       66.52297

 NSTEP =    30500   TIME(PS) =    1601.000  TEMP(K) =   301.20  PRESS =   127.1
 Etot   =    -99824.6983  EKtot   =     25678.1992  EPtot      =   -125502.8975
 BOND   =       798.7162  ANGLE   =      2295.1955  DIHED      =      3495.0099
 1-4 NB =      1036.9144  1-4 EEL =     12250.2452  VDWAALS    =     15038.5247
 EELEC  =   -160623.2510  EHBOND  =         0.0000  RESTRAINT  =       205.7476
 EAMBER (non-restraint)  =   -125708.6450
 EKCMT  =     11220.0129  VIRIAL  =     10077.5366  VOLUME     =    416317.7378
                                                    Density    =         1.0195
 ------------------------------------------------------------------------------

wrapping first mol.:       27.16849       38.42205       66.54894
wrapping first mol.:       27.16849       38.42205       66.54894

 NSTEP =    31000   TIME(PS) =    1602.000  TEMP(K) =   301.61  PRESS =  -111.3
 Etot   =    -99911.1772  EKtot   =     25713.3652  EPtot      =   -125624.5424
 BOND   =       855.6536  ANGLE   =      2320.5668  DIHED      =      3472.9158
 1-4 NB =      1016.3222  1-4 EEL =     12266.4623  VDWAALS    =     14848.0624
 EELEC  =   -160585.4167  EHBOND  =         0.0000  RESTRAINT  =       180.8913
 EAMBER (non-restraint)  =   -125805.4337
 EKCMT  =     11252.0355  VIRIAL  =     12254.1077  VOLUME     =    416814.3786
                                                    Density    =         1.0183
 ------------------------------------------------------------------------------

wrapping first mol.:       27.15191       38.39860       66.50832
wrapping first mol.:       27.15191       38.39860       66.50832

 NSTEP =    31500   TIME(PS) =    1603.000  TEMP(K) =   299.61  PRESS =    24.2
 Etot   =   -100481.8327  EKtot   =     25542.5078  EPtot      =   -126024.3405
 BOND   =       888.6033  ANGLE   =      2356.3846  DIHED      =      3475.3295
 1-4 NB =      1024.8453  1-4 EEL =     12259.1119  VDWAALS    =     15001.3844
 EELEC  =   -161229.6063  EHBOND  =         0.0000  RESTRAINT  =       199.6069
 EAMBER (non-restraint)  =   -126223.9474
 EKCMT  =     11145.8619  VIRIAL  =     10928.2867  VOLUME     =    416046.6987
                                                    Density    =         1.0201
 ------------------------------------------------------------------------------

wrapping first mol.:       27.14693       38.39155       66.49611
wrapping first mol.:       27.14693       38.39155       66.49611

 NSTEP =    32000   TIME(PS) =    1604.000  TEMP(K) =   298.48  PRESS =    47.9
 Etot   =   -100213.0273  EKtot   =     25446.2891  EPtot      =   -125659.3164
 BOND   =       805.3694  ANGLE   =      2360.2042  DIHED      =      3502.1643
 1-4 NB =      1037.7980  1-4 EEL =     12292.7561  VDWAALS    =     14798.8592
 EELEC  =   -160632.9487  EHBOND  =         0.0000  RESTRAINT  =       176.4811
 EAMBER (non-restraint)  =   -125835.7975
 EKCMT  =     11097.6573  VIRIAL  =     10667.4282  VOLUME     =    415816.7004
                                                    Density    =         1.0207
 ------------------------------------------------------------------------------

wrapping first mol.:       27.16725       38.42029       66.54590
wrapping first mol.:       27.16725       38.42029       66.54590

 NSTEP =    32500   TIME(PS) =    1605.000  TEMP(K) =   301.68  PRESS =    65.5
 Etot   =   -100052.5042  EKtot   =     25719.6836  EPtot      =   -125772.1878
 BOND   =       815.8212  ANGLE   =      2352.4301  DIHED      =      3521.1967
 1-4 NB =      1031.4213  1-4 EEL =     12226.8782  VDWAALS    =     15007.6197
 EELEC  =   -160905.7664  EHBOND  =         0.0000  RESTRAINT  =       178.2113
 EAMBER (non-restraint)  =   -125950.3991
 EKCMT  =     11246.8916  VIRIAL  =     10657.4847  VOLUME     =    416750.6483
                                                    Density    =         1.0184
 ------------------------------------------------------------------------------

wrapping first mol.:       27.16298       38.41426       66.53544
wrapping first mol.:       27.16298       38.41426       66.53544

 NSTEP =    33000   TIME(PS) =    1606.000  TEMP(K) =   301.80  PRESS =  -128.6
 Etot   =    -99676.1509  EKtot   =     25729.5508  EPtot      =   -125405.7017
 BOND   =       827.9881  ANGLE   =      2335.7616  DIHED      =      3464.6289
 1-4 NB =      1030.7504  1-4 EEL =     12322.1545  VDWAALS    =     14743.1455
 EELEC  =   -160320.8529  EHBOND  =         0.0000  RESTRAINT  =       190.7220
 EAMBER (non-restraint)  =   -125596.4237
 EKCMT  =     11204.6253  VIRIAL  =     12361.0950  VOLUME     =    416561.3904
                                                    Density    =         1.0189
 ------------------------------------------------------------------------------

wrapping first mol.:       27.17255       38.42779       66.55888
wrapping first mol.:       27.17255       38.42779       66.55888

 NSTEP =    33500   TIME(PS) =    1607.000  TEMP(K) =   299.91  PRESS =    96.8
 Etot   =    -99900.4037  EKtot   =     25567.9961  EPtot      =   -125468.3998
 BOND   =       854.0380  ANGLE   =      2246.2525  DIHED      =      3513.1024
 1-4 NB =      1036.9885  1-4 EEL =     12274.4120  VDWAALS    =     15133.7790
 EELEC  =   -160703.3104  EHBOND  =         0.0000  RESTRAINT  =       176.3382
 EAMBER (non-restraint)  =   -125644.7380
 EKCMT  =     11204.7601  VIRIAL  =     10333.0613  VOLUME     =    416993.4208
                                                    Density    =         1.0178
 ------------------------------------------------------------------------------

wrapping first mol.:       27.18548       38.44607       66.59054
wrapping first mol.:       27.18548       38.44607       66.59054

 NSTEP =    34000   TIME(PS) =    1608.000  TEMP(K) =   301.05  PRESS =   -46.5
 Etot   =    -99619.2543  EKtot   =     25665.1582  EPtot      =   -125284.4125
 BOND   =       840.7603  ANGLE   =      2311.0458  DIHED      =      3459.2581
 1-4 NB =      1006.7613  1-4 EEL =     12270.2000  VDWAALS    =     14565.1915
 EELEC  =   -159929.8727  EHBOND  =         0.0000  RESTRAINT  =       192.2433
 EAMBER (non-restraint)  =   -125476.6558
 EKCMT  =     11159.6355  VIRIAL  =     11578.8703  VOLUME     =    417594.1472
                                                    Density    =         1.0164
 ------------------------------------------------------------------------------

wrapping first mol.:       27.18580       38.44652       66.59132
wrapping first mol.:       27.18580       38.44652       66.59132

 NSTEP =    34500   TIME(PS) =    1609.000  TEMP(K) =   298.52  PRESS =  -210.6
 Etot   =    -99975.4043  EKtot   =     25449.7637  EPtot      =   -125425.1680
 BOND   =       842.9571  ANGLE   =      2344.5141  DIHED      =      3495.7926
 1-4 NB =      1025.2634  1-4 EEL =     12229.3109  VDWAALS    =     14682.5889
 EELEC  =   -160257.3334  EHBOND  =         0.0000  RESTRAINT  =       211.7384
 EAMBER (non-restraint)  =   -125636.9064
 EKCMT  =     11060.4475  VIRIAL  =     12959.6038  VOLUME     =    417614.9640
                                                    Density    =         1.0163
 ------------------------------------------------------------------------------

wrapping first mol.:       27.17234       38.42749       66.55835
wrapping first mol.:       27.17234       38.42749       66.55835

 NSTEP =    35000   TIME(PS) =    1610.000  TEMP(K) =   301.21  PRESS =   -56.3
 Etot   =    -99937.4610  EKtot   =     25678.8145  EPtot      =   -125616.2754
 BOND   =       844.5077  ANGLE   =      2339.7826  DIHED      =      3485.8528
 1-4 NB =      1027.8787  1-4 EEL =     12203.5585  VDWAALS    =     15117.7704
 EELEC  =   -160821.5310  EHBOND  =         0.0000  RESTRAINT  =       185.9049
 EAMBER (non-restraint)  =   -125802.1803
 EKCMT  =     11202.3262  VIRIAL  =     11709.3119  VOLUME     =    416989.2689
                                                    Density    =         1.0178
 ------------------------------------------------------------------------------

wrapping first mol.:       27.18167       38.44068       66.58121
wrapping first mol.:       27.18167       38.44068       66.58121

 NSTEP =    35500   TIME(PS) =    1611.000  TEMP(K) =   299.15  PRESS =    34.2
 Etot   =    -99911.6754  EKtot   =     25503.9062  EPtot      =   -125415.5816
 BOND   =       859.1094  ANGLE   =      2309.6577  DIHED      =      3476.3777
 1-4 NB =      1025.7836  1-4 EEL =     12250.5425  VDWAALS    =     14663.5444
 EELEC  =   -160189.3698  EHBOND  =         0.0000  RESTRAINT  =       188.7728
 EAMBER (non-restraint)  =   -125604.3544
 EKCMT  =     11125.6086  VIRIAL  =     10817.5487  VOLUME     =    417415.6917
                                                    Density    =         1.0168
 ------------------------------------------------------------------------------

wrapping first mol.:       27.18655       38.44759       66.59317
wrapping first mol.:       27.18655       38.44759       66.59317

 NSTEP =    36000   TIME(PS) =    1612.000  TEMP(K) =   299.19  PRESS =  -112.5
 Etot   =    -99889.1661  EKtot   =     25507.2637  EPtot      =   -125396.4298
 BOND   =       861.9383  ANGLE   =      2334.6144  DIHED      =      3482.9474
 1-4 NB =      1043.0390  1-4 EEL =     12286.2241  VDWAALS    =     14899.3641
 EELEC  =   -160492.9423  EHBOND  =         0.0000  RESTRAINT  =       188.3853
 EAMBER (non-restraint)  =   -125584.8151
 EKCMT  =     11131.9074  VIRIAL  =     12146.6863  VOLUME     =    417646.1412
                                                    Density    =         1.0162
 ------------------------------------------------------------------------------

wrapping first mol.:       27.18516       38.44561       66.58975
wrapping first mol.:       27.18516       38.44561       66.58975

 NSTEP =    36500   TIME(PS) =    1613.000  TEMP(K) =   302.09  PRESS =   -28.4
 Etot   =    -99835.0345  EKtot   =     25754.0801  EPtot      =   -125589.1146
 BOND   =       851.3851  ANGLE   =      2328.0397  DIHED      =      3484.8445
 1-4 NB =      1010.9490  1-4 EEL =     12247.8467  VDWAALS    =     14880.2327
 EELEC  =   -160576.4278  EHBOND  =         0.0000  RESTRAINT  =       184.0155
 EAMBER (non-restraint)  =   -125773.1301
 EKCMT  =     11255.9663  VIRIAL  =     11511.5729  VOLUME     =    417578.6502
                                                    Density    =         1.0164
 ------------------------------------------------------------------------------

wrapping first mol.:       27.18473       38.44501       66.58870
wrapping first mol.:       27.18473       38.44501       66.58870

 NSTEP =    37000   TIME(PS) =    1614.000  TEMP(K) =   297.79  PRESS =  -171.2
 Etot   =   -100380.2359  EKtot   =     25388.0605  EPtot      =   -125768.2965
 BOND   =       827.1969  ANGLE   =      2353.1194  DIHED      =      3481.1321
 1-4 NB =      1012.3422  1-4 EEL =     12308.0224  VDWAALS    =     14818.2790
 EELEC  =   -160756.4131  EHBOND  =         0.0000  RESTRAINT  =       188.0247
 EAMBER (non-restraint)  =   -125956.3211
 EKCMT  =     11139.8841  VIRIAL  =     12683.3976  VOLUME     =    417564.1393
                                                    Density    =         1.0164
 ------------------------------------------------------------------------------

wrapping first mol.:       27.17198       38.42698       66.55748
wrapping first mol.:       27.17198       38.42698       66.55748

 NSTEP =    37500   TIME(PS) =    1615.000  TEMP(K) =   301.75  PRESS =   127.1
 Etot   =    -99970.0402  EKtot   =     25724.9570  EPtot      =   -125694.9973
 BOND   =       839.0096  ANGLE   =      2342.6708  DIHED      =      3507.0829
 1-4 NB =      1038.3477  1-4 EEL =     12280.5309  VDWAALS    =     14942.8935
 EELEC  =   -160840.4330  EHBOND  =         0.0000  RESTRAINT  =       194.9003
 EAMBER (non-restraint)  =   -125889.8976
 EKCMT  =     11209.3038  VIRIAL  =     10064.9302  VOLUME     =    416965.9601
                                                    Density    =         1.0179
 ------------------------------------------------------------------------------

wrapping first mol.:       27.17054       38.42495       66.55396
wrapping first mol.:       27.17054       38.42495       66.55396

 NSTEP =    38000   TIME(PS) =    1616.000  TEMP(K) =   299.75  PRESS =    27.6
 Etot   =   -100351.4363  EKtot   =     25555.1270  EPtot      =   -125906.5632
 BOND   =       829.6636  ANGLE   =      2368.8155  DIHED      =      3466.7695
 1-4 NB =      1020.7048  1-4 EEL =     12226.6622  VDWAALS    =     14908.2344
 EELEC  =   -160918.3782  EHBOND  =         0.0000  RESTRAINT  =       190.9650
 EAMBER (non-restraint)  =   -126097.5282
 EKCMT  =     11137.2697  VIRIAL  =     10888.9629  VOLUME     =    416903.6579
                                                    Density    =         1.0180
 ------------------------------------------------------------------------------

wrapping first mol.:       27.16878       38.42246       66.54965
wrapping first mol.:       27.16878       38.42246       66.54965

 NSTEP =    38500   TIME(PS) =    1617.000  TEMP(K) =   299.15  PRESS =  -188.5
 Etot   =    -99993.9149  EKtot   =     25503.5996  EPtot      =   -125497.5145
 BOND   =       852.3375  ANGLE   =      2262.9283  DIHED      =      3497.8322
 1-4 NB =      1026.3447  1-4 EEL =     12298.3603  VDWAALS    =     14677.2479
 EELEC  =   -160303.3700  EHBOND  =         0.0000  RESTRAINT  =       190.8047
 EAMBER (non-restraint)  =   -125688.3192
 EKCMT  =     11031.1517  VIRIAL  =     12727.9949  VOLUME     =    416830.6275
                                                    Density    =         1.0182
 ------------------------------------------------------------------------------

wrapping first mol.:       27.17720       38.43437       66.57027
wrapping first mol.:       27.17720       38.43437       66.57027

 NSTEP =    39000   TIME(PS) =    1618.000  TEMP(K) =   299.10  PRESS =    38.6
 Etot   =   -100076.1899  EKtot   =     25499.3379  EPtot      =   -125575.5278
 BOND   =       859.7381  ANGLE   =      2320.9230  DIHED      =      3482.0857
 1-4 NB =      1034.2715  1-4 EEL =     12276.0564  VDWAALS    =     15058.7855
 EELEC  =   -160785.9854  EHBOND  =         0.0000  RESTRAINT  =       178.5974
 EAMBER (non-restraint)  =   -125754.1252
 EKCMT  =     10958.8323  VIRIAL  =     10610.8729  VOLUME     =    417209.7334
                                                    Density    =         1.0173
 ------------------------------------------------------------------------------

wrapping first mol.:       27.17004       38.42423       66.55272
wrapping first mol.:       27.17004       38.42423       66.55272

 NSTEP =    39500   TIME(PS) =    1619.000  TEMP(K) =   297.89  PRESS =  -113.0
 Etot   =   -100090.1396  EKtot   =     25396.2793  EPtot      =   -125486.4189
 BOND   =       840.3849  ANGLE   =      2357.6057  DIHED      =      3492.4622
 1-4 NB =      1017.6621  1-4 EEL =     12213.1058  VDWAALS    =     14881.6390
 EELEC  =   -160471.5428  EHBOND  =         0.0000  RESTRAINT  =       182.2643
 EAMBER (non-restraint)  =   -125668.6832
 EKCMT  =     11058.1436  VIRIAL  =     12075.4725  VOLUME     =    416885.5250
                                                    Density    =         1.0181
 ------------------------------------------------------------------------------

wrapping first mol.:       27.16344       38.41491       66.53657
wrapping first mol.:       27.16344       38.41491       66.53657

 NSTEP =    40000   TIME(PS) =    1620.000  TEMP(K) =   300.95  PRESS =   154.0
 Etot   =    -99477.5995  EKtot   =     25657.0469  EPtot      =   -125134.6464
 BOND   =       885.7849  ANGLE   =      2408.6529  DIHED      =      3489.6712
 1-4 NB =      1043.7363  1-4 EEL =     12292.2848  VDWAALS    =     14858.7335
 EELEC  =   -160284.5417  EHBOND  =         0.0000  RESTRAINT  =       171.0318
 EAMBER (non-restraint)  =   -125305.6782
 EKCMT  =     11202.4698  VIRIAL  =      9817.3425  VOLUME     =    416572.1039
                                                    Density    =         1.0189
 ------------------------------------------------------------------------------

wrapping first mol.:       27.17067       38.42513       66.55427
wrapping first mol.:       27.17067       38.42513       66.55427

 NSTEP =    40500   TIME(PS) =    1621.000  TEMP(K) =   300.25  PRESS =    82.0
 Etot   =   -100387.2672  EKtot   =     25597.3984  EPtot      =   -125984.6657
 BOND   =       817.6097  ANGLE   =      2298.1960  DIHED      =      3474.0040
 1-4 NB =      1036.0463  1-4 EEL =     12240.7070  VDWAALS    =     15249.8021
 EELEC  =   -161302.3143  EHBOND  =         0.0000  RESTRAINT  =       201.2836
 EAMBER (non-restraint)  =   -126185.9493
 EKCMT  =     11206.5167  VIRIAL  =     10468.6702  VOLUME     =    416907.4083
                                                    Density    =         1.0180
 ------------------------------------------------------------------------------

wrapping first mol.:       27.16501       38.41712       66.54040
wrapping first mol.:       27.16501       38.41712       66.54040

 NSTEP =    41000   TIME(PS) =    1622.000  TEMP(K) =   301.21  PRESS =  -215.6
 Etot   =    -99961.0728  EKtot   =     25679.4316  EPtot      =   -125640.5045
 BOND   =       832.7901  ANGLE   =      2328.3598  DIHED      =      3499.6205
 1-4 NB =      1025.1135  1-4 EEL =     12245.8509  VDWAALS    =     14851.1900
 EELEC  =   -160613.3866  EHBOND  =         0.0000  RESTRAINT  =       189.9573
 EAMBER (non-restraint)  =   -125830.4618
 EKCMT  =     11167.7936  VIRIAL  =     13107.1087  VOLUME     =    416657.7726
                                                    Density    =         1.0186
 ------------------------------------------------------------------------------

wrapping first mol.:       27.16533       38.41758       66.54120
wrapping first mol.:       27.16533       38.41758       66.54120

 NSTEP =    41500   TIME(PS) =    1623.000  TEMP(K) =   301.46  PRESS =   -38.4
 Etot   =    -99658.3072  EKtot   =     25700.7441  EPtot      =   -125359.0513
 BOND   =       849.3928  ANGLE   =      2421.0358  DIHED      =      3487.0552
 1-4 NB =      1015.6570  1-4 EEL =     12316.3011  VDWAALS    =     14748.2717
 EELEC  =   -160403.4499  EHBOND  =         0.0000  RESTRAINT  =       206.6852
 EAMBER (non-restraint)  =   -125565.7365
 EKCMT  =     11242.5019  VIRIAL  =     11588.1779  VOLUME     =    416666.2999
                                                    Density    =         1.0186
 ------------------------------------------------------------------------------

wrapping first mol.:       27.18337       38.44309       66.58539
wrapping first mol.:       27.18337       38.44309       66.58539

 NSTEP =    42000   TIME(PS) =    1624.000  TEMP(K) =   300.57  PRESS =   -86.9
 Etot   =    -99994.1258  EKtot   =     25625.0430  EPtot      =   -125619.1688
 BOND   =       869.9031  ANGLE   =      2325.6604  DIHED      =      3496.9045
 1-4 NB =      1024.0250  1-4 EEL =     12248.6037  VDWAALS    =     14991.7423
 EELEC  =   -160773.6392  EHBOND  =         0.0000  RESTRAINT  =       197.6315
 EAMBER (non-restraint)  =   -125816.8003
 EKCMT  =     11337.3950  VIRIAL  =     12120.5689  VOLUME     =    417498.7056
                                                    Density    =         1.0166
 ------------------------------------------------------------------------------

wrapping first mol.:       27.17832       38.43595       66.57301
wrapping first mol.:       27.17832       38.43595       66.57301

 NSTEP =    42500   TIME(PS) =    1625.000  TEMP(K) =   298.21  PRESS =   -63.7
 Etot   =   -100219.7390  EKtot   =     25423.4121  EPtot      =   -125643.1511
 BOND   =       828.1559  ANGLE   =      2327.7389  DIHED      =      3478.4579
 1-4 NB =      1033.7351  1-4 EEL =     12260.7849  VDWAALS    =     14998.2185
 EELEC  =   -160762.7878  EHBOND  =         0.0000  RESTRAINT  =       192.5454
 EAMBER (non-restraint)  =   -125835.6965
 EKCMT  =     11148.8184  VIRIAL  =     11722.7738  VOLUME     =    417265.1339
                                                    Density    =         1.0172
 ------------------------------------------------------------------------------

wrapping first mol.:       27.18391       38.44385       66.58669
wrapping first mol.:       27.18391       38.44385       66.58669

 NSTEP =    43000   TIME(PS) =    1626.000  TEMP(K) =   298.58  PRESS =     2.2
 Etot   =    -99860.9922  EKtot   =     25454.7949  EPtot      =   -125315.7872
 BOND   =       848.4674  ANGLE   =      2370.3069  DIHED      =      3520.3769
 1-4 NB =      1040.0541  1-4 EEL =     12255.6420  VDWAALS    =     14880.5233
 EELEC  =   -160424.4973  EHBOND  =         0.0000  RESTRAINT  =       193.3395
 EAMBER (non-restraint)  =   -125509.1266
 EKCMT  =     11085.3233  VIRIAL  =     11065.1194  VOLUME     =    417520.0014
                                                    Density    =         1.0165
 ------------------------------------------------------------------------------

wrapping first mol.:       27.17920       38.43719       66.57516
wrapping first mol.:       27.17920       38.43719       66.57516

 NSTEP =    43500   TIME(PS) =    1627.000  TEMP(K) =   297.63  PRESS =    89.9
 Etot   =   -100396.4237  EKtot   =     25373.7090  EPtot      =   -125770.1327
 BOND   =       853.3201  ANGLE   =      2354.3039  DIHED      =      3486.2775
 1-4 NB =      1027.8168  1-4 EEL =     12275.0268  VDWAALS    =     15137.4306
 EELEC  =   -161088.4107  EHBOND  =         0.0000  RESTRAINT  =       184.1023
 EAMBER (non-restraint)  =   -125954.2350
 EKCMT  =     11081.9578  VIRIAL  =     10272.3653  VOLUME     =    417299.7372
                                                    Density    =         1.0171
 ------------------------------------------------------------------------------

wrapping first mol.:       27.16908       38.42288       66.55038
wrapping first mol.:       27.16908       38.42288       66.55038

 NSTEP =    44000   TIME(PS) =    1628.000  TEMP(K) =   296.73  PRESS =    -7.2
 Etot   =   -100373.8607  EKtot   =     25297.6660  EPtot      =   -125671.5268
 BOND   =       868.3439  ANGLE   =      2300.5483  DIHED      =      3499.5602
 1-4 NB =       998.3322  1-4 EEL =     12248.0410  VDWAALS    =     14981.4915
 EELEC  =   -160754.2367  EHBOND  =         0.0000  RESTRAINT  =       186.3927
 EAMBER (non-restraint)  =   -125857.9195
 EKCMT  =     10865.3740  VIRIAL  =     10929.9603  VOLUME     =    416837.6132
                                                    Density    =         1.0182
 ------------------------------------------------------------------------------

wrapping first mol.:       27.16170       38.41245       66.53230
wrapping first mol.:       27.16170       38.41245       66.53230

 NSTEP =    44500   TIME(PS) =    1629.000  TEMP(K) =   301.66  PRESS =    60.1
 Etot   =   -100024.4506  EKtot   =     25717.4512  EPtot      =   -125741.9018
 BOND   =       818.8028  ANGLE   =      2297.6495  DIHED      =      3471.4934
 1-4 NB =      1032.6465  1-4 EEL =     12313.6127  VDWAALS    =     15033.3894
 EELEC  =   -160900.9783  EHBOND  =         0.0000  RESTRAINT  =       191.4823
 EAMBER (non-restraint)  =   -125933.3841
 EKCMT  =     11221.4149  VIRIAL  =     10680.7827  VOLUME     =    416495.4952
                                                    Density    =         1.0190
 ------------------------------------------------------------------------------

wrapping first mol.:       27.14491       38.38870       66.49118
wrapping first mol.:       27.14491       38.38870       66.49118

 NSTEP =    45000   TIME(PS) =    1630.000  TEMP(K) =   300.68  PRESS =   -75.5
 Etot   =   -100247.3695  EKtot   =     25634.3242  EPtot      =   -125881.6937
 BOND   =       838.3009  ANGLE   =      2333.2257  DIHED      =      3481.5504
 1-4 NB =      1027.3817  1-4 EEL =     12286.7832  VDWAALS    =     14964.0578
 EELEC  =   -160991.8050  EHBOND  =         0.0000  RESTRAINT  =       178.8116
 EAMBER (non-restraint)  =   -126060.5053
 EKCMT  =     11199.9279  VIRIAL  =     11877.7922  VOLUME     =    415728.7167
                                                    Density    =         1.0209
 ------------------------------------------------------------------------------

wrapping first mol.:       27.14801       38.39309       66.49877
wrapping first mol.:       27.14801       38.39309       66.49877

 NSTEP =    45500   TIME(PS) =    1631.000  TEMP(K) =   301.99  PRESS =   -99.5
 Etot   =   -100033.9135  EKtot   =     25745.9277  EPtot      =   -125779.8413
 BOND   =       867.5732  ANGLE   =      2389.5819  DIHED      =      3496.4915
 1-4 NB =      1022.3999  1-4 EEL =     12282.7682  VDWAALS    =     14978.4329
 EELEC  =   -161004.3899  EHBOND  =         0.0000  RESTRAINT  =       187.3010
 EAMBER (non-restraint)  =   -125967.1423
 EKCMT  =     11177.1838  VIRIAL  =     12070.1884  VOLUME     =    415872.0884
                                                    Density    =         1.0206
 ------------------------------------------------------------------------------

wrapping first mol.:       27.14285       38.38579       66.48613
wrapping first mol.:       27.14285       38.38579       66.48613

 NSTEP =    46000   TIME(PS) =    1632.000  TEMP(K) =   299.92  PRESS =   209.7
 Etot   =   -100272.0514  EKtot   =     25569.1445  EPtot      =   -125841.1959
 BOND   =       856.1496  ANGLE   =      2259.4706  DIHED      =      3519.0094
 1-4 NB =      1053.9732  1-4 EEL =     12285.7746  VDWAALS    =     15173.3299
 EELEC  =   -161172.8754  EHBOND  =         0.0000  RESTRAINT  =       183.9722
 EAMBER (non-restraint)  =   -126025.1681
 EKCMT  =     11158.9978  VIRIAL  =      9277.4167  VOLUME     =    415623.5090
                                                    Density    =         1.0212
 ------------------------------------------------------------------------------

wrapping first mol.:       27.15909       38.40875       66.52589
wrapping first mol.:       27.15909       38.40875       66.52589

 NSTEP =    46500   TIME(PS) =    1633.000  TEMP(K) =   300.97  PRESS =  -114.4
 Etot   =   -100091.2735  EKtot   =     25658.7129  EPtot      =   -125749.9864
 BOND   =       828.3043  ANGLE   =      2330.4192  DIHED      =      3500.7631
 1-4 NB =      1016.4179  1-4 EEL =     12208.7605  VDWAALS    =     14809.7628
 EELEC  =   -160632.2375  EHBOND  =         0.0000  RESTRAINT  =       187.8233
 EAMBER (non-restraint)  =   -125937.8097
 EKCMT  =     11197.7260  VIRIAL  =     12226.3262  VOLUME     =    416381.6341
                                                    Density    =         1.0193
 ------------------------------------------------------------------------------

wrapping first mol.:       27.15756       38.40658       66.52215
wrapping first mol.:       27.15756       38.40658       66.52215

 NSTEP =    47000   TIME(PS) =    1634.000  TEMP(K) =   298.54  PRESS =    -6.5
 Etot   =    -99900.8187  EKtot   =     25451.9922  EPtot      =   -125352.8109
 BOND   =       843.3706  ANGLE   =      2339.0621  DIHED      =      3523.4845
 1-4 NB =      1037.0250  1-4 EEL =     12249.3706  VDWAALS    =     14763.1410
 EELEC  =   -160291.7530  EHBOND  =         0.0000  RESTRAINT  =       183.4884
 EAMBER (non-restraint)  =   -125536.2992
 EKCMT  =     11164.1250  VIRIAL  =     11222.7442  VOLUME     =    416307.3062
                                                    Density    =         1.0195
 ------------------------------------------------------------------------------

wrapping first mol.:       27.16364       38.41519       66.53705
wrapping first mol.:       27.16364       38.41519       66.53705

 NSTEP =    47500   TIME(PS) =    1635.000  TEMP(K) =   300.44  PRESS =    24.0
 Etot   =    -99918.5300  EKtot   =     25613.9297  EPtot      =   -125532.4597
 BOND   =       809.6421  ANGLE   =      2354.5834  DIHED      =      3468.5632
 1-4 NB =      1037.8916  1-4 EEL =     12299.6670  VDWAALS    =     14926.5597
 EELEC  =   -160619.5808  EHBOND  =         0.0000  RESTRAINT  =       190.2140
 EAMBER (non-restraint)  =   -125722.6737
 EKCMT  =     11215.9669  VIRIAL  =     10999.8686  VOLUME     =    416586.0395
                                                    Density    =         1.0188
 ------------------------------------------------------------------------------

wrapping first mol.:       27.16985       38.42397       66.55226
wrapping first mol.:       27.16985       38.42397       66.55226

 NSTEP =    48000   TIME(PS) =    1636.000  TEMP(K) =   300.79  PRESS =   191.2
 Etot   =    -99685.1694  EKtot   =     25643.4863  EPtot      =   -125328.6558
 BOND   =       864.8221  ANGLE   =      2377.8628  DIHED      =      3511.3632
 1-4 NB =      1023.8440  1-4 EEL =     12226.3639  VDWAALS    =     15087.6750
 EELEC  =   -160614.8168  EHBOND  =         0.0000  RESTRAINT  =       194.2301
 EAMBER (non-restraint)  =   -125522.8858
 EKCMT  =     11148.5602  VIRIAL  =      9427.1868  VOLUME     =    416865.5033
                                                    Density    =         1.0181
 ------------------------------------------------------------------------------

wrapping first mol.:       27.17660       38.43351       66.56879
wrapping first mol.:       27.17660       38.43351       66.56879

 NSTEP =    48500   TIME(PS) =    1637.000  TEMP(K) =   301.80  PRESS =  -127.4
 Etot   =    -99652.4383  EKtot   =     25729.2207  EPtot      =   -125381.6590
 BOND   =       837.9839  ANGLE   =      2351.3532  DIHED      =      3472.3346
 1-4 NB =      1040.5505  1-4 EEL =     12319.8802  VDWAALS    =     14825.9754
 EELEC  =   -160424.5624  EHBOND  =         0.0000  RESTRAINT  =       194.8255
 EAMBER (non-restraint)  =   -125576.4845
 EKCMT  =     11157.3680  VIRIAL  =     12305.3346  VOLUME     =    417188.1676
                                                    Density    =         1.0174
 ------------------------------------------------------------------------------

wrapping first mol.:       27.17195       38.42694       66.55741
wrapping first mol.:       27.17195       38.42694       66.55741

 NSTEP =    49000   TIME(PS) =    1638.000  TEMP(K) =   299.08  PRESS =    24.0
 Etot   =    -99875.0144  EKtot   =     25497.2207  EPtot      =   -125372.2351
 BOND   =       841.7856  ANGLE   =      2340.8025  DIHED      =      3487.6675
 1-4 NB =      1030.6279  1-4 EEL =     12270.9684  VDWAALS    =     14932.8439
 EELEC  =   -160459.2690  EHBOND  =         0.0000  RESTRAINT  =       182.3382
 EAMBER (non-restraint)  =   -125554.5733
 EKCMT  =     11183.2147  VIRIAL  =     10967.0465  VOLUME     =    416968.5575
                                                    Density    =         1.0179
 ------------------------------------------------------------------------------

wrapping first mol.:       27.17170       38.42659       66.55680
wrapping first mol.:       27.17170       38.42659       66.55680

 NSTEP =    49500   TIME(PS) =    1639.000  TEMP(K) =   299.50  PRESS =     6.4
 Etot   =    -99924.5120  EKtot   =     25533.5703  EPtot      =   -125458.0823
 BOND   =       841.2399  ANGLE   =      2311.8034  DIHED      =      3517.7106
 1-4 NB =      1031.6800  1-4 EEL =     12260.0528  VDWAALS    =     15040.7176
 EELEC  =   -160647.9249  EHBOND  =         0.0000  RESTRAINT  =       186.6383
 EAMBER (non-restraint)  =   -125644.7206
 EKCMT  =     11118.3187  VIRIAL  =     11060.6434  VOLUME     =    416957.8163
                                                    Density    =         1.0179
 ------------------------------------------------------------------------------

wrapping first mol.:       27.18122       38.44005       66.58012
wrapping first mol.:       27.18122       38.44005       66.58012

 NSTEP =    50000   TIME(PS) =    1640.000  TEMP(K) =   299.57  PRESS =  -102.8
 Etot   =   -100042.4008  EKtot   =     25539.5469  EPtot      =   -125581.9476
 BOND   =       796.1236  ANGLE   =      2326.1222  DIHED      =      3440.0102
 1-4 NB =      1035.3919  1-4 EEL =     12285.5724  VDWAALS    =     14965.2621
 EELEC  =   -160629.1798  EHBOND  =         0.0000  RESTRAINT  =       198.7497
 EAMBER (non-restraint)  =   -125780.6973
 EKCMT  =     10957.8466  VIRIAL  =     11884.4952  VOLUME     =    417400.2136
                                                    Density    =         1.0168
 ------------------------------------------------------------------------------


      A V E R A G E S   O V E R     100 S T E P S


 NSTEP =    50000   TIME(PS) =    1640.000  TEMP(K) =   300.05  PRESS =   -13.9
 Etot   =   -100002.5716  EKtot   =     25580.6707  EPtot      =   -125583.2423
 BOND   =       843.8836  ANGLE   =      2336.2064  DIHED      =      3484.5988
 1-4 NB =      1027.7023  1-4 EEL =     12262.6942  VDWAALS    =     14917.3549
 EELEC  =   -160645.4703  EHBOND  =         0.0000  RESTRAINT  =       189.7878
 EAMBER (non-restraint)  =   -125773.0301
 EKCMT  =     11144.2594  VIRIAL  =     11269.8643  VOLUME     =    416813.1673
                                                    Density    =         1.0183
 ------------------------------------------------------------------------------


      R M S  F L U C T U A T I O N S


 NSTEP =    50000   TIME(PS) =    1640.000  TEMP(K) =     1.35  PRESS =   117.0
 Etot   =       232.7894  EKtot   =       115.3216  EPtot      =       185.8397
 BOND   =        22.9869  ANGLE   =        37.3735  DIHED      =        18.8227
 1-4 NB =        11.1220  1-4 EEL =        32.0857  VDWAALS    =       158.1066
 EELEC  =       275.2652  EHBOND  =         0.0000  RESTRAINT  =         8.3939
 EAMBER (non-restraint)  =       177.4458
 EKCMT  =        78.0405  VIRIAL  =      1050.9803  VOLUME     =       570.8866
                                                    Density    =         0.0014
 ------------------------------------------------------------------------------

--------------------------------------------------------------------------------
   5.  TIMINGS
--------------------------------------------------------------------------------

|  NonSetup CPU Time in Major Routines:
|
|     Routine           Sec        %
|     ------------------------------
|     Nonbond         240.86   88.64
|     Bond              0.00    0.00
|     Angle             0.00    0.00
|     Dihedral          0.00    0.00
|     Shake             0.32    0.12
|     RunMD            30.50   11.22
|     Other             0.04    0.02
|     ------------------------------
|     Total           271.72

|  PME Nonbond Pairlist CPU Time:
|
|     Routine              Sec        %
|     ---------------------------------
|     Set Up Cit           0.00    0.00
|     Build List           0.00    0.00
|     ---------------------------------
|     Total                0.00    0.00

|  PME Direct Force CPU Time:
|
|     Routine              Sec        %
|     ---------------------------------
|     NonBonded Calc       0.00    0.00
|     Exclude Masked       0.00    0.00
|     Other                0.02    0.01
|     ---------------------------------
|     Total                0.02    0.01

|  PME Reciprocal Force CPU Time:
|
|     Routine              Sec        %
|     ---------------------------------
|     1D bspline           0.00    0.00
|     Grid Charges         0.00    0.00
|     Scalar Sum           0.00    0.00
|     Gradient Sum         0.00    0.00
|     FFT                  0.00    0.00
|     ---------------------------------
|     Total                0.00    0.00

|  Final Performance Info:
|     -----------------------------------------------------
|     Average timings for last    7500 steps:
|     Elapsed(s) =      43.36 Per Step(ms) =       5.78
|         ns/day =      29.89   seconds/ns =    2890.99
|
|     Average timings for all steps:
|     Elapsed(s) =     351.59 Per Step(ms) =       7.03
|         ns/day =      24.57   seconds/ns =    3515.94
|     -----------------------------------------------------

|  Setup CPU time:            0.65 seconds
|  NonSetup CPU time:       271.72 seconds
|  Total CPU time:          272.37 seconds     0.08 hours

|  Setup wall time:           0    seconds
|  NonSetup wall time:      352    seconds
|  Total wall time:         352    seconds     0.10 hours
