
          -------------------------------------------------------
          Amber 16 PMEMD                              2016
          -------------------------------------------------------

| PMEMD implementation of SANDER, Release 16

| Run on 11/03/2016 at 18:55:06

|   Executable path: pmemd.cuda
| Working directory: /home/german/exs/run/1m14/mhe/e
|          Hostname: Unknown
  [-O]verwriting output

File Assignments:
|   MDIN: 18equ.in                                                              
|  MDOUT: 18equ.out                                                             
| INPCRD: 17e1m14.rst7                                                          
|   PARM: 1m14.prmtop                                                           
| RESTRT: 18e1m14.rst7                                                          
|   REFC: 17e1m14.rst7                                                          
|  MDVEL: mdvel                                                                 
|   MDEN: mden                                                                  
|  MDCRD: 18e1m14.nc                                                            
| MDINFO: mdinfo                                                                
|  MDFRC: mdfrc                                                                 


 Here is the input file:

Equilibration with solute restrictions                                         
&cntrl                                                                         
imin = 0,                           ! No Minimization                          
nmropt = 0,                         ! No NMR restraints read                   
                                                                               
! Nature and format of the input                                               
ntx = 5,                            ! Coordinates but no velocities will be rea
irest = 1,                          ! Do not run a new simulation              
                                                                               
! Nature and format of the output                                              
ntxo = 1,                           ! rstrt file in ASCII format               
ntpr = 500,                         ! inf in output every ntpr steps           
ntwr = 500,                         ! rstrt file every ntwr steps              
ntwx = 500,                         ! mdcrd file every ntwx steps              
ntwv = 0,                           ! mdvel without velocities                 
ntwe = 0,                           ! Energies and temperatures not written in 
idecomp = 0,                        ! No energy decomposition                  
iwrap = 1,                          ! Coordinates of the restart and mdcrd file
                                                                               
! Frozen or restrained atoms                                                   
ibelly = 0,                         ! No frozen atoms                          
ntr=1,                              ! Harmonic potential restraints            
restraint_wt = 1.5,                ! The weight for the positional restraints  
restraintmask = ':1-277@N,CA,C,O',  ! restrained residues                      
                                                                               
! Molecular dynamics                                                           
nstlim = 50000,                     ! Number of MD-steps                       
dt = 0.002,                         ! Time step                                
                                                                               
! Temperature regulation                                                       
ntt = 3,                            ! Langevin thermostat                      
gamma_ln = 5,                       ! Gamma constant for Langevin              
!temp0 = 300.0,                     ! Reference T at which the system is to be 
tempi = 300.0,                      ! Initial T                                
ig = -1,                            ! Seed for the RNG                         
                                                                               
! P and V regulation                                                           
ntp = 1,                            ! Constant P. Isotropic scaling            
barostat = 1,                       ! Berendsen barostat                       
taup = 1,                           ! Pressure relaxation time                 
nrespa = 1,                         ! Evaluate at each step                    
ntb = 2,                            ! Periodic box for constant P              
                                                                               
! SHAKE variables                                                              
ntc = 2,                            ! Bonds involving H are constrained        
ntf = 2,                            ! Bond interaction involving H are ommited.
                                                                               
cut = 10.0,                         ! Nonbonded cutoff                         
/                                                                              
&end                                                                           


Note: ig = -1. Setting random seed to     2784 based on wallclock time in 
      microseconds.
 
|--------------------- INFORMATION ----------------------
| GPU (CUDA) Version of PMEMD in use: NVIDIA GPU IN USE.
|                    Version 16.0.0
| 
|                      02/25/2016
| 
| Implementation by:
|                    Ross C. Walker     (SDSC)
|                    Scott Le Grand     (nVIDIA)
| 
| Precision model in use:
|      [SPFP] - Single Precision Forces, 64-bit Fixed Point
|               Accumulation. (Default)
| 
|--------------------------------------------------------
 
|----------------- CITATION INFORMATION -----------------
|
|    When publishing work that utilized the CUDA version
|    of AMBER, please cite the following in addition to
|    the regular AMBER citations:
|
|  - Romelia Salomon-Ferrer; Andreas W. Goetz; Duncan
|    Poole; Scott Le Grand; Ross C. Walker "Routine
|    microsecond molecular dynamics simulations with
|    AMBER - Part II: Particle Mesh Ewald", J. Chem.
|    Theory Comput., 2013, 9 (9), pp3878-3888,
|    DOI: 10.1021/ct400314y.
|
|  - Andreas W. Goetz; Mark J. Williamson; Dong Xu;
|    Duncan Poole; Scott Le Grand; Ross C. Walker
|    "Routine microsecond molecular dynamics simulations
|    with AMBER - Part I: Generalized Born", J. Chem.
|    Theory Comput., 2012, 8 (5), pp1542-1555.
|
|  - Scott Le Grand; Andreas W. Goetz; Ross C. Walker
|    "SPFP: Speed without compromise - a mixed precision
|    model for GPU accelerated molecular dynamics
|    simulations.", Comp. Phys. Comm., 2013, 184
|    pp374-380, DOI: 10.1016/j.cpc.2012.09.022
|
|--------------------------------------------------------
 
|------------------- GPU DEVICE INFO --------------------
|
|            CUDA_VISIBLE_DEVICES: 1
|   CUDA Capable Devices Detected:      1
|           CUDA Device ID in use:      0
|                CUDA Device Name: GeForce GTX 1060 6GB
|     CUDA Device Global Mem Size:   6072 MB
| CUDA Device Num Multiprocessors:     10
|           CUDA Device Core Freq:   1.76 GHz
|
|--------------------------------------------------------
 
 
| Conditional Compilation Defines Used:
| PUBFFT
| BINTRAJ
| CUDA
| EMIL

| Largest sphere to fit in unit cell has radius =    33.270

| New format PARM file being parsed.
| Version =    1.000 Date = 11/02/16 Time = 18:58:44

| Note: 1-4 EEL scale factors are being read from the topology file.

| Note: 1-4 VDW scale factors are being read from the topology file.
| Duplicated    0 dihedrals

| Duplicated    0 dihedrals

--------------------------------------------------------------------------------
   1.  RESOURCE   USE: 
--------------------------------------------------------------------------------

 getting new box info from bottom of inpcrd
 NATOM  =   41788 NTYPES =      17 NBONH =   39561 MBONA  =    2274
 NTHETH =    5230 MTHETA =    3076 NPHIH =   10294 MPHIA  =    9773
 NHPARM =       0 NPARM  =       0 NNB   =   74758 NRES   =   12704
 NBONA  =    2274 NTHETA =    3076 NPHIA =    9773 NUMBND =      71
 NUMANG =     161 NPTRA  =     201 NATYP =      37 NPHB   =       1
 IFBOX  =       2 NMXRS  =      24 IFCAP =       0 NEXTRA =       0
 NCOPY  =       0

| Coordinate Index Table dimensions:    13   13   13
| Direct force subcell size =     6.2687    6.2687    6.2687

     BOX TYPE: TRUNCATED OCTAHEDRON

--------------------------------------------------------------------------------
   2.  CONTROL  DATA  FOR  THE  RUN
--------------------------------------------------------------------------------

default_name                                                                    

General flags:
     imin    =       0, nmropt  =       0

Nature and format of input:
     ntx     =       5, irest   =       1, ntrx    =       1

Nature and format of output:
     ntxo    =       1, ntpr    =     500, ntrx    =       1, ntwr    =     500
     iwrap   =       1, ntwx    =     500, ntwv    =       0, ntwe    =       0
     ioutfm  =       1, ntwprt  =       0, idecomp =       0, rbornstat=      0

Potential function:
     ntf     =       2, ntb     =       2, igb     =       0, nsnb    =      25
     ipol    =       0, gbsa    =       0, iesp    =       0
     dielc   =   1.00000, cut     =  10.00000, intdiel =   1.00000

Frozen or restrained atoms:
     ibelly  =       0, ntr     =       1
     restraint_wt =   1.50000

Molecular dynamics:
     nstlim  =     50000, nscm    =         0, nrespa  =         1
     t       =   0.00000, dt      =   0.00200, vlimit  =  -1.00000

Langevin dynamics temperature regulation:
     ig      =    2784
     temp0   = 300.00000, tempi   = 300.00000, gamma_ln=   5.00000

Pressure regulation:
     ntp     =       1
     pres0   =   1.00000, comp    =  44.60000, taup    =   1.00000

SHAKE:
     ntc     =       2, jfastw  =       0
     tol     =   0.00001

| Intermolecular bonds treatment:
|     no_intermolecular_bonds =       1

| Energy averages sample interval:
|     ene_avg_sampling =     500

Ewald parameters:
     verbose =       0, ew_type =       0, nbflag  =       1, use_pme =       1
     vdwmeth =       1, eedmeth =       1, netfrc  =       1
     Box X =   81.494   Box Y =   81.494   Box Z =   81.494
     Alpha =  109.471   Beta  =  109.471   Gamma =  109.471
     NFFT1 =   84       NFFT2 =   84       NFFT3 =   84
     Cutoff=   10.000   Tol   =0.100E-04
     Ewald Coefficient =  0.27511
     Interpolation order =    4

    LOADING THE CONSTRAINED ATOMS AS GROUPS


   5.  REFERENCE ATOM COORDINATES

  default_name                                                                    
     Mask :1-277@N,CA,C,O; matches  1108 atoms

--------------------------------------------------------------------------------
   3.  ATOMIC COORDINATES AND VELOCITIES
--------------------------------------------------------------------------------

default_name                                                                    
 begin time read from input coords =  1840.000 ps

 
 Number of triangulated 3-point waters found:    12424

     Sum of charges from parm topology file =  -0.00000014
     Forcing neutrality...

| Dynamic Memory, Types Used:
| Reals             1922650
| Integers          1476360

| Nonbonded Pairs Initial Allocation:    12639825

| GPU memory information (estimate):
| KB of GPU memory in use:    333977
| KB of CPU memory in use:     63449

--------------------------------------------------------------------------------
   4.  RESULTS
--------------------------------------------------------------------------------

 ---------------------------------------------------
 APPROXIMATING switch and d/dx switch using CUBIC SPLINE INTERPOLATION
 using   5000.0 points per unit in tabled values
 TESTING RELATIVE ERROR over r ranging from 0.0 to cutoff
| CHECK switch(x): max rel err =   0.2738E-14   at   2.422500
| CHECK d/dx switch(x): max rel err =   0.8314E-11   at   2.736960
 ---------------------------------------------------
|---------------------------------------------------
| APPROXIMATING direct energy using CUBIC SPLINE INTERPOLATION
|  with   50.0 points per unit in tabled values
| Relative Error Limit not exceeded for r .gt.   2.33
| APPROXIMATING direct force using CUBIC SPLINE INTERPOLATION
|  with   50.0 points per unit in tabled values
| Relative Error Limit not exceeded for r .gt.   2.80
|---------------------------------------------------
wrapping first mol.:       27.15703       38.40584       66.52085
wrapping first mol.:       27.15703       38.40584       66.52085

 NSTEP =      500   TIME(PS) =    1841.000  TEMP(K) =   301.21  PRESS =  -176.2
 Etot   =    -99900.5455  EKtot   =     25679.5352  EPtot      =   -125580.0806
 BOND   =       901.4364  ANGLE   =      2384.3806  DIHED      =      3498.1853
 1-4 NB =      1017.8448  1-4 EEL =     12261.1833  VDWAALS    =     14820.2990
 EELEC  =   -160573.8525  EHBOND  =         0.0000  RESTRAINT  =       110.4426
 EAMBER (non-restraint)  =   -125690.5232
 EKCMT  =     11204.6220  VIRIAL  =     12787.9963  VOLUME     =    416289.3047
                                                    Density    =         1.0195
 ------------------------------------------------------------------------------

wrapping first mol.:       27.16355       38.41506       66.53682
wrapping first mol.:       27.16355       38.41506       66.53682

 NSTEP =     1000   TIME(PS) =    1842.000  TEMP(K) =   298.66  PRESS =   -64.7
 Etot   =   -100384.6122  EKtot   =     25461.8711  EPtot      =   -125846.4833
 BOND   =       853.0032  ANGLE   =      2316.9640  DIHED      =      3502.3311
 1-4 NB =      1029.2103  1-4 EEL =     12240.8451  VDWAALS    =     14849.1575
 EELEC  =   -160766.6347  EHBOND  =         0.0000  RESTRAINT  =       128.6403
 EAMBER (non-restraint)  =   -125975.1235
 EKCMT  =     11114.4197  VIRIAL  =     11696.2416  VOLUME     =    416585.0877
                                                    Density    =         1.0188
 ------------------------------------------------------------------------------

wrapping first mol.:       27.16229       38.41327       66.53373
wrapping first mol.:       27.16229       38.41327       66.53373

 NSTEP =     1500   TIME(PS) =    1843.000  TEMP(K) =   299.59  PRESS =  -138.1
 Etot   =   -100131.7609  EKtot   =     25541.4785  EPtot      =   -125673.2394
 BOND   =       859.6013  ANGLE   =      2386.9133  DIHED      =      3504.5400
 1-4 NB =      1029.4376  1-4 EEL =     12200.7803  VDWAALS    =     14897.3406
 EELEC  =   -160668.6520  EHBOND  =         0.0000  RESTRAINT  =       116.7996
 EAMBER (non-restraint)  =   -125790.0389
 EKCMT  =     11215.0023  VIRIAL  =     12456.7404  VOLUME     =    416529.7410
                                                    Density    =         1.0190
 ------------------------------------------------------------------------------

wrapping first mol.:       27.14512       38.38899       66.49168
wrapping first mol.:       27.14512       38.38899       66.49168

 NSTEP =     2000   TIME(PS) =    1844.000  TEMP(K) =   299.27  PRESS =   -49.0
 Etot   =   -100198.3316  EKtot   =     25514.1895  EPtot      =   -125712.5211
 BOND   =       862.5480  ANGLE   =      2321.6282  DIHED      =      3504.8473
 1-4 NB =      1012.9921  1-4 EEL =     12257.9497  VDWAALS    =     14952.9059
 EELEC  =   -160751.9310  EHBOND  =         0.0000  RESTRAINT  =       126.5387
 EAMBER (non-restraint)  =   -125839.0598
 EKCMT  =     11098.8826  VIRIAL  =     11538.6006  VOLUME     =    415737.0646
                                                    Density    =         1.0209
 ------------------------------------------------------------------------------

wrapping first mol.:       27.16494       38.41703       66.54024
wrapping first mol.:       27.16494       38.41703       66.54024

 NSTEP =     2500   TIME(PS) =    1845.000  TEMP(K) =   301.14  PRESS =   -50.5
 Etot   =    -99757.4961  EKtot   =     25673.3047  EPtot      =   -125430.8008
 BOND   =       866.4258  ANGLE   =      2356.5659  DIHED      =      3508.0774
 1-4 NB =      1013.9639  1-4 EEL =     12286.9856  VDWAALS    =     14875.8959
 EELEC  =   -160460.3599  EHBOND  =         0.0000  RESTRAINT  =       121.6446
 EAMBER (non-restraint)  =   -125552.4454
 EKCMT  =     11299.3745  VIRIAL  =     11753.8251  VOLUME     =    416648.7996
                                                    Density    =         1.0187
 ------------------------------------------------------------------------------

wrapping first mol.:       27.16327       38.41466       66.53614
wrapping first mol.:       27.16327       38.41466       66.53614

 NSTEP =     3000   TIME(PS) =    1846.000  TEMP(K) =   299.50  PRESS =   -72.5
 Etot   =   -100228.3882  EKtot   =     25533.2383  EPtot      =   -125761.6264
 BOND   =       859.4461  ANGLE   =      2307.4850  DIHED      =      3509.6465
 1-4 NB =      1011.9139  1-4 EEL =     12283.6636  VDWAALS    =     14852.7092
 EELEC  =   -160712.5414  EHBOND  =         0.0000  RESTRAINT  =       126.0507
 EAMBER (non-restraint)  =   -125887.6771
 EKCMT  =     11116.2718  VIRIAL  =     11768.3976  VOLUME     =    416572.5194
                                                    Density    =         1.0189
 ------------------------------------------------------------------------------

wrapping first mol.:       27.16828       38.42174       66.54841
wrapping first mol.:       27.16828       38.42174       66.54841

 NSTEP =     3500   TIME(PS) =    1847.000  TEMP(K) =   298.68  PRESS =   -41.4
 Etot   =   -100416.3703  EKtot   =     25463.3867  EPtot      =   -125879.7571
 BOND   =       858.0251  ANGLE   =      2348.0029  DIHED      =      3525.9635
 1-4 NB =      1021.3583  1-4 EEL =     12251.2044  VDWAALS    =     14814.0101
 EELEC  =   -160827.8797  EHBOND  =         0.0000  RESTRAINT  =       129.5584
 EAMBER (non-restraint)  =   -126009.3154
 EKCMT  =     11096.9147  VIRIAL  =     11469.4113  VOLUME     =    416801.7824
                                                    Density    =         1.0183
 ------------------------------------------------------------------------------

wrapping first mol.:       27.17088       38.42542       66.55477
wrapping first mol.:       27.17088       38.42542       66.55477

 NSTEP =     4000   TIME(PS) =    1848.000  TEMP(K) =   301.12  PRESS =   164.2
 Etot   =    -99968.1759  EKtot   =     25671.4004  EPtot      =   -125639.5763
 BOND   =       846.7128  ANGLE   =      2337.5816  DIHED      =      3503.7481
 1-4 NB =      1019.2209  1-4 EEL =     12289.4950  VDWAALS    =     14996.1345
 EELEC  =   -160752.1031  EHBOND  =         0.0000  RESTRAINT  =       119.6339
 EAMBER (non-restraint)  =   -125759.2101
 EKCMT  =     11233.4526  VIRIAL  =      9755.6337  VOLUME     =    416913.7738
                                                    Density    =         1.0180
 ------------------------------------------------------------------------------

wrapping first mol.:       27.17387       38.42965       66.56210
wrapping first mol.:       27.17387       38.42965       66.56210

 NSTEP =     4500   TIME(PS) =    1849.000  TEMP(K) =   298.28  PRESS =   221.5
 Etot   =   -100142.9510  EKtot   =     25429.1836  EPtot      =   -125572.1346
 BOND   =       835.8337  ANGLE   =      2317.7992  DIHED      =      3518.9891
 1-4 NB =      1042.2449  1-4 EEL =     12273.9851  VDWAALS    =     15095.5223
 EELEC  =   -160788.1640  EHBOND  =         0.0000  RESTRAINT  =       131.6550
 EAMBER (non-restraint)  =   -125703.7897
 EKCMT  =     11091.5009  VIRIAL  =      9097.1480  VOLUME     =    417049.3037
                                                    Density    =         1.0177
 ------------------------------------------------------------------------------

wrapping first mol.:       27.16466       38.41663       66.53954
wrapping first mol.:       27.16466       38.41663       66.53954

 NSTEP =     5000   TIME(PS) =    1850.000  TEMP(K) =   299.58  PRESS =  -138.9
 Etot   =   -100005.0874  EKtot   =     25539.8633  EPtot      =   -125544.9507
 BOND   =       849.0895  ANGLE   =      2342.8312  DIHED      =      3472.2936
 1-4 NB =      1006.6959  1-4 EEL =     12225.3240  VDWAALS    =     14771.0289
 EELEC  =   -160345.2806  EHBOND  =         0.0000  RESTRAINT  =       133.0668
 EAMBER (non-restraint)  =   -125678.0175
 EKCMT  =     10973.8880  VIRIAL  =     12223.3164  VOLUME     =    416638.9150
                                                    Density    =         1.0187
 ------------------------------------------------------------------------------

wrapping first mol.:       27.15323       38.40046       66.51155
wrapping first mol.:       27.15323       38.40046       66.51155

 NSTEP =     5500   TIME(PS) =    1851.000  TEMP(K) =   300.06  PRESS =   272.8
 Etot   =    -99782.8881  EKtot   =     25581.1133  EPtot      =   -125364.0014
 BOND   =       843.9480  ANGLE   =      2325.6022  DIHED      =      3499.6440
 1-4 NB =      1021.5116  1-4 EEL =     12238.3714  VDWAALS    =     14982.9713
 EELEC  =   -160406.7000  EHBOND  =         0.0000  RESTRAINT  =       130.6500
 EAMBER (non-restraint)  =   -125494.6514
 EKCMT  =     11042.2677  VIRIAL  =      8591.7478  VOLUME     =    416097.9209
                                                    Density    =         1.0200
 ------------------------------------------------------------------------------

wrapping first mol.:       27.14509       38.38895       66.49161
wrapping first mol.:       27.14509       38.38895       66.49161

 NSTEP =     6000   TIME(PS) =    1852.000  TEMP(K) =   296.95  PRESS =   166.8
 Etot   =   -100143.1892  EKtot   =     25316.1465  EPtot      =   -125459.3357
 BOND   =       865.5603  ANGLE   =      2352.2944  DIHED      =      3473.0712
 1-4 NB =      1029.3546  1-4 EEL =     12287.8632  VDWAALS    =     14882.6787
 EELEC  =   -160474.2036  EHBOND  =         0.0000  RESTRAINT  =       124.0455
 EAMBER (non-restraint)  =   -125583.3812
 EKCMT  =     10990.0033  VIRIAL  =      9492.9296  VOLUME     =    415727.7824
                                                    Density    =         1.0209
 ------------------------------------------------------------------------------

wrapping first mol.:       27.15816       38.40744       66.52363
wrapping first mol.:       27.15816       38.40744       66.52363

 NSTEP =     6500   TIME(PS) =    1853.000  TEMP(K) =   299.09  PRESS =   -56.0
 Etot   =   -100407.1535  EKtot   =     25498.4961  EPtot      =   -125905.6496
 BOND   =       867.7852  ANGLE   =      2359.6217  DIHED      =      3536.5395
 1-4 NB =      1017.5919  1-4 EEL =     12269.1455  VDWAALS    =     14915.4045
 EELEC  =   -160995.7177  EHBOND  =         0.0000  RESTRAINT  =       123.9797
 EAMBER (non-restraint)  =   -126029.6293
 EKCMT  =     11150.8731  VIRIAL  =     11654.2704  VOLUME     =    416337.0298
                                                    Density    =         1.0194
 ------------------------------------------------------------------------------

wrapping first mol.:       27.15299       38.40013       66.51097
wrapping first mol.:       27.15299       38.40013       66.51097

 NSTEP =     7000   TIME(PS) =    1854.000  TEMP(K) =   300.19  PRESS =  -208.1
 Etot   =   -100387.9445  EKtot   =     25592.1230  EPtot      =   -125980.0676
 BOND   =       853.3355  ANGLE   =      2258.1834  DIHED      =      3492.9385
 1-4 NB =      1018.1379  1-4 EEL =     12272.5119  VDWAALS    =     14660.8769
 EELEC  =   -160671.3422  EHBOND  =         0.0000  RESTRAINT  =       135.2905
 EAMBER (non-restraint)  =   -126115.3581
 EKCMT  =     11158.4746  VIRIAL  =     13027.9697  VOLUME     =    416104.9416
                                                    Density    =         1.0200
 ------------------------------------------------------------------------------

wrapping first mol.:       27.16074       38.41108       66.52994
wrapping first mol.:       27.16074       38.41108       66.52994

 NSTEP =     7500   TIME(PS) =    1855.000  TEMP(K) =   301.96  PRESS =    -3.8
 Etot   =    -99490.5735  EKtot   =     25743.3320  EPtot      =   -125233.9055
 BOND   =       883.7522  ANGLE   =      2388.7610  DIHED      =      3511.4059
 1-4 NB =      1015.7920  1-4 EEL =     12245.5765  VDWAALS    =     14803.5279
 EELEC  =   -160216.7130  EHBOND  =         0.0000  RESTRAINT  =       133.9921
 EAMBER (non-restraint)  =   -125367.8975
 EKCMT  =     11174.1172  VIRIAL  =     11208.1028  VOLUME     =    416453.4990
                                                    Density    =         1.0191
 ------------------------------------------------------------------------------

wrapping first mol.:       27.16253       38.41361       66.53432
wrapping first mol.:       27.16253       38.41361       66.53432

 NSTEP =     8000   TIME(PS) =    1856.000  TEMP(K) =   301.18  PRESS =   -56.9
 Etot   =   -100074.6405  EKtot   =     25677.0215  EPtot      =   -125751.6620
 BOND   =       804.9257  ANGLE   =      2326.5951  DIHED      =      3509.9825
 1-4 NB =      1062.6964  1-4 EEL =     12359.0716  VDWAALS    =     15077.3020
 EELEC  =   -161011.6915  EHBOND  =         0.0000  RESTRAINT  =       119.4562
 EAMBER (non-restraint)  =   -125871.1182
 EKCMT  =     11187.3966  VIRIAL  =     11699.0631  VOLUME     =    416537.7753
                                                    Density    =         1.0189
 ------------------------------------------------------------------------------

wrapping first mol.:       27.17831       38.43593       66.57298
wrapping first mol.:       27.17831       38.43593       66.57298

 NSTEP =     8500   TIME(PS) =    1857.000  TEMP(K) =   301.10  PRESS =   -33.1
 Etot   =    -99736.4939  EKtot   =     25669.7285  EPtot      =   -125406.2224
 BOND   =       859.9925  ANGLE   =      2334.5668  DIHED      =      3502.0844
 1-4 NB =      1015.2274  1-4 EEL =     12263.0085  VDWAALS    =     14905.7383
 EELEC  =   -160412.2661  EHBOND  =         0.0000  RESTRAINT  =       125.4258
 EAMBER (non-restraint)  =   -125531.6482
 EKCMT  =     11183.6303  VIRIAL  =     11481.8877  VOLUME     =    417263.2941
                                                    Density    =         1.0172
 ------------------------------------------------------------------------------

wrapping first mol.:       27.17877       38.43659       66.57412
wrapping first mol.:       27.17877       38.43659       66.57412

 NSTEP =     9000   TIME(PS) =    1858.000  TEMP(K) =   300.06  PRESS =    66.0
 Etot   =   -100084.8935  EKtot   =     25581.2090  EPtot      =   -125666.1025
 BOND   =       865.3580  ANGLE   =      2306.9789  DIHED      =      3527.8195
 1-4 NB =      1020.7941  1-4 EEL =     12245.5769  VDWAALS    =     15066.9983
 EELEC  =   -160837.1988  EHBOND  =         0.0000  RESTRAINT  =       137.5705
 EAMBER (non-restraint)  =   -125803.6730
 EKCMT  =     11227.5940  VIRIAL  =     10632.6437  VOLUME     =    417281.0503
                                                    Density    =         1.0171
 ------------------------------------------------------------------------------

wrapping first mol.:       27.16914       38.42297       66.55052
wrapping first mol.:       27.16914       38.42297       66.55052

 NSTEP =     9500   TIME(PS) =    1859.000  TEMP(K) =   302.11  PRESS =    91.0
 Etot   =    -99873.7190  EKtot   =     25756.3164  EPtot      =   -125630.0355
 BOND   =       844.6458  ANGLE   =      2301.6825  DIHED      =      3517.6661
 1-4 NB =      1046.0095  1-4 EEL =     12300.5741  VDWAALS    =     14931.7353
 EELEC  =   -160699.4159  EHBOND  =         0.0000  RESTRAINT  =       127.0671
 EAMBER (non-restraint)  =   -125757.1026
 EKCMT  =     11285.2655  VIRIAL  =     10466.2255  VOLUME     =    416836.6302
                                                    Density    =         1.0182
 ------------------------------------------------------------------------------

wrapping first mol.:       27.16469       38.41667       66.53962
wrapping first mol.:       27.16469       38.41667       66.53962

 NSTEP =    10000   TIME(PS) =    1860.000  TEMP(K) =   301.07  PRESS =    48.2
 Etot   =    -99919.3545  EKtot   =     25667.0293  EPtot      =   -125586.3838
 BOND   =       845.3398  ANGLE   =      2303.9491  DIHED      =      3530.7961
 1-4 NB =      1037.9617  1-4 EEL =     12228.6513  VDWAALS    =     14775.3571
 EELEC  =   -160442.5224  EHBOND  =         0.0000  RESTRAINT  =       134.0835
 EAMBER (non-restraint)  =   -125720.4672
 EKCMT  =     11221.7279  VIRIAL  =     10788.0827  VOLUME     =    416633.3737
                                                    Density    =         1.0187
 ------------------------------------------------------------------------------

wrapping first mol.:       27.15908       38.40873       66.52587
wrapping first mol.:       27.15908       38.40873       66.52587

 NSTEP =    10500   TIME(PS) =    1861.000  TEMP(K) =   298.51  PRESS =    21.5
 Etot   =   -100140.9467  EKtot   =     25449.3477  EPtot      =   -125590.2944
 BOND   =       903.9349  ANGLE   =      2314.2975  DIHED      =      3514.2045
 1-4 NB =      1025.9643  1-4 EEL =     12244.4061  VDWAALS    =     14890.8276
 EELEC  =   -160614.9758  EHBOND  =         0.0000  RESTRAINT  =       131.0466
 EAMBER (non-restraint)  =   -125721.3410
 EKCMT  =     11077.1834  VIRIAL  =     10883.9309  VOLUME     =    416376.1500
                                                    Density    =         1.0193
 ------------------------------------------------------------------------------

wrapping first mol.:       27.16698       38.41991       66.54524
wrapping first mol.:       27.16698       38.41991       66.54524

 NSTEP =    11000   TIME(PS) =    1862.000  TEMP(K) =   301.00  PRESS =    81.9
 Etot   =    -99699.5409  EKtot   =     25661.5332  EPtot      =   -125361.0741
 BOND   =       865.8480  ANGLE   =      2406.2862  DIHED      =      3480.7336
 1-4 NB =      1053.7116  1-4 EEL =     12214.0969  VDWAALS    =     14973.3507
 EELEC  =   -160482.2493  EHBOND  =         0.0000  RESTRAINT  =       127.1481
 EAMBER (non-restraint)  =   -125488.2222
 EKCMT  =     11203.4054  VIRIAL  =     10466.4674  VOLUME     =    416737.6982
                                                    Density    =         1.0185
 ------------------------------------------------------------------------------

wrapping first mol.:       27.17196       38.42695       66.55742
wrapping first mol.:       27.17196       38.42695       66.55742

 NSTEP =    11500   TIME(PS) =    1863.000  TEMP(K) =   300.28  PRESS =    45.0
 Etot   =    -99939.2073  EKtot   =     25599.5391  EPtot      =   -125538.7463
 BOND   =       869.9782  ANGLE   =      2358.8109  DIHED      =      3500.6705
 1-4 NB =      1034.4435  1-4 EEL =     12214.7790  VDWAALS    =     14898.6967
 EELEC  =   -160554.9306  EHBOND  =         0.0000  RESTRAINT  =       138.8054
 EAMBER (non-restraint)  =   -125677.5518
 EKCMT  =     11177.2016  VIRIAL  =     10771.8455  VOLUME     =    416968.0320
                                                    Density    =         1.0179
 ------------------------------------------------------------------------------

wrapping first mol.:       27.15027       38.39627       66.50429
wrapping first mol.:       27.15027       38.39627       66.50429

 NSTEP =    12000   TIME(PS) =    1864.000  TEMP(K) =   298.56  PRESS =  -169.7
 Etot   =   -100598.2491  EKtot   =     25453.5195  EPtot      =   -126051.7687
 BOND   =       885.0410  ANGLE   =      2367.5603  DIHED      =      3476.5408
 1-4 NB =      1046.9910  1-4 EEL =     12256.6102  VDWAALS    =     14737.1023
 EELEC  =   -160945.7878  EHBOND  =         0.0000  RESTRAINT  =       124.1737
 EAMBER (non-restraint)  =   -126175.9423
 EKCMT  =     11023.5787  VIRIAL  =     12547.8480  VOLUME     =    415978.1774
                                                    Density    =         1.0203
 ------------------------------------------------------------------------------

wrapping first mol.:       27.14860       38.39392       66.50022
wrapping first mol.:       27.14860       38.39392       66.50022

 NSTEP =    12500   TIME(PS) =    1865.000  TEMP(K) =   301.68  PRESS =  -126.4
 Etot   =   -100144.1471  EKtot   =     25718.8594  EPtot      =   -125863.0065
 BOND   =       873.9076  ANGLE   =      2282.3130  DIHED      =      3528.3073
 1-4 NB =      1008.2457  1-4 EEL =     12197.5632  VDWAALS    =     14815.6747
 EELEC  =   -160696.0913  EHBOND  =         0.0000  RESTRAINT  =       127.0732
 EAMBER (non-restraint)  =   -125990.0797
 EKCMT  =     11212.2188  VIRIAL  =     12347.0868  VOLUME     =    415900.1659
                                                    Density    =         1.0205
 ------------------------------------------------------------------------------

wrapping first mol.:       27.15565       38.40388       66.51747
wrapping first mol.:       27.15565       38.40388       66.51747

 NSTEP =    13000   TIME(PS) =    1866.000  TEMP(K) =   300.25  PRESS =   349.3
 Etot   =   -100170.4051  EKtot   =     25597.2891  EPtot      =   -125767.6942
 BOND   =       891.3523  ANGLE   =      2412.8476  DIHED      =      3483.3672
 1-4 NB =      1018.5883  1-4 EEL =     12238.5966  VDWAALS    =     15087.0658
 EELEC  =   -161024.6061  EHBOND  =         0.0000  RESTRAINT  =       125.0940
 EAMBER (non-restraint)  =   -125892.7882
 EKCMT  =     11123.1043  VIRIAL  =      7984.1957  VOLUME     =    416206.3618
                                                    Density    =         1.0198
 ------------------------------------------------------------------------------

wrapping first mol.:       27.15477       38.40265       66.51534
wrapping first mol.:       27.15477       38.40265       66.51534

 NSTEP =    13500   TIME(PS) =    1867.000  TEMP(K) =   300.02  PRESS =   -28.3
 Etot   =    -99928.8088  EKtot   =     25577.7344  EPtot      =   -125506.5432
 BOND   =       847.1801  ANGLE   =      2361.3760  DIHED      =      3497.6612
 1-4 NB =      1032.8774  1-4 EEL =     12224.0985  VDWAALS    =     14806.9384
 EELEC  =   -160409.3188  EHBOND  =         0.0000  RESTRAINT  =       132.6441
 EAMBER (non-restraint)  =   -125639.1873
 EKCMT  =     11119.5515  VIRIAL  =     11374.2532  VOLUME     =    416180.2304
                                                    Density    =         1.0198
 ------------------------------------------------------------------------------

wrapping first mol.:       27.16912       38.42294       66.55049
wrapping first mol.:       27.16912       38.42294       66.55049

 NSTEP =    14000   TIME(PS) =    1868.000  TEMP(K) =   301.47  PRESS =     0.3
 Etot   =   -100085.4677  EKtot   =     25701.0801  EPtot      =   -125786.5478
 BOND   =       868.6212  ANGLE   =      2349.6707  DIHED      =      3503.8881
 1-4 NB =      1021.7388  1-4 EEL =     12207.9198  VDWAALS    =     14995.9016
 EELEC  =   -160862.2905  EHBOND  =         0.0000  RESTRAINT  =       128.0025
 EAMBER (non-restraint)  =   -125914.5502
 EKCMT  =     11191.4802  VIRIAL  =     11188.4964  VOLUME     =    416839.3093
                                                    Density    =         1.0182
 ------------------------------------------------------------------------------

wrapping first mol.:       27.18121       38.44004       66.58009
wrapping first mol.:       27.18121       38.44004       66.58009

 NSTEP =    14500   TIME(PS) =    1869.000  TEMP(K) =   298.34  PRESS =    46.1
 Etot   =   -100099.5820  EKtot   =     25434.7363  EPtot      =   -125534.3184
 BOND   =       831.7017  ANGLE   =      2378.8702  DIHED      =      3493.7838
 1-4 NB =      1020.1481  1-4 EEL =     12259.8145  VDWAALS    =     15062.5723
 EELEC  =   -160710.3436  EHBOND  =         0.0000  RESTRAINT  =       129.1347
 EAMBER (non-restraint)  =   -125663.4530
 EKCMT  =     11208.1732  VIRIAL  =     10792.7220  VOLUME     =    417394.2179
                                                    Density    =         1.0168
 ------------------------------------------------------------------------------

wrapping first mol.:       27.17906       38.43699       66.57481
wrapping first mol.:       27.17906       38.43699       66.57481

 NSTEP =    15000   TIME(PS) =    1870.000  TEMP(K) =   302.13  PRESS =     6.2
 Etot   =    -99928.9105  EKtot   =     25757.9180  EPtot      =   -125686.8285
 BOND   =       867.0929  ANGLE   =      2305.3611  DIHED      =      3481.0453
 1-4 NB =      1047.1047  1-4 EEL =     12221.5603  VDWAALS    =     14916.4562
 EELEC  =   -160661.7014  EHBOND  =         0.0000  RESTRAINT  =       136.2524
 EAMBER (non-restraint)  =   -125823.0809
 EKCMT  =     11260.3155  VIRIAL  =     11204.0308  VOLUME     =    417296.3342
                                                    Density    =         1.0171
 ------------------------------------------------------------------------------

wrapping first mol.:       27.15966       38.40956       66.52730
wrapping first mol.:       27.15966       38.40956       66.52730

 NSTEP =    15500   TIME(PS) =    1871.000  TEMP(K) =   300.05  PRESS =   -10.5
 Etot   =   -100090.2908  EKtot   =     25580.2832  EPtot      =   -125670.5740
 BOND   =       829.4876  ANGLE   =      2337.9713  DIHED      =      3468.4574
 1-4 NB =      1039.9876  1-4 EEL =     12266.4351  VDWAALS    =     14796.1084
 EELEC  =   -160545.9829  EHBOND  =         0.0000  RESTRAINT  =       136.9616
 EAMBER (non-restraint)  =   -125807.5356
 EKCMT  =     11068.3868  VIRIAL  =     11162.7016  VOLUME     =    416404.2029
                                                    Density    =         1.0193
 ------------------------------------------------------------------------------

wrapping first mol.:       27.17128       38.42599       66.55575
wrapping first mol.:       27.17128       38.42599       66.55575

 NSTEP =    16000   TIME(PS) =    1872.000  TEMP(K) =   298.52  PRESS =   -52.2
 Etot   =   -100208.3245  EKtot   =     25450.1465  EPtot      =   -125658.4710
 BOND   =       846.1458  ANGLE   =      2264.0110  DIHED      =      3487.4489
 1-4 NB =      1028.0656  1-4 EEL =     12283.9339  VDWAALS    =     15017.6044
 EELEC  =   -160712.0511  EHBOND  =         0.0000  RESTRAINT  =       126.3706
 EAMBER (non-restraint)  =   -125784.8416
 EKCMT  =     11118.1507  VIRIAL  =     11587.9817  VOLUME     =    416940.2871
                                                    Density    =         1.0180
 ------------------------------------------------------------------------------

wrapping first mol.:       27.17858       38.43632       66.57365
wrapping first mol.:       27.17858       38.43632       66.57365

 NSTEP =    16500   TIME(PS) =    1873.000  TEMP(K) =   300.27  PRESS =  -178.4
 Etot   =   -100290.7449  EKtot   =     25598.6504  EPtot      =   -125889.3953
 BOND   =       835.5109  ANGLE   =      2284.0706  DIHED      =      3527.0137
 1-4 NB =      1035.3078  1-4 EEL =     12191.0276  VDWAALS    =     14799.4235
 EELEC  =   -160701.9011  EHBOND  =         0.0000  RESTRAINT  =       140.1517
 EAMBER (non-restraint)  =   -126029.5470
 EKCMT  =     11042.3426  VIRIAL  =     12649.4790  VOLUME     =    417281.3174
                                                    Density    =         1.0171
 ------------------------------------------------------------------------------

wrapping first mol.:       27.16851       38.42208       66.54899
wrapping first mol.:       27.16851       38.42208       66.54899

 NSTEP =    17000   TIME(PS) =    1874.000  TEMP(K) =   301.26  PRESS =    79.8
 Etot   =    -99838.1033  EKtot   =     25683.5469  EPtot      =   -125521.6502
 BOND   =       850.6694  ANGLE   =      2343.4993  DIHED      =      3518.6650
 1-4 NB =      1017.9131  1-4 EEL =     12258.5801  VDWAALS    =     14764.2035
 EELEC  =   -160407.9191  EHBOND  =         0.0000  RESTRAINT  =       132.7385
 EAMBER (non-restraint)  =   -125654.3887
 EKCMT  =     11187.3690  VIRIAL  =     10469.2878  VOLUME     =    416808.2453
                                                    Density    =         1.0183
 ------------------------------------------------------------------------------

wrapping first mol.:       27.17093       38.42550       66.55490
wrapping first mol.:       27.17093       38.42550       66.55490

 NSTEP =    17500   TIME(PS) =    1875.000  TEMP(K) =   299.91  PRESS =   179.7
 Etot   =   -100135.9200  EKtot   =     25568.6152  EPtot      =   -125704.5352
 BOND   =       819.1564  ANGLE   =      2297.5985  DIHED      =      3520.2867
 1-4 NB =      1006.0006  1-4 EEL =     12255.4536  VDWAALS    =     15041.4174
 EELEC  =   -160762.9306  EHBOND  =         0.0000  RESTRAINT  =       118.4821
 EAMBER (non-restraint)  =   -125823.0174
 EKCMT  =     11205.1748  VIRIAL  =      9587.9777  VOLUME     =    416915.6899
                                                    Density    =         1.0180
 ------------------------------------------------------------------------------

wrapping first mol.:       27.17976       38.43798       66.57654
wrapping first mol.:       27.17976       38.43798       66.57654

 NSTEP =    18000   TIME(PS) =    1876.000  TEMP(K) =   300.28  PRESS =    75.1
 Etot   =    -99939.4572  EKtot   =     25600.3457  EPtot      =   -125539.8029
 BOND   =       848.0909  ANGLE   =      2354.8236  DIHED      =      3498.5565
 1-4 NB =      1031.2849  1-4 EEL =     12259.8033  VDWAALS    =     15028.4498
 EELEC  =   -160690.6799  EHBOND  =         0.0000  RESTRAINT  =       129.8680
 EAMBER (non-restraint)  =   -125669.6709
 EKCMT  =     11233.3804  VIRIAL  =     10556.2660  VOLUME     =    417326.2351
                                                    Density    =         1.0170
 ------------------------------------------------------------------------------

wrapping first mol.:       27.16778       38.42105       66.54720
wrapping first mol.:       27.16778       38.42105       66.54720

 NSTEP =    18500   TIME(PS) =    1877.000  TEMP(K) =   300.95  PRESS =   -20.7
 Etot   =    -99894.1665  EKtot   =     25657.2422  EPtot      =   -125551.4087
 BOND   =       847.1395  ANGLE   =      2318.1206  DIHED      =      3513.6574
 1-4 NB =      1020.8211  1-4 EEL =     12278.3690  VDWAALS    =     14935.9313
 EELEC  =   -160591.6421  EHBOND  =         0.0000  RESTRAINT  =       126.1946
 EAMBER (non-restraint)  =   -125677.6032
 EKCMT  =     11243.7244  VIRIAL  =     11430.0637  VOLUME     =    416778.3400
                                                    Density    =         1.0184
 ------------------------------------------------------------------------------

wrapping first mol.:       27.15348       38.40083       66.51217
wrapping first mol.:       27.15348       38.40083       66.51217

 NSTEP =    19000   TIME(PS) =    1878.000  TEMP(K) =   302.82  PRESS =   -29.8
 Etot   =    -99941.3978  EKtot   =     25816.1719  EPtot      =   -125757.5697
 BOND   =       866.2684  ANGLE   =      2234.4223  DIHED      =      3515.3778
 1-4 NB =      1011.6073  1-4 EEL =     12228.6455  VDWAALS    =     14888.7572
 EELEC  =   -160636.1403  EHBOND  =         0.0000  RESTRAINT  =       133.4922
 EAMBER (non-restraint)  =   -125891.0619
 EKCMT  =     11112.2713  VIRIAL  =     11380.0478  VOLUME     =    416120.9635
                                                    Density    =         1.0200
 ------------------------------------------------------------------------------

wrapping first mol.:       27.15616       38.40461       66.51873
wrapping first mol.:       27.15616       38.40461       66.51873

 NSTEP =    19500   TIME(PS) =    1879.000  TEMP(K) =   303.91  PRESS =   -13.0
 Etot   =    -99627.6111  EKtot   =     25909.0117  EPtot      =   -125536.6228
 BOND   =       831.4614  ANGLE   =      2316.7092  DIHED      =      3463.6921
 1-4 NB =      1016.6601  1-4 EEL =     12233.9910  VDWAALS    =     14903.2031
 EELEC  =   -160425.8426  EHBOND  =         0.0000  RESTRAINT  =       123.5029
 EAMBER (non-restraint)  =   -125660.1258
 EKCMT  =     11285.2623  VIRIAL  =     11402.5448  VOLUME     =    416243.2975
                                                    Density    =         1.0197
 ------------------------------------------------------------------------------

wrapping first mol.:       27.16116       38.41168       66.53098
wrapping first mol.:       27.16116       38.41168       66.53098

 NSTEP =    20000   TIME(PS) =    1880.000  TEMP(K) =   302.14  PRESS =   208.5
 Etot   =    -99972.4394  EKtot   =     25758.1543  EPtot      =   -125730.5937
 BOND   =       823.4001  ANGLE   =      2334.1754  DIHED      =      3497.2547
 1-4 NB =      1019.6138  1-4 EEL =     12221.0851  VDWAALS    =     15095.0028
 EELEC  =   -160852.5797  EHBOND  =         0.0000  RESTRAINT  =       131.4541
 EAMBER (non-restraint)  =   -125862.0478
 EKCMT  =     11293.7558  VIRIAL  =      9419.3404  VOLUME     =    416465.1595
                                                    Density    =         1.0191
 ------------------------------------------------------------------------------

wrapping first mol.:       27.15838       38.40775       66.52418
wrapping first mol.:       27.15838       38.40775       66.52418

 NSTEP =    20500   TIME(PS) =    1881.000  TEMP(K) =   299.28  PRESS =   139.5
 Etot   =    -99987.3653  EKtot   =     25515.0859  EPtot      =   -125502.4512
 BOND   =       851.0592  ANGLE   =      2428.1182  DIHED      =      3494.6837
 1-4 NB =      1030.2421  1-4 EEL =     12225.5136  VDWAALS    =     15163.0457
 EELEC  =   -160818.2265  EHBOND  =         0.0000  RESTRAINT  =       123.1128
 EAMBER (non-restraint)  =   -125625.5640
 EKCMT  =     11129.1265  VIRIAL  =      9875.0566  VOLUME     =    416339.9831
                                                    Density    =         1.0194
 ------------------------------------------------------------------------------

wrapping first mol.:       27.16653       38.41928       66.54414
wrapping first mol.:       27.16653       38.41928       66.54414

 NSTEP =    21000   TIME(PS) =    1882.000  TEMP(K) =   298.49  PRESS =   -61.3
 Etot   =   -100147.6915  EKtot   =     25446.8945  EPtot      =   -125594.5860
 BOND   =       846.9465  ANGLE   =      2339.6874  DIHED      =      3516.2527
 1-4 NB =      1009.4875  1-4 EEL =     12241.7755  VDWAALS    =     15026.5294
 EELEC  =   -160709.0895  EHBOND  =         0.0000  RESTRAINT  =       133.8244
 EAMBER (non-restraint)  =   -125728.4104
 EKCMT  =     11097.4765  VIRIAL  =     11648.6273  VOLUME     =    416722.3787
                                                    Density    =         1.0185
 ------------------------------------------------------------------------------

wrapping first mol.:       27.16835       38.42185       66.54859
wrapping first mol.:       27.16835       38.42185       66.54859

 NSTEP =    21500   TIME(PS) =    1883.000  TEMP(K) =   299.16  PRESS =  -189.3
 Etot   =   -100015.3876  EKtot   =     25504.3105  EPtot      =   -125519.6981
 BOND   =       838.4285  ANGLE   =      2394.0719  DIHED      =      3504.7199
 1-4 NB =      1050.4872  1-4 EEL =     12274.9995  VDWAALS    =     14679.0709
 EELEC  =   -160384.6610  EHBOND  =         0.0000  RESTRAINT  =       123.1850
 EAMBER (non-restraint)  =   -125642.8831
 EKCMT  =     11066.4352  VIRIAL  =     12769.8278  VOLUME     =    416810.8367
                                                    Density    =         1.0183
 ------------------------------------------------------------------------------

wrapping first mol.:       27.15718       38.40605       66.52122
wrapping first mol.:       27.15718       38.40605       66.52122

 NSTEP =    22000   TIME(PS) =    1884.000  TEMP(K) =   300.52  PRESS =  -196.5
 Etot   =    -99996.1333  EKtot   =     25620.5859  EPtot      =   -125616.7192
 BOND   =       921.5987  ANGLE   =      2295.1864  DIHED      =      3490.9823
 1-4 NB =      1018.3813  1-4 EEL =     12257.7334  VDWAALS    =     14519.6195
 EELEC  =   -160247.0785  EHBOND  =         0.0000  RESTRAINT  =       126.8577
 EAMBER (non-restraint)  =   -125743.5769
 EKCMT  =     11155.9402  VIRIAL  =     12921.8307  VOLUME     =    416296.9573
                                                    Density    =         1.0195
 ------------------------------------------------------------------------------

wrapping first mol.:       27.17919       38.43718       66.57514
wrapping first mol.:       27.17919       38.43718       66.57514

 NSTEP =    22500   TIME(PS) =    1885.000  TEMP(K) =   301.53  PRESS =   316.8
 Etot   =    -99736.0572  EKtot   =     25706.0703  EPtot      =   -125442.1275
 BOND   =       832.3088  ANGLE   =      2332.4761  DIHED      =      3511.9227
 1-4 NB =      1025.8663  1-4 EEL =     12264.8921  VDWAALS    =     14834.6879
 EELEC  =   -160365.9612  EHBOND  =         0.0000  RESTRAINT  =       121.6797
 EAMBER (non-restraint)  =   -125563.8073
 EKCMT  =     11110.3150  VIRIAL  =      8256.4115  VOLUME     =    417290.9647
                                                    Density    =         1.0171
 ------------------------------------------------------------------------------

wrapping first mol.:       27.18090       38.43960       66.57934
wrapping first mol.:       27.18090       38.43960       66.57934

 NSTEP =    23000   TIME(PS) =    1886.000  TEMP(K) =   300.73  PRESS =    -8.6
 Etot   =   -100199.8882  EKtot   =     25638.4395  EPtot      =   -125838.3276
 BOND   =       836.7095  ANGLE   =      2336.5943  DIHED      =      3515.9284
 1-4 NB =      1025.1613  1-4 EEL =     12214.4270  VDWAALS    =     14887.3071
 EELEC  =   -160788.1737  EHBOND  =         0.0000  RESTRAINT  =       133.7184
 EAMBER (non-restraint)  =   -125972.0461
 EKCMT  =     11215.2935  VIRIAL  =     11292.4782  VOLUME     =    417381.9903
                                                    Density    =         1.0169
 ------------------------------------------------------------------------------

wrapping first mol.:       27.14669       38.39121       66.49553
wrapping first mol.:       27.14669       38.39121       66.49553

 NSTEP =    23500   TIME(PS) =    1887.000  TEMP(K) =   298.74  PRESS =   -44.8
 Etot   =   -100467.3004  EKtot   =     25468.3906  EPtot      =   -125935.6910
 BOND   =       827.2775  ANGLE   =      2372.0851  DIHED      =      3501.0357
 1-4 NB =      1033.9872  1-4 EEL =     12245.0647  VDWAALS    =     14890.7725
 EELEC  =   -160942.7492  EHBOND  =         0.0000  RESTRAINT  =       136.8353
 EAMBER (non-restraint)  =   -126072.5264
 EKCMT  =     11124.6162  VIRIAL  =     11526.5440  VOLUME     =    415809.1383
                                                    Density    =         1.0207
 ------------------------------------------------------------------------------

wrapping first mol.:       27.14947       38.39515       66.50235
wrapping first mol.:       27.14947       38.39515       66.50235

 NSTEP =    24000   TIME(PS) =    1888.000  TEMP(K) =   298.94  PRESS =   -73.9
 Etot   =   -100389.6295  EKtot   =     25485.5566  EPtot      =   -125875.1861
 BOND   =       849.7952  ANGLE   =      2330.0261  DIHED      =      3465.3697
 1-4 NB =      1011.2196  1-4 EEL =     12315.7515  VDWAALS    =     14902.8338
 EELEC  =   -160876.9508  EHBOND  =         0.0000  RESTRAINT  =       126.7688
 EAMBER (non-restraint)  =   -126001.9549
 EKCMT  =     11053.0079  VIRIAL  =     11716.2872  VOLUME     =    415938.1552
                                                    Density    =         1.0204
 ------------------------------------------------------------------------------

wrapping first mol.:       27.16529       38.41752       66.54110
wrapping first mol.:       27.16529       38.41752       66.54110

 NSTEP =    24500   TIME(PS) =    1889.000  TEMP(K) =   300.95  PRESS =   178.5
 Etot   =   -100034.3541  EKtot   =     25656.8242  EPtot      =   -125691.1783
 BOND   =       898.1999  ANGLE   =      2349.5933  DIHED      =      3507.2676
 1-4 NB =      1016.6226  1-4 EEL =     12177.9609  VDWAALS    =     14940.0983
 EELEC  =   -160706.7849  EHBOND  =         0.0000  RESTRAINT  =       125.8639
 EAMBER (non-restraint)  =   -125817.0423
 EKCMT  =     11111.8162  VIRIAL  =      9505.6264  VOLUME     =    416656.3337
                                                    Density    =         1.0186
 ------------------------------------------------------------------------------

wrapping first mol.:       27.17019       38.42446       66.55310
wrapping first mol.:       27.17019       38.42446       66.55310

 NSTEP =    25000   TIME(PS) =    1890.000  TEMP(K) =   299.30  PRESS =   -14.0
 Etot   =    -99997.5002  EKtot   =     25516.4609  EPtot      =   -125513.9612
 BOND   =       823.6504  ANGLE   =      2286.0492  DIHED      =      3498.0074
 1-4 NB =      1020.4022  1-4 EEL =     12264.9104  VDWAALS    =     14749.5174
 EELEC  =   -160283.8735  EHBOND  =         0.0000  RESTRAINT  =       127.3753
 EAMBER (non-restraint)  =   -125641.3364
 EKCMT  =     11080.7598  VIRIAL  =     11207.1495  VOLUME     =    416889.0663
                                                    Density    =         1.0181
 ------------------------------------------------------------------------------

wrapping first mol.:       27.15078       38.39700       66.50555
wrapping first mol.:       27.15078       38.39700       66.50555

 NSTEP =    25500   TIME(PS) =    1891.000  TEMP(K) =   298.07  PRESS =   -80.9
 Etot   =   -100155.8576  EKtot   =     25411.9258  EPtot      =   -125567.7834
 BOND   =       827.9403  ANGLE   =      2404.2454  DIHED      =      3506.8284
 1-4 NB =      1022.8600  1-4 EEL =     12224.7775  VDWAALS    =     15002.0174
 EELEC  =   -160692.4273  EHBOND  =         0.0000  RESTRAINT  =       135.9750
 EAMBER (non-restraint)  =   -125703.7584
 EKCMT  =     11126.6875  VIRIAL  =     11853.5789  VOLUME     =    415998.5243
                                                    Density    =         1.0203
 ------------------------------------------------------------------------------

wrapping first mol.:       27.15611       38.40454       66.51860
wrapping first mol.:       27.15611       38.40454       66.51860

 NSTEP =    26000   TIME(PS) =    1892.000  TEMP(K) =   299.69  PRESS =   127.4
 Etot   =    -99999.2699  EKtot   =     25549.7227  EPtot      =   -125548.9925
 BOND   =       886.7547  ANGLE   =      2342.4801  DIHED      =      3506.6403
 1-4 NB =      1024.0645  1-4 EEL =     12283.9233  VDWAALS    =     15168.2832
 EELEC  =   -160896.8263  EHBOND  =         0.0000  RESTRAINT  =       135.6876
 EAMBER (non-restraint)  =   -125684.6802
 EKCMT  =     11096.0656  VIRIAL  =      9950.6897  VOLUME     =    416235.7875
                                                    Density    =         1.0197
 ------------------------------------------------------------------------------

wrapping first mol.:       27.16295       38.41422       66.53537
wrapping first mol.:       27.16295       38.41422       66.53537

 NSTEP =    26500   TIME(PS) =    1893.000  TEMP(K) =   300.65  PRESS =  -194.7
 Etot   =   -100036.3959  EKtot   =     25631.0586  EPtot      =   -125667.4545
 BOND   =       843.1947  ANGLE   =      2341.0081  DIHED      =      3478.1075
 1-4 NB =      1021.5674  1-4 EEL =     12227.0164  VDWAALS    =     14769.9259
 EELEC  =   -160472.2362  EHBOND  =         0.0000  RESTRAINT  =       123.9617
 EAMBER (non-restraint)  =   -125791.4162
 EKCMT  =     11135.0198  VIRIAL  =     12885.8881  VOLUME     =    416562.5386
                                                    Density    =         1.0189
 ------------------------------------------------------------------------------

wrapping first mol.:       27.16215       38.41308       66.53340
wrapping first mol.:       27.16215       38.41308       66.53340

 NSTEP =    27000   TIME(PS) =    1894.000  TEMP(K) =   299.20  PRESS =   183.5
 Etot   =    -99958.4264  EKtot   =     25508.0020  EPtot      =   -125466.4283
 BOND   =       823.2941  ANGLE   =      2350.0318  DIHED      =      3501.9623
 1-4 NB =      1037.1119  1-4 EEL =     12243.9423  VDWAALS    =     15044.9527
 EELEC  =   -160607.0056  EHBOND  =         0.0000  RESTRAINT  =       139.2821
 EAMBER (non-restraint)  =   -125605.7104
 EKCMT  =     11059.7529  VIRIAL  =      9409.3667  VOLUME     =    416511.6107
                                                    Density    =         1.0190
 ------------------------------------------------------------------------------

wrapping first mol.:       27.15984       38.40982       66.52775
wrapping first mol.:       27.15984       38.40982       66.52775

 NSTEP =    27500   TIME(PS) =    1895.000  TEMP(K) =   297.63  PRESS =     3.1
 Etot   =   -100330.2135  EKtot   =     25373.9219  EPtot      =   -125704.1353
 BOND   =       854.5957  ANGLE   =      2330.6941  DIHED      =      3508.6448
 1-4 NB =      1040.2198  1-4 EEL =     12237.7330  VDWAALS    =     14849.0396
 EELEC  =   -160660.4330  EHBOND  =         0.0000  RESTRAINT  =       135.3708
 EAMBER (non-restraint)  =   -125839.5061
 EKCMT  =     11203.0036  VIRIAL  =     11174.7660  VOLUME     =    416412.1324
                                                    Density    =         1.0192
 ------------------------------------------------------------------------------

wrapping first mol.:       27.14929       38.39490       66.50190
wrapping first mol.:       27.14929       38.39490       66.50190

 NSTEP =    28000   TIME(PS) =    1896.000  TEMP(K) =   298.88  PRESS =   -92.3
 Etot   =    -99982.9336  EKtot   =     25480.8164  EPtot      =   -125463.7500
 BOND   =       849.5816  ANGLE   =      2331.0611  DIHED      =      3532.7257
 1-4 NB =      1023.0139  1-4 EEL =     12237.5758  VDWAALS    =     14644.8682
 EELEC  =   -160215.0047  EHBOND  =         0.0000  RESTRAINT  =       132.4283
 EAMBER (non-restraint)  =   -125596.1782
 EKCMT  =     11202.6203  VIRIAL  =     12031.5050  VOLUME     =    415930.5424
                                                    Density    =         1.0204
 ------------------------------------------------------------------------------

wrapping first mol.:       27.17017       38.42442       66.55305
wrapping first mol.:       27.17017       38.42442       66.55305

 NSTEP =    28500   TIME(PS) =    1897.000  TEMP(K) =   301.96  PRESS =   -20.8
 Etot   =   -100302.2921  EKtot   =     25743.2012  EPtot      =   -126045.4932
 BOND   =       809.0721  ANGLE   =      2257.9629  DIHED      =      3493.6257
 1-4 NB =      1034.7191  1-4 EEL =     12236.9154  VDWAALS    =     15029.9296
 EELEC  =   -161031.0121  EHBOND  =         0.0000  RESTRAINT  =       123.2940
 EAMBER (non-restraint)  =   -126168.7872
 EKCMT  =     11238.0770  VIRIAL  =     11425.4091  VOLUME     =    416888.1933
                                                    Density    =         1.0181
 ------------------------------------------------------------------------------

wrapping first mol.:       27.16588       38.41836       66.54254
wrapping first mol.:       27.16588       38.41836       66.54254

 NSTEP =    29000   TIME(PS) =    1898.000  TEMP(K) =   301.48  PRESS =    -6.8
 Etot   =    -99868.8090  EKtot   =     25702.1445  EPtot      =   -125570.9536
 BOND   =       852.3131  ANGLE   =      2416.0115  DIHED      =      3503.4709
 1-4 NB =      1027.2760  1-4 EEL =     12195.4214  VDWAALS    =     14769.7576
 EELEC  =   -160462.8250  EHBOND  =         0.0000  RESTRAINT  =       127.6210
 EAMBER (non-restraint)  =   -125698.5745
 EKCMT  =     11271.7475  VIRIAL  =     11333.1251  VOLUME     =    416690.2844
                                                    Density    =         1.0186
 ------------------------------------------------------------------------------

wrapping first mol.:       27.16815       38.42157       66.54811
wrapping first mol.:       27.16815       38.42157       66.54811

 NSTEP =    29500   TIME(PS) =    1899.000  TEMP(K) =   300.87  PRESS =   276.7
 Etot   =    -99840.8090  EKtot   =     25650.5234  EPtot      =   -125491.3324
 BOND   =       867.5313  ANGLE   =      2300.6207  DIHED      =      3491.6615
 1-4 NB =      1048.2539  1-4 EEL =     12236.2077  VDWAALS    =     15048.5495
 EELEC  =   -160612.6990  EHBOND  =         0.0000  RESTRAINT  =       128.5419
 EAMBER (non-restraint)  =   -125619.8743
 EKCMT  =     11183.4281  VIRIAL  =      8693.0961  VOLUME     =    416784.3201
                                                    Density    =         1.0183
 ------------------------------------------------------------------------------

wrapping first mol.:       27.15566       38.40390       66.51749
wrapping first mol.:       27.15566       38.40390       66.51749

 NSTEP =    30000   TIME(PS) =    1900.000  TEMP(K) =   300.97  PRESS =  -195.4
 Etot   =   -100140.1674  EKtot   =     25658.3789  EPtot      =   -125798.5463
 BOND   =       839.8288  ANGLE   =      2417.0823  DIHED      =      3490.7173
 1-4 NB =      1031.9717  1-4 EEL =     12219.5917  VDWAALS    =     14865.2492
 EELEC  =   -160795.5973  EHBOND  =         0.0000  RESTRAINT  =       132.6100
 EAMBER (non-restraint)  =   -125931.1563
 EKCMT  =     11178.7041  VIRIAL  =     12935.1660  VOLUME     =    416226.9415
                                                    Density    =         1.0197
 ------------------------------------------------------------------------------

wrapping first mol.:       27.15738       38.40633       66.52171
wrapping first mol.:       27.15738       38.40633       66.52171

 NSTEP =    30500   TIME(PS) =    1901.000  TEMP(K) =   299.59  PRESS =    65.1
 Etot   =   -100196.6073  EKtot   =     25540.8633  EPtot      =   -125737.4706
 BOND   =       838.0827  ANGLE   =      2323.9494  DIHED      =      3523.7907
 1-4 NB =      1036.4004  1-4 EEL =     12255.4574  VDWAALS    =     15028.2756
 EELEC  =   -160885.2838  EHBOND  =         0.0000  RESTRAINT  =       141.8569
 EAMBER (non-restraint)  =   -125879.3276
 EKCMT  =     11081.0780  VIRIAL  =     10496.0493  VOLUME     =    416296.4773
                                                    Density    =         1.0195
 ------------------------------------------------------------------------------

wrapping first mol.:       27.16908       38.42288       66.55038
wrapping first mol.:       27.16908       38.42288       66.55038

 NSTEP =    31000   TIME(PS) =    1902.000  TEMP(K) =   297.60  PRESS =   324.2
 Etot   =   -100605.2781  EKtot   =     25371.3945  EPtot      =   -125976.6726
 BOND   =       807.1933  ANGLE   =      2281.4626  DIHED      =      3481.9155
 1-4 NB =      1035.8125  1-4 EEL =     12254.0286  VDWAALS    =     15033.2781
 EELEC  =   -161000.5876  EHBOND  =         0.0000  RESTRAINT  =       130.2244
 EAMBER (non-restraint)  =   -126106.8970
 EKCMT  =     11108.6122  VIRIAL  =      8191.0347  VOLUME     =    416825.2706
                                                    Density    =         1.0182
 ------------------------------------------------------------------------------

wrapping first mol.:       27.16536       38.41761       66.54125
wrapping first mol.:       27.16536       38.41761       66.54125

 NSTEP =    31500   TIME(PS) =    1903.000  TEMP(K) =   299.55  PRESS =  -120.9
 Etot   =   -100193.6305  EKtot   =     25538.0840  EPtot      =   -125731.7144
 BOND   =       851.0078  ANGLE   =      2404.5568  DIHED      =      3495.5019
 1-4 NB =      1019.1897  1-4 EEL =     12214.9714  VDWAALS    =     14897.7624
 EELEC  =   -160741.0505  EHBOND  =         0.0000  RESTRAINT  =       126.3461
 EAMBER (non-restraint)  =   -125858.0605
 EKCMT  =     11101.4225  VIRIAL  =     12189.1242  VOLUME     =    416670.3683
                                                    Density    =         1.0186
 ------------------------------------------------------------------------------

wrapping first mol.:       27.15508       38.40309       66.51609
wrapping first mol.:       27.15508       38.40309       66.51609

 NSTEP =    32000   TIME(PS) =    1904.000  TEMP(K) =   300.10  PRESS =   -10.7
 Etot   =   -100050.0497  EKtot   =     25584.5879  EPtot      =   -125634.6376
 BOND   =       816.3019  ANGLE   =      2375.7658  DIHED      =      3513.2945
 1-4 NB =      1056.4845  1-4 EEL =     12257.4479  VDWAALS    =     14915.7270
 EELEC  =   -160696.0489  EHBOND  =         0.0000  RESTRAINT  =       126.3897
 EAMBER (non-restraint)  =   -125761.0274
 EKCMT  =     11089.3211  VIRIAL  =     11185.1957  VOLUME     =    416193.7312
                                                    Density    =         1.0198
 ------------------------------------------------------------------------------

wrapping first mol.:       27.16786       38.42115       66.54738
wrapping first mol.:       27.16786       38.42115       66.54738

 NSTEP =    32500   TIME(PS) =    1905.000  TEMP(K) =   301.50  PRESS =   -25.3
 Etot   =    -99855.6984  EKtot   =     25703.7266  EPtot      =   -125559.4249
 BOND   =       823.4110  ANGLE   =      2298.8541  DIHED      =      3459.5251
 1-4 NB =      1028.3786  1-4 EEL =     12307.6567  VDWAALS    =     14986.8863
 EELEC  =   -160590.4135  EHBOND  =         0.0000  RESTRAINT  =       126.2769
 EAMBER (non-restraint)  =   -125685.7018
 EKCMT  =     11210.7704  VIRIAL  =     11438.1617  VOLUME     =    416781.9000
                                                    Density    =         1.0183
 ------------------------------------------------------------------------------

wrapping first mol.:       27.15949       38.40932       66.52690
wrapping first mol.:       27.15949       38.40932       66.52690

 NSTEP =    33000   TIME(PS) =    1906.000  TEMP(K) =   298.32  PRESS =   -64.2
 Etot   =   -100341.5234  EKtot   =     25432.9297  EPtot      =   -125774.4531
 BOND   =       861.4057  ANGLE   =      2316.6501  DIHED      =      3524.0069
 1-4 NB =      1029.9206  1-4 EEL =     12204.2150  VDWAALS    =     14625.1402
 EELEC  =   -160464.8027  EHBOND  =         0.0000  RESTRAINT  =       129.0111
 EAMBER (non-restraint)  =   -125903.4642
 EKCMT  =     11046.6387  VIRIAL  =     11623.6113  VOLUME     =    416398.6070
                                                    Density    =         1.0193
 ------------------------------------------------------------------------------

wrapping first mol.:       27.15550       38.40368       66.51712
wrapping first mol.:       27.15550       38.40368       66.51712

 NSTEP =    33500   TIME(PS) =    1907.000  TEMP(K) =   299.57  PRESS =   141.6
 Etot   =   -100467.4412  EKtot   =     25539.0039  EPtot      =   -126006.4451
 BOND   =       844.8018  ANGLE   =      2327.6624  DIHED      =      3508.4411
 1-4 NB =      1012.2610  1-4 EEL =     12188.1777  VDWAALS    =     15120.6949
 EELEC  =   -161139.5322  EHBOND  =         0.0000  RESTRAINT  =       131.0482
 EAMBER (non-restraint)  =   -126137.4933
 EKCMT  =     11092.3846  VIRIAL  =      9820.0730  VOLUME     =    416207.4196
                                                    Density    =         1.0197
 ------------------------------------------------------------------------------

wrapping first mol.:       27.15773       38.40682       66.52256
wrapping first mol.:       27.15773       38.40682       66.52256

 NSTEP =    34000   TIME(PS) =    1908.000  TEMP(K) =   298.47  PRESS =   105.9
 Etot   =   -100304.6328  EKtot   =     25445.7793  EPtot      =   -125750.4121
 BOND   =       909.7547  ANGLE   =      2355.0225  DIHED      =      3490.2508
 1-4 NB =      1031.5846  1-4 EEL =     12168.8276  VDWAALS    =     14775.3880
 EELEC  =   -160593.9694  EHBOND  =         0.0000  RESTRAINT  =       112.7290
 EAMBER (non-restraint)  =   -125863.1412
 EKCMT  =     11161.2732  VIRIAL  =     10209.6153  VOLUME     =    416310.9205
                                                    Density    =         1.0195
 ------------------------------------------------------------------------------

wrapping first mol.:       27.16578       38.41821       66.54228
wrapping first mol.:       27.16578       38.41821       66.54228

 NSTEP =    34500   TIME(PS) =    1909.000  TEMP(K) =   299.95  PRESS =    49.1
 Etot   =   -100121.2878  EKtot   =     25571.5957  EPtot      =   -125692.8835
 BOND   =       791.3046  ANGLE   =      2308.6530  DIHED      =      3506.0385
 1-4 NB =      1033.8417  1-4 EEL =     12245.0284  VDWAALS    =     15010.0716
 EELEC  =   -160724.8758  EHBOND  =         0.0000  RESTRAINT  =       137.0545
 EAMBER (non-restraint)  =   -125829.9380
 EKCMT  =     11127.1570  VIRIAL  =     10685.7413  VOLUME     =    416683.3499
                                                    Density    =         1.0186
 ------------------------------------------------------------------------------

wrapping first mol.:       27.17642       38.43325       66.56834
wrapping first mol.:       27.17642       38.43325       66.56834

 NSTEP =    35000   TIME(PS) =    1910.000  TEMP(K) =   299.47  PRESS =   205.2
 Etot   =   -100096.4121  EKtot   =     25531.0879  EPtot      =   -125627.5000
 BOND   =       862.6890  ANGLE   =      2287.6962  DIHED      =      3504.3927
 1-4 NB =      1008.7808  1-4 EEL =     12253.2267  VDWAALS    =     15014.0840
 EELEC  =   -160674.8081  EHBOND  =         0.0000  RESTRAINT  =       116.4385
 EAMBER (non-restraint)  =   -125743.9385
 EKCMT  =     11041.4669  VIRIAL  =      9193.1181  VOLUME     =    417167.3268
                                                    Density    =         1.0174
 ------------------------------------------------------------------------------

wrapping first mol.:       27.17903       38.43695       66.57474
wrapping first mol.:       27.17903       38.43695       66.57474

 NSTEP =    35500   TIME(PS) =    1911.000  TEMP(K) =   301.53  PRESS =    17.1
 Etot   =    -99749.6474  EKtot   =     25706.8887  EPtot      =   -125456.5360
 BOND   =       894.3092  ANGLE   =      2404.6088  DIHED      =      3493.5042
 1-4 NB =      1049.5896  1-4 EEL =     12246.4247  VDWAALS    =     14788.2625
 EELEC  =   -160475.3011  EHBOND  =         0.0000  RESTRAINT  =       142.0661
 EAMBER (non-restraint)  =   -125598.6022
 EKCMT  =     11105.2465  VIRIAL  =     10951.3891  VOLUME     =    417294.6812
                                                    Density    =         1.0171
 ------------------------------------------------------------------------------

wrapping first mol.:       27.17375       38.42949       66.56182
wrapping first mol.:       27.17375       38.42949       66.56182

 NSTEP =    36000   TIME(PS) =    1912.000  TEMP(K) =   300.26  PRESS =     1.6
 Etot   =   -100149.6149  EKtot   =     25598.5059  EPtot      =   -125748.1208
 BOND   =       838.5080  ANGLE   =      2311.1526  DIHED      =      3487.1149
 1-4 NB =      1056.8704  1-4 EEL =     12290.1400  VDWAALS    =     14947.5029
 EELEC  =   -160806.0630  EHBOND  =         0.0000  RESTRAINT  =       126.6533
 EAMBER (non-restraint)  =   -125874.7740
 EKCMT  =     11086.9836  VIRIAL  =     11072.1900  VOLUME     =    417052.2220
                                                    Density    =         1.0177
 ------------------------------------------------------------------------------

wrapping first mol.:       27.17293       38.42833       66.55981
wrapping first mol.:       27.17293       38.42833       66.55981

 NSTEP =    36500   TIME(PS) =    1913.000  TEMP(K) =   300.26  PRESS =    66.4
 Etot   =   -100151.1447  EKtot   =     25598.1738  EPtot      =   -125749.3185
 BOND   =       853.5833  ANGLE   =      2380.9387  DIHED      =      3494.8365
 1-4 NB =      1034.3360  1-4 EEL =     12296.4778  VDWAALS    =     14819.6443
 EELEC  =   -160756.9462  EHBOND  =         0.0000  RESTRAINT  =       127.8111
 EAMBER (non-restraint)  =   -125877.1296
 EKCMT  =     11136.6182  VIRIAL  =     10539.0848  VOLUME     =    417012.0418
                                                    Density    =         1.0178
 ------------------------------------------------------------------------------

wrapping first mol.:       27.16308       38.41439       66.53567
wrapping first mol.:       27.16308       38.41439       66.53567

 NSTEP =    37000   TIME(PS) =    1914.000  TEMP(K) =   301.30  PRESS =  -103.3
 Etot   =   -100078.5725  EKtot   =     25686.7773  EPtot      =   -125765.3498
 BOND   =       872.7611  ANGLE   =      2350.2003  DIHED      =      3500.1982
 1-4 NB =      1044.9246  1-4 EEL =     12269.9858  VDWAALS    =     15003.5667
 EELEC  =   -160932.4060  EHBOND  =         0.0000  RESTRAINT  =       125.4195
 EAMBER (non-restraint)  =   -125890.7694
 EKCMT  =     11106.8395  VIRIAL  =     12035.8272  VOLUME     =    416564.9002
                                                    Density    =         1.0189
 ------------------------------------------------------------------------------

wrapping first mol.:       27.15075       38.39695       66.50547
wrapping first mol.:       27.15075       38.39695       66.50547

 NSTEP =    37500   TIME(PS) =    1915.000  TEMP(K) =   296.29  PRESS =    67.1
 Etot   =   -100393.3072  EKtot   =     25260.0469  EPtot      =   -125653.3540
 BOND   =       846.9546  ANGLE   =      2343.8442  DIHED      =      3484.9830
 1-4 NB =      1038.6667  1-4 EEL =     12277.5493  VDWAALS    =     15110.3099
 EELEC  =   -160880.1863  EHBOND  =         0.0000  RESTRAINT  =       124.5245
 EAMBER (non-restraint)  =   -125777.8786
 EKCMT  =     10985.1314  VIRIAL  =     10382.6775  VOLUME     =    415991.4684
                                                    Density    =         1.0203
 ------------------------------------------------------------------------------

wrapping first mol.:       27.15177       38.39840       66.50797
wrapping first mol.:       27.15177       38.39840       66.50797

 NSTEP =    38000   TIME(PS) =    1916.000  TEMP(K) =   301.40  PRESS =   -99.0
 Etot   =    -99865.6967  EKtot   =     25695.2969  EPtot      =   -125560.9936
 BOND   =       849.6389  ANGLE   =      2366.5336  DIHED      =      3521.4701
 1-4 NB =      1048.7584  1-4 EEL =     12208.6448  VDWAALS    =     14653.0808
 EELEC  =   -160329.5708  EHBOND  =         0.0000  RESTRAINT  =       120.4505
 EAMBER (non-restraint)  =   -125681.4441
 EKCMT  =     11228.6112  VIRIAL  =     12117.8597  VOLUME     =    416044.7001
                                                    Density    =         1.0201
 ------------------------------------------------------------------------------

wrapping first mol.:       27.14523       38.38915       66.49196
wrapping first mol.:       27.14523       38.38915       66.49196

 NSTEP =    38500   TIME(PS) =    1917.000  TEMP(K) =   299.24  PRESS =    19.7
 Etot   =   -100141.7352  EKtot   =     25511.0156  EPtot      =   -125652.7508
 BOND   =       889.0487  ANGLE   =      2327.8329  DIHED      =      3494.2887
 1-4 NB =      1014.4619  1-4 EEL =     12278.7109  VDWAALS    =     14754.8741
 EELEC  =   -160527.0205  EHBOND  =         0.0000  RESTRAINT  =       115.0525
 EAMBER (non-restraint)  =   -125767.8033
 EKCMT  =     11022.2138  VIRIAL  =     10845.0582  VOLUME     =    415739.8085
                                                    Density    =         1.0209
 ------------------------------------------------------------------------------

wrapping first mol.:       27.14319       38.38627       66.48696
wrapping first mol.:       27.14319       38.38627       66.48696

 NSTEP =    39000   TIME(PS) =    1918.000  TEMP(K) =   301.15  PRESS =  -377.9
 Etot   =   -100082.3074  EKtot   =     25674.3945  EPtot      =   -125756.7019
 BOND   =       864.5690  ANGLE   =      2299.2301  DIHED      =      3525.8551
 1-4 NB =      1035.8651  1-4 EEL =     12240.3861  VDWAALS    =     14611.0215
 EELEC  =   -160457.4165  EHBOND  =         0.0000  RESTRAINT  =       123.7878
 EAMBER (non-restraint)  =   -125880.4897
 EKCMT  =     11209.0844  VIRIAL  =     14600.3996  VOLUME     =    415660.8708
                                                    Density    =         1.0211
 ------------------------------------------------------------------------------

wrapping first mol.:       27.16079       38.41115       66.53006
wrapping first mol.:       27.16079       38.41115       66.53006

 NSTEP =    39500   TIME(PS) =    1919.000  TEMP(K) =   301.39  PRESS =   -50.7
 Etot   =   -100026.2760  EKtot   =     25694.2988  EPtot      =   -125720.5748
 BOND   =       823.7292  ANGLE   =      2359.0790  DIHED      =      3506.6100
 1-4 NB =      1036.1200  1-4 EEL =     12265.6887  VDWAALS    =     14900.0870
 EELEC  =   -160735.1364  EHBOND  =         0.0000  RESTRAINT  =       123.2477
 EAMBER (non-restraint)  =   -125843.8225
 EKCMT  =     11181.7022  VIRIAL  =     11637.9482  VOLUME     =    416457.5291
                                                    Density    =         1.0191
 ------------------------------------------------------------------------------

wrapping first mol.:       27.16600       38.41853       66.54284
wrapping first mol.:       27.16600       38.41853       66.54284

 NSTEP =    40000   TIME(PS) =    1920.000  TEMP(K) =   296.10  PRESS =    97.2
 Etot   =    -99961.9669  EKtot   =     25243.5020  EPtot      =   -125205.4688
 BOND   =       836.5467  ANGLE   =      2360.0099  DIHED      =      3521.9610
 1-4 NB =      1026.2815  1-4 EEL =     12256.9378  VDWAALS    =     14988.9100
 EELEC  =   -160322.6076  EHBOND  =         0.0000  RESTRAINT  =       126.4919
 EAMBER (non-restraint)  =   -125331.9607
 EKCMT  =     10912.4384  VIRIAL  =     10037.9200  VOLUME     =    416692.0347
                                                    Density    =         1.0186
 ------------------------------------------------------------------------------

wrapping first mol.:       27.17166       38.42653       66.55669
wrapping first mol.:       27.17166       38.42653       66.55669

 NSTEP =    40500   TIME(PS) =    1921.000  TEMP(K) =   298.41  PRESS =   -48.2
 Etot   =    -99964.1957  EKtot   =     25440.5059  EPtot      =   -125404.7016
 BOND   =       883.7013  ANGLE   =      2331.0105  DIHED      =      3522.9913
 1-4 NB =      1032.4057  1-4 EEL =     12186.9669  VDWAALS    =     14882.0300
 EELEC  =   -160371.9355  EHBOND  =         0.0000  RESTRAINT  =       128.1282
 EAMBER (non-restraint)  =   -125532.8298
 EKCMT  =     11069.9062  VIRIAL  =     11503.4065  VOLUME     =    416957.7203
                                                    Density    =         1.0179
 ------------------------------------------------------------------------------

wrapping first mol.:       27.16891       38.42265       66.54997
wrapping first mol.:       27.16891       38.42265       66.54997

 NSTEP =    41000   TIME(PS) =    1922.000  TEMP(K) =   304.76  PRESS =    75.0
 Etot   =    -99692.9516  EKtot   =     25982.1406  EPtot      =   -125675.0923
 BOND   =       880.6049  ANGLE   =      2322.0909  DIHED      =      3466.7678
 1-4 NB =      1022.4051  1-4 EEL =     12222.6501  VDWAALS    =     14791.8556
 EELEC  =   -160504.4368  EHBOND  =         0.0000  RESTRAINT  =       122.9701
 EAMBER (non-restraint)  =   -125798.0624
 EKCMT  =     11383.5502  VIRIAL  =     10708.1740  VOLUME     =    416826.8572
                                                    Density    =         1.0182
 ------------------------------------------------------------------------------

wrapping first mol.:       27.15890       38.40848       66.52544
wrapping first mol.:       27.15890       38.40848       66.52544

 NSTEP =    41500   TIME(PS) =    1923.000  TEMP(K) =   300.09  PRESS =    44.5
 Etot   =   -100181.8659  EKtot   =     25583.8789  EPtot      =   -125765.7448
 BOND   =       879.5317  ANGLE   =      2289.0558  DIHED      =      3489.6726
 1-4 NB =      1033.5278  1-4 EEL =     12250.7897  VDWAALS    =     14979.6227
 EELEC  =   -160819.7351  EHBOND  =         0.0000  RESTRAINT  =       131.7899
 EAMBER (non-restraint)  =   -125897.5347
 EKCMT  =     11197.2618  VIRIAL  =     10796.8086  VOLUME     =    416367.2343
                                                    Density    =         1.0194
 ------------------------------------------------------------------------------

wrapping first mol.:       27.16800       38.42135       66.54772
wrapping first mol.:       27.16800       38.42135       66.54772

 NSTEP =    42000   TIME(PS) =    1924.000  TEMP(K) =   297.57  PRESS =  -167.0
 Etot   =   -100234.3347  EKtot   =     25368.6934  EPtot      =   -125603.0280
 BOND   =       862.9971  ANGLE   =      2330.7476  DIHED      =      3463.5963
 1-4 NB =      1027.8753  1-4 EEL =     12263.2208  VDWAALS    =     14796.0269
 EELEC  =   -160472.5702  EHBOND  =         0.0000  RESTRAINT  =       125.0782
 EAMBER (non-restraint)  =   -125728.1062
 EKCMT  =     11011.9947  VIRIAL  =     12515.1325  VOLUME     =    416793.5366
                                                    Density    =         1.0183
 ------------------------------------------------------------------------------

wrapping first mol.:       27.17291       38.42829       66.55975
wrapping first mol.:       27.17291       38.42829       66.55975

 NSTEP =    42500   TIME(PS) =    1925.000  TEMP(K) =   301.44  PRESS =  -113.0
 Etot   =   -100071.7843  EKtot   =     25698.3984  EPtot      =   -125770.1828
 BOND   =       821.3908  ANGLE   =      2302.7606  DIHED      =      3501.5260
 1-4 NB =      1053.2004  1-4 EEL =     12319.7529  VDWAALS    =     14784.1092
 EELEC  =   -160670.8959  EHBOND  =         0.0000  RESTRAINT  =       117.9732
 EAMBER (non-restraint)  =   -125888.1560
 EKCMT  =     11095.7111  VIRIAL  =     12112.7731  VOLUME     =    417017.5691
                                                    Density    =         1.0178
 ------------------------------------------------------------------------------

wrapping first mol.:       27.16489       38.41695       66.54010
wrapping first mol.:       27.16489       38.41695       66.54010

 NSTEP =    43000   TIME(PS) =    1926.000  TEMP(K) =   299.37  PRESS =   179.7
 Etot   =    -99988.1331  EKtot   =     25522.7402  EPtot      =   -125510.8733
 BOND   =       821.4730  ANGLE   =      2322.8070  DIHED      =      3477.1609
 1-4 NB =      1057.1525  1-4 EEL =     12281.8208  VDWAALS    =     15258.8783
 EELEC  =   -160871.6429  EHBOND  =         0.0000  RESTRAINT  =       141.4770
 EAMBER (non-restraint)  =   -125652.3504
 EKCMT  =     10999.8615  VIRIAL  =      9383.2695  VOLUME     =    416637.5371
                                                    Density    =         1.0187
 ------------------------------------------------------------------------------

wrapping first mol.:       27.17068       38.42514       66.55429
wrapping first mol.:       27.17068       38.42514       66.55429

 NSTEP =    43500   TIME(PS) =    1927.000  TEMP(K) =   298.65  PRESS =   -53.7
 Etot   =   -100236.0144  EKtot   =     25461.3184  EPtot      =   -125697.3327
 BOND   =       817.6232  ANGLE   =      2311.3879  DIHED      =      3506.4330
 1-4 NB =      1050.6906  1-4 EEL =     12302.0372  VDWAALS    =     14638.2843
 EELEC  =   -160457.5125  EHBOND  =         0.0000  RESTRAINT  =       133.7235
 EAMBER (non-restraint)  =   -125831.0563
 EKCMT  =     11076.0751  VIRIAL  =     11559.2934  VOLUME     =    416912.8578
                                                    Density    =         1.0180
 ------------------------------------------------------------------------------

wrapping first mol.:       27.15484       38.40275       66.51551
wrapping first mol.:       27.15484       38.40275       66.51551

 NSTEP =    44000   TIME(PS) =    1928.000  TEMP(K) =   296.48  PRESS =   -27.0
 Etot   =   -100610.9971  EKtot   =     25275.8496  EPtot      =   -125886.8467
 BOND   =       877.2942  ANGLE   =      2301.1224  DIHED      =      3507.4500
 1-4 NB =      1033.0070  1-4 EEL =     12155.5546  VDWAALS    =     14926.9415
 EELEC  =   -160817.9255  EHBOND  =         0.0000  RESTRAINT  =       129.7091
 EAMBER (non-restraint)  =   -126016.5558
 EKCMT  =     11005.9158  VIRIAL  =     11248.5994  VOLUME     =    416183.3691
                                                    Density    =         1.0198
 ------------------------------------------------------------------------------

wrapping first mol.:       27.15855       38.40798       66.52458
wrapping first mol.:       27.15855       38.40798       66.52458

 NSTEP =    44500   TIME(PS) =    1929.000  TEMP(K) =   301.05  PRESS =    59.1
 Etot   =    -99741.7710  EKtot   =     25665.6484  EPtot      =   -125407.4194
 BOND   =       886.7294  ANGLE   =      2299.1206  DIHED      =      3477.0327
 1-4 NB =      1035.7059  1-4 EEL =     12237.3556  VDWAALS    =     14787.7223
 EELEC  =   -160255.3258  EHBOND  =         0.0000  RESTRAINT  =       124.2399
 EAMBER (non-restraint)  =   -125531.6594
 EKCMT  =     11272.0620  VIRIAL  =     10740.7317  VOLUME     =    416350.4469
                                                    Density    =         1.0194
 ------------------------------------------------------------------------------

wrapping first mol.:       27.15653       38.40513       66.51963
wrapping first mol.:       27.15653       38.40513       66.51963

 NSTEP =    45000   TIME(PS) =    1930.000  TEMP(K) =   302.73  PRESS =   146.0
 Etot   =   -100073.3399  EKtot   =     25808.7227  EPtot      =   -125882.0626
 BOND   =       844.9665  ANGLE   =      2334.0680  DIHED      =      3525.6963
 1-4 NB =      1053.2631  1-4 EEL =     12229.3713  VDWAALS    =     15179.1434
 EELEC  =   -161181.5022  EHBOND  =         0.0000  RESTRAINT  =       132.9310
 EAMBER (non-restraint)  =   -126014.9936
 EKCMT  =     11253.4029  VIRIAL  =      9941.1259  VOLUME     =    416254.3712
                                                    Density    =         1.0196
 ------------------------------------------------------------------------------

wrapping first mol.:       27.15179       38.39843       66.50803
wrapping first mol.:       27.15179       38.39843       66.50803

 NSTEP =    45500   TIME(PS) =    1931.000  TEMP(K) =   300.39  PRESS =    13.9
 Etot   =    -99791.5594  EKtot   =     25609.6523  EPtot      =   -125401.2118
 BOND   =       866.1847  ANGLE   =      2371.3121  DIHED      =      3534.0886
 1-4 NB =      1010.9270  1-4 EEL =     12237.5549  VDWAALS    =     15073.5601
 EELEC  =   -160626.4327  EHBOND  =         0.0000  RESTRAINT  =       131.5936
 EAMBER (non-restraint)  =   -125532.8053
 EKCMT  =     11020.5447  VIRIAL  =     10895.7422  VOLUME     =    416041.6088
                                                    Density    =         1.0202
 ------------------------------------------------------------------------------

wrapping first mol.:       27.16869       38.42233       66.54943
wrapping first mol.:       27.16869       38.42233       66.54943

 NSTEP =    46000   TIME(PS) =    1932.000  TEMP(K) =   299.39  PRESS =   123.0
 Etot   =   -100207.5237  EKtot   =     25524.0117  EPtot      =   -125731.5354
 BOND   =       838.2227  ANGLE   =      2391.8456  DIHED      =      3497.9103
 1-4 NB =      1019.0583  1-4 EEL =     12264.5907  VDWAALS    =     14786.8474
 EELEC  =   -160661.3136  EHBOND  =         0.0000  RESTRAINT  =       131.3032
 EAMBER (non-restraint)  =   -125862.8386
 EKCMT  =     11113.4885  VIRIAL  =     10006.3365  VOLUME     =    416814.9101
                                                    Density    =         1.0183
 ------------------------------------------------------------------------------

wrapping first mol.:       27.17007       38.42428       66.55279
wrapping first mol.:       27.17007       38.42428       66.55279

 NSTEP =    46500   TIME(PS) =    1933.000  TEMP(K) =   298.57  PRESS =   -61.0
 Etot   =   -100420.4336  EKtot   =     25454.4844  EPtot      =   -125874.9180
 BOND   =       810.5912  ANGLE   =      2271.6163  DIHED      =      3463.7034
 1-4 NB =      1043.6240  1-4 EEL =     12261.4872  VDWAALS    =     14981.2854
 EELEC  =   -160845.4014  EHBOND  =         0.0000  RESTRAINT  =       138.1759
 EAMBER (non-restraint)  =   -126013.0939
 EKCMT  =     11155.5596  VIRIAL  =     11704.4519  VOLUME     =    416884.9611
                                                    Density    =         1.0181
 ------------------------------------------------------------------------------

wrapping first mol.:       27.17721       38.43438       66.57029
wrapping first mol.:       27.17721       38.43438       66.57029

 NSTEP =    47000   TIME(PS) =    1934.000  TEMP(K) =   302.90  PRESS =   -53.4
 Etot   =    -99529.3124  EKtot   =     25823.3945  EPtot      =   -125352.7069
 BOND   =       900.5102  ANGLE   =      2280.1129  DIHED      =      3524.4638
 1-4 NB =      1025.7067  1-4 EEL =     12251.0102  VDWAALS    =     14648.5129
 EELEC  =   -160117.9150  EHBOND  =         0.0000  RESTRAINT  =       134.8913
 EAMBER (non-restraint)  =   -125487.5982
 EKCMT  =     11198.2242  VIRIAL  =     11679.3683  VOLUME     =    417213.5541
                                                    Density    =         1.0173
 ------------------------------------------------------------------------------

wrapping first mol.:       27.18130       38.44016       66.58031
wrapping first mol.:       27.18130       38.44016       66.58031

 NSTEP =    47500   TIME(PS) =    1935.000  TEMP(K) =   299.60  PRESS =   147.5
 Etot   =   -100095.9002  EKtot   =     25542.1777  EPtot      =   -125638.0779
 BOND   =       834.9162  ANGLE   =      2329.6413  DIHED      =      3482.5239
 1-4 NB =      1013.2290  1-4 EEL =     12223.8032  VDWAALS    =     14991.9038
 EELEC  =   -160637.8942  EHBOND  =         0.0000  RESTRAINT  =       123.7989
 EAMBER (non-restraint)  =   -125761.8768
 EKCMT  =     11058.4825  VIRIAL  =      9729.3461  VOLUME     =    417394.4392
                                                    Density    =         1.0168
 ------------------------------------------------------------------------------

wrapping first mol.:       27.18840       38.45021       66.59771
wrapping first mol.:       27.18840       38.45021       66.59771

 NSTEP =    48000   TIME(PS) =    1936.000  TEMP(K) =   302.55  PRESS =  -113.9
 Etot   =    -99515.5372  EKtot   =     25793.1387  EPtot      =   -125308.6758
 BOND   =       874.6049  ANGLE   =      2368.5534  DIHED      =      3493.5862
 1-4 NB =      1012.3822  1-4 EEL =     12258.4435  VDWAALS    =     14564.0365
 EELEC  =   -160003.6828  EHBOND  =         0.0000  RESTRAINT  =       123.4002
 EAMBER (non-restraint)  =   -125432.0760
 EKCMT  =     11229.4868  VIRIAL  =     12257.0730  VOLUME     =    417731.4801
                                                    Density    =         1.0160
 ------------------------------------------------------------------------------

wrapping first mol.:       27.19209       38.45542       66.60673
wrapping first mol.:       27.19209       38.45542       66.60673

 NSTEP =    48500   TIME(PS) =    1937.000  TEMP(K) =   300.03  PRESS =    -3.9
 Etot   =   -100041.5026  EKtot   =     25578.6230  EPtot      =   -125620.1257
 BOND   =       835.7490  ANGLE   =      2359.4445  DIHED      =      3493.0728
 1-4 NB =      1014.9243  1-4 EEL =     12256.4573  VDWAALS    =     14947.9863
 EELEC  =   -160657.5760  EHBOND  =         0.0000  RESTRAINT  =       129.8161
 EAMBER (non-restraint)  =   -125749.9417
 EKCMT  =     11255.8691  VIRIAL  =     11291.4430  VOLUME     =    417897.3182
                                                    Density    =         1.0156
 ------------------------------------------------------------------------------

wrapping first mol.:       27.19473       38.45915       66.61319
wrapping first mol.:       27.19473       38.45915       66.61319

 NSTEP =    49000   TIME(PS) =    1938.000  TEMP(K) =   297.13  PRESS =   116.2
 Etot   =   -100362.9696  EKtot   =     25331.1230  EPtot      =   -125694.0926
 BOND   =       865.0330  ANGLE   =      2274.8248  DIHED      =      3519.7953
 1-4 NB =      1030.8717  1-4 EEL =     12207.7076  VDWAALS    =     15028.6676
 EELEC  =   -160743.8806  EHBOND  =         0.0000  RESTRAINT  =       122.8879
 EAMBER (non-restraint)  =   -125816.9805
 EKCMT  =     11013.9632  VIRIAL  =      9965.3820  VOLUME     =    418014.4047
                                                    Density    =         1.0153
 ------------------------------------------------------------------------------

wrapping first mol.:       27.17296       38.42837       66.55988
wrapping first mol.:       27.17296       38.42837       66.55988

 NSTEP =    49500   TIME(PS) =    1939.000  TEMP(K) =   301.69  PRESS =  -119.7
 Etot   =   -100034.9917  EKtot   =     25719.9219  EPtot      =   -125754.9136
 BOND   =       842.0205  ANGLE   =      2311.5984  DIHED      =      3518.7573
 1-4 NB =      1042.3308  1-4 EEL =     12215.1787  VDWAALS    =     14803.0416
 EELEC  =   -160615.8916  EHBOND  =         0.0000  RESTRAINT  =       128.0507
 EAMBER (non-restraint)  =   -125882.9643
 EKCMT  =     11183.8332  VIRIAL  =     12261.8907  VOLUME     =    417020.2995
                                                    Density    =         1.0178
 ------------------------------------------------------------------------------

wrapping first mol.:       27.16976       38.42384       66.55203
wrapping first mol.:       27.16976       38.42384       66.55203

 NSTEP =    50000   TIME(PS) =    1940.000  TEMP(K) =   300.07  PRESS =   256.0
 Etot   =   -100106.1305  EKtot   =     25582.0840  EPtot      =   -125688.2145
 BOND   =       846.3023  ANGLE   =      2362.0914  DIHED      =      3501.3103
 1-4 NB =      1018.6357  1-4 EEL =     12241.1491  VDWAALS    =     15036.3368
 EELEC  =   -160828.8170  EHBOND  =         0.0000  RESTRAINT  =       134.7770
 EAMBER (non-restraint)  =   -125822.9915
 EKCMT  =     11152.4104  VIRIAL  =      8848.0347  VOLUME     =    416858.8293
                                                    Density    =         1.0182
 ------------------------------------------------------------------------------


      A V E R A G E S   O V E R     100 S T E P S


 NSTEP =    50000   TIME(PS) =    1940.000  TEMP(K) =   300.06  PRESS =    11.6
 Etot   =   -100070.2885  EKtot   =     25581.2647  EPtot      =   -125651.5532
 BOND   =       852.7488  ANGLE   =      2335.0518  DIHED      =      3501.4726
 1-4 NB =      1028.8940  1-4 EEL =     12247.1155  VDWAALS    =     14900.3970
 EELEC  =   -160645.7106  EHBOND  =         0.0000  RESTRAINT  =       128.4777
 EAMBER (non-restraint)  =   -125780.0309
 EKCMT  =     11140.7420  VIRIAL  =     11036.0969  VOLUME     =    416627.9562
                                                    Density    =         1.0187
 ------------------------------------------------------------------------------


      R M S  F L U C T U A T I O N S


 NSTEP =    50000   TIME(PS) =    1940.000  TEMP(K) =     1.59  PRESS =   131.4
 Etot   =       229.2038  EKtot   =       135.3366  EPtot      =       172.9810
 BOND   =        24.9160  ANGLE   =        39.2424  DIHED      =        17.8747
 1-4 NB =        13.3728  1-4 EEL =        33.6006  VDWAALS    =       145.0815
 EELEC  =       223.8969  EHBOND  =         0.0000  RESTRAINT  =         6.3464
 EAMBER (non-restraint)  =       166.6346
 EKCMT  =        85.3600  VIRIAL  =      1188.6887  VOLUME     =       480.7487
                                                    Density    =         0.0012
 ------------------------------------------------------------------------------

--------------------------------------------------------------------------------
   5.  TIMINGS
--------------------------------------------------------------------------------

|  NonSetup CPU Time in Major Routines:
|
|     Routine           Sec        %
|     ------------------------------
|     Nonbond         240.05   88.57
|     Bond              0.00    0.00
|     Angle             0.00    0.00
|     Dihedral          0.00    0.00
|     Shake             0.31    0.12
|     RunMD            30.61   11.29
|     Other             0.07    0.03
|     ------------------------------
|     Total           271.04

|  PME Nonbond Pairlist CPU Time:
|
|     Routine              Sec        %
|     ---------------------------------
|     Set Up Cit           0.00    0.00
|     Build List           0.00    0.00
|     ---------------------------------
|     Total                0.00    0.00

|  PME Direct Force CPU Time:
|
|     Routine              Sec        %
|     ---------------------------------
|     NonBonded Calc       0.00    0.00
|     Exclude Masked       0.00    0.00
|     Other                0.03    0.01
|     ---------------------------------
|     Total                0.03    0.01

|  PME Reciprocal Force CPU Time:
|
|     Routine              Sec        %
|     ---------------------------------
|     1D bspline           0.00    0.00
|     Grid Charges         0.00    0.00
|     Scalar Sum           0.00    0.00
|     Gradient Sum         0.00    0.00
|     FFT                  0.00    0.00
|     ---------------------------------
|     Total                0.00    0.00

|  Final Performance Info:
|     -----------------------------------------------------
|     Average timings for last    9500 steps:
|     Elapsed(s) =      51.52 Per Step(ms) =       5.42
|         ns/day =      31.86   seconds/ns =    2711.44
|
|     Average timings for all steps:
|     Elapsed(s) =     388.66 Per Step(ms) =       7.77
|         ns/day =      22.23   seconds/ns =    3886.59
|     -----------------------------------------------------

|  Setup CPU time:            0.64 seconds
|  NonSetup CPU time:       271.04 seconds
|  Total CPU time:          271.68 seconds     0.08 hours

|  Setup wall time:           1    seconds
|  NonSetup wall time:      388    seconds
|  Total wall time:         389    seconds     0.11 hours
