
          -------------------------------------------------------
          Amber 16 PMEMD                              2016
          -------------------------------------------------------

| PMEMD implementation of SANDER, Release 16

| Run on 11/03/2016 at 19:21:06

|   Executable path: pmemd.cuda
| Working directory: /home/german/exs/run/1m14/mhe/e
|          Hostname: Unknown
  [-O]verwriting output

File Assignments:
|   MDIN: 22equ.in                                                              
|  MDOUT: 22equ.out                                                             
| INPCRD: 21e1m14.rst7                                                          
|   PARM: 1m14.prmtop                                                           
| RESTRT: 22e1m14.rst7                                                          
|   REFC: 21e1m14.rst7                                                          
|  MDVEL: mdvel                                                                 
|   MDEN: mden                                                                  
|  MDCRD: 22e1m14.nc                                                            
| MDINFO: mdinfo                                                                
|  MDFRC: mdfrc                                                                 


 Here is the input file:

Equilibration with solute restrictions                                         
&cntrl                                                                         
imin = 0,                           ! No Minimization                          
nmropt = 0,                         ! No NMR restraints read                   
                                                                               
! Nature and format of the input                                               
ntx = 5,                            ! Coordinates but no velocities will be rea
irest = 1,                          ! Do not run a new simulation              
                                                                               
! Nature and format of the output                                              
ntxo = 1,                           ! rstrt file in ASCII format               
ntpr = 500,                         ! inf in output every ntpr steps           
ntwr = 500,                         ! rstrt file every ntwr steps              
ntwx = 500,                         ! mdcrd file every ntwx steps              
ntwv = 0,                           ! mdvel without velocities                 
ntwe = 0,                           ! Energies and temperatures not written in 
idecomp = 0,                        ! No energy decomposition                  
iwrap = 1,                          ! Coordinates of the restart and mdcrd file
                                                                               
! Frozen or restrained atoms                                                   
ibelly = 0,                         ! No frozen atoms                          
ntr=1,                              ! Harmonic potential restraints            
restraint_wt = 0.4,                ! The weight for the positional restraints  
restraintmask = ':1-277@N,CA,C,O',  ! restrained residues                      
                                                                               
! Molecular dynamics                                                           
nstlim = 50000,                     ! Number of MD-steps                       
dt = 0.002,                         ! Time step                                
                                                                               
! Temperature regulation                                                       
ntt = 3,                            ! Langevin thermostat                      
gamma_ln = 5,                       ! Gamma constant for Langevin              
!temp0 = 300.0,                     ! Reference T at which the system is to be 
tempi = 300.0,                      ! Initial T                                
ig = -1,                            ! Seed for the RNG                         
                                                                               
! P and V regulation                                                           
ntp = 1,                            ! Constant P. Isotropic scaling            
barostat = 1,                       ! Berendsen barostat                       
taup = 1,                           ! Pressure relaxation time                 
nrespa = 1,                         ! Evaluate at each step                    
ntb = 2,                            ! Periodic box for constant P              
                                                                               
! SHAKE variables                                                              
ntc = 2,                            ! Bonds involving H are constrained        
ntf = 2,                            ! Bond interaction involving H are ommited.
                                                                               
cut = 10.0,                         ! Nonbonded cutoff                         
/                                                                              
&end                                                                           


Note: ig = -1. Setting random seed to   669665 based on wallclock time in 
      microseconds.
 
|--------------------- INFORMATION ----------------------
| GPU (CUDA) Version of PMEMD in use: NVIDIA GPU IN USE.
|                    Version 16.0.0
| 
|                      02/25/2016
| 
| Implementation by:
|                    Ross C. Walker     (SDSC)
|                    Scott Le Grand     (nVIDIA)
| 
| Precision model in use:
|      [SPFP] - Single Precision Forces, 64-bit Fixed Point
|               Accumulation. (Default)
| 
|--------------------------------------------------------
 
|----------------- CITATION INFORMATION -----------------
|
|    When publishing work that utilized the CUDA version
|    of AMBER, please cite the following in addition to
|    the regular AMBER citations:
|
|  - Romelia Salomon-Ferrer; Andreas W. Goetz; Duncan
|    Poole; Scott Le Grand; Ross C. Walker "Routine
|    microsecond molecular dynamics simulations with
|    AMBER - Part II: Particle Mesh Ewald", J. Chem.
|    Theory Comput., 2013, 9 (9), pp3878-3888,
|    DOI: 10.1021/ct400314y.
|
|  - Andreas W. Goetz; Mark J. Williamson; Dong Xu;
|    Duncan Poole; Scott Le Grand; Ross C. Walker
|    "Routine microsecond molecular dynamics simulations
|    with AMBER - Part I: Generalized Born", J. Chem.
|    Theory Comput., 2012, 8 (5), pp1542-1555.
|
|  - Scott Le Grand; Andreas W. Goetz; Ross C. Walker
|    "SPFP: Speed without compromise - a mixed precision
|    model for GPU accelerated molecular dynamics
|    simulations.", Comp. Phys. Comm., 2013, 184
|    pp374-380, DOI: 10.1016/j.cpc.2012.09.022
|
|--------------------------------------------------------
 
|------------------- GPU DEVICE INFO --------------------
|
|            CUDA_VISIBLE_DEVICES: 1
|   CUDA Capable Devices Detected:      1
|           CUDA Device ID in use:      0
|                CUDA Device Name: GeForce GTX 1060 6GB
|     CUDA Device Global Mem Size:   6072 MB
| CUDA Device Num Multiprocessors:     10
|           CUDA Device Core Freq:   1.76 GHz
|
|--------------------------------------------------------
 
 
| Conditional Compilation Defines Used:
| PUBFFT
| BINTRAJ
| CUDA
| EMIL

| Largest sphere to fit in unit cell has radius =    33.280

| New format PARM file being parsed.
| Version =    1.000 Date = 11/02/16 Time = 18:58:44

| Note: 1-4 EEL scale factors are being read from the topology file.

| Note: 1-4 VDW scale factors are being read from the topology file.
| Duplicated    0 dihedrals

| Duplicated    0 dihedrals

--------------------------------------------------------------------------------
   1.  RESOURCE   USE: 
--------------------------------------------------------------------------------

 getting new box info from bottom of inpcrd
 NATOM  =   41788 NTYPES =      17 NBONH =   39561 MBONA  =    2274
 NTHETH =    5230 MTHETA =    3076 NPHIH =   10294 MPHIA  =    9773
 NHPARM =       0 NPARM  =       0 NNB   =   74758 NRES   =   12704
 NBONA  =    2274 NTHETA =    3076 NPHIA =    9773 NUMBND =      71
 NUMANG =     161 NPTRA  =     201 NATYP =      37 NPHB   =       1
 IFBOX  =       2 NMXRS  =      24 IFCAP =       0 NEXTRA =       0
 NCOPY  =       0

| Coordinate Index Table dimensions:    13   13   13
| Direct force subcell size =     6.2707    6.2707    6.2707

     BOX TYPE: TRUNCATED OCTAHEDRON

--------------------------------------------------------------------------------
   2.  CONTROL  DATA  FOR  THE  RUN
--------------------------------------------------------------------------------

default_name                                                                    

General flags:
     imin    =       0, nmropt  =       0

Nature and format of input:
     ntx     =       5, irest   =       1, ntrx    =       1

Nature and format of output:
     ntxo    =       1, ntpr    =     500, ntrx    =       1, ntwr    =     500
     iwrap   =       1, ntwx    =     500, ntwv    =       0, ntwe    =       0
     ioutfm  =       1, ntwprt  =       0, idecomp =       0, rbornstat=      0

Potential function:
     ntf     =       2, ntb     =       2, igb     =       0, nsnb    =      25
     ipol    =       0, gbsa    =       0, iesp    =       0
     dielc   =   1.00000, cut     =  10.00000, intdiel =   1.00000

Frozen or restrained atoms:
     ibelly  =       0, ntr     =       1
     restraint_wt =   0.40000

Molecular dynamics:
     nstlim  =     50000, nscm    =         0, nrespa  =         1
     t       =   0.00000, dt      =   0.00200, vlimit  =  -1.00000

Langevin dynamics temperature regulation:
     ig      =  669665
     temp0   = 300.00000, tempi   = 300.00000, gamma_ln=   5.00000

Pressure regulation:
     ntp     =       1
     pres0   =   1.00000, comp    =  44.60000, taup    =   1.00000

SHAKE:
     ntc     =       2, jfastw  =       0
     tol     =   0.00001

| Intermolecular bonds treatment:
|     no_intermolecular_bonds =       1

| Energy averages sample interval:
|     ene_avg_sampling =     500

Ewald parameters:
     verbose =       0, ew_type =       0, nbflag  =       1, use_pme =       1
     vdwmeth =       1, eedmeth =       1, netfrc  =       1
     Box X =   81.520   Box Y =   81.520   Box Z =   81.520
     Alpha =  109.471   Beta  =  109.471   Gamma =  109.471
     NFFT1 =   84       NFFT2 =   84       NFFT3 =   84
     Cutoff=   10.000   Tol   =0.100E-04
     Ewald Coefficient =  0.27511
     Interpolation order =    4

    LOADING THE CONSTRAINED ATOMS AS GROUPS


   5.  REFERENCE ATOM COORDINATES

  default_name                                                                    
     Mask :1-277@N,CA,C,O; matches  1108 atoms

--------------------------------------------------------------------------------
   3.  ATOMIC COORDINATES AND VELOCITIES
--------------------------------------------------------------------------------

default_name                                                                    
 begin time read from input coords =  2240.000 ps

 
 Number of triangulated 3-point waters found:    12424

     Sum of charges from parm topology file =  -0.00000014
     Forcing neutrality...

| Dynamic Memory, Types Used:
| Reals             1922650
| Integers          1476360

| Nonbonded Pairs Initial Allocation:    12639825

| GPU memory information (estimate):
| KB of GPU memory in use:    333977
| KB of CPU memory in use:     63449

--------------------------------------------------------------------------------
   4.  RESULTS
--------------------------------------------------------------------------------

 ---------------------------------------------------
 APPROXIMATING switch and d/dx switch using CUBIC SPLINE INTERPOLATION
 using   5000.0 points per unit in tabled values
 TESTING RELATIVE ERROR over r ranging from 0.0 to cutoff
| CHECK switch(x): max rel err =   0.2738E-14   at   2.422500
| CHECK d/dx switch(x): max rel err =   0.8314E-11   at   2.736960
 ---------------------------------------------------
|---------------------------------------------------
| APPROXIMATING direct energy using CUBIC SPLINE INTERPOLATION
|  with   50.0 points per unit in tabled values
| Relative Error Limit not exceeded for r .gt.   2.33
| APPROXIMATING direct force using CUBIC SPLINE INTERPOLATION
|  with   50.0 points per unit in tabled values
| Relative Error Limit not exceeded for r .gt.   2.80
|---------------------------------------------------
wrapping first mol.:       27.18587       38.44663       66.59151
wrapping first mol.:       27.18587       38.44663       66.59151

 NSTEP =      500   TIME(PS) =    2241.000  TEMP(K) =   301.74  PRESS =  -132.3
 Etot   =    -99789.2171  EKtot   =     25724.2363  EPtot      =   -125513.4535
 BOND   =       866.1953  ANGLE   =      2388.5144  DIHED      =      3500.5289
 1-4 NB =      1028.1739  1-4 EEL =     12204.6179  VDWAALS    =     15129.8142
 EELEC  =   -160688.7713  EHBOND  =         0.0000  RESTRAINT  =        57.4732
 EAMBER (non-restraint)  =   -125570.9266
 EKCMT  =     11195.2004  VIRIAL  =     12388.1029  VOLUME     =    417615.5332
                                                    Density    =         1.0163
 ------------------------------------------------------------------------------

wrapping first mol.:       27.18208       38.44127       66.58223
wrapping first mol.:       27.18208       38.44127       66.58223

 NSTEP =     1000   TIME(PS) =    2242.000  TEMP(K) =   301.86  PRESS =    52.8
 Etot   =    -99823.3392  EKtot   =     25734.2441  EPtot      =   -125557.5834
 BOND   =       858.0272  ANGLE   =      2321.3508  DIHED      =      3488.3477
 1-4 NB =      1031.9420  1-4 EEL =     12271.2278  VDWAALS    =     15179.6522
 EELEC  =   -160765.0144  EHBOND  =         0.0000  RESTRAINT  =        56.8832
 EAMBER (non-restraint)  =   -125614.4666
 EKCMT  =     11200.1207  VIRIAL  =     10724.6367  VOLUME     =    417434.0891
                                                    Density    =         1.0168
 ------------------------------------------------------------------------------

wrapping first mol.:       27.15246       38.39938       66.50967
wrapping first mol.:       27.15246       38.39938       66.50967

 NSTEP =     1500   TIME(PS) =    2243.000  TEMP(K) =   299.79  PRESS =  -201.3
 Etot   =   -100032.2446  EKtot   =     25557.7637  EPtot      =   -125590.0083
 BOND   =       877.9674  ANGLE   =      2318.6280  DIHED      =      3524.7521
 1-4 NB =      1004.3241  1-4 EEL =     12303.0651  VDWAALS    =     14518.2990
 EELEC  =   -160203.0937  EHBOND  =         0.0000  RESTRAINT  =        66.0497
 EAMBER (non-restraint)  =   -125656.0580
 EKCMT  =     11031.1856  VIRIAL  =     12839.9921  VOLUME     =    416080.3165
                                                    Density    =         1.0201
 ------------------------------------------------------------------------------

wrapping first mol.:       27.15954       38.40938       66.52700
wrapping first mol.:       27.15954       38.40938       66.52700

 NSTEP =     2000   TIME(PS) =    2244.000  TEMP(K) =   299.70  PRESS =   -47.7
 Etot   =   -100377.0083  EKtot   =     25550.2715  EPtot      =   -125927.2797
 BOND   =       868.6958  ANGLE   =      2305.2243  DIHED      =      3511.7629
 1-4 NB =      1029.4861  1-4 EEL =     12289.9648  VDWAALS    =     14819.5977
 EELEC  =   -160812.4819  EHBOND  =         0.0000  RESTRAINT  =        60.4706
 EAMBER (non-restraint)  =   -125987.7503
 EKCMT  =     11067.2379  VIRIAL  =     11495.8121  VOLUME     =    416399.8849
                                                    Density    =         1.0193
 ------------------------------------------------------------------------------

wrapping first mol.:       27.16435       38.41619       66.53879
wrapping first mol.:       27.16435       38.41619       66.53879

 NSTEP =     2500   TIME(PS) =    2245.000  TEMP(K) =   299.60  PRESS =   -34.3
 Etot   =   -100072.7089  EKtot   =     25541.6348  EPtot      =   -125614.3437
 BOND   =       900.2525  ANGLE   =      2325.7737  DIHED      =      3500.2153
 1-4 NB =      1025.6347  1-4 EEL =     12329.5887  VDWAALS    =     15002.7221
 EELEC  =   -160755.9074  EHBOND  =         0.0000  RESTRAINT  =        57.3767
 EAMBER (non-restraint)  =   -125671.7204
 EKCMT  =     11087.6604  VIRIAL  =     11396.6113  VOLUME     =    416620.8985
                                                    Density    =         1.0187
 ------------------------------------------------------------------------------

wrapping first mol.:       27.14854       38.39383       66.50006
wrapping first mol.:       27.14854       38.39383       66.50006

 NSTEP =     3000   TIME(PS) =    2246.000  TEMP(K) =   301.02  PRESS =   157.7
 Etot   =   -100026.7861  EKtot   =     25663.2656  EPtot      =   -125690.0517
 BOND   =       892.3429  ANGLE   =      2321.8727  DIHED      =      3472.6067
 1-4 NB =      1028.6095  1-4 EEL =     12269.2034  VDWAALS    =     14997.5247
 EELEC  =   -160739.8155  EHBOND  =         0.0000  RESTRAINT  =        67.6039
 EAMBER (non-restraint)  =   -125757.6555
 EKCMT  =     11175.2926  VIRIAL  =      9759.1958  VOLUME     =    415886.7187
                                                    Density    =         1.0205
 ------------------------------------------------------------------------------

wrapping first mol.:       27.16428       38.41609       66.53862
wrapping first mol.:       27.16428       38.41609       66.53862

 NSTEP =     3500   TIME(PS) =    2247.000  TEMP(K) =   299.88  PRESS =   105.3
 Etot   =    -99969.9456  EKtot   =     25565.9707  EPtot      =   -125535.9163
 BOND   =       840.1829  ANGLE   =      2356.6619  DIHED      =      3471.1352
 1-4 NB =      1035.3254  1-4 EEL =     12247.1287  VDWAALS    =     14982.9366
 EELEC  =   -160541.1388  EHBOND  =         0.0000  RESTRAINT  =        71.8518
 EAMBER (non-restraint)  =   -125607.7681
 EKCMT  =     11091.3786  VIRIAL  =     10143.9458  VOLUME     =    416612.4028
                                                    Density    =         1.0188
 ------------------------------------------------------------------------------

wrapping first mol.:       27.16977       38.42386       66.55207
wrapping first mol.:       27.16977       38.42386       66.55207

 NSTEP =     4000   TIME(PS) =    2248.000  TEMP(K) =   298.61  PRESS =  -108.2
 Etot   =   -100161.5161  EKtot   =     25457.2734  EPtot      =   -125618.7896
 BOND   =       878.5071  ANGLE   =      2326.8559  DIHED      =      3491.3299
 1-4 NB =      1009.0834  1-4 EEL =     12208.2438  VDWAALS    =     14975.3922
 EELEC  =   -160566.8186  EHBOND  =         0.0000  RESTRAINT  =        58.6168
 EAMBER (non-restraint)  =   -125677.4063
 EKCMT  =     11097.4724  VIRIAL  =     12071.4899  VOLUME     =    416873.0699
                                                    Density    =         1.0181
 ------------------------------------------------------------------------------

wrapping first mol.:       27.17399       38.42983       66.56241
wrapping first mol.:       27.17399       38.42983       66.56241

 NSTEP =     4500   TIME(PS) =    2249.000  TEMP(K) =   298.93  PRESS =   -44.0
 Etot   =   -100306.3586  EKtot   =     25485.1133  EPtot      =   -125791.4718
 BOND   =       837.5390  ANGLE   =      2352.5361  DIHED      =      3477.4371
 1-4 NB =      1028.7742  1-4 EEL =     12228.8496  VDWAALS    =     14719.1233
 EELEC  =   -160498.2558  EHBOND  =         0.0000  RESTRAINT  =        62.5247
 EAMBER (non-restraint)  =   -125853.9965
 EKCMT  =     11122.6043  VIRIAL  =     11519.2126  VOLUME     =    417065.1510
                                                    Density    =         1.0177
 ------------------------------------------------------------------------------

wrapping first mol.:       27.17321       38.42873       66.56050
wrapping first mol.:       27.17321       38.42873       66.56050

 NSTEP =     5000   TIME(PS) =    2250.000  TEMP(K) =   300.38  PRESS =  -188.0
 Etot   =   -100384.4615  EKtot   =     25608.0703  EPtot      =   -125992.5318
 BOND   =       844.4206  ANGLE   =      2318.3030  DIHED      =      3484.5173
 1-4 NB =      1030.0976  1-4 EEL =     12254.4906  VDWAALS    =     14851.5960
 EELEC  =   -160845.9169  EHBOND  =         0.0000  RESTRAINT  =        69.9599
 EAMBER (non-restraint)  =   -126062.4917
 EKCMT  =     11055.0698  VIRIAL  =     12747.6218  VOLUME     =    417034.5551
                                                    Density    =         1.0177
 ------------------------------------------------------------------------------

wrapping first mol.:       27.15359       38.40097       66.51243
wrapping first mol.:       27.15359       38.40097       66.51243

 NSTEP =     5500   TIME(PS) =    2251.000  TEMP(K) =   300.05  PRESS =   -39.9
 Etot   =    -99854.3033  EKtot   =     25579.9980  EPtot      =   -125434.3013
 BOND   =       838.3011  ANGLE   =      2321.8393  DIHED      =      3498.0528
 1-4 NB =      1032.4587  1-4 EEL =     12258.4594  VDWAALS    =     14888.3440
 EELEC  =   -160337.1299  EHBOND  =         0.0000  RESTRAINT  =        65.3732
 EAMBER (non-restraint)  =   -125499.6746
 EKCMT  =     11326.4032  VIRIAL  =     11684.8560  VOLUME     =    416126.1050
                                                    Density    =         1.0199
 ------------------------------------------------------------------------------

wrapping first mol.:       27.15127       38.39769       66.50675
wrapping first mol.:       27.15127       38.39769       66.50675

 NSTEP =     6000   TIME(PS) =    2252.000  TEMP(K) =   299.84  PRESS =    22.3
 Etot   =   -100266.0414  EKtot   =     25562.4609  EPtot      =   -125828.5023
 BOND   =       853.2790  ANGLE   =      2340.3932  DIHED      =      3508.9890
 1-4 NB =      1012.1958  1-4 EEL =     12227.0412  VDWAALS    =     14847.1513
 EELEC  =   -160687.1464  EHBOND  =         0.0000  RESTRAINT  =        69.5946
 EAMBER (non-restraint)  =   -125898.0969
 EKCMT  =     11020.4299  VIRIAL  =     10820.1250  VOLUME     =    416017.1447
                                                    Density    =         1.0202
 ------------------------------------------------------------------------------

wrapping first mol.:       27.15024       38.39624       66.50424
wrapping first mol.:       27.15024       38.39624       66.50424

 NSTEP =     6500   TIME(PS) =    2253.000  TEMP(K) =   300.50  PRESS =    91.6
 Etot   =   -100292.0935  EKtot   =     25618.9922  EPtot      =   -125911.0857
 BOND   =       830.6238  ANGLE   =      2337.0977  DIHED      =      3497.2229
 1-4 NB =      1005.9024  1-4 EEL =     12277.1928  VDWAALS    =     14852.5571
 EELEC  =   -160778.1617  EHBOND  =         0.0000  RESTRAINT  =        66.4794
 EAMBER (non-restraint)  =   -125977.5650
 EKCMT  =     11072.7834  VIRIAL  =     10250.2959  VOLUME     =    415967.4653
                                                    Density    =         1.0203
 ------------------------------------------------------------------------------

wrapping first mol.:       27.16066       38.41097       66.52975
wrapping first mol.:       27.16066       38.41097       66.52975

 NSTEP =     7000   TIME(PS) =    2254.000  TEMP(K) =   300.42  PRESS =     4.9
 Etot   =   -100030.7166  EKtot   =     25612.0527  EPtot      =   -125642.7693
 BOND   =       872.1779  ANGLE   =      2376.9125  DIHED      =      3513.2509
 1-4 NB =      1009.2330  1-4 EEL =     12254.6440  VDWAALS    =     14863.1153
 EELEC  =   -160607.7967  EHBOND  =         0.0000  RESTRAINT  =        75.6937
 EAMBER (non-restraint)  =   -125718.4630
 EKCMT  =     11167.5178  VIRIAL  =     11123.7401  VOLUME     =    416449.5753
                                                    Density    =         1.0192
 ------------------------------------------------------------------------------

wrapping first mol.:       27.15880       38.40835       66.52520
wrapping first mol.:       27.15880       38.40835       66.52520

 NSTEP =     7500   TIME(PS) =    2255.000  TEMP(K) =   300.18  PRESS =  -131.9
 Etot   =   -100233.6934  EKtot   =     25591.7305  EPtot      =   -125825.4239
 BOND   =       823.9748  ANGLE   =      2318.4284  DIHED      =      3508.7272
 1-4 NB =      1024.1536  1-4 EEL =     12315.4724  VDWAALS    =     14850.8002
 EELEC  =   -160735.1522  EHBOND  =         0.0000  RESTRAINT  =        68.1718
 EAMBER (non-restraint)  =   -125893.5957
 EKCMT  =     11226.5971  VIRIAL  =     12412.2796  VOLUME     =    416369.3446
                                                    Density    =         1.0194
 ------------------------------------------------------------------------------

wrapping first mol.:       27.15889       38.40846       66.52541
wrapping first mol.:       27.15889       38.40846       66.52541

 NSTEP =     8000   TIME(PS) =    2256.000  TEMP(K) =   299.47  PRESS =   -69.5
 Etot   =   -100079.9434  EKtot   =     25530.9219  EPtot      =   -125610.8653
 BOND   =       848.8662  ANGLE   =      2345.8383  DIHED      =      3487.5540
 1-4 NB =      1023.3329  1-4 EEL =     12291.8331  VDWAALS    =     14517.4985
 EELEC  =   -160193.3442  EHBOND  =         0.0000  RESTRAINT  =        67.5559
 EAMBER (non-restraint)  =   -125678.4212
 EKCMT  =     11271.2716  VIRIAL  =     11896.1986  VOLUME     =    416370.8167
                                                    Density    =         1.0193
 ------------------------------------------------------------------------------

wrapping first mol.:       27.15260       38.39958       66.51001
wrapping first mol.:       27.15260       38.39958       66.51001

 NSTEP =     8500   TIME(PS) =    2257.000  TEMP(K) =   300.69  PRESS =   140.5
 Etot   =   -100284.2281  EKtot   =     25634.6484  EPtot      =   -125918.8765
 BOND   =       831.4824  ANGLE   =      2306.1261  DIHED      =      3514.2996
 1-4 NB =      1020.4865  1-4 EEL =     12247.6790  VDWAALS    =     15245.2727
 EELEC  =   -161153.9423  EHBOND  =         0.0000  RESTRAINT  =        69.7194
 EAMBER (non-restraint)  =   -125988.5959
 EKCMT  =     11104.2015  VIRIAL  =      9842.4393  VOLUME     =    416074.0927
                                                    Density    =         1.0201
 ------------------------------------------------------------------------------

wrapping first mol.:       27.16749       38.42063       66.54647
wrapping first mol.:       27.16749       38.42063       66.54647

 NSTEP =     9000   TIME(PS) =    2258.000  TEMP(K) =   298.73  PRESS =   -63.3
 Etot   =   -100383.4970  EKtot   =     25467.8594  EPtot      =   -125851.3564
 BOND   =       869.4456  ANGLE   =      2298.6178  DIHED      =      3519.8208
 1-4 NB =      1027.7848  1-4 EEL =     12268.9826  VDWAALS    =     15220.7793
 EELEC  =   -161123.1240  EHBOND  =         0.0000  RESTRAINT  =        66.3366
 EAMBER (non-restraint)  =   -125917.6930
 EKCMT  =     11161.8894  VIRIAL  =     11731.3550  VOLUME     =    416766.2343
                                                    Density    =         1.0184
 ------------------------------------------------------------------------------

wrapping first mol.:       27.17487       38.43106       66.56455
wrapping first mol.:       27.17487       38.43106       66.56455

 NSTEP =     9500   TIME(PS) =    2259.000  TEMP(K) =   300.77  PRESS =   -96.4
 Etot   =   -100067.3878  EKtot   =     25641.3066  EPtot      =   -125708.6945
 BOND   =       849.4937  ANGLE   =      2362.4119  DIHED      =      3499.5382
 1-4 NB =      1011.4828  1-4 EEL =     12300.9875  VDWAALS    =     14958.0779
 EELEC  =   -160750.6312  EHBOND  =         0.0000  RESTRAINT  =        59.9449
 EAMBER (non-restraint)  =   -125768.6394
 EKCMT  =     11160.6836  VIRIAL  =     12028.9189  VOLUME     =    417107.1705
                                                    Density    =         1.0175
 ------------------------------------------------------------------------------

wrapping first mol.:       27.16893       38.42266       66.55000
wrapping first mol.:       27.16893       38.42266       66.55000

 NSTEP =    10000   TIME(PS) =    2260.000  TEMP(K) =   298.49  PRESS =   -56.8
 Etot   =   -100269.2872  EKtot   =     25447.6582  EPtot      =   -125716.9454
 BOND   =       857.4442  ANGLE   =      2367.7569  DIHED      =      3463.6611
 1-4 NB =      1059.1236  1-4 EEL =     12319.7523  VDWAALS    =     14777.1511
 EELEC  =   -160626.4636  EHBOND  =         0.0000  RESTRAINT  =        64.6291
 EAMBER (non-restraint)  =   -125781.5745
 EKCMT  =     11125.9486  VIRIAL  =     11637.4000  VOLUME     =    416832.3415
                                                    Density    =         1.0182
 ------------------------------------------------------------------------------

wrapping first mol.:       27.17360       38.42928       66.56146
wrapping first mol.:       27.17360       38.42928       66.56146

 NSTEP =    10500   TIME(PS) =    2261.000  TEMP(K) =   300.39  PRESS =    22.3
 Etot   =    -99945.2030  EKtot   =     25609.6660  EPtot      =   -125554.8690
 BOND   =       837.7101  ANGLE   =      2346.4050  DIHED      =      3493.4672
 1-4 NB =      1024.6696  1-4 EEL =     12259.4678  VDWAALS    =     14937.5405
 EELEC  =   -160527.2179  EHBOND  =         0.0000  RESTRAINT  =        73.0887
 EAMBER (non-restraint)  =   -125627.9577
 EKCMT  =     11081.1507  VIRIAL  =     10879.9213  VOLUME     =    417044.6752
                                                    Density    =         1.0177
 ------------------------------------------------------------------------------

wrapping first mol.:       27.16285       38.41407       66.53511
wrapping first mol.:       27.16285       38.41407       66.53511

 NSTEP =    11000   TIME(PS) =    2262.000  TEMP(K) =   302.23  PRESS =  -235.9
 Etot   =   -100047.4936  EKtot   =     25766.3633  EPtot      =   -125813.8568
 BOND   =       866.2161  ANGLE   =      2338.8158  DIHED      =      3517.8282
 1-4 NB =      1047.3022  1-4 EEL =     12321.8989  VDWAALS    =     14845.6376
 EELEC  =   -160827.1809  EHBOND  =         0.0000  RESTRAINT  =        75.6253
 EAMBER (non-restraint)  =   -125889.4821
 EKCMT  =     11244.3845  VIRIAL  =     13366.4666  VOLUME     =    416559.2977
                                                    Density    =         1.0189
 ------------------------------------------------------------------------------

wrapping first mol.:       27.18226       38.44152       66.58265
wrapping first mol.:       27.18226       38.44152       66.58265

 NSTEP =    11500   TIME(PS) =    2263.000  TEMP(K) =   300.04  PRESS =   174.0
 Etot   =   -100056.7418  EKtot   =     25579.4609  EPtot      =   -125636.2027
 BOND   =       838.4389  ANGLE   =      2371.8918  DIHED      =      3539.7454
 1-4 NB =      1017.3303  1-4 EEL =     12316.8023  VDWAALS    =     15111.7951
 EELEC  =   -160897.9037  EHBOND  =         0.0000  RESTRAINT  =        65.6973
 EAMBER (non-restraint)  =   -125701.9000
 EKCMT  =     11069.8612  VIRIAL  =      9501.8494  VOLUME     =    417437.5797
                                                    Density    =         1.0167
 ------------------------------------------------------------------------------

wrapping first mol.:       27.17776       38.43516       66.57164
wrapping first mol.:       27.17776       38.43516       66.57164

 NSTEP =    12000   TIME(PS) =    2264.000  TEMP(K) =   301.34  PRESS =    58.0
 Etot   =    -99777.5675  EKtot   =     25690.2266  EPtot      =   -125467.7940
 BOND   =       864.7260  ANGLE   =      2316.7825  DIHED      =      3482.9441
 1-4 NB =      1042.4305  1-4 EEL =     12281.9881  VDWAALS    =     14972.3232
 EELEC  =   -160499.2986  EHBOND  =         0.0000  RESTRAINT  =        70.3100
 EAMBER (non-restraint)  =   -125538.1041
 EKCMT  =     11253.1403  VIRIAL  =     10730.1928  VOLUME     =    417234.7779
                                                    Density    =         1.0172
 ------------------------------------------------------------------------------

wrapping first mol.:       27.17164       38.42650       66.55665
wrapping first mol.:       27.17164       38.42650       66.55665

 NSTEP =    12500   TIME(PS) =    2265.000  TEMP(K) =   301.64  PRESS =    92.9
 Etot   =   -100146.3671  EKtot   =     25715.8945  EPtot      =   -125862.2616
 BOND   =       833.8646  ANGLE   =      2268.4423  DIHED      =      3481.4736
 1-4 NB =      1032.3592  1-4 EEL =     12323.2384  VDWAALS    =     14832.0831
 EELEC  =   -160703.9863  EHBOND  =         0.0000  RESTRAINT  =        70.2634
 EAMBER (non-restraint)  =   -125932.5250
 EKCMT  =     11192.2799  VIRIAL  =     10355.6597  VOLUME     =    416951.7740
                                                    Density    =         1.0179
 ------------------------------------------------------------------------------

wrapping first mol.:       27.18164       38.44065       66.58115
wrapping first mol.:       27.18164       38.44065       66.58115

 NSTEP =    13000   TIME(PS) =    2266.000  TEMP(K) =   301.84  PRESS =   -98.7
 Etot   =    -99576.8786  EKtot   =     25732.8789  EPtot      =   -125309.7575
 BOND   =       871.2773  ANGLE   =      2350.8329  DIHED      =      3519.6361
 1-4 NB =      1045.1886  1-4 EEL =     12305.7866  VDWAALS    =     15032.1137
 EELEC  =   -160499.9340  EHBOND  =         0.0000  RESTRAINT  =        65.3412
 EAMBER (non-restraint)  =   -125375.0987
 EKCMT  =     11289.5103  VIRIAL  =     12178.6447  VOLUME     =    417419.5030
                                                    Density    =         1.0168
 ------------------------------------------------------------------------------

wrapping first mol.:       27.19461       38.45899       66.61292
wrapping first mol.:       27.19461       38.45899       66.61292

 NSTEP =    13500   TIME(PS) =    2267.000  TEMP(K) =   297.71  PRESS =   -90.6
 Etot   =   -100144.3045  EKtot   =     25380.4609  EPtot      =   -125524.7654
 BOND   =       815.1595  ANGLE   =      2303.1469  DIHED      =      3500.6278
 1-4 NB =      1042.4377  1-4 EEL =     12296.9932  VDWAALS    =     14827.1027
 EELEC  =   -160379.7236  EHBOND  =         0.0000  RESTRAINT  =        69.4905
 EAMBER (non-restraint)  =   -125594.2559
 EKCMT  =     11031.8379  VIRIAL  =     11849.9324  VOLUME     =    418016.9097
                                                    Density    =         1.0153
 ------------------------------------------------------------------------------

wrapping first mol.:       27.17731       38.43452       66.57053
wrapping first mol.:       27.17731       38.43452       66.57053

 NSTEP =    14000   TIME(PS) =    2268.000  TEMP(K) =   299.59  PRESS =  -174.2
 Etot   =   -100085.4273  EKtot   =     25541.5176  EPtot      =   -125626.9449
 BOND   =       868.9378  ANGLE   =      2342.0487  DIHED      =      3514.0167
 1-4 NB =      1031.0512  1-4 EEL =     12330.9096  VDWAALS    =     14792.0559
 EELEC  =   -160570.0000  EHBOND  =         0.0000  RESTRAINT  =        64.0352
 EAMBER (non-restraint)  =   -125690.9801
 EKCMT  =     11153.7379  VIRIAL  =     12723.0060  VOLUME     =    417222.5225
                                                    Density    =         1.0173
 ------------------------------------------------------------------------------

wrapping first mol.:       27.16973       38.42380       66.55198
wrapping first mol.:       27.16973       38.42380       66.55198

 NSTEP =    14500   TIME(PS) =    2269.000  TEMP(K) =   300.45  PRESS =  -143.2
 Etot   =    -99857.2559  EKtot   =     25614.5371  EPtot      =   -125471.7930
 BOND   =       861.9782  ANGLE   =      2359.0631  DIHED      =      3502.9198
 1-4 NB =      1053.0170  1-4 EEL =     12226.8993  VDWAALS    =     14780.9547
 EELEC  =   -160325.6439  EHBOND  =         0.0000  RESTRAINT  =        69.0188
 EAMBER (non-restraint)  =   -125540.8118
 EKCMT  =     11227.2215  VIRIAL  =     12515.9317  VOLUME     =    416872.6397
                                                    Density    =         1.0181
 ------------------------------------------------------------------------------

wrapping first mol.:       27.17149       38.42628       66.55627
wrapping first mol.:       27.17149       38.42628       66.55627

 NSTEP =    15000   TIME(PS) =    2270.000  TEMP(K) =   301.72  PRESS =  -101.0
 Etot   =    -99689.0117  EKtot   =     25722.3320  EPtot      =   -125411.3437
 BOND   =       841.1590  ANGLE   =      2261.0943  DIHED      =      3531.8298
 1-4 NB =      1035.7853  1-4 EEL =     12277.7145  VDWAALS    =     15035.2280
 EELEC  =   -160464.7257  EHBOND  =         0.0000  RESTRAINT  =        70.5710
 EAMBER (non-restraint)  =   -125481.9147
 EKCMT  =     11186.4505  VIRIAL  =     12095.5754  VOLUME     =    416951.7659
                                                    Density    =         1.0179
 ------------------------------------------------------------------------------

wrapping first mol.:       27.19114       38.45408       66.60441
wrapping first mol.:       27.19114       38.45408       66.60441

 NSTEP =    15500   TIME(PS) =    2271.000  TEMP(K) =   298.69  PRESS =  -244.3
 Etot   =   -100118.0187  EKtot   =     25463.9727  EPtot      =   -125581.9913
 BOND   =       850.0790  ANGLE   =      2376.7117  DIHED      =      3512.3118
 1-4 NB =      1042.7079  1-4 EEL =     12329.6346  VDWAALS    =     14656.9825
 EELEC  =   -160421.8788  EHBOND  =         0.0000  RESTRAINT  =        71.4599
 EAMBER (non-restraint)  =   -125653.4512
 EKCMT  =     11083.9308  VIRIAL  =     13288.2085  VOLUME     =    417862.5308
                                                    Density    =         1.0157
 ------------------------------------------------------------------------------

wrapping first mol.:       27.18924       38.45138       66.59975
wrapping first mol.:       27.18924       38.45138       66.59975

 NSTEP =    16000   TIME(PS) =    2272.000  TEMP(K) =   300.11  PRESS =   -19.7
 Etot   =   -100056.5823  EKtot   =     25585.8359  EPtot      =   -125642.4182
 BOND   =       839.8750  ANGLE   =      2244.7483  DIHED      =      3504.4166
 1-4 NB =      1046.0035  1-4 EEL =     12282.0327  VDWAALS    =     15136.1211
 EELEC  =   -160757.0164  EHBOND  =         0.0000  RESTRAINT  =        61.4009
 EAMBER (non-restraint)  =   -125703.8191
 EKCMT  =     11150.2457  VIRIAL  =     11327.5115  VOLUME     =    417766.3584
                                                    Density    =         1.0159
 ------------------------------------------------------------------------------

wrapping first mol.:       27.17676       38.43374       66.56918
wrapping first mol.:       27.17676       38.43374       66.56918

 NSTEP =    16500   TIME(PS) =    2273.000  TEMP(K) =   300.07  PRESS =    13.9
 Etot   =    -99967.9384  EKtot   =     25582.1406  EPtot      =   -125550.0790
 BOND   =       839.5266  ANGLE   =      2314.0161  DIHED      =      3480.0929
 1-4 NB =      1043.5599  1-4 EEL =     12316.0664  VDWAALS    =     15073.8869
 EELEC  =   -160691.1956  EHBOND  =         0.0000  RESTRAINT  =        73.9678
 EAMBER (non-restraint)  =   -125624.0468
 EKCMT  =     11160.7231  VIRIAL  =     11035.4375  VOLUME     =    417190.2119
                                                    Density    =         1.0173
 ------------------------------------------------------------------------------

wrapping first mol.:       27.16531       38.41755       66.54114
wrapping first mol.:       27.16531       38.41755       66.54114

 NSTEP =    17000   TIME(PS) =    2274.000  TEMP(K) =   302.27  PRESS =   161.6
 Etot   =   -100066.7480  EKtot   =     25769.5332  EPtot      =   -125836.2812
 BOND   =       853.3263  ANGLE   =      2329.5947  DIHED      =      3515.8035
 1-4 NB =      1049.3800  1-4 EEL =     12293.4466  VDWAALS    =     15043.4476
 EELEC  =   -161001.2032  EHBOND  =         0.0000  RESTRAINT  =        79.9233
 EAMBER (non-restraint)  =   -125916.2046
 EKCMT  =     11250.4769  VIRIAL  =      9796.9582  VOLUME     =    416657.6733
                                                    Density    =         1.0186
 ------------------------------------------------------------------------------

wrapping first mol.:       27.17413       38.43002       66.56275
wrapping first mol.:       27.17413       38.43002       66.56275

 NSTEP =    17500   TIME(PS) =    2275.000  TEMP(K) =   296.01  PRESS =  -138.5
 Etot   =   -100557.1565  EKtot   =     25235.7949  EPtot      =   -125792.9514
 BOND   =       865.0336  ANGLE   =      2315.9576  DIHED      =      3497.1452
 1-4 NB =      1012.5659  1-4 EEL =     12269.0465  VDWAALS    =     14982.4205
 EELEC  =   -160809.9499  EHBOND  =         0.0000  RESTRAINT  =        74.8292
 EAMBER (non-restraint)  =   -125867.7806
 EKCMT  =     10983.0637  VIRIAL  =     12229.8403  VOLUME     =    417074.9178
                                                    Density    =         1.0176
 ------------------------------------------------------------------------------

wrapping first mol.:       27.17375       38.42949       66.56182
wrapping first mol.:       27.17375       38.42949       66.56182

 NSTEP =    18000   TIME(PS) =    2276.000  TEMP(K) =   298.35  PRESS =   -56.8
 Etot   =   -100483.5104  EKtot   =     25435.3711  EPtot      =   -125918.8815
 BOND   =       809.4067  ANGLE   =      2383.7996  DIHED      =      3481.2338
 1-4 NB =      1016.1405  1-4 EEL =     12258.9802  VDWAALS    =     14950.7735
 EELEC  =   -160890.8253  EHBOND  =         0.0000  RESTRAINT  =        71.6095
 EAMBER (non-restraint)  =   -125990.4910
 EKCMT  =     11092.4519  VIRIAL  =     11603.8489  VOLUME     =    417054.4238
                                                    Density    =         1.0177
 ------------------------------------------------------------------------------

wrapping first mol.:       27.17491       38.43113       66.56466
wrapping first mol.:       27.17491       38.43113       66.56466

 NSTEP =    18500   TIME(PS) =    2277.000  TEMP(K) =   302.49  PRESS =   -26.7
 Etot   =   -100078.3318  EKtot   =     25788.3613  EPtot      =   -125866.6931
 BOND   =       810.0133  ANGLE   =      2307.9582  DIHED      =      3472.7403
 1-4 NB =      1062.6033  1-4 EEL =     12283.2058  VDWAALS    =     15045.9999
 EELEC  =   -160924.9089  EHBOND  =         0.0000  RESTRAINT  =        75.6951
 EAMBER (non-restraint)  =   -125942.3882
 EKCMT  =     11166.6171  VIRIAL  =     11406.7743  VOLUME     =    417106.6448
                                                    Density    =         1.0175
 ------------------------------------------------------------------------------

wrapping first mol.:       27.18403       38.44403       66.58700
wrapping first mol.:       27.18403       38.44403       66.58700

 NSTEP =    19000   TIME(PS) =    2278.000  TEMP(K) =   300.54  PRESS =    60.7
 Etot   =    -99991.5940  EKtot   =     25621.6875  EPtot      =   -125613.2815
 BOND   =       868.3306  ANGLE   =      2359.4392  DIHED      =      3483.2736
 1-4 NB =      1019.8712  1-4 EEL =     12284.7096  VDWAALS    =     15072.6846
 EELEC  =   -160774.5384  EHBOND  =         0.0000  RESTRAINT  =        72.9480
 EAMBER (non-restraint)  =   -125686.2295
 EKCMT  =     11098.3684  VIRIAL  =     10551.0103  VOLUME     =    417523.6227
                                                    Density    =         1.0165
 ------------------------------------------------------------------------------

wrapping first mol.:       27.19099       38.45386       66.60404
wrapping first mol.:       27.19099       38.45386       66.60404

 NSTEP =    19500   TIME(PS) =    2279.000  TEMP(K) =   300.57  PRESS =     5.3
 Etot   =    -99716.3031  EKtot   =     25624.8066  EPtot      =   -125341.1097
 BOND   =       875.5596  ANGLE   =      2405.2399  DIHED      =      3508.3130
 1-4 NB =      1025.5968  1-4 EEL =     12264.8642  VDWAALS    =     15185.9937
 EELEC  =   -160673.0409  EHBOND  =         0.0000  RESTRAINT  =        66.3639
 EAMBER (non-restraint)  =   -125407.4736
 EKCMT  =     11110.3523  VIRIAL  =     11062.9438  VOLUME     =    417846.1911
                                                    Density    =         1.0157
 ------------------------------------------------------------------------------

wrapping first mol.:       27.19259       38.45613       66.60797
wrapping first mol.:       27.19259       38.45613       66.60797

 NSTEP =    20000   TIME(PS) =    2280.000  TEMP(K) =   300.81  PRESS =     4.9
 Etot   =    -99656.3555  EKtot   =     25645.0996  EPtot      =   -125301.4551
 BOND   =       842.2292  ANGLE   =      2336.9701  DIHED      =      3498.2238
 1-4 NB =      1051.6335  1-4 EEL =     12261.0508  VDWAALS    =     14817.5284
 EELEC  =   -160184.6211  EHBOND  =         0.0000  RESTRAINT  =        75.5302
 EAMBER (non-restraint)  =   -125376.9853
 EKCMT  =     11220.6007  VIRIAL  =     11176.5397  VOLUME     =    417920.2894
                                                    Density    =         1.0156
 ------------------------------------------------------------------------------

wrapping first mol.:       27.19338       38.45725       66.60991
wrapping first mol.:       27.19338       38.45725       66.60991

 NSTEP =    20500   TIME(PS) =    2281.000  TEMP(K) =   301.80  PRESS =   -40.5
 Etot   =    -99925.9667  EKtot   =     25729.2383  EPtot      =   -125655.2050
 BOND   =       820.6513  ANGLE   =      2314.0774  DIHED      =      3512.7374
 1-4 NB =      1022.1520  1-4 EEL =     12269.3175  VDWAALS    =     14958.8156
 EELEC  =   -160634.1886  EHBOND  =         0.0000  RESTRAINT  =        81.2325
 EAMBER (non-restraint)  =   -125736.4374
 EKCMT  =     11336.5059  VIRIAL  =     11701.9054  VOLUME     =    417958.4333
                                                    Density    =         1.0155
 ------------------------------------------------------------------------------

wrapping first mol.:       27.17953       38.43766       66.57597
wrapping first mol.:       27.17953       38.43766       66.57597

 NSTEP =    21000   TIME(PS) =    2282.000  TEMP(K) =   298.82  PRESS =    43.0
 Etot   =   -100224.0116  EKtot   =     25475.6016  EPtot      =   -125699.6131
 BOND   =       783.2642  ANGLE   =      2296.1115  DIHED      =      3510.4569
 1-4 NB =      1054.6488  1-4 EEL =     12339.2537  VDWAALS    =     14831.6447
 EELEC  =   -160589.1550  EHBOND  =         0.0000  RESTRAINT  =        74.1622
 EAMBER (non-restraint)  =   -125773.7753
 EKCMT  =     11094.5282  VIRIAL  =     10706.7923  VOLUME     =    417316.7496
                                                    Density    =         1.0170
 ------------------------------------------------------------------------------

wrapping first mol.:       27.17727       38.43446       66.57044
wrapping first mol.:       27.17727       38.43446       66.57044

 NSTEP =    21500   TIME(PS) =    2283.000  TEMP(K) =   301.09  PRESS =   -49.2
 Etot   =   -100013.9266  EKtot   =     25669.0508  EPtot      =   -125682.9774
 BOND   =       800.0405  ANGLE   =      2314.0712  DIHED      =      3510.0172
 1-4 NB =      1039.6520  1-4 EEL =     12306.5799  VDWAALS    =     14818.6557
 EELEC  =   -160549.3908  EHBOND  =         0.0000  RESTRAINT  =        77.3970
 EAMBER (non-restraint)  =   -125760.3744
 EKCMT  =     11226.8762  VIRIAL  =     11670.1432  VOLUME     =    417216.1871
                                                    Density    =         1.0173
 ------------------------------------------------------------------------------

wrapping first mol.:       27.18305       38.44264       66.58459
wrapping first mol.:       27.18305       38.44264       66.58459

 NSTEP =    22000   TIME(PS) =    2284.000  TEMP(K) =   300.69  PRESS =  -180.3
 Etot   =    -99994.7657  EKtot   =     25634.9180  EPtot      =   -125629.6836
 BOND   =       863.2645  ANGLE   =      2369.2816  DIHED      =      3513.4353
 1-4 NB =      1041.2126  1-4 EEL =     12263.8610  VDWAALS    =     15097.5467
 EELEC  =   -160850.8807  EHBOND  =         0.0000  RESTRAINT  =        72.5953
 EAMBER (non-restraint)  =   -125702.2790
 EKCMT  =     11102.7178  VIRIAL  =     12728.2054  VOLUME     =    417487.2879
                                                    Density    =         1.0166
 ------------------------------------------------------------------------------

wrapping first mol.:       27.18841       38.45021       66.59772
wrapping first mol.:       27.18841       38.45021       66.59772

 NSTEP =    22500   TIME(PS) =    2285.000  TEMP(K) =   299.69  PRESS =    53.8
 Etot   =    -99751.3696  EKtot   =     25549.4648  EPtot      =   -125300.8345
 BOND   =       843.3083  ANGLE   =      2321.3548  DIHED      =      3514.4601
 1-4 NB =      1013.7087  1-4 EEL =     12228.3556  VDWAALS    =     14851.1497
 EELEC  =   -160150.5231  EHBOND  =         0.0000  RESTRAINT  =        77.3513
 EAMBER (non-restraint)  =   -125378.1858
 EKCMT  =     11288.0613  VIRIAL  =     10802.8382  VOLUME     =    417725.4448
                                                    Density    =         1.0160
 ------------------------------------------------------------------------------

wrapping first mol.:       27.18086       38.43954       66.57923
wrapping first mol.:       27.18086       38.43954       66.57923

 NSTEP =    23000   TIME(PS) =    2286.000  TEMP(K) =   298.62  PRESS =   192.3
 Etot   =    -99888.8072  EKtot   =     25458.7754  EPtot      =   -125347.5826
 BOND   =       831.1439  ANGLE   =      2366.5924  DIHED      =      3473.6571
 1-4 NB =      1032.6653  1-4 EEL =     12311.1966  VDWAALS    =     14875.6646
 EELEC  =   -160310.4412  EHBOND  =         0.0000  RESTRAINT  =        71.9385
 EAMBER (non-restraint)  =   -125419.5212
 EKCMT  =     11176.4432  VIRIAL  =      9443.1235  VOLUME     =    417372.5827
                                                    Density    =         1.0169
 ------------------------------------------------------------------------------

wrapping first mol.:       27.17048       38.42487       66.55381
wrapping first mol.:       27.17048       38.42487       66.55381

 NSTEP =    23500   TIME(PS) =    2287.000  TEMP(K) =   299.59  PRESS =    67.6
 Etot   =    -99849.3985  EKtot   =     25540.9844  EPtot      =   -125390.3829
 BOND   =       786.5818  ANGLE   =      2326.6025  DIHED      =      3492.7748
 1-4 NB =      1013.1246  1-4 EEL =     12314.4880  VDWAALS    =     14866.0606
 EELEC  =   -160256.0107  EHBOND  =         0.0000  RESTRAINT  =        65.9955
 EAMBER (non-restraint)  =   -125456.3784
 EKCMT  =     11130.2729  VIRIAL  =     10521.7075  VOLUME     =    416899.3538
                                                    Density    =         1.0181
 ------------------------------------------------------------------------------

wrapping first mol.:       27.15736       38.40631       66.52167
wrapping first mol.:       27.15736       38.40631       66.52167

 NSTEP =    24000   TIME(PS) =    2288.000  TEMP(K) =   301.39  PRESS =   -43.1
 Etot   =   -100216.8889  EKtot   =     25694.2734  EPtot      =   -125911.1624
 BOND   =       845.3365  ANGLE   =      2402.2116  DIHED      =      3515.6174
 1-4 NB =      1037.5343  1-4 EEL =     12260.6736  VDWAALS    =     15091.9300
 EELEC  =   -161139.2235  EHBOND  =         0.0000  RESTRAINT  =        74.7578
 EAMBER (non-restraint)  =   -125985.9201
 EKCMT  =     11133.0893  VIRIAL  =     11520.9122  VOLUME     =    416299.7037
                                                    Density    =         1.0195
 ------------------------------------------------------------------------------

wrapping first mol.:       27.15225       38.39909       66.50916
wrapping first mol.:       27.15225       38.39909       66.50916

 NSTEP =    24500   TIME(PS) =    2289.000  TEMP(K) =   299.78  PRESS =    52.6
 Etot   =    -99674.8389  EKtot   =     25557.1270  EPtot      =   -125231.9659
 BOND   =       855.9194  ANGLE   =      2325.9590  DIHED      =      3511.0980
 1-4 NB =      1028.6944  1-4 EEL =     12233.6801  VDWAALS    =     15026.2788
 EELEC  =   -160283.0536  EHBOND  =         0.0000  RESTRAINT  =        69.4581
 EAMBER (non-restraint)  =   -125301.4240
 EKCMT  =     11128.0519  VIRIAL  =     10655.9423  VOLUME     =    416061.3426
                                                    Density    =         1.0201
 ------------------------------------------------------------------------------

wrapping first mol.:       27.17305       38.42849       66.56009
wrapping first mol.:       27.17305       38.42849       66.56009

 NSTEP =    25000   TIME(PS) =    2290.000  TEMP(K) =   300.43  PRESS =    22.1
 Etot   =   -100064.1498  EKtot   =     25612.7930  EPtot      =   -125676.9428
 BOND   =       857.8341  ANGLE   =      2352.7827  DIHED      =      3476.2379
 1-4 NB =      1012.6358  1-4 EEL =     12198.5938  VDWAALS    =     14871.3691
 EELEC  =   -160530.1661  EHBOND  =         0.0000  RESTRAINT  =        83.7700
 EAMBER (non-restraint)  =   -125760.7128
 EKCMT  =     11283.0058  VIRIAL  =     11084.3940  VOLUME     =    417018.9868
                                                    Density    =         1.0178
 ------------------------------------------------------------------------------

wrapping first mol.:       27.16452       38.41643       66.53920
wrapping first mol.:       27.16452       38.41643       66.53920

 NSTEP =    25500   TIME(PS) =    2291.000  TEMP(K) =   298.13  PRESS =    68.6
 Etot   =   -100244.7009  EKtot   =     25416.7793  EPtot      =   -125661.4802
 BOND   =       840.3229  ANGLE   =      2342.6416  DIHED      =      3483.6848
 1-4 NB =      1044.3527  1-4 EEL =     12312.8393  VDWAALS    =     14871.9412
 EELEC  =   -160624.5610  EHBOND  =         0.0000  RESTRAINT  =        67.2984
 EAMBER (non-restraint)  =   -125728.7786
 EKCMT  =     11096.1569  VIRIAL  =     10479.1878  VOLUME     =    416624.7930
                                                    Density    =         1.0187
 ------------------------------------------------------------------------------

wrapping first mol.:       27.18862       38.45052       66.59825
wrapping first mol.:       27.18862       38.45052       66.59825

 NSTEP =    26000   TIME(PS) =    2292.000  TEMP(K) =   301.55  PRESS =   107.6
 Etot   =    -99710.0054  EKtot   =     25708.5996  EPtot      =   -125418.6050
 BOND   =       842.7840  ANGLE   =      2334.3294  DIHED      =      3520.8814
 1-4 NB =      1015.5334  1-4 EEL =     12289.4249  VDWAALS    =     15186.7232
 EELEC  =   -160684.8885  EHBOND  =         0.0000  RESTRAINT  =        76.6071
 EAMBER (non-restraint)  =   -125495.2121
 EKCMT  =     11228.2655  VIRIAL  =     10257.5181  VOLUME     =    417733.3861
                                                    Density    =         1.0160
 ------------------------------------------------------------------------------

wrapping first mol.:       27.18356       38.44335       66.58583
wrapping first mol.:       27.18356       38.44335       66.58583

 NSTEP =    26500   TIME(PS) =    2293.000  TEMP(K) =   302.29  PRESS =  -103.4
 Etot   =    -99798.3541  EKtot   =     25771.6855  EPtot      =   -125570.0396
 BOND   =       838.3863  ANGLE   =      2345.0934  DIHED      =      3460.6135
 1-4 NB =      1040.7548  1-4 EEL =     12255.9200  VDWAALS    =     14973.9336
 EELEC  =   -160559.9806  EHBOND  =         0.0000  RESTRAINT  =        75.2393
 EAMBER (non-restraint)  =   -125645.2789
 EKCMT  =     11346.3889  VIRIAL  =     12278.7191  VOLUME     =    417507.7240
                                                    Density    =         1.0166
 ------------------------------------------------------------------------------

wrapping first mol.:       27.17488       38.43108       66.56458
wrapping first mol.:       27.17488       38.43108       66.56458

 NSTEP =    27000   TIME(PS) =    2294.000  TEMP(K) =   301.05  PRESS =    53.9
 Etot   =   -100224.7753  EKtot   =     25665.1953  EPtot      =   -125889.9706
 BOND   =       854.0064  ANGLE   =      2393.1398  DIHED      =      3436.6695
 1-4 NB =      1033.4888  1-4 EEL =     12274.7296  VDWAALS    =     15009.8422
 EELEC  =   -160964.2528  EHBOND  =         0.0000  RESTRAINT  =        72.4058
 EAMBER (non-restraint)  =   -125962.3765
 EKCMT  =     11136.0828  VIRIAL  =     10651.1051  VOLUME     =    417102.1403
                                                    Density    =         1.0176
 ------------------------------------------------------------------------------

wrapping first mol.:       27.18559       38.44623       66.59083
wrapping first mol.:       27.18559       38.44623       66.59083

 NSTEP =    27500   TIME(PS) =    2295.000  TEMP(K) =   297.49  PRESS =   292.6
 Etot   =   -100456.2524  EKtot   =     25361.7188  EPtot      =   -125817.9712
 BOND   =       902.4797  ANGLE   =      2343.8810  DIHED      =      3507.6268
 1-4 NB =      1016.3342  1-4 EEL =     12248.9362  VDWAALS    =     15387.5507
 EELEC  =   -161293.9616  EHBOND  =         0.0000  RESTRAINT  =        69.1817
 EAMBER (non-restraint)  =   -125887.1529
 EKCMT  =     11024.2348  VIRIAL  =      8386.2552  VOLUME     =    417586.8852
                                                    Density    =         1.0164
 ------------------------------------------------------------------------------

wrapping first mol.:       27.17461       38.43070       66.56392
wrapping first mol.:       27.17461       38.43070       66.56392

 NSTEP =    28000   TIME(PS) =    2296.000  TEMP(K) =   302.42  PRESS =   233.6
 Etot   =    -99680.1688  EKtot   =     25782.5879  EPtot      =   -125462.7566
 BOND   =       875.4250  ANGLE   =      2359.7614  DIHED      =      3520.1140
 1-4 NB =      1050.6431  1-4 EEL =     12238.2397  VDWAALS    =     14945.3214
 EELEC  =   -160520.6358  EHBOND  =         0.0000  RESTRAINT  =        68.3746
 EAMBER (non-restraint)  =   -125531.1312
 EKCMT  =     11223.9325  VIRIAL  =      9119.9010  VOLUME     =    417083.1578
                                                    Density    =         1.0176
 ------------------------------------------------------------------------------

wrapping first mol.:       27.16931       38.42321       66.55094
wrapping first mol.:       27.16931       38.42321       66.55094

 NSTEP =    28500   TIME(PS) =    2297.000  TEMP(K) =   301.80  PRESS =   -72.3
 Etot   =    -99757.0668  EKtot   =     25729.1113  EPtot      =   -125486.1781
 BOND   =       866.8725  ANGLE   =      2335.2939  DIHED      =      3501.5314
 1-4 NB =      1010.2264  1-4 EEL =     12178.0245  VDWAALS    =     14810.2273
 EELEC  =   -160259.7646  EHBOND  =         0.0000  RESTRAINT  =        71.4105
 EAMBER (non-restraint)  =   -125557.5886
 EKCMT  =     11187.0043  VIRIAL  =     11837.9815  VOLUME     =    416850.6328
                                                    Density    =         1.0182
 ------------------------------------------------------------------------------

wrapping first mol.:       27.17160       38.42644       66.55654
wrapping first mol.:       27.17160       38.42644       66.55654

 NSTEP =    29000   TIME(PS) =    2298.000  TEMP(K) =   297.63  PRESS =  -160.9
 Etot   =   -100402.6705  EKtot   =     25373.8867  EPtot      =   -125776.5572
 BOND   =       850.2141  ANGLE   =      2412.1847  DIHED      =      3498.5240
 1-4 NB =      1035.5821  1-4 EEL =     12242.3369  VDWAALS    =     14929.4856
 EELEC  =   -160815.7465  EHBOND  =         0.0000  RESTRAINT  =        70.8619
 EAMBER (non-restraint)  =   -125847.4191
 EKCMT  =     10900.3748  VIRIAL  =     12348.7031  VOLUME     =    416959.1337
                                                    Density    =         1.0179
 ------------------------------------------------------------------------------

wrapping first mol.:       27.16659       38.41935       66.54427
wrapping first mol.:       27.16659       38.41935       66.54427

 NSTEP =    29500   TIME(PS) =    2299.000  TEMP(K) =   302.69  PRESS =   134.4
 Etot   =    -99448.5710  EKtot   =     25805.7090  EPtot      =   -125254.2800
 BOND   =       843.4882  ANGLE   =      2381.6364  DIHED      =      3542.2580
 1-4 NB =      1066.8086  1-4 EEL =     12285.6077  VDWAALS    =     14954.8177
 EELEC  =   -160402.9161  EHBOND  =         0.0000  RESTRAINT  =        74.0195
 EAMBER (non-restraint)  =   -125328.2995
 EKCMT  =     11232.2703  VIRIAL  =     10023.2422  VOLUME     =    416717.5119
                                                    Density    =         1.0185
 ------------------------------------------------------------------------------

wrapping first mol.:       27.17555       38.43203       66.56623
wrapping first mol.:       27.17555       38.43203       66.56623

 NSTEP =    30000   TIME(PS) =    2300.000  TEMP(K) =   301.02  PRESS =    85.0
 Etot   =   -100054.6587  EKtot   =     25662.7012  EPtot      =   -125717.3599
 BOND   =       819.9162  ANGLE   =      2348.6831  DIHED      =      3508.3785
 1-4 NB =      1026.9715  1-4 EEL =     12223.2569  VDWAALS    =     15090.1920
 EELEC  =   -160803.7554  EHBOND  =         0.0000  RESTRAINT  =        68.9974
 EAMBER (non-restraint)  =   -125786.3572
 EKCMT  =     11244.7068  VIRIAL  =     10479.5471  VOLUME     =    417132.1056
                                                    Density    =         1.0175
 ------------------------------------------------------------------------------

wrapping first mol.:       27.15516       38.40319       66.51627
wrapping first mol.:       27.15516       38.40319       66.51627

 NSTEP =    30500   TIME(PS) =    2301.000  TEMP(K) =   300.51  PRESS =  -192.9
 Etot   =    -99890.3298  EKtot   =     25619.6113  EPtot      =   -125509.9411
 BOND   =       845.5121  ANGLE   =      2362.8658  DIHED      =      3465.9008
 1-4 NB =      1036.1879  1-4 EEL =     12242.4363  VDWAALS    =     14725.3208
 EELEC  =   -160258.6306  EHBOND  =         0.0000  RESTRAINT  =        70.4657
 EAMBER (non-restraint)  =   -125580.4068
 EKCMT  =     11107.3671  VIRIAL  =     12840.5255  VOLUME     =    416203.9259
                                                    Density    =         1.0198
 ------------------------------------------------------------------------------

wrapping first mol.:       27.15186       38.39853       66.50820
wrapping first mol.:       27.15186       38.39853       66.50820

 NSTEP =    31000   TIME(PS) =    2302.000  TEMP(K) =   300.51  PRESS =   -85.4
 Etot   =   -100019.0438  EKtot   =     25619.1562  EPtot      =   -125638.2001
 BOND   =       857.4862  ANGLE   =      2281.2982  DIHED      =      3538.6310
 1-4 NB =      1030.8884  1-4 EEL =     12250.2069  VDWAALS    =     14878.0971
 EELEC  =   -160552.9445  EHBOND  =         0.0000  RESTRAINT  =        78.1366
 EAMBER (non-restraint)  =   -125716.3367
 EKCMT  =     11266.4942  VIRIAL  =     12033.9314  VOLUME     =    416048.4663
                                                    Density    =         1.0201
 ------------------------------------------------------------------------------

wrapping first mol.:       27.15729       38.40621       66.52149
wrapping first mol.:       27.15729       38.40621       66.52149

 NSTEP =    31500   TIME(PS) =    2303.000  TEMP(K) =   299.48  PRESS =   144.3
 Etot   =    -99873.9959  EKtot   =     25532.1328  EPtot      =   -125406.1288
 BOND   =       849.0558  ANGLE   =      2316.3150  DIHED      =      3527.0169
 1-4 NB =      1024.8751  1-4 EEL =     12263.2517  VDWAALS    =     15013.2395
 EELEC  =   -160478.2992  EHBOND  =         0.0000  RESTRAINT  =        78.4165
 EAMBER (non-restraint)  =   -125484.5452
 EKCMT  =     11195.9900  VIRIAL  =      9898.7481  VOLUME     =    416289.4412
                                                    Density    =         1.0195
 ------------------------------------------------------------------------------

wrapping first mol.:       27.14858       38.39389       66.50017
wrapping first mol.:       27.14858       38.39389       66.50017

 NSTEP =    32000   TIME(PS) =    2304.000  TEMP(K) =   300.77  PRESS =   164.3
 Etot   =   -100132.6395  EKtot   =     25641.3809  EPtot      =   -125774.0204
 BOND   =       845.3968  ANGLE   =      2369.5928  DIHED      =      3510.3037
 1-4 NB =      1023.0694  1-4 EEL =     12287.6054  VDWAALS    =     14963.4991
 EELEC  =   -160849.0530  EHBOND  =         0.0000  RESTRAINT  =        75.5655
 EAMBER (non-restraint)  =   -125849.5859
 EKCMT  =     11127.3974  VIRIAL  =      9651.6733  VOLUME     =    415888.3960
                                                    Density    =         1.0205
 ------------------------------------------------------------------------------

wrapping first mol.:       27.14864       38.39397       66.50030
wrapping first mol.:       27.14864       38.39397       66.50030

 NSTEP =    32500   TIME(PS) =    2305.000  TEMP(K) =   300.67  PRESS =  -199.8
 Etot   =   -100470.3201  EKtot   =     25633.4199  EPtot      =   -126103.7400
 BOND   =       835.2424  ANGLE   =      2328.4773  DIHED      =      3476.7724
 1-4 NB =      1036.7584  1-4 EEL =     12212.0661  VDWAALS    =     14783.0525
 EELEC  =   -160847.2034  EHBOND  =         0.0000  RESTRAINT  =        71.0942
 EAMBER (non-restraint)  =   -126174.8343
 EKCMT  =     11260.3694  VIRIAL  =     13054.3820  VOLUME     =    415904.4764
                                                    Density    =         1.0205
 ------------------------------------------------------------------------------

wrapping first mol.:       27.14723       38.39198       66.49685
wrapping first mol.:       27.14723       38.39198       66.49685

 NSTEP =    33000   TIME(PS) =    2306.000  TEMP(K) =   300.31  PRESS =    24.4
 Etot   =   -100309.8895  EKtot   =     25602.2383  EPtot      =   -125912.1278
 BOND   =       834.2255  ANGLE   =      2329.3642  DIHED      =      3476.0539
 1-4 NB =      1015.7076  1-4 EEL =     12234.7407  VDWAALS    =     14934.3728
 EELEC  =   -160805.4178  EHBOND  =         0.0000  RESTRAINT  =        68.8252
 EAMBER (non-restraint)  =   -125980.9530
 EKCMT  =     11226.8370  VIRIAL  =     11007.6586  VOLUME     =    415831.3948
                                                    Density    =         1.0207
 ------------------------------------------------------------------------------

wrapping first mol.:       27.16707       38.42004       66.54546
wrapping first mol.:       27.16707       38.42004       66.54546

 NSTEP =    33500   TIME(PS) =    2307.000  TEMP(K) =   300.30  PRESS =  -159.4
 Etot   =   -100229.6690  EKtot   =     25601.2227  EPtot      =   -125830.8917
 BOND   =       826.6765  ANGLE   =      2364.7693  DIHED      =      3503.5285
 1-4 NB =      1036.1652  1-4 EEL =     12295.4025  VDWAALS    =     14661.8110
 EELEC  =   -160586.9628  EHBOND  =         0.0000  RESTRAINT  =        67.7181
 EAMBER (non-restraint)  =   -125898.6098
 EKCMT  =     11160.2756  VIRIAL  =     12594.4529  VOLUME     =    416750.9009
                                                    Density    =         1.0184
 ------------------------------------------------------------------------------

wrapping first mol.:       27.16007       38.41014       66.52831
wrapping first mol.:       27.16007       38.41014       66.52831

 NSTEP =    34000   TIME(PS) =    2308.000  TEMP(K) =   302.25  PRESS =    76.3
 Etot   =    -99905.1174  EKtot   =     25768.1777  EPtot      =   -125673.2952
 BOND   =       845.9185  ANGLE   =      2382.6652  DIHED      =      3504.9476
 1-4 NB =      1024.0808  1-4 EEL =     12211.5149  VDWAALS    =     14996.8750
 EELEC  =   -160705.0804  EHBOND  =         0.0000  RESTRAINT  =        65.7833
 EAMBER (non-restraint)  =   -125739.0785
 EKCMT  =     11208.2516  VIRIAL  =     10522.5652  VOLUME     =    416420.0163
                                                    Density    =         1.0192
 ------------------------------------------------------------------------------

wrapping first mol.:       27.16434       38.41618       66.53876
wrapping first mol.:       27.16434       38.41618       66.53876

 NSTEP =    34500   TIME(PS) =    2309.000  TEMP(K) =   297.03  PRESS =    43.4
 Etot   =   -100590.9022  EKtot   =     25323.1992  EPtot      =   -125914.1014
 BOND   =       823.1039  ANGLE   =      2292.4679  DIHED      =      3475.4333
 1-4 NB =      1017.4835  1-4 EEL =     12309.1821  VDWAALS    =     15002.1765
 EELEC  =   -160896.2558  EHBOND  =         0.0000  RESTRAINT  =        62.3073
 EAMBER (non-restraint)  =   -125976.4087
 EKCMT  =     10959.0940  VIRIAL  =     10568.6059  VOLUME     =    416617.4923
                                                    Density    =         1.0187
 ------------------------------------------------------------------------------

wrapping first mol.:       27.15321       38.40043       66.51149
wrapping first mol.:       27.15321       38.40043       66.51149

 NSTEP =    35000   TIME(PS) =    2310.000  TEMP(K) =   299.94  PRESS =    32.7
 Etot   =   -100147.8275  EKtot   =     25571.2637  EPtot      =   -125719.0911
 BOND   =       808.4717  ANGLE   =      2345.7906  DIHED      =      3510.3030
 1-4 NB =      1037.0838  1-4 EEL =     12255.8849  VDWAALS    =     14944.4874
 EELEC  =   -160693.1911  EHBOND  =         0.0000  RESTRAINT  =        72.0786
 EAMBER (non-restraint)  =   -125791.1697
 EKCMT  =     11084.5773  VIRIAL  =     10790.7826  VOLUME     =    416105.8071
                                                    Density    =         1.0200
 ------------------------------------------------------------------------------

wrapping first mol.:       27.15763       38.40669       66.52233
wrapping first mol.:       27.15763       38.40669       66.52233

 NSTEP =    35500   TIME(PS) =    2311.000  TEMP(K) =   298.82  PRESS =   -16.2
 Etot   =   -100347.3335  EKtot   =     25475.6328  EPtot      =   -125822.9663
 BOND   =       832.0996  ANGLE   =      2360.2707  DIHED      =      3536.5118
 1-4 NB =      1024.0163  1-4 EEL =     12250.5826  VDWAALS    =     15341.2306
 EELEC  =   -161245.5764  EHBOND  =         0.0000  RESTRAINT  =        77.8985
 EAMBER (non-restraint)  =   -125900.8647
 EKCMT  =     11020.4804  VIRIAL  =     11166.3495  VOLUME     =    416311.0696
                                                    Density    =         1.0195
 ------------------------------------------------------------------------------

wrapping first mol.:       27.14918       38.39473       66.50162
wrapping first mol.:       27.14918       38.39473       66.50162

 NSTEP =    36000   TIME(PS) =    2312.000  TEMP(K) =   297.71  PRESS =   261.0
 Etot   =   -100356.9760  EKtot   =     25380.5879  EPtot      =   -125737.5639
 BOND   =       876.6661  ANGLE   =      2336.4362  DIHED      =      3481.6505
 1-4 NB =      1022.6044  1-4 EEL =     12283.6931  VDWAALS    =     14981.2419
 EELEC  =   -160803.1021  EHBOND  =         0.0000  RESTRAINT  =        83.2459
 EAMBER (non-restraint)  =   -125820.8098
 EKCMT  =     11011.5078  VIRIAL  =      8668.0116  VOLUME     =    415912.1173
                                                    Density    =         1.0205
 ------------------------------------------------------------------------------

wrapping first mol.:       27.16311       38.41443       66.53575
wrapping first mol.:       27.16311       38.41443       66.53575

 NSTEP =    36500   TIME(PS) =    2313.000  TEMP(K) =   300.59  PRESS =   141.9
 Etot   =   -100085.8979  EKtot   =     25626.3633  EPtot      =   -125712.2611
 BOND   =       865.5689  ANGLE   =      2332.2576  DIHED      =      3463.3893
 1-4 NB =      1021.3873  1-4 EEL =     12229.8333  VDWAALS    =     15109.0114
 EELEC  =   -160804.5240  EHBOND  =         0.0000  RESTRAINT  =        70.8151
 EAMBER (non-restraint)  =   -125783.0762
 EKCMT  =     11168.8597  VIRIAL  =      9892.1941  VOLUME     =    416557.1601
                                                    Density    =         1.0189
 ------------------------------------------------------------------------------

wrapping first mol.:       27.16987       38.42400       66.55231
wrapping first mol.:       27.16987       38.42400       66.55231

 NSTEP =    37000   TIME(PS) =    2314.000  TEMP(K) =   299.29  PRESS =  -112.7
 Etot   =   -100205.6079  EKtot   =     25515.2949  EPtot      =   -125720.9029
 BOND   =       807.8000  ANGLE   =      2254.7293  DIHED      =      3467.6244
 1-4 NB =      1054.2100  1-4 EEL =     12278.4448  VDWAALS    =     14888.7389
 EELEC  =   -160548.5044  EHBOND  =         0.0000  RESTRAINT  =        76.0542
 EAMBER (non-restraint)  =   -125796.9571
 EKCMT  =     11110.3374  VIRIAL  =     12124.8918  VOLUME     =    416877.8119
                                                    Density    =         1.0181
 ------------------------------------------------------------------------------

wrapping first mol.:       27.19351       38.45743       66.61022
wrapping first mol.:       27.19351       38.45743       66.61022

 NSTEP =    37500   TIME(PS) =    2315.000  TEMP(K) =   299.88  PRESS =   141.3
 Etot   =   -100155.2001  EKtot   =     25566.0547  EPtot      =   -125721.2548
 BOND   =       816.4974  ANGLE   =      2313.6371  DIHED      =      3544.7131
 1-4 NB =      1041.5600  1-4 EEL =     12286.4689  VDWAALS    =     15071.5711
 EELEC  =   -160864.0682  EHBOND  =         0.0000  RESTRAINT  =        68.3658
 EAMBER (non-restraint)  =   -125789.6206
 EKCMT  =     11064.0842  VIRIAL  =      9789.2651  VOLUME     =    417957.5660
                                                    Density    =         1.0155
 ------------------------------------------------------------------------------

wrapping first mol.:       27.18219       38.44143       66.58250
wrapping first mol.:       27.18219       38.44143       66.58250

 NSTEP =    38000   TIME(PS) =    2316.000  TEMP(K) =   298.94  PRESS =   -78.4
 Etot   =   -100069.9980  EKtot   =     25485.5078  EPtot      =   -125555.5058
 BOND   =       809.5725  ANGLE   =      2353.7182  DIHED      =      3472.1497
 1-4 NB =      1043.2496  1-4 EEL =     12248.0058  VDWAALS    =     14911.4504
 EELEC  =   -160456.6782  EHBOND  =         0.0000  RESTRAINT  =        63.0262
 EAMBER (non-restraint)  =   -125618.5320
 EKCMT  =     11090.4084  VIRIAL  =     11797.4482  VOLUME     =    417444.0479
                                                    Density    =         1.0167
 ------------------------------------------------------------------------------

wrapping first mol.:       27.15727       38.40618       66.52144
wrapping first mol.:       27.15727       38.40618       66.52144

 NSTEP =    38500   TIME(PS) =    2317.000  TEMP(K) =   299.18  PRESS =   300.4
 Etot   =   -100029.9424  EKtot   =     25506.3418  EPtot      =   -125536.2842
 BOND   =       866.6156  ANGLE   =      2270.5477  DIHED      =      3499.7268
 1-4 NB =      1021.5415  1-4 EEL =     12253.0446  VDWAALS    =     14890.6149
 EELEC  =   -160405.5251  EHBOND  =         0.0000  RESTRAINT  =        67.1498
 EAMBER (non-restraint)  =   -125603.4340
 EKCMT  =     11197.5534  VIRIAL  =      8497.4262  VOLUME     =    416282.6472
                                                    Density    =         1.0196
 ------------------------------------------------------------------------------

wrapping first mol.:       27.16762       38.42082       66.54681
wrapping first mol.:       27.16762       38.42082       66.54681

 NSTEP =    39000   TIME(PS) =    2318.000  TEMP(K) =   300.67  PRESS =   -71.1
 Etot   =   -100015.1888  EKtot   =     25633.3379  EPtot      =   -125648.5267
 BOND   =       891.5668  ANGLE   =      2337.6046  DIHED      =      3491.8488
 1-4 NB =      1023.0779  1-4 EEL =     12204.2522  VDWAALS    =     14921.9187
 EELEC  =   -160585.3640  EHBOND  =         0.0000  RESTRAINT  =        66.5682
 EAMBER (non-restraint)  =   -125715.0949
 EKCMT  =     11086.8299  VIRIAL  =     11726.3478  VOLUME     =    416772.9139
                                                    Density    =         1.0184
 ------------------------------------------------------------------------------

wrapping first mol.:       27.16511       38.41727       66.54066
wrapping first mol.:       27.16511       38.41727       66.54066

 NSTEP =    39500   TIME(PS) =    2319.000  TEMP(K) =   301.46  PRESS =   180.8
 Etot   =    -99970.1598  EKtot   =     25700.4844  EPtot      =   -125670.6442
 BOND   =       850.9934  ANGLE   =      2407.6035  DIHED      =      3479.8134
 1-4 NB =      1005.6520  1-4 EEL =     12233.1546  VDWAALS    =     14869.3282
 EELEC  =   -160585.9738  EHBOND  =         0.0000  RESTRAINT  =        68.7845
 EAMBER (non-restraint)  =   -125739.4287
 EKCMT  =     11143.0663  VIRIAL  =      9516.5420  VOLUME     =    416648.0150
                                                    Density    =         1.0187
 ------------------------------------------------------------------------------

wrapping first mol.:       27.15565       38.40389       66.51749
wrapping first mol.:       27.15565       38.40389       66.51749

 NSTEP =    40000   TIME(PS) =    2320.000  TEMP(K) =   300.01  PRESS =   122.8
 Etot   =   -100033.1611  EKtot   =     25577.0156  EPtot      =   -125610.1767
 BOND   =       890.7982  ANGLE   =      2368.4894  DIHED      =      3505.4804
 1-4 NB =      1026.5306  1-4 EEL =     12255.5743  VDWAALS    =     15153.2181
 EELEC  =   -160876.0770  EHBOND  =         0.0000  RESTRAINT  =        65.8093
 EAMBER (non-restraint)  =   -125675.9861
 EKCMT  =     11218.7660  VIRIAL  =     10115.3853  VOLUME     =    416215.0154
                                                    Density    =         1.0197
 ------------------------------------------------------------------------------

wrapping first mol.:       27.16502       38.41713       66.54042
wrapping first mol.:       27.16502       38.41713       66.54042

 NSTEP =    40500   TIME(PS) =    2321.000  TEMP(K) =   299.87  PRESS =   -26.6
 Etot   =   -100266.2222  EKtot   =     25564.6367  EPtot      =   -125830.8589
 BOND   =       830.3536  ANGLE   =      2346.8427  DIHED      =      3520.3564
 1-4 NB =      1041.2704  1-4 EEL =     12232.9083  VDWAALS    =     14859.4206
 EELEC  =   -160726.7701  EHBOND  =         0.0000  RESTRAINT  =        64.7592
 EAMBER (non-restraint)  =   -125895.6181
 EKCMT  =     11188.9489  VIRIAL  =     11428.5276  VOLUME     =    416651.1841
                                                    Density    =         1.0187
 ------------------------------------------------------------------------------

wrapping first mol.:       27.15647       38.40505       66.51949
wrapping first mol.:       27.15647       38.40505       66.51949

 NSTEP =    41000   TIME(PS) =    2322.000  TEMP(K) =   302.19  PRESS =   -49.8
 Etot   =   -100091.7136  EKtot   =     25762.4883  EPtot      =   -125854.2018
 BOND   =       858.5993  ANGLE   =      2316.7688  DIHED      =      3531.0589
 1-4 NB =      1022.3180  1-4 EEL =     12308.7383  VDWAALS    =     15228.5817
 EELEC  =   -161188.5636  EHBOND  =         0.0000  RESTRAINT  =        68.2968
 EAMBER (non-restraint)  =   -125922.4986
 EKCMT  =     11246.3372  VIRIAL  =     11693.8109  VOLUME     =    416259.1011
                                                    Density    =         1.0196
 ------------------------------------------------------------------------------

wrapping first mol.:       27.16112       38.41162       66.53087
wrapping first mol.:       27.16112       38.41162       66.53087

 NSTEP =    41500   TIME(PS) =    2323.000  TEMP(K) =   301.98  PRESS =    89.6
 Etot   =    -99768.9108  EKtot   =     25745.0117  EPtot      =   -125513.9225
 BOND   =       878.7035  ANGLE   =      2344.8976  DIHED      =      3480.3455
 1-4 NB =      1025.0810  1-4 EEL =     12223.6600  VDWAALS    =     15090.1965
 EELEC  =   -160630.4343  EHBOND  =         0.0000  RESTRAINT  =        73.6278
 EAMBER (non-restraint)  =   -125587.5503
 EKCMT  =     11279.8578  VIRIAL  =     10473.9873  VOLUME     =    416467.4937
                                                    Density    =         1.0191
 ------------------------------------------------------------------------------

wrapping first mol.:       27.15448       38.40223       66.51461
wrapping first mol.:       27.15448       38.40223       66.51461

 NSTEP =    42000   TIME(PS) =    2324.000  TEMP(K) =   298.14  PRESS =    12.5
 Etot   =   -100098.8876  EKtot   =     25417.7168  EPtot      =   -125516.6044
 BOND   =       885.2795  ANGLE   =      2349.1228  DIHED      =      3505.5075
 1-4 NB =      1022.4654  1-4 EEL =     12272.5749  VDWAALS    =     15005.4798
 EELEC  =   -160627.5723  EHBOND  =         0.0000  RESTRAINT  =        70.5380
 EAMBER (non-restraint)  =   -125587.1424
 EKCMT  =     11074.9885  VIRIAL  =     10962.8888  VOLUME     =    416165.1638
                                                    Density    =         1.0199
 ------------------------------------------------------------------------------

wrapping first mol.:       27.15179       38.39843       66.50803
wrapping first mol.:       27.15179       38.39843       66.50803

 NSTEP =    42500   TIME(PS) =    2325.000  TEMP(K) =   299.00  PRESS =   -22.6
 Etot   =   -100202.1546  EKtot   =     25490.8262  EPtot      =   -125692.9808
 BOND   =       867.2387  ANGLE   =      2324.0229  DIHED      =      3501.0817
 1-4 NB =      1016.5385  1-4 EEL =     12296.9637  VDWAALS    =     14978.2645
 EELEC  =   -160738.5332  EHBOND  =         0.0000  RESTRAINT  =        61.4425
 EAMBER (non-restraint)  =   -125754.4233
 EKCMT  =     11107.0068  VIRIAL  =     11309.9406  VOLUME     =    416042.9529
                                                    Density    =         1.0202
 ------------------------------------------------------------------------------

wrapping first mol.:       27.16770       38.42093       66.54700
wrapping first mol.:       27.16770       38.42093       66.54700

 NSTEP =    43000   TIME(PS) =    2326.000  TEMP(K) =   299.00  PRESS =    75.9
 Etot   =   -100320.4616  EKtot   =     25490.8828  EPtot      =   -125811.3444
 BOND   =       857.0111  ANGLE   =      2368.7806  DIHED      =      3480.4671
 1-4 NB =      1025.9490  1-4 EEL =     12250.6709  VDWAALS    =     15097.5216
 EELEC  =   -160959.6756  EHBOND  =         0.0000  RESTRAINT  =        67.9309
 EAMBER (non-restraint)  =   -125879.2753
 EKCMT  =     11059.2194  VIRIAL  =     10376.1749  VOLUME     =    416770.9576
                                                    Density    =         1.0184
 ------------------------------------------------------------------------------

wrapping first mol.:       27.17806       38.43558       66.57237
wrapping first mol.:       27.17806       38.43558       66.57237

 NSTEP =    43500   TIME(PS) =    2327.000  TEMP(K) =   302.15  PRESS =   -26.5
 Etot   =    -99623.3799  EKtot   =     25759.1523  EPtot      =   -125382.5322
 BOND   =       844.5868  ANGLE   =      2350.9195  DIHED      =      3497.3637
 1-4 NB =      1032.8678  1-4 EEL =     12278.6311  VDWAALS    =     15081.8166
 EELEC  =   -160532.4995  EHBOND  =         0.0000  RESTRAINT  =        63.7817
 EAMBER (non-restraint)  =   -125446.3140
 EKCMT  =     11129.0232  VIRIAL  =     11367.4517  VOLUME     =    417251.6777
                                                    Density    =         1.0172
 ------------------------------------------------------------------------------

wrapping first mol.:       27.17746       38.43473       66.57090
wrapping first mol.:       27.17746       38.43473       66.57090

 NSTEP =    44000   TIME(PS) =    2328.000  TEMP(K) =   300.08  PRESS =    56.2
 Etot   =   -100185.4502  EKtot   =     25582.7812  EPtot      =   -125768.2314
 BOND   =       811.7797  ANGLE   =      2423.0470  DIHED      =      3490.6784
 1-4 NB =      1022.0328  1-4 EEL =     12182.3975  VDWAALS    =     15275.2573
 EELEC  =   -161039.6054  EHBOND  =         0.0000  RESTRAINT  =        66.1811
 EAMBER (non-restraint)  =   -125834.4125
 EKCMT  =     11103.3155  VIRIAL  =     10597.2232  VOLUME     =    417220.8761
                                                    Density    =         1.0173
 ------------------------------------------------------------------------------

wrapping first mol.:       27.16993       38.42409       66.55247
wrapping first mol.:       27.16993       38.42409       66.55247

 NSTEP =    44500   TIME(PS) =    2329.000  TEMP(K) =   300.05  PRESS =   -71.3
 Etot   =   -100161.3557  EKtot   =     25580.5996  EPtot      =   -125741.9553
 BOND   =       876.7675  ANGLE   =      2320.6909  DIHED      =      3482.2521
 1-4 NB =      1036.8003  1-4 EEL =     12276.4811  VDWAALS    =     15173.5908
 EELEC  =   -160979.5208  EHBOND  =         0.0000  RESTRAINT  =        70.9828
 EAMBER (non-restraint)  =   -125812.9381
 EKCMT  =     11093.6122  VIRIAL  =     11735.1332  VOLUME     =    416879.1706
                                                    Density    =         1.0181
 ------------------------------------------------------------------------------

wrapping first mol.:       27.18836       38.45015       66.59761
wrapping first mol.:       27.18836       38.45015       66.59761

 NSTEP =    45000   TIME(PS) =    2330.000  TEMP(K) =   298.34  PRESS =    45.5
 Etot   =   -100162.6202  EKtot   =     25434.4395  EPtot      =   -125597.0596
 BOND   =       842.6819  ANGLE   =      2310.4584  DIHED      =      3516.2015
 1-4 NB =      1042.2433  1-4 EEL =     12293.4812  VDWAALS    =     15053.9400
 EELEC  =   -160726.0594  EHBOND  =         0.0000  RESTRAINT  =        69.9935
 EAMBER (non-restraint)  =   -125667.0532
 EKCMT  =     11102.0678  VIRIAL  =     10692.1229  VOLUME     =    417723.7382
                                                    Density    =         1.0160
 ------------------------------------------------------------------------------

wrapping first mol.:       27.17028       38.42458       66.55332
wrapping first mol.:       27.17028       38.42458       66.55332

 NSTEP =    45500   TIME(PS) =    2331.000  TEMP(K) =   300.27  PRESS =   -62.1
 Etot   =   -100225.5007  EKtot   =     25599.2695  EPtot      =   -125824.7702
 BOND   =       841.2010  ANGLE   =      2317.2800  DIHED      =      3495.2549
 1-4 NB =      1017.4547  1-4 EEL =     12283.5926  VDWAALS    =     15075.2366
 EELEC  =   -160927.9434  EHBOND  =         0.0000  RESTRAINT  =        73.1535
 EAMBER (non-restraint)  =   -125897.9237
 EKCMT  =     11156.8475  VIRIAL  =     11716.1891  VOLUME     =    416894.8504
                                                    Density    =         1.0181
 ------------------------------------------------------------------------------

wrapping first mol.:       27.17902       38.43693       66.57471
wrapping first mol.:       27.17902       38.43693       66.57471

 NSTEP =    46000   TIME(PS) =    2332.000  TEMP(K) =   300.79  PRESS =   -36.9
 Etot   =    -99756.0607  EKtot   =     25643.2461  EPtot      =   -125399.3068
 BOND   =       829.1982  ANGLE   =      2324.7362  DIHED      =      3557.6137
 1-4 NB =      1022.3978  1-4 EEL =     12250.8156  VDWAALS    =     14756.9140
 EELEC  =   -160212.1203  EHBOND  =         0.0000  RESTRAINT  =        71.1382
 EAMBER (non-restraint)  =   -125470.4450
 EKCMT  =     11179.5486  VIRIAL  =     11512.3849  VOLUME     =    417296.0807
                                                    Density    =         1.0171
 ------------------------------------------------------------------------------

wrapping first mol.:       27.16896       38.42270       66.55007
wrapping first mol.:       27.16896       38.42270       66.55007

 NSTEP =    46500   TIME(PS) =    2333.000  TEMP(K) =   297.97  PRESS =  -112.3
 Etot   =   -100105.2960  EKtot   =     25402.6797  EPtot      =   -125507.9757
 BOND   =       873.8286  ANGLE   =      2350.1810  DIHED      =      3532.8669
 1-4 NB =      1018.3399  1-4 EEL =     12226.8606  VDWAALS    =     14799.1334
 EELEC  =   -160379.3128  EHBOND  =         0.0000  RESTRAINT  =        70.1266
 EAMBER (non-restraint)  =   -125578.1023
 EKCMT  =     11115.5459  VIRIAL  =     12126.1679  VOLUME     =    416835.7178
                                                    Density    =         1.0182
 ------------------------------------------------------------------------------

wrapping first mol.:       27.16919       38.42304       66.55065
wrapping first mol.:       27.16919       38.42304       66.55065

 NSTEP =    47000   TIME(PS) =    2334.000  TEMP(K) =   299.19  PRESS =    20.2
 Etot   =   -100180.4628  EKtot   =     25506.6504  EPtot      =   -125687.1132
 BOND   =       848.9437  ANGLE   =      2341.2169  DIHED      =      3496.9313
 1-4 NB =      1034.0156  1-4 EEL =     12216.2581  VDWAALS    =     14905.3927
 EELEC  =   -160600.3793  EHBOND  =         0.0000  RESTRAINT  =        70.5078
 EAMBER (non-restraint)  =   -125757.6210
 EKCMT  =     11162.5030  VIRIAL  =     10980.7445  VOLUME     =    416841.7311
                                                    Density    =         1.0182
 ------------------------------------------------------------------------------

wrapping first mol.:       27.16663       38.41942       66.54438
wrapping first mol.:       27.16663       38.41942       66.54438

 NSTEP =    47500   TIME(PS) =    2335.000  TEMP(K) =   301.35  PRESS =   -71.7
 Etot   =    -99932.9229  EKtot   =     25691.0898  EPtot      =   -125624.0128
 BOND   =       887.5720  ANGLE   =      2311.4192  DIHED      =      3461.1116
 1-4 NB =      1044.4289  1-4 EEL =     12267.5920  VDWAALS    =     14853.5148
 EELEC  =   -160522.1299  EHBOND  =         0.0000  RESTRAINT  =        72.4786
 EAMBER (non-restraint)  =   -125696.4914
 EKCMT  =     11079.3419  VIRIAL  =     11724.7636  VOLUME     =    416727.3456
                                                    Density    =         1.0185
 ------------------------------------------------------------------------------

wrapping first mol.:       27.15203       38.39877       66.50861
wrapping first mol.:       27.15203       38.39877       66.50861

 NSTEP =    48000   TIME(PS) =    2336.000  TEMP(K) =   300.17  PRESS =   -35.7
 Etot   =    -99914.0006  EKtot   =     25590.2129  EPtot      =   -125504.2135
 BOND   =       888.1256  ANGLE   =      2349.5631  DIHED      =      3513.5811
 1-4 NB =      1008.3202  1-4 EEL =     12206.0987  VDWAALS    =     14709.1635
 EELEC  =   -160251.6061  EHBOND  =         0.0000  RESTRAINT  =        72.5405
 EAMBER (non-restraint)  =   -125576.7540
 EKCMT  =     11160.0191  VIRIAL  =     11480.8592  VOLUME     =    416054.3673
                                                    Density    =         1.0201
 ------------------------------------------------------------------------------

wrapping first mol.:       27.15092       38.39720       66.50589
wrapping first mol.:       27.15092       38.39720       66.50589

 NSTEP =    48500   TIME(PS) =    2337.000  TEMP(K) =   299.33  PRESS =    -4.2
 Etot   =   -100110.6569  EKtot   =     25518.9531  EPtot      =   -125629.6100
 BOND   =       868.3251  ANGLE   =      2322.3055  DIHED      =      3470.2657
 1-4 NB =      1030.1445  1-4 EEL =     12278.5028  VDWAALS    =     14844.6377
 EELEC  =   -160522.7543  EHBOND  =         0.0000  RESTRAINT  =        78.9629
 EAMBER (non-restraint)  =   -125708.5729
 EKCMT  =     10918.8819  VIRIAL  =     10956.3526  VOLUME     =    416002.0774
                                                    Density    =         1.0203
 ------------------------------------------------------------------------------

wrapping first mol.:       27.15090       38.39717       66.50584
wrapping first mol.:       27.15090       38.39717       66.50584

 NSTEP =    49000   TIME(PS) =    2338.000  TEMP(K) =   299.88  PRESS =   115.9
 Etot   =    -99875.7338  EKtot   =     25565.6309  EPtot      =   -125441.3646
 BOND   =       856.8752  ANGLE   =      2360.9223  DIHED      =      3505.7001
 1-4 NB =      1029.3806  1-4 EEL =     12311.5877  VDWAALS    =     15006.8203
 EELEC  =   -160580.0440  EHBOND  =         0.0000  RESTRAINT  =        67.3931
 EAMBER (non-restraint)  =   -125508.7577
 EKCMT  =     11166.0052  VIRIAL  =     10124.8673  VOLUME     =    415996.6851
                                                    Density    =         1.0203
 ------------------------------------------------------------------------------

wrapping first mol.:       27.14969       38.39546       66.50288
wrapping first mol.:       27.14969       38.39546       66.50288

 NSTEP =    49500   TIME(PS) =    2339.000  TEMP(K) =   298.02  PRESS =   170.6
 Etot   =   -100357.0384  EKtot   =     25407.5410  EPtot      =   -125764.5794
 BOND   =       868.0938  ANGLE   =      2334.6582  DIHED      =      3502.2622
 1-4 NB =      1054.2450  1-4 EEL =     12266.1840  VDWAALS    =     14868.8209
 EELEC  =   -160718.6778  EHBOND  =         0.0000  RESTRAINT  =        59.8342
 EAMBER (non-restraint)  =   -125824.4136
 EKCMT  =     11009.2742  VIRIAL  =      9476.8780  VOLUME     =    415939.0146
                                                    Density    =         1.0204
 ------------------------------------------------------------------------------

wrapping first mol.:       27.16080       38.41117       66.53009
wrapping first mol.:       27.16080       38.41117       66.53009

 NSTEP =    50000   TIME(PS) =    2340.000  TEMP(K) =   298.73  PRESS =   123.8
 Etot   =   -100165.7492  EKtot   =     25467.8789  EPtot      =   -125633.6281
 BOND   =       867.7825  ANGLE   =      2349.6007  DIHED      =      3496.8568
 1-4 NB =      1033.3445  1-4 EEL =     12267.7903  VDWAALS    =     15235.2567
 EELEC  =   -160951.0789  EHBOND  =         0.0000  RESTRAINT  =        66.8194
 EAMBER (non-restraint)  =   -125700.4475
 EKCMT  =     11095.4314  VIRIAL  =      9982.3552  VOLUME     =    416451.6690
                                                    Density    =         1.0191
 ------------------------------------------------------------------------------


      A V E R A G E S   O V E R     100 S T E P S


 NSTEP =    50000   TIME(PS) =    2340.000  TEMP(K) =   300.10  PRESS =     2.9
 Etot   =   -100064.4869  EKtot   =     25584.8173  EPtot      =   -125649.3042
 BOND   =       849.7552  ANGLE   =      2338.5613  DIHED      =      3499.5212
 1-4 NB =      1030.0173  1-4 EEL =     12267.0561  VDWAALS    =     14957.1945
 EELEC  =   -160661.2211  EHBOND  =         0.0000  RESTRAINT  =        69.8113
 EAMBER (non-restraint)  =   -125719.1155
 EKCMT  =     11144.6265  VIRIAL  =     11118.6462  VOLUME     =    416815.8130
                                                    Density    =         1.0183
 ------------------------------------------------------------------------------


      R M S  F L U C T U A T I O N S


 NSTEP =    50000   TIME(PS) =    2340.000  TEMP(K) =     1.36  PRESS =   117.1
 Etot   =       227.3647  EKtot   =       116.0036  EPtot      =       178.8637
 BOND   =        24.0771  ANGLE   =        32.8772  DIHED      =        21.3926
 1-4 NB =        13.4654  1-4 EEL =        35.5627  VDWAALS    =       159.4988
 EELEC  =       248.3530  EHBOND  =         0.0000  RESTRAINT  =         5.5195
 EAMBER (non-restraint)  =       173.3442
 EKCMT  =        87.0539  VIRIAL  =      1058.1214  VOLUME     =       582.3386
                                                    Density    =         0.0014
 ------------------------------------------------------------------------------

--------------------------------------------------------------------------------
   5.  TIMINGS
--------------------------------------------------------------------------------

|  NonSetup CPU Time in Major Routines:
|
|     Routine           Sec        %
|     ------------------------------
|     Nonbond         240.19   88.70
|     Bond              0.00    0.00
|     Angle             0.00    0.00
|     Dihedral          0.00    0.00
|     Shake             0.31    0.12
|     RunMD            30.24   11.17
|     Other             0.04    0.02
|     ------------------------------
|     Total           270.78

|  PME Nonbond Pairlist CPU Time:
|
|     Routine              Sec        %
|     ---------------------------------
|     Set Up Cit           0.00    0.00
|     Build List           0.00    0.00
|     ---------------------------------
|     Total                0.00    0.00

|  PME Direct Force CPU Time:
|
|     Routine              Sec        %
|     ---------------------------------
|     NonBonded Calc       0.00    0.00
|     Exclude Masked       0.00    0.00
|     Other                0.03    0.01
|     ---------------------------------
|     Total                0.03    0.01

|  PME Reciprocal Force CPU Time:
|
|     Routine              Sec        %
|     ---------------------------------
|     1D bspline           0.00    0.00
|     Grid Charges         0.00    0.00
|     Scalar Sum           0.00    0.00
|     Gradient Sum         0.00    0.00
|     FFT                  0.00    0.00
|     ---------------------------------
|     Total                0.00    0.00

|  Final Performance Info:
|     -----------------------------------------------------
|     Average timings for last    7500 steps:
|     Elapsed(s) =      40.65 Per Step(ms) =       5.42
|         ns/day =      31.88   seconds/ns =    2709.90
|
|     Average timings for all steps:
|     Elapsed(s) =     425.09 Per Step(ms) =       8.50
|         ns/day =      20.32   seconds/ns =    4250.92
|     -----------------------------------------------------

|  Setup CPU time:            0.64 seconds
|  NonSetup CPU time:       270.78 seconds
|  Total CPU time:          271.43 seconds     0.08 hours

|  Setup wall time:           0    seconds
|  NonSetup wall time:      425    seconds
|  Total wall time:         425    seconds     0.12 hours
