
          -------------------------------------------------------
          Amber 16 PMEMD                              2016
          -------------------------------------------------------

| PMEMD implementation of SANDER, Release 16

| Run on 11/03/2016 at 19:34:30

|   Executable path: pmemd.cuda
| Working directory: /home/german/exs/run/1m14/mhe/e
|          Hostname: Unknown
  [-O]verwriting output

File Assignments:
|   MDIN: 24equ.in                                                              
|  MDOUT: 24equ.out                                                             
| INPCRD: 23e1m14.rst7                                                          
|   PARM: 1m14.prmtop                                                           
| RESTRT: 24e1m14.rst7                                                          
|   REFC: 23e1m14.rst7                                                          
|  MDVEL: mdvel                                                                 
|   MDEN: mden                                                                  
|  MDCRD: 24e1m14.nc                                                            
| MDINFO: mdinfo                                                                
|  MDFRC: mdfrc                                                                 


 Here is the input file:

Equilibration with solute restrictions                                         
&cntrl                                                                         
imin = 0,                           ! No Minimization                          
nmropt = 0,                         ! No NMR restraints read                   
                                                                               
! Nature and format of the input                                               
ntx = 5,                            ! Coordinates but no velocities will be rea
irest = 1,                          ! Do not run a new simulation              
                                                                               
! Nature and format of the output                                              
ntxo = 1,                           ! rstrt file in ASCII format               
ntpr = 500,                         ! inf in output every ntpr steps           
ntwr = 500,                         ! rstrt file every ntwr steps              
ntwx = 500,                         ! mdcrd file every ntwx steps              
ntwv = 0,                           ! mdvel without velocities                 
ntwe = 0,                           ! Energies and temperatures not written in 
idecomp = 0,                        ! No energy decomposition                  
iwrap = 1,                          ! Coordinates of the restart and mdcrd file
                                                                               
! Frozen or restrained atoms                                                   
ibelly = 0,                         ! No frozen atoms                          
ntr=1,                              ! Harmonic potential restraints            
restraint_wt = 0.2,                ! The weight for the positional restraints  
restraintmask = ':1-277@N,CA,C,O',  ! restrained residues                      
                                                                               
! Molecular dynamics                                                           
nstlim = 50000,                     ! Number of MD-steps                       
dt = 0.002,                         ! Time step                                
                                                                               
! Temperature regulation                                                       
ntt = 3,                            ! Langevin thermostat                      
gamma_ln = 5,                       ! Gamma constant for Langevin              
!temp0 = 300.0,                     ! Reference T at which the system is to be 
tempi = 300.0,                      ! Initial T                                
ig = -1,                            ! Seed for the RNG                         
                                                                               
! P and V regulation                                                           
ntp = 1,                            ! Constant P. Isotropic scaling            
barostat = 1,                       ! Berendsen barostat                       
taup = 1,                           ! Pressure relaxation time                 
nrespa = 1,                         ! Evaluate at each step                    
ntb = 2,                            ! Periodic box for constant P              
                                                                               
! SHAKE variables                                                              
ntc = 2,                            ! Bonds involving H are constrained        
ntf = 2,                            ! Bond interaction involving H are ommited.
                                                                               
cut = 10.0,                         ! Nonbonded cutoff                         
/                                                                              
&end                                                                           


Note: ig = -1. Setting random seed to   524878 based on wallclock time in 
      microseconds.
 
|--------------------- INFORMATION ----------------------
| GPU (CUDA) Version of PMEMD in use: NVIDIA GPU IN USE.
|                    Version 16.0.0
| 
|                      02/25/2016
| 
| Implementation by:
|                    Ross C. Walker     (SDSC)
|                    Scott Le Grand     (nVIDIA)
| 
| Precision model in use:
|      [SPFP] - Single Precision Forces, 64-bit Fixed Point
|               Accumulation. (Default)
| 
|--------------------------------------------------------
 
|----------------- CITATION INFORMATION -----------------
|
|    When publishing work that utilized the CUDA version
|    of AMBER, please cite the following in addition to
|    the regular AMBER citations:
|
|  - Romelia Salomon-Ferrer; Andreas W. Goetz; Duncan
|    Poole; Scott Le Grand; Ross C. Walker "Routine
|    microsecond molecular dynamics simulations with
|    AMBER - Part II: Particle Mesh Ewald", J. Chem.
|    Theory Comput., 2013, 9 (9), pp3878-3888,
|    DOI: 10.1021/ct400314y.
|
|  - Andreas W. Goetz; Mark J. Williamson; Dong Xu;
|    Duncan Poole; Scott Le Grand; Ross C. Walker
|    "Routine microsecond molecular dynamics simulations
|    with AMBER - Part I: Generalized Born", J. Chem.
|    Theory Comput., 2012, 8 (5), pp1542-1555.
|
|  - Scott Le Grand; Andreas W. Goetz; Ross C. Walker
|    "SPFP: Speed without compromise - a mixed precision
|    model for GPU accelerated molecular dynamics
|    simulations.", Comp. Phys. Comm., 2013, 184
|    pp374-380, DOI: 10.1016/j.cpc.2012.09.022
|
|--------------------------------------------------------
 
|------------------- GPU DEVICE INFO --------------------
|
|            CUDA_VISIBLE_DEVICES: 1
|   CUDA Capable Devices Detected:      1
|           CUDA Device ID in use:      0
|                CUDA Device Name: GeForce GTX 1060 6GB
|     CUDA Device Global Mem Size:   6072 MB
| CUDA Device Num Multiprocessors:     10
|           CUDA Device Core Freq:   1.76 GHz
|
|--------------------------------------------------------
 
 
| Conditional Compilation Defines Used:
| PUBFFT
| BINTRAJ
| CUDA
| EMIL

| Largest sphere to fit in unit cell has radius =    33.271

| New format PARM file being parsed.
| Version =    1.000 Date = 11/02/16 Time = 18:58:44

| Note: 1-4 EEL scale factors are being read from the topology file.

| Note: 1-4 VDW scale factors are being read from the topology file.
| Duplicated    0 dihedrals

| Duplicated    0 dihedrals

--------------------------------------------------------------------------------
   1.  RESOURCE   USE: 
--------------------------------------------------------------------------------

 getting new box info from bottom of inpcrd
 NATOM  =   41788 NTYPES =      17 NBONH =   39561 MBONA  =    2274
 NTHETH =    5230 MTHETA =    3076 NPHIH =   10294 MPHIA  =    9773
 NHPARM =       0 NPARM  =       0 NNB   =   74758 NRES   =   12704
 NBONA  =    2274 NTHETA =    3076 NPHIA =    9773 NUMBND =      71
 NUMANG =     161 NPTRA  =     201 NATYP =      37 NPHB   =       1
 IFBOX  =       2 NMXRS  =      24 IFCAP =       0 NEXTRA =       0
 NCOPY  =       0

| Coordinate Index Table dimensions:    13   13   13
| Direct force subcell size =     6.2691    6.2691    6.2691

     BOX TYPE: TRUNCATED OCTAHEDRON

--------------------------------------------------------------------------------
   2.  CONTROL  DATA  FOR  THE  RUN
--------------------------------------------------------------------------------

default_name                                                                    

General flags:
     imin    =       0, nmropt  =       0

Nature and format of input:
     ntx     =       5, irest   =       1, ntrx    =       1

Nature and format of output:
     ntxo    =       1, ntpr    =     500, ntrx    =       1, ntwr    =     500
     iwrap   =       1, ntwx    =     500, ntwv    =       0, ntwe    =       0
     ioutfm  =       1, ntwprt  =       0, idecomp =       0, rbornstat=      0

Potential function:
     ntf     =       2, ntb     =       2, igb     =       0, nsnb    =      25
     ipol    =       0, gbsa    =       0, iesp    =       0
     dielc   =   1.00000, cut     =  10.00000, intdiel =   1.00000

Frozen or restrained atoms:
     ibelly  =       0, ntr     =       1
     restraint_wt =   0.20000

Molecular dynamics:
     nstlim  =     50000, nscm    =         0, nrespa  =         1
     t       =   0.00000, dt      =   0.00200, vlimit  =  -1.00000

Langevin dynamics temperature regulation:
     ig      =  524878
     temp0   = 300.00000, tempi   = 300.00000, gamma_ln=   5.00000

Pressure regulation:
     ntp     =       1
     pres0   =   1.00000, comp    =  44.60000, taup    =   1.00000

SHAKE:
     ntc     =       2, jfastw  =       0
     tol     =   0.00001

| Intermolecular bonds treatment:
|     no_intermolecular_bonds =       1

| Energy averages sample interval:
|     ene_avg_sampling =     500

Ewald parameters:
     verbose =       0, ew_type =       0, nbflag  =       1, use_pme =       1
     vdwmeth =       1, eedmeth =       1, netfrc  =       1
     Box X =   81.498   Box Y =   81.498   Box Z =   81.498
     Alpha =  109.471   Beta  =  109.471   Gamma =  109.471
     NFFT1 =   84       NFFT2 =   84       NFFT3 =   84
     Cutoff=   10.000   Tol   =0.100E-04
     Ewald Coefficient =  0.27511
     Interpolation order =    4

    LOADING THE CONSTRAINED ATOMS AS GROUPS


   5.  REFERENCE ATOM COORDINATES

  default_name                                                                    
     Mask :1-277@N,CA,C,O; matches  1108 atoms

--------------------------------------------------------------------------------
   3.  ATOMIC COORDINATES AND VELOCITIES
--------------------------------------------------------------------------------

default_name                                                                    
 begin time read from input coords =  2440.000 ps

 
 Number of triangulated 3-point waters found:    12424

     Sum of charges from parm topology file =  -0.00000014
     Forcing neutrality...

| Dynamic Memory, Types Used:
| Reals             1922650
| Integers          1476360

| Nonbonded Pairs Initial Allocation:    12639825

| GPU memory information (estimate):
| KB of GPU memory in use:    333977
| KB of CPU memory in use:     63449

--------------------------------------------------------------------------------
   4.  RESULTS
--------------------------------------------------------------------------------

 ---------------------------------------------------
 APPROXIMATING switch and d/dx switch using CUBIC SPLINE INTERPOLATION
 using   5000.0 points per unit in tabled values
 TESTING RELATIVE ERROR over r ranging from 0.0 to cutoff
| CHECK switch(x): max rel err =   0.2738E-14   at   2.422500
| CHECK d/dx switch(x): max rel err =   0.8314E-11   at   2.736960
 ---------------------------------------------------
|---------------------------------------------------
| APPROXIMATING direct energy using CUBIC SPLINE INTERPOLATION
|  with   50.0 points per unit in tabled values
| Relative Error Limit not exceeded for r .gt.   2.33
| APPROXIMATING direct force using CUBIC SPLINE INTERPOLATION
|  with   50.0 points per unit in tabled values
| Relative Error Limit not exceeded for r .gt.   2.80
|---------------------------------------------------
wrapping first mol.:       27.16869       38.42233       66.54942
wrapping first mol.:       27.16869       38.42233       66.54942

 NSTEP =      500   TIME(PS) =    2441.000  TEMP(K) =   300.80  PRESS =    48.4
 Etot   =   -100062.8095  EKtot   =     25644.1230  EPtot      =   -125706.9325
 BOND   =       857.8439  ANGLE   =      2362.3995  DIHED      =      3495.6335
 1-4 NB =      1025.2291  1-4 EEL =     12241.5226  VDWAALS    =     15072.3020
 EELEC  =   -160798.1730  EHBOND  =         0.0000  RESTRAINT  =        36.3099
 EAMBER (non-restraint)  =   -125743.2424
 EKCMT  =     11115.8726  VIRIAL  =     10680.2582  VOLUME     =    416817.4975
                                                    Density    =         1.0183
 ------------------------------------------------------------------------------

wrapping first mol.:       27.15898       38.40859       66.52563
wrapping first mol.:       27.15898       38.40859       66.52563

 NSTEP =     1000   TIME(PS) =    2442.000  TEMP(K) =   300.11  PRESS =  -119.7
 Etot   =    -99939.7999  EKtot   =     25585.1504  EPtot      =   -125524.9502
 BOND   =       902.4238  ANGLE   =      2351.1980  DIHED      =      3501.6021
 1-4 NB =      1019.8756  1-4 EEL =     12189.7343  VDWAALS    =     14973.5411
 EELEC  =   -160499.8761  EHBOND  =         0.0000  RESTRAINT  =        36.5509
 EAMBER (non-restraint)  =   -125561.5012
 EKCMT  =     11153.8179  VIRIAL  =     12229.7707  VOLUME     =    416376.8891
                                                    Density    =         1.0193
 ------------------------------------------------------------------------------

wrapping first mol.:       27.17612       38.43284       66.56763
wrapping first mol.:       27.17612       38.43284       66.56763

 NSTEP =     1500   TIME(PS) =    2443.000  TEMP(K) =   300.56  PRESS =     9.6
 Etot   =    -99818.7857  EKtot   =     25623.5605  EPtot      =   -125442.3463
 BOND   =       827.4609  ANGLE   =      2319.7359  DIHED      =      3488.6148
 1-4 NB =      1034.9464  1-4 EEL =     12302.4969  VDWAALS    =     14806.5497
 EELEC  =   -160271.1847  EHBOND  =         0.0000  RESTRAINT  =        49.0336
 EAMBER (non-restraint)  =   -125491.3799
 EKCMT  =     11230.2007  VIRIAL  =     11144.1578  VOLUME     =    417161.1660
                                                    Density    =         1.0174
 ------------------------------------------------------------------------------

wrapping first mol.:       27.16271       38.41387       66.53477
wrapping first mol.:       27.16271       38.41387       66.53477

 NSTEP =     2000   TIME(PS) =    2444.000  TEMP(K) =   298.77  PRESS =  -114.8
 Etot   =   -100317.9783  EKtot   =     25471.4414  EPtot      =   -125789.4197
 BOND   =       877.7313  ANGLE   =      2368.5731  DIHED      =      3520.9515
 1-4 NB =      1027.7547  1-4 EEL =     12206.8731  VDWAALS    =     14772.1692
 EELEC  =   -160601.6667  EHBOND  =         0.0000  RESTRAINT  =        38.1940
 EAMBER (non-restraint)  =   -125827.6137
 EKCMT  =     11138.9248  VIRIAL  =     12171.4990  VOLUME     =    416548.4004
                                                    Density    =         1.0189
 ------------------------------------------------------------------------------

wrapping first mol.:       27.16351       38.41500       66.53673
wrapping first mol.:       27.16351       38.41500       66.53673

 NSTEP =     2500   TIME(PS) =    2445.000  TEMP(K) =   299.36  PRESS =   223.1
 Etot   =   -100123.4199  EKtot   =     25521.3828  EPtot      =   -125644.8027
 BOND   =       828.3876  ANGLE   =      2312.9873  DIHED      =      3477.3823
 1-4 NB =      1030.7974  1-4 EEL =     12278.0366  VDWAALS    =     15207.1686
 EELEC  =   -160820.5352  EHBOND  =         0.0000  RESTRAINT  =        40.9725
 EAMBER (non-restraint)  =   -125685.7753
 EKCMT  =     11198.8661  VIRIAL  =      9192.2545  VOLUME     =    416572.6054
                                                    Density    =         1.0189
 ------------------------------------------------------------------------------

wrapping first mol.:       27.16448       38.41637       66.53910
wrapping first mol.:       27.16448       38.41637       66.53910

 NSTEP =     3000   TIME(PS) =    2446.000  TEMP(K) =   299.13  PRESS =   140.7
 Etot   =   -100213.0920  EKtot   =     25501.6719  EPtot      =   -125714.7639
 BOND   =       869.3503  ANGLE   =      2354.3664  DIHED      =      3481.4298
 1-4 NB =      1028.9275  1-4 EEL =     12180.1006  VDWAALS    =     15286.6860
 EELEC  =   -160961.7928  EHBOND  =         0.0000  RESTRAINT  =        46.1683
 EAMBER (non-restraint)  =   -125760.9322
 EKCMT  =     11174.9149  VIRIAL  =      9909.1979  VOLUME     =    416620.2815
                                                    Density    =         1.0187
 ------------------------------------------------------------------------------

wrapping first mol.:       27.15338       38.40068       66.51192
wrapping first mol.:       27.15338       38.40068       66.51192

 NSTEP =     3500   TIME(PS) =    2447.000  TEMP(K) =   298.92  PRESS =    88.2
 Etot   =   -100255.6885  EKtot   =     25483.9297  EPtot      =   -125739.6182
 BOND   =       854.2934  ANGLE   =      2334.2623  DIHED      =      3489.3154
 1-4 NB =      1027.6221  1-4 EEL =     12196.8951  VDWAALS    =     15105.5630
 EELEC  =   -160788.8668  EHBOND  =         0.0000  RESTRAINT  =        41.2973
 EAMBER (non-restraint)  =   -125780.9154
 EKCMT  =     11188.2441  VIRIAL  =     10395.7081  VOLUME     =    416111.7436
                                                    Density    =         1.0200
 ------------------------------------------------------------------------------

wrapping first mol.:       27.16830       38.42178       66.54846
wrapping first mol.:       27.16830       38.42178       66.54846

 NSTEP =     4000   TIME(PS) =    2448.000  TEMP(K) =   300.81  PRESS =  -264.8
 Etot   =    -99948.4413  EKtot   =     25644.7734  EPtot      =   -125593.2147
 BOND   =       835.3158  ANGLE   =      2350.2651  DIHED      =      3488.2285
 1-4 NB =      1006.9306  1-4 EEL =     12257.3432  VDWAALS    =     14752.7240
 EELEC  =   -160330.6969  EHBOND  =         0.0000  RESTRAINT  =        46.6750
 EAMBER (non-restraint)  =   -125639.8898
 EKCMT  =     11227.1908  VIRIAL  =     13610.6874  VOLUME     =    416811.1550
                                                    Density    =         1.0183
 ------------------------------------------------------------------------------

wrapping first mol.:       27.17099       38.42558       66.55506
wrapping first mol.:       27.17099       38.42558       66.55506

 NSTEP =     4500   TIME(PS) =    2449.000  TEMP(K) =   299.02  PRESS =   191.0
 Etot   =    -99908.9489  EKtot   =     25492.6719  EPtot      =   -125401.6208
 BOND   =       890.4967  ANGLE   =      2357.3471  DIHED      =      3500.7771
 1-4 NB =      1035.3597  1-4 EEL =     12188.9335  VDWAALS    =     15118.6085
 EELEC  =   -160534.6070  EHBOND  =         0.0000  RESTRAINT  =        41.4636
 EAMBER (non-restraint)  =   -125443.0843
 EKCMT  =     11041.2759  VIRIAL  =      9321.5679  VOLUME     =    416918.0994
                                                    Density    =         1.0180
 ------------------------------------------------------------------------------

wrapping first mol.:       27.16791       38.42122       66.54750
wrapping first mol.:       27.16791       38.42122       66.54750

 NSTEP =     5000   TIME(PS) =    2450.000  TEMP(K) =   299.22  PRESS =   -27.5
 Etot   =   -100129.7314  EKtot   =     25509.3809  EPtot      =   -125639.1123
 BOND   =       838.2062  ANGLE   =      2329.2250  DIHED      =      3506.2083
 1-4 NB =       999.4400  1-4 EEL =     12143.0388  VDWAALS    =     15046.5484
 EELEC  =   -160546.4083  EHBOND  =         0.0000  RESTRAINT  =        44.6293
 EAMBER (non-restraint)  =   -125683.7416
 EKCMT  =     11161.6283  VIRIAL  =     11409.1633  VOLUME     =    416784.2121
                                                    Density    =         1.0183
 ------------------------------------------------------------------------------

wrapping first mol.:       27.16688       38.41977       66.54499
wrapping first mol.:       27.16688       38.41977       66.54499

 NSTEP =     5500   TIME(PS) =    2451.000  TEMP(K) =   299.89  PRESS =    95.7
 Etot   =   -100056.9568  EKtot   =     25566.4688  EPtot      =   -125623.4256
 BOND   =       840.6003  ANGLE   =      2379.7290  DIHED      =      3514.4975
 1-4 NB =      1033.2961  1-4 EEL =     12217.7327  VDWAALS    =     15064.8741
 EELEC  =   -160717.6603  EHBOND  =         0.0000  RESTRAINT  =        43.5050
 EAMBER (non-restraint)  =   -125666.9305
 EKCMT  =     11158.5628  VIRIAL  =     10297.2920  VOLUME     =    416732.5736
                                                    Density    =         1.0185
 ------------------------------------------------------------------------------

wrapping first mol.:       27.17598       38.43264       66.56728
wrapping first mol.:       27.17598       38.43264       66.56728

 NSTEP =     6000   TIME(PS) =    2452.000  TEMP(K) =   298.32  PRESS =   245.8
 Etot   =   -100077.8085  EKtot   =     25433.1211  EPtot      =   -125510.9295
 BOND   =       893.4406  ANGLE   =      2296.2894  DIHED      =      3485.6394
 1-4 NB =      1029.7767  1-4 EEL =     12140.8042  VDWAALS    =     15130.6043
 EELEC  =   -160528.8780  EHBOND  =         0.0000  RESTRAINT  =        41.3938
 EAMBER (non-restraint)  =   -125552.3233
 EKCMT  =     11015.4114  VIRIAL  =      8801.7550  VOLUME     =    417145.8355
                                                    Density    =         1.0175
 ------------------------------------------------------------------------------

wrapping first mol.:       27.17579       38.43236       66.56680
wrapping first mol.:       27.17579       38.43236       66.56680

 NSTEP =     6500   TIME(PS) =    2453.000  TEMP(K) =   299.64  PRESS =   -28.6
 Etot   =    -99962.8221  EKtot   =     25545.3281  EPtot      =   -125508.1503
 BOND   =       863.0862  ANGLE   =      2432.7202  DIHED      =      3497.6683
 1-4 NB =      1015.2258  1-4 EEL =     12200.5190  VDWAALS    =     14710.6049
 EELEC  =   -160271.9552  EHBOND  =         0.0000  RESTRAINT  =        43.9805
 EAMBER (non-restraint)  =   -125552.1308
 EKCMT  =     11250.1858  VIRIAL  =     11508.0222  VOLUME     =    417147.0218
                                                    Density    =         1.0175
 ------------------------------------------------------------------------------

wrapping first mol.:       27.19470       38.45912       66.61314
wrapping first mol.:       27.19470       38.45912       66.61314

 NSTEP =     7000   TIME(PS) =    2454.000  TEMP(K) =   297.72  PRESS =   -90.6
 Etot   =   -100354.7983  EKtot   =     25382.0586  EPtot      =   -125736.8569
 BOND   =       879.5069  ANGLE   =      2288.3676  DIHED      =      3480.9896
 1-4 NB =      1019.7531  1-4 EEL =     12211.6551  VDWAALS    =     14856.5832
 EELEC  =   -160520.6802  EHBOND  =         0.0000  RESTRAINT  =        46.9678
 EAMBER (non-restraint)  =   -125783.8247
 EKCMT  =     11048.2445  VIRIAL  =     11866.1631  VOLUME     =    418021.1221
                                                    Density    =         1.0153
 ------------------------------------------------------------------------------

wrapping first mol.:       27.19334       38.45718       66.60979
wrapping first mol.:       27.19334       38.45718       66.60979

 NSTEP =     7500   TIME(PS) =    2455.000  TEMP(K) =   301.05  PRESS =    66.7
 Etot   =   -100276.3533  EKtot   =     25665.2695  EPtot      =   -125941.6228
 BOND   =       859.7810  ANGLE   =      2333.7836  DIHED      =      3436.7521
 1-4 NB =      1029.0788  1-4 EEL =     12271.3718  VDWAALS    =     15023.7890
 EELEC  =   -160936.6434  EHBOND  =         0.0000  RESTRAINT  =        40.4643
 EAMBER (non-restraint)  =   -125982.0871
 EKCMT  =     11181.5074  VIRIAL  =     10579.7997  VOLUME     =    417952.2437
                                                    Density    =         1.0155
 ------------------------------------------------------------------------------

wrapping first mol.:       27.18247       38.44182       66.58318
wrapping first mol.:       27.18247       38.44182       66.58318

 NSTEP =     8000   TIME(PS) =    2456.000  TEMP(K) =   302.08  PRESS =   -57.4
 Etot   =   -100186.2426  EKtot   =     25753.1816  EPtot      =   -125939.4242
 BOND   =       876.0386  ANGLE   =      2331.2579  DIHED      =      3511.4678
 1-4 NB =      1025.2489  1-4 EEL =     12196.0840  VDWAALS    =     15332.2705
 EELEC  =   -161256.8192  EHBOND  =         0.0000  RESTRAINT  =        45.0274
 EAMBER (non-restraint)  =   -125984.4516
 EKCMT  =     11226.2079  VIRIAL  =     11743.8878  VOLUME     =    417456.1337
                                                    Density    =         1.0167
 ------------------------------------------------------------------------------

wrapping first mol.:       27.17721       38.43438       66.57029
wrapping first mol.:       27.17721       38.43438       66.57029

 NSTEP =     8500   TIME(PS) =    2457.000  TEMP(K) =   301.21  PRESS =   122.3
 Etot   =   -100383.8742  EKtot   =     25679.6133  EPtot      =   -126063.4874
 BOND   =       837.9421  ANGLE   =      2328.3886  DIHED      =      3501.3517
 1-4 NB =      1013.8977  1-4 EEL =     12246.7537  VDWAALS    =     15267.9131
 EELEC  =   -161309.8628  EHBOND  =         0.0000  RESTRAINT  =        50.1284
 EAMBER (non-restraint)  =   -126113.6158
 EKCMT  =     11161.5101  VIRIAL  =     10059.4636  VOLUME     =    417207.0711
                                                    Density    =         1.0173
 ------------------------------------------------------------------------------

wrapping first mol.:       27.16666       38.41946       66.54445
wrapping first mol.:       27.16666       38.41946       66.54445

 NSTEP =     9000   TIME(PS) =    2458.000  TEMP(K) =   299.47  PRESS =    24.2
 Etot   =   -100061.7222  EKtot   =     25530.6738  EPtot      =   -125592.3960
 BOND   =       888.5225  ANGLE   =      2415.3534  DIHED      =      3498.3599
 1-4 NB =      1022.5282  1-4 EEL =     12153.0569  VDWAALS    =     15130.8078
 EELEC  =   -160744.2078  EHBOND  =         0.0000  RESTRAINT  =        43.1831
 EAMBER (non-restraint)  =   -125635.5792
 EKCMT  =     11122.0751  VIRIAL  =     10904.5942  VOLUME     =    416725.0958
                                                    Density    =         1.0185
 ------------------------------------------------------------------------------

wrapping first mol.:       27.18501       38.44541       66.58940
wrapping first mol.:       27.18501       38.44541       66.58940

 NSTEP =     9500   TIME(PS) =    2459.000  TEMP(K) =   299.88  PRESS =   -72.0
 Etot   =    -99880.2015  EKtot   =     25566.1270  EPtot      =   -125446.3285
 BOND   =       880.5368  ANGLE   =      2320.6757  DIHED      =      3476.9810
 1-4 NB =      1039.5436  1-4 EEL =     12204.4357  VDWAALS    =     14777.2632
 EELEC  =   -160202.2753  EHBOND  =         0.0000  RESTRAINT  =        56.5109
 EAMBER (non-restraint)  =   -125502.8393
 EKCMT  =     11178.7321  VIRIAL  =     11828.2665  VOLUME     =    417573.6840
                                                    Density    =         1.0164
 ------------------------------------------------------------------------------

wrapping first mol.:       27.18005       38.43839       66.57724
wrapping first mol.:       27.18005       38.43839       66.57724

 NSTEP =    10000   TIME(PS) =    2460.000  TEMP(K) =   300.07  PRESS =    63.1
 Etot   =    -99994.0352  EKtot   =     25581.6250  EPtot      =   -125575.6602
 BOND   =       852.7228  ANGLE   =      2387.3284  DIHED      =      3498.8465
 1-4 NB =      1033.4640  1-4 EEL =     12200.4720  VDWAALS    =     14719.2300
 EELEC  =   -160319.4050  EHBOND  =         0.0000  RESTRAINT  =        51.6810
 EAMBER (non-restraint)  =   -125627.3413
 EKCMT  =     11154.9104  VIRIAL  =     10586.6695  VOLUME     =    417339.9479
                                                    Density    =         1.0170
 ------------------------------------------------------------------------------

wrapping first mol.:       27.18752       38.44895       66.59554
wrapping first mol.:       27.18752       38.44895       66.59554

 NSTEP =    10500   TIME(PS) =    2461.000  TEMP(K) =   299.43  PRESS =   124.3
 Etot   =   -100304.7154  EKtot   =     25527.5332  EPtot      =   -125832.2486
 BOND   =       866.6413  ANGLE   =      2344.0220  DIHED      =      3496.3225
 1-4 NB =      1027.5189  1-4 EEL =     12220.7630  VDWAALS    =     15093.4967
 EELEC  =   -160932.8469  EHBOND  =         0.0000  RESTRAINT  =        51.8339
 EAMBER (non-restraint)  =   -125884.0825
 EKCMT  =     11134.8620  VIRIAL  =     10013.5088  VOLUME     =    417681.7870
                                                    Density    =         1.0161
 ------------------------------------------------------------------------------

wrapping first mol.:       27.16569       38.41809       66.54208
wrapping first mol.:       27.16569       38.41809       66.54208

 NSTEP =    11000   TIME(PS) =    2462.000  TEMP(K) =   299.16  PRESS =  -237.6
 Etot   =    -99956.4542  EKtot   =     25504.1445  EPtot      =   -125460.5988
 BOND   =       860.2984  ANGLE   =      2421.5833  DIHED      =      3501.8856
 1-4 NB =      1026.1464  1-4 EEL =     12221.0425  VDWAALS    =     14670.6370
 EELEC  =   -160214.8563  EHBOND  =         0.0000  RESTRAINT  =        52.6643
 EAMBER (non-restraint)  =   -125513.2631
 EKCMT  =     11068.7790  VIRIAL  =     13206.1376  VOLUME     =    416690.1718
                                                    Density    =         1.0186
 ------------------------------------------------------------------------------

wrapping first mol.:       27.16459       38.41652       66.53937
wrapping first mol.:       27.16459       38.41652       66.53937

 NSTEP =    11500   TIME(PS) =    2463.000  TEMP(K) =   298.39  PRESS =   -61.1
 Etot   =   -100165.5061  EKtot   =     25438.6406  EPtot      =   -125604.1467
 BOND   =       907.2897  ANGLE   =      2352.0015  DIHED      =      3509.9114
 1-4 NB =      1032.1578  1-4 EEL =     12174.5730  VDWAALS    =     15114.6090
 EELEC  =   -160742.7239  EHBOND  =         0.0000  RESTRAINT  =        48.0349
 EAMBER (non-restraint)  =   -125652.1817
 EKCMT  =     11087.0849  VIRIAL  =     11637.0173  VOLUME     =    416632.7150
                                                    Density    =         1.0187
 ------------------------------------------------------------------------------

wrapping first mol.:       27.16230       38.41329       66.53377
wrapping first mol.:       27.16230       38.41329       66.53377

 NSTEP =    12000   TIME(PS) =    2464.000  TEMP(K) =   300.64  PRESS =    90.1
 Etot   =    -99899.8891  EKtot   =     25630.1953  EPtot      =   -125530.0844
 BOND   =       904.5030  ANGLE   =      2431.6778  DIHED      =      3513.5360
 1-4 NB =      1026.2844  1-4 EEL =     12201.2297  VDWAALS    =     15082.0303
 EELEC  =   -160740.6715  EHBOND  =         0.0000  RESTRAINT  =        51.3259
 EAMBER (non-restraint)  =   -125581.4103
 EKCMT  =     11194.4802  VIRIAL  =     10383.8956  VOLUME     =    416521.9768
                                                    Density    =         1.0190
 ------------------------------------------------------------------------------

wrapping first mol.:       27.14801       38.39308       66.49877
wrapping first mol.:       27.14801       38.39308       66.49877

 NSTEP =    12500   TIME(PS) =    2465.000  TEMP(K) =   301.22  PRESS =     5.2
 Etot   =    -99842.0576  EKtot   =     25679.7734  EPtot      =   -125521.8310
 BOND   =       872.0307  ANGLE   =      2350.2806  DIHED      =      3509.0925
 1-4 NB =      1026.1327  1-4 EEL =     12268.6758  VDWAALS    =     15015.9572
 EELEC  =   -160605.9537  EHBOND  =         0.0000  RESTRAINT  =        41.9532
 EAMBER (non-restraint)  =   -125563.7842
 EKCMT  =     11045.3007  VIRIAL  =     10998.8520  VOLUME     =    415868.0958
                                                    Density    =         1.0206
 ------------------------------------------------------------------------------

wrapping first mol.:       27.15940       38.40920       66.52667
wrapping first mol.:       27.15940       38.40920       66.52667

 NSTEP =    13000   TIME(PS) =    2466.000  TEMP(K) =   300.61  PRESS =   -87.5
 Etot   =   -100129.2484  EKtot   =     25627.7422  EPtot      =   -125756.9906
 BOND   =       858.0491  ANGLE   =      2282.1777  DIHED      =      3487.7091
 1-4 NB =      1027.6190  1-4 EEL =     12238.0823  VDWAALS    =     14937.5282
 EELEC  =   -160635.4604  EHBOND  =         0.0000  RESTRAINT  =        47.3045
 EAMBER (non-restraint)  =   -125804.2951
 EKCMT  =     11199.2700  VIRIAL  =     11985.8504  VOLUME     =    416395.2715
                                                    Density    =         1.0193
 ------------------------------------------------------------------------------

wrapping first mol.:       27.15827       38.40759       66.52390
wrapping first mol.:       27.15827       38.40759       66.52390

 NSTEP =    13500   TIME(PS) =    2467.000  TEMP(K) =   301.12  PRESS =  -184.7
 Etot   =   -100012.7447  EKtot   =     25671.5957  EPtot      =   -125684.3404
 BOND   =       832.4964  ANGLE   =      2317.2138  DIHED      =      3503.5765
 1-4 NB =      1030.2693  1-4 EEL =     12220.3675  VDWAALS    =     14786.4711
 EELEC  =   -160419.8526  EHBOND  =         0.0000  RESTRAINT  =        45.1175
 EAMBER (non-restraint)  =   -125729.4579
 EKCMT  =     11213.9172  VIRIAL  =     12874.3489  VOLUME     =    416346.7557
                                                    Density    =         1.0194
 ------------------------------------------------------------------------------

wrapping first mol.:       27.15646       38.40503       66.51945
wrapping first mol.:       27.15646       38.40503       66.51945

 NSTEP =    14000   TIME(PS) =    2468.000  TEMP(K) =   298.42  PRESS =  -126.4
 Etot   =    -99983.3999  EKtot   =     25441.1172  EPtot      =   -125424.5171
 BOND   =       850.2404  ANGLE   =      2341.8140  DIHED      =      3490.5181
 1-4 NB =      1025.5726  1-4 EEL =     12218.7301  VDWAALS    =     14591.1845
 EELEC  =   -159985.0747  EHBOND  =         0.0000  RESTRAINT  =        42.4978
 EAMBER (non-restraint)  =   -125467.0149
 EKCMT  =     10982.1212  VIRIAL  =     12118.0541  VOLUME     =    416261.1394
                                                    Density    =         1.0196
 ------------------------------------------------------------------------------

wrapping first mol.:       27.16311       38.41444       66.53576
wrapping first mol.:       27.16311       38.41444       66.53576

 NSTEP =    14500   TIME(PS) =    2469.000  TEMP(K) =   299.58  PRESS =  -142.3
 Etot   =   -100025.2481  EKtot   =     25540.6074  EPtot      =   -125565.8555
 BOND   =       840.1373  ANGLE   =      2295.9954  DIHED      =      3458.7916
 1-4 NB =      1053.5598  1-4 EEL =     12217.8363  VDWAALS    =     15026.1249
 EELEC  =   -160507.5733  EHBOND  =         0.0000  RESTRAINT  =        49.2724
 EAMBER (non-restraint)  =   -125615.1279
 EKCMT  =     11077.1303  VIRIAL  =     12357.0281  VOLUME     =    416567.8968
                                                    Density    =         1.0189
 ------------------------------------------------------------------------------

wrapping first mol.:       27.15164       38.39821       66.50765
wrapping first mol.:       27.15164       38.39821       66.50765

 NSTEP =    15000   TIME(PS) =    2470.000  TEMP(K) =   299.56  PRESS =   120.2
 Etot   =   -100076.9544  EKtot   =     25538.2227  EPtot      =   -125615.1771
 BOND   =       842.6948  ANGLE   =      2390.6280  DIHED      =      3524.1443
 1-4 NB =      1029.3907  1-4 EEL =     12189.4348  VDWAALS    =     15146.8290
 EELEC  =   -160785.8787  EHBOND  =         0.0000  RESTRAINT  =        47.5798
 EAMBER (non-restraint)  =   -125662.7570
 EKCMT  =     11178.3970  VIRIAL  =     10098.2386  VOLUME     =    416030.4744
                                                    Density    =         1.0202
 ------------------------------------------------------------------------------

wrapping first mol.:       27.16135       38.41194       66.53143
wrapping first mol.:       27.16135       38.41194       66.53143

 NSTEP =    15500   TIME(PS) =    2471.000  TEMP(K) =   299.61  PRESS =  -129.2
 Etot   =   -100369.3223  EKtot   =     25542.5020  EPtot      =   -125911.8242
 BOND   =       882.9140  ANGLE   =      2313.9858  DIHED      =      3504.8194
 1-4 NB =      1036.1748  1-4 EEL =     12198.6013  VDWAALS    =     14883.1143
 EELEC  =   -160777.2365  EHBOND  =         0.0000  RESTRAINT  =        45.8027
 EAMBER (non-restraint)  =   -125957.6270
 EKCMT  =     11086.2219  VIRIAL  =     12248.1817  VOLUME     =    416486.1421
                                                    Density    =         1.0191
 ------------------------------------------------------------------------------

wrapping first mol.:       27.16278       38.41396       66.53493
wrapping first mol.:       27.16278       38.41396       66.53493

 NSTEP =    16000   TIME(PS) =    2472.000  TEMP(K) =   299.60  PRESS =    40.8
 Etot   =   -100365.7943  EKtot   =     25542.2344  EPtot      =   -125908.0287
 BOND   =       887.5456  ANGLE   =      2343.7290  DIHED      =      3479.4060
 1-4 NB =      1015.0783  1-4 EEL =     12223.7021  VDWAALS    =     15010.3152
 EELEC  =   -160916.4123  EHBOND  =         0.0000  RESTRAINT  =        48.6073
 EAMBER (non-restraint)  =   -125956.6360
 EKCMT  =     11104.6656  VIRIAL  =     10737.6399  VOLUME     =    416545.6471
                                                    Density    =         1.0189
 ------------------------------------------------------------------------------

wrapping first mol.:       27.15391       38.40143       66.51323
wrapping first mol.:       27.15391       38.40143       66.51323

 NSTEP =    16500   TIME(PS) =    2473.000  TEMP(K) =   298.75  PRESS =    89.9
 Etot   =   -100271.8430  EKtot   =     25469.3945  EPtot      =   -125741.2375
 BOND   =       855.6999  ANGLE   =      2348.8798  DIHED      =      3497.3730
 1-4 NB =      1024.4721  1-4 EEL =     12215.0527  VDWAALS    =     15131.4874
 EELEC  =   -160860.7612  EHBOND  =         0.0000  RESTRAINT  =        46.5588
 EAMBER (non-restraint)  =   -125787.7963
 EKCMT  =     11089.5711  VIRIAL  =     10281.8854  VOLUME     =    416136.2402
                                                    Density    =         1.0199
 ------------------------------------------------------------------------------

wrapping first mol.:       27.16113       38.41163       66.53089
wrapping first mol.:       27.16113       38.41163       66.53089

 NSTEP =    17000   TIME(PS) =    2474.000  TEMP(K) =   302.24  PRESS =    41.0
 Etot   =   -100009.6026  EKtot   =     25767.2266  EPtot      =   -125776.8291
 BOND   =       861.4206  ANGLE   =      2357.5628  DIHED      =      3496.9668
 1-4 NB =      1030.8841  1-4 EEL =     12243.3804  VDWAALS    =     14754.6321
 EELEC  =   -160569.9614  EHBOND  =         0.0000  RESTRAINT  =        48.2855
 EAMBER (non-restraint)  =   -125825.1146
 EKCMT  =     11211.1120  VIRIAL  =     10842.3675  VOLUME     =    416469.7411
                                                    Density    =         1.0191
 ------------------------------------------------------------------------------

wrapping first mol.:       27.16474       38.41674       66.53973
wrapping first mol.:       27.16474       38.41674       66.53973

 NSTEP =    17500   TIME(PS) =    2475.000  TEMP(K) =   299.60  PRESS =     6.8
 Etot   =   -100239.4417  EKtot   =     25541.7422  EPtot      =   -125781.1839
 BOND   =       844.5148  ANGLE   =      2303.7890  DIHED      =      3465.6986
 1-4 NB =      1026.2711  1-4 EEL =     12247.8546  VDWAALS    =     14910.1146
 EELEC  =   -160631.4284  EHBOND  =         0.0000  RESTRAINT  =        52.0019
 EAMBER (non-restraint)  =   -125833.1858
 EKCMT  =     11057.7587  VIRIAL  =     10996.5791  VOLUME     =    416637.0759
                                                    Density    =         1.0187
 ------------------------------------------------------------------------------

wrapping first mol.:       27.16623       38.41885       66.54340
wrapping first mol.:       27.16623       38.41885       66.54340

 NSTEP =    18000   TIME(PS) =    2476.000  TEMP(K) =   301.31  PRESS =   -32.7
 Etot   =   -100168.5920  EKtot   =     25688.1465  EPtot      =   -125856.7385
 BOND   =       849.3827  ANGLE   =      2330.9808  DIHED      =      3471.0370
 1-4 NB =      1016.5441  1-4 EEL =     12224.8455  VDWAALS    =     15001.0060
 EELEC  =   -160797.1115  EHBOND  =         0.0000  RESTRAINT  =        46.5768
 EAMBER (non-restraint)  =   -125903.3153
 EKCMT  =     11166.7670  VIRIAL  =     11460.8403  VOLUME     =    416707.3301
                                                    Density    =         1.0185
 ------------------------------------------------------------------------------

wrapping first mol.:       27.16525       38.41746       66.54099
wrapping first mol.:       27.16525       38.41746       66.54099

 NSTEP =    18500   TIME(PS) =    2477.000  TEMP(K) =   299.63  PRESS =   -14.7
 Etot   =    -99726.5536  EKtot   =     25544.8887  EPtot      =   -125271.4423
 BOND   =       860.7159  ANGLE   =      2386.5475  DIHED      =      3520.4730
 1-4 NB =      1025.3942  1-4 EEL =     12191.8284  VDWAALS    =     14703.3812
 EELEC  =   -160018.7458  EHBOND  =         0.0000  RESTRAINT  =        58.9633
 EAMBER (non-restraint)  =   -125330.4056
 EKCMT  =     11109.5122  VIRIAL  =     11242.1275  VOLUME     =    416661.4311
                                                    Density    =         1.0186
 ------------------------------------------------------------------------------

wrapping first mol.:       27.18290       38.44243       66.58424
wrapping first mol.:       27.18290       38.44243       66.58424

 NSTEP =    19000   TIME(PS) =    2478.000  TEMP(K) =   300.03  PRESS =     3.6
 Etot   =   -100095.4315  EKtot   =     25578.5410  EPtot      =   -125673.9725
 BOND   =       829.5963  ANGLE   =      2329.2418  DIHED      =      3489.4301
 1-4 NB =      1024.1500  1-4 EEL =     12286.2303  VDWAALS    =     14914.0378
 EELEC  =   -160596.3814  EHBOND  =         0.0000  RESTRAINT  =        49.7226
 EAMBER (non-restraint)  =   -125723.6951
 EKCMT  =     11189.1263  VIRIAL  =     11156.6544  VOLUME     =    417473.7460
                                                    Density    =         1.0167
 ------------------------------------------------------------------------------

wrapping first mol.:       27.15910       38.40877       66.52594
wrapping first mol.:       27.15910       38.40877       66.52594

 NSTEP =    19500   TIME(PS) =    2479.000  TEMP(K) =   300.39  PRESS =   -62.5
 Etot   =    -99974.4390  EKtot   =     25609.3906  EPtot      =   -125583.8296
 BOND   =       863.9416  ANGLE   =      2363.8520  DIHED      =      3474.4968
 1-4 NB =      1046.0756  1-4 EEL =     12288.6964  VDWAALS    =     14844.0110
 EELEC  =   -160515.2208  EHBOND  =         0.0000  RESTRAINT  =        50.3179
 EAMBER (non-restraint)  =   -125634.1475
 EKCMT  =     11288.0523  VIRIAL  =     11850.1391  VOLUME     =    416380.5470
                                                    Density    =         1.0193
 ------------------------------------------------------------------------------

wrapping first mol.:       27.19136       38.45439       66.60496
wrapping first mol.:       27.19136       38.45439       66.60496

 NSTEP =    20000   TIME(PS) =    2480.000  TEMP(K) =   303.57  PRESS =   237.0
 Etot   =    -99839.2262  EKtot   =     25880.5625  EPtot      =   -125719.7887
 BOND   =       830.7988  ANGLE   =      2411.2406  DIHED      =      3509.8539
 1-4 NB =      1041.3410  1-4 EEL =     12292.2387  VDWAALS    =     15014.8550
 EELEC  =   -160873.9673  EHBOND  =         0.0000  RESTRAINT  =        53.8504
 EAMBER (non-restraint)  =   -125773.6392
 EKCMT  =     11332.4907  VIRIAL  =      9194.1750  VOLUME     =    417854.9294
                                                    Density    =         1.0157
 ------------------------------------------------------------------------------

wrapping first mol.:       27.20166       38.46896       66.63018
wrapping first mol.:       27.20166       38.46896       66.63018

 NSTEP =    20500   TIME(PS) =    2481.000  TEMP(K) =   300.13  PRESS =    -9.5
 Etot   =    -99994.4082  EKtot   =     25587.2148  EPtot      =   -125581.6231
 BOND   =       835.4302  ANGLE   =      2339.4515  DIHED      =      3489.5629
 1-4 NB =      1018.7516  1-4 EEL =     12237.6676  VDWAALS    =     14924.6834
 EELEC  =   -160476.5823  EHBOND  =         0.0000  RESTRAINT  =        49.4119
 EAMBER (non-restraint)  =   -125631.0349
 EKCMT  =     11123.3332  VIRIAL  =     11208.7632  VOLUME     =    418339.0230
                                                    Density    =         1.0146
 ------------------------------------------------------------------------------

wrapping first mol.:       27.19846       38.46443       66.62233
wrapping first mol.:       27.19846       38.46443       66.62233

 NSTEP =    21000   TIME(PS) =    2482.000  TEMP(K) =   297.78  PRESS =   -55.1
 Etot   =   -100339.3491  EKtot   =     25386.4355  EPtot      =   -125725.7847
 BOND   =       861.5722  ANGLE   =      2356.1717  DIHED      =      3499.6400
 1-4 NB =      1017.1929  1-4 EEL =     12271.3531  VDWAALS    =     14894.4856
 EELEC  =   -160671.4431  EHBOND  =         0.0000  RESTRAINT  =        45.2430
 EAMBER (non-restraint)  =   -125771.0276
 EKCMT  =     11077.9118  VIRIAL  =     11575.7089  VOLUME     =    418192.9077
                                                    Density    =         1.0149
 ------------------------------------------------------------------------------

wrapping first mol.:       27.17538       38.43179       66.56582
wrapping first mol.:       27.17538       38.43179       66.56582

 NSTEP =    21500   TIME(PS) =    2483.000  TEMP(K) =   300.16  PRESS =   -16.3
 Etot   =   -100217.2756  EKtot   =     25589.9492  EPtot      =   -125807.2248
 BOND   =       803.7932  ANGLE   =      2218.4304  DIHED      =      3492.0866
 1-4 NB =      1048.3941  1-4 EEL =     12255.0966  VDWAALS    =     15202.2193
 EELEC  =   -160875.4734  EHBOND  =         0.0000  RESTRAINT  =        48.2283
 EAMBER (non-restraint)  =   -125855.4531
 EKCMT  =     11086.8520  VIRIAL  =     11233.6219  VOLUME     =    417128.0496
                                                    Density    =         1.0175
 ------------------------------------------------------------------------------

wrapping first mol.:       27.18106       38.43982       66.57972
wrapping first mol.:       27.18106       38.43982       66.57972

 NSTEP =    22000   TIME(PS) =    2484.000  TEMP(K) =   300.39  PRESS =   -15.7
 Etot   =   -100143.6817  EKtot   =     25609.5020  EPtot      =   -125753.1837
 BOND   =       849.6934  ANGLE   =      2398.9268  DIHED      =      3517.4634
 1-4 NB =      1004.6866  1-4 EEL =     12196.1288  VDWAALS    =     15114.1682
 EELEC  =   -160884.1098  EHBOND  =         0.0000  RESTRAINT  =        49.8589
 EAMBER (non-restraint)  =   -125803.0426
 EKCMT  =     11325.0145  VIRIAL  =     11466.2306  VOLUME     =    417389.4798
                                                    Density    =         1.0169
 ------------------------------------------------------------------------------

wrapping first mol.:       27.18301       38.44258       66.58450
wrapping first mol.:       27.18301       38.44258       66.58450

 NSTEP =    22500   TIME(PS) =    2485.000  TEMP(K) =   301.70  PRESS =    -4.0
 Etot   =    -99799.7918  EKtot   =     25721.2227  EPtot      =   -125521.0144
 BOND   =       885.4429  ANGLE   =      2360.9154  DIHED      =      3483.3808
 1-4 NB =      1014.1392  1-4 EEL =     12241.4749  VDWAALS    =     14890.8339
 EELEC  =   -160447.7151  EHBOND  =         0.0000  RESTRAINT  =        50.5135
 EAMBER (non-restraint)  =   -125571.5279
 EKCMT  =     11251.9230  VIRIAL  =     11288.3966  VOLUME     =    417478.8941
                                                    Density    =         1.0166
 ------------------------------------------------------------------------------

wrapping first mol.:       27.17759       38.43492       66.57123
wrapping first mol.:       27.17759       38.43492       66.57123

 NSTEP =    23000   TIME(PS) =    2486.000  TEMP(K) =   299.56  PRESS =    97.2
 Etot   =   -100051.4656  EKtot   =     25538.7715  EPtot      =   -125590.2371
 BOND   =       876.0595  ANGLE   =      2358.7383  DIHED      =      3501.7420
 1-4 NB =      1005.0654  1-4 EEL =     12189.6460  VDWAALS    =     15133.1884
 EELEC  =   -160703.9699  EHBOND  =         0.0000  RESTRAINT  =        49.2933
 EAMBER (non-restraint)  =   -125639.5303
 EKCMT  =     11097.7757  VIRIAL  =     10222.4794  VOLUME     =    417225.6306
                                                    Density    =         1.0173
 ------------------------------------------------------------------------------

wrapping first mol.:       27.17147       38.42626       66.55623
wrapping first mol.:       27.17147       38.42626       66.55623

 NSTEP =    23500   TIME(PS) =    2487.000  TEMP(K) =   300.94  PRESS =   -40.7
 Etot   =   -100234.5685  EKtot   =     25655.9727  EPtot      =   -125890.5411
 BOND   =       866.1327  ANGLE   =      2303.0891  DIHED      =      3518.2540
 1-4 NB =      1019.9537  1-4 EEL =     12285.2164  VDWAALS    =     15063.0774
 EELEC  =   -160994.8157  EHBOND  =         0.0000  RESTRAINT  =        48.5514
 EAMBER (non-restraint)  =   -125939.0925
 EKCMT  =     11174.2631  VIRIAL  =     11540.5377  VOLUME     =    416948.7062
                                                    Density    =         1.0179
 ------------------------------------------------------------------------------

wrapping first mol.:       27.16537       38.41763       66.54128
wrapping first mol.:       27.16537       38.41763       66.54128

 NSTEP =    24000   TIME(PS) =    2488.000  TEMP(K) =   296.70  PRESS =   169.1
 Etot   =   -100298.9440  EKtot   =     25294.7012  EPtot      =   -125593.6452
 BOND   =       842.4064  ANGLE   =      2316.8979  DIHED      =      3526.5264
 1-4 NB =      1014.4825  1-4 EEL =     12236.8321  VDWAALS    =     14970.7530
 EELEC  =   -160551.7415  EHBOND  =         0.0000  RESTRAINT  =        50.1980
 EAMBER (non-restraint)  =   -125643.8432
 EKCMT  =     10988.6627  VIRIAL  =      9467.2454  VOLUME     =    416660.0578
                                                    Density    =         1.0186
 ------------------------------------------------------------------------------

wrapping first mol.:       27.17070       38.42517       66.55434
wrapping first mol.:       27.17070       38.42517       66.55434

 NSTEP =    24500   TIME(PS) =    2489.000  TEMP(K) =   298.39  PRESS =   177.2
 Etot   =   -100144.6909  EKtot   =     25438.8945  EPtot      =   -125583.5855
 BOND   =       876.9323  ANGLE   =      2292.5877  DIHED      =      3482.1676
 1-4 NB =      1018.8522  1-4 EEL =     12204.3939  VDWAALS    =     15000.5745
 EELEC  =   -160506.8634  EHBOND  =         0.0000  RESTRAINT  =        47.7697
 EAMBER (non-restraint)  =   -125631.3552
 EKCMT  =     11146.1513  VIRIAL  =      9551.0382  VOLUME     =    416905.1017
                                                    Density    =         1.0180
 ------------------------------------------------------------------------------

wrapping first mol.:       27.15538       38.40350       66.51681
wrapping first mol.:       27.15538       38.40350       66.51681

 NSTEP =    25000   TIME(PS) =    2490.000  TEMP(K) =   299.82  PRESS =   153.3
 Etot   =   -100269.6890  EKtot   =     25560.3047  EPtot      =   -125829.9937
 BOND   =       861.9676  ANGLE   =      2350.0977  DIHED      =      3503.2042
 1-4 NB =      1040.0892  1-4 EEL =     12249.8342  VDWAALS    =     14962.3770
 EELEC  =   -160851.1794  EHBOND  =         0.0000  RESTRAINT  =        53.6158
 EAMBER (non-restraint)  =   -125883.6094
 EKCMT  =     11171.2756  VIRIAL  =      9793.6231  VOLUME     =    416201.2454
                                                    Density    =         1.0198
 ------------------------------------------------------------------------------

wrapping first mol.:       27.15688       38.40563       66.52049
wrapping first mol.:       27.15688       38.40563       66.52049

 NSTEP =    25500   TIME(PS) =    2491.000  TEMP(K) =   296.93  PRESS =   106.8
 Etot   =   -100311.0809  EKtot   =     25314.4258  EPtot      =   -125625.5067
 BOND   =       825.0358  ANGLE   =      2378.2620  DIHED      =      3507.0207
 1-4 NB =      1012.7424  1-4 EEL =     12194.2599  VDWAALS    =     14949.5639
 EELEC  =   -160541.8275  EHBOND  =         0.0000  RESTRAINT  =        49.4361
 EAMBER (non-restraint)  =   -125674.9428
 EKCMT  =     11013.8861  VIRIAL  =     10054.3445  VOLUME     =    416271.9795
                                                    Density    =         1.0196
 ------------------------------------------------------------------------------

wrapping first mol.:       27.16764       38.42084       66.54684
wrapping first mol.:       27.16764       38.42084       66.54684

 NSTEP =    26000   TIME(PS) =    2492.000  TEMP(K) =   298.65  PRESS =   -58.1
 Etot   =   -100570.3619  EKtot   =     25461.1523  EPtot      =   -126031.5143
 BOND   =       850.8890  ANGLE   =      2427.5724  DIHED      =      3484.2981
 1-4 NB =      1011.3868  1-4 EEL =     12155.0640  VDWAALS    =     14987.0085
 EELEC  =   -160996.9176  EHBOND  =         0.0000  RESTRAINT  =        49.1845
 EAMBER (non-restraint)  =   -126080.6988
 EKCMT  =     11068.5601  VIRIAL  =     11591.7007  VOLUME     =    416772.9851
                                                    Density    =         1.0184
 ------------------------------------------------------------------------------

wrapping first mol.:       27.15837       38.40774       66.52415
wrapping first mol.:       27.15837       38.40774       66.52415

 NSTEP =    26500   TIME(PS) =    2493.000  TEMP(K) =   302.65  PRESS =  -133.6
 Etot   =    -99977.4131  EKtot   =     25802.0098  EPtot      =   -125779.4229
 BOND   =       885.0221  ANGLE   =      2344.8104  DIHED      =      3477.8055
 1-4 NB =      1036.9735  1-4 EEL =     12215.7077  VDWAALS    =     14783.0230
 EELEC  =   -160575.4226  EHBOND  =         0.0000  RESTRAINT  =        52.6574
 EAMBER (non-restraint)  =   -125832.0803
 EKCMT  =     11283.7619  VIRIAL  =     12485.0967  VOLUME     =    416349.6087
                                                    Density    =         1.0194
 ------------------------------------------------------------------------------

wrapping first mol.:       27.17750       38.43479       66.57101
wrapping first mol.:       27.17750       38.43479       66.57101

 NSTEP =    27000   TIME(PS) =    2494.000  TEMP(K) =   298.67  PRESS =    43.0
 Etot   =   -100324.4694  EKtot   =     25462.6211  EPtot      =   -125787.0905
 BOND   =       832.0818  ANGLE   =      2368.6982  DIHED      =      3529.6059
 1-4 NB =      1016.4098  1-4 EEL =     12273.5959  VDWAALS    =     14937.3101
 EELEC  =   -160795.8628  EHBOND  =         0.0000  RESTRAINT  =        51.0706
 EAMBER (non-restraint)  =   -125838.1611
 EKCMT  =     11060.7967  VIRIAL  =     10673.3835  VOLUME     =    417223.4152
                                                    Density    =         1.0173
 ------------------------------------------------------------------------------

wrapping first mol.:       27.16677       38.41961       66.54471
wrapping first mol.:       27.16677       38.41961       66.54471

 NSTEP =    27500   TIME(PS) =    2495.000  TEMP(K) =   299.84  PRESS =  -201.9
 Etot   =   -100127.7595  EKtot   =     25562.6934  EPtot      =   -125690.4528
 BOND   =       878.3801  ANGLE   =      2332.2526  DIHED      =      3501.4194
 1-4 NB =      1041.9234  1-4 EEL =     12224.8418  VDWAALS    =     14927.6074
 EELEC  =   -160647.9259  EHBOND  =         0.0000  RESTRAINT  =        51.0485
 EAMBER (non-restraint)  =   -125741.5013
 EKCMT  =     11149.4367  VIRIAL  =     12966.4893  VOLUME     =    416738.3306
                                                    Density    =         1.0184
 ------------------------------------------------------------------------------

wrapping first mol.:       27.14983       38.39566       66.50322
wrapping first mol.:       27.14983       38.39566       66.50322

 NSTEP =    28000   TIME(PS) =    2496.000  TEMP(K) =   298.41  PRESS =    63.8
 Etot   =   -100268.2386  EKtot   =     25440.7129  EPtot      =   -125708.9515
 BOND   =       831.1729  ANGLE   =      2365.2975  DIHED      =      3496.8704
 1-4 NB =      1019.2648  1-4 EEL =     12211.6134  VDWAALS    =     14749.3571
 EELEC  =   -160433.2436  EHBOND  =         0.0000  RESTRAINT  =        50.7160
 EAMBER (non-restraint)  =   -125759.6675
 EKCMT  =     11006.7549  VIRIAL  =     10434.1052  VOLUME     =    415949.4725
                                                    Density    =         1.0204
 ------------------------------------------------------------------------------

wrapping first mol.:       27.16113       38.41164       66.53091
wrapping first mol.:       27.16113       38.41164       66.53091

 NSTEP =    28500   TIME(PS) =    2497.000  TEMP(K) =   298.78  PRESS =   126.3
 Etot   =   -100105.1140  EKtot   =     25471.9043  EPtot      =   -125577.0183
 BOND   =       881.6241  ANGLE   =      2356.5313  DIHED      =      3508.8372
 1-4 NB =      1037.8915  1-4 EEL =     12241.5704  VDWAALS    =     14855.2556
 EELEC  =   -160512.3157  EHBOND  =         0.0000  RESTRAINT  =        53.5873
 EAMBER (non-restraint)  =   -125630.6056
 EKCMT  =     11129.5810  VIRIAL  =      9994.0175  VOLUME     =    416466.9844
                                                    Density    =         1.0191
 ------------------------------------------------------------------------------

wrapping first mol.:       27.18799       38.44962       66.59669
wrapping first mol.:       27.18799       38.44962       66.59669

 NSTEP =    29000   TIME(PS) =    2498.000  TEMP(K) =   300.13  PRESS =    96.5
 Etot   =   -100418.8817  EKtot   =     25587.4219  EPtot      =   -126006.3036
 BOND   =       824.4273  ANGLE   =      2389.7479  DIHED      =      3471.8778
 1-4 NB =      1030.5350  1-4 EEL =     12242.0368  VDWAALS    =     15115.5142
 EELEC  =   -161134.2680  EHBOND  =         0.0000  RESTRAINT  =        53.8255
 EAMBER (non-restraint)  =   -126060.1291
 EKCMT  =     11195.1924  VIRIAL  =     10325.1712  VOLUME     =    417704.4798
                                                    Density    =         1.0161
 ------------------------------------------------------------------------------

wrapping first mol.:       27.18649       38.44750       66.59302
wrapping first mol.:       27.18649       38.44750       66.59302

 NSTEP =    29500   TIME(PS) =    2499.000  TEMP(K) =   298.08  PRESS =  -122.3
 Etot   =   -100227.3838  EKtot   =     25412.3164  EPtot      =   -125639.7002
 BOND   =       902.9811  ANGLE   =      2321.8185  DIHED      =      3515.9542
 1-4 NB =       999.6145  1-4 EEL =     12231.6704  VDWAALS    =     14910.0203
 EELEC  =   -160572.1048  EHBOND  =         0.0000  RESTRAINT  =        50.3455
 EAMBER (non-restraint)  =   -125690.0457
 EKCMT  =     10988.0843  VIRIAL  =     12091.3193  VOLUME     =    417643.5732
                                                    Density    =         1.0162
 ------------------------------------------------------------------------------

wrapping first mol.:       27.17956       38.43770       66.57604
wrapping first mol.:       27.17956       38.43770       66.57604

 NSTEP =    30000   TIME(PS) =    2500.000  TEMP(K) =   301.00  PRESS =   102.0
 Etot   =    -99832.4174  EKtot   =     25661.1523  EPtot      =   -125493.5698
 BOND   =       870.0167  ANGLE   =      2298.1851  DIHED      =      3499.7802
 1-4 NB =      1032.3834  1-4 EEL =     12210.1825  VDWAALS    =     14953.0025
 EELEC  =   -160411.1156  EHBOND  =         0.0000  RESTRAINT  =        53.9954
 EAMBER (non-restraint)  =   -125547.5652
 EKCMT  =     11174.8646  VIRIAL  =     10255.6937  VOLUME     =    417315.8034
                                                    Density    =         1.0170
 ------------------------------------------------------------------------------

wrapping first mol.:       27.18308       38.44268       66.58467
wrapping first mol.:       27.18308       38.44268       66.58467

 NSTEP =    30500   TIME(PS) =    2501.000  TEMP(K) =   299.66  PRESS =    10.0
 Etot   =   -100160.6349  EKtot   =     25546.8906  EPtot      =   -125707.5255
 BOND   =       848.4069  ANGLE   =      2399.8601  DIHED      =      3481.4420
 1-4 NB =      1038.4788  1-4 EEL =     12212.7468  VDWAALS    =     15315.3078
 EELEC  =   -161048.7213  EHBOND  =         0.0000  RESTRAINT  =        44.9535
 EAMBER (non-restraint)  =   -125752.4790
 EKCMT  =     11070.0511  VIRIAL  =     10979.4718  VOLUME     =    417481.6360
                                                    Density    =         1.0166
 ------------------------------------------------------------------------------

wrapping first mol.:       27.18180       38.44086       66.58152
wrapping first mol.:       27.18180       38.44086       66.58152

 NSTEP =    31000   TIME(PS) =    2502.000  TEMP(K) =   300.22  PRESS =  -110.4
 Etot   =    -99856.6428  EKtot   =     25594.7090  EPtot      =   -125451.3517
 BOND   =       809.0177  ANGLE   =      2409.5262  DIHED      =      3479.0991
 1-4 NB =      1030.4214  1-4 EEL =     12262.3662  VDWAALS    =     14867.6210
 EELEC  =   -160354.0546  EHBOND  =         0.0000  RESTRAINT  =        44.6513
 EAMBER (non-restraint)  =   -125496.0031
 EKCMT  =     11109.3541  VIRIAL  =     12104.6858  VOLUME     =    417426.8781
                                                    Density    =         1.0168
 ------------------------------------------------------------------------------

wrapping first mol.:       27.17484       38.43102       66.56448
wrapping first mol.:       27.17484       38.43102       66.56448

 NSTEP =    31500   TIME(PS) =    2503.000  TEMP(K) =   298.78  PRESS =    40.1
 Etot   =   -100591.9620  EKtot   =     25472.0098  EPtot      =   -126063.9717
 BOND   =       871.0852  ANGLE   =      2364.8668  DIHED      =      3463.8776
 1-4 NB =      1028.5874  1-4 EEL =     12199.3779  VDWAALS    =     15137.4588
 EELEC  =   -161174.9152  EHBOND  =         0.0000  RESTRAINT  =        45.6898
 EAMBER (non-restraint)  =   -126109.6615
 EKCMT  =     10967.3469  VIRIAL  =     10605.8340  VOLUME     =    417100.8697
                                                    Density    =         1.0176
 ------------------------------------------------------------------------------

wrapping first mol.:       27.16661       38.41939       66.54433
wrapping first mol.:       27.16661       38.41939       66.54433

 NSTEP =    32000   TIME(PS) =    2504.000  TEMP(K) =   298.63  PRESS =    68.1
 Etot   =   -100398.0087  EKtot   =     25459.2695  EPtot      =   -125857.2783
 BOND   =       849.0840  ANGLE   =      2301.3936  DIHED      =      3513.7383
 1-4 NB =      1035.8764  1-4 EEL =     12222.2296  VDWAALS    =     14899.9489
 EELEC  =   -160728.6953  EHBOND  =         0.0000  RESTRAINT  =        49.1463
 EAMBER (non-restraint)  =   -125906.4245
 EKCMT  =     11174.4731  VIRIAL  =     10561.5120  VOLUME     =    416721.0517
                                                    Density    =         1.0185
 ------------------------------------------------------------------------------

wrapping first mol.:       27.18462       38.44486       66.58845
wrapping first mol.:       27.18462       38.44486       66.58845

 NSTEP =    32500   TIME(PS) =    2505.000  TEMP(K) =   301.10  PRESS =   123.3
 Etot   =    -99933.0454  EKtot   =     25670.2207  EPtot      =   -125603.2661
 BOND   =       844.5521  ANGLE   =      2413.7091  DIHED      =      3503.8436
 1-4 NB =      1016.4247  1-4 EEL =     12159.2574  VDWAALS    =     15111.7138
 EELEC  =   -160705.4298  EHBOND  =         0.0000  RESTRAINT  =        52.6630
 EAMBER (non-restraint)  =   -125655.9291
 EKCMT  =     11223.9231  VIRIAL  =     10112.6526  VOLUME     =    417548.4176
                                                    Density    =         1.0165
 ------------------------------------------------------------------------------

wrapping first mol.:       27.19821       38.46408       66.62173
wrapping first mol.:       27.19821       38.46408       66.62173

 NSTEP =    33000   TIME(PS) =    2506.000  TEMP(K) =   298.04  PRESS =   208.6
 Etot   =   -100209.8155  EKtot   =     25408.7754  EPtot      =   -125618.5909
 BOND   =       848.5408  ANGLE   =      2284.7817  DIHED      =      3513.4860
 1-4 NB =      1039.3549  1-4 EEL =     12215.6032  VDWAALS    =     14978.4628
 EELEC  =   -160549.1289  EHBOND  =         0.0000  RESTRAINT  =        50.3086
 EAMBER (non-restraint)  =   -125668.8995
 EKCMT  =     11050.4833  VIRIAL  =      9166.6288  VOLUME     =    418171.7766
                                                    Density    =         1.0150
 ------------------------------------------------------------------------------

wrapping first mol.:       27.19464       38.45903       66.61299
wrapping first mol.:       27.19464       38.45903       66.61299

 NSTEP =    33500   TIME(PS) =    2507.000  TEMP(K) =   298.04  PRESS =   -60.3
 Etot   =   -100128.7252  EKtot   =     25408.7598  EPtot      =   -125537.4849
 BOND   =       858.2445  ANGLE   =      2346.9702  DIHED      =      3526.2636
 1-4 NB =      1029.9241  1-4 EEL =     12175.8370  VDWAALS    =     15164.0066
 EELEC  =   -160690.2655  EHBOND  =         0.0000  RESTRAINT  =        51.5346
 EAMBER (non-restraint)  =   -125589.0195
 EKCMT  =     11074.5998  VIRIAL  =     11618.4680  VOLUME     =    418017.1362
                                                    Density    =         1.0153
 ------------------------------------------------------------------------------

wrapping first mol.:       27.18965       38.45196       66.60075
wrapping first mol.:       27.18965       38.45196       66.60075

 NSTEP =    34000   TIME(PS) =    2508.000  TEMP(K) =   300.15  PRESS =  -105.3
 Etot   =   -100053.5316  EKtot   =     25588.9043  EPtot      =   -125642.4359
 BOND   =       867.4018  ANGLE   =      2307.9606  DIHED      =      3497.1621
 1-4 NB =      1041.5882  1-4 EEL =     12239.4279  VDWAALS    =     15003.9071
 EELEC  =   -160654.5205  EHBOND  =         0.0000  RESTRAINT  =        54.6368
 EAMBER (non-restraint)  =   -125697.0727
 EKCMT  =     11174.8494  VIRIAL  =     12124.6027  VOLUME     =    417788.4625
                                                    Density    =         1.0159
 ------------------------------------------------------------------------------

wrapping first mol.:       27.16512       38.41728       66.54067
wrapping first mol.:       27.16512       38.41728       66.54067

 NSTEP =    34500   TIME(PS) =    2509.000  TEMP(K) =   301.15  PRESS =   110.2
 Etot   =   -100014.7314  EKtot   =     25673.8281  EPtot      =   -125688.5595
 BOND   =       835.2950  ANGLE   =      2333.8450  DIHED      =      3502.8463
 1-4 NB =      1006.1856  1-4 EEL =     12208.6556  VDWAALS    =     14921.5506
 EELEC  =   -160548.5115  EHBOND  =         0.0000  RESTRAINT  =        51.5738
 EAMBER (non-restraint)  =   -125740.1334
 EKCMT  =     11173.6527  VIRIAL  =     10182.1088  VOLUME     =    416650.8240
                                                    Density    =         1.0187
 ------------------------------------------------------------------------------

wrapping first mol.:       27.15293       38.40004       66.51081
wrapping first mol.:       27.15293       38.40004       66.51081

 NSTEP =    35000   TIME(PS) =    2510.000  TEMP(K) =   297.20  PRESS =   159.5
 Etot   =   -100086.1776  EKtot   =     25337.7617  EPtot      =   -125423.9393
 BOND   =       876.3482  ANGLE   =      2383.2003  DIHED      =      3501.1049
 1-4 NB =      1021.5746  1-4 EEL =     12258.1068  VDWAALS    =     14791.8265
 EELEC  =   -160301.9956  EHBOND  =         0.0000  RESTRAINT  =        45.8950
 EAMBER (non-restraint)  =   -125469.8343
 EKCMT  =     11007.1733  VIRIAL  =      9574.1139  VOLUME     =    416088.3399
                                                    Density    =         1.0200
 ------------------------------------------------------------------------------

wrapping first mol.:       27.16053       38.41079       66.52943
wrapping first mol.:       27.16053       38.41079       66.52943

 NSTEP =    35500   TIME(PS) =    2511.000  TEMP(K) =   298.89  PRESS =    81.1
 Etot   =    -99992.3575  EKtot   =     25481.3965  EPtot      =   -125473.7539
 BOND   =       840.5413  ANGLE   =      2315.5464  DIHED      =      3504.4743
 1-4 NB =      1007.8496  1-4 EEL =     12268.2219  VDWAALS    =     15026.2194
 EELEC  =   -160489.4801  EHBOND  =         0.0000  RESTRAINT  =        52.8731
 EAMBER (non-restraint)  =   -125526.6271
 EKCMT  =     11019.5506  VIRIAL  =     10290.2677  VOLUME     =    416440.7324
                                                    Density    =         1.0192
 ------------------------------------------------------------------------------

wrapping first mol.:       27.17871       38.43651       66.57398
wrapping first mol.:       27.17871       38.43651       66.57398

 NSTEP =    36000   TIME(PS) =    2512.000  TEMP(K) =   300.02  PRESS =    40.9
 Etot   =   -100093.8352  EKtot   =     25577.8594  EPtot      =   -125671.6946
 BOND   =       857.2321  ANGLE   =      2303.7063  DIHED      =      3515.2481
 1-4 NB =      1026.9775  1-4 EEL =     12219.3600  VDWAALS    =     15080.4140
 EELEC  =   -160717.3708  EHBOND  =         0.0000  RESTRAINT  =        42.7381
 EAMBER (non-restraint)  =   -125714.4327
 EKCMT  =     11132.3275  VIRIAL  =     10763.4639  VOLUME     =    417279.3383
                                                    Density    =         1.0171
 ------------------------------------------------------------------------------

wrapping first mol.:       27.16284       38.41406       66.53510
wrapping first mol.:       27.16284       38.41406       66.53510

 NSTEP =    36500   TIME(PS) =    2513.000  TEMP(K) =   298.95  PRESS =    50.9
 Etot   =   -100397.8687  EKtot   =     25486.1895  EPtot      =   -125884.0582
 BOND   =       864.7412  ANGLE   =      2368.4635  DIHED      =      3463.3506
 1-4 NB =      1041.7394  1-4 EEL =     12243.0842  VDWAALS    =     15131.5486
 EELEC  =   -161041.7929  EHBOND  =         0.0000  RESTRAINT  =        44.8073
 EAMBER (non-restraint)  =   -125928.8655
 EKCMT  =     11081.6519  VIRIAL  =     10623.6837  VOLUME     =    416548.3763
                                                    Density    =         1.0189
 ------------------------------------------------------------------------------

wrapping first mol.:       27.15472       38.40257       66.51519
wrapping first mol.:       27.15472       38.40257       66.51519

 NSTEP =    37000   TIME(PS) =    2514.000  TEMP(K) =   299.64  PRESS =    19.0
 Etot   =   -100243.7419  EKtot   =     25545.5508  EPtot      =   -125789.2927
 BOND   =       864.9775  ANGLE   =      2314.2623  DIHED      =      3490.1544
 1-4 NB =      1032.7050  1-4 EEL =     12233.0785  VDWAALS    =     15050.9716
 EELEC  =   -160828.3592  EHBOND  =         0.0000  RESTRAINT  =        52.9172
 EAMBER (non-restraint)  =   -125842.2099
 EKCMT  =     11151.5757  VIRIAL  =     10981.2606  VOLUME     =    416175.8164
                                                    Density    =         1.0198
 ------------------------------------------------------------------------------

wrapping first mol.:       27.16224       38.41321       66.53363
wrapping first mol.:       27.16224       38.41321       66.53363

 NSTEP =    37500   TIME(PS) =    2515.000  TEMP(K) =   300.52  PRESS =  -219.0
 Etot   =    -99825.7641  EKtot   =     25620.2070  EPtot      =   -125445.9712
 BOND   =       846.4826  ANGLE   =      2300.8062  DIHED      =      3526.5335
 1-4 NB =      1050.9597  1-4 EEL =     12160.7051  VDWAALS    =     14838.2228
 EELEC  =   -160220.7322  EHBOND  =         0.0000  RESTRAINT  =        51.0511
 EAMBER (non-restraint)  =   -125497.0223
 EKCMT  =     11224.4884  VIRIAL  =     13194.4155  VOLUME     =    416530.8063
                                                    Density    =         1.0190
 ------------------------------------------------------------------------------

wrapping first mol.:       27.17054       38.42495       66.55395
wrapping first mol.:       27.17054       38.42495       66.55395

 NSTEP =    38000   TIME(PS) =    2516.000  TEMP(K) =   300.02  PRESS =   -31.4
 Etot   =    -99964.4624  EKtot   =     25577.3691  EPtot      =   -125541.8315
 BOND   =       851.7819  ANGLE   =      2318.8325  DIHED      =      3510.3359
 1-4 NB =      1037.6698  1-4 EEL =     12234.9135  VDWAALS    =     14844.0136
 EELEC  =   -160388.0730  EHBOND  =         0.0000  RESTRAINT  =        48.6943
 EAMBER (non-restraint)  =   -125590.5258
 EKCMT  =     11112.0582  VIRIAL  =     11395.0814  VOLUME     =    416905.6744
                                                    Density    =         1.0180
 ------------------------------------------------------------------------------

wrapping first mol.:       27.15942       38.40921       66.52671
wrapping first mol.:       27.15942       38.40921       66.52671

 NSTEP =    38500   TIME(PS) =    2517.000  TEMP(K) =   298.15  PRESS =   135.0
 Etot   =   -100006.4667  EKtot   =     25417.9609  EPtot      =   -125424.4276
 BOND   =       873.2472  ANGLE   =      2339.7160  DIHED      =      3462.7790
 1-4 NB =      1033.5358  1-4 EEL =     12215.4879  VDWAALS    =     14864.5563
 EELEC  =   -160267.1736  EHBOND  =         0.0000  RESTRAINT  =        53.4237
 EAMBER (non-restraint)  =   -125477.8513
 EKCMT  =     11008.7963  VIRIAL  =      9794.8758  VOLUME     =    416387.6284
                                                    Density    =         1.0193
 ------------------------------------------------------------------------------

wrapping first mol.:       27.17419       38.43011       66.56290
wrapping first mol.:       27.17419       38.43011       66.56290

 NSTEP =    39000   TIME(PS) =    2518.000  TEMP(K) =   298.95  PRESS =    19.7
 Etot   =   -100425.7370  EKtot   =     25486.4121  EPtot      =   -125912.1491
 BOND   =       845.2033  ANGLE   =      2335.2626  DIHED      =      3477.1412
 1-4 NB =      1015.9153  1-4 EEL =     12213.9260  VDWAALS    =     14997.4239
 EELEC  =   -160848.3673  EHBOND  =         0.0000  RESTRAINT  =        51.3460
 EAMBER (non-restraint)  =   -125963.4951
 EKCMT  =     11095.2256  VIRIAL  =     10918.0636  VOLUME     =    417071.9924
                                                    Density    =         1.0176
 ------------------------------------------------------------------------------

wrapping first mol.:       27.17538       38.43179       66.56580
wrapping first mol.:       27.17538       38.43179       66.56580

 NSTEP =    39500   TIME(PS) =    2519.000  TEMP(K) =   302.15  PRESS =   -28.5
 Etot   =    -99905.6204  EKtot   =     25759.2070  EPtot      =   -125664.8274
 BOND   =       855.7268  ANGLE   =      2349.5555  DIHED      =      3505.0891
 1-4 NB =      1027.2098  1-4 EEL =     12232.3283  VDWAALS    =     14677.4528
 EELEC  =   -160362.0412  EHBOND  =         0.0000  RESTRAINT  =        49.8514
 EAMBER (non-restraint)  =   -125714.6788
 EKCMT  =     11227.8782  VIRIAL  =     11484.6137  VOLUME     =    417128.2872
                                                    Density    =         1.0175
 ------------------------------------------------------------------------------

wrapping first mol.:       27.17692       38.43397       66.56958
wrapping first mol.:       27.17692       38.43397       66.56958

 NSTEP =    40000   TIME(PS) =    2520.000  TEMP(K) =   300.97  PRESS =   212.9
 Etot   =    -99860.9133  EKtot   =     25658.9180  EPtot      =   -125519.8313
 BOND   =       862.6941  ANGLE   =      2319.6899  DIHED      =      3519.2430
 1-4 NB =      1014.0994  1-4 EEL =     12171.3511  VDWAALS    =     15171.4001
 EELEC  =   -160631.3765  EHBOND  =         0.0000  RESTRAINT  =        53.0676
 EAMBER (non-restraint)  =   -125572.8989
 EKCMT  =     11203.5200  VIRIAL  =      9285.5017  VOLUME     =    417190.2770
                                                    Density    =         1.0173
 ------------------------------------------------------------------------------

wrapping first mol.:       27.17826       38.43587       66.57287
wrapping first mol.:       27.17826       38.43587       66.57287

 NSTEP =    40500   TIME(PS) =    2521.000  TEMP(K) =   303.01  PRESS =   107.7
 Etot   =    -99956.0909  EKtot   =     25832.2539  EPtot      =   -125788.3448
 BOND   =       841.7571  ANGLE   =      2274.5122  DIHED      =      3490.2049
 1-4 NB =      1040.3843  1-4 EEL =     12242.0279  VDWAALS    =     15158.7620
 EELEC  =   -160889.3699  EHBOND  =         0.0000  RESTRAINT  =        53.3766
 EAMBER (non-restraint)  =   -125841.7215
 EKCMT  =     11205.6635  VIRIAL  =     10235.4694  VOLUME     =    417256.1120
                                                    Density    =         1.0172
 ------------------------------------------------------------------------------

wrapping first mol.:       27.17829       38.43591       66.57294
wrapping first mol.:       27.17829       38.43591       66.57294

 NSTEP =    41000   TIME(PS) =    2522.000  TEMP(K) =   301.20  PRESS =   -88.2
 Etot   =   -100005.1822  EKtot   =     25678.3594  EPtot      =   -125683.5416
 BOND   =       807.4357  ANGLE   =      2268.5114  DIHED      =      3488.4728
 1-4 NB =      1012.8645  1-4 EEL =     12258.7729  VDWAALS    =     14730.4386
 EELEC  =   -160299.9960  EHBOND  =         0.0000  RESTRAINT  =        49.9584
 EAMBER (non-restraint)  =   -125733.5000
 EKCMT  =     11143.0790  VIRIAL  =     11937.6811  VOLUME     =    417264.7573
                                                    Density    =         1.0172
 ------------------------------------------------------------------------------

wrapping first mol.:       27.17245       38.42764       66.55862
wrapping first mol.:       27.17245       38.42764       66.55862

 NSTEP =    41500   TIME(PS) =    2523.000  TEMP(K) =   299.27  PRESS =   102.0
 Etot   =   -100059.4266  EKtot   =     25513.7988  EPtot      =   -125573.2255
 BOND   =       899.3608  ANGLE   =      2354.2711  DIHED      =      3513.0657
 1-4 NB =      1008.9731  1-4 EEL =     12234.2553  VDWAALS    =     15036.9338
 EELEC  =   -160676.2843  EHBOND  =         0.0000  RESTRAINT  =        56.1990
 EAMBER (non-restraint)  =   -125629.4245
 EKCMT  =     11227.3621  VIRIAL  =     10308.7178  VOLUME     =    416988.4066
                                                    Density    =         1.0178
 ------------------------------------------------------------------------------

wrapping first mol.:       27.16344       38.41491       66.53657
wrapping first mol.:       27.16344       38.41491       66.53657

 NSTEP =    42000   TIME(PS) =    2524.000  TEMP(K) =   296.34  PRESS =   -24.0
 Etot   =   -100434.7017  EKtot   =     25264.2148  EPtot      =   -125698.9165
 BOND   =       862.2453  ANGLE   =      2351.7174  DIHED      =      3504.7008
 1-4 NB =      1025.0381  1-4 EEL =     12212.2599  VDWAALS    =     14833.6107
 EELEC  =   -160539.4279  EHBOND  =         0.0000  RESTRAINT  =        50.9390
 EAMBER (non-restraint)  =   -125749.8556
 EKCMT  =     10988.1606  VIRIAL  =     11204.3113  VOLUME     =    416578.8070
                                                    Density    =         1.0188
 ------------------------------------------------------------------------------

wrapping first mol.:       27.16464       38.41660       66.53950
wrapping first mol.:       27.16464       38.41660       66.53950

 NSTEP =    42500   TIME(PS) =    2525.000  TEMP(K) =   299.66  PRESS =    40.5
 Etot   =   -100162.4003  EKtot   =     25547.2500  EPtot      =   -125709.6503
 BOND   =       864.5326  ANGLE   =      2427.2862  DIHED      =      3506.4061
 1-4 NB =      1031.6717  1-4 EEL =     12257.1291  VDWAALS    =     14895.2645
 EELEC  =   -160745.3538  EHBOND  =         0.0000  RESTRAINT  =        53.4132
 EAMBER (non-restraint)  =   -125763.0635
 EKCMT  =     11184.7749  VIRIAL  =     10820.2475  VOLUME     =    416631.3510
                                                    Density    =         1.0187
 ------------------------------------------------------------------------------

wrapping first mol.:       27.16235       38.41336       66.53389
wrapping first mol.:       27.16235       38.41336       66.53389

 NSTEP =    43000   TIME(PS) =    2526.000  TEMP(K) =   300.66  PRESS =    -5.6
 Etot   =    -99990.7082  EKtot   =     25632.7090  EPtot      =   -125623.4172
 BOND   =       875.6030  ANGLE   =      2313.5936  DIHED      =      3488.3277
 1-4 NB =      1027.6977  1-4 EEL =     12264.6909  VDWAALS    =     15076.8711
 EELEC  =   -160724.6292  EHBOND  =         0.0000  RESTRAINT  =        54.4278
 EAMBER (non-restraint)  =   -125677.8450
 EKCMT  =     11093.0358  VIRIAL  =     11143.6508  VOLUME     =    416527.6999
                                                    Density    =         1.0190
 ------------------------------------------------------------------------------

wrapping first mol.:       27.15714       38.40600       66.52113
wrapping first mol.:       27.15714       38.40600       66.52113

 NSTEP =    43500   TIME(PS) =    2527.000  TEMP(K) =   298.03  PRESS =    54.9
 Etot   =   -100073.7830  EKtot   =     25407.8066  EPtot      =   -125481.5896
 BOND   =       855.2346  ANGLE   =      2421.3668  DIHED      =      3493.6960
 1-4 NB =      1030.3856  1-4 EEL =     12267.5479  VDWAALS    =     15104.7974
 EELEC  =   -160707.7928  EHBOND  =         0.0000  RESTRAINT  =        53.1749
 EAMBER (non-restraint)  =   -125534.7645
 EKCMT  =     11114.0239  VIRIAL  =     10620.9500  VOLUME     =    416285.9467
                                                    Density    =         1.0196
 ------------------------------------------------------------------------------

wrapping first mol.:       27.17830       38.43592       66.57297
wrapping first mol.:       27.17830       38.43592       66.57297

 NSTEP =    44000   TIME(PS) =    2528.000  TEMP(K) =   300.66  PRESS =   192.1
 Etot   =    -99939.8016  EKtot   =     25631.9277  EPtot      =   -125571.7293
 BOND   =       886.6019  ANGLE   =      2333.5342  DIHED      =      3473.3676
 1-4 NB =      1033.0930  1-4 EEL =     12246.9924  VDWAALS    =     15167.4674
 EELEC  =   -160759.8702  EHBOND  =         0.0000  RESTRAINT  =        47.0843
 EAMBER (non-restraint)  =   -125618.8137
 EKCMT  =     11134.1951  VIRIAL  =      9403.2375  VOLUME     =    417254.7650
                                                    Density    =         1.0172
 ------------------------------------------------------------------------------

wrapping first mol.:       27.18247       38.44182       66.58317
wrapping first mol.:       27.18247       38.44182       66.58317

 NSTEP =    44500   TIME(PS) =    2529.000  TEMP(K) =   301.57  PRESS =  -180.3
 Etot   =    -99650.3627  EKtot   =     25709.6016  EPtot      =   -125359.9642
 BOND   =       888.4054  ANGLE   =      2293.9437  DIHED      =      3495.4033
 1-4 NB =      1057.9776  1-4 EEL =     12245.9747  VDWAALS    =     14539.5136
 EELEC  =   -159929.8326  EHBOND  =         0.0000  RESTRAINT  =        48.6501
 EAMBER (non-restraint)  =   -125408.6143
 EKCMT  =     11130.3286  VIRIAL  =     12755.0797  VOLUME     =    417460.5837
                                                    Density    =         1.0167
 ------------------------------------------------------------------------------

wrapping first mol.:       27.17477       38.43093       66.56432
wrapping first mol.:       27.17477       38.43093       66.56432

 NSTEP =    45000   TIME(PS) =    2530.000  TEMP(K) =   300.75  PRESS =    -9.3
 Etot   =    -99818.8337  EKtot   =     25639.8750  EPtot      =   -125458.7087
 BOND   =       796.5842  ANGLE   =      2355.2109  DIHED      =      3537.4759
 1-4 NB =      1024.2697  1-4 EEL =     12211.0320  VDWAALS    =     14839.2245
 EELEC  =   -160275.5176  EHBOND  =         0.0000  RESTRAINT  =        53.0117
 EAMBER (non-restraint)  =   -125511.7204
 EKCMT  =     11179.5082  VIRIAL  =     11262.8897  VOLUME     =    417099.7453
                                                    Density    =         1.0176
 ------------------------------------------------------------------------------

wrapping first mol.:       27.18209       38.44128       66.58224
wrapping first mol.:       27.18209       38.44128       66.58224

 NSTEP =    45500   TIME(PS) =    2531.000  TEMP(K) =   302.72  PRESS =    84.1
 Etot   =    -99591.9306  EKtot   =     25808.2734  EPtot      =   -125400.2040
 BOND   =       822.4475  ANGLE   =      2387.4365  DIHED      =      3502.9341
 1-4 NB =      1031.1548  1-4 EEL =     12261.6568  VDWAALS    =     14895.4817
 EELEC  =   -160349.6752  EHBOND  =         0.0000  RESTRAINT  =        48.3596
 EAMBER (non-restraint)  =   -125448.5636
 EKCMT  =     11277.9232  VIRIAL  =     10520.3022  VOLUME     =    417433.2539
                                                    Density    =         1.0168
 ------------------------------------------------------------------------------

wrapping first mol.:       27.16706       38.42002       66.54542
wrapping first mol.:       27.16706       38.42002       66.54542

 NSTEP =    46000   TIME(PS) =    2532.000  TEMP(K) =   301.63  PRESS =  -136.8
 Etot   =    -99941.2609  EKtot   =     25715.1758  EPtot      =   -125656.4367
 BOND   =       862.7257  ANGLE   =      2317.8104  DIHED      =      3486.1576
 1-4 NB =      1024.5758  1-4 EEL =     12209.1364  VDWAALS    =     14944.7164
 EELEC  =   -160553.1751  EHBOND  =         0.0000  RESTRAINT  =        51.6161
 EAMBER (non-restraint)  =   -125708.0528
 EKCMT  =     11233.1369  VIRIAL  =     12463.6871  VOLUME     =    416749.3205
                                                    Density    =         1.0184
 ------------------------------------------------------------------------------

wrapping first mol.:       27.17250       38.42772       66.55876
wrapping first mol.:       27.17250       38.42772       66.55876

 NSTEP =    46500   TIME(PS) =    2533.000  TEMP(K) =   297.02  PRESS =   106.8
 Etot   =   -100316.9502  EKtot   =     25322.1836  EPtot      =   -125639.1338
 BOND   =       826.1531  ANGLE   =      2324.4535  DIHED      =      3472.1413
 1-4 NB =      1030.6819  1-4 EEL =     12217.4997  VDWAALS    =     14885.1515
 EELEC  =   -160442.1415  EHBOND  =         0.0000  RESTRAINT  =        46.9268
 EAMBER (non-restraint)  =   -125686.0605
 EKCMT  =     11001.9416  VIRIAL  =     10040.7825  VOLUME     =    416990.8048
                                                    Density    =         1.0178
 ------------------------------------------------------------------------------

wrapping first mol.:       27.16360       38.41513       66.53694
wrapping first mol.:       27.16360       38.41513       66.53694

 NSTEP =    47000   TIME(PS) =    2534.000  TEMP(K) =   301.18  PRESS =   165.7
 Etot   =   -100041.2460  EKtot   =     25676.4336  EPtot      =   -125717.6796
 BOND   =       873.5082  ANGLE   =      2347.5925  DIHED      =      3500.6428
 1-4 NB =      1013.0112  1-4 EEL =     12202.5692  VDWAALS    =     15136.1854
 EELEC  =   -160850.2767  EHBOND  =         0.0000  RESTRAINT  =        59.0880
 EAMBER (non-restraint)  =   -125776.7676
 EKCMT  =     11208.7811  VIRIAL  =      9718.6091  VOLUME     =    416578.7549
                                                    Density    =         1.0188
 ------------------------------------------------------------------------------

wrapping first mol.:       27.16210       38.41301       66.53328
wrapping first mol.:       27.16210       38.41301       66.53328

 NSTEP =    47500   TIME(PS) =    2535.000  TEMP(K) =   297.03  PRESS =   371.5
 Etot   =   -100512.8776  EKtot   =     25322.5840  EPtot      =   -125835.4615
 BOND   =       807.3298  ANGLE   =      2344.2926  DIHED      =      3498.5713
 1-4 NB =      1038.1589  1-4 EEL =     12192.8638  VDWAALS    =     15279.7721
 EELEC  =   -161044.1954  EHBOND  =         0.0000  RESTRAINT  =        47.7456
 EAMBER (non-restraint)  =   -125883.2071
 EKCMT  =     11060.7085  VIRIAL  =      7720.1878  VOLUME     =    416502.2927
                                                    Density    =         1.0190
 ------------------------------------------------------------------------------

wrapping first mol.:       27.17166       38.42653       66.55669
wrapping first mol.:       27.17166       38.42653       66.55669

 NSTEP =    48000   TIME(PS) =    2536.000  TEMP(K) =   300.30  PRESS =  -157.3
 Etot   =   -100084.7227  EKtot   =     25601.6641  EPtot      =   -125686.3867
 BOND   =       833.0380  ANGLE   =      2361.1036  DIHED      =      3497.6775
 1-4 NB =      1004.8398  1-4 EEL =     12204.6942  VDWAALS    =     14931.1805
 EELEC  =   -160570.7098  EHBOND  =         0.0000  RESTRAINT  =        51.7894
 EAMBER (non-restraint)  =   -125738.1761
 EKCMT  =     11214.2912  VIRIAL  =     12629.9874  VOLUME     =    416961.8457
                                                    Density    =         1.0179
 ------------------------------------------------------------------------------

wrapping first mol.:       27.16629       38.41894       66.54355
wrapping first mol.:       27.16629       38.41894       66.54355

 NSTEP =    48500   TIME(PS) =    2537.000  TEMP(K) =   299.96  PRESS =   -86.3
 Etot   =   -100401.6793  EKtot   =     25572.8496  EPtot      =   -125974.5289
 BOND   =       835.2650  ANGLE   =      2301.4711  DIHED      =      3513.1455
 1-4 NB =      1013.8065  1-4 EEL =     12228.6462  VDWAALS    =     14898.7831
 EELEC  =   -160818.4834  EHBOND  =         0.0000  RESTRAINT  =        52.8370
 EAMBER (non-restraint)  =   -126027.3660
 EKCMT  =     11196.3152  VIRIAL  =     11972.4155  VOLUME     =    416712.2223
                                                    Density    =         1.0185
 ------------------------------------------------------------------------------

wrapping first mol.:       27.16314       38.41448       66.53582
wrapping first mol.:       27.16314       38.41448       66.53582

 NSTEP =    49000   TIME(PS) =    2538.000  TEMP(K) =   299.77  PRESS =    83.9
 Etot   =   -100255.1049  EKtot   =     25556.0645  EPtot      =   -125811.1693
 BOND   =       864.6256  ANGLE   =      2332.4526  DIHED      =      3492.4974
 1-4 NB =      1023.9093  1-4 EEL =     12225.4544  VDWAALS    =     14928.5477
 EELEC  =   -160724.0766  EHBOND  =         0.0000  RESTRAINT  =        45.4203
 EAMBER (non-restraint)  =   -125856.5896
 EKCMT  =     11241.0441  VIRIAL  =     10486.1651  VOLUME     =    416560.7848
                                                    Density    =         1.0189
 ------------------------------------------------------------------------------

wrapping first mol.:       27.16381       38.41543       66.53747
wrapping first mol.:       27.16381       38.41543       66.53747

 NSTEP =    49500   TIME(PS) =    2539.000  TEMP(K) =   304.53  PRESS =   137.8
 Etot   =    -99749.4803  EKtot   =     25962.4062  EPtot      =   -125711.8865
 BOND   =       830.1986  ANGLE   =      2269.0564  DIHED      =      3510.6626
 1-4 NB =      1014.1502  1-4 EEL =     12237.8617  VDWAALS    =     14969.1456
 EELEC  =   -160589.8881  EHBOND  =         0.0000  RESTRAINT  =        46.9265
 EAMBER (non-restraint)  =   -125758.8130
 EKCMT  =     11390.5321  VIRIAL  =     10150.8978  VOLUME     =    416589.6944
                                                    Density    =         1.0188
 ------------------------------------------------------------------------------

wrapping first mol.:       27.16068       38.41101       66.52981
wrapping first mol.:       27.16068       38.41101       66.52981

 NSTEP =    50000   TIME(PS) =    2540.000  TEMP(K) =   298.62  PRESS =   -39.9
 Etot   =   -100208.1777  EKtot   =     25458.3965  EPtot      =   -125666.5742
 BOND   =       862.6590  ANGLE   =      2365.2453  DIHED      =      3530.2428
 1-4 NB =      1019.7114  1-4 EEL =     12283.9597  VDWAALS    =     14936.1623
 EELEC  =   -160706.2051  EHBOND  =         0.0000  RESTRAINT  =        41.6506
 EAMBER (non-restraint)  =   -125708.2248
 EKCMT  =     11112.2964  VIRIAL  =     11470.7941  VOLUME     =    416452.4172
                                                    Density    =         1.0191
 ------------------------------------------------------------------------------


      A V E R A G E S   O V E R     100 S T E P S


 NSTEP =    50000   TIME(PS) =    2540.000  TEMP(K) =   299.83  PRESS =    21.5
 Etot   =   -100104.1172  EKtot   =     25561.3116  EPtot      =   -125665.4288
 BOND   =       856.6198  ANGLE   =      2344.0676  DIHED      =      3497.1824
 1-4 NB =      1026.1390  1-4 EEL =     12224.3030  VDWAALS    =     14971.7368
 EELEC  =   -160634.2312  EHBOND  =         0.0000  RESTRAINT  =        48.7538
 EAMBER (non-restraint)  =   -125714.1826
 EKCMT  =     11140.7907  VIRIAL  =     10947.7004  VOLUME     =    416908.1151
                                                    Density    =         1.0180
 ------------------------------------------------------------------------------


      R M S  F L U C T U A T I O N S


 NSTEP =    50000   TIME(PS) =    2540.000  TEMP(K) =     1.49  PRESS =   118.1
 Etot   =       201.2537  EKtot   =       126.7660  EPtot      =       163.5328
 BOND   =        23.4731  ANGLE   =        40.4726  DIHED      =        17.6044
 1-4 NB =        11.6142  1-4 EEL =        34.0831  VDWAALS    =       160.8024
 EELEC  =       261.5979  EHBOND  =         0.0000  RESTRAINT  =         4.4719
 EAMBER (non-restraint)  =       159.0610
 EKCMT  =        84.3351  VIRIAL  =      1071.7951  VOLUME     =       540.8161
                                                    Density    =         0.0013
 ------------------------------------------------------------------------------

--------------------------------------------------------------------------------
   5.  TIMINGS
--------------------------------------------------------------------------------

|  NonSetup CPU Time in Major Routines:
|
|     Routine           Sec        %
|     ------------------------------
|     Nonbond         240.42   88.71
|     Bond              0.00    0.00
|     Angle             0.00    0.00
|     Dihedral          0.00    0.00
|     Shake             0.31    0.11
|     RunMD            30.24   11.16
|     Other             0.05    0.02
|     ------------------------------
|     Total           271.01

|  PME Nonbond Pairlist CPU Time:
|
|     Routine              Sec        %
|     ---------------------------------
|     Set Up Cit           0.00    0.00
|     Build List           0.00    0.00
|     ---------------------------------
|     Total                0.00    0.00

|  PME Direct Force CPU Time:
|
|     Routine              Sec        %
|     ---------------------------------
|     NonBonded Calc       0.00    0.00
|     Exclude Masked       0.00    0.00
|     Other                0.02    0.01
|     ---------------------------------
|     Total                0.02    0.01

|  PME Reciprocal Force CPU Time:
|
|     Routine              Sec        %
|     ---------------------------------
|     1D bspline           0.00    0.00
|     Grid Charges         0.00    0.00
|     Scalar Sum           0.00    0.00
|     Gradient Sum         0.00    0.00
|     FFT                  0.00    0.00
|     ---------------------------------
|     Total                0.00    0.00

|  Final Performance Info:
|     -----------------------------------------------------
|     Average timings for last    2000 steps:
|     Elapsed(s) =      10.84 Per Step(ms) =       5.42
|         ns/day =      31.89   seconds/ns =    2709.08
|
|     Average timings for all steps:
|     Elapsed(s) =     386.02 Per Step(ms) =       7.72
|         ns/day =      22.38   seconds/ns =    3860.23
|     -----------------------------------------------------

|  Setup CPU time:            0.64 seconds
|  NonSetup CPU time:       271.01 seconds
|  Total CPU time:          271.64 seconds     0.08 hours

|  Setup wall time:           0    seconds
|  NonSetup wall time:      386    seconds
|  Total wall time:         386    seconds     0.11 hours
