
          -------------------------------------------------------
          Amber 16 PMEMD                              2016
          -------------------------------------------------------

| PMEMD implementation of SANDER, Release 16

| Run on 11/03/2016 at 19:40:57

|   Executable path: pmemd.cuda
| Working directory: /home/german/exs/run/1m14/mhe/e
|          Hostname: Unknown
  [-O]verwriting output

File Assignments:
|   MDIN: 25equ.in                                                              
|  MDOUT: 25equ.out                                                             
| INPCRD: 24e1m14.rst7                                                          
|   PARM: 1m14.prmtop                                                           
| RESTRT: 25e1m14.rst7                                                          
|   REFC: 24e1m14.rst7                                                          
|  MDVEL: mdvel                                                                 
|   MDEN: mden                                                                  
|  MDCRD: 25e1m14.nc                                                            
| MDINFO: mdinfo                                                                
|  MDFRC: mdfrc                                                                 


 Here is the input file:

Equilibration with solute restrictions                                         
&cntrl                                                                         
imin = 0,                           ! No Minimization                          
nmropt = 0,                         ! No NMR restraints read                   
                                                                               
! Nature and format of the input                                               
ntx = 5,                            ! Coordinates but no velocities will be rea
irest = 1,                          ! Do not run a new simulation              
                                                                               
! Nature and format of the output                                              
ntxo = 1,                           ! rstrt file in ASCII format               
ntpr = 500,                         ! inf in output every ntpr steps           
ntwr = 500,                         ! rstrt file every ntwr steps              
ntwx = 500,                         ! mdcrd file every ntwx steps              
ntwv = 0,                           ! mdvel without velocities                 
ntwe = 0,                           ! Energies and temperatures not written in 
idecomp = 0,                        ! No energy decomposition                  
iwrap = 1,                          ! Coordinates of the restart and mdcrd file
                                                                               
! Frozen or restrained atoms                                                   
ibelly = 0,                         ! No frozen atoms                          
ntr=1,                              ! Harmonic potential restraints            
restraint_wt = 0.1,                ! The weight for the positional restraints  
restraintmask = ':1-277@N,CA,C,O',  ! restrained residues                      
                                                                               
! Molecular dynamics                                                           
nstlim = 50000,                     ! Number of MD-steps                       
dt = 0.002,                         ! Time step                                
                                                                               
! Temperature regulation                                                       
ntt = 3,                            ! Langevin thermostat                      
gamma_ln = 5,                       ! Gamma constant for Langevin              
!temp0 = 300.0,                     ! Reference T at which the system is to be 
tempi = 300.0,                      ! Initial T                                
ig = -1,                            ! Seed for the RNG                         
                                                                               
! P and V regulation                                                           
ntp = 1,                            ! Constant P. Isotropic scaling            
barostat = 1,                       ! Berendsen barostat                       
taup = 1,                           ! Pressure relaxation time                 
nrespa = 1,                         ! Evaluate at each step                    
ntb = 2,                            ! Periodic box for constant P              
                                                                               
! SHAKE variables                                                              
ntc = 2,                            ! Bonds involving H are constrained        
ntf = 2,                            ! Bond interaction involving H are ommited.
                                                                               
cut = 10.0,                         ! Nonbonded cutoff                         
/                                                                              
&end                                                                           


Note: ig = -1. Setting random seed to   280580 based on wallclock time in 
      microseconds.
 
|--------------------- INFORMATION ----------------------
| GPU (CUDA) Version of PMEMD in use: NVIDIA GPU IN USE.
|                    Version 16.0.0
| 
|                      02/25/2016
| 
| Implementation by:
|                    Ross C. Walker     (SDSC)
|                    Scott Le Grand     (nVIDIA)
| 
| Precision model in use:
|      [SPFP] - Single Precision Forces, 64-bit Fixed Point
|               Accumulation. (Default)
| 
|--------------------------------------------------------
 
|----------------- CITATION INFORMATION -----------------
|
|    When publishing work that utilized the CUDA version
|    of AMBER, please cite the following in addition to
|    the regular AMBER citations:
|
|  - Romelia Salomon-Ferrer; Andreas W. Goetz; Duncan
|    Poole; Scott Le Grand; Ross C. Walker "Routine
|    microsecond molecular dynamics simulations with
|    AMBER - Part II: Particle Mesh Ewald", J. Chem.
|    Theory Comput., 2013, 9 (9), pp3878-3888,
|    DOI: 10.1021/ct400314y.
|
|  - Andreas W. Goetz; Mark J. Williamson; Dong Xu;
|    Duncan Poole; Scott Le Grand; Ross C. Walker
|    "Routine microsecond molecular dynamics simulations
|    with AMBER - Part I: Generalized Born", J. Chem.
|    Theory Comput., 2012, 8 (5), pp1542-1555.
|
|  - Scott Le Grand; Andreas W. Goetz; Ross C. Walker
|    "SPFP: Speed without compromise - a mixed precision
|    model for GPU accelerated molecular dynamics
|    simulations.", Comp. Phys. Comm., 2013, 184
|    pp374-380, DOI: 10.1016/j.cpc.2012.09.022
|
|--------------------------------------------------------
 
|------------------- GPU DEVICE INFO --------------------
|
|            CUDA_VISIBLE_DEVICES: 1
|   CUDA Capable Devices Detected:      1
|           CUDA Device ID in use:      0
|                CUDA Device Name: GeForce GTX 1060 6GB
|     CUDA Device Global Mem Size:   6072 MB
| CUDA Device Num Multiprocessors:     10
|           CUDA Device Core Freq:   1.76 GHz
|
|--------------------------------------------------------
 
 
| Conditional Compilation Defines Used:
| PUBFFT
| BINTRAJ
| CUDA
| EMIL

| Largest sphere to fit in unit cell has radius =    33.265

| New format PARM file being parsed.
| Version =    1.000 Date = 11/02/16 Time = 18:58:44

| Note: 1-4 EEL scale factors are being read from the topology file.

| Note: 1-4 VDW scale factors are being read from the topology file.
| Duplicated    0 dihedrals

| Duplicated    0 dihedrals

--------------------------------------------------------------------------------
   1.  RESOURCE   USE: 
--------------------------------------------------------------------------------

 getting new box info from bottom of inpcrd
 NATOM  =   41788 NTYPES =      17 NBONH =   39561 MBONA  =    2274
 NTHETH =    5230 MTHETA =    3076 NPHIH =   10294 MPHIA  =    9773
 NHPARM =       0 NPARM  =       0 NNB   =   74758 NRES   =   12704
 NBONA  =    2274 NTHETA =    3076 NPHIA =    9773 NUMBND =      71
 NUMANG =     161 NPTRA  =     201 NATYP =      37 NPHB   =       1
 IFBOX  =       2 NMXRS  =      24 IFCAP =       0 NEXTRA =       0
 NCOPY  =       0

| Coordinate Index Table dimensions:    13   13   13
| Direct force subcell size =     6.2678    6.2678    6.2678

     BOX TYPE: TRUNCATED OCTAHEDRON

--------------------------------------------------------------------------------
   2.  CONTROL  DATA  FOR  THE  RUN
--------------------------------------------------------------------------------

default_name                                                                    

General flags:
     imin    =       0, nmropt  =       0

Nature and format of input:
     ntx     =       5, irest   =       1, ntrx    =       1

Nature and format of output:
     ntxo    =       1, ntpr    =     500, ntrx    =       1, ntwr    =     500
     iwrap   =       1, ntwx    =     500, ntwv    =       0, ntwe    =       0
     ioutfm  =       1, ntwprt  =       0, idecomp =       0, rbornstat=      0

Potential function:
     ntf     =       2, ntb     =       2, igb     =       0, nsnb    =      25
     ipol    =       0, gbsa    =       0, iesp    =       0
     dielc   =   1.00000, cut     =  10.00000, intdiel =   1.00000

Frozen or restrained atoms:
     ibelly  =       0, ntr     =       1
     restraint_wt =   0.10000

Molecular dynamics:
     nstlim  =     50000, nscm    =         0, nrespa  =         1
     t       =   0.00000, dt      =   0.00200, vlimit  =  -1.00000

Langevin dynamics temperature regulation:
     ig      =  280580
     temp0   = 300.00000, tempi   = 300.00000, gamma_ln=   5.00000

Pressure regulation:
     ntp     =       1
     pres0   =   1.00000, comp    =  44.60000, taup    =   1.00000

SHAKE:
     ntc     =       2, jfastw  =       0
     tol     =   0.00001

| Intermolecular bonds treatment:
|     no_intermolecular_bonds =       1

| Energy averages sample interval:
|     ene_avg_sampling =     500

Ewald parameters:
     verbose =       0, ew_type =       0, nbflag  =       1, use_pme =       1
     vdwmeth =       1, eedmeth =       1, netfrc  =       1
     Box X =   81.482   Box Y =   81.482   Box Z =   81.482
     Alpha =  109.471   Beta  =  109.471   Gamma =  109.471
     NFFT1 =   84       NFFT2 =   84       NFFT3 =   84
     Cutoff=   10.000   Tol   =0.100E-04
     Ewald Coefficient =  0.27511
     Interpolation order =    4

    LOADING THE CONSTRAINED ATOMS AS GROUPS


   5.  REFERENCE ATOM COORDINATES

  default_name                                                                    
     Mask :1-277@N,CA,C,O; matches  1108 atoms

--------------------------------------------------------------------------------
   3.  ATOMIC COORDINATES AND VELOCITIES
--------------------------------------------------------------------------------

default_name                                                                    
 begin time read from input coords =  2540.000 ps

 
 Number of triangulated 3-point waters found:    12424

     Sum of charges from parm topology file =  -0.00000014
     Forcing neutrality...

| Dynamic Memory, Types Used:
| Reals             1922650
| Integers          1476360

| Nonbonded Pairs Initial Allocation:    12639825

| GPU memory information (estimate):
| KB of GPU memory in use:    333977
| KB of CPU memory in use:     63449

--------------------------------------------------------------------------------
   4.  RESULTS
--------------------------------------------------------------------------------

 ---------------------------------------------------
 APPROXIMATING switch and d/dx switch using CUBIC SPLINE INTERPOLATION
 using   5000.0 points per unit in tabled values
 TESTING RELATIVE ERROR over r ranging from 0.0 to cutoff
| CHECK switch(x): max rel err =   0.2738E-14   at   2.422500
| CHECK d/dx switch(x): max rel err =   0.8314E-11   at   2.736960
 ---------------------------------------------------
|---------------------------------------------------
| APPROXIMATING direct energy using CUBIC SPLINE INTERPOLATION
|  with   50.0 points per unit in tabled values
| Relative Error Limit not exceeded for r .gt.   2.33
| APPROXIMATING direct force using CUBIC SPLINE INTERPOLATION
|  with   50.0 points per unit in tabled values
| Relative Error Limit not exceeded for r .gt.   2.80
|---------------------------------------------------
wrapping first mol.:       27.15835       38.40770       66.52409
wrapping first mol.:       27.15835       38.40770       66.52409

 NSTEP =      500   TIME(PS) =    2541.000  TEMP(K) =   299.40  PRESS =   163.8
 Etot   =   -100160.4008  EKtot   =     25525.0918  EPtot      =   -125685.4926
 BOND   =       868.6758  ANGLE   =      2380.7379  DIHED      =      3486.4372
 1-4 NB =       993.7007  1-4 EEL =     12161.1574  VDWAALS    =     15199.1695
 EELEC  =   -160795.9116  EHBOND  =         0.0000  RESTRAINT  =        20.5404
 EAMBER (non-restraint)  =   -125706.0331
 EKCMT  =     11130.7411  VIRIAL  =      9658.6895  VOLUME     =    416337.4009
                                                    Density    =         1.0194
 ------------------------------------------------------------------------------

wrapping first mol.:       27.16932       38.42322       66.55096
wrapping first mol.:       27.16932       38.42322       66.55096

 NSTEP =     1000   TIME(PS) =    2542.000  TEMP(K) =   300.55  PRESS =   -37.2
 Etot   =    -99977.5923  EKtot   =     25622.5742  EPtot      =   -125600.1665
 BOND   =       866.9120  ANGLE   =      2330.1554  DIHED      =      3503.1901
 1-4 NB =      1048.2676  1-4 EEL =     12235.5003  VDWAALS    =     14638.4313
 EELEC  =   -160245.3660  EHBOND  =         0.0000  RESTRAINT  =        22.7430
 EAMBER (non-restraint)  =   -125622.9095
 EKCMT  =     11307.9899  VIRIAL  =     11642.4442  VOLUME     =    416849.6487
                                                    Density    =         1.0182
 ------------------------------------------------------------------------------

wrapping first mol.:       27.17356       38.42922       66.56136
wrapping first mol.:       27.17356       38.42922       66.56136

 NSTEP =     1500   TIME(PS) =    2543.000  TEMP(K) =   301.74  PRESS =   -23.7
 Etot   =    -99852.6251  EKtot   =     25724.2227  EPtot      =   -125576.8478
 BOND   =       825.8400  ANGLE   =      2336.2853  DIHED      =      3467.5476
 1-4 NB =      1010.5041  1-4 EEL =     12204.3150  VDWAALS    =     14991.5798
 EELEC  =   -160436.8561  EHBOND  =         0.0000  RESTRAINT  =        23.9366
 EAMBER (non-restraint)  =   -125600.7844
 EKCMT  =     11150.4508  VIRIAL  =     11363.6917  VOLUME     =    417044.5626
                                                    Density    =         1.0177
 ------------------------------------------------------------------------------

wrapping first mol.:       27.17363       38.42931       66.56152
wrapping first mol.:       27.17363       38.42931       66.56152

 NSTEP =     2000   TIME(PS) =    2544.000  TEMP(K) =   299.89  PRESS =     3.1
 Etot   =   -100497.3037  EKtot   =     25566.6797  EPtot      =   -126063.9834
 BOND   =       856.9552  ANGLE   =      2301.4569  DIHED      =      3473.0878
 1-4 NB =      1038.0496  1-4 EEL =     12259.0766  VDWAALS    =     15030.7345
 EELEC  =   -161049.3110  EHBOND  =         0.0000  RESTRAINT  =        25.9671
 EAMBER (non-restraint)  =   -126089.9504
 EKCMT  =     11173.6411  VIRIAL  =     11145.6619  VOLUME     =    417046.5419
                                                    Density    =         1.0177
 ------------------------------------------------------------------------------

wrapping first mol.:       27.17549       38.43194       66.56607
wrapping first mol.:       27.17549       38.43194       66.56607

 NSTEP =     2500   TIME(PS) =    2545.000  TEMP(K) =   302.12  PRESS =  -246.4
 Etot   =    -99922.8923  EKtot   =     25756.7109  EPtot      =   -125679.6032
 BOND   =       839.6396  ANGLE   =      2388.5930  DIHED      =      3488.1349
 1-4 NB =      1060.2238  1-4 EEL =     12276.8586  VDWAALS    =     14854.0338
 EELEC  =   -160612.8871  EHBOND  =         0.0000  RESTRAINT  =        25.8002
 EAMBER (non-restraint)  =   -125705.4034
 EKCMT  =     11284.8878  VIRIAL  =     13503.6985  VOLUME     =    417141.4724
                                                    Density    =         1.0175
 ------------------------------------------------------------------------------

wrapping first mol.:       27.17594       38.43258       66.56718
wrapping first mol.:       27.17594       38.43258       66.56718

 NSTEP =     3000   TIME(PS) =    2546.000  TEMP(K) =   299.85  PRESS =  -291.9
 Etot   =   -100040.4151  EKtot   =     25563.3809  EPtot      =   -125603.7959
 BOND   =       850.6180  ANGLE   =      2327.3358  DIHED      =      3502.2771
 1-4 NB =      1016.3882  1-4 EEL =     12152.6618  VDWAALS    =     14662.9603
 EELEC  =   -160147.2143  EHBOND  =         0.0000  RESTRAINT  =        31.1772
 EAMBER (non-restraint)  =   -125634.9732
 EKCMT  =     11164.9369  VIRIAL  =     13793.8325  VOLUME     =    417163.9975
                                                    Density    =         1.0174
 ------------------------------------------------------------------------------

wrapping first mol.:       27.18253       38.44191       66.58333
wrapping first mol.:       27.18253       38.44191       66.58333

 NSTEP =     3500   TIME(PS) =    2547.000  TEMP(K) =   301.63  PRESS =   202.0
 Etot   =   -100009.8894  EKtot   =     25715.0547  EPtot      =   -125724.9441
 BOND   =       911.2067  ANGLE   =      2335.2310  DIHED      =      3448.8923
 1-4 NB =      1012.3971  1-4 EEL =     12190.7775  VDWAALS    =     15205.3452
 EELEC  =   -160855.8886  EHBOND  =         0.0000  RESTRAINT  =        27.0948
 EAMBER (non-restraint)  =   -125752.0389
 EKCMT  =     11109.7150  VIRIAL  =      9288.7612  VOLUME     =    417449.3099
                                                    Density    =         1.0167
 ------------------------------------------------------------------------------

wrapping first mol.:       27.17708       38.43419       66.56997
wrapping first mol.:       27.17708       38.43419       66.56997

 NSTEP =     4000   TIME(PS) =    2548.000  TEMP(K) =   297.78  PRESS =    74.2
 Etot   =   -100503.2550  EKtot   =     25386.6094  EPtot      =   -125889.8643
 BOND   =       869.6421  ANGLE   =      2343.0390  DIHED      =      3474.4724
 1-4 NB =      1022.5315  1-4 EEL =     12238.8612  VDWAALS    =     15190.0552
 EELEC  =   -161056.5965  EHBOND  =         0.0000  RESTRAINT  =        28.1307
 EAMBER (non-restraint)  =   -125917.9950
 EKCMT  =     10984.2363  VIRIAL  =     10315.6207  VOLUME     =    417202.7831
                                                    Density    =         1.0173
 ------------------------------------------------------------------------------

wrapping first mol.:       27.16473       38.41673       66.53972
wrapping first mol.:       27.16473       38.41673       66.53972

 NSTEP =     4500   TIME(PS) =    2549.000  TEMP(K) =   301.50  PRESS =   -49.6
 Etot   =    -99911.4677  EKtot   =     25704.0195  EPtot      =   -125615.4872
 BOND   =       868.0635  ANGLE   =      2291.8881  DIHED      =      3481.9497
 1-4 NB =      1015.4002  1-4 EEL =     12224.8750  VDWAALS    =     14837.9436
 EELEC  =   -160360.9109  EHBOND  =         0.0000  RESTRAINT  =        25.3036
 EAMBER (non-restraint)  =   -125640.7908
 EKCMT  =     11130.8777  VIRIAL  =     11576.9596  VOLUME     =    416638.9672
                                                    Density    =         1.0187
 ------------------------------------------------------------------------------

wrapping first mol.:       27.16459       38.41653       66.53937
wrapping first mol.:       27.16459       38.41653       66.53937

 NSTEP =     5000   TIME(PS) =    2550.000  TEMP(K) =   300.21  PRESS =    26.4
 Etot   =   -100310.2496  EKtot   =     25593.9805  EPtot      =   -125904.2301
 BOND   =       845.5707  ANGLE   =      2309.6047  DIHED      =      3455.1389
 1-4 NB =      1022.8375  1-4 EEL =     12176.4902  VDWAALS    =     15021.7016
 EELEC  =   -160761.9146  EHBOND  =         0.0000  RESTRAINT  =        26.3409
 EAMBER (non-restraint)  =   -125930.5710
 EKCMT  =     11119.4396  VIRIAL  =     10882.0053  VOLUME     =    416629.4894
                                                    Density    =         1.0187
 ------------------------------------------------------------------------------

wrapping first mol.:       27.19813       38.46396       66.62152
wrapping first mol.:       27.19813       38.46396       66.62152

 NSTEP =     5500   TIME(PS) =    2551.000  TEMP(K) =   300.15  PRESS =    43.6
 Etot   =    -99787.1072  EKtot   =     25588.6328  EPtot      =   -125375.7400
 BOND   =       857.1885  ANGLE   =      2320.3599  DIHED      =      3499.4103
 1-4 NB =      1040.9804  1-4 EEL =     12233.0366  VDWAALS    =     14844.6680
 EELEC  =   -160195.8608  EHBOND  =         0.0000  RESTRAINT  =        24.4772
 EAMBER (non-restraint)  =   -125400.2172
 EKCMT  =     11083.8828  VIRIAL  =     10690.5275  VOLUME     =    418173.9460
                                                    Density    =         1.0150
 ------------------------------------------------------------------------------

wrapping first mol.:       27.18013       38.43851       66.57745
wrapping first mol.:       27.18013       38.43851       66.57745

 NSTEP =     6000   TIME(PS) =    2552.000  TEMP(K) =   300.31  PRESS =   -58.4
 Etot   =   -100075.5330  EKtot   =     25602.3535  EPtot      =   -125677.8865
 BOND   =       829.3309  ANGLE   =      2377.7208  DIHED      =      3519.0642
 1-4 NB =      1029.8761  1-4 EEL =     12196.8001  VDWAALS    =     14744.2151
 EELEC  =   -160400.4415  EHBOND  =         0.0000  RESTRAINT  =        25.5479
 EAMBER (non-restraint)  =   -125703.4345
 EKCMT  =     11165.8178  VIRIAL  =     11691.9616  VOLUME     =    417348.3436
                                                    Density    =         1.0170
 ------------------------------------------------------------------------------

wrapping first mol.:       27.17101       38.42561       66.55511
wrapping first mol.:       27.17101       38.42561       66.55511

 NSTEP =     6500   TIME(PS) =    2553.000  TEMP(K) =   300.01  PRESS =    36.7
 Etot   =   -100015.9356  EKtot   =     25577.0234  EPtot      =   -125592.9590
 BOND   =       843.9295  ANGLE   =      2368.0297  DIHED      =      3512.3016
 1-4 NB =      1050.5373  1-4 EEL =     12174.7913  VDWAALS    =     14958.8675
 EELEC  =   -160527.6195  EHBOND  =         0.0000  RESTRAINT  =        26.2035
 EAMBER (non-restraint)  =   -125619.1626
 EKCMT  =     11306.1218  VIRIAL  =     10975.8494  VOLUME     =    416924.8093
                                                    Density    =         1.0180
 ------------------------------------------------------------------------------

wrapping first mol.:       27.16918       38.42302       66.55062
wrapping first mol.:       27.16918       38.42302       66.55062

 NSTEP =     7000   TIME(PS) =    2554.000  TEMP(K) =   299.99  PRESS =    17.2
 Etot   =   -100089.1616  EKtot   =     25575.1191  EPtot      =   -125664.2807
 BOND   =       885.8842  ANGLE   =      2342.9959  DIHED      =      3467.1023
 1-4 NB =      1015.5470  1-4 EEL =     12178.6576  VDWAALS    =     14912.0650
 EELEC  =   -160491.0426  EHBOND  =         0.0000  RESTRAINT  =        24.5100
 EAMBER (non-restraint)  =   -125688.7907
 EKCMT  =     11227.0846  VIRIAL  =     11071.9820  VOLUME     =    416841.1457
                                                    Density    =         1.0182
 ------------------------------------------------------------------------------

wrapping first mol.:       27.16470       38.41669       66.53965
wrapping first mol.:       27.16470       38.41669       66.53965

 NSTEP =     7500   TIME(PS) =    2555.000  TEMP(K) =   302.33  PRESS =    89.2
 Etot   =    -99648.5721  EKtot   =     25774.8574  EPtot      =   -125423.4295
 BOND   =       831.5799  ANGLE   =      2363.1522  DIHED      =      3519.5299
 1-4 NB =      1020.4700  1-4 EEL =     12178.4465  VDWAALS    =     15062.1444
 EELEC  =   -160424.5693  EHBOND  =         0.0000  RESTRAINT  =        25.8168
 EAMBER (non-restraint)  =   -125449.2464
 EKCMT  =     11136.9111  VIRIAL  =     10334.2479  VOLUME     =    416632.3948
                                                    Density    =         1.0187
 ------------------------------------------------------------------------------

wrapping first mol.:       27.16295       38.41421       66.53537
wrapping first mol.:       27.16295       38.41421       66.53537

 NSTEP =     8000   TIME(PS) =    2556.000  TEMP(K) =   299.05  PRESS =   -58.2
 Etot   =   -100261.2996  EKtot   =     25495.4863  EPtot      =   -125756.7859
 BOND   =       841.3017  ANGLE   =      2290.6762  DIHED      =      3499.2179
 1-4 NB =      1028.0940  1-4 EEL =     12219.2646  VDWAALS    =     14833.1838
 EELEC  =   -160494.7868  EHBOND  =         0.0000  RESTRAINT  =        26.2627
 EAMBER (non-restraint)  =   -125783.0487
 EKCMT  =     11236.7583  VIRIAL  =     11760.3069  VOLUME     =    416557.4375
                                                    Density    =         1.0189
 ------------------------------------------------------------------------------

wrapping first mol.:       27.13940       38.38091       66.47768
wrapping first mol.:       27.13940       38.38091       66.47768

 NSTEP =     8500   TIME(PS) =    2557.000  TEMP(K) =   298.58  PRESS =     5.7
 Etot   =   -100506.9286  EKtot   =     25454.7773  EPtot      =   -125961.7059
 BOND   =       866.6280  ANGLE   =      2333.9670  DIHED      =      3533.2299
 1-4 NB =      1016.2145  1-4 EEL =     12225.1226  VDWAALS    =     14841.8787
 EELEC  =   -160805.0127  EHBOND  =         0.0000  RESTRAINT  =        26.2661
 EAMBER (non-restraint)  =   -125987.9720
 EKCMT  =     11030.2938  VIRIAL  =     10979.3843  VOLUME     =    415472.5695
                                                    Density    =         1.0216
 ------------------------------------------------------------------------------

wrapping first mol.:       27.13878       38.38003       66.47616
wrapping first mol.:       27.13878       38.38003       66.47616

 NSTEP =     9000   TIME(PS) =    2558.000  TEMP(K) =   297.52  PRESS =    -0.7
 Etot   =   -100495.9783  EKtot   =     25364.9727  EPtot      =   -125860.9509
 BOND   =       840.5928  ANGLE   =      2317.1222  DIHED      =      3496.1094
 1-4 NB =      1025.3998  1-4 EEL =     12152.7901  VDWAALS    =     14892.2739
 EELEC  =   -160611.7621  EHBOND  =         0.0000  RESTRAINT  =        26.5229
 EAMBER (non-restraint)  =   -125887.4739
 EKCMT  =     10984.8271  VIRIAL  =     10990.8814  VOLUME     =    415444.2890
                                                    Density    =         1.0216
 ------------------------------------------------------------------------------

wrapping first mol.:       27.16442       38.41629       66.53896
wrapping first mol.:       27.16442       38.41629       66.53896

 NSTEP =     9500   TIME(PS) =    2559.000  TEMP(K) =   301.95  PRESS =  -101.8
 Etot   =    -99900.2075  EKtot   =     25742.0859  EPtot      =   -125642.2935
 BOND   =       856.1028  ANGLE   =      2355.5920  DIHED      =      3487.9074
 1-4 NB =      1015.8658  1-4 EEL =     12188.7329  VDWAALS    =     14867.8158
 EELEC  =   -160443.7009  EHBOND  =         0.0000  RESTRAINT  =        29.3906
 EAMBER (non-restraint)  =   -125671.6841
 EKCMT  =     11226.0757  VIRIAL  =     12141.9894  VOLUME     =    416626.5785
                                                    Density    =         1.0187
 ------------------------------------------------------------------------------

wrapping first mol.:       27.17219       38.42728       66.55799
wrapping first mol.:       27.17219       38.42728       66.55799

 NSTEP =    10000   TIME(PS) =    2560.000  TEMP(K) =   298.56  PRESS =    73.0
 Etot   =   -100087.9539  EKtot   =     25452.9883  EPtot      =   -125540.9422
 BOND   =       874.5022  ANGLE   =      2339.9437  DIHED      =      3464.3024
 1-4 NB =      1008.7231  1-4 EEL =     12220.6497  VDWAALS    =     14966.6051
 EELEC  =   -160445.9091  EHBOND  =         0.0000  RESTRAINT  =        30.2407
 EAMBER (non-restraint)  =   -125571.1829
 EKCMT  =     11163.7161  VIRIAL  =     10506.7927  VOLUME     =    416977.6800
                                                    Density    =         1.0179
 ------------------------------------------------------------------------------

wrapping first mol.:       27.17797       38.43545       66.57214
wrapping first mol.:       27.17797       38.43545       66.57214

 NSTEP =    10500   TIME(PS) =    2561.000  TEMP(K) =   301.16  PRESS =    -6.4
 Etot   =   -100093.6790  EKtot   =     25674.7637  EPtot      =   -125768.4427
 BOND   =       878.2761  ANGLE   =      2261.2995  DIHED      =      3524.4362
 1-4 NB =      1026.1495  1-4 EEL =     12202.2355  VDWAALS    =     15198.2351
 EELEC  =   -160889.8059  EHBOND  =         0.0000  RESTRAINT  =        30.7314
 EAMBER (non-restraint)  =   -125799.1741
 EKCMT  =     11189.9922  VIRIAL  =     11247.6634  VOLUME     =    417246.6570
                                                    Density    =         1.0172
 ------------------------------------------------------------------------------

wrapping first mol.:       27.18440       38.44454       66.58790
wrapping first mol.:       27.18440       38.44454       66.58790

 NSTEP =    11000   TIME(PS) =    2562.000  TEMP(K) =   298.76  PRESS =   -99.1
 Etot   =   -100010.0121  EKtot   =     25470.3672  EPtot      =   -125480.3793
 BOND   =       826.0550  ANGLE   =      2324.1153  DIHED      =      3507.0409
 1-4 NB =      1028.2996  1-4 EEL =     12212.9238  VDWAALS    =     14698.5693
 EELEC  =   -160106.8427  EHBOND  =         0.0000  RESTRAINT  =        29.4594
 EAMBER (non-restraint)  =   -125509.8387
 EKCMT  =     11076.5795  VIRIAL  =     11969.5584  VOLUME     =    417546.4183
                                                    Density    =         1.0165
 ------------------------------------------------------------------------------

wrapping first mol.:       27.17492       38.43113       66.56467
wrapping first mol.:       27.17492       38.43113       66.56467

 NSTEP =    11500   TIME(PS) =    2563.000  TEMP(K) =   300.49  PRESS =     9.8
 Etot   =   -100287.9601  EKtot   =     25617.5977  EPtot      =   -125905.5577
 BOND   =       859.5381  ANGLE   =      2346.9484  DIHED      =      3504.0355
 1-4 NB =      1024.4778  1-4 EEL =     12227.9857  VDWAALS    =     15113.8948
 EELEC  =   -161010.5989  EHBOND  =         0.0000  RESTRAINT  =        28.1608
 EAMBER (non-restraint)  =   -125933.7186
 EKCMT  =     11148.5487  VIRIAL  =     11060.6524  VOLUME     =    417105.6056
                                                    Density    =         1.0176
 ------------------------------------------------------------------------------

wrapping first mol.:       27.18104       38.43980       66.57967
wrapping first mol.:       27.18104       38.43980       66.57967

 NSTEP =    12000   TIME(PS) =    2564.000  TEMP(K) =   299.65  PRESS =  -204.2
 Etot   =    -99749.6044  EKtot   =     25546.5391  EPtot      =   -125296.1434
 BOND   =       830.3972  ANGLE   =      2368.0609  DIHED      =      3478.7072
 1-4 NB =      1029.5219  1-4 EEL =     12218.4030  VDWAALS    =     14422.7694
 EELEC  =   -159676.7381  EHBOND  =         0.0000  RESTRAINT  =        32.7351
 EAMBER (non-restraint)  =   -125328.8785
 EKCMT  =     11159.3440  VIRIAL  =     12999.2786  VOLUME     =    417395.6146
                                                    Density    =         1.0168
 ------------------------------------------------------------------------------

wrapping first mol.:       27.17518       38.43151       66.56531
wrapping first mol.:       27.17518       38.43151       66.56531

 NSTEP =    12500   TIME(PS) =    2565.000  TEMP(K) =   300.27  PRESS =    77.8
 Etot   =    -99898.9967  EKtot   =     25598.8047  EPtot      =   -125497.8014
 BOND   =       821.0979  ANGLE   =      2353.0755  DIHED      =      3502.8393
 1-4 NB =      1040.1940  1-4 EEL =     12271.4476  VDWAALS    =     15071.6405
 EELEC  =   -160586.6362  EHBOND  =         0.0000  RESTRAINT  =        28.5400
 EAMBER (non-restraint)  =   -125526.3414
 EKCMT  =     11113.2093  VIRIAL  =     10412.1856  VOLUME     =    417115.1300
                                                    Density    =         1.0175
 ------------------------------------------------------------------------------

wrapping first mol.:       27.16313       38.41446       66.53580
wrapping first mol.:       27.16313       38.41446       66.53580

 NSTEP =    13000   TIME(PS) =    2566.000  TEMP(K) =   302.01  PRESS =   -88.3
 Etot   =   -100152.9949  EKtot   =     25747.1914  EPtot      =   -125900.1863
 BOND   =       857.6996  ANGLE   =      2336.8045  DIHED      =      3486.1740
 1-4 NB =      1023.7059  1-4 EEL =     12219.0756  VDWAALS    =     14837.8462
 EELEC  =   -160689.2637  EHBOND  =         0.0000  RESTRAINT  =        27.7717
 EAMBER (non-restraint)  =   -125927.9580
 EKCMT  =     11216.4660  VIRIAL  =     12010.5076  VOLUME     =    416566.6740
                                                    Density    =         1.0189
 ------------------------------------------------------------------------------

wrapping first mol.:       27.16354       38.41505       66.53680
wrapping first mol.:       27.16354       38.41505       66.53680

 NSTEP =    13500   TIME(PS) =    2567.000  TEMP(K) =   300.67  PRESS =   194.7
 Etot   =    -99955.8915  EKtot   =     25633.4062  EPtot      =   -125589.2978
 BOND   =       848.1083  ANGLE   =      2368.3205  DIHED      =      3501.5861
 1-4 NB =      1048.4581  1-4 EEL =     12239.3049  VDWAALS    =     14810.0139
 EELEC  =   -160433.4349  EHBOND  =         0.0000  RESTRAINT  =        28.3454
 EAMBER (non-restraint)  =   -125617.6432
 EKCMT  =     11062.7701  VIRIAL  =      9311.9046  VOLUME     =    416575.0719
                                                    Density    =         1.0188
 ------------------------------------------------------------------------------

wrapping first mol.:       27.16246       38.41352       66.53416
wrapping first mol.:       27.16246       38.41352       66.53416

 NSTEP =    14000   TIME(PS) =    2568.000  TEMP(K) =   299.27  PRESS =   104.7
 Etot   =   -100098.1602  EKtot   =     25513.4375  EPtot      =   -125611.5977
 BOND   =       862.8972  ANGLE   =      2350.5102  DIHED      =      3498.8918
 1-4 NB =      1040.9730  1-4 EEL =     12237.5515  VDWAALS    =     15071.5612
 EELEC  =   -160703.5546  EHBOND  =         0.0000  RESTRAINT  =        29.5720
 EAMBER (non-restraint)  =   -125641.1697
 EKCMT  =     11058.0694  VIRIAL  =     10116.8517  VOLUME     =    416528.7205
                                                    Density    =         1.0190
 ------------------------------------------------------------------------------

wrapping first mol.:       27.16774       38.42098       66.54709
wrapping first mol.:       27.16774       38.42098       66.54709

 NSTEP =    14500   TIME(PS) =    2569.000  TEMP(K) =   301.82  PRESS =  -104.4
 Etot   =   -100038.2243  EKtot   =     25731.1562  EPtot      =   -125769.3805
 BOND   =       871.7976  ANGLE   =      2310.6875  DIHED      =      3509.8244
 1-4 NB =      1003.1048  1-4 EEL =     12228.9202  VDWAALS    =     15076.4010
 EELEC  =   -160796.9842  EHBOND  =         0.0000  RESTRAINT  =        26.8681
 EAMBER (non-restraint)  =   -125796.2486
 EKCMT  =     11098.9624  VIRIAL  =     12038.5018  VOLUME     =    416779.3531
                                                    Density    =         1.0183
 ------------------------------------------------------------------------------

wrapping first mol.:       27.17257       38.42782       66.55894
wrapping first mol.:       27.17257       38.42782       66.55894

 NSTEP =    15000   TIME(PS) =    2570.000  TEMP(K) =   301.05  PRESS =  -122.1
 Etot   =    -99911.0394  EKtot   =     25665.4609  EPtot      =   -125576.5003
 BOND   =       847.2247  ANGLE   =      2355.4261  DIHED      =      3458.4158
 1-4 NB =      1033.2165  1-4 EEL =     12184.0996  VDWAALS    =     14669.3512
 EELEC  =   -160151.4407  EHBOND  =         0.0000  RESTRAINT  =        27.2065
 EAMBER (non-restraint)  =   -125603.7068
 EKCMT  =     11074.0113  VIRIAL  =     12173.0979  VOLUME     =    417002.6659
                                                    Density    =         1.0178
 ------------------------------------------------------------------------------

wrapping first mol.:       27.18895       38.45097       66.59904
wrapping first mol.:       27.18895       38.45097       66.59904

 NSTEP =    15500   TIME(PS) =    2571.000  TEMP(K) =   301.83  PRESS =  -140.7
 Etot   =    -99788.6615  EKtot   =     25732.0488  EPtot      =   -125520.7103
 BOND   =       883.7042  ANGLE   =      2328.2323  DIHED      =      3518.7783
 1-4 NB =      1026.9300  1-4 EEL =     12216.8014  VDWAALS    =     14698.3414
 EELEC  =   -160219.2578  EHBOND  =         0.0000  RESTRAINT  =        25.7599
 EAMBER (non-restraint)  =   -125546.4702
 EKCMT  =     11172.1992  VIRIAL  =     12441.4931  VOLUME     =    417757.5172
                                                    Density    =         1.0160
 ------------------------------------------------------------------------------

wrapping first mol.:       27.18313       38.44276       66.58480
wrapping first mol.:       27.18313       38.44276       66.58480

 NSTEP =    16000   TIME(PS) =    2572.000  TEMP(K) =   302.19  PRESS =   -76.9
 Etot   =    -99807.2521  EKtot   =     25762.7383  EPtot      =   -125569.9904
 BOND   =       850.5877  ANGLE   =      2337.4410  DIHED      =      3510.7505
 1-4 NB =      1024.3153  1-4 EEL =     12247.9243  VDWAALS    =     14659.9122
 EELEC  =   -160232.8750  EHBOND  =         0.0000  RESTRAINT  =        31.9537
 EAMBER (non-restraint)  =   -125601.9440
 EKCMT  =     11210.6068  VIRIAL  =     11903.8147  VOLUME     =    417487.3533
                                                    Density    =         1.0166
 ------------------------------------------------------------------------------

wrapping first mol.:       27.17033       38.42465       66.55345
wrapping first mol.:       27.17033       38.42465       66.55345

 NSTEP =    16500   TIME(PS) =    2573.000  TEMP(K) =   302.58  PRESS =   195.9
 Etot   =    -99892.3240  EKtot   =     25796.2520  EPtot      =   -125688.5759
 BOND   =       826.7448  ANGLE   =      2385.9018  DIHED      =      3502.8256
 1-4 NB =      1040.3949  1-4 EEL =     12244.7815  VDWAALS    =     15030.2462
 EELEC  =   -160747.3244  EHBOND  =         0.0000  RESTRAINT  =        27.8537
 EAMBER (non-restraint)  =   -125716.4297
 EKCMT  =     11238.5365  VIRIAL  =      9475.4970  VOLUME     =    416887.6660
                                                    Density    =         1.0181
 ------------------------------------------------------------------------------

wrapping first mol.:       27.17174       38.42664       66.55688
wrapping first mol.:       27.17174       38.42664       66.55688

 NSTEP =    17000   TIME(PS) =    2574.000  TEMP(K) =   298.37  PRESS =  -173.1
 Etot   =   -100168.9585  EKtot   =     25436.9688  EPtot      =   -125605.9273
 BOND   =       863.5243  ANGLE   =      2359.3475  DIHED      =      3540.0248
 1-4 NB =      1034.5283  1-4 EEL =     12236.6996  VDWAALS    =     14723.6911
 EELEC  =   -160393.7251  EHBOND  =         0.0000  RESTRAINT  =        29.9822
 EAMBER (non-restraint)  =   -125635.9095
 EKCMT  =     11093.7918  VIRIAL  =     12651.9744  VOLUME     =    416965.9821
                                                    Density    =         1.0179
 ------------------------------------------------------------------------------

wrapping first mol.:       27.18394       38.44390       66.58678
wrapping first mol.:       27.18394       38.44390       66.58678

 NSTEP =    17500   TIME(PS) =    2575.000  TEMP(K) =   299.08  PRESS =  -160.7
 Etot   =   -100412.3772  EKtot   =     25497.9277  EPtot      =   -125910.3049
 BOND   =       882.6615  ANGLE   =      2380.5910  DIHED      =      3462.7579
 1-4 NB =      1020.5098  1-4 EEL =     12208.8231  VDWAALS    =     15110.5435
 EELEC  =   -161004.3038  EHBOND  =         0.0000  RESTRAINT  =        28.1120
 EAMBER (non-restraint)  =   -125938.4169
 EKCMT  =     11082.5042  VIRIAL  =     12531.2266  VOLUME     =    417527.6405
                                                    Density    =         1.0165
 ------------------------------------------------------------------------------

wrapping first mol.:       27.18030       38.43875       66.57786
wrapping first mol.:       27.18030       38.43875       66.57786

 NSTEP =    18000   TIME(PS) =    2576.000  TEMP(K) =   299.14  PRESS =    92.1
 Etot   =   -100140.7507  EKtot   =     25502.6602  EPtot      =   -125643.4109
 BOND   =       871.5148  ANGLE   =      2335.0146  DIHED      =      3534.2160
 1-4 NB =      1015.1176  1-4 EEL =     12154.2127  VDWAALS    =     14838.5329
 EELEC  =   -160420.0715  EHBOND  =         0.0000  RESTRAINT  =        28.0521
 EAMBER (non-restraint)  =   -125671.4630
 EKCMT  =     11087.2531  VIRIAL  =     10257.1420  VOLUME     =    417350.4621
                                                    Density    =         1.0170
 ------------------------------------------------------------------------------

wrapping first mol.:       27.17574       38.43230       66.56670
wrapping first mol.:       27.17574       38.43230       66.56670

 NSTEP =    18500   TIME(PS) =    2577.000  TEMP(K) =   301.51  PRESS =    22.2
 Etot   =   -100043.1301  EKtot   =     25704.8379  EPtot      =   -125747.9680
 BOND   =       856.9980  ANGLE   =      2368.7480  DIHED      =      3495.5229
 1-4 NB =      1032.6424  1-4 EEL =     12157.0216  VDWAALS    =     14848.4258
 EELEC  =   -160536.2777  EHBOND  =         0.0000  RESTRAINT  =        28.9509
 EAMBER (non-restraint)  =   -125776.9189
 EKCMT  =     11146.1065  VIRIAL  =     10946.6058  VOLUME     =    417143.1611
                                                    Density    =         1.0175
 ------------------------------------------------------------------------------

wrapping first mol.:       27.18111       38.43989       66.57984
wrapping first mol.:       27.18111       38.43989       66.57984

 NSTEP =    19000   TIME(PS) =    2578.000  TEMP(K) =   299.18  PRESS =   -23.2
 Etot   =   -100028.6705  EKtot   =     25506.3066  EPtot      =   -125534.9771
 BOND   =       830.2858  ANGLE   =      2333.9088  DIHED      =      3510.6886
 1-4 NB =      1012.0619  1-4 EEL =     12208.1144  VDWAALS    =     14884.2643
 EELEC  =   -160342.3702  EHBOND  =         0.0000  RESTRAINT  =        28.0694
 EAMBER (non-restraint)  =   -125563.0465
 EKCMT  =     11058.5974  VIRIAL  =     11268.1074  VOLUME     =    417392.0033
                                                    Density    =         1.0169
 ------------------------------------------------------------------------------

wrapping first mol.:       27.16718       38.42019       66.54572
wrapping first mol.:       27.16718       38.42019       66.54572

 NSTEP =    19500   TIME(PS) =    2579.000  TEMP(K) =   299.69  PRESS =    53.1
 Etot   =   -100172.9536  EKtot   =     25549.8535  EPtot      =   -125722.8071
 BOND   =       852.9852  ANGLE   =      2294.8061  DIHED      =      3501.7978
 1-4 NB =      1008.9210  1-4 EEL =     12174.1645  VDWAALS    =     14997.2703
 EELEC  =   -160580.9716  EHBOND  =         0.0000  RESTRAINT  =        28.2196
 EAMBER (non-restraint)  =   -125751.0267
 EKCMT  =     11100.6492  VIRIAL  =     10623.0451  VOLUME     =    416747.8286
                                                    Density    =         1.0184
 ------------------------------------------------------------------------------

wrapping first mol.:       27.17893       38.43681       66.57451
wrapping first mol.:       27.17893       38.43681       66.57451

 NSTEP =    20000   TIME(PS) =    2580.000  TEMP(K) =   304.25  PRESS =    12.5
 Etot   =    -99635.2127  EKtot   =     25938.4727  EPtot      =   -125573.6854
 BOND   =       870.9114  ANGLE   =      2318.2632  DIHED      =      3508.3191
 1-4 NB =      1006.1959  1-4 EEL =     12168.0686  VDWAALS    =     14680.6392
 EELEC  =   -160155.3746  EHBOND  =         0.0000  RESTRAINT  =        29.2919
 EAMBER (non-restraint)  =   -125602.9772
 EKCMT  =     11260.6669  VIRIAL  =     11148.0360  VOLUME     =    417290.4615
                                                    Density    =         1.0171
 ------------------------------------------------------------------------------

wrapping first mol.:       27.16398       38.41567       66.53789
wrapping first mol.:       27.16398       38.41567       66.53789

 NSTEP =    20500   TIME(PS) =    2581.000  TEMP(K) =   299.38  PRESS =   169.0
 Etot   =   -100113.6817  EKtot   =     25523.1797  EPtot      =   -125636.8614
 BOND   =       894.8817  ANGLE   =      2271.5171  DIHED      =      3519.8257
 1-4 NB =      1056.1089  1-4 EEL =     12236.6371  VDWAALS    =     15107.9680
 EELEC  =   -160761.9645  EHBOND  =         0.0000  RESTRAINT  =        38.1647
 EAMBER (non-restraint)  =   -125675.0260
 EKCMT  =     11039.8533  VIRIAL  =      9519.7820  VOLUME     =    416596.3604
                                                    Density    =         1.0188
 ------------------------------------------------------------------------------

wrapping first mol.:       27.17264       38.42792       66.55911
wrapping first mol.:       27.17264       38.42792       66.55911

 NSTEP =    21000   TIME(PS) =    2582.000  TEMP(K) =   301.85  PRESS =  -104.9
 Etot   =    -99909.0148  EKtot   =     25733.6582  EPtot      =   -125642.6730
 BOND   =       846.0295  ANGLE   =      2391.4723  DIHED      =      3457.0338
 1-4 NB =      1037.2351  1-4 EEL =     12193.2148  VDWAALS    =     14948.8463
 EELEC  =   -160547.0439  EHBOND  =         0.0000  RESTRAINT  =        30.5390
 EAMBER (non-restraint)  =   -125673.2120
 EKCMT  =     11211.2801  VIRIAL  =     12155.8534  VOLUME     =    417005.2341
                                                    Density    =         1.0178
 ------------------------------------------------------------------------------

wrapping first mol.:       27.17124       38.42594       66.55568
wrapping first mol.:       27.17124       38.42594       66.55568

 NSTEP =    21500   TIME(PS) =    2583.000  TEMP(K) =   300.49  PRESS =    60.6
 Etot   =    -99827.0045  EKtot   =     25618.2305  EPtot      =   -125445.2350
 BOND   =       833.9486  ANGLE   =      2356.3553  DIHED      =      3499.2440
 1-4 NB =      1036.0283  1-4 EEL =     12156.9476  VDWAALS    =     15078.5921
 EELEC  =   -160441.8317  EHBOND  =         0.0000  RESTRAINT  =        35.4808
 EAMBER (non-restraint)  =   -125480.7158
 EKCMT  =     11140.8459  VIRIAL  =     10595.6809  VOLUME     =    416934.5985
                                                    Density    =         1.0180
 ------------------------------------------------------------------------------

wrapping first mol.:       27.17448       38.43052       66.56360
wrapping first mol.:       27.17448       38.43052       66.56360

 NSTEP =    22000   TIME(PS) =    2584.000  TEMP(K) =   300.67  PRESS =   -64.4
 Etot   =    -99945.0301  EKtot   =     25633.1582  EPtot      =   -125578.1883
 BOND   =       836.5344  ANGLE   =      2367.9276  DIHED      =      3521.8265
 1-4 NB =      1046.5865  1-4 EEL =     12285.6429  VDWAALS    =     14999.8359
 EELEC  =   -160668.7592  EHBOND  =         0.0000  RESTRAINT  =        32.2171
 EAMBER (non-restraint)  =   -125610.4054
 EKCMT  =     11221.3423  VIRIAL  =     11801.6313  VOLUME     =    417088.1912
                                                    Density    =         1.0176
 ------------------------------------------------------------------------------

wrapping first mol.:       27.17640       38.43323       66.56831
wrapping first mol.:       27.17640       38.43323       66.56831

 NSTEP =    22500   TIME(PS) =    2585.000  TEMP(K) =   298.57  PRESS =   108.4
 Etot   =   -100048.9135  EKtot   =     25454.4766  EPtot      =   -125503.3901
 BOND   =       841.2730  ANGLE   =      2387.0326  DIHED      =      3501.7744
 1-4 NB =      1029.8326  1-4 EEL =     12227.9543  VDWAALS    =     15100.2917
 EELEC  =   -160623.1469  EHBOND  =         0.0000  RESTRAINT  =        31.5981
 EAMBER (non-restraint)  =   -125534.9882
 EKCMT  =     11039.1033  VIRIAL  =     10062.9079  VOLUME     =    417170.2363
                                                    Density    =         1.0174
 ------------------------------------------------------------------------------

wrapping first mol.:       27.17439       38.43039       66.56338
wrapping first mol.:       27.17439       38.43039       66.56338

 NSTEP =    23000   TIME(PS) =    2586.000  TEMP(K) =   299.38  PRESS =  -103.8
 Etot   =    -99899.6888  EKtot   =     25523.0664  EPtot      =   -125422.7552
 BOND   =       805.4543  ANGLE   =      2379.0209  DIHED      =      3499.3451
 1-4 NB =      1037.3131  1-4 EEL =     12212.1026  VDWAALS    =     14626.6160
 EELEC  =   -160017.6540  EHBOND  =         0.0000  RESTRAINT  =        35.0467
 EAMBER (non-restraint)  =   -125457.8019
 EKCMT  =     11140.2453  VIRIAL  =     12074.8430  VOLUME     =    417085.5369
                                                    Density    =         1.0176
 ------------------------------------------------------------------------------

wrapping first mol.:       27.16894       38.42268       66.55002
wrapping first mol.:       27.16894       38.42268       66.55002

 NSTEP =    23500   TIME(PS) =    2587.000  TEMP(K) =   299.50  PRESS =  -135.8
 Etot   =   -100258.5219  EKtot   =     25533.2598  EPtot      =   -125791.7817
 BOND   =       863.2462  ANGLE   =      2372.7566  DIHED      =      3524.5175
 1-4 NB =      1031.7749  1-4 EEL =     12258.8074  VDWAALS    =     14791.7545
 EELEC  =   -160666.8013  EHBOND  =         0.0000  RESTRAINT  =        32.1626
 EAMBER (non-restraint)  =   -125823.9443
 EKCMT  =     11211.2829  VIRIAL  =     12433.0724  VOLUME     =    416835.6848
                                                    Density    =         1.0182
 ------------------------------------------------------------------------------

wrapping first mol.:       27.16603       38.41856       66.54290
wrapping first mol.:       27.16603       38.41856       66.54290

 NSTEP =    24000   TIME(PS) =    2588.000  TEMP(K) =   299.72  PRESS =     5.2
 Etot   =   -100102.7662  EKtot   =     25552.2637  EPtot      =   -125655.0299
 BOND   =       861.3849  ANGLE   =      2339.8280  DIHED      =      3538.2544
 1-4 NB =      1039.3943  1-4 EEL =     12164.7024  VDWAALS    =     14941.5331
 EELEC  =   -160573.9374  EHBOND  =         0.0000  RESTRAINT  =        33.8104
 EAMBER (non-restraint)  =   -125688.8403
 EKCMT  =     11144.7725  VIRIAL  =     11098.1496  VOLUME     =    416696.5645
                                                    Density    =         1.0186
 ------------------------------------------------------------------------------

wrapping first mol.:       27.18192       38.44104       66.58182
wrapping first mol.:       27.18192       38.44104       66.58182

 NSTEP =    24500   TIME(PS) =    2589.000  TEMP(K) =   301.33  PRESS =  -218.5
 Etot   =   -100058.1172  EKtot   =     25689.6055  EPtot      =   -125747.7227
 BOND   =       838.9927  ANGLE   =      2351.8468  DIHED      =      3526.5901
 1-4 NB =      1005.5844  1-4 EEL =     12168.0394  VDWAALS    =     14916.9857
 EELEC  =   -160588.3642  EHBOND  =         0.0000  RESTRAINT  =        32.6023
 EAMBER (non-restraint)  =   -125780.3250
 EKCMT  =     11189.6411  VIRIAL  =     13158.5639  VOLUME     =    417436.5998
                                                    Density    =         1.0167
 ------------------------------------------------------------------------------

wrapping first mol.:       27.18696       38.44817       66.59418
wrapping first mol.:       27.18696       38.44817       66.59418

 NSTEP =    25000   TIME(PS) =    2590.000  TEMP(K) =   299.14  PRESS =   231.9
 Etot   =    -99853.1933  EKtot   =     25502.5391  EPtot      =   -125355.7324
 BOND   =       857.5342  ANGLE   =      2395.8419  DIHED      =      3535.5958
 1-4 NB =      1039.8500  1-4 EEL =     12243.2228  VDWAALS    =     15177.5301
 EELEC  =   -160640.2022  EHBOND  =         0.0000  RESTRAINT  =        34.8950
 EAMBER (non-restraint)  =   -125390.6274
 EKCMT  =     11048.4719  VIRIAL  =      8957.4895  VOLUME     =    417652.2964
                                                    Density    =         1.0162
 ------------------------------------------------------------------------------

wrapping first mol.:       27.18333       38.44303       66.58527
wrapping first mol.:       27.18333       38.44303       66.58527

 NSTEP =    25500   TIME(PS) =    2591.000  TEMP(K) =   298.80  PRESS =  -300.5
 Etot   =   -100199.9345  EKtot   =     25474.0801  EPtot      =   -125674.0146
 BOND   =       827.5834  ANGLE   =      2254.7775  DIHED      =      3485.7478
 1-4 NB =      1030.8651  1-4 EEL =     12235.1496  VDWAALS    =     14796.2846
 EELEC  =   -160340.1536  EHBOND  =         0.0000  RESTRAINT  =        35.7310
 EAMBER (non-restraint)  =   -125709.7456
 EKCMT  =     11115.0088  VIRIAL  =     13824.2764  VOLUME     =    417504.4796
                                                    Density    =         1.0166
 ------------------------------------------------------------------------------

wrapping first mol.:       27.17967       38.43786       66.57631
wrapping first mol.:       27.17967       38.43786       66.57631

 NSTEP =    26000   TIME(PS) =    2592.000  TEMP(K) =   300.52  PRESS =   -95.1
 Etot   =   -100075.5716  EKtot   =     25620.3047  EPtot      =   -125695.8763
 BOND   =       838.0158  ANGLE   =      2385.3809  DIHED      =      3510.7351
 1-4 NB =      1054.1996  1-4 EEL =     12270.3826  VDWAALS    =     14761.3805
 EELEC  =   -160549.8681  EHBOND  =         0.0000  RESTRAINT  =        33.8973
 EAMBER (non-restraint)  =   -125729.7736
 EKCMT  =     11226.1361  VIRIAL  =     12082.7655  VOLUME     =    417328.3887
                                                    Density    =         1.0170
 ------------------------------------------------------------------------------

wrapping first mol.:       27.13995       38.38169       66.47903
wrapping first mol.:       27.13995       38.38169       66.47903

 NSTEP =    26500   TIME(PS) =    2593.000  TEMP(K) =   301.86  PRESS =    67.6
 Etot   =   -100091.5226  EKtot   =     25734.3965  EPtot      =   -125825.9191
 BOND   =       859.2913  ANGLE   =      2348.0936  DIHED      =      3518.1047
 1-4 NB =      1028.1974  1-4 EEL =     12201.1724  VDWAALS    =     14803.5125
 EELEC  =   -160623.1900  EHBOND  =         0.0000  RESTRAINT  =        38.8989
 EAMBER (non-restraint)  =   -125864.8180
 EKCMT  =     11241.7387  VIRIAL  =     10634.9306  VOLUME     =    415495.6186
                                                    Density    =         1.0215
 ------------------------------------------------------------------------------

wrapping first mol.:       27.17662       38.43354       66.56883
wrapping first mol.:       27.17662       38.43354       66.56883

 NSTEP =    27000   TIME(PS) =    2594.000  TEMP(K) =   298.79  PRESS =   151.0
 Etot   =   -100229.0676  EKtot   =     25472.8203  EPtot      =   -125701.8879
 BOND   =       885.6442  ANGLE   =      2369.3904  DIHED      =      3488.6776
 1-4 NB =      1014.1133  1-4 EEL =     12212.3635  VDWAALS    =     15082.8671
 EELEC  =   -160788.3545  EHBOND  =         0.0000  RESTRAINT  =        33.4104
 EAMBER (non-restraint)  =   -125735.2983
 EKCMT  =     11074.7801  VIRIAL  =      9714.6724  VOLUME     =    417178.5705
                                                    Density    =         1.0174
 ------------------------------------------------------------------------------

wrapping first mol.:       27.18342       38.44316       66.58550
wrapping first mol.:       27.18342       38.44316       66.58550

 NSTEP =    27500   TIME(PS) =    2595.000  TEMP(K) =   300.09  PRESS =  -233.5
 Etot   =   -100501.8703  EKtot   =     25583.5918  EPtot      =   -126085.4620
 BOND   =       817.5306  ANGLE   =      2330.2487  DIHED      =      3506.2846
 1-4 NB =      1037.6160  1-4 EEL =     12250.0236  VDWAALS    =     15006.6097
 EELEC  =   -161065.3162  EHBOND  =         0.0000  RESTRAINT  =        31.5409
 EAMBER (non-restraint)  =   -126117.0030
 EKCMT  =     11184.0437  VIRIAL  =     13288.7942  VOLUME     =    417506.2612
                                                    Density    =         1.0166
 ------------------------------------------------------------------------------

wrapping first mol.:       27.17914       38.43711       66.57502
wrapping first mol.:       27.17914       38.43711       66.57502

 NSTEP =    28000   TIME(PS) =    2596.000  TEMP(K) =   302.25  PRESS =   163.8
 Etot   =    -99771.1938  EKtot   =     25767.6582  EPtot      =   -125538.8520
 BOND   =       848.0307  ANGLE   =      2301.8862  DIHED      =      3511.9968
 1-4 NB =      1033.3166  1-4 EEL =     12215.3179  VDWAALS    =     14936.3357
 EELEC  =   -160416.3832  EHBOND  =         0.0000  RESTRAINT  =        30.6473
 EAMBER (non-restraint)  =   -125569.4993
 EKCMT  =     11343.3891  VIRIAL  =      9867.7194  VOLUME     =    417294.4246
                                                    Density    =         1.0171
 ------------------------------------------------------------------------------

wrapping first mol.:       27.16958       38.42359       66.55160
wrapping first mol.:       27.16958       38.42359       66.55160

 NSTEP =    28500   TIME(PS) =    2597.000  TEMP(K) =   301.20  PRESS =  -213.9
 Etot   =   -100250.3689  EKtot   =     25678.6855  EPtot      =   -125929.0545
 BOND   =       850.0645  ANGLE   =      2374.5542  DIHED      =      3475.0431
 1-4 NB =      1025.0251  1-4 EEL =     12206.4293  VDWAALS    =     14685.8100
 EELEC  =   -160579.3380  EHBOND  =         0.0000  RESTRAINT  =        33.3572
 EAMBER (non-restraint)  =   -125962.4117
 EKCMT  =     11201.3469  VIRIAL  =     13126.9941  VOLUME     =    416868.2707
                                                    Density    =         1.0181
 ------------------------------------------------------------------------------

wrapping first mol.:       27.17638       38.43321       66.56827
wrapping first mol.:       27.17638       38.43321       66.56827

 NSTEP =    29000   TIME(PS) =    2598.000  TEMP(K) =   301.49  PRESS =   -11.6
 Etot   =    -99929.2369  EKtot   =     25703.2285  EPtot      =   -125632.4654
 BOND   =       889.8748  ANGLE   =      2354.8074  DIHED      =      3508.7032
 1-4 NB =      1026.5577  1-4 EEL =     12189.5251  VDWAALS    =     14880.1657
 EELEC  =   -160514.7964  EHBOND  =         0.0000  RESTRAINT  =        32.6972
 EAMBER (non-restraint)  =   -125665.1627
 EKCMT  =     11194.3574  VIRIAL  =     11298.5594  VOLUME     =    417173.9405
                                                    Density    =         1.0174
 ------------------------------------------------------------------------------

wrapping first mol.:       27.16919       38.42303       66.55064
wrapping first mol.:       27.16919       38.42303       66.55064

 NSTEP =    29500   TIME(PS) =    2599.000  TEMP(K) =   299.94  PRESS =  -145.6
 Etot   =    -99987.1121  EKtot   =     25571.3027  EPtot      =   -125558.4148
 BOND   =       846.9068  ANGLE   =      2351.3375  DIHED      =      3531.9558
 1-4 NB =      1023.3590  1-4 EEL =     12275.1983  VDWAALS    =     14843.8918
 EELEC  =   -160463.7134  EHBOND  =         0.0000  RESTRAINT  =        32.6495
 EAMBER (non-restraint)  =   -125591.0643
 EKCMT  =     11239.0058  VIRIAL  =     12549.1927  VOLUME     =    416847.6056
                                                    Density    =         1.0182
 ------------------------------------------------------------------------------

wrapping first mol.:       27.15938       38.40917       66.52662
wrapping first mol.:       27.15938       38.40917       66.52662

 NSTEP =    30000   TIME(PS) =    2600.000  TEMP(K) =   298.83  PRESS =    16.9
 Etot   =    -99830.9906  EKtot   =     25476.1074  EPtot      =   -125307.0981
 BOND   =       853.1516  ANGLE   =      2362.3423  DIHED      =      3530.9457
 1-4 NB =      1025.4284  1-4 EEL =     12176.3454  VDWAALS    =     14870.0225
 EELEC  =   -160158.0185  EHBOND  =         0.0000  RESTRAINT  =        32.6847
 EAMBER (non-restraint)  =   -125339.7828
 EKCMT  =     11093.0277  VIRIAL  =     10941.2706  VOLUME     =    416390.5000
                                                    Density    =         1.0193
 ------------------------------------------------------------------------------

wrapping first mol.:       27.16003       38.41009       66.52821
wrapping first mol.:       27.16003       38.41009       66.52821

 NSTEP =    30500   TIME(PS) =    2601.000  TEMP(K) =   301.62  PRESS =    46.3
 Etot   =   -100078.6483  EKtot   =     25713.9883  EPtot      =   -125792.6366
 BOND   =       854.1341  ANGLE   =      2286.7809  DIHED      =      3488.4780
 1-4 NB =      1042.6929  1-4 EEL =     12210.7558  VDWAALS    =     15009.2082
 EELEC  =   -160716.0341  EHBOND  =         0.0000  RESTRAINT  =        31.3474
 EAMBER (non-restraint)  =   -125823.9840
 EKCMT  =     11238.5233  VIRIAL  =     10822.1384  VOLUME     =    416419.2442
                                                    Density    =         1.0192
 ------------------------------------------------------------------------------

wrapping first mol.:       27.16483       38.41688       66.53998
wrapping first mol.:       27.16483       38.41688       66.53998

 NSTEP =    31000   TIME(PS) =    2602.000  TEMP(K) =   296.01  PRESS =   -48.6
 Etot   =   -100418.6630  EKtot   =     25236.2324  EPtot      =   -125654.8955
 BOND   =       858.1519  ANGLE   =      2343.6713  DIHED      =      3493.0481
 1-4 NB =      1006.2148  1-4 EEL =     12208.1655  VDWAALS    =     14846.1757
 EELEC  =   -160442.0678  EHBOND  =         0.0000  RESTRAINT  =        31.7450
 EAMBER (non-restraint)  =   -125686.6404
 EKCMT  =     10997.5417  VIRIAL  =     11435.0888  VOLUME     =    416643.6985
                                                    Density    =         1.0187
 ------------------------------------------------------------------------------

wrapping first mol.:       27.16192       38.41275       66.53283
wrapping first mol.:       27.16192       38.41275       66.53283

 NSTEP =    31500   TIME(PS) =    2603.000  TEMP(K) =   299.76  PRESS =    72.8
 Etot   =   -100342.8471  EKtot   =     25555.4844  EPtot      =   -125898.3315
 BOND   =       866.5465  ANGLE   =      2346.0029  DIHED      =      3496.9077
 1-4 NB =      1011.3329  1-4 EEL =     12231.4914  VDWAALS    =     14965.9805
 EELEC  =   -160848.8810  EHBOND  =         0.0000  RESTRAINT  =        32.2877
 EAMBER (non-restraint)  =   -125930.6192
 EKCMT  =     11096.9099  VIRIAL  =     10442.1118  VOLUME     =    416504.9659
                                                    Density    =         1.0190
 ------------------------------------------------------------------------------

wrapping first mol.:       27.17264       38.42791       66.55909
wrapping first mol.:       27.17264       38.42791       66.55909

 NSTEP =    32000   TIME(PS) =    2604.000  TEMP(K) =   299.30  PRESS =   163.7
 Etot   =   -100464.0399  EKtot   =     25516.5000  EPtot      =   -125980.5399
 BOND   =       824.3577  ANGLE   =      2314.8547  DIHED      =      3539.1057
 1-4 NB =      1022.3083  1-4 EEL =     12195.8079  VDWAALS    =     15161.2492
 EELEC  =   -161067.4768  EHBOND  =         0.0000  RESTRAINT  =        29.2535
 EAMBER (non-restraint)  =   -126009.7934
 EKCMT  =     11086.4469  VIRIAL  =      9613.0177  VOLUME     =    416994.8829
                                                    Density    =         1.0178
 ------------------------------------------------------------------------------

wrapping first mol.:       27.18111       38.43990       66.57985
wrapping first mol.:       27.18111       38.43990       66.57985

 NSTEP =    32500   TIME(PS) =    2605.000  TEMP(K) =   298.64  PRESS =   -47.8
 Etot   =   -100188.6248  EKtot   =     25459.7656  EPtot      =   -125648.3904
 BOND   =       877.8284  ANGLE   =      2346.6203  DIHED      =      3496.4048
 1-4 NB =       999.3846  1-4 EEL =     12220.8385  VDWAALS    =     15125.4190
 EELEC  =   -160747.7717  EHBOND  =         0.0000  RESTRAINT  =        32.8856
 EAMBER (non-restraint)  =   -125681.2760
 EKCMT  =     11158.3796  VIRIAL  =     11589.3922  VOLUME     =    417393.2034
                                                    Density    =         1.0169
 ------------------------------------------------------------------------------

wrapping first mol.:       27.17247       38.42768       66.55869
wrapping first mol.:       27.17247       38.42768       66.55869

 NSTEP =    33000   TIME(PS) =    2606.000  TEMP(K) =   299.13  PRESS =    26.3
 Etot   =   -100271.8124  EKtot   =     25501.8906  EPtot      =   -125773.7030
 BOND   =       888.8144  ANGLE   =      2314.7938  DIHED      =      3497.5440
 1-4 NB =       991.2178  1-4 EEL =     12173.8627  VDWAALS    =     15002.2269
 EELEC  =   -160672.3733  EHBOND  =         0.0000  RESTRAINT  =        30.2106
 EAMBER (non-restraint)  =   -125803.9137
 EKCMT  =     11127.0666  VIRIAL  =     10890.1094  VOLUME     =    416992.4403
                                                    Density    =         1.0178
 ------------------------------------------------------------------------------

wrapping first mol.:       27.17200       38.42701       66.55753
wrapping first mol.:       27.17200       38.42701       66.55753

 NSTEP =    33500   TIME(PS) =    2607.000  TEMP(K) =   299.33  PRESS =   322.1
 Etot   =   -100150.5528  EKtot   =     25519.0469  EPtot      =   -125669.5997
 BOND   =       866.5878  ANGLE   =      2293.3383  DIHED      =      3464.5403
 1-4 NB =      1012.3120  1-4 EEL =     12209.6866  VDWAALS    =     14941.8349
 EELEC  =   -160492.1667  EHBOND  =         0.0000  RESTRAINT  =        34.2670
 EAMBER (non-restraint)  =   -125703.8667
 EKCMT  =     11191.9275  VIRIAL  =      8292.1736  VOLUME     =    416959.7164
                                                    Density    =         1.0179
 ------------------------------------------------------------------------------

wrapping first mol.:       27.18555       38.44617       66.59071
wrapping first mol.:       27.18555       38.44617       66.59071

 NSTEP =    34000   TIME(PS) =    2608.000  TEMP(K) =   299.12  PRESS =   161.1
 Etot   =    -99822.6196  EKtot   =     25500.6465  EPtot      =   -125323.2661
 BOND   =       848.0931  ANGLE   =      2369.9059  DIHED      =      3510.8186
 1-4 NB =      1023.9420  1-4 EEL =     12267.0304  VDWAALS    =     14882.4900
 EELEC  =   -160257.2312  EHBOND  =         0.0000  RESTRAINT  =        31.6851
 EAMBER (non-restraint)  =   -125354.9512
 EKCMT  =     11054.0740  VIRIAL  =      9601.2435  VOLUME     =    417589.6562
                                                    Density    =         1.0164
 ------------------------------------------------------------------------------

wrapping first mol.:       27.16957       38.42357       66.55156
wrapping first mol.:       27.16957       38.42357       66.55156

 NSTEP =    34500   TIME(PS) =    2609.000  TEMP(K) =   301.56  PRESS =    -1.4
 Etot   =    -99891.5695  EKtot   =     25709.3477  EPtot      =   -125600.9171
 BOND   =       904.3537  ANGLE   =      2440.1083  DIHED      =      3469.7402
 1-4 NB =      1013.1376  1-4 EEL =     12210.1797  VDWAALS    =     15161.5741
 EELEC  =   -160833.8204  EHBOND  =         0.0000  RESTRAINT  =        33.8098
 EAMBER (non-restraint)  =   -125634.7269
 EKCMT  =     11189.2082  VIRIAL  =     11201.5645  VOLUME     =    416859.6287
                                                    Density    =         1.0182
 ------------------------------------------------------------------------------

wrapping first mol.:       27.16583       38.41828       66.54241
wrapping first mol.:       27.16583       38.41828       66.54241

 NSTEP =    35000   TIME(PS) =    2610.000  TEMP(K) =   301.47  PRESS =    69.3
 Etot   =    -99636.2151  EKtot   =     25701.1641  EPtot      =   -125337.3792
 BOND   =       847.0786  ANGLE   =      2365.7133  DIHED      =      3491.9508
 1-4 NB =      1033.9186  1-4 EEL =     12240.6630  VDWAALS    =     14898.4066
 EELEC  =   -160247.1973  EHBOND  =         0.0000  RESTRAINT  =        32.0872
 EAMBER (non-restraint)  =   -125369.4664
 EKCMT  =     11207.2802  VIRIAL  =     10583.8442  VOLUME     =    416685.0680
                                                    Density    =         1.0186
 ------------------------------------------------------------------------------

wrapping first mol.:       27.18011       38.43848       66.57739
wrapping first mol.:       27.18011       38.43848       66.57739

 NSTEP =    35500   TIME(PS) =    2611.000  TEMP(K) =   302.12  PRESS =   -33.8
 Etot   =    -99773.8665  EKtot   =     25756.4453  EPtot      =   -125530.3118
 BOND   =       847.9408  ANGLE   =      2356.9211  DIHED      =      3513.9653
 1-4 NB =      1000.7214  1-4 EEL =     12275.3895  VDWAALS    =     15035.2720
 EELEC  =   -160591.8204  EHBOND  =         0.0000  RESTRAINT  =        31.2985
 EAMBER (non-restraint)  =   -125561.6103
 EKCMT  =     11300.8363  VIRIAL  =     11605.7939  VOLUME     =    417346.2809
                                                    Density    =         1.0170
 ------------------------------------------------------------------------------

wrapping first mol.:       27.18467       38.44493       66.58857
wrapping first mol.:       27.18467       38.44493       66.58857

 NSTEP =    36000   TIME(PS) =    2612.000  TEMP(K) =   298.54  PRESS =  -143.5
 Etot   =   -100398.7637  EKtot   =     25451.9004  EPtot      =   -125850.6641
 BOND   =       911.0354  ANGLE   =      2301.0412  DIHED      =      3542.3235
 1-4 NB =      1025.0974  1-4 EEL =     12229.3451  VDWAALS    =     14886.8289
 EELEC  =   -160777.1729  EHBOND  =         0.0000  RESTRAINT  =        30.8372
 EAMBER (non-restraint)  =   -125881.5013
 EKCMT  =     11050.8856  VIRIAL  =     12344.4100  VOLUME     =    417560.7102
                                                    Density    =         1.0164
 ------------------------------------------------------------------------------

wrapping first mol.:       27.17711       38.43424       66.57005
wrapping first mol.:       27.17711       38.43424       66.57005

 NSTEP =    36500   TIME(PS) =    2613.000  TEMP(K) =   300.59  PRESS =   -23.5
 Etot   =    -99910.1122  EKtot   =     25626.6406  EPtot      =   -125536.7528
 BOND   =       865.9947  ANGLE   =      2320.4157  DIHED      =      3488.6763
 1-4 NB =      1019.1213  1-4 EEL =     12214.2327  VDWAALS    =     15000.1074
 EELEC  =   -160477.7495  EHBOND  =         0.0000  RESTRAINT  =        32.4484
 EAMBER (non-restraint)  =   -125569.2012
 EKCMT  =     11250.4347  VIRIAL  =     11462.0719  VOLUME     =    417207.9960
                                                    Density    =         1.0173
 ------------------------------------------------------------------------------

wrapping first mol.:       27.17469       38.43081       66.56411
wrapping first mol.:       27.17469       38.43081       66.56411

 NSTEP =    37000   TIME(PS) =    2614.000  TEMP(K) =   300.07  PRESS =   -92.8
 Etot   =   -100428.9154  EKtot   =     25582.2930  EPtot      =   -126011.2084
 BOND   =       821.9393  ANGLE   =      2338.1806  DIHED      =      3486.9145
 1-4 NB =      1024.8382  1-4 EEL =     12211.5556  VDWAALS    =     15024.9341
 EELEC  =   -160951.9359  EHBOND  =         0.0000  RESTRAINT  =        32.3653
 EAMBER (non-restraint)  =   -126043.5737
 EKCMT  =     11164.5182  VIRIAL  =     12000.3328  VOLUME     =    417098.9069
                                                    Density    =         1.0176
 ------------------------------------------------------------------------------

wrapping first mol.:       27.17254       38.42777       66.55884
wrapping first mol.:       27.17254       38.42777       66.55884

 NSTEP =    37500   TIME(PS) =    2615.000  TEMP(K) =   296.71  PRESS =    25.6
 Etot   =   -100110.8432  EKtot   =     25295.2246  EPtot      =   -125406.0678
 BOND   =       843.2258  ANGLE   =      2356.1687  DIHED      =      3511.2894
 1-4 NB =      1032.4898  1-4 EEL =     12250.3587  VDWAALS    =     15024.1886
 EELEC  =   -160456.8693  EHBOND  =         0.0000  RESTRAINT  =        33.0805
 EAMBER (non-restraint)  =   -125439.1482
 EKCMT  =     11006.9027  VIRIAL  =     10776.6003  VOLUME     =    416995.4204
                                                    Density    =         1.0178
 ------------------------------------------------------------------------------

wrapping first mol.:       27.17020       38.42446       66.55312
wrapping first mol.:       27.17020       38.42446       66.55312

 NSTEP =    38000   TIME(PS) =    2616.000  TEMP(K) =   297.81  PRESS =  -143.7
 Etot   =   -100387.7640  EKtot   =     25389.5625  EPtot      =   -125777.3265
 BOND   =       861.7456  ANGLE   =      2343.6992  DIHED      =      3505.1660
 1-4 NB =      1024.1205  1-4 EEL =     12212.1745  VDWAALS    =     14920.3084
 EELEC  =   -160678.5875  EHBOND  =         0.0000  RESTRAINT  =        34.0468
 EAMBER (non-restraint)  =   -125811.3733
 EKCMT  =     10989.2581  VIRIAL  =     12282.9652  VOLUME     =    416894.0839
                                                    Density    =         1.0181
 ------------------------------------------------------------------------------

wrapping first mol.:       27.16389       38.41554       66.53767
wrapping first mol.:       27.16389       38.41554       66.53767

 NSTEP =    38500   TIME(PS) =    2617.000  TEMP(K) =   301.41  PRESS =   -44.2
 Etot   =   -100187.4818  EKtot   =     25696.1270  EPtot      =   -125883.6088
 BOND   =       808.8133  ANGLE   =      2293.8059  DIHED      =      3505.6056
 1-4 NB =      1033.5793  1-4 EEL =     12262.9412  VDWAALS    =     14858.4653
 EELEC  =   -160678.3498  EHBOND  =         0.0000  RESTRAINT  =        31.5306
 EAMBER (non-restraint)  =   -125915.1394
 EKCMT  =     11152.1812  VIRIAL  =     11549.9198  VOLUME     =    416600.1757
                                                    Density    =         1.0188
 ------------------------------------------------------------------------------

wrapping first mol.:       27.16642       38.41912       66.54386
wrapping first mol.:       27.16642       38.41912       66.54386

 NSTEP =    39000   TIME(PS) =    2618.000  TEMP(K) =   302.42  PRESS =  -101.1
 Etot   =   -100217.3099  EKtot   =     25782.2246  EPtot      =   -125999.5345
 BOND   =       844.3759  ANGLE   =      2241.7340  DIHED      =      3479.8798
 1-4 NB =      1064.1519  1-4 EEL =     12246.5337  VDWAALS    =     14832.5486
 EELEC  =   -160740.5317  EHBOND  =         0.0000  RESTRAINT  =        31.7735
 EAMBER (non-restraint)  =   -126031.3080
 EKCMT  =     11205.7151  VIRIAL  =     12115.3522  VOLUME     =    416718.5730
                                                    Density    =         1.0185
 ------------------------------------------------------------------------------

wrapping first mol.:       27.17467       38.43079       66.56408
wrapping first mol.:       27.17467       38.43079       66.56408

 NSTEP =    39500   TIME(PS) =    2619.000  TEMP(K) =   303.63  PRESS =    25.4
 Etot   =    -99785.8456  EKtot   =     25885.2969  EPtot      =   -125671.1425
 BOND   =       837.2510  ANGLE   =      2329.8208  DIHED      =      3496.0430
 1-4 NB =      1018.6725  1-4 EEL =     12267.9857  VDWAALS    =     14967.9185
 EELEC  =   -160623.4700  EHBOND  =         0.0000  RESTRAINT  =        34.6360
 EAMBER (non-restraint)  =   -125705.7785
 EKCMT  =     11306.7837  VIRIAL  =     11078.2181  VOLUME     =    417093.8412
                                                    Density    =         1.0176
 ------------------------------------------------------------------------------

wrapping first mol.:       27.15880       38.40834       66.52519
wrapping first mol.:       27.15880       38.40834       66.52519

 NSTEP =    40000   TIME(PS) =    2620.000  TEMP(K) =   301.17  PRESS =  -195.3
 Etot   =   -100307.5465  EKtot   =     25676.1387  EPtot      =   -125983.6852
 BOND   =       829.8838  ANGLE   =      2359.2689  DIHED      =      3499.4098
 1-4 NB =      1020.4659  1-4 EEL =     12202.7044  VDWAALS    =     14995.4753
 EELEC  =   -160926.2363  EHBOND  =         0.0000  RESTRAINT  =        35.3429
 EAMBER (non-restraint)  =   -126019.0281
 EKCMT  =     11148.1353  VIRIAL  =     12903.7292  VOLUME     =    416371.4719
                                                    Density    =         1.0193
 ------------------------------------------------------------------------------

wrapping first mol.:       27.16084       38.41122       66.53018
wrapping first mol.:       27.16084       38.41122       66.53018

 NSTEP =    40500   TIME(PS) =    2621.000  TEMP(K) =   298.10  PRESS =   -38.4
 Etot   =   -100324.9920  EKtot   =     25414.2559  EPtot      =   -125739.2479
 BOND   =       862.6236  ANGLE   =      2353.1594  DIHED      =      3498.6423
 1-4 NB =      1024.5319  1-4 EEL =     12176.9692  VDWAALS    =     14910.7479
 EELEC  =   -160600.5335  EHBOND  =         0.0000  RESTRAINT  =        34.6113
 EAMBER (non-restraint)  =   -125773.8592
 EKCMT  =     11055.5125  VIRIAL  =     11400.3874  VOLUME     =    416459.3593
                                                    Density    =         1.0191
 ------------------------------------------------------------------------------

wrapping first mol.:       27.15785       38.40700       66.52287
wrapping first mol.:       27.15785       38.40700       66.52287

 NSTEP =    41000   TIME(PS) =    2622.000  TEMP(K) =   300.65  PRESS =   -42.5
 Etot   =   -100270.7227  EKtot   =     25631.2969  EPtot      =   -125902.0196
 BOND   =       876.5830  ANGLE   =      2324.1350  DIHED      =      3471.2845
 1-4 NB =      1010.1822  1-4 EEL =     12174.8899  VDWAALS    =     14812.6808
 EELEC  =   -160601.7546  EHBOND  =         0.0000  RESTRAINT  =        29.9797
 EAMBER (non-restraint)  =   -125931.9993
 EKCMT  =     11093.1076  VIRIAL  =     11475.5819  VOLUME     =    416322.1535
                                                    Density    =         1.0195
 ------------------------------------------------------------------------------

wrapping first mol.:       27.15200       38.39872       66.50854
wrapping first mol.:       27.15200       38.39872       66.50854

 NSTEP =    41500   TIME(PS) =    2623.000  TEMP(K) =   301.25  PRESS =    76.5
 Etot   =   -100071.3474  EKtot   =     25682.9062  EPtot      =   -125754.2537
 BOND   =       808.1852  ANGLE   =      2406.4139  DIHED      =      3503.5566
 1-4 NB =      1055.0955  1-4 EEL =     12220.4213  VDWAALS    =     14953.2591
 EELEC  =   -160734.6921  EHBOND  =         0.0000  RESTRAINT  =        33.5069
 EAMBER (non-restraint)  =   -125787.7605
 EKCMT  =     11234.2070  VIRIAL  =     10546.7585  VOLUME     =    416048.7466
                                                    Density    =         1.0201
 ------------------------------------------------------------------------------

wrapping first mol.:       27.15034       38.39638       66.50447
wrapping first mol.:       27.15034       38.39638       66.50447

 NSTEP =    42000   TIME(PS) =    2624.000  TEMP(K) =   297.45  PRESS =  -105.2
 Etot   =   -100373.5225  EKtot   =     25358.6426  EPtot      =   -125732.1651
 BOND   =       825.4495  ANGLE   =      2321.4449  DIHED      =      3535.3130
 1-4 NB =      1029.7048  1-4 EEL =     12226.3488  VDWAALS    =     14767.7184
 EELEC  =   -160471.0456  EHBOND  =         0.0000  RESTRAINT  =        32.9011
 EAMBER (non-restraint)  =   -125765.0662
 EKCMT  =     10977.1037  VIRIAL  =     11921.9777  VOLUME     =    415979.2264
                                                    Density    =         1.0203
 ------------------------------------------------------------------------------

wrapping first mol.:       27.16611       38.41869       66.54311
wrapping first mol.:       27.16611       38.41869       66.54311

 NSTEP =    42500   TIME(PS) =    2625.000  TEMP(K) =   302.91  PRESS =    30.8
 Etot   =    -99791.8966  EKtot   =     25824.0859  EPtot      =   -125615.9826
 BOND   =       839.5904  ANGLE   =      2443.2965  DIHED      =      3484.6828
 1-4 NB =      1040.0150  1-4 EEL =     12238.1356  VDWAALS    =     15138.3834
 EELEC  =   -160833.0542  EHBOND  =         0.0000  RESTRAINT  =        32.9680
 EAMBER (non-restraint)  =   -125648.9506
 EKCMT  =     11252.5297  VIRIAL  =     10975.1941  VOLUME     =    416699.6216
                                                    Density    =         1.0185
 ------------------------------------------------------------------------------

wrapping first mol.:       27.16244       38.41349       66.53411
wrapping first mol.:       27.16244       38.41349       66.53411

 NSTEP =    43000   TIME(PS) =    2626.000  TEMP(K) =   302.45  PRESS =   142.1
 Etot   =    -99805.8575  EKtot   =     25785.1094  EPtot      =   -125590.9669
 BOND   =       877.7415  ANGLE   =      2283.2213  DIHED      =      3490.2873
 1-4 NB =      1015.3548  1-4 EEL =     12250.9443  VDWAALS    =     14661.4160
 EELEC  =   -160202.5166  EHBOND  =         0.0000  RESTRAINT  =        32.5845
 EAMBER (non-restraint)  =   -125623.5514
 EKCMT  =     11287.5365  VIRIAL  =     10009.3660  VOLUME     =    416526.3239
                                                    Density    =         1.0190
 ------------------------------------------------------------------------------

wrapping first mol.:       27.17331       38.42886       66.56073
wrapping first mol.:       27.17331       38.42886       66.56073

 NSTEP =    43500   TIME(PS) =    2627.000  TEMP(K) =   300.29  PRESS =    13.1
 Etot   =    -99895.9197  EKtot   =     25600.3594  EPtot      =   -125496.2791
 BOND   =       897.6551  ANGLE   =      2279.4278  DIHED      =      3485.9515
 1-4 NB =      1025.7915  1-4 EEL =     12215.9196  VDWAALS    =     14924.9053
 EELEC  =   -160358.8625  EHBOND  =         0.0000  RESTRAINT  =        32.9326
 EAMBER (non-restraint)  =   -125529.2117
 EKCMT  =     11124.2028  VIRIAL  =     11005.7980  VOLUME     =    417031.4193
                                                    Density    =         1.0177
 ------------------------------------------------------------------------------

wrapping first mol.:       27.17201       38.42702       66.55755
wrapping first mol.:       27.17201       38.42702       66.55755

 NSTEP =    44000   TIME(PS) =    2628.000  TEMP(K) =   296.44  PRESS =  -259.8
 Etot   =   -100348.5164  EKtot   =     25272.9414  EPtot      =   -125621.4578
 BOND   =       786.9130  ANGLE   =      2344.5886  DIHED      =      3485.0485
 1-4 NB =      1054.8131  1-4 EEL =     12261.5134  VDWAALS    =     14611.3731
 EELEC  =   -160197.6640  EHBOND  =         0.0000  RESTRAINT  =        31.9565
 EAMBER (non-restraint)  =   -125653.4143
 EKCMT  =     10915.2572  VIRIAL  =     13253.8809  VOLUME     =    416981.7699
                                                    Density    =         1.0179
 ------------------------------------------------------------------------------

wrapping first mol.:       27.16122       38.41176       66.53112
wrapping first mol.:       27.16122       38.41176       66.53112

 NSTEP =    44500   TIME(PS) =    2629.000  TEMP(K) =   297.70  PRESS =  -206.7
 Etot   =   -100395.4145  EKtot   =     25380.0430  EPtot      =   -125775.4575
 BOND   =       818.8593  ANGLE   =      2408.1436  DIHED      =      3512.2927
 1-4 NB =      1027.4448  1-4 EEL =     12229.3931  VDWAALS    =     14906.8444
 EELEC  =   -160712.5497  EHBOND  =         0.0000  RESTRAINT  =        34.1142
 EAMBER (non-restraint)  =   -125809.5717
 EKCMT  =     11088.5129  VIRIAL  =     12947.5351  VOLUME     =    416483.1666
                                                    Density    =         1.0191
 ------------------------------------------------------------------------------

wrapping first mol.:       27.16938       38.42331       66.55111
wrapping first mol.:       27.16938       38.42331       66.55111

 NSTEP =    45000   TIME(PS) =    2630.000  TEMP(K) =   300.42  PRESS =   -12.8
 Etot   =   -100197.6136  EKtot   =     25612.0273  EPtot      =   -125809.6409
 BOND   =       881.1364  ANGLE   =      2309.1467  DIHED      =      3498.5415
 1-4 NB =       988.3458  1-4 EEL =     12241.5463  VDWAALS    =     15054.9454
 EELEC  =   -160813.5437  EHBOND  =         0.0000  RESTRAINT  =        30.2408
 EAMBER (non-restraint)  =   -125839.8817
 EKCMT  =     11034.9220  VIRIAL  =     11150.1506  VOLUME     =    416851.5920
                                                    Density    =         1.0182
 ------------------------------------------------------------------------------

wrapping first mol.:       27.17826       38.43586       66.57286
wrapping first mol.:       27.17826       38.43586       66.57286

 NSTEP =    45500   TIME(PS) =    2631.000  TEMP(K) =   298.31  PRESS =    45.9
 Etot   =   -100450.5818  EKtot   =     25431.7578  EPtot      =   -125882.3396
 BOND   =       853.3018  ANGLE   =      2295.4089  DIHED      =      3520.7871
 1-4 NB =      1050.3143  1-4 EEL =     12235.9154  VDWAALS    =     14884.6548
 EELEC  =   -160753.1419  EHBOND  =         0.0000  RESTRAINT  =        30.4201
 EAMBER (non-restraint)  =   -125912.7597
 EKCMT  =     11154.0536  VIRIAL  =     10740.2300  VOLUME     =    417258.2518
                                                    Density    =         1.0172
 ------------------------------------------------------------------------------

wrapping first mol.:       27.17139       38.42614       66.55603
wrapping first mol.:       27.17139       38.42614       66.55603

 NSTEP =    46000   TIME(PS) =    2632.000  TEMP(K) =   299.74  PRESS =   104.7
 Etot   =   -100402.9129  EKtot   =     25553.9414  EPtot      =   -125956.8543
 BOND   =       832.7634  ANGLE   =      2385.1966  DIHED      =      3485.6583
 1-4 NB =      1008.9402  1-4 EEL =     12210.5876  VDWAALS    =     14947.6970
 EELEC  =   -160853.5791  EHBOND  =         0.0000  RESTRAINT  =        25.8817
 EAMBER (non-restraint)  =   -125982.7360
 EKCMT  =     11128.5240  VIRIAL  =     10185.9908  VOLUME     =    416939.6209
                                                    Density    =         1.0180
 ------------------------------------------------------------------------------

wrapping first mol.:       27.15426       38.40192       66.51406
wrapping first mol.:       27.15426       38.40192       66.51406

 NSTEP =    46500   TIME(PS) =    2633.000  TEMP(K) =   301.15  PRESS =  -143.8
 Etot   =   -100357.1501  EKtot   =     25673.7500  EPtot      =   -126030.9001
 BOND   =       858.4247  ANGLE   =      2378.8307  DIHED      =      3519.0106
 1-4 NB =      1001.8482  1-4 EEL =     12240.8332  VDWAALS    =     15057.6608
 EELEC  =   -161116.4643  EHBOND  =         0.0000  RESTRAINT  =        28.9560
 EAMBER (non-restraint)  =   -126059.8561
 EKCMT  =     11156.7429  VIRIAL  =     12448.7947  VOLUME     =    416160.6593
                                                    Density    =         1.0199
 ------------------------------------------------------------------------------

wrapping first mol.:       27.17275       38.42808       66.55937
wrapping first mol.:       27.17275       38.42808       66.55937

 NSTEP =    47000   TIME(PS) =    2634.000  TEMP(K) =   300.15  PRESS =   118.6
 Etot   =   -100124.0517  EKtot   =     25588.6289  EPtot      =   -125712.6806
 BOND   =       862.9287  ANGLE   =      2339.4687  DIHED      =      3537.0761
 1-4 NB =      1036.5866  1-4 EEL =     12203.1191  VDWAALS    =     15286.8125
 EELEC  =   -161011.0899  EHBOND  =         0.0000  RESTRAINT  =        32.4176
 EAMBER (non-restraint)  =   -125745.0982
 EKCMT  =     11219.7827  VIRIAL  =     10152.1589  VOLUME     =    417001.9505
                                                    Density    =         1.0178
 ------------------------------------------------------------------------------

wrapping first mol.:       27.17591       38.43255       66.56712
wrapping first mol.:       27.17591       38.43255       66.56712

 NSTEP =    47500   TIME(PS) =    2635.000  TEMP(K) =   298.14  PRESS =   -42.5
 Etot   =   -100066.8005  EKtot   =     25417.2871  EPtot      =   -125484.0876
 BOND   =       920.8202  ANGLE   =      2353.7431  DIHED      =      3487.3282
 1-4 NB =      1001.0667  1-4 EEL =     12211.8497  VDWAALS    =     14857.1630
 EELEC  =   -160348.4758  EHBOND  =         0.0000  RESTRAINT  =        32.4172
 EAMBER (non-restraint)  =   -125516.5049
 EKCMT  =     11144.7438  VIRIAL  =     11527.3443  VOLUME     =    417153.4687
                                                    Density    =         1.0174
 ------------------------------------------------------------------------------

wrapping first mol.:       27.19523       38.45987       66.61444
wrapping first mol.:       27.19523       38.45987       66.61444

 NSTEP =    48000   TIME(PS) =    2636.000  TEMP(K) =   298.93  PRESS =  -195.8
 Etot   =   -100032.1870  EKtot   =     25484.9219  EPtot      =   -125517.1089
 BOND   =       848.0296  ANGLE   =      2344.5903  DIHED      =      3497.8736
 1-4 NB =      1023.3705  1-4 EEL =     12231.7309  VDWAALS    =     14811.0096
 EELEC  =   -160301.8796  EHBOND  =         0.0000  RESTRAINT  =        28.1662
 EAMBER (non-restraint)  =   -125545.2750
 EKCMT  =     11145.5800  VIRIAL  =     12913.0331  VOLUME     =    418049.4504
                                                    Density    =         1.0153
 ------------------------------------------------------------------------------

wrapping first mol.:       27.18475       38.44504       66.58876
wrapping first mol.:       27.18475       38.44504       66.58876

 NSTEP =    48500   TIME(PS) =    2637.000  TEMP(K) =   301.85  PRESS =   -67.8
 Etot   =    -99666.3601  EKtot   =     25733.9961  EPtot      =   -125400.3562
 BOND   =       832.3071  ANGLE   =      2301.4742  DIHED      =      3534.2999
 1-4 NB =      1031.3045  1-4 EEL =     12206.0924  VDWAALS    =     14991.1325
 EELEC  =   -160327.2105  EHBOND  =         0.0000  RESTRAINT  =        30.2437
 EAMBER (non-restraint)  =   -125430.5999
 EKCMT  =     11276.0844  VIRIAL  =     11887.2326  VOLUME     =    417561.5494
                                                    Density    =         1.0164
 ------------------------------------------------------------------------------

wrapping first mol.:       27.19372       38.45772       66.61073
wrapping first mol.:       27.19372       38.45772       66.61073

 NSTEP =    49000   TIME(PS) =    2638.000  TEMP(K) =   297.45  PRESS =    94.1
 Etot   =   -100495.3305  EKtot   =     25358.5137  EPtot      =   -125853.8442
 BOND   =       863.3255  ANGLE   =      2323.3399  DIHED      =      3461.8400
 1-4 NB =      1026.0653  1-4 EEL =     12222.8336  VDWAALS    =     14942.2818
 EELEC  =   -160725.4493  EHBOND  =         0.0000  RESTRAINT  =        31.9191
 EAMBER (non-restraint)  =   -125885.7633
 EKCMT  =     11020.8019  VIRIAL  =     10171.9563  VOLUME     =    417968.8180
                                                    Density    =         1.0155
 ------------------------------------------------------------------------------

wrapping first mol.:       27.19374       38.45775       66.61077
wrapping first mol.:       27.19374       38.45775       66.61077

 NSTEP =    49500   TIME(PS) =    2639.000  TEMP(K) =   299.01  PRESS =   -80.2
 Etot   =   -100065.7510  EKtot   =     25491.8594  EPtot      =   -125557.6104
 BOND   =       892.8499  ANGLE   =      2392.5158  DIHED      =      3495.8085
 1-4 NB =      1038.4051  1-4 EEL =     12209.9963  VDWAALS    =     15039.1374
 EELEC  =   -160652.6931  EHBOND  =         0.0000  RESTRAINT  =        26.3698
 EAMBER (non-restraint)  =   -125583.9801
 EKCMT  =     11075.4313  VIRIAL  =     11799.0276  VOLUME     =    417976.1591
                                                    Density    =         1.0154
 ------------------------------------------------------------------------------

wrapping first mol.:       27.18172       38.44076       66.58135
wrapping first mol.:       27.18172       38.44076       66.58135

 NSTEP =    50000   TIME(PS) =    2640.000  TEMP(K) =   299.10  PRESS =    85.7
 Etot   =   -100241.3937  EKtot   =     25499.5234  EPtot      =   -125740.9171
 BOND   =       859.8755  ANGLE   =      2346.6204  DIHED      =      3526.3264
 1-4 NB =      1021.1469  1-4 EEL =     12207.1044  VDWAALS    =     14966.7310
 EELEC  =   -160701.1414  EHBOND  =         0.0000  RESTRAINT  =        32.4196
 EAMBER (non-restraint)  =   -125773.3368
 EKCMT  =     11194.9880  VIRIAL  =     10422.6444  VOLUME     =    417416.3395
                                                    Density    =         1.0168
 ------------------------------------------------------------------------------


      A V E R A G E S   O V E R     100 S T E P S


 NSTEP =    50000   TIME(PS) =    2640.000  TEMP(K) =   300.12  PRESS =   -16.7
 Etot   =   -100093.7679  EKtot   =     25586.1079  EPtot      =   -125679.8758
 BOND   =       854.2606  ANGLE   =      2342.1482  DIHED      =      3500.3856
 1-4 NB =      1026.0016  1-4 EEL =     12216.8445  VDWAALS    =     14924.2182
 EELEC  =   -160574.1534  EHBOND  =         0.0000  RESTRAINT  =        30.4189
 EAMBER (non-restraint)  =   -125710.2946
 EKCMT  =     11145.6958  VIRIAL  =     11296.1470  VOLUME     =    416968.0433
                                                    Density    =         1.0179
 ------------------------------------------------------------------------------


      R M S  F L U C T U A T I O N S


 NSTEP =    50000   TIME(PS) =    2640.000  TEMP(K) =     1.59  PRESS =   123.0
 Etot   =       227.8239  EKtot   =       135.9789  EPtot      =       180.7990
 BOND   =        24.2229  ANGLE   =        36.5727  DIHED      =        21.5551
 1-4 NB =        15.2356  1-4 EEL =        31.4922  VDWAALS    =       156.8830
 EELEC  =       263.7298  EHBOND  =         0.0000  RESTRAINT  =         3.3615
 EAMBER (non-restraint)  =       177.4376
 EKCMT  =        86.0115  VIRIAL  =      1112.0253  VOLUME     =       498.4998
                                                    Density    =         0.0012
 ------------------------------------------------------------------------------

--------------------------------------------------------------------------------
   5.  TIMINGS
--------------------------------------------------------------------------------

|  NonSetup CPU Time in Major Routines:
|
|     Routine           Sec        %
|     ------------------------------
|     Nonbond         240.32   88.74
|     Bond              0.00    0.00
|     Angle             0.00    0.00
|     Dihedral          0.00    0.00
|     Shake             0.33    0.12
|     RunMD            30.15   11.13
|     Other             0.03    0.01
|     ------------------------------
|     Total           270.83

|  PME Nonbond Pairlist CPU Time:
|
|     Routine              Sec        %
|     ---------------------------------
|     Set Up Cit           0.00    0.00
|     Build List           0.00    0.00
|     ---------------------------------
|     Total                0.00    0.00

|  PME Direct Force CPU Time:
|
|     Routine              Sec        %
|     ---------------------------------
|     NonBonded Calc       0.00    0.00
|     Exclude Masked       0.00    0.00
|     Other                0.01    0.00
|     ---------------------------------
|     Total                0.01    0.00

|  PME Reciprocal Force CPU Time:
|
|     Routine              Sec        %
|     ---------------------------------
|     1D bspline           0.00    0.00
|     Grid Charges         0.00    0.00
|     Scalar Sum           0.00    0.00
|     Gradient Sum         0.00    0.00
|     FFT                  0.00    0.00
|     ---------------------------------
|     Total                0.00    0.00

|  Final Performance Info:
|     -----------------------------------------------------
|     Average timings for last    3000 steps:
|     Elapsed(s) =      16.19 Per Step(ms) =       5.40
|         ns/day =      32.01   seconds/ns =    2699.02
|
|     Average timings for all steps:
|     Elapsed(s) =     440.89 Per Step(ms) =       8.82
|         ns/day =      19.60   seconds/ns =    4408.89
|     -----------------------------------------------------

|  Setup CPU time:            0.65 seconds
|  NonSetup CPU time:       270.83 seconds
|  Total CPU time:          271.48 seconds     0.08 hours

|  Setup wall time:           1    seconds
|  NonSetup wall time:      441    seconds
|  Total wall time:         442    seconds     0.12 hours
