
          -------------------------------------------------------
          Amber 16 PMEMD                              2016
          -------------------------------------------------------

| PMEMD implementation of SANDER, Release 16

| Run on 11/03/2016 at 19:55:19

|   Executable path: pmemd.cuda
| Working directory: /home/german/exs/run/1m14/mhe/e
|          Hostname: Unknown
  [-O]verwriting output

File Assignments:
|   MDIN: 27equ.in                                                              
|  MDOUT: 27equ.out                                                             
| INPCRD: 26e1m14.rst7                                                          
|   PARM: 1m14.prmtop                                                           
| RESTRT: 27e1m14.rst7                                                          
|   REFC: 26e1m14.rst7                                                          
|  MDVEL: mdvel                                                                 
|   MDEN: mden                                                                  
|  MDCRD: 27e1m14.nc                                                            
| MDINFO: mdinfo                                                                
|  MDFRC: mdfrc                                                                 


 Here is the input file:

Equilibration with solute restrictions                                         
&cntrl                                                                         
imin = 0,                           ! No Minimization                          
nmropt = 0,                         ! No NMR restraints read                   
                                                                               
! Nature and format of the input                                               
ntx = 5,                            ! Coordinates but no velocities will be rea
irest = 1,                          ! Do not run a new simulation              
                                                                               
! Nature and format of the output                                              
ntxo = 1,                           ! rstrt file in ASCII format               
ntpr = 500,                         ! inf in output every ntpr steps           
ntwr = 500,                         ! rstrt file every ntwr steps              
ntwx = 500,                         ! mdcrd file every ntwx steps              
ntwv = 0,                           ! mdvel without velocities                 
ntwe = 0,                           ! Energies and temperatures not written in 
idecomp = 0,                        ! No energy decomposition                  
iwrap = 1,                          ! Coordinates of the restart and mdcrd file
                                                                               
! Frozen or restrained atoms                                                   
ibelly = 0,                         ! No frozen atoms                          
ntr=1,                              ! Harmonic potential restraints            
restraint_wt = 0.0,                ! The weight for the positional restraints  
restraintmask = ':1-277@N,CA,C,O',  ! restrained residues                      
                                                                               
! Molecular dynamics                                                           
nstlim = 50000,                     ! Number of MD-steps                       
dt = 0.002,                         ! Time step                                
                                                                               
! Temperature regulation                                                       
ntt = 3,                            ! Langevin thermostat                      
gamma_ln = 5,                       ! Gamma constant for Langevin              
!temp0 = 300.0,                     ! Reference T at which the system is to be 
tempi = 300.0,                      ! Initial T                                
ig = -1,                            ! Seed for the RNG                         
                                                                               
! P and V regulation                                                           
ntp = 1,                            ! Constant P. Isotropic scaling            
barostat = 1,                       ! Berendsen barostat                       
taup = 1,                           ! Pressure relaxation time                 
nrespa = 1,                         ! Evaluate at each step                    
ntb = 2,                            ! Periodic box for constant P              
                                                                               
! SHAKE variables                                                              
ntc = 2,                            ! Bonds involving H are constrained        
ntf = 2,                            ! Bond interaction involving H are ommited.
                                                                               
cut = 10.0,                         ! Nonbonded cutoff                         
/                                                                              
&end                                                                           


Note: ig = -1. Setting random seed to    40332 based on wallclock time in 
      microseconds.
 
|--------------------- INFORMATION ----------------------
| GPU (CUDA) Version of PMEMD in use: NVIDIA GPU IN USE.
|                    Version 16.0.0
| 
|                      02/25/2016
| 
| Implementation by:
|                    Ross C. Walker     (SDSC)
|                    Scott Le Grand     (nVIDIA)
| 
| Precision model in use:
|      [SPFP] - Single Precision Forces, 64-bit Fixed Point
|               Accumulation. (Default)
| 
|--------------------------------------------------------
 
|----------------- CITATION INFORMATION -----------------
|
|    When publishing work that utilized the CUDA version
|    of AMBER, please cite the following in addition to
|    the regular AMBER citations:
|
|  - Romelia Salomon-Ferrer; Andreas W. Goetz; Duncan
|    Poole; Scott Le Grand; Ross C. Walker "Routine
|    microsecond molecular dynamics simulations with
|    AMBER - Part II: Particle Mesh Ewald", J. Chem.
|    Theory Comput., 2013, 9 (9), pp3878-3888,
|    DOI: 10.1021/ct400314y.
|
|  - Andreas W. Goetz; Mark J. Williamson; Dong Xu;
|    Duncan Poole; Scott Le Grand; Ross C. Walker
|    "Routine microsecond molecular dynamics simulations
|    with AMBER - Part I: Generalized Born", J. Chem.
|    Theory Comput., 2012, 8 (5), pp1542-1555.
|
|  - Scott Le Grand; Andreas W. Goetz; Ross C. Walker
|    "SPFP: Speed without compromise - a mixed precision
|    model for GPU accelerated molecular dynamics
|    simulations.", Comp. Phys. Comm., 2013, 184
|    pp374-380, DOI: 10.1016/j.cpc.2012.09.022
|
|--------------------------------------------------------
 
|------------------- GPU DEVICE INFO --------------------
|
|            CUDA_VISIBLE_DEVICES: 1
|   CUDA Capable Devices Detected:      1
|           CUDA Device ID in use:      0
|                CUDA Device Name: GeForce GTX 1060 6GB
|     CUDA Device Global Mem Size:   6072 MB
| CUDA Device Num Multiprocessors:     10
|           CUDA Device Core Freq:   1.76 GHz
|
|--------------------------------------------------------
 
 
| Conditional Compilation Defines Used:
| PUBFFT
| BINTRAJ
| CUDA
| EMIL

| Largest sphere to fit in unit cell has radius =    33.259

| New format PARM file being parsed.
| Version =    1.000 Date = 11/02/16 Time = 18:58:44

| Note: 1-4 EEL scale factors are being read from the topology file.

| Note: 1-4 VDW scale factors are being read from the topology file.
| Duplicated    0 dihedrals

| Duplicated    0 dihedrals

--------------------------------------------------------------------------------
   1.  RESOURCE   USE: 
--------------------------------------------------------------------------------

 getting new box info from bottom of inpcrd
 NATOM  =   41788 NTYPES =      17 NBONH =   39561 MBONA  =    2274
 NTHETH =    5230 MTHETA =    3076 NPHIH =   10294 MPHIA  =    9773
 NHPARM =       0 NPARM  =       0 NNB   =   74758 NRES   =   12704
 NBONA  =    2274 NTHETA =    3076 NPHIA =    9773 NUMBND =      71
 NUMANG =     161 NPTRA  =     201 NATYP =      37 NPHB   =       1
 IFBOX  =       2 NMXRS  =      24 IFCAP =       0 NEXTRA =       0
 NCOPY  =       0

| Coordinate Index Table dimensions:    13   13   13
| Direct force subcell size =     6.2668    6.2668    6.2668

     BOX TYPE: TRUNCATED OCTAHEDRON

--------------------------------------------------------------------------------
   2.  CONTROL  DATA  FOR  THE  RUN
--------------------------------------------------------------------------------

default_name                                                                    

General flags:
     imin    =       0, nmropt  =       0

Nature and format of input:
     ntx     =       5, irest   =       1, ntrx    =       1

Nature and format of output:
     ntxo    =       1, ntpr    =     500, ntrx    =       1, ntwr    =     500
     iwrap   =       1, ntwx    =     500, ntwv    =       0, ntwe    =       0
     ioutfm  =       1, ntwprt  =       0, idecomp =       0, rbornstat=      0

Potential function:
     ntf     =       2, ntb     =       2, igb     =       0, nsnb    =      25
     ipol    =       0, gbsa    =       0, iesp    =       0
     dielc   =   1.00000, cut     =  10.00000, intdiel =   1.00000

Frozen or restrained atoms:
     ibelly  =       0, ntr     =       1
     restraint_wt =   0.00000

Molecular dynamics:
     nstlim  =     50000, nscm    =         0, nrespa  =         1
     t       =   0.00000, dt      =   0.00200, vlimit  =  -1.00000

Langevin dynamics temperature regulation:
     ig      =   40332
     temp0   = 300.00000, tempi   = 300.00000, gamma_ln=   5.00000

Pressure regulation:
     ntp     =       1
     pres0   =   1.00000, comp    =  44.60000, taup    =   1.00000

SHAKE:
     ntc     =       2, jfastw  =       0
     tol     =   0.00001

| Intermolecular bonds treatment:
|     no_intermolecular_bonds =       1

| Energy averages sample interval:
|     ene_avg_sampling =     500

Ewald parameters:
     verbose =       0, ew_type =       0, nbflag  =       1, use_pme =       1
     vdwmeth =       1, eedmeth =       1, netfrc  =       1
     Box X =   81.469   Box Y =   81.469   Box Z =   81.469
     Alpha =  109.471   Beta  =  109.471   Gamma =  109.471
     NFFT1 =   84       NFFT2 =   84       NFFT3 =   84
     Cutoff=   10.000   Tol   =0.100E-04
     Ewald Coefficient =  0.27511
     Interpolation order =    4

    LOADING THE CONSTRAINED ATOMS AS GROUPS


   5.  REFERENCE ATOM COORDINATES

  default_name                                                                    
     Mask :1-277@N,CA,C,O; matches  1108 atoms

--------------------------------------------------------------------------------
   3.  ATOMIC COORDINATES AND VELOCITIES
--------------------------------------------------------------------------------

default_name                                                                    
 begin time read from input coords =  2740.000 ps

 
 Number of triangulated 3-point waters found:    12424

     Sum of charges from parm topology file =  -0.00000014
     Forcing neutrality...

| Dynamic Memory, Types Used:
| Reals             1922650
| Integers          1476360

| Nonbonded Pairs Initial Allocation:    12639825

| GPU memory information (estimate):
| KB of GPU memory in use:    333977
| KB of CPU memory in use:     63449

--------------------------------------------------------------------------------
   4.  RESULTS
--------------------------------------------------------------------------------

 ---------------------------------------------------
 APPROXIMATING switch and d/dx switch using CUBIC SPLINE INTERPOLATION
 using   5000.0 points per unit in tabled values
 TESTING RELATIVE ERROR over r ranging from 0.0 to cutoff
| CHECK switch(x): max rel err =   0.2738E-14   at   2.422500
| CHECK d/dx switch(x): max rel err =   0.8314E-11   at   2.736960
 ---------------------------------------------------
|---------------------------------------------------
| APPROXIMATING direct energy using CUBIC SPLINE INTERPOLATION
|  with   50.0 points per unit in tabled values
| Relative Error Limit not exceeded for r .gt.   2.33
| APPROXIMATING direct force using CUBIC SPLINE INTERPOLATION
|  with   50.0 points per unit in tabled values
| Relative Error Limit not exceeded for r .gt.   2.80
|---------------------------------------------------
wrapping first mol.:       27.17187       38.42683       66.55722
wrapping first mol.:       27.17187       38.42683       66.55722

 NSTEP =      500   TIME(PS) =    2741.000  TEMP(K) =   300.08  PRESS =   -42.4
 Etot   =   -100106.6185  EKtot   =     25583.1133  EPtot      =   -125689.7318
 BOND   =       886.5285  ANGLE   =      2382.3221  DIHED      =      3510.8404
 1-4 NB =      1015.1319  1-4 EEL =     12262.6171  VDWAALS    =     15088.7549
 EELEC  =   -160835.9266  EHBOND  =         0.0000  RESTRAINT  =         0.0000
 EKCMT  =     11169.8602  VIRIAL  =     11551.4159  VOLUME     =    416967.4882
                                                    Density    =         1.0179
 ------------------------------------------------------------------------------

wrapping first mol.:       27.17079       38.42530       66.55456
wrapping first mol.:       27.17079       38.42530       66.55456

 NSTEP =     1000   TIME(PS) =    2742.000  TEMP(K) =   300.17  PRESS =   -40.0
 Etot   =   -100341.6182  EKtot   =     25590.8672  EPtot      =   -125932.4854
 BOND   =       849.0608  ANGLE   =      2428.5576  DIHED      =      3502.2703
 1-4 NB =      1045.0155  1-4 EEL =     12202.5750  VDWAALS    =     15151.2211
 EELEC  =   -161111.1856  EHBOND  =         0.0000  RESTRAINT  =         0.0000
 EKCMT  =     11130.7622  VIRIAL  =     11491.1213  VOLUME     =    416917.3908
                                                    Density    =         1.0180
 ------------------------------------------------------------------------------

wrapping first mol.:       27.15802       38.40723       66.52327
wrapping first mol.:       27.15802       38.40723       66.52327

 NSTEP =     1500   TIME(PS) =    2743.000  TEMP(K) =   299.30  PRESS =  -223.6
 Etot   =   -100312.1217  EKtot   =     25516.2969  EPtot      =   -125828.4186
 BOND   =       834.6596  ANGLE   =      2347.9340  DIHED      =      3498.9985
 1-4 NB =      1022.0164  1-4 EEL =     12260.7354  VDWAALS    =     14828.1969
 EELEC  =   -160620.9594  EHBOND  =         0.0000  RESTRAINT  =         0.0000
 EKCMT  =     11058.7330  VIRIAL  =     13069.0449  VOLUME     =    416336.5230
                                                    Density    =         1.0194
 ------------------------------------------------------------------------------

wrapping first mol.:       27.16744       38.42056       66.54635
wrapping first mol.:       27.16744       38.42056       66.54635

 NSTEP =     2000   TIME(PS) =    2744.000  TEMP(K) =   301.23  PRESS =   -83.3
 Etot   =   -100054.5474  EKtot   =     25680.7852  EPtot      =   -125735.3326
 BOND   =       843.3739  ANGLE   =      2346.0596  DIHED      =      3510.0526
 1-4 NB =      1050.4438  1-4 EEL =     12309.2716  VDWAALS    =     15007.5883
 EELEC  =   -160802.1223  EHBOND  =         0.0000  RESTRAINT  =         0.0000
 EKCMT  =     11040.5331  VIRIAL  =     11790.0952  VOLUME     =    416764.7562
                                                    Density    =         1.0184
 ------------------------------------------------------------------------------

wrapping first mol.:       27.18718       38.44847       66.59470
wrapping first mol.:       27.18718       38.44847       66.59470

 NSTEP =     2500   TIME(PS) =    2745.000  TEMP(K) =   299.31  PRESS =   -44.3
 Etot   =    -99975.0209  EKtot   =     25517.0957  EPtot      =   -125492.1166
 BOND   =       818.8448  ANGLE   =      2411.0562  DIHED      =      3522.0986
 1-4 NB =      1025.8705  1-4 EEL =     12201.5557  VDWAALS    =     15005.4859
 EELEC  =   -160477.0283  EHBOND  =         0.0000  RESTRAINT  =         0.0000
 EKCMT  =     11066.7971  VIRIAL  =     11465.9409  VOLUME     =    417672.3533
                                                    Density    =         1.0162
 ------------------------------------------------------------------------------

wrapping first mol.:       27.18614       38.44701       66.59216
wrapping first mol.:       27.18614       38.44701       66.59216

 NSTEP =     3000   TIME(PS) =    2746.000  TEMP(K) =   300.03  PRESS =    87.2
 Etot   =    -99654.9560  EKtot   =     25578.6543  EPtot      =   -125233.6103
 BOND   =       851.5037  ANGLE   =      2399.7848  DIHED      =      3499.7614
 1-4 NB =      1019.2452  1-4 EEL =     12187.4397  VDWAALS    =     14981.6431
 EELEC  =   -160172.9882  EHBOND  =         0.0000  RESTRAINT  =         0.0000
 EKCMT  =     11146.7789  VIRIAL  =     10360.8732  VOLUME     =    417619.7386
                                                    Density    =         1.0163
 ------------------------------------------------------------------------------

wrapping first mol.:       27.18851       38.45037       66.59798
wrapping first mol.:       27.18851       38.45037       66.59798

 NSTEP =     3500   TIME(PS) =    2747.000  TEMP(K) =   300.09  PRESS =   111.6
 Etot   =   -100142.4723  EKtot   =     25583.9336  EPtot      =   -125726.4059
 BOND   =       824.3425  ANGLE   =      2289.8242  DIHED      =      3533.0382
 1-4 NB =      1035.9214  1-4 EEL =     12245.9679  VDWAALS    =     15081.7475
 EELEC  =   -160737.2475  EHBOND  =         0.0000  RESTRAINT  =         0.0000
 EKCMT  =     11163.2349  VIRIAL  =     10156.6229  VOLUME     =    417728.2679
                                                    Density    =         1.0160
 ------------------------------------------------------------------------------

wrapping first mol.:       27.17980       38.43804       66.57663
wrapping first mol.:       27.17980       38.43804       66.57663

 NSTEP =     4000   TIME(PS) =    2748.000  TEMP(K) =   299.65  PRESS =   113.6
 Etot   =    -99845.2284  EKtot   =     25546.2305  EPtot      =   -125391.4589
 BOND   =       846.6085  ANGLE   =      2341.7064  DIHED      =      3526.1466
 1-4 NB =      1040.0942  1-4 EEL =     12261.2590  VDWAALS    =     14921.1881
 EELEC  =   -160328.4616  EHBOND  =         0.0000  RESTRAINT  =         0.0000
 EKCMT  =     11168.8468  VIRIAL  =     10145.4261  VOLUME     =    417326.6169
                                                    Density    =         1.0170
 ------------------------------------------------------------------------------

wrapping first mol.:       27.18900       38.45105       66.59916
wrapping first mol.:       27.18900       38.45105       66.59916

 NSTEP =     4500   TIME(PS) =    2749.000  TEMP(K) =   300.33  PRESS =    27.5
 Etot   =   -100272.1921  EKtot   =     25604.0586  EPtot      =   -125876.2507
 BOND   =       823.6925  ANGLE   =      2284.3444  DIHED      =      3535.7014
 1-4 NB =      1037.9115  1-4 EEL =     12244.9279  VDWAALS    =     15023.2201
 EELEC  =   -160826.0485  EHBOND  =         0.0000  RESTRAINT  =         0.0000
 EKCMT  =     11126.8012  VIRIAL  =     10879.1948  VOLUME     =    417753.6334
                                                    Density    =         1.0160
 ------------------------------------------------------------------------------

wrapping first mol.:       27.19459       38.45896       66.61287
wrapping first mol.:       27.19459       38.45896       66.61287

 NSTEP =     5000   TIME(PS) =    2750.000  TEMP(K) =   301.09  PRESS =    59.0
 Etot   =    -99924.9730  EKtot   =     25668.6875  EPtot      =   -125593.6605
 BOND   =       856.0097  ANGLE   =      2399.1788  DIHED      =      3490.7065
 1-4 NB =      1028.0288  1-4 EEL =     12259.3809  VDWAALS    =     14857.8050
 EELEC  =   -160484.7702  EHBOND  =         0.0000  RESTRAINT  =         0.0000
 EKCMT  =     11141.4494  VIRIAL  =     10609.2548  VOLUME     =    418010.3939
                                                    Density    =         1.0153
 ------------------------------------------------------------------------------

wrapping first mol.:       27.18675       38.44787       66.59366
wrapping first mol.:       27.18675       38.44787       66.59366

 NSTEP =     5500   TIME(PS) =    2751.000  TEMP(K) =   300.00  PRESS =    30.5
 Etot   =    -99768.4878  EKtot   =     25576.3496  EPtot      =   -125344.8374
 BOND   =       835.3564  ANGLE   =      2356.7753  DIHED      =      3503.0287
 1-4 NB =      1028.7396  1-4 EEL =     12280.7038  VDWAALS    =     14799.0497
 EELEC  =   -160148.4911  EHBOND  =         0.0000  RESTRAINT  =         0.0000
 EKCMT  =     11119.6124  VIRIAL  =     10844.9025  VOLUME     =    417649.9253
                                                    Density    =         1.0162
 ------------------------------------------------------------------------------

wrapping first mol.:       27.17724       38.43443       66.57037
wrapping first mol.:       27.17724       38.43443       66.57037

 NSTEP =     6000   TIME(PS) =    2752.000  TEMP(K) =   298.16  PRESS =   253.3
 Etot   =   -100072.1553  EKtot   =     25419.0039  EPtot      =   -125491.1592
 BOND   =       885.1864  ANGLE   =      2368.1333  DIHED      =      3481.0098
 1-4 NB =      1019.8376  1-4 EEL =     12177.0880  VDWAALS    =     15046.6549
 EELEC  =   -160469.0692  EHBOND  =         0.0000  RESTRAINT  =         0.0000
 EKCMT  =     11066.4098  VIRIAL  =      8784.8281  VOLUME     =    417203.7155
                                                    Density    =         1.0173
 ------------------------------------------------------------------------------

wrapping first mol.:       27.17570       38.43225       66.56660
wrapping first mol.:       27.17570       38.43225       66.56660

 NSTEP =     6500   TIME(PS) =    2753.000  TEMP(K) =   300.95  PRESS =   -46.1
 Etot   =   -100091.2035  EKtot   =     25657.2344  EPtot      =   -125748.4379
 BOND   =       856.4082  ANGLE   =      2353.8866  DIHED      =      3549.4868
 1-4 NB =      1042.4213  1-4 EEL =     12254.2569  VDWAALS    =     14932.4903
 EELEC  =   -160737.3880  EHBOND  =         0.0000  RESTRAINT  =         0.0000
 EKCMT  =     11109.5671  VIRIAL  =     11524.8420  VOLUME     =    417143.9251
                                                    Density    =         1.0175
 ------------------------------------------------------------------------------

wrapping first mol.:       27.16309       38.41441       66.53570
wrapping first mol.:       27.16309       38.41441       66.53570

 NSTEP =     7000   TIME(PS) =    2754.000  TEMP(K) =   299.97  PRESS =    -3.9
 Etot   =   -100271.3390  EKtot   =     25573.7461  EPtot      =   -125845.0851
 BOND   =       881.9534  ANGLE   =      2301.5309  DIHED      =      3507.8003
 1-4 NB =      1024.8781  1-4 EEL =     12273.4233  VDWAALS    =     15124.6890
 EELEC  =   -160959.3600  EHBOND  =         0.0000  RESTRAINT  =         0.0000
 EKCMT  =     11115.9840  VIRIAL  =     11151.3604  VOLUME     =    416561.6564
                                                    Density    =         1.0189
 ------------------------------------------------------------------------------

wrapping first mol.:       27.16547       38.41778       66.54154
wrapping first mol.:       27.16547       38.41778       66.54154

 NSTEP =     7500   TIME(PS) =    2755.000  TEMP(K) =   300.64  PRESS =   298.7
 Etot   =   -100078.6485  EKtot   =     25630.5176  EPtot      =   -125709.1661
 BOND   =       829.7211  ANGLE   =      2308.5380  DIHED      =      3541.8966
 1-4 NB =      1037.0686  1-4 EEL =     12224.2065  VDWAALS    =     15334.7893
 EELEC  =   -160985.3862  EHBOND  =         0.0000  RESTRAINT  =         0.0000
 EKCMT  =     11201.5721  VIRIAL  =      8514.8032  VOLUME     =    416660.1820
                                                    Density    =         1.0186
 ------------------------------------------------------------------------------

wrapping first mol.:       27.19410       38.45826       66.61166
wrapping first mol.:       27.19410       38.45826       66.61166

 NSTEP =     8000   TIME(PS) =    2756.000  TEMP(K) =   300.31  PRESS =    13.2
 Etot   =   -100200.4944  EKtot   =     25602.3008  EPtot      =   -125802.7952
 BOND   =       831.1595  ANGLE   =      2333.2483  DIHED      =      3498.3128
 1-4 NB =      1032.1896  1-4 EEL =     12254.5298  VDWAALS    =     15040.3128
 EELEC  =   -160792.5481  EHBOND  =         0.0000  RESTRAINT  =         0.0000
 EKCMT  =     11121.1201  VIRIAL  =     11002.0372  VOLUME     =    417989.3858
                                                    Density    =         1.0154
 ------------------------------------------------------------------------------

wrapping first mol.:       27.19822       38.46409       66.62175
wrapping first mol.:       27.19822       38.46409       66.62175

 NSTEP =     8500   TIME(PS) =    2757.000  TEMP(K) =   300.34  PRESS =    14.8
 Etot   =   -100108.7788  EKtot   =     25604.9297  EPtot      =   -125713.7085
 BOND   =       868.4989  ANGLE   =      2331.4092  DIHED      =      3479.4946
 1-4 NB =      1045.6384  1-4 EEL =     12293.2447  VDWAALS    =     15131.7796
 EELEC  =   -160863.7739  EHBOND  =         0.0000  RESTRAINT  =         0.0000
 EKCMT  =     11149.3044  VIRIAL  =     11015.6501  VOLUME     =    418179.3278
                                                    Density    =         1.0149
 ------------------------------------------------------------------------------

wrapping first mol.:       27.18237       38.44168       66.58293
wrapping first mol.:       27.18237       38.44168       66.58293

 NSTEP =     9000   TIME(PS) =    2758.000  TEMP(K) =   299.85  PRESS =   -56.3
 Etot   =    -99950.3285  EKtot   =     25563.5488  EPtot      =   -125513.8774
 BOND   =       858.2919  ANGLE   =      2294.9305  DIHED      =      3506.1648
 1-4 NB =       990.5303  1-4 EEL =     12199.5579  VDWAALS    =     14663.8180
 EELEC  =   -160027.1707  EHBOND  =         0.0000  RESTRAINT  =         0.0000
 EKCMT  =     11221.8338  VIRIAL  =     11729.5084  VOLUME     =    417451.4150
                                                    Density    =         1.0167
 ------------------------------------------------------------------------------

wrapping first mol.:       27.17594       38.43259       66.56719
wrapping first mol.:       27.17594       38.43259       66.56719

 NSTEP =     9500   TIME(PS) =    2759.000  TEMP(K) =   300.03  PRESS =  -225.3
 Etot   =   -100099.8681  EKtot   =     25578.2676  EPtot      =   -125678.1357
 BOND   =       871.7394  ANGLE   =      2387.3533  DIHED      =      3494.5491
 1-4 NB =      1024.9145  1-4 EEL =     12237.5629  VDWAALS    =     14565.1872
 EELEC  =   -160259.4422  EHBOND  =         0.0000  RESTRAINT  =         0.0000
 EKCMT  =     11111.5323  VIRIAL  =     13140.8135  VOLUME     =    417161.6085
                                                    Density    =         1.0174
 ------------------------------------------------------------------------------

wrapping first mol.:       27.17659       38.43350       66.56877
wrapping first mol.:       27.17659       38.43350       66.56877

 NSTEP =    10000   TIME(PS) =    2760.000  TEMP(K) =   299.90  PRESS =   -73.7
 Etot   =   -100174.2375  EKtot   =     25567.3438  EPtot      =   -125741.5813
 BOND   =       886.1008  ANGLE   =      2345.0539  DIHED      =      3506.5854
 1-4 NB =      1046.0779  1-4 EEL =     12204.1895  VDWAALS    =     14975.0720
 EELEC  =   -160704.6608  EHBOND  =         0.0000  RESTRAINT  =         0.0000
 EKCMT  =     11173.9257  VIRIAL  =     11838.0732  VOLUME     =    417185.8184
                                                    Density    =         1.0174
 ------------------------------------------------------------------------------

wrapping first mol.:       27.16817       38.42159       66.54814
wrapping first mol.:       27.16817       38.42159       66.54814

 NSTEP =    10500   TIME(PS) =    2761.000  TEMP(K) =   298.71  PRESS =   206.4
 Etot   =   -100480.7815  EKtot   =     25466.1113  EPtot      =   -125946.8928
 BOND   =       865.6083  ANGLE   =      2372.9298  DIHED      =      3484.2271
 1-4 NB =      1033.2356  1-4 EEL =     12257.1396  VDWAALS    =     15282.4080
 EELEC  =   -161242.4411  EHBOND  =         0.0000  RESTRAINT  =         0.0000
 EKCMT  =     11054.0330  VIRIAL  =      9196.8707  VOLUME     =    416787.5210
                                                    Density    =         1.0183
 ------------------------------------------------------------------------------

wrapping first mol.:       27.17207       38.42711       66.55770
wrapping first mol.:       27.17207       38.42711       66.55770

 NSTEP =    11000   TIME(PS) =    2762.000  TEMP(K) =   299.50  PRESS =    74.1
 Etot   =   -100069.0210  EKtot   =     25533.6602  EPtot      =   -125602.6811
 BOND   =       874.0470  ANGLE   =      2290.5726  DIHED      =      3507.2355
 1-4 NB =      1057.1645  1-4 EEL =     12299.3099  VDWAALS    =     14982.1016
 EELEC  =   -160613.1123  EHBOND  =         0.0000  RESTRAINT  =         0.0000
 EKCMT  =     11103.5452  VIRIAL  =     10436.6330  VOLUME     =    416972.1448
                                                    Density    =         1.0179
 ------------------------------------------------------------------------------

wrapping first mol.:       27.18945       38.45168       66.60026
wrapping first mol.:       27.18945       38.45168       66.60026

 NSTEP =    11500   TIME(PS) =    2763.000  TEMP(K) =   299.99  PRESS =    16.7
 Etot   =    -99951.3791  EKtot   =     25574.7773  EPtot      =   -125526.1564
 BOND   =       838.1972  ANGLE   =      2310.0966  DIHED      =      3501.9417
 1-4 NB =      1023.2952  1-4 EEL =     12259.0305  VDWAALS    =     14835.0014
 EELEC  =   -160293.7190  EHBOND  =         0.0000  RESTRAINT  =         0.0000
 EKCMT  =     11204.4242  VIRIAL  =     11054.2009  VOLUME     =    417774.6945
                                                    Density    =         1.0159
 ------------------------------------------------------------------------------

wrapping first mol.:       27.18384       38.44376       66.58654
wrapping first mol.:       27.18384       38.44376       66.58654

 NSTEP =    12000   TIME(PS) =    2764.000  TEMP(K) =   299.27  PRESS =   248.2
 Etot   =   -100109.9748  EKtot   =     25514.2109  EPtot      =   -125624.1858
 BOND   =       836.9487  ANGLE   =      2352.0340  DIHED      =      3517.4446
 1-4 NB =      1046.2957  1-4 EEL =     12286.5496  VDWAALS    =     15081.4388
 EELEC  =   -160744.8971  EHBOND  =         0.0000  RESTRAINT  =         0.0000
 EKCMT  =     11161.3642  VIRIAL  =      8924.4047  VOLUME     =    417507.8402
                                                    Density    =         1.0166
 ------------------------------------------------------------------------------

wrapping first mol.:       27.18229       38.44156       66.58273
wrapping first mol.:       27.18229       38.44156       66.58273

 NSTEP =    12500   TIME(PS) =    2765.000  TEMP(K) =   300.50  PRESS =   102.7
 Etot   =    -99777.6417  EKtot   =     25619.0352  EPtot      =   -125396.6769
 BOND   =       862.9044  ANGLE   =      2392.0145  DIHED      =      3516.6092
 1-4 NB =      1024.8532  1-4 EEL =     12232.0242  VDWAALS    =     15038.4031
 EELEC  =   -160463.4855  EHBOND  =         0.0000  RESTRAINT  =         0.0000
 EKCMT  =     11105.1730  VIRIAL  =     10179.3184  VOLUME     =    417441.6810
                                                    Density    =         1.0167
 ------------------------------------------------------------------------------

wrapping first mol.:       27.18334       38.44305       66.58531
wrapping first mol.:       27.18334       38.44305       66.58531

 NSTEP =    13000   TIME(PS) =    2766.000  TEMP(K) =   299.80  PRESS =    -4.3
 Etot   =   -100013.8681  EKtot   =     25558.9082  EPtot      =   -125572.7763
 BOND   =       834.0705  ANGLE   =      2370.5067  DIHED      =      3470.6040
 1-4 NB =      1030.5340  1-4 EEL =     12269.1327  VDWAALS    =     15051.0340
 EELEC  =   -160598.6582  EHBOND  =         0.0000  RESTRAINT  =         0.0000
 EKCMT  =     11072.3345  VIRIAL  =     11110.8514  VOLUME     =    417494.2533
                                                    Density    =         1.0166
 ------------------------------------------------------------------------------

wrapping first mol.:       27.16978       38.42387       66.55209
wrapping first mol.:       27.16978       38.42387       66.55209

 NSTEP =    13500   TIME(PS) =    2767.000  TEMP(K) =   297.83  PRESS =  -147.8
 Etot   =   -100274.5178  EKtot   =     25391.3750  EPtot      =   -125665.8928
 BOND   =       894.5509  ANGLE   =      2347.2056  DIHED      =      3511.2272
 1-4 NB =      1046.1415  1-4 EEL =     12242.9765  VDWAALS    =     14903.1194
 EELEC  =   -160611.1139  EHBOND  =         0.0000  RESTRAINT  =         0.0000
 EKCMT  =     11085.5432  VIRIAL  =     12415.8054  VOLUME     =    416874.8849
                                                    Density    =         1.0181
 ------------------------------------------------------------------------------

wrapping first mol.:       27.15848       38.40790       66.52442
wrapping first mol.:       27.15848       38.40790       66.52442

 NSTEP =    14000   TIME(PS) =    2768.000  TEMP(K) =   299.80  PRESS =  -125.8
 Etot   =   -100156.9308  EKtot   =     25558.7012  EPtot      =   -125715.6320
 BOND   =       887.5944  ANGLE   =      2322.4385  DIHED      =      3481.8924
 1-4 NB =      1026.6552  1-4 EEL =     12259.8472  VDWAALS    =     14814.6857
 EELEC  =   -160508.7454  EHBOND  =         0.0000  RESTRAINT  =         0.0000
 EKCMT  =     11080.8999  VIRIAL  =     12211.6035  VOLUME     =    416354.4150
                                                    Density    =         1.0194
 ------------------------------------------------------------------------------

wrapping first mol.:       27.16405       38.41576       66.53805
wrapping first mol.:       27.16405       38.41576       66.53805

 NSTEP =    14500   TIME(PS) =    2769.000  TEMP(K) =   300.95  PRESS =   320.6
 Etot   =   -100171.6474  EKtot   =     25656.6582  EPtot      =   -125828.3056
 BOND   =       845.1938  ANGLE   =      2325.7203  DIHED      =      3504.7951
 1-4 NB =      1035.2330  1-4 EEL =     12286.1052  VDWAALS    =     14893.4097
 EELEC  =   -160718.7627  EHBOND  =         0.0000  RESTRAINT  =         0.0000
 EKCMT  =     11272.5528  VIRIAL  =      8388.6479  VOLUME     =    416593.7362
                                                    Density    =         1.0188
 ------------------------------------------------------------------------------

wrapping first mol.:       27.17775       38.43514       66.57160
wrapping first mol.:       27.17775       38.43514       66.57160

 NSTEP =    15000   TIME(PS) =    2770.000  TEMP(K) =   299.79  PRESS =  -196.5
 Etot   =   -100232.3123  EKtot   =     25558.2793  EPtot      =   -125790.5916
 BOND   =       866.1747  ANGLE   =      2363.9563  DIHED      =      3499.8961
 1-4 NB =      1013.8386  1-4 EEL =     12218.3211  VDWAALS    =     14766.1001
 EELEC  =   -160518.8785  EHBOND  =         0.0000  RESTRAINT  =         0.0000
 EKCMT  =     11131.2997  VIRIAL  =     12901.0839  VOLUME     =    417243.5844
                                                    Density    =         1.0172
 ------------------------------------------------------------------------------

wrapping first mol.:       27.17911       38.43707       66.57495
wrapping first mol.:       27.17911       38.43707       66.57495

 NSTEP =    15500   TIME(PS) =    2771.000  TEMP(K) =   298.74  PRESS =   202.3
 Etot   =   -100063.4977  EKtot   =     25468.2734  EPtot      =   -125531.7711
 BOND   =       826.3725  ANGLE   =      2383.1936  DIHED      =      3470.0118
 1-4 NB =      1033.2500  1-4 EEL =     12263.2265  VDWAALS    =     15032.1629
 EELEC  =   -160539.9885  EHBOND  =         0.0000  RESTRAINT  =         0.0000
 EKCMT  =     11194.2037  VIRIAL  =      9371.6839  VOLUME     =    417291.6820
                                                    Density    =         1.0171
 ------------------------------------------------------------------------------

wrapping first mol.:       27.18245       38.44179       66.58313
wrapping first mol.:       27.18245       38.44179       66.58313

 NSTEP =    16000   TIME(PS) =    2772.000  TEMP(K) =   298.51  PRESS =  -127.2
 Etot   =   -100217.1039  EKtot   =     25448.7656  EPtot      =   -125665.8695
 BOND   =       840.8506  ANGLE   =      2312.8846  DIHED      =      3534.5036
 1-4 NB =      1054.2171  1-4 EEL =     12251.3201  VDWAALS    =     14983.3270
 EELEC  =   -160642.9725  EHBOND  =         0.0000  RESTRAINT  =         0.0000
 EKCMT  =     11205.6858  VIRIAL  =     12352.4758  VOLUME     =    417457.6826
                                                    Density    =         1.0167
 ------------------------------------------------------------------------------

wrapping first mol.:       27.17885       38.43670       66.57431
wrapping first mol.:       27.17885       38.43670       66.57431

 NSTEP =    16500   TIME(PS) =    2773.000  TEMP(K) =   298.66  PRESS =    20.4
 Etot   =   -100051.3986  EKtot   =     25461.6113  EPtot      =   -125513.0099
 BOND   =       868.3820  ANGLE   =      2384.2457  DIHED      =      3502.7902
 1-4 NB =      1026.0006  1-4 EEL =     12234.6157  VDWAALS    =     15009.6552
 EELEC  =   -160538.6992  EHBOND  =         0.0000  RESTRAINT  =         0.0000
 EKCMT  =     11076.5716  VIRIAL  =     10892.7922  VOLUME     =    417286.3734
                                                    Density    =         1.0171
 ------------------------------------------------------------------------------

wrapping first mol.:       27.18458       38.44480       66.58835
wrapping first mol.:       27.18458       38.44480       66.58835

 NSTEP =    17000   TIME(PS) =    2774.000  TEMP(K) =   300.80  PRESS =    82.8
 Etot   =   -100146.6356  EKtot   =     25644.6602  EPtot      =   -125791.2958
 BOND   =       866.9527  ANGLE   =      2335.4341  DIHED      =      3523.4738
 1-4 NB =      1050.6619  1-4 EEL =     12262.1352  VDWAALS    =     15101.4629
 EELEC  =   -160931.4162  EHBOND  =         0.0000  RESTRAINT  =         0.0000
 EKCMT  =     11239.6728  VIRIAL  =     10493.0193  VOLUME     =    417548.0493
                                                    Density    =         1.0165
 ------------------------------------------------------------------------------

wrapping first mol.:       27.17676       38.43374       66.56918
wrapping first mol.:       27.17676       38.43374       66.56918

 NSTEP =    17500   TIME(PS) =    2775.000  TEMP(K) =   300.48  PRESS =   234.5
 Etot   =    -99899.7526  EKtot   =     25617.1133  EPtot      =   -125516.8659
 BOND   =       845.9433  ANGLE   =      2371.3990  DIHED      =      3525.7273
 1-4 NB =      1034.2595  1-4 EEL =     12173.7896  VDWAALS    =     14777.9157
 EELEC  =   -160245.9003  EHBOND  =         0.0000  RESTRAINT  =         0.0000
 EKCMT  =     11223.2864  VIRIAL  =      9110.9820  VOLUME     =    417182.0044
                                                    Density    =         1.0174
 ------------------------------------------------------------------------------

wrapping first mol.:       27.17472       38.43086       66.56419
wrapping first mol.:       27.17472       38.43086       66.56419

 NSTEP =    18000   TIME(PS) =    2776.000  TEMP(K) =   299.86  PRESS =   120.6
 Etot   =    -99954.7437  EKtot   =     25564.5234  EPtot      =   -125519.2671
 BOND   =       893.2459  ANGLE   =      2407.8083  DIHED      =      3498.6200
 1-4 NB =      1018.7573  1-4 EEL =     12243.4820  VDWAALS    =     15072.0066
 EELEC  =   -160653.1873  EHBOND  =         0.0000  RESTRAINT  =         0.0000
 EKCMT  =     11122.0907  VIRIAL  =     10035.7790  VOLUME     =    417092.3799
                                                    Density    =         1.0176
 ------------------------------------------------------------------------------

wrapping first mol.:       27.15857       38.40801       66.52462
wrapping first mol.:       27.15857       38.40801       66.52462

 NSTEP =    18500   TIME(PS) =    2777.000  TEMP(K) =   300.14  PRESS =  -148.0
 Etot   =   -100247.9281  EKtot   =     25588.2188  EPtot      =   -125836.1468
 BOND   =       851.2764  ANGLE   =      2400.2913  DIHED      =      3513.8067
 1-4 NB =      1029.2969  1-4 EEL =     12215.9716  VDWAALS    =     14934.8623
 EELEC  =   -160781.6521  EHBOND  =         0.0000  RESTRAINT  =         0.0000
 EKCMT  =     11049.6420  VIRIAL  =     12380.1689  VOLUME     =    416358.9672
                                                    Density    =         1.0194
 ------------------------------------------------------------------------------

wrapping first mol.:       27.15461       38.40241       66.51492
wrapping first mol.:       27.15461       38.40241       66.51492

 NSTEP =    19000   TIME(PS) =    2778.000  TEMP(K) =   298.55  PRESS =   121.9
 Etot   =   -100378.9771  EKtot   =     25452.1094  EPtot      =   -125831.0865
 BOND   =       865.5377  ANGLE   =      2379.4790  DIHED      =      3466.9790
 1-4 NB =      1013.7133  1-4 EEL =     12174.5197  VDWAALS    =     15089.7635
 EELEC  =   -160821.0788  EHBOND  =         0.0000  RESTRAINT  =         0.0000
 EKCMT  =     11039.0977  VIRIAL  =      9943.5667  VOLUME     =    416166.9477
                                                    Density    =         1.0198
 ------------------------------------------------------------------------------

wrapping first mol.:       27.17543       38.43186       66.56593
wrapping first mol.:       27.17543       38.43186       66.56593

 NSTEP =    19500   TIME(PS) =    2779.000  TEMP(K) =   300.92  PRESS =    15.7
 Etot   =   -100055.9476  EKtot   =     25654.4395  EPtot      =   -125710.3871
 BOND   =       839.4093  ANGLE   =      2321.8151  DIHED      =      3472.7100
 1-4 NB =      1026.7480  1-4 EEL =     12238.7378  VDWAALS    =     14864.9722
 EELEC  =   -160474.7796  EHBOND  =         0.0000  RESTRAINT  =         0.0000
 EKCMT  =     11208.8032  VIRIAL  =     11067.0971  VOLUME     =    417128.9660
                                                    Density    =         1.0175
 ------------------------------------------------------------------------------

wrapping first mol.:       27.16850       38.42206       66.54896
wrapping first mol.:       27.16850       38.42206       66.54896

 NSTEP =    20000   TIME(PS) =    2780.000  TEMP(K) =   301.06  PRESS =  -115.7
 Etot   =    -99794.4123  EKtot   =     25666.4121  EPtot      =   -125460.8245
 BOND   =       804.3976  ANGLE   =      2379.6182  DIHED      =      3501.6462
 1-4 NB =      1044.8090  1-4 EEL =     12257.6485  VDWAALS    =     15033.6112
 EELEC  =   -160482.5550  EHBOND  =         0.0000  RESTRAINT  =         0.0000
 EKCMT  =     11228.4300  VIRIAL  =     12269.2429  VOLUME     =    416814.9038
                                                    Density    =         1.0183
 ------------------------------------------------------------------------------

wrapping first mol.:       27.18009       38.43845       66.57735
wrapping first mol.:       27.18009       38.43845       66.57735

 NSTEP =    20500   TIME(PS) =    2781.000  TEMP(K) =   300.63  PRESS =   -38.7
 Etot   =    -99933.1484  EKtot   =     25629.9980  EPtot      =   -125563.1464
 BOND   =       827.5788  ANGLE   =      2362.4443  DIHED      =      3444.1578
 1-4 NB =      1032.9961  1-4 EEL =     12203.0407  VDWAALS    =     14945.0512
 EELEC  =   -160378.4153  EHBOND  =         0.0000  RESTRAINT  =         0.0000
 EKCMT  =     11203.8610  VIRIAL  =     11552.2675  VOLUME     =    417345.7328
                                                    Density    =         1.0170
 ------------------------------------------------------------------------------

wrapping first mol.:       27.16653       38.41927       66.54412
wrapping first mol.:       27.16653       38.41927       66.54412

 NSTEP =    21000   TIME(PS) =    2782.000  TEMP(K) =   298.54  PRESS =   134.7
 Etot   =   -100010.2354  EKtot   =     25451.9609  EPtot      =   -125462.1963
 BOND   =       834.9879  ANGLE   =      2381.1444  DIHED      =      3482.2970
 1-4 NB =      1037.5950  1-4 EEL =     12225.7750  VDWAALS    =     14792.8056
 EELEC  =   -160216.8011  EHBOND  =         0.0000  RESTRAINT  =         0.0000
 EKCMT  =     11031.6039  VIRIAL  =      9820.0475  VOLUME     =    416714.7153
                                                    Density    =         1.0185
 ------------------------------------------------------------------------------

wrapping first mol.:       27.17284       38.42820       66.55959
wrapping first mol.:       27.17284       38.42820       66.55959

 NSTEP =    21500   TIME(PS) =    2783.000  TEMP(K) =   298.63  PRESS =    11.8
 Etot   =   -100180.7511  EKtot   =     25458.9531  EPtot      =   -125639.7042
 BOND   =       869.3110  ANGLE   =      2321.6219  DIHED      =      3486.9223
 1-4 NB =      1026.8572  1-4 EEL =     12234.0386  VDWAALS    =     15114.7838
 EELEC  =   -160693.2390  EHBOND  =         0.0000  RESTRAINT  =         0.0000
 EKCMT  =     11024.0725  VIRIAL  =     10917.6500  VOLUME     =    417009.9965
                                                    Density    =         1.0178
 ------------------------------------------------------------------------------

wrapping first mol.:       27.16526       38.41747       66.54101
wrapping first mol.:       27.16526       38.41747       66.54101

 NSTEP =    22000   TIME(PS) =    2784.000  TEMP(K) =   299.20  PRESS =   164.6
 Etot   =   -100027.4861  EKtot   =     25507.8477  EPtot      =   -125535.3338
 BOND   =       866.9637  ANGLE   =      2353.1412  DIHED      =      3496.1054
 1-4 NB =      1031.8530  1-4 EEL =     12265.8803  VDWAALS    =     15069.4472
 EELEC  =   -160618.7245  EHBOND  =         0.0000  RESTRAINT  =         0.0000
 EKCMT  =     11106.6606  VIRIAL  =      9625.6559  VOLUME     =    416655.2204
                                                    Density    =         1.0187
 ------------------------------------------------------------------------------

wrapping first mol.:       27.16799       38.42134       66.54770
wrapping first mol.:       27.16799       38.42134       66.54770

 NSTEP =    22500   TIME(PS) =    2785.000  TEMP(K) =   301.00  PRESS =  -199.6
 Etot   =   -100303.2102  EKtot   =     25661.2148  EPtot      =   -125964.4251
 BOND   =       820.6243  ANGLE   =      2325.2217  DIHED      =      3482.3665
 1-4 NB =      1034.2112  1-4 EEL =     12249.5703  VDWAALS    =     15109.3819
 EELEC  =   -160985.8009  EHBOND  =         0.0000  RESTRAINT  =         0.0000
 EKCMT  =     11183.6258  VIRIAL  =     12980.1566  VOLUME     =    416794.4688
                                                    Density    =         1.0183
 ------------------------------------------------------------------------------

wrapping first mol.:       27.17464       38.43074       66.56399
wrapping first mol.:       27.17464       38.43074       66.56399

 NSTEP =    23000   TIME(PS) =    2786.000  TEMP(K) =   299.43  PRESS =   -10.7
 Etot   =   -100188.1309  EKtot   =     25527.4844  EPtot      =   -125715.6153
 BOND   =       836.9815  ANGLE   =      2417.8530  DIHED      =      3485.1665
 1-4 NB =      1037.6283  1-4 EEL =     12259.9091  VDWAALS    =     15036.7763
 EELEC  =   -160789.9300  EHBOND  =         0.0000  RESTRAINT  =         0.0000
 EKCMT  =     11116.4368  VIRIAL  =     11212.3489  VOLUME     =    417093.5571
                                                    Density    =         1.0176
 ------------------------------------------------------------------------------

wrapping first mol.:       27.18139       38.44030       66.58054
wrapping first mol.:       27.18139       38.44030       66.58054

 NSTEP =    23500   TIME(PS) =    2787.000  TEMP(K) =   301.43  PRESS =    37.1
 Etot   =    -99950.5260  EKtot   =     25697.9785  EPtot      =   -125648.5045
 BOND   =       868.4244  ANGLE   =      2350.5519  DIHED      =      3478.2720
 1-4 NB =      1054.7405  1-4 EEL =     12224.8471  VDWAALS    =     14941.4769
 EELEC  =   -160566.8173  EHBOND  =         0.0000  RESTRAINT  =         0.0000
 EKCMT  =     11189.5689  VIRIAL  =     10855.0107  VOLUME     =    417402.9286
                                                    Density    =         1.0168
 ------------------------------------------------------------------------------

wrapping first mol.:       27.19564       38.46044       66.61543
wrapping first mol.:       27.19564       38.46044       66.61543

 NSTEP =    24000   TIME(PS) =    2788.000  TEMP(K) =   300.13  PRESS =   -52.7
 Etot   =    -99959.1693  EKtot   =     25586.7891  EPtot      =   -125545.9584
 BOND   =       855.3559  ANGLE   =      2358.4324  DIHED      =      3483.5149
 1-4 NB =      1042.3745  1-4 EEL =     12189.2647  VDWAALS    =     14919.1392
 EELEC  =   -160394.0401  EHBOND  =         0.0000  RESTRAINT  =         0.0000
 EKCMT  =     11304.8622  VIRIAL  =     11780.7251  VOLUME     =    418062.8960
                                                    Density    =         1.0152
 ------------------------------------------------------------------------------

wrapping first mol.:       27.18376       38.44364       66.58633
wrapping first mol.:       27.18376       38.44364       66.58633

 NSTEP =    24500   TIME(PS) =    2789.000  TEMP(K) =   302.81  PRESS =    48.2
 Etot   =    -99896.8521  EKtot   =     25815.9082  EPtot      =   -125712.7603
 BOND   =       840.1335  ANGLE   =      2313.7519  DIHED      =      3483.9860
 1-4 NB =      1036.7392  1-4 EEL =     12331.1179  VDWAALS    =     15049.9769
 EELEC  =   -160768.4657  EHBOND  =         0.0000  RESTRAINT  =         0.0000
 EKCMT  =     11317.1064  VIRIAL  =     10882.9378  VOLUME     =    417511.4299
                                                    Density    =         1.0166
 ------------------------------------------------------------------------------

wrapping first mol.:       27.18760       38.44907       66.59574
wrapping first mol.:       27.18760       38.44907       66.59574

 NSTEP =    25000   TIME(PS) =    2790.000  TEMP(K) =   299.42  PRESS =   -60.9
 Etot   =   -100179.1137  EKtot   =     25526.7734  EPtot      =   -125705.8871
 BOND   =       853.7974  ANGLE   =      2371.9990  DIHED      =      3516.8442
 1-4 NB =      1049.4785  1-4 EEL =     12248.0658  VDWAALS    =     14723.5069
 EELEC  =   -160469.5789  EHBOND  =         0.0000  RESTRAINT  =         0.0000
 EKCMT  =     11129.6876  VIRIAL  =     11679.1099  VOLUME     =    417692.5446
                                                    Density    =         1.0161
 ------------------------------------------------------------------------------

wrapping first mol.:       27.17393       38.42974       66.56225
wrapping first mol.:       27.17393       38.42974       66.56225

 NSTEP =    25500   TIME(PS) =    2791.000  TEMP(K) =   300.03  PRESS =    73.6
 Etot   =   -100152.0672  EKtot   =     25578.3750  EPtot      =   -125730.4422
 BOND   =       849.0201  ANGLE   =      2375.8174  DIHED      =      3485.8233
 1-4 NB =      1025.3223  1-4 EEL =     12240.1607  VDWAALS    =     14945.3621
 EELEC  =   -160651.9481  EHBOND  =         0.0000  RESTRAINT  =         0.0000
 EKCMT  =     11060.1030  VIRIAL  =     10397.6302  VOLUME     =    417057.6651
                                                    Density    =         1.0177
 ------------------------------------------------------------------------------

wrapping first mol.:       27.17771       38.43509       66.57153
wrapping first mol.:       27.17771       38.43509       66.57153

 NSTEP =    26000   TIME(PS) =    2792.000  TEMP(K) =   300.36  PRESS =   -71.2
 Etot   =   -100073.1836  EKtot   =     25607.0957  EPtot      =   -125680.2793
 BOND   =       841.0649  ANGLE   =      2355.4820  DIHED      =      3497.9889
 1-4 NB =      1015.9905  1-4 EEL =     12222.4648  VDWAALS    =     14984.3468
 EELEC  =   -160597.6172  EHBOND  =         0.0000  RESTRAINT  =         0.0000
 EKCMT  =     11079.1132  VIRIAL  =     11720.9064  VOLUME     =    417237.4516
                                                    Density    =         1.0172
 ------------------------------------------------------------------------------

wrapping first mol.:       27.18406       38.44406       66.58706
wrapping first mol.:       27.18406       38.44406       66.58706

 NSTEP =    26500   TIME(PS) =    2793.000  TEMP(K) =   299.37  PRESS =    27.1
 Etot   =   -100133.1772  EKtot   =     25522.1523  EPtot      =   -125655.3296
 BOND   =       871.3580  ANGLE   =      2327.6021  DIHED      =      3477.3360
 1-4 NB =      1026.9141  1-4 EEL =     12247.5849  VDWAALS    =     15060.3172
 EELEC  =   -160666.4419  EHBOND  =         0.0000  RESTRAINT  =         0.0000
 EKCMT  =     11071.2565  VIRIAL  =     10826.5552  VOLUME     =    417525.9026
                                                    Density    =         1.0165
 ------------------------------------------------------------------------------

wrapping first mol.:       27.17297       38.42839       66.55992
wrapping first mol.:       27.17297       38.42839       66.55992

 NSTEP =    27000   TIME(PS) =    2794.000  TEMP(K) =   300.10  PRESS =   -19.8
 Etot   =    -99988.9782  EKtot   =     25584.6953  EPtot      =   -125573.6735
 BOND   =       897.7720  ANGLE   =      2345.9498  DIHED      =      3523.3557
 1-4 NB =      1028.1811  1-4 EEL =     12224.8453  VDWAALS    =     14819.6442
 EELEC  =   -160413.4216  EHBOND  =         0.0000  RESTRAINT  =         0.0000
 EKCMT  =     11215.5037  VIRIAL  =     11393.7421  VOLUME     =    417017.2839
                                                    Density    =         1.0178
 ------------------------------------------------------------------------------

wrapping first mol.:       27.18334       38.44305       66.58532
wrapping first mol.:       27.18334       38.44305       66.58532

 NSTEP =    27500   TIME(PS) =    2795.000  TEMP(K) =   302.10  PRESS =   122.2
 Etot   =    -99565.8473  EKtot   =     25755.0332  EPtot      =   -125320.8805
 BOND   =       840.2909  ANGLE   =      2428.1992  DIHED      =      3531.0135
 1-4 NB =      1054.6708  1-4 EEL =     12239.7884  VDWAALS    =     15066.4134
 EELEC  =   -160481.2567  EHBOND  =         0.0000  RESTRAINT  =         0.0000
 EKCMT  =     11235.9214  VIRIAL  =     10134.4440  VOLUME     =    417489.6140
                                                    Density    =         1.0166
 ------------------------------------------------------------------------------

wrapping first mol.:       27.17944       38.43753       66.57575
wrapping first mol.:       27.17944       38.43753       66.57575

 NSTEP =    28000   TIME(PS) =    2796.000  TEMP(K) =   301.11  PRESS =  -118.6
 Etot   =    -99868.0056  EKtot   =     25670.9668  EPtot      =   -125538.9724
 BOND   =       839.1104  ANGLE   =      2380.7625  DIHED      =      3519.4845
 1-4 NB =      1042.5417  1-4 EEL =     12253.9569  VDWAALS    =     14888.4777
 EELEC  =   -160463.3061  EHBOND  =         0.0000  RESTRAINT  =         0.0000
 EKCMT  =     11256.1943  VIRIAL  =     12325.1681  VOLUME     =    417318.7304
                                                    Density    =         1.0170
 ------------------------------------------------------------------------------

wrapping first mol.:       27.17601       38.43268       66.56735
wrapping first mol.:       27.17601       38.43268       66.56735

 NSTEP =    28500   TIME(PS) =    2797.000  TEMP(K) =   300.46  PRESS =   -54.6
 Etot   =   -100349.7875  EKtot   =     25615.4121  EPtot      =   -125965.1996
 BOND   =       875.6834  ANGLE   =      2357.7959  DIHED      =      3507.5923
 1-4 NB =      1006.8626  1-4 EEL =     12243.5218  VDWAALS    =     14982.7307
 EELEC  =   -160939.3864  EHBOND  =         0.0000  RESTRAINT  =         0.0000
 EKCMT  =     11091.7731  VIRIAL  =     11583.5889  VOLUME     =    417158.2469
                                                    Density    =         1.0174
 ------------------------------------------------------------------------------

wrapping first mol.:       27.18487       38.44521       66.58906
wrapping first mol.:       27.18487       38.44521       66.58906

 NSTEP =    29000   TIME(PS) =    2798.000  TEMP(K) =   299.17  PRESS =   119.0
 Etot   =   -100182.0341  EKtot   =     25505.0391  EPtot      =   -125687.0731
 BOND   =       870.7359  ANGLE   =      2377.7254  DIHED      =      3500.8130
 1-4 NB =      1028.8337  1-4 EEL =     12212.2679  VDWAALS    =     15079.2927
 EELEC  =   -160756.7418  EHBOND  =         0.0000  RESTRAINT  =         0.0000
 EKCMT  =     11049.5548  VIRIAL  =      9976.6636  VOLUME     =    417560.1325
                                                    Density    =         1.0164
 ------------------------------------------------------------------------------

wrapping first mol.:       27.17841       38.43607       66.57322
wrapping first mol.:       27.17841       38.43607       66.57322

 NSTEP =    29500   TIME(PS) =    2799.000  TEMP(K) =   298.73  PRESS =  -260.6
 Etot   =   -100236.8709  EKtot   =     25468.1387  EPtot      =   -125705.0095
 BOND   =       851.5974  ANGLE   =      2376.8351  DIHED      =      3506.0453
 1-4 NB =      1041.1781  1-4 EEL =     12180.1094  VDWAALS    =     14607.8868
 EELEC  =   -160268.6616  EHBOND  =         0.0000  RESTRAINT  =         0.0000
 EKCMT  =     11082.0624  VIRIAL  =     13430.0605  VOLUME     =    417276.3761
                                                    Density    =         1.0171
 ------------------------------------------------------------------------------

wrapping first mol.:       27.18095       38.43967       66.57945
wrapping first mol.:       27.18095       38.43967       66.57945

 NSTEP =    30000   TIME(PS) =    2800.000  TEMP(K) =   300.54  PRESS =   153.1
 Etot   =   -100159.7533  EKtot   =     25621.7637  EPtot      =   -125781.5170
 BOND   =       816.7287  ANGLE   =      2300.8046  DIHED      =      3542.6183
 1-4 NB =      1023.5129  1-4 EEL =     12256.1975  VDWAALS    =     14780.3051
 EELEC  =   -160501.6841  EHBOND  =         0.0000  RESTRAINT  =         0.0000
 EKCMT  =     11164.8779  VIRIAL  =      9784.9155  VOLUME     =    417378.1644
                                                    Density    =         1.0169
 ------------------------------------------------------------------------------

wrapping first mol.:       27.18771       38.44922       66.59600
wrapping first mol.:       27.18771       38.44922       66.59600

 NSTEP =    30500   TIME(PS) =    2801.000  TEMP(K) =   300.68  PRESS =  -187.0
 Etot   =   -100195.0490  EKtot   =     25633.9648  EPtot      =   -125829.0138
 BOND   =       824.6793  ANGLE   =      2376.1082  DIHED      =      3506.5403
 1-4 NB =      1008.4150  1-4 EEL =     12173.6110  VDWAALS    =     15033.2680
 EELEC  =   -160751.6358  EHBOND  =         0.0000  RESTRAINT  =         0.0000
 EKCMT  =     11069.9866  VIRIAL  =     12756.7556  VOLUME     =    417702.0768
                                                    Density    =         1.0161
 ------------------------------------------------------------------------------

wrapping first mol.:       27.18007       38.43842       66.57729
wrapping first mol.:       27.18007       38.43842       66.57729

 NSTEP =    31000   TIME(PS) =    2802.000  TEMP(K) =   299.42  PRESS =    68.0
 Etot   =   -100086.0035  EKtot   =     25526.8516  EPtot      =   -125612.8551
 BOND   =       849.8072  ANGLE   =      2264.9433  DIHED      =      3523.0355
 1-4 NB =      1067.8698  1-4 EEL =     12290.6271  VDWAALS    =     15019.8223
 EELEC  =   -160628.9603  EHBOND  =         0.0000  RESTRAINT  =         0.0000
 EKCMT  =     11049.9868  VIRIAL  =     10437.5995  VOLUME     =    417340.6815
                                                    Density    =         1.0170
 ------------------------------------------------------------------------------

wrapping first mol.:       27.19071       38.45347       66.60335
wrapping first mol.:       27.19071       38.45347       66.60335

 NSTEP =    31500   TIME(PS) =    2803.000  TEMP(K) =   300.59  PRESS =  -177.0
 Etot   =   -100424.9354  EKtot   =     25626.4902  EPtot      =   -126051.4257
 BOND   =       828.2830  ANGLE   =      2359.3710  DIHED      =      3477.6782
 1-4 NB =      1029.4823  1-4 EEL =     12230.2832  VDWAALS    =     14812.7307
 EELEC  =   -160789.2541  EHBOND  =         0.0000  RESTRAINT  =         0.0000
 EKCMT  =     11187.0727  VIRIAL  =     12783.5708  VOLUME     =    417840.0914
                                                    Density    =         1.0158
 ------------------------------------------------------------------------------

wrapping first mol.:       27.19189       38.45514       66.60626
wrapping first mol.:       27.19189       38.45514       66.60626

 NSTEP =    32000   TIME(PS) =    2804.000  TEMP(K) =   298.14  PRESS =   -67.6
 Etot   =   -100226.9387  EKtot   =     25417.8223  EPtot      =   -125644.7609
 BOND   =       848.2810  ANGLE   =      2419.9240  DIHED      =      3466.8919
 1-4 NB =      1054.5734  1-4 EEL =     12224.0776  VDWAALS    =     15003.5522
 EELEC  =   -160662.0610  EHBOND  =         0.0000  RESTRAINT  =         0.0000
 EKCMT  =     11057.3491  VIRIAL  =     11667.5865  VOLUME     =    417890.7201
                                                    Density    =         1.0156
 ------------------------------------------------------------------------------

wrapping first mol.:       27.19103       38.45392       66.60413
wrapping first mol.:       27.19103       38.45392       66.60413

 NSTEP =    32500   TIME(PS) =    2805.000  TEMP(K) =   299.09  PRESS =    40.3
 Etot   =   -100027.8192  EKtot   =     25498.5371  EPtot      =   -125526.3563
 BOND   =       878.1893  ANGLE   =      2305.0408  DIHED      =      3495.4052
 1-4 NB =      1035.5833  1-4 EEL =     12232.8251  VDWAALS    =     14915.1333
 EELEC  =   -160388.5333  EHBOND  =         0.0000  RESTRAINT  =         0.0000
 EKCMT  =     11151.0112  VIRIAL  =     10787.2276  VOLUME     =    417846.6547
                                                    Density    =         1.0157
 ------------------------------------------------------------------------------

wrapping first mol.:       27.18141       38.44032       66.58059
wrapping first mol.:       27.18141       38.44032       66.58059

 NSTEP =    33000   TIME(PS) =    2806.000  TEMP(K) =   299.05  PRESS =    93.7
 Etot   =    -99783.4820  EKtot   =     25495.1191  EPtot      =   -125278.6012
 BOND   =       854.5168  ANGLE   =      2349.6662  DIHED      =      3500.4255
 1-4 NB =      1037.5208  1-4 EEL =     12213.8774  VDWAALS    =     14843.6562
 EELEC  =   -160078.2640  EHBOND  =         0.0000  RESTRAINT  =         0.0000
 EKCMT  =     11044.8984  VIRIAL  =     10200.4409  VOLUME     =    417401.7043
                                                    Density    =         1.0168
 ------------------------------------------------------------------------------

wrapping first mol.:       27.18973       38.45209       66.60097
wrapping first mol.:       27.18973       38.45209       66.60097

 NSTEP =    33500   TIME(PS) =    2807.000  TEMP(K) =   302.14  PRESS =    54.5
 Etot   =    -99905.4529  EKtot   =     25758.8086  EPtot      =   -125664.2615
 BOND   =       874.6115  ANGLE   =      2399.2945  DIHED      =      3463.7035
 1-4 NB =      1029.5422  1-4 EEL =     12201.9376  VDWAALS    =     14982.0629
 EELEC  =   -160615.4137  EHBOND  =         0.0000  RESTRAINT  =         0.0000
 EKCMT  =     11191.2249  VIRIAL  =     10699.5907  VOLUME     =    417786.6211
                                                    Density    =         1.0159
 ------------------------------------------------------------------------------

wrapping first mol.:       27.18409       38.44411       66.58714
wrapping first mol.:       27.18409       38.44411       66.58714

 NSTEP =    34000   TIME(PS) =    2808.000  TEMP(K) =   299.34  PRESS =    28.7
 Etot   =   -100304.2532  EKtot   =     25519.5215  EPtot      =   -125823.7747
 BOND   =       903.1151  ANGLE   =      2309.7983  DIHED      =      3475.8993
 1-4 NB =      1027.4435  1-4 EEL =     12222.4194  VDWAALS    =     14998.8992
 EELEC  =   -160761.3495  EHBOND  =         0.0000  RESTRAINT  =         0.0000
 EKCMT  =     11000.3734  VIRIAL  =     10741.5731  VOLUME     =    417527.4674
                                                    Density    =         1.0165
 ------------------------------------------------------------------------------

wrapping first mol.:       27.17862       38.43637       66.57373
wrapping first mol.:       27.17862       38.43637       66.57373

 NSTEP =    34500   TIME(PS) =    2809.000  TEMP(K) =   301.88  PRESS =    22.1
 Etot   =   -100229.2640  EKtot   =     25736.0957  EPtot      =   -125965.3597
 BOND   =       843.7406  ANGLE   =      2378.7581  DIHED      =      3471.8702
 1-4 NB =      1029.8985  1-4 EEL =     12197.7088  VDWAALS    =     15321.9115
 EELEC  =   -161209.2474  EHBOND  =         0.0000  RESTRAINT  =         0.0000
 EKCMT  =     11137.4028  VIRIAL  =     10938.1807  VOLUME     =    417275.4693
                                                    Density    =         1.0171
 ------------------------------------------------------------------------------

wrapping first mol.:       27.17986       38.43813       66.57678
wrapping first mol.:       27.17986       38.43813       66.57678

 NSTEP =    35000   TIME(PS) =    2810.000  TEMP(K) =   301.19  PRESS =    25.3
 Etot   =    -99917.5733  EKtot   =     25677.0996  EPtot      =   -125594.6729
 BOND   =       828.1080  ANGLE   =      2358.4985  DIHED      =      3511.2501
 1-4 NB =      1038.7511  1-4 EEL =     12247.8020  VDWAALS    =     14814.4100
 EELEC  =   -160393.4925  EHBOND  =         0.0000  RESTRAINT  =         0.0000
 EKCMT  =     11156.5918  VIRIAL  =     10928.4480  VOLUME     =    417332.6839
                                                    Density    =         1.0170
 ------------------------------------------------------------------------------

wrapping first mol.:       27.18664       38.44771       66.59339
wrapping first mol.:       27.18664       38.44771       66.59339

 NSTEP =    35500   TIME(PS) =    2811.000  TEMP(K) =   299.54  PRESS =  -109.6
 Etot   =   -100051.6110  EKtot   =     25536.9844  EPtot      =   -125588.5954
 BOND   =       868.4601  ANGLE   =      2328.4129  DIHED      =      3474.6349
 1-4 NB =      1065.4355  1-4 EEL =     12246.3650  VDWAALS    =     14805.5573
 EELEC  =   -160377.4612  EHBOND  =         0.0000  RESTRAINT  =         0.0000
 EKCMT  =     11113.7691  VIRIAL  =     12101.7322  VOLUME     =    417650.0579
                                                    Density    =         1.0162
 ------------------------------------------------------------------------------

wrapping first mol.:       27.18042       38.43892       66.57815
wrapping first mol.:       27.18042       38.43892       66.57815

 NSTEP =    36000   TIME(PS) =    2812.000  TEMP(K) =   299.37  PRESS =   -76.0
 Etot   =   -100360.1097  EKtot   =     25522.5547  EPtot      =   -125882.6644
 BOND   =       862.7484  ANGLE   =      2355.5173  DIHED      =      3482.3181
 1-4 NB =      1017.6267  1-4 EEL =     12239.6789  VDWAALS    =     14669.9250
 EELEC  =   -160510.4787  EHBOND  =         0.0000  RESTRAINT  =         0.0000
 EKCMT  =     11065.3151  VIRIAL  =     11750.2297  VOLUME     =    417362.2492
                                                    Density    =         1.0169
 ------------------------------------------------------------------------------

wrapping first mol.:       27.18547       38.44605       66.59051
wrapping first mol.:       27.18547       38.44605       66.59051

 NSTEP =    36500   TIME(PS) =    2813.000  TEMP(K) =   299.61  PRESS =   -57.4
 Etot   =   -100406.1757  EKtot   =     25542.6855  EPtot      =   -125948.8613
 BOND   =       832.5034  ANGLE   =      2299.6970  DIHED      =      3473.4806
 1-4 NB =      1065.7912  1-4 EEL =     12267.9057  VDWAALS    =     14905.7348
 EELEC  =   -160793.9739  EHBOND  =         0.0000  RESTRAINT  =         0.0000
 EKCMT  =     11110.2759  VIRIAL  =     11627.7265  VOLUME     =    417594.0008
                                                    Density    =         1.0164
 ------------------------------------------------------------------------------

wrapping first mol.:       27.19908       38.46531       66.62386
wrapping first mol.:       27.19908       38.46531       66.62386

 NSTEP =    37000   TIME(PS) =    2814.000  TEMP(K) =   300.89  PRESS =   158.0
 Etot   =   -100256.6662  EKtot   =     25651.7207  EPtot      =   -125908.3869
 BOND   =       810.1561  ANGLE   =      2437.7280  DIHED      =      3510.9072
 1-4 NB =      1036.7208  1-4 EEL =     12225.3428  VDWAALS    =     15085.3515
 EELEC  =   -161014.5932  EHBOND  =         0.0000  RESTRAINT  =         0.0000
 EKCMT  =     11222.7777  VIRIAL  =      9796.3193  VOLUME     =    418213.7449
                                                    Density    =         1.0149
 ------------------------------------------------------------------------------

wrapping first mol.:       27.20090       38.46788       66.62831
wrapping first mol.:       27.20090       38.46788       66.62831

 NSTEP =    37500   TIME(PS) =    2815.000  TEMP(K) =   302.53  PRESS =   -77.3
 Etot   =   -100011.7108  EKtot   =     25791.6562  EPtot      =   -125803.3671
 BOND   =       899.3627  ANGLE   =      2328.5121  DIHED      =      3522.3528
 1-4 NB =      1022.2488  1-4 EEL =     12142.7585  VDWAALS    =     14900.9271
 EELEC  =   -160619.5292  EHBOND  =         0.0000  RESTRAINT  =         0.0000
 EKCMT  =     11163.3732  VIRIAL  =     11861.7377  VOLUME     =    418306.3437
                                                    Density    =         1.0146
 ------------------------------------------------------------------------------

wrapping first mol.:       27.19281       38.45645       66.60851
wrapping first mol.:       27.19281       38.45645       66.60851

 NSTEP =    38000   TIME(PS) =    2816.000  TEMP(K) =   297.56  PRESS =  -164.5
 Etot   =   -100394.2536  EKtot   =     25368.3613  EPtot      =   -125762.6149
 BOND   =       828.4428  ANGLE   =      2339.4900  DIHED      =      3509.3165
 1-4 NB =      1028.2635  1-4 EEL =     12205.3359  VDWAALS    =     14740.7234
 EELEC  =   -160414.1870  EHBOND  =         0.0000  RESTRAINT  =         0.0000
 EKCMT  =     11090.3260  VIRIAL  =     12574.7994  VOLUME     =    417936.7611
                                                    Density    =         1.0155
 ------------------------------------------------------------------------------

wrapping first mol.:       27.19145       38.45452       66.60518
wrapping first mol.:       27.19145       38.45452       66.60518

 NSTEP =    38500   TIME(PS) =    2817.000  TEMP(K) =   298.44  PRESS =   232.4
 Etot   =   -100411.4876  EKtot   =     25443.2520  EPtot      =   -125854.7395
 BOND   =       852.9927  ANGLE   =      2378.5563  DIHED      =      3469.9271
 1-4 NB =      1033.7456  1-4 EEL =     12228.3339  VDWAALS    =     15229.5090
 EELEC  =   -161047.8042  EHBOND  =         0.0000  RESTRAINT  =         0.0000
 EKCMT  =     11117.6932  VIRIAL  =      9021.1797  VOLUME     =    417859.2318
                                                    Density    =         1.0157
 ------------------------------------------------------------------------------

wrapping first mol.:       27.16970       38.42375       66.55189
wrapping first mol.:       27.16970       38.42375       66.55189

 NSTEP =    39000   TIME(PS) =    2818.000  TEMP(K) =   299.74  PRESS =   -24.9
 Etot   =   -100326.7246  EKtot   =     25554.2930  EPtot      =   -125881.0176
 BOND   =       856.5847  ANGLE   =      2365.8945  DIHED      =      3471.9679
 1-4 NB =      1010.1132  1-4 EEL =     12298.7042  VDWAALS    =     15044.9193
 EELEC  =   -160929.2015  EHBOND  =         0.0000  RESTRAINT  =         0.0000
 EKCMT  =     11228.2781  VIRIAL  =     11452.7536  VOLUME     =    416866.5562
                                                    Density    =         1.0181
 ------------------------------------------------------------------------------

wrapping first mol.:       27.16797       38.42132       66.54767
wrapping first mol.:       27.16797       38.42132       66.54767

 NSTEP =    39500   TIME(PS) =    2819.000  TEMP(K) =   300.05  PRESS =    50.2
 Etot   =   -100059.8160  EKtot   =     25580.6035  EPtot      =   -125640.4195
 BOND   =       868.3316  ANGLE   =      2298.7853  DIHED      =      3507.3618
 1-4 NB =      1020.1552  1-4 EEL =     12224.2767  VDWAALS    =     15097.4762
 EELEC  =   -160656.8063  EHBOND  =         0.0000  RESTRAINT  =         0.0000
 EKCMT  =     11152.7211  VIRIAL  =     10701.0804  VOLUME     =    416784.4943
                                                    Density    =         1.0183
 ------------------------------------------------------------------------------

wrapping first mol.:       27.16708       38.42005       66.54547
wrapping first mol.:       27.16708       38.42005       66.54547

 NSTEP =    40000   TIME(PS) =    2820.000  TEMP(K) =   299.84  PRESS =  -147.7
 Etot   =   -100408.8333  EKtot   =     25562.7617  EPtot      =   -125971.5950
 BOND   =       811.8563  ANGLE   =      2312.7996  DIHED      =      3529.9730
 1-4 NB =      1047.9308  1-4 EEL =     12226.8082  VDWAALS    =     14916.6388
 EELEC  =   -160817.6018  EHBOND  =         0.0000  RESTRAINT  =         0.0000
 EKCMT  =     11101.3028  VIRIAL  =     12430.2980  VOLUME     =    416750.6337
                                                    Density    =         1.0184
 ------------------------------------------------------------------------------

wrapping first mol.:       27.16384       38.41547       66.53754
wrapping first mol.:       27.16384       38.41547       66.53754

 NSTEP =    40500   TIME(PS) =    2821.000  TEMP(K) =   299.15  PRESS =  -174.0
 Etot   =   -100309.4660  EKtot   =     25503.6855  EPtot      =   -125813.1516
 BOND   =       824.9959  ANGLE   =      2328.4639  DIHED      =      3520.3847
 1-4 NB =      1027.4660  1-4 EEL =     12245.1671  VDWAALS    =     14744.8386
 EELEC  =   -160504.4678  EHBOND  =         0.0000  RESTRAINT  =         0.0000
 EKCMT  =     11160.9449  VIRIAL  =     12725.8574  VOLUME     =    416602.6510
                                                    Density    =         1.0188
 ------------------------------------------------------------------------------

wrapping first mol.:       27.16440       38.41626       66.53890
wrapping first mol.:       27.16440       38.41626       66.53890

 NSTEP =    41000   TIME(PS) =    2822.000  TEMP(K) =   302.35  PRESS =    33.2
 Etot   =   -100008.4341  EKtot   =     25776.7422  EPtot      =   -125785.1763
 BOND   =       811.7036  ANGLE   =      2312.0541  DIHED      =      3486.6324
 1-4 NB =      1025.8869  1-4 EEL =     12240.7289  VDWAALS    =     15180.5207
 EELEC  =   -160842.7030  EHBOND  =         0.0000  RESTRAINT  =         0.0000
 EKCMT  =     11332.0754  VIRIAL  =     11033.1500  VOLUME     =    416620.4937
                                                    Density    =         1.0187
 ------------------------------------------------------------------------------

wrapping first mol.:       27.18691       38.44810       66.59406
wrapping first mol.:       27.18691       38.44810       66.59406

 NSTEP =    41500   TIME(PS) =    2823.000  TEMP(K) =   298.32  PRESS =  -102.4
 Etot   =   -100144.9569  EKtot   =     25432.8340  EPtot      =   -125577.7909
 BOND   =       822.9855  ANGLE   =      2318.7230  DIHED      =      3491.2637
 1-4 NB =      1035.9988  1-4 EEL =     12262.2333  VDWAALS    =     14834.3363
 EELEC  =   -160343.3316  EHBOND  =         0.0000  RESTRAINT  =         0.0000
 EKCMT  =     11077.2113  VIRIAL  =     12000.8084  VOLUME     =    417662.3751
                                                    Density    =         1.0162
 ------------------------------------------------------------------------------

wrapping first mol.:       27.18607       38.44690       66.59198
wrapping first mol.:       27.18607       38.44690       66.59198

 NSTEP =    42000   TIME(PS) =    2824.000  TEMP(K) =   300.01  PRESS =  -340.0
 Etot   =   -100079.1961  EKtot   =     25576.6367  EPtot      =   -125655.8328
 BOND   =       872.0510  ANGLE   =      2365.3237  DIHED      =      3495.3728
 1-4 NB =      1032.1738  1-4 EEL =     12262.0216  VDWAALS    =     14923.8948
 EELEC  =   -160606.6704  EHBOND  =         0.0000  RESTRAINT  =         0.0000
 EKCMT  =     11146.4574  VIRIAL  =     14212.1150  VOLUME     =    417632.2657
                                                    Density    =         1.0163
 ------------------------------------------------------------------------------

wrapping first mol.:       27.17581       38.43239       66.56685
wrapping first mol.:       27.17581       38.43239       66.56685

 NSTEP =    42500   TIME(PS) =    2825.000  TEMP(K) =   301.29  PRESS =    48.1
 Etot   =    -99905.0429  EKtot   =     25686.0449  EPtot      =   -125591.0878
 BOND   =       862.6848  ANGLE   =      2321.2757  DIHED      =      3470.4404
 1-4 NB =      1015.0541  1-4 EEL =     12223.4910  VDWAALS    =     14892.8562
 EELEC  =   -160376.8900  EHBOND  =         0.0000  RESTRAINT  =         0.0000
 EKCMT  =     11094.9181  VIRIAL  =     10661.6964  VOLUME     =    417145.1492
                                                    Density    =         1.0175
 ------------------------------------------------------------------------------

wrapping first mol.:       27.17065       38.42510       66.55422
wrapping first mol.:       27.17065       38.42510       66.55422

 NSTEP =    43000   TIME(PS) =    2826.000  TEMP(K) =   299.64  PRESS =   244.0
 Etot   =    -99788.8486  EKtot   =     25545.6934  EPtot      =   -125334.5420
 BOND   =       832.5204  ANGLE   =      2413.4166  DIHED      =      3464.5644
 1-4 NB =      1040.2449  1-4 EEL =     12210.5681  VDWAALS    =     14968.5827
 EELEC  =   -160264.4392  EHBOND  =         0.0000  RESTRAINT  =         0.0000
 EKCMT  =     11200.8657  VIRIAL  =      9004.5505  VOLUME     =    416900.4257
                                                    Density    =         1.0181
 ------------------------------------------------------------------------------

wrapping first mol.:       27.17436       38.43034       66.56330
wrapping first mol.:       27.17436       38.43034       66.56330

 NSTEP =    43500   TIME(PS) =    2827.000  TEMP(K) =   301.12  PRESS =  -106.7
 Etot   =    -99816.3244  EKtot   =     25671.4414  EPtot      =   -125487.7658
 BOND   =       854.9438  ANGLE   =      2398.6312  DIHED      =      3508.2887
 1-4 NB =      1047.8315  1-4 EEL =     12214.2842  VDWAALS    =     14862.8626
 EELEC  =   -160374.6079  EHBOND  =         0.0000  RESTRAINT  =         0.0000
 EKCMT  =     11184.2212  VIRIAL  =     12144.8853  VOLUME     =    417084.0718
                                                    Density    =         1.0176
 ------------------------------------------------------------------------------

wrapping first mol.:       27.17871       38.43649       66.57395
wrapping first mol.:       27.17871       38.43649       66.57395

 NSTEP =    44000   TIME(PS) =    2828.000  TEMP(K) =   299.10  PRESS =    59.1
 Etot   =    -99848.1960  EKtot   =     25499.4785  EPtot      =   -125347.6745
 BOND   =       873.0802  ANGLE   =      2395.5564  DIHED      =      3486.1440
 1-4 NB =      1043.2108  1-4 EEL =     12231.8165  VDWAALS    =     14917.6050
 EELEC  =   -160295.0875  EHBOND  =         0.0000  RESTRAINT  =         0.0000
 EKCMT  =     11140.3218  VIRIAL  =     10608.1239  VOLUME     =    417278.2717
                                                    Density    =         1.0171
 ------------------------------------------------------------------------------

wrapping first mol.:       27.18052       38.43906       66.57840
wrapping first mol.:       27.18052       38.43906       66.57840

 NSTEP =    44500   TIME(PS) =    2829.000  TEMP(K) =   299.19  PRESS =     2.2
 Etot   =   -100015.7311  EKtot   =     25506.7852  EPtot      =   -125522.5163
 BOND   =       812.2287  ANGLE   =      2293.3465  DIHED      =      3506.6184
 1-4 NB =      1043.4214  1-4 EEL =     12240.7870  VDWAALS    =     14829.5407
 EELEC  =   -160248.4590  EHBOND  =         0.0000  RESTRAINT  =         0.0000
 EKCMT  =     11098.3021  VIRIAL  =     11078.6617  VOLUME     =    417364.0415
                                                    Density    =         1.0169
 ------------------------------------------------------------------------------

wrapping first mol.:       27.18101       38.43975       66.57960
wrapping first mol.:       27.18101       38.43975       66.57960

 NSTEP =    45000   TIME(PS) =    2830.000  TEMP(K) =   302.34  PRESS =     9.1
 Etot   =   -100084.1780  EKtot   =     25775.4023  EPtot      =   -125859.5803
 BOND   =       903.9684  ANGLE   =      2411.2529  DIHED      =      3532.9291
 1-4 NB =      1020.0137  1-4 EEL =     12127.0891  VDWAALS    =     15112.2697
 EELEC  =   -160967.1032  EHBOND  =         0.0000  RESTRAINT  =         0.0000
 EKCMT  =     11215.4503  VIRIAL  =     11133.0035  VOLUME     =    417386.2766
                                                    Density    =         1.0169
 ------------------------------------------------------------------------------

wrapping first mol.:       27.16685       38.41972       66.54491
wrapping first mol.:       27.16685       38.41972       66.54491

 NSTEP =    45500   TIME(PS) =    2831.000  TEMP(K) =   299.82  PRESS =  -267.9
 Etot   =   -100318.8893  EKtot   =     25560.9609  EPtot      =   -125879.8503
 BOND   =       831.1987  ANGLE   =      2350.8121  DIHED      =      3492.2284
 1-4 NB =      1064.6721  1-4 EEL =     12240.6790  VDWAALS    =     14812.5549
 EELEC  =   -160671.9953  EHBOND  =         0.0000  RESTRAINT  =         0.0000
 EKCMT  =     11024.7241  VIRIAL  =     13435.0477  VOLUME     =    416744.4478
                                                    Density    =         1.0184
 ------------------------------------------------------------------------------

wrapping first mol.:       27.16652       38.41926       66.54410
wrapping first mol.:       27.16652       38.41926       66.54410

 NSTEP =    46000   TIME(PS) =    2832.000  TEMP(K) =   301.34  PRESS =    78.9
 Etot   =    -99840.7479  EKtot   =     25689.9023  EPtot      =   -125530.6502
 BOND   =       855.5129  ANGLE   =      2333.2364  DIHED      =      3480.7212
 1-4 NB =      1039.0017  1-4 EEL =     12256.2682  VDWAALS    =     15055.6693
 EELEC  =   -160551.0600  EHBOND  =         0.0000  RESTRAINT  =         0.0000
 EKCMT  =     11240.5695  VIRIAL  =     10530.6305  VOLUME     =    416716.3647
                                                    Density    =         1.0185
 ------------------------------------------------------------------------------

wrapping first mol.:       27.16932       38.42322       66.55097
wrapping first mol.:       27.16932       38.42322       66.55097

 NSTEP =    46500   TIME(PS) =    2833.000  TEMP(K) =   301.79  PRESS =    71.1
 Etot   =   -100147.0947  EKtot   =     25728.2852  EPtot      =   -125875.3798
 BOND   =       849.6441  ANGLE   =      2369.0971  DIHED      =      3480.7414
 1-4 NB =      1034.3892  1-4 EEL =     12224.8279  VDWAALS    =     14824.2387
 EELEC  =   -160658.3181  EHBOND  =         0.0000  RESTRAINT  =         0.0000
 EKCMT  =     11258.1653  VIRIAL  =     10618.4299  VOLUME     =    416845.7131
                                                    Density    =         1.0182
 ------------------------------------------------------------------------------

wrapping first mol.:       27.17385       38.42963       66.56206
wrapping first mol.:       27.17385       38.42963       66.56206

 NSTEP =    47000   TIME(PS) =    2834.000  TEMP(K) =   298.31  PRESS =    17.8
 Etot   =   -100297.0936  EKtot   =     25432.3633  EPtot      =   -125729.4569
 BOND   =       808.4644  ANGLE   =      2363.7862  DIHED      =      3473.6966
 1-4 NB =      1034.8732  1-4 EEL =     12234.1309  VDWAALS    =     15076.7446
 EELEC  =   -160721.1528  EHBOND  =         0.0000  RESTRAINT  =         0.0000
 EKCMT  =     11146.5298  VIRIAL  =     10985.9173  VOLUME     =    417056.2556
                                                    Density    =         1.0177
 ------------------------------------------------------------------------------

wrapping first mol.:       27.16934       38.42325       66.55101
wrapping first mol.:       27.16934       38.42325       66.55101

 NSTEP =    47500   TIME(PS) =    2835.000  TEMP(K) =   300.13  PRESS =    38.8
 Etot   =    -99693.9781  EKtot   =     25587.3125  EPtot      =   -125281.2906
 BOND   =       873.4852  ANGLE   =      2366.8740  DIHED      =      3479.1161
 1-4 NB =      1042.2324  1-4 EEL =     12215.4526  VDWAALS    =     14867.4926
 EELEC  =   -160125.9436  EHBOND  =         0.0000  RESTRAINT  =         0.0000
 EKCMT  =     11140.5732  VIRIAL  =     10790.9848  VOLUME     =    416847.7019
                                                    Density    =         1.0182
 ------------------------------------------------------------------------------

wrapping first mol.:       27.16765       38.42085       66.54687
wrapping first mol.:       27.16765       38.42085       66.54687

 NSTEP =    48000   TIME(PS) =    2836.000  TEMP(K) =   300.41  PRESS =   -86.9
 Etot   =   -100112.8331  EKtot   =     25611.3965  EPtot      =   -125724.2296
 BOND   =       877.3241  ANGLE   =      2419.1476  DIHED      =      3454.7950
 1-4 NB =      1036.2634  1-4 EEL =     12201.5859  VDWAALS    =     14925.7812
 EELEC  =   -160639.1269  EHBOND  =         0.0000  RESTRAINT  =         0.0000
 EKCMT  =     11072.0353  VIRIAL  =     11854.4199  VOLUME     =    416774.5644
                                                    Density    =         1.0184
 ------------------------------------------------------------------------------

wrapping first mol.:       27.17374       38.42948       66.56180
wrapping first mol.:       27.17374       38.42948       66.56180

 NSTEP =    48500   TIME(PS) =    2837.000  TEMP(K) =   299.11  PRESS =    62.2
 Etot   =   -100256.1051  EKtot   =     25499.9609  EPtot      =   -125756.0660
 BOND   =       863.6902  ANGLE   =      2382.2127  DIHED      =      3484.1130
 1-4 NB =      1028.4797  1-4 EEL =     12247.5350  VDWAALS    =     14927.3775
 EELEC  =   -160689.4741  EHBOND  =         0.0000  RESTRAINT  =         0.0000
 EKCMT  =     11119.4431  VIRIAL  =     10559.3984  VOLUME     =    417049.6268
                                                    Density    =         1.0177
 ------------------------------------------------------------------------------

wrapping first mol.:       27.15792       38.40709       66.52303
wrapping first mol.:       27.15792       38.40709       66.52303

 NSTEP =    49000   TIME(PS) =    2838.000  TEMP(K) =   300.44  PRESS =  -259.2
 Etot   =   -100272.9313  EKtot   =     25613.6973  EPtot      =   -125886.6286
 BOND   =       829.4700  ANGLE   =      2293.4730  DIHED      =      3506.9104
 1-4 NB =      1034.3328  1-4 EEL =     12250.7921  VDWAALS    =     14927.7945
 EELEC  =   -160729.4015  EHBOND  =         0.0000  RESTRAINT  =         0.0000
 EKCMT  =     11140.5125  VIRIAL  =     13470.7763  VOLUME     =    416333.2833
                                                    Density    =         1.0194
 ------------------------------------------------------------------------------

wrapping first mol.:       27.14439       38.38797       66.48991
wrapping first mol.:       27.14439       38.38797       66.48991

 NSTEP =    49500   TIME(PS) =    2839.000  TEMP(K) =   299.73  PRESS =  -259.9
 Etot   =   -100672.4560  EKtot   =     25552.8594  EPtot      =   -126225.3154
 BOND   =       888.2453  ANGLE   =      2359.1304  DIHED      =      3498.8674
 1-4 NB =      1016.2851  1-4 EEL =     12199.7373  VDWAALS    =     14952.1305
 EELEC  =   -161139.7113  EHBOND  =         0.0000  RESTRAINT  =         0.0000
 EKCMT  =     11081.6813  VIRIAL  =     13414.8192  VOLUME     =    415711.6656
                                                    Density    =         1.0210
 ------------------------------------------------------------------------------

wrapping first mol.:       27.14006       38.38184       66.47929
wrapping first mol.:       27.14006       38.38184       66.47929

 NSTEP =    50000   TIME(PS) =    2840.000  TEMP(K) =   299.93  PRESS =   110.8
 Etot   =   -100577.9110  EKtot   =     25570.2422  EPtot      =   -126148.1532
 BOND   =       860.4252  ANGLE   =      2302.9509  DIHED      =      3467.1268
 1-4 NB =      1016.1606  1-4 EEL =     12191.6319  VDWAALS    =     15004.1364
 EELEC  =   -160990.5850  EHBOND  =         0.0000  RESTRAINT  =         0.0000
 EKCMT  =     11180.2643  VIRIAL  =     10186.3382  VOLUME     =    415498.9309
                                                    Density    =         1.0215
 ------------------------------------------------------------------------------


      A V E R A G E S   O V E R     100 S T E P S


 NSTEP =    50000   TIME(PS) =    2840.000  TEMP(K) =   300.01  PRESS =    -0.6
 Etot   =   -100108.1066  EKtot   =     25577.0130  EPtot      =   -125685.1196
 BOND   =       852.0761  ANGLE   =      2353.8397  DIHED      =      3497.6168
 1-4 NB =      1033.4452  1-4 EEL =     12235.7429  VDWAALS    =     14958.0869
 EELEC  =   -160615.9273  EHBOND  =         0.0000  RESTRAINT  =         0.0000
 EKCMT  =     11138.4415  VIRIAL  =     11143.9007  VOLUME     =    417214.8271
                                                    Density    =         1.0173
 ------------------------------------------------------------------------------


      R M S  F L U C T U A T I O N S


 NSTEP =    50000   TIME(PS) =    2840.000  TEMP(K) =     1.07  PRESS =   133.1
 Etot   =       200.7501  EKtot   =        91.1910  EPtot      =       189.1919
 BOND   =        23.5061  ANGLE   =        37.8617  DIHED      =        21.3417
 1-4 NB =        13.5125  1-4 EEL =        33.7188  VDWAALS    =       141.8124
 EELEC  =       253.2648  EHBOND  =         0.0000  RESTRAINT  =         0.0000
 EKCMT  =        69.5087  VIRIAL  =      1187.1062  VOLUME     =       509.2577
                                                    Density    =         0.0012
 ------------------------------------------------------------------------------

--------------------------------------------------------------------------------
   5.  TIMINGS
--------------------------------------------------------------------------------

|  NonSetup CPU Time in Major Routines:
|
|     Routine           Sec        %
|     ------------------------------
|     Nonbond         240.12   88.83
|     Bond              0.00    0.00
|     Angle             0.00    0.00
|     Dihedral          0.00    0.00
|     Shake             0.37    0.14
|     RunMD            29.79   11.02
|     Other             0.04    0.01
|     ------------------------------
|     Total           270.32

|  PME Nonbond Pairlist CPU Time:
|
|     Routine              Sec        %
|     ---------------------------------
|     Set Up Cit           0.00    0.00
|     Build List           0.00    0.00
|     ---------------------------------
|     Total                0.00    0.00

|  PME Direct Force CPU Time:
|
|     Routine              Sec        %
|     ---------------------------------
|     NonBonded Calc       0.00    0.00
|     Exclude Masked       0.00    0.00
|     Other                0.02    0.01
|     ---------------------------------
|     Total                0.02    0.01

|  PME Reciprocal Force CPU Time:
|
|     Routine              Sec        %
|     ---------------------------------
|     1D bspline           0.00    0.00
|     Grid Charges         0.00    0.00
|     Scalar Sum           0.00    0.00
|     Gradient Sum         0.00    0.00
|     FFT                  0.00    0.00
|     ---------------------------------
|     Total                0.00    0.00

|  Final Performance Info:
|     -----------------------------------------------------
|     Average timings for last    4500 steps:
|     Elapsed(s) =      24.36 Per Step(ms) =       5.41
|         ns/day =      31.93   seconds/ns =    2706.28
|
|     Average timings for all steps:
|     Elapsed(s) =     438.69 Per Step(ms) =       8.77
|         ns/day =      19.69   seconds/ns =    4386.94
|     -----------------------------------------------------

|  Setup CPU time:            0.64 seconds
|  NonSetup CPU time:       270.32 seconds
|  Total CPU time:          270.96 seconds     0.08 hours

|  Setup wall time:           1    seconds
|  NonSetup wall time:      438    seconds
|  Total wall time:         439    seconds     0.12 hours
