
          -------------------------------------------------------
          Amber 16 PMEMD                              2016
          -------------------------------------------------------

| PMEMD implementation of SANDER, Release 16

| Run on 11/03/2016 at 20:08:00

|   Executable path: pmemd.cuda
| Working directory: /home/german/exs/run/1m14/mhe/e
|          Hostname: Unknown
  [-O]verwriting output

File Assignments:
|   MDIN: 29equ.in                                                              
|  MDOUT: 29equ.out                                                             
| INPCRD: 28e1m14.rst7                                                          
|   PARM: 1m14.prmtop                                                           
| RESTRT: 29e1m14.rst7                                                          
|   REFC: 28e1m14.rst7                                                          
|  MDVEL: mdvel                                                                 
|   MDEN: mden                                                                  
|  MDCRD: 29e1m14.nc                                                            
| MDINFO: mdinfo                                                                
|  MDFRC: mdfrc                                                                 


 Here is the input file:

Equilibration with solute restrictions                                         
&cntrl                                                                         
imin = 0,                           ! No Minimization                          
nmropt = 0,                         ! No NMR restraints read                   
                                                                               
! Nature and format of the input                                               
ntx = 5,                            ! Coordinates but no velocities will be rea
irest = 1,                          ! Do not run a new simulation              
                                                                               
! Nature and format of the output                                              
ntxo = 1,                           ! rstrt file in ASCII format               
ntpr = 500,                         ! inf in output every ntpr steps           
ntwr = 500,                         ! rstrt file every ntwr steps              
ntwx = 500,                         ! mdcrd file every ntwx steps              
ntwv = 0,                           ! mdvel without velocities                 
ntwe = 0,                           ! Energies and temperatures not written in 
idecomp = 0,                        ! No energy decomposition                  
iwrap = 1,                          ! Coordinates of the restart and mdcrd file
                                                                               
! Frozen or restrained atoms                                                   
ibelly = 0,                         ! No frozen atoms                          
ntr=1,                              ! Harmonic potential restraints            
restraint_wt = 0.0,                ! The weight for the positional restraints  
restraintmask = ':1-277@N,CA,C,O',  ! restrained residues                      
                                                                               
! Molecular dynamics                                                           
nstlim = 50000,                     ! Number of MD-steps                       
dt = 0.002,                         ! Time step                                
                                                                               
! Temperature regulation                                                       
ntt = 3,                            ! Langevin thermostat                      
gamma_ln = 5,                       ! Gamma constant for Langevin              
!temp0 = 300.0,                     ! Reference T at which the system is to be 
tempi = 300.0,                      ! Initial T                                
ig = -1,                            ! Seed for the RNG                         
                                                                               
! P and V regulation                                                           
ntp = 1,                            ! Constant P. Isotropic scaling            
barostat = 1,                       ! Berendsen barostat                       
taup = 1,                           ! Pressure relaxation time                 
nrespa = 1,                         ! Evaluate at each step                    
ntb = 2,                            ! Periodic box for constant P              
                                                                               
! SHAKE variables                                                              
ntc = 2,                            ! Bonds involving H are constrained        
ntf = 2,                            ! Bond interaction involving H are ommited.
                                                                               
cut = 10.0,                         ! Nonbonded cutoff                         
/                                                                              
&end                                                                           


Note: ig = -1. Setting random seed to   160785 based on wallclock time in 
      microseconds.
 
|--------------------- INFORMATION ----------------------
| GPU (CUDA) Version of PMEMD in use: NVIDIA GPU IN USE.
|                    Version 16.0.0
| 
|                      02/25/2016
| 
| Implementation by:
|                    Ross C. Walker     (SDSC)
|                    Scott Le Grand     (nVIDIA)
| 
| Precision model in use:
|      [SPFP] - Single Precision Forces, 64-bit Fixed Point
|               Accumulation. (Default)
| 
|--------------------------------------------------------
 
|----------------- CITATION INFORMATION -----------------
|
|    When publishing work that utilized the CUDA version
|    of AMBER, please cite the following in addition to
|    the regular AMBER citations:
|
|  - Romelia Salomon-Ferrer; Andreas W. Goetz; Duncan
|    Poole; Scott Le Grand; Ross C. Walker "Routine
|    microsecond molecular dynamics simulations with
|    AMBER - Part II: Particle Mesh Ewald", J. Chem.
|    Theory Comput., 2013, 9 (9), pp3878-3888,
|    DOI: 10.1021/ct400314y.
|
|  - Andreas W. Goetz; Mark J. Williamson; Dong Xu;
|    Duncan Poole; Scott Le Grand; Ross C. Walker
|    "Routine microsecond molecular dynamics simulations
|    with AMBER - Part I: Generalized Born", J. Chem.
|    Theory Comput., 2012, 8 (5), pp1542-1555.
|
|  - Scott Le Grand; Andreas W. Goetz; Ross C. Walker
|    "SPFP: Speed without compromise - a mixed precision
|    model for GPU accelerated molecular dynamics
|    simulations.", Comp. Phys. Comm., 2013, 184
|    pp374-380, DOI: 10.1016/j.cpc.2012.09.022
|
|--------------------------------------------------------
 
|------------------- GPU DEVICE INFO --------------------
|
|            CUDA_VISIBLE_DEVICES: 1
|   CUDA Capable Devices Detected:      1
|           CUDA Device ID in use:      0
|                CUDA Device Name: GeForce GTX 1060 6GB
|     CUDA Device Global Mem Size:   6072 MB
| CUDA Device Num Multiprocessors:     10
|           CUDA Device Core Freq:   1.76 GHz
|
|--------------------------------------------------------
 
 
| Conditional Compilation Defines Used:
| PUBFFT
| BINTRAJ
| CUDA
| EMIL

| Largest sphere to fit in unit cell has radius =    33.252

| New format PARM file being parsed.
| Version =    1.000 Date = 11/02/16 Time = 18:58:44

| Note: 1-4 EEL scale factors are being read from the topology file.

| Note: 1-4 VDW scale factors are being read from the topology file.
| Duplicated    0 dihedrals

| Duplicated    0 dihedrals

--------------------------------------------------------------------------------
   1.  RESOURCE   USE: 
--------------------------------------------------------------------------------

 getting new box info from bottom of inpcrd
 NATOM  =   41788 NTYPES =      17 NBONH =   39561 MBONA  =    2274
 NTHETH =    5230 MTHETA =    3076 NPHIH =   10294 MPHIA  =    9773
 NHPARM =       0 NPARM  =       0 NNB   =   74758 NRES   =   12704
 NBONA  =    2274 NTHETA =    3076 NPHIA =    9773 NUMBND =      71
 NUMANG =     161 NPTRA  =     201 NATYP =      37 NPHB   =       1
 IFBOX  =       2 NMXRS  =      24 IFCAP =       0 NEXTRA =       0
 NCOPY  =       0

| Coordinate Index Table dimensions:    13   13   13
| Direct force subcell size =     6.2655    6.2655    6.2655

     BOX TYPE: TRUNCATED OCTAHEDRON

--------------------------------------------------------------------------------
   2.  CONTROL  DATA  FOR  THE  RUN
--------------------------------------------------------------------------------

default_name                                                                    

General flags:
     imin    =       0, nmropt  =       0

Nature and format of input:
     ntx     =       5, irest   =       1, ntrx    =       1

Nature and format of output:
     ntxo    =       1, ntpr    =     500, ntrx    =       1, ntwr    =     500
     iwrap   =       1, ntwx    =     500, ntwv    =       0, ntwe    =       0
     ioutfm  =       1, ntwprt  =       0, idecomp =       0, rbornstat=      0

Potential function:
     ntf     =       2, ntb     =       2, igb     =       0, nsnb    =      25
     ipol    =       0, gbsa    =       0, iesp    =       0
     dielc   =   1.00000, cut     =  10.00000, intdiel =   1.00000

Frozen or restrained atoms:
     ibelly  =       0, ntr     =       1
     restraint_wt =   0.00000

Molecular dynamics:
     nstlim  =     50000, nscm    =         0, nrespa  =         1
     t       =   0.00000, dt      =   0.00200, vlimit  =  -1.00000

Langevin dynamics temperature regulation:
     ig      =  160785
     temp0   = 300.00000, tempi   = 300.00000, gamma_ln=   5.00000

Pressure regulation:
     ntp     =       1
     pres0   =   1.00000, comp    =  44.60000, taup    =   1.00000

SHAKE:
     ntc     =       2, jfastw  =       0
     tol     =   0.00001

| Intermolecular bonds treatment:
|     no_intermolecular_bonds =       1

| Energy averages sample interval:
|     ene_avg_sampling =     500

Ewald parameters:
     verbose =       0, ew_type =       0, nbflag  =       1, use_pme =       1
     vdwmeth =       1, eedmeth =       1, netfrc  =       1
     Box X =   81.452   Box Y =   81.452   Box Z =   81.452
     Alpha =  109.471   Beta  =  109.471   Gamma =  109.471
     NFFT1 =   84       NFFT2 =   84       NFFT3 =   84
     Cutoff=   10.000   Tol   =0.100E-04
     Ewald Coefficient =  0.27511
     Interpolation order =    4

    LOADING THE CONSTRAINED ATOMS AS GROUPS


   5.  REFERENCE ATOM COORDINATES

  default_name                                                                    
     Mask :1-277@N,CA,C,O; matches  1108 atoms

--------------------------------------------------------------------------------
   3.  ATOMIC COORDINATES AND VELOCITIES
--------------------------------------------------------------------------------

default_name                                                                    
 begin time read from input coords =  2940.000 ps

 
 Number of triangulated 3-point waters found:    12424

     Sum of charges from parm topology file =  -0.00000014
     Forcing neutrality...

| Dynamic Memory, Types Used:
| Reals             1922650
| Integers          1476360

| Nonbonded Pairs Initial Allocation:    12639825

| GPU memory information (estimate):
| KB of GPU memory in use:    333977
| KB of CPU memory in use:     63449

--------------------------------------------------------------------------------
   4.  RESULTS
--------------------------------------------------------------------------------

 ---------------------------------------------------
 APPROXIMATING switch and d/dx switch using CUBIC SPLINE INTERPOLATION
 using   5000.0 points per unit in tabled values
 TESTING RELATIVE ERROR over r ranging from 0.0 to cutoff
| CHECK switch(x): max rel err =   0.2738E-14   at   2.422500
| CHECK d/dx switch(x): max rel err =   0.8314E-11   at   2.736960
 ---------------------------------------------------
|---------------------------------------------------
| APPROXIMATING direct energy using CUBIC SPLINE INTERPOLATION
|  with   50.0 points per unit in tabled values
| Relative Error Limit not exceeded for r .gt.   2.33
| APPROXIMATING direct force using CUBIC SPLINE INTERPOLATION
|  with   50.0 points per unit in tabled values
| Relative Error Limit not exceeded for r .gt.   2.80
|---------------------------------------------------
wrapping first mol.:       27.16960       38.42362       66.55165
wrapping first mol.:       27.16960       38.42362       66.55165

 NSTEP =      500   TIME(PS) =    2941.000  TEMP(K) =   301.76  PRESS =  -100.9
 Etot   =   -100029.2489  EKtot   =     25726.0938  EPtot      =   -125755.3426
 BOND   =       854.4590  ANGLE   =      2362.9142  DIHED      =      3487.0484
 1-4 NB =      1022.2264  1-4 EEL =     12201.7983  VDWAALS    =     14993.2580
 EELEC  =   -160677.0469  EHBOND  =         0.0000  RESTRAINT  =         0.0000
 EKCMT  =     11194.3799  VIRIAL  =     12102.9534  VOLUME     =    416865.0019
                                                    Density    =         1.0181
 ------------------------------------------------------------------------------

wrapping first mol.:       27.17605       38.43274       66.56746
wrapping first mol.:       27.17605       38.43274       66.56746

 NSTEP =     1000   TIME(PS) =    2942.000  TEMP(K) =   299.76  PRESS =     1.1
 Etot   =    -99917.9354  EKtot   =     25555.4805  EPtot      =   -125473.4159
 BOND   =       864.0875  ANGLE   =      2355.2540  DIHED      =      3481.2583
 1-4 NB =      1032.0611  1-4 EEL =     12207.3538  VDWAALS    =     14982.3383
 EELEC  =   -160395.7689  EHBOND  =         0.0000  RESTRAINT  =         0.0000
 EKCMT  =     11185.9309  VIRIAL  =     11176.1749  VOLUME     =    417158.2358
                                                    Density    =         1.0174
 ------------------------------------------------------------------------------

wrapping first mol.:       27.17644       38.43329       66.56841
wrapping first mol.:       27.17644       38.43329       66.56841

 NSTEP =     1500   TIME(PS) =    2943.000  TEMP(K) =   301.46  PRESS =  -150.8
 Etot   =    -99931.5541  EKtot   =     25700.6699  EPtot      =   -125632.2241
 BOND   =       866.9944  ANGLE   =      2322.8644  DIHED      =      3479.8876
 1-4 NB =      1034.6663  1-4 EEL =     12170.5541  VDWAALS    =     14847.9835
 EELEC  =   -160355.1743  EHBOND  =         0.0000  RESTRAINT  =         0.0000
 EKCMT  =     11162.3755  VIRIAL  =     12520.5130  VOLUME     =    417181.8542
                                                    Density    =         1.0174
 ------------------------------------------------------------------------------

wrapping first mol.:       27.15660       38.40523       66.51981
wrapping first mol.:       27.15660       38.40523       66.51981

 NSTEP =     2000   TIME(PS) =    2944.000  TEMP(K) =   298.48  PRESS =    62.8
 Etot   =   -100277.1718  EKtot   =     25446.8438  EPtot      =   -125724.0155
 BOND   =       859.1962  ANGLE   =      2347.7656  DIHED      =      3489.1634
 1-4 NB =      1016.8511  1-4 EEL =     12195.0584  VDWAALS    =     14788.5380
 EELEC  =   -160420.5883  EHBOND  =         0.0000  RESTRAINT  =         0.0000
 EKCMT  =     11083.2429  VIRIAL  =     10518.9382  VOLUME     =    416260.8484
                                                    Density    =         1.0196
 ------------------------------------------------------------------------------

wrapping first mol.:       27.14548       38.38950       66.49257
wrapping first mol.:       27.14548       38.38950       66.49257

 NSTEP =     2500   TIME(PS) =    2945.000  TEMP(K) =   298.51  PRESS =    72.4
 Etot   =   -100106.9106  EKtot   =     25449.2793  EPtot      =   -125556.1899
 BOND   =       897.0256  ANGLE   =      2374.3025  DIHED      =      3494.5710
 1-4 NB =      1016.8752  1-4 EEL =     12196.9807  VDWAALS    =     14911.6173
 EELEC  =   -160447.5621  EHBOND  =         0.0000  RESTRAINT  =         0.0000
 EKCMT  =     11065.1988  VIRIAL  =     10415.5543  VOLUME     =    415749.2603
                                                    Density    =         1.0209
 ------------------------------------------------------------------------------

wrapping first mol.:       27.13948       38.38102       66.47787
wrapping first mol.:       27.13948       38.38102       66.47787

 NSTEP =     3000   TIME(PS) =    2946.000  TEMP(K) =   300.08  PRESS =  -216.9
 Etot   =   -100093.5003  EKtot   =     25582.8613  EPtot      =   -125676.3616
 BOND   =       823.9362  ANGLE   =      2382.2430  DIHED      =      3473.2140
 1-4 NB =      1032.2765  1-4 EEL =     12210.9761  VDWAALS    =     14757.8524
 EELEC  =   -160356.8597  EHBOND  =         0.0000  RESTRAINT  =         0.0000
 EKCMT  =     11029.0757  VIRIAL  =     12975.1880  VOLUME     =    415484.3748
                                                    Density    =         1.0215
 ------------------------------------------------------------------------------

wrapping first mol.:       27.14041       38.38233       66.48014
wrapping first mol.:       27.14041       38.38233       66.48014

 NSTEP =     3500   TIME(PS) =    2947.000  TEMP(K) =   299.86  PRESS =   108.4
 Etot   =   -100317.4171  EKtot   =     25563.7773  EPtot      =   -125881.1944
 BOND   =       869.0336  ANGLE   =      2255.9334  DIHED      =      3523.8640
 1-4 NB =      1008.9774  1-4 EEL =     12220.5914  VDWAALS    =     15107.2944
 EELEC  =   -160866.8887  EHBOND  =         0.0000  RESTRAINT  =         0.0000
 EKCMT  =     11086.2798  VIRIAL  =     10114.2103  VOLUME     =    415514.8158
                                                    Density    =         1.0214
 ------------------------------------------------------------------------------

wrapping first mol.:       27.15703       38.40584       66.52087
wrapping first mol.:       27.15703       38.40584       66.52087

 NSTEP =     4000   TIME(PS) =    2948.000  TEMP(K) =   300.81  PRESS =   -36.4
 Etot   =   -100124.7349  EKtot   =     25645.4043  EPtot      =   -125770.1392
 BOND   =       890.1113  ANGLE   =      2269.5512  DIHED      =      3512.1440
 1-4 NB =      1030.5051  1-4 EEL =     12187.4886  VDWAALS    =     14907.3805
 EELEC  =   -160567.3198  EHBOND  =         0.0000  RESTRAINT  =         0.0000
 EKCMT  =     11146.5332  VIRIAL  =     11473.3000  VOLUME     =    416284.4004
                                                    Density    =         1.0196
 ------------------------------------------------------------------------------

wrapping first mol.:       27.17109       38.42573       66.55531
wrapping first mol.:       27.17109       38.42573       66.55531

 NSTEP =     4500   TIME(PS) =    2949.000  TEMP(K) =   299.58  PRESS =     7.0
 Etot   =   -100146.5194  EKtot   =     25540.3770  EPtot      =   -125686.8964
 BOND   =       819.9410  ANGLE   =      2326.5895  DIHED      =      3474.2382
 1-4 NB =      1031.2375  1-4 EEL =     12262.4385  VDWAALS    =     15085.8923
 EELEC  =   -160687.2335  EHBOND  =         0.0000  RESTRAINT  =         0.0000
 EKCMT  =     11176.0036  VIRIAL  =     11113.2145  VOLUME     =    416929.6660
                                                    Density    =         1.0180
 ------------------------------------------------------------------------------

wrapping first mol.:       27.18651       38.44753       66.59307
wrapping first mol.:       27.18651       38.44753       66.59307

 NSTEP =     5000   TIME(PS) =    2950.000  TEMP(K) =   301.72  PRESS =   154.1
 Etot   =    -99995.4825  EKtot   =     25722.9062  EPtot      =   -125718.3887
 BOND   =       869.7980  ANGLE   =      2296.7053  DIHED      =      3481.4688
 1-4 NB =      1029.1011  1-4 EEL =     12204.6425  VDWAALS    =     15054.5184
 EELEC  =   -160654.6228  EHBOND  =         0.0000  RESTRAINT  =         0.0000
 EKCMT  =     11122.2419  VIRIAL  =      9732.8972  VOLUME     =    417634.2861
                                                    Density    =         1.0163
 ------------------------------------------------------------------------------

wrapping first mol.:       27.18051       38.43904       66.57837
wrapping first mol.:       27.18051       38.43904       66.57837

 NSTEP =     5500   TIME(PS) =    2951.000  TEMP(K) =   300.16  PRESS =  -155.1
 Etot   =   -100010.0505  EKtot   =     25589.4316  EPtot      =   -125599.4821
 BOND   =       903.6860  ANGLE   =      2332.1665  DIHED      =      3532.0452
 1-4 NB =      1041.6314  1-4 EEL =     12252.7193  VDWAALS    =     14855.7701
 EELEC  =   -160517.5006  EHBOND  =         0.0000  RESTRAINT  =         0.0000
 EKCMT  =     11127.4912  VIRIAL  =     12525.3244  VOLUME     =    417369.2117
                                                    Density    =         1.0169
 ------------------------------------------------------------------------------

wrapping first mol.:       27.16842       38.42195       66.54876
wrapping first mol.:       27.16842       38.42195       66.54876

 NSTEP =     6000   TIME(PS) =    2952.000  TEMP(K) =   302.65  PRESS =  -125.6
 Etot   =    -99757.4201  EKtot   =     25801.8730  EPtot      =   -125559.2931
 BOND   =       885.6342  ANGLE   =      2399.7939  DIHED      =      3509.1869
 1-4 NB =      1010.1422  1-4 EEL =     12255.0124  VDWAALS    =     14868.1680
 EELEC  =   -160487.2306  EHBOND  =         0.0000  RESTRAINT  =         0.0000
 EKCMT  =     11314.9296  VIRIAL  =     12445.6556  VOLUME     =    416811.6521
                                                    Density    =         1.0183
 ------------------------------------------------------------------------------

wrapping first mol.:       27.15821       38.40751       66.52376
wrapping first mol.:       27.15821       38.40751       66.52376

 NSTEP =     6500   TIME(PS) =    2953.000  TEMP(K) =   300.96  PRESS =    49.8
 Etot   =   -100238.4693  EKtot   =     25657.5938  EPtot      =   -125896.0630
 BOND   =       840.1933  ANGLE   =      2339.8525  DIHED      =      3508.6445
 1-4 NB =      1022.6499  1-4 EEL =     12225.1337  VDWAALS    =     15048.1939
 EELEC  =   -160880.7309  EHBOND  =         0.0000  RESTRAINT  =         0.0000
 EKCMT  =     11242.5030  VIRIAL  =     10795.1558  VOLUME     =    416335.4766
                                                    Density    =         1.0194
 ------------------------------------------------------------------------------

wrapping first mol.:       27.14240       38.38515       66.48503
wrapping first mol.:       27.14240       38.38515       66.48503

 NSTEP =     7000   TIME(PS) =    2954.000  TEMP(K) =   299.90  PRESS =   -89.2
 Etot   =   -100443.1778  EKtot   =     25567.3672  EPtot      =   -126010.5450
 BOND   =       845.7471  ANGLE   =      2326.0178  DIHED      =      3508.7607
 1-4 NB =      1029.8095  1-4 EEL =     12202.4213  VDWAALS    =     14996.3833
 EELEC  =   -160919.6849  EHBOND  =         0.0000  RESTRAINT  =         0.0000
 EKCMT  =     11120.2676  VIRIAL  =     11920.7940  VOLUME     =    415613.8346
                                                    Density    =         1.0212
 ------------------------------------------------------------------------------

wrapping first mol.:       27.14255       38.38536       66.48538
wrapping first mol.:       27.14255       38.38536       66.48538

 NSTEP =     7500   TIME(PS) =    2955.000  TEMP(K) =   299.95  PRESS =  -122.9
 Etot   =   -100356.2990  EKtot   =     25571.8340  EPtot      =   -125928.1329
 BOND   =       850.8929  ANGLE   =      2378.2231  DIHED      =      3484.2852
 1-4 NB =      1038.1595  1-4 EEL =     12184.8328  VDWAALS    =     14962.4583
 EELEC  =   -160826.9846  EHBOND  =         0.0000  RESTRAINT  =         0.0000
 EKCMT  =     11173.0660  VIRIAL  =     12276.1380  VOLUME     =    415621.7229
                                                    Density    =         1.0212
 ------------------------------------------------------------------------------

wrapping first mol.:       27.15843       38.40782       66.52428
wrapping first mol.:       27.15843       38.40782       66.52428

 NSTEP =     8000   TIME(PS) =    2956.000  TEMP(K) =   299.57  PRESS =     2.3
 Etot   =   -100481.8528  EKtot   =     25539.3750  EPtot      =   -126021.2278
 BOND   =       849.2999  ANGLE   =      2292.1535  DIHED      =      3508.0094
 1-4 NB =      1023.1085  1-4 EEL =     12196.3167  VDWAALS    =     14973.8761
 EELEC  =   -160863.9920  EHBOND  =         0.0000  RESTRAINT  =         0.0000
 EKCMT  =     11077.5542  VIRIAL  =     11056.4668  VOLUME     =    416347.0529
                                                    Density    =         1.0194
 ------------------------------------------------------------------------------

wrapping first mol.:       27.15782       38.40696       66.52280
wrapping first mol.:       27.15782       38.40696       66.52280

 NSTEP =     8500   TIME(PS) =    2957.000  TEMP(K) =   300.32  PRESS =   175.7
 Etot   =    -99806.6881  EKtot   =     25603.3066  EPtot      =   -125409.9948
 BOND   =       823.7221  ANGLE   =      2396.9884  DIHED      =      3480.2888
 1-4 NB =      1041.9052  1-4 EEL =     12238.7619  VDWAALS    =     14954.8222
 EELEC  =   -160346.4833  EHBOND  =         0.0000  RESTRAINT  =         0.0000
 EKCMT  =     11040.5183  VIRIAL  =      9461.1594  VOLUME     =    416312.7495
                                                    Density    =         1.0195
 ------------------------------------------------------------------------------

wrapping first mol.:       27.15899       38.40861       66.52566
wrapping first mol.:       27.15899       38.40861       66.52566

 NSTEP =     9000   TIME(PS) =    2958.000  TEMP(K) =   302.38  PRESS =   -35.3
 Etot   =    -99829.8866  EKtot   =     25778.7520  EPtot      =   -125608.6386
 BOND   =       797.1686  ANGLE   =      2350.1097  DIHED      =      3503.4259
 1-4 NB =      1054.6561  1-4 EEL =     12244.9508  VDWAALS    =     14850.7339
 EELEC  =   -160409.6836  EHBOND  =         0.0000  RESTRAINT  =         0.0000
 EKCMT  =     11244.9732  VIRIAL  =     11562.1546  VOLUME     =    416374.3321
                                                    Density    =         1.0193
 ------------------------------------------------------------------------------

wrapping first mol.:       27.16876       38.42243       66.54959
wrapping first mol.:       27.16876       38.42243       66.54959

 NSTEP =     9500   TIME(PS) =    2959.000  TEMP(K) =   301.72  PRESS =  -177.6
 Etot   =    -99946.8303  EKtot   =     25723.1094  EPtot      =   -125669.9397
 BOND   =       864.8676  ANGLE   =      2390.0754  DIHED      =      3497.1172
 1-4 NB =      1031.6134  1-4 EEL =     12179.5991  VDWAALS    =     14803.6751
 EELEC  =   -160436.8874  EHBOND  =         0.0000  RESTRAINT  =         0.0000
 EKCMT  =     11182.1616  VIRIAL  =     12780.9067  VOLUME     =    416829.1450
                                                    Density    =         1.0182
 ------------------------------------------------------------------------------

wrapping first mol.:       27.16956       38.42356       66.55155
wrapping first mol.:       27.16956       38.42356       66.55155

 NSTEP =    10000   TIME(PS) =    2960.000  TEMP(K) =   299.81  PRESS =    33.5
 Etot   =   -100048.8129  EKtot   =     25559.8984  EPtot      =   -125608.7113
 BOND   =       816.8353  ANGLE   =      2396.0898  DIHED      =      3466.0775
 1-4 NB =      1024.1150  1-4 EEL =     12306.9234  VDWAALS    =     14921.8501
 EELEC  =   -160540.6023  EHBOND  =         0.0000  RESTRAINT  =         0.0000
 EKCMT  =     11056.6572  VIRIAL  =     10755.0709  VOLUME     =    416858.0493
                                                    Density    =         1.0182
 ------------------------------------------------------------------------------

wrapping first mol.:       27.17057       38.42499       66.55403
wrapping first mol.:       27.17057       38.42499       66.55403

 NSTEP =    10500   TIME(PS) =    2961.000  TEMP(K) =   298.66  PRESS =   233.3
 Etot   =   -100331.3958  EKtot   =     25461.6758  EPtot      =   -125793.0716
 BOND   =       864.8565  ANGLE   =      2365.6644  DIHED      =      3506.3423
 1-4 NB =      1042.0106  1-4 EEL =     12229.6906  VDWAALS    =     15287.3827
 EELEC  =   -161089.0188  EHBOND  =         0.0000  RESTRAINT  =         0.0000
 EKCMT  =     11198.7727  VIRIAL  =      9099.1878  VOLUME     =    416897.3293
                                                    Density    =         1.0181
 ------------------------------------------------------------------------------

wrapping first mol.:       27.17387       38.42965       66.56210
wrapping first mol.:       27.17387       38.42965       66.56210

 NSTEP =    11000   TIME(PS) =    2962.000  TEMP(K) =   301.52  PRESS =    14.8
 Etot   =   -100117.8052  EKtot   =     25705.7305  EPtot      =   -125823.5356
 BOND   =       815.3689  ANGLE   =      2356.6551  DIHED      =      3492.6594
 1-4 NB =      1030.1996  1-4 EEL =     12221.7197  VDWAALS    =     15078.9125
 EELEC  =   -160819.0508  EHBOND  =         0.0000  RESTRAINT  =         0.0000
 EKCMT  =     11296.9356  VIRIAL  =     11163.2788  VOLUME     =    417057.1041
                                                    Density    =         1.0177
 ------------------------------------------------------------------------------

wrapping first mol.:       27.17759       38.43491       66.57122
wrapping first mol.:       27.17759       38.43491       66.57122

 NSTEP =    11500   TIME(PS) =    2963.000  TEMP(K) =   302.17  PRESS =  -241.4
 Etot   =    -99805.3620  EKtot   =     25760.8730  EPtot      =   -125566.2351
 BOND   =       893.1504  ANGLE   =      2337.0068  DIHED      =      3475.3684
 1-4 NB =      1031.1700  1-4 EEL =     12237.4537  VDWAALS    =     14737.6921
 EELEC  =   -160278.0764  EHBOND  =         0.0000  RESTRAINT  =         0.0000
 EKCMT  =     11302.0593  VIRIAL  =     13476.6847  VOLUME     =    417237.9615
                                                    Density    =         1.0172
 ------------------------------------------------------------------------------

wrapping first mol.:       27.16527       38.41749       66.54104
wrapping first mol.:       27.16527       38.41749       66.54104

 NSTEP =    12000   TIME(PS) =    2964.000  TEMP(K) =   299.51  PRESS =    55.1
 Etot   =   -100079.0027  EKtot   =     25533.8770  EPtot      =   -125612.8797
 BOND   =       901.6768  ANGLE   =      2354.2917  DIHED      =      3493.9774
 1-4 NB =      1030.7649  1-4 EEL =     12228.8241  VDWAALS    =     15006.2477
 EELEC  =   -160628.6622  EHBOND  =         0.0000  RESTRAINT  =         0.0000
 EKCMT  =     11088.8668  VIRIAL  =     10592.9049  VOLUME     =    416659.8456
                                                    Density    =         1.0186
 ------------------------------------------------------------------------------

wrapping first mol.:       27.16919       38.42304       66.55065
wrapping first mol.:       27.16919       38.42304       66.55065

 NSTEP =    12500   TIME(PS) =    2965.000  TEMP(K) =   298.95  PRESS =   -30.0
 Etot   =   -100360.6914  EKtot   =     25486.6602  EPtot      =   -125847.3515
 BOND   =       837.3289  ANGLE   =      2358.3385  DIHED      =      3483.0286
 1-4 NB =      1030.9073  1-4 EEL =     12149.1300  VDWAALS    =     14943.2151
 EELEC  =   -160649.3000  EHBOND  =         0.0000  RESTRAINT  =         0.0000
 EKCMT  =     11228.2574  VIRIAL  =     11498.0317  VOLUME     =    416843.6077
                                                    Density    =         1.0182
 ------------------------------------------------------------------------------

wrapping first mol.:       27.16398       38.41567       66.53788
wrapping first mol.:       27.16398       38.41567       66.53788

 NSTEP =    13000   TIME(PS) =    2966.000  TEMP(K) =   300.16  PRESS =    64.4
 Etot   =   -100025.3406  EKtot   =     25589.7617  EPtot      =   -125615.1023
 BOND   =       856.6525  ANGLE   =      2395.9445  DIHED      =      3521.4788
 1-4 NB =      1023.7073  1-4 EEL =     12219.6577  VDWAALS    =     14920.7826
 EELEC  =   -160553.3257  EHBOND  =         0.0000  RESTRAINT  =         0.0000
 EKCMT  =     11134.0229  VIRIAL  =     10554.8903  VOLUME     =    416600.1322
                                                    Density    =         1.0188
 ------------------------------------------------------------------------------

wrapping first mol.:       27.15982       38.40978       66.52769
wrapping first mol.:       27.15982       38.40978       66.52769

 NSTEP =    13500   TIME(PS) =    2967.000  TEMP(K) =   299.44  PRESS =   107.5
 Etot   =   -100431.8724  EKtot   =     25528.2598  EPtot      =   -125960.1321
 BOND   =       840.5358  ANGLE   =      2246.3347  DIHED      =      3492.1613
 1-4 NB =      1056.2211  1-4 EEL =     12290.3391  VDWAALS    =     15190.0944
 EELEC  =   -161075.8185  EHBOND  =         0.0000  RESTRAINT  =         0.0000
 EKCMT  =     11153.5823  VIRIAL  =     10186.6744  VOLUME     =    416407.2026
                                                    Density    =         1.0193
 ------------------------------------------------------------------------------

wrapping first mol.:       27.16633       38.41900       66.54365
wrapping first mol.:       27.16633       38.41900       66.54365

 NSTEP =    14000   TIME(PS) =    2968.000  TEMP(K) =   302.41  PRESS =    24.8
 Etot   =   -100077.2343  EKtot   =     25781.6914  EPtot      =   -125858.9258
 BOND   =       872.4319  ANGLE   =      2341.2660  DIHED      =      3455.2150
 1-4 NB =      1031.7650  1-4 EEL =     12191.4533  VDWAALS    =     14841.0924
 EELEC  =   -160592.1494  EHBOND  =         0.0000  RESTRAINT  =         0.0000
 EKCMT  =     11207.7472  VIRIAL  =     10984.2773  VOLUME     =    416709.8994
                                                    Density    =         1.0185
 ------------------------------------------------------------------------------

wrapping first mol.:       27.17340       38.42899       66.56096
wrapping first mol.:       27.17340       38.42899       66.56096

 NSTEP =    14500   TIME(PS) =    2969.000  TEMP(K) =   299.85  PRESS =   -63.8
 Etot   =   -100105.0836  EKtot   =     25562.8652  EPtot      =   -125667.9489
 BOND   =       857.1115  ANGLE   =      2419.4185  DIHED      =      3477.6244
 1-4 NB =      1029.0202  1-4 EEL =     12164.6437  VDWAALS    =     14815.3233
 EELEC  =   -160431.0904  EHBOND  =         0.0000  RESTRAINT  =         0.0000
 EKCMT  =     11299.9177  VIRIAL  =     11874.3580  VOLUME     =    417038.4729
                                                    Density    =         1.0177
 ------------------------------------------------------------------------------

wrapping first mol.:       27.18137       38.44026       66.58048
wrapping first mol.:       27.18137       38.44026       66.58048

 NSTEP =    15000   TIME(PS) =    2970.000  TEMP(K) =   300.60  PRESS =   127.3
 Etot   =    -99822.2018  EKtot   =     25627.2324  EPtot      =   -125449.4342
 BOND   =       866.2562  ANGLE   =      2337.2427  DIHED      =      3476.0469
 1-4 NB =      1024.4871  1-4 EEL =     12263.5125  VDWAALS    =     15187.7191
 EELEC  =   -160604.6986  EHBOND  =         0.0000  RESTRAINT  =         0.0000
 EKCMT  =     11189.3166  VIRIAL  =     10041.9788  VOLUME     =    417398.4782
                                                    Density    =         1.0168
 ------------------------------------------------------------------------------

wrapping first mol.:       27.18390       38.44384       66.58669
wrapping first mol.:       27.18390       38.44384       66.58669

 NSTEP =    15500   TIME(PS) =    2971.000  TEMP(K) =   300.71  PRESS =   121.5
 Etot   =    -99890.6096  EKtot   =     25636.3047  EPtot      =   -125526.9143
 BOND   =       856.0462  ANGLE   =      2432.6526  DIHED      =      3500.8558
 1-4 NB =      1024.0771  1-4 EEL =     12238.9861  VDWAALS    =     14940.1048
 EELEC  =   -160519.6368  EHBOND  =         0.0000  RESTRAINT  =         0.0000
 EKCMT  =     11140.0523  VIRIAL  =     10044.3331  VOLUME     =    417515.3996
                                                    Density    =         1.0166
 ------------------------------------------------------------------------------

wrapping first mol.:       27.17299       38.42841       66.55996
wrapping first mol.:       27.17299       38.42841       66.55996

 NSTEP =    16000   TIME(PS) =    2972.000  TEMP(K) =   298.99  PRESS =     4.9
 Etot   =   -100230.1295  EKtot   =     25490.0527  EPtot      =   -125720.1822
 BOND   =       898.5168  ANGLE   =      2307.8378  DIHED      =      3498.2710
 1-4 NB =      1049.5203  1-4 EEL =     12207.3609  VDWAALS    =     15012.0701
 EELEC  =   -160693.7591  EHBOND  =         0.0000  RESTRAINT  =         0.0000
 EKCMT  =     11134.6305  VIRIAL  =     11090.5107  VOLUME     =    417017.2064
                                                    Density    =         1.0178
 ------------------------------------------------------------------------------

wrapping first mol.:       27.17524       38.43159       66.56546
wrapping first mol.:       27.17524       38.43159       66.56546

 NSTEP =    16500   TIME(PS) =    2973.000  TEMP(K) =   297.85  PRESS =  -107.7
 Etot   =   -100265.8451  EKtot   =     25392.4414  EPtot      =   -125658.2865
 BOND   =       844.3294  ANGLE   =      2345.8472  DIHED      =      3479.8296
 1-4 NB =      1009.4562  1-4 EEL =     12232.0839  VDWAALS    =     15113.4007
 EELEC  =   -160683.2334  EHBOND  =         0.0000  RESTRAINT  =         0.0000
 EKCMT  =     11090.2740  VIRIAL  =     12059.9876  VOLUME     =    417124.8564
                                                    Density    =         1.0175
 ------------------------------------------------------------------------------

wrapping first mol.:       27.17780       38.43521       66.57173
wrapping first mol.:       27.17780       38.43521       66.57173

 NSTEP =    17000   TIME(PS) =    2974.000  TEMP(K) =   299.92  PRESS =   -44.2
 Etot   =   -100136.0085  EKtot   =     25569.5098  EPtot      =   -125705.5183
 BOND   =       875.0595  ANGLE   =      2393.8869  DIHED      =      3461.4635
 1-4 NB =      1045.5820  1-4 EEL =     12247.8915  VDWAALS    =     14948.9387
 EELEC  =   -160678.3403  EHBOND  =         0.0000  RESTRAINT  =         0.0000
 EKCMT  =     11222.6705  VIRIAL  =     11620.4942  VOLUME     =    417240.2334
                                                    Density    =         1.0172
 ------------------------------------------------------------------------------

wrapping first mol.:       27.18190       38.44102       66.58179
wrapping first mol.:       27.18190       38.44102       66.58179

 NSTEP =    17500   TIME(PS) =    2975.000  TEMP(K) =   301.35  PRESS =    30.9
 Etot   =   -100152.3762  EKtot   =     25691.5625  EPtot      =   -125843.9387
 BOND   =       825.3647  ANGLE   =      2393.5281  DIHED      =      3492.9019
 1-4 NB =      1042.3162  1-4 EEL =     12252.1443  VDWAALS    =     14914.9690
 EELEC  =   -160765.1629  EHBOND  =         0.0000  RESTRAINT  =         0.0000
 EKCMT  =     11131.8002  VIRIAL  =     10853.2528  VOLUME     =    417426.6154
                                                    Density    =         1.0168
 ------------------------------------------------------------------------------

wrapping first mol.:       27.18855       38.45041       66.59806
wrapping first mol.:       27.18855       38.45041       66.59806

 NSTEP =    18000   TIME(PS) =    2976.000  TEMP(K) =   299.06  PRESS =    82.2
 Etot   =   -100168.8305  EKtot   =     25495.6152  EPtot      =   -125664.4457
 BOND   =       873.7306  ANGLE   =      2369.6187  DIHED      =      3481.8125
 1-4 NB =      1042.5740  1-4 EEL =     12191.9866  VDWAALS    =     15047.7594
 EELEC  =   -160671.9276  EHBOND  =         0.0000  RESTRAINT  =         0.0000
 EKCMT  =     11140.5961  VIRIAL  =     10399.0097  VOLUME     =    417730.9220
                                                    Density    =         1.0160
 ------------------------------------------------------------------------------

wrapping first mol.:       27.18329       38.44297       66.58518
wrapping first mol.:       27.18329       38.44297       66.58518

 NSTEP =    18500   TIME(PS) =    2977.000  TEMP(K) =   301.18  PRESS =   -97.1
 Etot   =    -99746.9521  EKtot   =     25676.5293  EPtot      =   -125423.4813
 BOND   =       823.4520  ANGLE   =      2362.3913  DIHED      =      3504.7868
 1-4 NB =      1037.5085  1-4 EEL =     12206.7189  VDWAALS    =     14780.9714
 EELEC  =   -160139.3101  EHBOND  =         0.0000  RESTRAINT  =         0.0000
 EKCMT  =     11162.7681  VIRIAL  =     12038.3252  VOLUME     =    417495.1217
                                                    Density    =         1.0166
 ------------------------------------------------------------------------------

wrapping first mol.:       27.17309       38.42856       66.56021
wrapping first mol.:       27.17309       38.42856       66.56021

 NSTEP =    19000   TIME(PS) =    2978.000  TEMP(K) =   300.42  PRESS =   176.4
 Etot   =    -99783.7741  EKtot   =     25612.0098  EPtot      =   -125395.7839
 BOND   =       869.9217  ANGLE   =      2416.2616  DIHED      =      3512.3502
 1-4 NB =      1019.3769  1-4 EEL =     12195.6705  VDWAALS    =     14985.1252
 EELEC  =   -160394.4901  EHBOND  =         0.0000  RESTRAINT  =         0.0000
 EKCMT  =     11081.7581  VIRIAL  =      9493.6810  VOLUME     =    417015.4693
                                                    Density    =         1.0178
 ------------------------------------------------------------------------------

wrapping first mol.:       27.18727       38.44860       66.59493
wrapping first mol.:       27.18727       38.44860       66.59493

 NSTEP =    19500   TIME(PS) =    2979.000  TEMP(K) =   300.80  PRESS =    90.8
 Etot   =   -100141.3900  EKtot   =     25644.1289  EPtot      =   -125785.5189
 BOND   =       810.2201  ANGLE   =      2311.5177  DIHED      =      3473.4661
 1-4 NB =      1033.6452  1-4 EEL =     12199.8421  VDWAALS    =     15002.4991
 EELEC  =   -160616.7092  EHBOND  =         0.0000  RESTRAINT  =         0.0000
 EKCMT  =     11150.8998  VIRIAL  =     10332.4494  VOLUME     =    417671.5462
                                                    Density    =         1.0162
 ------------------------------------------------------------------------------

wrapping first mol.:       27.18078       38.43943       66.57904
wrapping first mol.:       27.18078       38.43943       66.57904

 NSTEP =    20000   TIME(PS) =    2980.000  TEMP(K) =   300.27  PRESS =    37.3
 Etot   =   -100044.6575  EKtot   =     25599.0645  EPtot      =   -125643.7219
 BOND   =       827.0869  ANGLE   =      2348.5944  DIHED      =      3511.6906
 1-4 NB =      1029.1833  1-4 EEL =     12238.1751  VDWAALS    =     15055.2029
 EELEC  =   -160653.6552  EHBOND  =         0.0000  RESTRAINT  =         0.0000
 EKCMT  =     11168.6139  VIRIAL  =     10832.2593  VOLUME     =    417374.8010
                                                    Density    =         1.0169
 ------------------------------------------------------------------------------

wrapping first mol.:       27.17294       38.42833       66.55982
wrapping first mol.:       27.17294       38.42833       66.55982

 NSTEP =    20500   TIME(PS) =    2981.000  TEMP(K) =   300.35  PRESS =   -57.5
 Etot   =    -99937.7055  EKtot   =     25605.7637  EPtot      =   -125543.4692
 BOND   =       860.2432  ANGLE   =      2403.6798  DIHED      =      3467.2948
 1-4 NB =      1029.6470  1-4 EEL =     12209.8158  VDWAALS    =     14945.3598
 EELEC  =   -160459.5095  EHBOND  =         0.0000  RESTRAINT  =         0.0000
 EKCMT  =     11185.1973  VIRIAL  =     11702.7242  VOLUME     =    417016.8945
                                                    Density    =         1.0178
 ------------------------------------------------------------------------------

wrapping first mol.:       27.16476       38.41677       66.53979
wrapping first mol.:       27.16476       38.41677       66.53979

 NSTEP =    21000   TIME(PS) =    2982.000  TEMP(K) =   299.65  PRESS =   207.1
 Etot   =   -100174.3217  EKtot   =     25546.5898  EPtot      =   -125720.9115
 BOND   =       852.0723  ANGLE   =      2325.3136  DIHED      =      3455.7791
 1-4 NB =      1032.8763  1-4 EEL =     12203.0932  VDWAALS    =     15030.6006
 EELEC  =   -160620.6466  EHBOND  =         0.0000  RESTRAINT  =         0.0000
 EKCMT  =     11068.7910  VIRIAL  =      9206.0087  VOLUME     =    416630.7383
                                                    Density    =         1.0187
 ------------------------------------------------------------------------------

wrapping first mol.:       27.17839       38.43604       66.57317
wrapping first mol.:       27.17839       38.43604       66.57317

 NSTEP =    21500   TIME(PS) =    2983.000  TEMP(K) =   301.70  PRESS =   -40.0
 Etot   =   -100041.0404  EKtot   =     25720.9160  EPtot      =   -125761.9564
 BOND   =       844.9071  ANGLE   =      2348.8570  DIHED      =      3495.6867
 1-4 NB =      1048.2285  1-4 EEL =     12256.3209  VDWAALS    =     14935.5004
 EELEC  =   -160691.4570  EHBOND  =         0.0000  RESTRAINT  =         0.0000
 EKCMT  =     11298.2560  VIRIAL  =     11658.6150  VOLUME     =    417267.1989
                                                    Density    =         1.0172
 ------------------------------------------------------------------------------

wrapping first mol.:       27.17943       38.43752       66.57574
wrapping first mol.:       27.17943       38.43752       66.57574

 NSTEP =    22000   TIME(PS) =    2984.000  TEMP(K) =   301.16  PRESS =   -24.8
 Etot   =    -99869.9388  EKtot   =     25674.6602  EPtot      =   -125544.5990
 BOND   =       855.3481  ANGLE   =      2388.7077  DIHED      =      3499.3458
 1-4 NB =      1044.5877  1-4 EEL =     12208.9137  VDWAALS    =     14909.1356
 EELEC  =   -160450.6375  EHBOND  =         0.0000  RESTRAINT  =         0.0000
 EKCMT  =     11279.4517  VIRIAL  =     11503.1456  VOLUME     =    417314.9599
                                                    Density    =         1.0170
 ------------------------------------------------------------------------------

wrapping first mol.:       27.17205       38.42708       66.55765
wrapping first mol.:       27.17205       38.42708       66.55765

 NSTEP =    22500   TIME(PS) =    2985.000  TEMP(K) =   303.56  PRESS =  -212.0
 Etot   =    -99636.3677  EKtot   =     25879.2812  EPtot      =   -125515.6489
 BOND   =       883.8617  ANGLE   =      2376.0384  DIHED      =      3500.1089
 1-4 NB =      1029.1170  1-4 EEL =     12219.6339  VDWAALS    =     14723.7976
 EELEC  =   -160248.2065  EHBOND  =         0.0000  RESTRAINT  =         0.0000
 EKCMT  =     11295.7241  VIRIAL  =     13204.3203  VOLUME     =    416981.9009
                                                    Density    =         1.0179
 ------------------------------------------------------------------------------

wrapping first mol.:       27.17038       38.42472       66.55356
wrapping first mol.:       27.17038       38.42472       66.55356

 NSTEP =    23000   TIME(PS) =    2986.000  TEMP(K) =   300.76  PRESS =   219.6
 Etot   =    -99684.1374  EKtot   =     25641.2305  EPtot      =   -125325.3679
 BOND   =       841.0719  ANGLE   =      2332.7118  DIHED      =      3486.9785
 1-4 NB =      1054.6631  1-4 EEL =     12219.2289  VDWAALS    =     15028.6153
 EELEC  =   -160288.6373  EHBOND  =         0.0000  RESTRAINT  =         0.0000
 EKCMT  =     11274.4153  VIRIAL  =      9298.0004  VOLUME     =    416888.9785
                                                    Density    =         1.0181
 ------------------------------------------------------------------------------

wrapping first mol.:       27.15953       38.40937       66.52697
wrapping first mol.:       27.15953       38.40937       66.52697

 NSTEP =    23500   TIME(PS) =    2987.000  TEMP(K) =   300.93  PRESS =  -182.7
 Etot   =   -100231.8912  EKtot   =     25655.1543  EPtot      =   -125887.0455
 BOND   =       854.1299  ANGLE   =      2337.1866  DIHED      =      3479.6736
 1-4 NB =      1020.7409  1-4 EEL =     12206.3088  VDWAALS    =     14915.4381
 EELEC  =   -160700.5234  EHBOND  =         0.0000  RESTRAINT  =         0.0000
 EKCMT  =     11170.2434  VIRIAL  =     12812.7926  VOLUME     =    416404.4355
                                                    Density    =         1.0193
 ------------------------------------------------------------------------------

wrapping first mol.:       27.15961       38.40949       66.52718
wrapping first mol.:       27.15961       38.40949       66.52718

 NSTEP =    24000   TIME(PS) =    2988.000  TEMP(K) =   298.56  PRESS =  -143.1
 Etot   =   -100343.6211  EKtot   =     25452.9316  EPtot      =   -125796.5527
 BOND   =       859.0242  ANGLE   =      2350.3633  DIHED      =      3495.6634
 1-4 NB =      1037.4713  1-4 EEL =     12233.2967  VDWAALS    =     14988.5764
 EELEC  =   -160760.9479  EHBOND  =         0.0000  RESTRAINT  =         0.0000
 EKCMT  =     11024.2613  VIRIAL  =     12310.6536  VOLUME     =    416406.9035
                                                    Density    =         1.0193
 ------------------------------------------------------------------------------

wrapping first mol.:       27.15116       38.39754       66.50649
wrapping first mol.:       27.15116       38.39754       66.50649

 NSTEP =    24500   TIME(PS) =    2989.000  TEMP(K) =   298.78  PRESS =   107.8
 Etot   =   -100508.5757  EKtot   =     25472.4355  EPtot      =   -125981.0112
 BOND   =       839.5156  ANGLE   =      2347.4487  DIHED      =      3493.3317
 1-4 NB =      1063.9330  1-4 EEL =     12230.8735  VDWAALS    =     14947.4200
 EELEC  =   -160903.5337  EHBOND  =         0.0000  RESTRAINT  =         0.0000
 EKCMT  =     11010.9371  VIRIAL  =     10042.9526  VOLUME     =    416009.1357
                                                    Density    =         1.0202
 ------------------------------------------------------------------------------

wrapping first mol.:       27.16964       38.42367       66.55174
wrapping first mol.:       27.16964       38.42367       66.55174

 NSTEP =    25000   TIME(PS) =    2990.000  TEMP(K) =   301.30  PRESS =   -32.4
 Etot   =   -100241.9601  EKtot   =     25687.0703  EPtot      =   -125929.0304
 BOND   =       906.6084  ANGLE   =      2299.9971  DIHED      =      3463.2974
 1-4 NB =      1035.6347  1-4 EEL =     12216.3651  VDWAALS    =     14941.6973
 EELEC  =   -160792.6304  EHBOND  =         0.0000  RESTRAINT  =         0.0000
 EKCMT  =     11192.7218  VIRIAL  =     11484.7021  VOLUME     =    416864.1206
                                                    Density    =         1.0181
 ------------------------------------------------------------------------------

wrapping first mol.:       27.16972       38.42378       66.55194
wrapping first mol.:       27.16972       38.42378       66.55194

 NSTEP =    25500   TIME(PS) =    2991.000  TEMP(K) =   299.50  PRESS =   102.8
 Etot   =   -100296.9684  EKtot   =     25533.0254  EPtot      =   -125829.9938
 BOND   =       842.8772  ANGLE   =      2316.9135  DIHED      =      3501.3683
 1-4 NB =      1034.0603  1-4 EEL =     12223.3873  VDWAALS    =     14865.9225
 EELEC  =   -160614.5229  EHBOND  =         0.0000  RESTRAINT  =         0.0000
 EKCMT  =     11126.2892  VIRIAL  =     10200.8938  VOLUME     =    416862.8674
                                                    Density    =         1.0181
 ------------------------------------------------------------------------------

wrapping first mol.:       27.17110       38.42573       66.55531
wrapping first mol.:       27.17110       38.42573       66.55531

 NSTEP =    26000   TIME(PS) =    2992.000  TEMP(K) =   301.32  PRESS =  -121.2
 Etot   =   -100024.1302  EKtot   =     25688.6445  EPtot      =   -125712.7747
 BOND   =       853.8196  ANGLE   =      2369.2775  DIHED      =      3486.9435
 1-4 NB =      1025.2172  1-4 EEL =     12186.0845  VDWAALS    =     14699.0227
 EELEC  =   -160333.1397  EHBOND  =         0.0000  RESTRAINT  =         0.0000
 EKCMT  =     11093.0888  VIRIAL  =     12184.3381  VOLUME     =    416934.5738
                                                    Density    =         1.0180
 ------------------------------------------------------------------------------

wrapping first mol.:       27.17577       38.43235       66.56677
wrapping first mol.:       27.17577       38.43235       66.56677

 NSTEP =    26500   TIME(PS) =    2993.000  TEMP(K) =   300.39  PRESS =   159.0
 Etot   =   -100209.4365  EKtot   =     25609.4023  EPtot      =   -125818.8388
 BOND   =       857.4322  ANGLE   =      2399.4792  DIHED      =      3539.6123
 1-4 NB =      1033.7352  1-4 EEL =     12170.5263  VDWAALS    =     15023.0279
 EELEC  =   -160842.6518  EHBOND  =         0.0000  RESTRAINT  =         0.0000
 EKCMT  =     11097.1711  VIRIAL  =      9665.0388  VOLUME     =    417139.5564
                                                    Density    =         1.0175
 ------------------------------------------------------------------------------

wrapping first mol.:       27.17298       38.42840       66.55993
wrapping first mol.:       27.17298       38.42840       66.55993

 NSTEP =    27000   TIME(PS) =    2994.000  TEMP(K) =   302.30  PRESS =   -41.0
 Etot   =   -100272.7956  EKtot   =     25772.4941  EPtot      =   -126045.2897
 BOND   =       860.1732  ANGLE   =      2320.5325  DIHED      =      3467.8867
 1-4 NB =      1017.2935  1-4 EEL =     12247.0059  VDWAALS    =     15029.5727
 EELEC  =   -160987.7543  EHBOND  =         0.0000  RESTRAINT  =         0.0000
 EKCMT  =     11170.9219  VIRIAL  =     11540.3398  VOLUME     =    417018.3184
                                                    Density    =         1.0178
 ------------------------------------------------------------------------------

wrapping first mol.:       27.16899       38.42276       66.55017
wrapping first mol.:       27.16899       38.42276       66.55017

 NSTEP =    27500   TIME(PS) =    2995.000  TEMP(K) =   298.66  PRESS =    25.7
 Etot   =   -100166.8739  EKtot   =     25461.8535  EPtot      =   -125628.7274
 BOND   =       809.6410  ANGLE   =      2368.2730  DIHED      =      3487.8437
 1-4 NB =      1051.9896  1-4 EEL =     12266.8285  VDWAALS    =     14706.1955
 EELEC  =   -160319.4988  EHBOND  =         0.0000  RESTRAINT  =         0.0000
 EKCMT  =     11079.8348  VIRIAL  =     10848.8037  VOLUME     =    416832.3619
                                                    Density    =         1.0182
 ------------------------------------------------------------------------------

wrapping first mol.:       27.17188       38.42684       66.55723
wrapping first mol.:       27.17188       38.42684       66.55723

 NSTEP =    28000   TIME(PS) =    2996.000  TEMP(K) =   300.59  PRESS =   -38.7
 Etot   =    -99936.6975  EKtot   =     25626.3145  EPtot      =   -125563.0120
 BOND   =       860.5582  ANGLE   =      2334.3429  DIHED      =      3465.5652
 1-4 NB =      1022.9928  1-4 EEL =     12169.1262  VDWAALS    =     14952.4843
 EELEC  =   -160368.0816  EHBOND  =         0.0000  RESTRAINT  =         0.0000
 EKCMT  =     11130.8996  VIRIAL  =     11479.4259  VOLUME     =    416967.4289
                                                    Density    =         1.0179
 ------------------------------------------------------------------------------

wrapping first mol.:       27.15904       38.40869       66.52579
wrapping first mol.:       27.15904       38.40869       66.52579

 NSTEP =    28500   TIME(PS) =    2997.000  TEMP(K) =   299.69  PRESS =    -3.4
 Etot   =   -100254.2371  EKtot   =     25549.8848  EPtot      =   -125804.1219
 BOND   =       812.6438  ANGLE   =      2337.9914  DIHED      =      3497.0576
 1-4 NB =      1035.0833  1-4 EEL =     12206.2369  VDWAALS    =     14794.3446
 EELEC  =   -160487.4794  EHBOND  =         0.0000  RESTRAINT  =         0.0000
 EKCMT  =     11151.6534  VIRIAL  =     11182.6627  VOLUME     =    416375.5894
                                                    Density    =         1.0193
 ------------------------------------------------------------------------------

wrapping first mol.:       27.15952       38.40936       66.52695
wrapping first mol.:       27.15952       38.40936       66.52695

 NSTEP =    29000   TIME(PS) =    2998.000  TEMP(K) =   300.00  PRESS =  -354.1
 Etot   =   -100208.7558  EKtot   =     25576.2500  EPtot      =   -125785.0058
 BOND   =       917.5858  ANGLE   =      2358.7915  DIHED      =      3525.4339
 1-4 NB =      1007.9868  1-4 EEL =     12152.0680  VDWAALS    =     14606.8468
 EELEC  =   -160353.7186  EHBOND  =         0.0000  RESTRAINT  =         0.0000
 EKCMT  =     11118.7451  VIRIAL  =     14302.4458  VOLUME     =    416410.4117
                                                    Density    =         1.0193
 ------------------------------------------------------------------------------

wrapping first mol.:       27.16052       38.41077       66.52940
wrapping first mol.:       27.16052       38.41077       66.52940

 NSTEP =    29500   TIME(PS) =    2999.000  TEMP(K) =   299.58  PRESS =  -232.2
 Etot   =   -100173.2006  EKtot   =     25539.9004  EPtot      =   -125713.1010
 BOND   =       862.6237  ANGLE   =      2360.3028  DIHED      =      3468.9243
 1-4 NB =      1025.6532  1-4 EEL =     12216.8598  VDWAALS    =     14725.6231
 EELEC  =   -160373.0879  EHBOND  =         0.0000  RESTRAINT  =         0.0000
 EKCMT  =     11089.1446  VIRIAL  =     13176.8407  VOLUME     =    416451.9029
                                                    Density    =         1.0191
 ------------------------------------------------------------------------------

wrapping first mol.:       27.15509       38.40309       66.51610
wrapping first mol.:       27.15509       38.40309       66.51610

 NSTEP =    30000   TIME(PS) =    3000.000  TEMP(K) =   297.54  PRESS =   178.7
 Etot   =   -100328.4668  EKtot   =     25365.9805  EPtot      =   -125694.4473
 BOND   =       868.5794  ANGLE   =      2303.2246  DIHED      =      3486.3924
 1-4 NB =      1031.5700  1-4 EEL =     12227.6322  VDWAALS    =     15085.5474
 EELEC  =   -160697.3933  EHBOND  =         0.0000  RESTRAINT  =         0.0000
 EKCMT  =     11119.5116  VIRIAL  =      9514.0103  VOLUME     =    416186.9516
                                                    Density    =         1.0198
 ------------------------------------------------------------------------------

wrapping first mol.:       27.16993       38.42408       66.55245
wrapping first mol.:       27.16993       38.42408       66.55245

 NSTEP =    30500   TIME(PS) =    3001.000  TEMP(K) =   302.40  PRESS =   190.0
 Etot   =    -99949.7669  EKtot   =     25780.3340  EPtot      =   -125730.1009
 BOND   =       835.3351  ANGLE   =      2295.1703  DIHED      =      3481.1289
 1-4 NB =      1044.5699  1-4 EEL =     12265.9275  VDWAALS    =     14793.4225
 EELEC  =   -160445.6551  EHBOND  =         0.0000  RESTRAINT  =         0.0000
 EKCMT  =     11165.2819  VIRIAL  =      9455.1206  VOLUME     =    416869.2127
                                                    Density    =         1.0181
 ------------------------------------------------------------------------------

wrapping first mol.:       27.15971       38.40962       66.52741
wrapping first mol.:       27.15971       38.40962       66.52741

 NSTEP =    31000   TIME(PS) =    3002.000  TEMP(K) =   300.87  PRESS =    80.9
 Etot   =   -100028.5614  EKtot   =     25650.4473  EPtot      =   -125679.0086
 BOND   =       811.8483  ANGLE   =      2345.1406  DIHED      =      3499.4563
 1-4 NB =      1056.3407  1-4 EEL =     12301.8094  VDWAALS    =     14871.5199
 EELEC  =   -160565.1238  EHBOND  =         0.0000  RESTRAINT  =         0.0000
 EKCMT  =     11066.2207  VIRIAL  =     10338.9674  VOLUME     =    416402.9362
                                                    Density    =         1.0193
 ------------------------------------------------------------------------------

wrapping first mol.:       27.14406       38.38750       66.48910
wrapping first mol.:       27.14406       38.38750       66.48910

 NSTEP =    31500   TIME(PS) =    3003.000  TEMP(K) =   301.15  PRESS =  -167.6
 Etot   =   -100287.2055  EKtot   =     25674.1250  EPtot      =   -125961.3305
 BOND   =       849.2259  ANGLE   =      2297.0099  DIHED      =      3487.1495
 1-4 NB =      1031.6162  1-4 EEL =     12311.8138  VDWAALS    =     14795.8641
 EELEC  =   -160734.0100  EHBOND  =         0.0000  RESTRAINT  =         0.0000
 EKCMT  =     11094.8040  VIRIAL  =     12599.0519  VOLUME     =    415693.1429
                                                    Density    =         1.0210
 ------------------------------------------------------------------------------

wrapping first mol.:       27.16853       38.42211       66.54904
wrapping first mol.:       27.16853       38.42211       66.54904

 NSTEP =    32000   TIME(PS) =    3004.000  TEMP(K) =   300.84  PRESS =     5.2
 Etot   =   -100178.7242  EKtot   =     25647.7500  EPtot      =   -125826.4742
 BOND   =       841.3589  ANGLE   =      2347.1233  DIHED      =      3464.4583
 1-4 NB =      1043.5610  1-4 EEL =     12221.1667  VDWAALS    =     15084.6619
 EELEC  =   -160828.8044  EHBOND  =         0.0000  RESTRAINT  =         0.0000
 EKCMT  =     11184.5833  VIRIAL  =     11137.6215  VOLUME     =    416811.9371
                                                    Density    =         1.0183
 ------------------------------------------------------------------------------

wrapping first mol.:       27.18077       38.43942       66.57902
wrapping first mol.:       27.18077       38.43942       66.57902

 NSTEP =    32500   TIME(PS) =    3005.000  TEMP(K) =   299.83  PRESS =   -80.4
 Etot   =   -100395.3913  EKtot   =     25561.2949  EPtot      =   -125956.6862
 BOND   =       871.2076  ANGLE   =      2335.2858  DIHED      =      3481.9306
 1-4 NB =      1020.5969  1-4 EEL =     12174.3600  VDWAALS    =     15173.9425
 EELEC  =   -161014.0096  EHBOND  =         0.0000  RESTRAINT  =         0.0000
 EKCMT  =     11067.7191  VIRIAL  =     11792.4179  VOLUME     =    417378.7216
                                                    Density    =         1.0169
 ------------------------------------------------------------------------------

wrapping first mol.:       27.18018       38.43858       66.57757
wrapping first mol.:       27.18018       38.43858       66.57757

 NSTEP =    33000   TIME(PS) =    3006.000  TEMP(K) =   299.67  PRESS =   178.8
 Etot   =   -100018.7471  EKtot   =     25548.0938  EPtot      =   -125566.8408
 BOND   =       821.3758  ANGLE   =      2399.7519  DIHED      =      3510.5414
 1-4 NB =      1014.8890  1-4 EEL =     12178.0820  VDWAALS    =     14912.4300
 EELEC  =   -160403.9110  EHBOND  =         0.0000  RESTRAINT  =         0.0000
 EKCMT  =     11102.1601  VIRIAL  =      9491.0434  VOLUME     =    417341.8257
                                                    Density    =         1.0170
 ------------------------------------------------------------------------------

wrapping first mol.:       27.17866       38.43643       66.57384
wrapping first mol.:       27.17866       38.43643       66.57384

 NSTEP =    33500   TIME(PS) =    3007.000  TEMP(K) =   298.98  PRESS =   253.7
 Etot   =   -100280.8878  EKtot   =     25488.6934  EPtot      =   -125769.5811
 BOND   =       868.7897  ANGLE   =      2362.9537  DIHED      =      3495.2804
 1-4 NB =      1026.4362  1-4 EEL =     12219.3650  VDWAALS    =     15045.0106
 EELEC  =   -160787.4167  EHBOND  =         0.0000  RESTRAINT  =         0.0000
 EKCMT  =     10998.4901  VIRIAL  =      8713.1815  VOLUME     =    417268.9192
                                                    Density    =         1.0172
 ------------------------------------------------------------------------------

wrapping first mol.:       27.17621       38.43297       66.56785
wrapping first mol.:       27.17621       38.43297       66.56785

 NSTEP =    34000   TIME(PS) =    3008.000  TEMP(K) =   301.23  PRESS =   -88.6
 Etot   =   -100147.0980  EKtot   =     25680.7695  EPtot      =   -125827.8675
 BOND   =       839.7899  ANGLE   =      2361.2018  DIHED      =      3504.3397
 1-4 NB =      1030.7408  1-4 EEL =     12189.7441  VDWAALS    =     14961.7462
 EELEC  =   -160715.4301  EHBOND  =         0.0000  RESTRAINT  =         0.0000
 EKCMT  =     11227.3505  VIRIAL  =     12025.3969  VOLUME     =    417168.9674
                                                    Density    =         1.0174
 ------------------------------------------------------------------------------

wrapping first mol.:       27.16985       38.42396       66.55225
wrapping first mol.:       27.16985       38.42396       66.55225

 NSTEP =    34500   TIME(PS) =    3009.000  TEMP(K) =   301.89  PRESS =   -72.2
 Etot   =   -100027.2673  EKtot   =     25737.2109  EPtot      =   -125764.4782
 BOND   =       856.0979  ANGLE   =      2351.8353  DIHED      =      3483.5951
 1-4 NB =      1025.4469  1-4 EEL =     12201.6787  VDWAALS    =     14967.2881
 EELEC  =   -160650.4202  EHBOND  =         0.0000  RESTRAINT  =         0.0000
 EKCMT  =     11242.0037  VIRIAL  =     11891.6162  VOLUME     =    416875.2300
                                                    Density    =         1.0181
 ------------------------------------------------------------------------------

wrapping first mol.:       27.16937       38.42329       66.55109
wrapping first mol.:       27.16937       38.42329       66.55109

 NSTEP =    35000   TIME(PS) =    3010.000  TEMP(K) =   299.56  PRESS =   189.5
 Etot   =   -100242.5755  EKtot   =     25538.3164  EPtot      =   -125780.8919
 BOND   =       843.8773  ANGLE   =      2327.0364  DIHED      =      3511.3183
 1-4 NB =      1043.7404  1-4 EEL =     12263.2811  VDWAALS    =     15157.8765
 EELEC  =   -160928.0220  EHBOND  =         0.0000  RESTRAINT  =         0.0000
 EKCMT  =     11125.7359  VIRIAL  =      9420.2397  VOLUME     =    416843.6396
                                                    Density    =         1.0182
 ------------------------------------------------------------------------------

wrapping first mol.:       27.18303       38.44260       66.58453
wrapping first mol.:       27.18303       38.44260       66.58453

 NSTEP =    35500   TIME(PS) =    3011.000  TEMP(K) =   300.08  PRESS =    48.6
 Etot   =    -99806.1688  EKtot   =     25582.5527  EPtot      =   -125388.7215
 BOND   =       860.6323  ANGLE   =      2410.1265  DIHED      =      3514.6929
 1-4 NB =      1033.4241  1-4 EEL =     12175.6550  VDWAALS    =     14967.7448
 EELEC  =   -160350.9971  EHBOND  =         0.0000  RESTRAINT  =         0.0000
 EKCMT  =     11163.6866  VIRIAL  =     10725.8052  VOLUME     =    417477.6295
                                                    Density    =         1.0166
 ------------------------------------------------------------------------------

wrapping first mol.:       27.17296       38.42836       66.55987
wrapping first mol.:       27.17296       38.42836       66.55987

 NSTEP =    36000   TIME(PS) =    3012.000  TEMP(K) =   300.56  PRESS =    59.7
 Etot   =    -99962.0907  EKtot   =     25624.0254  EPtot      =   -125586.1161
 BOND   =       855.5652  ANGLE   =      2353.2066  DIHED      =      3520.2240
 1-4 NB =      1034.2192  1-4 EEL =     12238.4154  VDWAALS    =     14674.4599
 EELEC  =   -160262.2065  EHBOND  =         0.0000  RESTRAINT  =         0.0000
 EKCMT  =     11232.5981  VIRIAL  =     10695.1775  VOLUME     =    417013.4177
                                                    Density    =         1.0178
 ------------------------------------------------------------------------------

wrapping first mol.:       27.17732       38.43453       66.57055
wrapping first mol.:       27.17732       38.43453       66.57055

 NSTEP =    36500   TIME(PS) =    3013.000  TEMP(K) =   298.58  PRESS =   -80.2
 Etot   =   -100322.4189  EKtot   =     25455.0195  EPtot      =   -125777.4384
 BOND   =       852.3076  ANGLE   =      2381.3502  DIHED      =      3499.9007
 1-4 NB =      1050.1877  1-4 EEL =     12252.5200  VDWAALS    =     14887.9192
 EELEC  =   -160701.6237  EHBOND  =         0.0000  RESTRAINT  =         0.0000
 EKCMT  =     11036.0967  VIRIAL  =     11758.9663  VOLUME     =    417219.4899
                                                    Density    =         1.0173
 ------------------------------------------------------------------------------

wrapping first mol.:       27.17438       38.43038       66.56336
wrapping first mol.:       27.17438       38.43038       66.56336

 NSTEP =    37000   TIME(PS) =    3014.000  TEMP(K) =   300.02  PRESS =   119.0
 Etot   =   -100166.8793  EKtot   =     25577.5859  EPtot      =   -125744.4652
 BOND   =       846.8443  ANGLE   =      2293.1250  DIHED      =      3475.3869
 1-4 NB =      1031.8774  1-4 EEL =     12304.8252  VDWAALS    =     14764.7917
 EELEC  =   -160461.3157  EHBOND  =         0.0000  RESTRAINT  =         0.0000
 EKCMT  =     11228.0094  VIRIAL  =     10156.0353  VOLUME     =    417076.9046
                                                    Density    =         1.0176
 ------------------------------------------------------------------------------

wrapping first mol.:       27.17114       38.42579       66.55541
wrapping first mol.:       27.17114       38.42579       66.55541

 NSTEP =    37500   TIME(PS) =    3015.000  TEMP(K) =   300.12  PRESS =  -236.7
 Etot   =   -100212.6670  EKtot   =     25586.5840  EPtot      =   -125799.2510
 BOND   =       837.9122  ANGLE   =      2360.4976  DIHED      =      3502.3006
 1-4 NB =      1037.2968  1-4 EEL =     12223.8786  VDWAALS    =     14582.4320
 EELEC  =   -160343.5688  EHBOND  =         0.0000  RESTRAINT  =         0.0000
 EKCMT  =     11170.0498  VIRIAL  =     13300.7032  VOLUME     =    416940.7117
                                                    Density    =         1.0180
 ------------------------------------------------------------------------------

wrapping first mol.:       27.16420       38.41597       66.53841
wrapping first mol.:       27.16420       38.41597       66.53841

 NSTEP =    38000   TIME(PS) =    3016.000  TEMP(K) =   299.27  PRESS =    42.6
 Etot   =   -100205.2692  EKtot   =     25513.7598  EPtot      =   -125719.0290
 BOND   =       815.2028  ANGLE   =      2385.1535  DIHED      =      3519.8442
 1-4 NB =      1048.7151  1-4 EEL =     12244.1117  VDWAALS    =     14884.8359
 EELEC  =   -160616.8922  EHBOND  =         0.0000  RESTRAINT  =         0.0000
 EKCMT  =     11122.0190  VIRIAL  =     10738.6435  VOLUME     =    416610.9281
                                                    Density    =         1.0188
 ------------------------------------------------------------------------------

wrapping first mol.:       27.18844       38.45025       66.59779
wrapping first mol.:       27.18844       38.45025       66.59779

 NSTEP =    38500   TIME(PS) =    3017.000  TEMP(K) =   297.70  PRESS =   239.1
 Etot   =   -100193.8522  EKtot   =     25379.9160  EPtot      =   -125573.7683
 BOND   =       801.8680  ANGLE   =      2289.3742  DIHED      =      3483.2097
 1-4 NB =      1063.7836  1-4 EEL =     12273.2039  VDWAALS    =     15385.3402
 EELEC  =   -160870.5479  EHBOND  =         0.0000  RESTRAINT  =         0.0000
 EKCMT  =     11102.2790  VIRIAL  =      8945.9389  VOLUME     =    417719.8747
                                                    Density    =         1.0161
 ------------------------------------------------------------------------------

wrapping first mol.:       27.19776       38.46344       66.62062
wrapping first mol.:       27.19776       38.46344       66.62062

 NSTEP =    39000   TIME(PS) =    3018.000  TEMP(K) =   300.27  PRESS =   -51.3
 Etot   =   -100129.7900  EKtot   =     25598.7441  EPtot      =   -125728.5341
 BOND   =       854.6340  ANGLE   =      2332.1959  DIHED      =      3507.1418
 1-4 NB =      1059.4091  1-4 EEL =     12209.1781  VDWAALS    =     14982.9692
 EELEC  =   -160674.0622  EHBOND  =         0.0000  RESTRAINT  =         0.0000
 EKCMT  =     11080.4880  VIRIAL  =     11543.8774  VOLUME     =    418160.4806
                                                    Density    =         1.0150
 ------------------------------------------------------------------------------

wrapping first mol.:       27.19086       38.45369       66.60374
wrapping first mol.:       27.19086       38.45369       66.60374

 NSTEP =    39500   TIME(PS) =    3019.000  TEMP(K) =   299.36  PRESS =    14.1
 Etot   =   -100059.7932  EKtot   =     25521.1973  EPtot      =   -125580.9905
 BOND   =       894.6330  ANGLE   =      2289.4692  DIHED      =      3473.4416
 1-4 NB =      1046.1633  1-4 EEL =     12219.1033  VDWAALS    =     14893.8646
 EELEC  =   -160397.6656  EHBOND  =         0.0000  RESTRAINT  =         0.0000
 EKCMT  =     10974.5320  VIRIAL  =     10847.6636  VOLUME     =    417840.2247
                                                    Density    =         1.0158
 ------------------------------------------------------------------------------

wrapping first mol.:       27.16897       38.42272       66.55010
wrapping first mol.:       27.16897       38.42272       66.55010

 NSTEP =    40000   TIME(PS) =    3020.000  TEMP(K) =   299.07  PRESS =  -203.7
 Etot   =   -100354.4220  EKtot   =     25497.1797  EPtot      =   -125851.6017
 BOND   =       852.9004  ANGLE   =      2285.3493  DIHED      =      3478.3067
 1-4 NB =      1050.0129  1-4 EEL =     12244.5369  VDWAALS    =     15020.8627
 EELEC  =   -160783.5705  EHBOND  =         0.0000  RESTRAINT  =         0.0000
 EKCMT  =     11138.8254  VIRIAL  =     12971.8732  VOLUME     =    416839.5717
                                                    Density    =         1.0182
 ------------------------------------------------------------------------------

wrapping first mol.:       27.19520       38.45983       66.61437
wrapping first mol.:       27.19520       38.45983       66.61437

 NSTEP =    40500   TIME(PS) =    3021.000  TEMP(K) =   298.73  PRESS =   -18.6
 Etot   =    -99948.2449  EKtot   =     25467.9707  EPtot      =   -125416.2156
 BOND   =       886.8106  ANGLE   =      2314.4552  DIHED      =      3468.6298
 1-4 NB =      1028.5419  1-4 EEL =     12227.0370  VDWAALS    =     14856.5581
 EELEC  =   -160198.2481  EHBOND  =         0.0000  RESTRAINT  =         0.0000
 EKCMT  =     11180.6656  VIRIAL  =     11348.2385  VOLUME     =    418041.5278
                                                    Density    =         1.0153
 ------------------------------------------------------------------------------

wrapping first mol.:       27.18494       38.44530       66.58922
wrapping first mol.:       27.18494       38.44530       66.58922

 NSTEP =    41000   TIME(PS) =    3022.000  TEMP(K) =   301.56  PRESS =   148.7
 Etot   =   -100067.1469  EKtot   =     25708.6699  EPtot      =   -125775.8169
 BOND   =       845.4392  ANGLE   =      2333.3012  DIHED      =      3447.0543
 1-4 NB =       991.3569  1-4 EEL =     12241.0937  VDWAALS    =     15252.6483
 EELEC  =   -160886.7105  EHBOND  =         0.0000  RESTRAINT  =         0.0000
 EKCMT  =     11173.6796  VIRIAL  =      9833.1356  VOLUME     =    417561.9679
                                                    Density    =         1.0164
 ------------------------------------------------------------------------------

wrapping first mol.:       27.18066       38.43926       66.57874
wrapping first mol.:       27.18066       38.43926       66.57874

 NSTEP =    41500   TIME(PS) =    3023.000  TEMP(K) =   298.68  PRESS =    11.5
 Etot   =   -100353.2268  EKtot   =     25463.1133  EPtot      =   -125816.3401
 BOND   =       859.5635  ANGLE   =      2337.0170  DIHED      =      3463.3299
 1-4 NB =      1009.1443  1-4 EEL =     12203.1739  VDWAALS    =     15003.5507
 EELEC  =   -160692.1194  EHBOND  =         0.0000  RESTRAINT  =         0.0000
 EKCMT  =     11176.9032  VIRIAL  =     11073.2141  VOLUME     =    417369.9905
                                                    Density    =         1.0169
 ------------------------------------------------------------------------------

wrapping first mol.:       27.16635       38.41902       66.54369
wrapping first mol.:       27.16635       38.41902       66.54369

 NSTEP =    42000   TIME(PS) =    3024.000  TEMP(K) =   299.90  PRESS =     0.4
 Etot   =   -100256.8573  EKtot   =     25567.3008  EPtot      =   -125824.1581
 BOND   =       830.4881  ANGLE   =      2329.6492  DIHED      =      3508.8978
 1-4 NB =      1025.3660  1-4 EEL =     12237.1414  VDWAALS    =     14903.0409
 EELEC  =   -160658.7414  EHBOND  =         0.0000  RESTRAINT  =         0.0000
 EKCMT  =     11125.1852  VIRIAL  =     11121.6705  VOLUME     =    416711.6607
                                                    Density    =         1.0185
 ------------------------------------------------------------------------------

wrapping first mol.:       27.16504       38.41717       66.54049
wrapping first mol.:       27.16504       38.41717       66.54049

 NSTEP =    42500   TIME(PS) =    3025.000  TEMP(K) =   299.79  PRESS =   200.4
 Etot   =   -100112.7579  EKtot   =     25557.7891  EPtot      =   -125670.5470
 BOND   =       896.6918  ANGLE   =      2393.2150  DIHED      =      3496.5949
 1-4 NB =      1023.6131  1-4 EEL =     12199.5408  VDWAALS    =     14814.5150
 EELEC  =   -160494.7176  EHBOND  =         0.0000  RESTRAINT  =         0.0000
 EKCMT  =     11136.9924  VIRIAL  =      9333.7919  VOLUME     =    416644.0712
                                                    Density    =         1.0187
 ------------------------------------------------------------------------------

wrapping first mol.:       27.18604       38.44687       66.59192
wrapping first mol.:       27.18604       38.44687       66.59192

 NSTEP =    43000   TIME(PS) =    3026.000  TEMP(K) =   299.25  PRESS =   -66.1
 Etot   =   -100185.2414  EKtot   =     25511.8125  EPtot      =   -125697.0539
 BOND   =       885.1662  ANGLE   =      2379.3997  DIHED      =      3486.4773
 1-4 NB =      1020.1631  1-4 EEL =     12235.4722  VDWAALS    =     14991.8272
 EELEC  =   -160695.5596  EHBOND  =         0.0000  RESTRAINT  =         0.0000
 EKCMT  =     11118.3031  VIRIAL  =     11713.9258  VOLUME     =    417620.9347
                                                    Density    =         1.0163
 ------------------------------------------------------------------------------

wrapping first mol.:       27.16657       38.41933       66.54423
wrapping first mol.:       27.16657       38.41933       66.54423

 NSTEP =    43500   TIME(PS) =    3027.000  TEMP(K) =   299.89  PRESS =   108.7
 Etot   =    -99971.4175  EKtot   =     25566.9375  EPtot      =   -125538.3550
 BOND   =       873.7268  ANGLE   =      2345.7627  DIHED      =      3514.9721
 1-4 NB =      1028.5109  1-4 EEL =     12184.4700  VDWAALS    =     14771.5576
 EELEC  =   -160257.3551  EHBOND  =         0.0000  RESTRAINT  =         0.0000
 EKCMT  =     11127.0625  VIRIAL  =     10149.1934  VOLUME     =    416717.7199
                                                    Density    =         1.0185
 ------------------------------------------------------------------------------

wrapping first mol.:       27.16647       38.41918       66.54397
wrapping first mol.:       27.16647       38.41918       66.54397

 NSTEP =    44000   TIME(PS) =    3028.000  TEMP(K) =   301.01  PRESS =  -159.3
 Etot   =   -100052.8746  EKtot   =     25662.5645  EPtot      =   -125715.4391
 BOND   =       859.0909  ANGLE   =      2343.0256  DIHED      =      3523.9315
 1-4 NB =      1043.5754  1-4 EEL =     12218.1950  VDWAALS    =     14675.4055
 EELEC  =   -160378.6630  EHBOND  =         0.0000  RESTRAINT  =         0.0000
 EKCMT  =     11092.5632  VIRIAL  =     12526.0186  VOLUME     =    416722.9101
                                                    Density    =         1.0185
 ------------------------------------------------------------------------------

wrapping first mol.:       27.17190       38.42687       66.55728
wrapping first mol.:       27.17190       38.42687       66.55728

 NSTEP =    44500   TIME(PS) =    3029.000  TEMP(K) =   300.61  PRESS =   -24.6
 Etot   =   -100349.8163  EKtot   =     25628.0332  EPtot      =   -125977.8496
 BOND   =       824.7842  ANGLE   =      2385.0435  DIHED      =      3483.3931
 1-4 NB =      1026.7534  1-4 EEL =     12244.2715  VDWAALS    =     14752.1534
 EELEC  =   -160694.2487  EHBOND  =         0.0000  RESTRAINT  =         0.0000
 EKCMT  =     11065.1056  VIRIAL  =     11286.8974  VOLUME     =    416967.9527
                                                    Density    =         1.0179
 ------------------------------------------------------------------------------

wrapping first mol.:       27.17233       38.42747       66.55833
wrapping first mol.:       27.17233       38.42747       66.55833

 NSTEP =    45000   TIME(PS) =    3030.000  TEMP(K) =   299.45  PRESS =   289.4
 Etot   =   -100232.4840  EKtot   =     25528.9805  EPtot      =   -125761.4645
 BOND   =       833.7066  ANGLE   =      2260.8790  DIHED      =      3501.3574
 1-4 NB =      1049.9258  1-4 EEL =     12291.3114  VDWAALS    =     15372.2735
 EELEC  =   -161070.9183  EHBOND  =         0.0000  RESTRAINT  =         0.0000
 EKCMT  =     11097.4503  VIRIAL  =      8492.4021  VOLUME     =    416975.9319
                                                    Density    =         1.0179
 ------------------------------------------------------------------------------

wrapping first mol.:       27.18411       38.44413       66.58719
wrapping first mol.:       27.18411       38.44413       66.58719

 NSTEP =    45500   TIME(PS) =    3031.000  TEMP(K) =   300.28  PRESS =    22.8
 Etot   =    -99945.7233  EKtot   =     25600.2539  EPtot      =   -125545.9772
 BOND   =       865.0217  ANGLE   =      2365.3861  DIHED      =      3466.4986
 1-4 NB =      1018.6760  1-4 EEL =     12179.8696  VDWAALS    =     15022.7424
 EELEC  =   -160464.1716  EHBOND  =         0.0000  RESTRAINT  =         0.0000
 EKCMT  =     11167.8696  VIRIAL  =     10962.3110  VOLUME     =    417528.5285
                                                    Density    =         1.0165
 ------------------------------------------------------------------------------

wrapping first mol.:       27.17915       38.43712       66.57504
wrapping first mol.:       27.17915       38.43712       66.57504

 NSTEP =    46000   TIME(PS) =    3032.000  TEMP(K) =   300.93  PRESS =   -86.7
 Etot   =   -100217.3214  EKtot   =     25655.3203  EPtot      =   -125872.6417
 BOND   =       845.5467  ANGLE   =      2390.8408  DIHED      =      3490.1304
 1-4 NB =      1031.8766  1-4 EEL =     12147.9661  VDWAALS    =     14981.2665
 EELEC  =   -160760.2688  EHBOND  =         0.0000  RESTRAINT  =         0.0000
 EKCMT  =     11129.1004  VIRIAL  =     11910.6255  VOLUME     =    417304.0267
                                                    Density    =         1.0171
 ------------------------------------------------------------------------------

wrapping first mol.:       27.17616       38.43290       66.56772
wrapping first mol.:       27.17616       38.43290       66.56772

 NSTEP =    46500   TIME(PS) =    3033.000  TEMP(K) =   300.27  PRESS =   -93.2
 Etot   =   -100285.5918  EKtot   =     25599.1680  EPtot      =   -125884.7597
 BOND   =       857.2351  ANGLE   =      2372.0879  DIHED      =      3515.5069
 1-4 NB =      1032.1239  1-4 EEL =     12187.0086  VDWAALS    =     14972.2641
 EELEC  =   -160820.9863  EHBOND  =         0.0000  RESTRAINT  =         0.0000
 EKCMT  =     11213.4753  VIRIAL  =     12053.1310  VOLUME     =    417166.7639
                                                    Density    =         1.0174
 ------------------------------------------------------------------------------

wrapping first mol.:       27.16804       38.42141       66.54782
wrapping first mol.:       27.16804       38.42141       66.54782

 NSTEP =    47000   TIME(PS) =    3034.000  TEMP(K) =   297.57  PRESS =   242.9
 Etot   =   -100364.8458  EKtot   =     25369.0000  EPtot      =   -125733.8458
 BOND   =       859.1275  ANGLE   =      2378.0832  DIHED      =      3469.9746
 1-4 NB =      1039.8484  1-4 EEL =     12278.4970  VDWAALS    =     15091.4982
 EELEC  =   -160850.8747  EHBOND  =         0.0000  RESTRAINT  =         0.0000
 EKCMT  =     11082.3919  VIRIAL  =      8897.0277  VOLUME     =    416780.2497
                                                    Density    =         1.0183
 ------------------------------------------------------------------------------

wrapping first mol.:       27.15626       38.40476       66.51898
wrapping first mol.:       27.15626       38.40476       66.51898

 NSTEP =    47500   TIME(PS) =    3035.000  TEMP(K) =   299.48  PRESS =   196.8
 Etot   =   -100381.9057  EKtot   =     25531.9434  EPtot      =   -125913.8491
 BOND   =       894.7219  ANGLE   =      2333.0205  DIHED      =      3539.9424
 1-4 NB =      1030.2933  1-4 EEL =     12228.3344  VDWAALS    =     15207.6664
 EELEC  =   -161147.8280  EHBOND  =         0.0000  RESTRAINT  =         0.0000
 EKCMT  =     11083.6976  VIRIAL  =      9315.1014  VOLUME     =    416240.3613
                                                    Density    =         1.0197
 ------------------------------------------------------------------------------

wrapping first mol.:       27.15105       38.39738       66.50621
wrapping first mol.:       27.15105       38.39738       66.50621

 NSTEP =    48000   TIME(PS) =    3036.000  TEMP(K) =   296.93  PRESS =    18.1
 Etot   =   -100468.2183  EKtot   =     25314.6602  EPtot      =   -125782.8785
 BOND   =       883.4796  ANGLE   =      2297.2392  DIHED      =      3491.0477
 1-4 NB =      1028.4164  1-4 EEL =     12248.8594  VDWAALS    =     15072.8147
 EELEC  =   -160804.7356  EHBOND  =         0.0000  RESTRAINT  =         0.0000
 EKCMT  =     11076.8921  VIRIAL  =     10914.7258  VOLUME     =    416007.2204
                                                    Density    =         1.0202
 ------------------------------------------------------------------------------

wrapping first mol.:       27.16396       38.41564       66.53784
wrapping first mol.:       27.16396       38.41564       66.53784

 NSTEP =    48500   TIME(PS) =    3037.000  TEMP(K) =   298.40  PRESS =   403.7
 Etot   =   -100427.1585  EKtot   =     25439.6406  EPtot      =   -125866.7991
 BOND   =       844.6215  ANGLE   =      2358.9406  DIHED      =      3486.0252
 1-4 NB =      1028.1897  1-4 EEL =     12235.6455  VDWAALS    =     14885.1773
 EELEC  =   -160705.3989  EHBOND  =         0.0000  RESTRAINT  =         0.0000
 EKCMT  =     11029.3681  VIRIAL  =      7398.0715  VOLUME     =    416586.7356
                                                    Density    =         1.0188
 ------------------------------------------------------------------------------

wrapping first mol.:       27.18554       38.44615       66.59069
wrapping first mol.:       27.18554       38.44615       66.59069

 NSTEP =    49000   TIME(PS) =    3038.000  TEMP(K) =   302.33  PRESS =   105.4
 Etot   =    -99761.5899  EKtot   =     25774.3164  EPtot      =   -125535.9063
 BOND   =       884.9628  ANGLE   =      2312.2224  DIHED      =      3524.1199
 1-4 NB =      1031.2535  1-4 EEL =     12218.5628  VDWAALS    =     14787.5470
 EELEC  =   -160294.5747  EHBOND  =         0.0000  RESTRAINT  =         0.0000
 EKCMT  =     11226.9217  VIRIAL  =     10277.0412  VOLUME     =    417591.2549
                                                    Density    =         1.0164
 ------------------------------------------------------------------------------

wrapping first mol.:       27.19765       38.46328       66.62035
wrapping first mol.:       27.19765       38.46328       66.62035

 NSTEP =    49500   TIME(PS) =    3039.000  TEMP(K) =   300.32  PRESS =  -210.1
 Etot   =   -100067.7150  EKtot   =     25603.6484  EPtot      =   -125671.3635
 BOND   =       847.5220  ANGLE   =      2307.4626  DIHED      =      3480.9113
 1-4 NB =      1033.4456  1-4 EEL =     12218.7366  VDWAALS    =     14657.4794
 EELEC  =   -160216.9211  EHBOND  =         0.0000  RESTRAINT  =         0.0000
 EKCMT  =     11055.7422  VIRIAL  =     12952.2167  VOLUME     =    418161.2523
                                                    Density    =         1.0150
 ------------------------------------------------------------------------------

wrapping first mol.:       27.19200       38.45529       66.60651
wrapping first mol.:       27.19200       38.45529       66.60651

 NSTEP =    50000   TIME(PS) =    3040.000  TEMP(K) =   299.58  PRESS =   129.9
 Etot   =    -99924.2524  EKtot   =     25539.9570  EPtot      =   -125464.2094
 BOND   =       860.0047  ANGLE   =      2328.9347  DIHED      =      3496.4897
 1-4 NB =      1026.5850  1-4 EEL =     12164.7445  VDWAALS    =     14830.4304
 EELEC  =   -160171.3982  EHBOND  =         0.0000  RESTRAINT  =         0.0000
 EKCMT  =     11202.8592  VIRIAL  =     10030.5833  VOLUME     =    417888.0411
                                                    Density    =         1.0156
 ------------------------------------------------------------------------------


      A V E R A G E S   O V E R     100 S T E P S


 NSTEP =    50000   TIME(PS) =    3040.000  TEMP(K) =   300.16  PRESS =    12.2
 Etot   =   -100124.6161  EKtot   =     25589.6654  EPtot      =   -125714.2816
 BOND   =       854.9356  ANGLE   =      2347.3765  DIHED      =      3491.9915
 1-4 NB =      1032.5923  1-4 EEL =     12221.2403  VDWAALS    =     14940.4824
 EELEC  =   -160602.9001  EHBOND  =         0.0000  RESTRAINT  =         0.0000
 EKCMT  =     11144.1735  VIRIAL  =     11034.1572  VOLUME     =    416911.0627
                                                    Density    =         1.0180
 ------------------------------------------------------------------------------


      R M S  F L U C T U A T I O N S


 NSTEP =    50000   TIME(PS) =    3040.000  TEMP(K) =     1.24  PRESS =   137.9
 Etot   =       193.6273  EKtot   =       105.4938  EPtot      =       156.3231
 BOND   =        24.9372  ANGLE   =        37.7458  DIHED      =        19.1241
 1-4 NB =        12.6630  1-4 EEL =        34.9425  VDWAALS    =       152.7184
 EELEC  =       228.1395  EHBOND  =         0.0000  RESTRAINT  =         0.0000
 EKCMT  =        73.2334  VIRIAL  =      1257.4327  VOLUME     =       563.5548
                                                    Density    =         0.0014
 ------------------------------------------------------------------------------

--------------------------------------------------------------------------------
   5.  TIMINGS
--------------------------------------------------------------------------------

|  NonSetup CPU Time in Major Routines:
|
|     Routine           Sec        %
|     ------------------------------
|     Nonbond         241.12   89.15
|     Bond              0.00    0.00
|     Angle             0.00    0.00
|     Dihedral          0.00    0.00
|     Shake             0.26    0.10
|     RunMD            29.04   10.74
|     Other             0.04    0.02
|     ------------------------------
|     Total           270.47

|  PME Nonbond Pairlist CPU Time:
|
|     Routine              Sec        %
|     ---------------------------------
|     Set Up Cit           0.00    0.00
|     Build List           0.00    0.00
|     ---------------------------------
|     Total                0.00    0.00

|  PME Direct Force CPU Time:
|
|     Routine              Sec        %
|     ---------------------------------
|     NonBonded Calc       0.00    0.00
|     Exclude Masked       0.00    0.00
|     Other                0.02    0.01
|     ---------------------------------
|     Total                0.02    0.01

|  PME Reciprocal Force CPU Time:
|
|     Routine              Sec        %
|     ---------------------------------
|     1D bspline           0.00    0.00
|     Grid Charges         0.00    0.00
|     Scalar Sum           0.00    0.00
|     Gradient Sum         0.00    0.00
|     FFT                  0.00    0.00
|     ---------------------------------
|     Total                0.00    0.00

|  Final Performance Info:
|     -----------------------------------------------------
|     Average timings for last       0 steps:
|     Elapsed(s) =       0.00 Per Step(ms) =   Infinity
|         ns/day =       0.00   seconds/ns =   Infinity
|
|     Average timings for all steps:
|     Elapsed(s) =     322.76 Per Step(ms) =       6.46
|         ns/day =      26.77   seconds/ns =    3227.56
|     -----------------------------------------------------

|  Setup CPU time:            0.65 seconds
|  NonSetup CPU time:       270.47 seconds
|  Total CPU time:          271.12 seconds     0.08 hours

|  Setup wall time:           1    seconds
|  NonSetup wall time:      323    seconds
|  Total wall time:         324    seconds     0.09 hours
