
          -------------------------------------------------------
          Amber 16 PMEMD                              2016
          -------------------------------------------------------

| PMEMD implementation of SANDER, Release 16

| Run on 11/03/2016 at 17:13:01

|   Executable path: pmemd.cuda
| Working directory: /home/german/exs/run/1m14/mhe/e
|          Hostname: Unknown
  [-O]verwriting output

File Assignments:
|   MDIN: 2equ.in                                                               
|  MDOUT: 2equ.out                                                              
| INPCRD: 1e1m14.rst7                                                           
|   PARM: 1m14.prmtop                                                           
| RESTRT: 2e1m14.rst7                                                           
|   REFC: 1e1m14.rst7                                                           
|  MDVEL: mdvel                                                                 
|   MDEN: mden                                                                  
|  MDCRD: 2e1m14.nc                                                             
| MDINFO: mdinfo                                                                
|  MDFRC: mdfrc                                                                 


 Here is the input file:

Equilibration with solute restrictions                                         
&cntrl                                                                         
imin = 0,                           ! No Minimization                          
nmropt = 0,                         ! No NMR restraints read                   
                                                                               
! Nature and format of the input                                               
ntx = 5,                            ! Coordinates but no velocities will be rea
irest = 1,                          ! Do not run a new simulation              
                                                                               
! Nature and format of the output                                              
ntxo = 1,                           ! rstrt file in ASCII format               
ntpr = 500,                         ! inf in output every ntpr steps           
ntwr = 500,                         ! rstrt file every ntwr steps              
ntwx = 500,                         ! mdcrd file every ntwx steps              
ntwv = 0,                           ! mdvel without velocities                 
ntwe = 0,                           ! Energies and temperatures not written in 
idecomp = 0,                        ! No energy decomposition                  
iwrap = 1,                          ! Coordinates of the restart and mdcrd file
                                                                               
! Frozen or restrained atoms                                                   
ibelly = 0,                         ! No frozen atoms                          
ntr=1,                              ! Harmonic potential restraints            
restraint_wt = 40.0,                ! The weight for the positional restraints 
restraintmask = ':1-277@N,CA,C,O',  ! restrained residues                      
                                                                               
! Molecular dynamics                                                           
nstlim = 50000,                     ! Number of MD-steps                       
dt = 0.002,                         ! Time step                                
                                                                               
! Temperature regulation                                                       
ntt = 3,                            ! Langevin thermostat                      
gamma_ln = 5,                       ! Gamma constant for Langevin              
!temp0 = 300.0,                     ! Reference T at which the system is to be 
tempi = 300.0,                      ! Initial T                                
ig = -1,                            ! Seed for the RNG                         
                                                                               
! P and V regulation                                                           
ntp = 1,                            ! Constant P. Isotropic scaling            
barostat = 1,                       ! Berendsen barostat                       
taup = 1,                           ! Pressure relaxation time                 
nrespa = 1,                         ! Evaluate at each step                    
ntb = 2,                            ! Periodic box for constant P              
                                                                               
! SHAKE variables                                                              
ntc = 2,                            ! Bonds involving H are constrained        
ntf = 2,                            ! Bond interaction involving H are ommited.
                                                                               
cut = 10.0,                         ! Nonbonded cutoff                         
/                                                                              
&end                                                                           


Note: ig = -1. Setting random seed to   173034 based on wallclock time in 
      microseconds.
 
|--------------------- INFORMATION ----------------------
| GPU (CUDA) Version of PMEMD in use: NVIDIA GPU IN USE.
|                    Version 16.0.0
| 
|                      02/25/2016
| 
| Implementation by:
|                    Ross C. Walker     (SDSC)
|                    Scott Le Grand     (nVIDIA)
| 
| Precision model in use:
|      [SPFP] - Single Precision Forces, 64-bit Fixed Point
|               Accumulation. (Default)
| 
|--------------------------------------------------------
 
|----------------- CITATION INFORMATION -----------------
|
|    When publishing work that utilized the CUDA version
|    of AMBER, please cite the following in addition to
|    the regular AMBER citations:
|
|  - Romelia Salomon-Ferrer; Andreas W. Goetz; Duncan
|    Poole; Scott Le Grand; Ross C. Walker "Routine
|    microsecond molecular dynamics simulations with
|    AMBER - Part II: Particle Mesh Ewald", J. Chem.
|    Theory Comput., 2013, 9 (9), pp3878-3888,
|    DOI: 10.1021/ct400314y.
|
|  - Andreas W. Goetz; Mark J. Williamson; Dong Xu;
|    Duncan Poole; Scott Le Grand; Ross C. Walker
|    "Routine microsecond molecular dynamics simulations
|    with AMBER - Part I: Generalized Born", J. Chem.
|    Theory Comput., 2012, 8 (5), pp1542-1555.
|
|  - Scott Le Grand; Andreas W. Goetz; Ross C. Walker
|    "SPFP: Speed without compromise - a mixed precision
|    model for GPU accelerated molecular dynamics
|    simulations.", Comp. Phys. Comm., 2013, 184
|    pp374-380, DOI: 10.1016/j.cpc.2012.09.022
|
|--------------------------------------------------------
 
|------------------- GPU DEVICE INFO --------------------
|
|            CUDA_VISIBLE_DEVICES: 1
|   CUDA Capable Devices Detected:      1
|           CUDA Device ID in use:      0
|                CUDA Device Name: GeForce GTX 1060 6GB
|     CUDA Device Global Mem Size:   6072 MB
| CUDA Device Num Multiprocessors:     10
|           CUDA Device Core Freq:   1.76 GHz
|
|--------------------------------------------------------
 
 
| Conditional Compilation Defines Used:
| PUBFFT
| BINTRAJ
| CUDA
| EMIL

| Largest sphere to fit in unit cell has radius =    33.276

| New format PARM file being parsed.
| Version =    1.000 Date = 11/02/16 Time = 18:58:44

| Note: 1-4 EEL scale factors are being read from the topology file.

| Note: 1-4 VDW scale factors are being read from the topology file.
| Duplicated    0 dihedrals

| Duplicated    0 dihedrals

--------------------------------------------------------------------------------
   1.  RESOURCE   USE: 
--------------------------------------------------------------------------------

 getting new box info from bottom of inpcrd
 NATOM  =   41788 NTYPES =      17 NBONH =   39561 MBONA  =    2274
 NTHETH =    5230 MTHETA =    3076 NPHIH =   10294 MPHIA  =    9773
 NHPARM =       0 NPARM  =       0 NNB   =   74758 NRES   =   12704
 NBONA  =    2274 NTHETA =    3076 NPHIA =    9773 NUMBND =      71
 NUMANG =     161 NPTRA  =     201 NATYP =      37 NPHB   =       1
 IFBOX  =       2 NMXRS  =      24 IFCAP =       0 NEXTRA =       0
 NCOPY  =       0

| Coordinate Index Table dimensions:    13   13   13
| Direct force subcell size =     6.2699    6.2699    6.2699

     BOX TYPE: TRUNCATED OCTAHEDRON

--------------------------------------------------------------------------------
   2.  CONTROL  DATA  FOR  THE  RUN
--------------------------------------------------------------------------------

default_name                                                                    

General flags:
     imin    =       0, nmropt  =       0

Nature and format of input:
     ntx     =       5, irest   =       1, ntrx    =       1

Nature and format of output:
     ntxo    =       1, ntpr    =     500, ntrx    =       1, ntwr    =     500
     iwrap   =       1, ntwx    =     500, ntwv    =       0, ntwe    =       0
     ioutfm  =       1, ntwprt  =       0, idecomp =       0, rbornstat=      0

Potential function:
     ntf     =       2, ntb     =       2, igb     =       0, nsnb    =      25
     ipol    =       0, gbsa    =       0, iesp    =       0
     dielc   =   1.00000, cut     =  10.00000, intdiel =   1.00000

Frozen or restrained atoms:
     ibelly  =       0, ntr     =       1
     restraint_wt =  40.00000

Molecular dynamics:
     nstlim  =     50000, nscm    =         0, nrespa  =         1
     t       =   0.00000, dt      =   0.00200, vlimit  =  -1.00000

Langevin dynamics temperature regulation:
     ig      =  173034
     temp0   = 300.00000, tempi   = 300.00000, gamma_ln=   5.00000

Pressure regulation:
     ntp     =       1
     pres0   =   1.00000, comp    =  44.60000, taup    =   1.00000

SHAKE:
     ntc     =       2, jfastw  =       0
     tol     =   0.00001

| Intermolecular bonds treatment:
|     no_intermolecular_bonds =       1

| Energy averages sample interval:
|     ene_avg_sampling =     500

Ewald parameters:
     verbose =       0, ew_type =       0, nbflag  =       1, use_pme =       1
     vdwmeth =       1, eedmeth =       1, netfrc  =       1
     Box X =   81.509   Box Y =   81.509   Box Z =   81.509
     Alpha =  109.471   Beta  =  109.471   Gamma =  109.471
     NFFT1 =   84       NFFT2 =   84       NFFT3 =   84
     Cutoff=   10.000   Tol   =0.100E-04
     Ewald Coefficient =  0.27511
     Interpolation order =    4

    LOADING THE CONSTRAINED ATOMS AS GROUPS


   5.  REFERENCE ATOM COORDINATES

  default_name                                                                    
     Mask :1-277@N,CA,C,O; matches  1108 atoms

--------------------------------------------------------------------------------
   3.  ATOMIC COORDINATES AND VELOCITIES
--------------------------------------------------------------------------------

default_name                                                                    
 begin time read from input coords =   240.000 ps

 
 Number of triangulated 3-point waters found:    12424

     Sum of charges from parm topology file =  -0.00000014
     Forcing neutrality...

| Dynamic Memory, Types Used:
| Reals             1922650
| Integers          1476360

| Nonbonded Pairs Initial Allocation:    12639825

| GPU memory information (estimate):
| KB of GPU memory in use:    333977
| KB of CPU memory in use:     63449

--------------------------------------------------------------------------------
   4.  RESULTS
--------------------------------------------------------------------------------

 ---------------------------------------------------
 APPROXIMATING switch and d/dx switch using CUBIC SPLINE INTERPOLATION
 using   5000.0 points per unit in tabled values
 TESTING RELATIVE ERROR over r ranging from 0.0 to cutoff
| CHECK switch(x): max rel err =   0.2738E-14   at   2.422500
| CHECK d/dx switch(x): max rel err =   0.8314E-11   at   2.736960
 ---------------------------------------------------
|---------------------------------------------------
| APPROXIMATING direct energy using CUBIC SPLINE INTERPOLATION
|  with   50.0 points per unit in tabled values
| Relative Error Limit not exceeded for r .gt.   2.33
| APPROXIMATING direct force using CUBIC SPLINE INTERPOLATION
|  with   50.0 points per unit in tabled values
| Relative Error Limit not exceeded for r .gt.   2.80
|---------------------------------------------------
wrapping first mol.:       27.19671       38.46195       66.61805
wrapping first mol.:       27.19671       38.46195       66.61805

 NSTEP =      500   TIME(PS) =     241.000  TEMP(K) =   298.78  PRESS =     0.5
 Etot   =    -99843.2749  EKtot   =     25472.2578  EPtot      =   -125315.5328
 BOND   =       851.6504  ANGLE   =      2354.1041  DIHED      =      3482.3444
 1-4 NB =      1033.1288  1-4 EEL =     12306.2335  VDWAALS    =     15070.1737
 EELEC  =   -160835.0042  EHBOND  =         0.0000  RESTRAINT  =       421.8366
 EAMBER (non-restraint)  =   -125737.3694
 EKCMT  =     11114.7289  VIRIAL  =     11110.5042  VOLUME     =    418110.2233
                                                    Density    =         1.0151
 ------------------------------------------------------------------------------

wrapping first mol.:       27.19208       38.45541       66.60671
wrapping first mol.:       27.19208       38.45541       66.60671

 NSTEP =     1000   TIME(PS) =     242.000  TEMP(K) =   299.69  PRESS =  -172.4
 Etot   =    -99928.8376  EKtot   =     25549.2090  EPtot      =   -125478.0466
 BOND   =       869.1601  ANGLE   =      2283.4408  DIHED      =      3468.3646
 1-4 NB =      1023.4078  1-4 EEL =     12281.5043  VDWAALS    =     14811.6486
 EELEC  =   -160622.5487  EHBOND  =         0.0000  RESTRAINT  =       406.9761
 EAMBER (non-restraint)  =   -125885.0227
 EKCMT  =     11033.4184  VIRIAL  =     12588.6396  VOLUME     =    417903.1330
                                                    Density    =         1.0156
 ------------------------------------------------------------------------------

wrapping first mol.:       27.18571       38.44640       66.59111
wrapping first mol.:       27.18571       38.44640       66.59111

 NSTEP =     1500   TIME(PS) =     243.000  TEMP(K) =   299.16  PRESS =   -73.1
 Etot   =    -99756.0071  EKtot   =     25504.2422  EPtot      =   -125260.2492
 BOND   =       802.6983  ANGLE   =      2259.8499  DIHED      =      3446.0867
 1-4 NB =      1033.6629  1-4 EEL =     12307.2802  VDWAALS    =     14755.9019
 EELEC  =   -160271.1558  EHBOND  =         0.0000  RESTRAINT  =       405.4266
 EAMBER (non-restraint)  =   -125665.6759
 EKCMT  =     11050.3406  VIRIAL  =     11709.1451  VOLUME     =    417605.8127
                                                    Density    =         1.0163
 ------------------------------------------------------------------------------

wrapping first mol.:       27.17915       38.43712       66.57503
wrapping first mol.:       27.17915       38.43712       66.57503

 NSTEP =     2000   TIME(PS) =     244.000  TEMP(K) =   301.83  PRESS =   -58.1
 Etot   =    -99540.2383  EKtot   =     25731.7969  EPtot      =   -125272.0352
 BOND   =       847.6805  ANGLE   =      2387.3731  DIHED      =      3472.4894
 1-4 NB =       998.2639  1-4 EEL =     12247.8457  VDWAALS    =     14815.5542
 EELEC  =   -160455.8191  EHBOND  =         0.0000  RESTRAINT  =       414.5770
 EAMBER (non-restraint)  =   -125686.6122
 EKCMT  =     11261.2411  VIRIAL  =     11784.5975  VOLUME     =    417302.8743
                                                    Density    =         1.0171
 ------------------------------------------------------------------------------

wrapping first mol.:       27.17647       38.43333       66.56848
wrapping first mol.:       27.17647       38.43333       66.56848

 NSTEP =     2500   TIME(PS) =     245.000  TEMP(K) =   300.17  PRESS =    -5.9
 Etot   =    -99734.2452  EKtot   =     25590.4023  EPtot      =   -125324.6475
 BOND   =       819.3850  ANGLE   =      2282.9133  DIHED      =      3514.5527
 1-4 NB =      1022.9592  1-4 EEL =     12237.3536  VDWAALS    =     14721.7230
 EELEC  =   -160359.9939  EHBOND  =         0.0000  RESTRAINT  =       436.4596
 EAMBER (non-restraint)  =   -125761.1071
 EKCMT  =     11157.6244  VIRIAL  =     11210.8832  VOLUME     =    417177.8100
                                                    Density    =         1.0174
 ------------------------------------------------------------------------------

wrapping first mol.:       27.17015       38.42439       66.55299
wrapping first mol.:       27.17015       38.42439       66.55299

 NSTEP =     3000   TIME(PS) =     246.000  TEMP(K) =   299.38  PRESS =    33.7
 Etot   =    -99867.3518  EKtot   =     25523.3887  EPtot      =   -125390.7404
 BOND   =       809.2794  ANGLE   =      2236.6593  DIHED      =      3510.3355
 1-4 NB =      1047.6478  1-4 EEL =     12265.3275  VDWAALS    =     14887.3884
 EELEC  =   -160534.2092  EHBOND  =         0.0000  RESTRAINT  =       386.8310
 EAMBER (non-restraint)  =   -125777.5714
 EKCMT  =     11065.7101  VIRIAL  =     10762.3464  VOLUME     =    416885.0433
                                                    Density    =         1.0181
 ------------------------------------------------------------------------------

wrapping first mol.:       27.18569       38.44637       66.59107
wrapping first mol.:       27.18569       38.44637       66.59107

 NSTEP =     3500   TIME(PS) =     247.000  TEMP(K) =   301.11  PRESS =   -91.6
 Etot   =    -99689.9695  EKtot   =     25671.0781  EPtot      =   -125361.0476
 BOND   =       827.4987  ANGLE   =      2291.6308  DIHED      =      3501.1893
 1-4 NB =      1018.8990  1-4 EEL =     12262.9829  VDWAALS    =     15024.2902
 EELEC  =   -160700.8283  EHBOND  =         0.0000  RESTRAINT  =       413.2897
 EAMBER (non-restraint)  =   -125774.3374
 EKCMT  =     11259.6583  VIRIAL  =     12085.4182  VOLUME     =    417605.7224
                                                    Density    =         1.0163
 ------------------------------------------------------------------------------

wrapping first mol.:       27.18011       38.43848       66.57739
wrapping first mol.:       27.18011       38.43848       66.57739

 NSTEP =     4000   TIME(PS) =     248.000  TEMP(K) =   301.56  PRESS =   -14.4
 Etot   =    -99446.1747  EKtot   =     25709.1914  EPtot      =   -125155.3661
 BOND   =       788.4418  ANGLE   =      2267.1928  DIHED      =      3492.8745
 1-4 NB =      1007.8294  1-4 EEL =     12289.6529  VDWAALS    =     14941.4648
 EELEC  =   -160361.9792  EHBOND  =         0.0000  RESTRAINT  =       419.1569
 EAMBER (non-restraint)  =   -125574.5231
 EKCMT  =     11167.8467  VIRIAL  =     11298.0150  VOLUME     =    417345.6862
                                                    Density    =         1.0170
 ------------------------------------------------------------------------------

wrapping first mol.:       27.17158       38.42642       66.55650
wrapping first mol.:       27.17158       38.42642       66.55650

 NSTEP =     4500   TIME(PS) =     249.000  TEMP(K) =   299.20  PRESS =    61.7
 Etot   =    -99564.1631  EKtot   =     25507.8379  EPtot      =   -125072.0010
 BOND   =       876.9115  ANGLE   =      2343.1979  DIHED      =      3468.8562
 1-4 NB =       994.6595  1-4 EEL =     12228.0601  VDWAALS    =     14876.2974
 EELEC  =   -160293.6095  EHBOND  =         0.0000  RESTRAINT  =       433.6258
 EAMBER (non-restraint)  =   -125505.6269
 EKCMT  =     11053.4096  VIRIAL  =     10498.3683  VOLUME     =    416950.0170
                                                    Density    =         1.0179
 ------------------------------------------------------------------------------

wrapping first mol.:       27.17520       38.43153       66.56536
wrapping first mol.:       27.17520       38.43153       66.56536

 NSTEP =     5000   TIME(PS) =     250.000  TEMP(K) =   301.30  PRESS =   -27.5
 Etot   =    -99688.2532  EKtot   =     25686.4570  EPtot      =   -125374.7103
 BOND   =       809.8128  ANGLE   =      2303.2619  DIHED      =      3485.7325
 1-4 NB =      1005.6530  1-4 EEL =     12311.1101  VDWAALS    =     15027.4541
 EELEC  =   -160729.7841  EHBOND  =         0.0000  RESTRAINT  =       412.0494
 EAMBER (non-restraint)  =   -125786.7596
 EKCMT  =     11205.9229  VIRIAL  =     11453.8903  VOLUME     =    417119.9102
                                                    Density    =         1.0175
 ------------------------------------------------------------------------------

wrapping first mol.:       27.18124       38.44007       66.58015
wrapping first mol.:       27.18124       38.44007       66.58015

 NSTEP =     5500   TIME(PS) =     251.000  TEMP(K) =   300.41  PRESS =   116.1
 Etot   =    -99620.4120  EKtot   =     25611.2344  EPtot      =   -125231.6464
 BOND   =       798.5477  ANGLE   =      2271.9470  DIHED      =      3471.1130
 1-4 NB =      1016.8737  1-4 EEL =     12219.6357  VDWAALS    =     14971.1589
 EELEC  =   -160416.6223  EHBOND  =         0.0000  RESTRAINT  =       435.7000
 EAMBER (non-restraint)  =   -125667.3464
 EKCMT  =     11133.6305  VIRIAL  =     10086.9770  VOLUME     =    417392.7167
                                                    Density    =         1.0169
 ------------------------------------------------------------------------------

wrapping first mol.:       27.18683       38.44799       66.59386
wrapping first mol.:       27.18683       38.44799       66.59386

 NSTEP =     6000   TIME(PS) =     252.000  TEMP(K) =   300.78  PRESS =    -1.2
 Etot   =    -99714.8862  EKtot   =     25642.5625  EPtot      =   -125357.4487
 BOND   =       812.8259  ANGLE   =      2292.0308  DIHED      =      3473.0880
 1-4 NB =      1026.4646  1-4 EEL =     12277.8146  VDWAALS    =     14908.5013
 EELEC  =   -160555.8290  EHBOND  =         0.0000  RESTRAINT  =       407.6550
 EAMBER (non-restraint)  =   -125765.1037
 EKCMT  =     11243.1683  VIRIAL  =     11254.0512  VOLUME     =    417654.9106
                                                    Density    =         1.0162
 ------------------------------------------------------------------------------

wrapping first mol.:       27.17946       38.43757       66.57581
wrapping first mol.:       27.17946       38.43757       66.57581

 NSTEP =     6500   TIME(PS) =     253.000  TEMP(K) =   301.04  PRESS =   -75.6
 Etot   =    -99738.5865  EKtot   =     25664.9023  EPtot      =   -125403.4888
 BOND   =       797.7026  ANGLE   =      2269.9942  DIHED      =      3484.9570
 1-4 NB =      1020.8542  1-4 EEL =     12266.5206  VDWAALS    =     14724.7386
 EELEC  =   -160372.9082  EHBOND  =         0.0000  RESTRAINT  =       404.6522
 EAMBER (non-restraint)  =   -125808.1410
 EKCMT  =     11139.5541  VIRIAL  =     11820.6000  VOLUME     =    417318.2265
                                                    Density    =         1.0170
 ------------------------------------------------------------------------------

wrapping first mol.:       27.17633       38.43313       66.56813
wrapping first mol.:       27.17633       38.43313       66.56813

 NSTEP =     7000   TIME(PS) =     254.000  TEMP(K) =   299.65  PRESS =   -21.0
 Etot   =    -99860.0786  EKtot   =     25546.6055  EPtot      =   -125406.6841
 BOND   =       824.4936  ANGLE   =      2249.6452  DIHED      =      3482.4380
 1-4 NB =      1000.6308  1-4 EEL =     12298.3106  VDWAALS    =     14949.4403
 EELEC  =   -160649.8222  EHBOND  =         0.0000  RESTRAINT  =       438.1796
 EAMBER (non-restraint)  =   -125844.8637
 EKCMT  =     11162.4562  VIRIAL  =     11351.4724  VOLUME     =    417171.6923
                                                    Density    =         1.0174
 ------------------------------------------------------------------------------

wrapping first mol.:       27.16457       38.41651       66.53933
wrapping first mol.:       27.16457       38.41651       66.53933

 NSTEP =     7500   TIME(PS) =     255.000  TEMP(K) =   299.56  PRESS =     7.8
 Etot   =    -99665.1927  EKtot   =     25538.3984  EPtot      =   -125203.5911
 BOND   =       807.9666  ANGLE   =      2322.0036  DIHED      =      3517.3216
 1-4 NB =      1029.4954  1-4 EEL =     12286.0859  VDWAALS    =     14726.1566
 EELEC  =   -160325.6636  EHBOND  =         0.0000  RESTRAINT  =       433.0429
 EAMBER (non-restraint)  =   -125636.6340
 EKCMT  =     11053.5420  VIRIAL  =     10983.3367  VOLUME     =    416629.5426
                                                    Density    =         1.0187
 ------------------------------------------------------------------------------

wrapping first mol.:       27.16790       38.42121       66.54749
wrapping first mol.:       27.16790       38.42121       66.54749

 NSTEP =     8000   TIME(PS) =     256.000  TEMP(K) =   298.61  PRESS =    14.5
 Etot   =    -99866.5125  EKtot   =     25457.8730  EPtot      =   -125324.3856
 BOND   =       841.4588  ANGLE   =      2293.5188  DIHED      =      3485.9186
 1-4 NB =      1001.7669  1-4 EEL =     12249.5711  VDWAALS    =     15106.2097
 EELEC  =   -160698.3281  EHBOND  =         0.0000  RESTRAINT  =       395.4988
 EAMBER (non-restraint)  =   -125719.8843
 EKCMT  =     11181.1005  VIRIAL  =     11050.6047  VOLUME     =    416782.4847
                                                    Density    =         1.0183
 ------------------------------------------------------------------------------

wrapping first mol.:       27.16654       38.41929       66.54416
wrapping first mol.:       27.16654       38.41929       66.54416

 NSTEP =     8500   TIME(PS) =     257.000  TEMP(K) =   301.57  PRESS =  -100.0
 Etot   =    -99689.2150  EKtot   =     25709.7285  EPtot      =   -125398.9435
 BOND   =       857.8487  ANGLE   =      2310.6672  DIHED      =      3477.1233
 1-4 NB =      1006.0737  1-4 EEL =     12266.1039  VDWAALS    =     14935.4196
 EELEC  =   -160656.5770  EHBOND  =         0.0000  RESTRAINT  =       404.3971
 EAMBER (non-restraint)  =   -125803.3407
 EKCMT  =     11064.2862  VIRIAL  =     11964.0689  VOLUME     =    416724.2513
                                                    Density    =         1.0185
 ------------------------------------------------------------------------------

wrapping first mol.:       27.18552       38.44613       66.59064
wrapping first mol.:       27.18552       38.44613       66.59064

 NSTEP =     9000   TIME(PS) =     258.000  TEMP(K) =   302.09  PRESS =   126.1
 Etot   =    -99599.5995  EKtot   =     25754.4277  EPtot      =   -125354.0272
 BOND   =       808.8855  ANGLE   =      2229.6400  DIHED      =      3484.3520
 1-4 NB =      1049.8453  1-4 EEL =     12260.9791  VDWAALS    =     15064.4742
 EELEC  =   -160668.6687  EHBOND  =         0.0000  RESTRAINT  =       416.4653
 EAMBER (non-restraint)  =   -125770.4926
 EKCMT  =     11182.1754  VIRIAL  =     10045.3752  VOLUME     =    417589.6033
                                                    Density    =         1.0164
 ------------------------------------------------------------------------------

wrapping first mol.:       27.16962       38.42364       66.55170
wrapping first mol.:       27.16962       38.42364       66.55170

 NSTEP =     9500   TIME(PS) =     259.000  TEMP(K) =   299.76  PRESS =    41.6
 Etot   =    -99805.8307  EKtot   =     25555.3906  EPtot      =   -125361.2213
 BOND   =       807.7454  ANGLE   =      2271.1933  DIHED      =      3465.1496
 1-4 NB =      1046.5615  1-4 EEL =     12286.5400  VDWAALS    =     15073.0195
 EELEC  =   -160722.7434  EHBOND  =         0.0000  RESTRAINT  =       411.3128
 EAMBER (non-restraint)  =   -125772.5341
 EKCMT  =     11068.1909  VIRIAL  =     10693.7645  VOLUME     =    416860.5475
                                                    Density    =         1.0182
 ------------------------------------------------------------------------------

wrapping first mol.:       27.16459       38.41653       66.53937
wrapping first mol.:       27.16459       38.41653       66.53937

 NSTEP =    10000   TIME(PS) =     260.000  TEMP(K) =   301.31  PRESS =   127.3
 Etot   =    -99742.1427  EKtot   =     25687.7109  EPtot      =   -125429.8537
 BOND   =       784.7600  ANGLE   =      2283.5239  DIHED      =      3465.9672
 1-4 NB =      1042.1951  1-4 EEL =     12348.4743  VDWAALS    =     15095.5858
 EELEC  =   -160861.6432  EHBOND  =         0.0000  RESTRAINT  =       411.2833
 EAMBER (non-restraint)  =   -125841.1369
 EKCMT  =     11206.3928  VIRIAL  =     10061.4272  VOLUME     =    416625.7886
                                                    Density    =         1.0187
 ------------------------------------------------------------------------------

wrapping first mol.:       27.17190       38.42687       66.55729
wrapping first mol.:       27.17190       38.42687       66.55729

 NSTEP =    10500   TIME(PS) =     261.000  TEMP(K) =   301.48  PRESS =   125.5
 Etot   =    -99789.6433  EKtot   =     25702.0742  EPtot      =   -125491.7175
 BOND   =       832.4175  ANGLE   =      2292.4461  DIHED      =      3490.7898
 1-4 NB =      1006.1023  1-4 EEL =     12252.0982  VDWAALS    =     14948.1907
 EELEC  =   -160749.5297  EHBOND  =         0.0000  RESTRAINT  =       435.7676
 EAMBER (non-restraint)  =   -125927.4851
 EKCMT  =     11223.5729  VIRIAL  =     10094.0067  VOLUME     =    416962.4621
                                                    Density    =         1.0179
 ------------------------------------------------------------------------------

wrapping first mol.:       27.17738       38.43462       66.57070
wrapping first mol.:       27.17738       38.43462       66.57070

 NSTEP =    11000   TIME(PS) =     262.000  TEMP(K) =   299.93  PRESS =   -81.6
 Etot   =    -99657.8415  EKtot   =     25569.8711  EPtot      =   -125227.7126
 BOND   =       833.8250  ANGLE   =      2325.0346  DIHED      =      3474.2860
 1-4 NB =      1018.8384  1-4 EEL =     12286.6938  VDWAALS    =     14842.3144
 EELEC  =   -160399.1987  EHBOND  =         0.0000  RESTRAINT  =       390.4939
 EAMBER (non-restraint)  =   -125618.2065
 EKCMT  =     11130.0098  VIRIAL  =     11865.5120  VOLUME     =    417222.4074
                                                    Density    =         1.0173
 ------------------------------------------------------------------------------

wrapping first mol.:       27.17324       38.42877       66.56058
wrapping first mol.:       27.17324       38.42877       66.56058

 NSTEP =    11500   TIME(PS) =     263.000  TEMP(K) =   302.06  PRESS =    52.7
 Etot   =    -99722.2376  EKtot   =     25751.5977  EPtot      =   -125473.8352
 BOND   =       838.2928  ANGLE   =      2295.4240  DIHED      =      3485.5287
 1-4 NB =      1028.4712  1-4 EEL =     12264.2467  VDWAALS    =     14880.2658
 EELEC  =   -160658.1898  EHBOND  =         0.0000  RESTRAINT  =       392.1254
 EAMBER (non-restraint)  =   -125865.9606
 EKCMT  =     11253.1037  VIRIAL  =     10778.2910  VOLUME     =    417026.9845
                                                    Density    =         1.0177
 ------------------------------------------------------------------------------

wrapping first mol.:       27.18125       38.44009       66.58019
wrapping first mol.:       27.18125       38.44009       66.58019

 NSTEP =    12000   TIME(PS) =     264.000  TEMP(K) =   302.37  PRESS =    35.7
 Etot   =    -99663.7491  EKtot   =     25778.5176  EPtot      =   -125442.2667
 BOND   =       840.8563  ANGLE   =      2276.5564  DIHED      =      3475.9498
 1-4 NB =      1007.7402  1-4 EEL =     12285.2750  VDWAALS    =     14977.6305
 EELEC  =   -160713.0948  EHBOND  =         0.0000  RESTRAINT  =       406.8199
 EAMBER (non-restraint)  =   -125849.0866
 EKCMT  =     11155.0886  VIRIAL  =     10833.4131  VOLUME     =    417396.3921
                                                    Density    =         1.0168
 ------------------------------------------------------------------------------

wrapping first mol.:       27.17077       38.42527       66.55451
wrapping first mol.:       27.17077       38.42527       66.55451

 NSTEP =    12500   TIME(PS) =     265.000  TEMP(K) =   301.81  PRESS =   119.3
 Etot   =    -99552.4462  EKtot   =     25730.1270  EPtot      =   -125282.5732
 BOND   =       804.6107  ANGLE   =      2301.2227  DIHED      =      3493.3520
 1-4 NB =      1033.4547  1-4 EEL =     12321.6908  VDWAALS    =     14928.1054
 EELEC  =   -160586.5029  EHBOND  =         0.0000  RESTRAINT  =       421.4934
 EAMBER (non-restraint)  =   -125704.0665
 EKCMT  =     11128.9112  VIRIAL  =     10054.6717  VOLUME     =    416910.4710
                                                    Density    =         1.0180
 ------------------------------------------------------------------------------

wrapping first mol.:       27.17116       38.42582       66.55548
wrapping first mol.:       27.17116       38.42582       66.55548

 NSTEP =    13000   TIME(PS) =     266.000  TEMP(K) =   297.03  PRESS =    16.5
 Etot   =    -99911.9163  EKtot   =     25323.0938  EPtot      =   -125235.0100
 BOND   =       802.6669  ANGLE   =      2295.4863  DIHED      =      3473.0426
 1-4 NB =      1027.9356  1-4 EEL =     12276.8842  VDWAALS    =     14820.8390
 EELEC  =   -160347.4772  EHBOND  =         0.0000  RESTRAINT  =       415.6127
 EAMBER (non-restraint)  =   -125650.6227
 EKCMT  =     11058.0072  VIRIAL  =     10909.3972  VOLUME     =    416932.4779
                                                    Density    =         1.0180
 ------------------------------------------------------------------------------

wrapping first mol.:       27.16956       38.42356       66.55156
wrapping first mol.:       27.16956       38.42356       66.55156

 NSTEP =    13500   TIME(PS) =     267.000  TEMP(K) =   302.44  PRESS =   123.9
 Etot   =    -99565.6234  EKtot   =     25783.8652  EPtot      =   -125349.4887
 BOND   =       804.3204  ANGLE   =      2344.5758  DIHED      =      3495.4951
 1-4 NB =      1006.0287  1-4 EEL =     12236.1632  VDWAALS    =     14968.1100
 EELEC  =   -160626.1589  EHBOND  =         0.0000  RESTRAINT  =       421.9770
 EAMBER (non-restraint)  =   -125771.4657
 EKCMT  =     11233.1668  VIRIAL  =     10118.2438  VOLUME     =    416854.8368
                                                    Density    =         1.0182
 ------------------------------------------------------------------------------

wrapping first mol.:       27.17402       38.42987       66.56248
wrapping first mol.:       27.17402       38.42987       66.56248

 NSTEP =    14000   TIME(PS) =     268.000  TEMP(K) =   299.00  PRESS =    15.2
 Etot   =   -100058.4588  EKtot   =     25491.0918  EPtot      =   -125549.5506
 BOND   =       811.3619  ANGLE   =      2304.1905  DIHED      =      3484.2286
 1-4 NB =      1022.6665  1-4 EEL =     12283.3405  VDWAALS    =     15108.6293
 EELEC  =   -160978.4910  EHBOND  =         0.0000  RESTRAINT  =       414.5231
 EAMBER (non-restraint)  =   -125964.0737
 EKCMT  =     11001.3308  VIRIAL  =     10864.6888  VOLUME     =    417064.1586
                                                    Density    =         1.0177
 ------------------------------------------------------------------------------

wrapping first mol.:       27.17157       38.42641       66.55649
wrapping first mol.:       27.17157       38.42641       66.55649

 NSTEP =    14500   TIME(PS) =     269.000  TEMP(K) =   297.09  PRESS =   -75.8
 Etot   =    -99881.6171  EKtot   =     25327.6055  EPtot      =   -125209.2226
 BOND   =       802.8996  ANGLE   =      2287.4589  DIHED      =      3489.6390
 1-4 NB =      1032.4650  1-4 EEL =     12284.2303  VDWAALS    =     14743.9334
 EELEC  =   -160279.5456  EHBOND  =         0.0000  RESTRAINT  =       429.6970
 EAMBER (non-restraint)  =   -125638.9195
 EKCMT  =     10986.5582  VIRIAL  =     11668.9163  VOLUME     =    416954.8973
                                                    Density    =         1.0179
 ------------------------------------------------------------------------------

wrapping first mol.:       27.15348       38.40083       66.51218
wrapping first mol.:       27.15348       38.40083       66.51218

 NSTEP =    15000   TIME(PS) =     270.000  TEMP(K) =   299.48  PRESS =  -221.5
 Etot   =   -100218.9890  EKtot   =     25531.4512  EPtot      =   -125750.4402
 BOND   =       854.4367  ANGLE   =      2251.0784  DIHED      =      3465.5958
 1-4 NB =      1025.2215  1-4 EEL =     12225.0025  VDWAALS    =     14920.6815
 EELEC  =   -160892.6919  EHBOND  =         0.0000  RESTRAINT  =       400.2352
 EAMBER (non-restraint)  =   -126150.6754
 EKCMT  =     11092.4972  VIRIAL  =     13082.6613  VOLUME     =    416128.0881
                                                    Density    =         1.0199
 ------------------------------------------------------------------------------

wrapping first mol.:       27.15459       38.40239       66.51489
wrapping first mol.:       27.15459       38.40239       66.51489

 NSTEP =    15500   TIME(PS) =     271.000  TEMP(K) =   301.03  PRESS =  -240.2
 Etot   =   -100028.0254  EKtot   =     25664.0273  EPtot      =   -125692.0528
 BOND   =       851.0394  ANGLE   =      2228.2545  DIHED      =      3469.8026
 1-4 NB =      1015.4264  1-4 EEL =     12269.3011  VDWAALS    =     14793.7280
 EELEC  =   -160738.3611  EHBOND  =         0.0000  RESTRAINT  =       418.7563
 EAMBER (non-restraint)  =   -126110.8091
 EKCMT  =     11296.7832  VIRIAL  =     13455.6056  VOLUME     =    416179.7456
                                                    Density    =         1.0198
 ------------------------------------------------------------------------------

wrapping first mol.:       27.15582       38.40412       66.51789
wrapping first mol.:       27.15582       38.40412       66.51789

 NSTEP =    16000   TIME(PS) =     272.000  TEMP(K) =   303.01  PRESS =  -122.1
 Etot   =    -99853.9618  EKtot   =     25832.4805  EPtot      =   -125686.4423
 BOND   =       816.9668  ANGLE   =      2274.5754  DIHED      =      3473.2998
 1-4 NB =      1015.6179  1-4 EEL =     12297.8223  VDWAALS    =     14734.8515
 EELEC  =   -160690.4283  EHBOND  =         0.0000  RESTRAINT  =       390.8523
 EAMBER (non-restraint)  =   -126077.2946
 EKCMT  =     11286.0702  VIRIAL  =     12382.9333  VOLUME     =    416231.6532
                                                    Density    =         1.0197
 ------------------------------------------------------------------------------

wrapping first mol.:       27.16707       38.42003       66.54544
wrapping first mol.:       27.16707       38.42003       66.54544

 NSTEP =    16500   TIME(PS) =     273.000  TEMP(K) =   299.28  PRESS =    95.1
 Etot   =    -99548.1820  EKtot   =     25514.2480  EPtot      =   -125062.4301
 BOND   =       803.5203  ANGLE   =      2322.1655  DIHED      =      3490.8284
 1-4 NB =      1009.7300  1-4 EEL =     12239.0108  VDWAALS    =     14643.6604
 EELEC  =   -159984.3683  EHBOND  =         0.0000  RESTRAINT  =       413.0230
 EAMBER (non-restraint)  =   -125475.4531
 EKCMT  =     11181.8176  VIRIAL  =     10326.3596  VOLUME     =    416741.0551
                                                    Density    =         1.0184
 ------------------------------------------------------------------------------

wrapping first mol.:       27.16258       38.41369       66.53446
wrapping first mol.:       27.16258       38.41369       66.53446

 NSTEP =    17000   TIME(PS) =     274.000  TEMP(K) =   300.73  PRESS =   119.6
 Etot   =    -99775.6861  EKtot   =     25638.2539  EPtot      =   -125413.9400
 BOND   =       778.9321  ANGLE   =      2304.9512  DIHED      =      3489.9019
 1-4 NB =      1029.0191  1-4 EEL =     12272.8788  VDWAALS    =     15072.0211
 EELEC  =   -160773.9011  EHBOND  =         0.0000  RESTRAINT  =       412.2570
 EAMBER (non-restraint)  =   -125826.1969
 EKCMT  =     11161.6512  VIRIAL  =     10086.3507  VOLUME     =    416533.7818
                                                    Density    =         1.0189
 ------------------------------------------------------------------------------

wrapping first mol.:       27.16433       38.41617       66.53874
wrapping first mol.:       27.16433       38.41617       66.53874

 NSTEP =    17500   TIME(PS) =     275.000  TEMP(K) =   300.17  PRESS =    83.9
 Etot   =    -99600.0988  EKtot   =     25590.1914  EPtot      =   -125190.2902
 BOND   =       837.5620  ANGLE   =      2229.4945  DIHED      =      3507.6064
 1-4 NB =      1029.9960  1-4 EEL =     12237.9492  VDWAALS    =     14909.2783
 EELEC  =   -160352.6365  EHBOND  =         0.0000  RESTRAINT  =       410.4600
 EAMBER (non-restraint)  =   -125600.7502
 EKCMT  =     11117.5590  VIRIAL  =     10362.9316  VOLUME     =    416615.6223
                                                    Density    =         1.0187
 ------------------------------------------------------------------------------

wrapping first mol.:       27.17052       38.42491       66.55389
wrapping first mol.:       27.17052       38.42491       66.55389

 NSTEP =    18000   TIME(PS) =     276.000  TEMP(K) =   299.68  PRESS =   -71.4
 Etot   =    -99350.4839  EKtot   =     25548.4609  EPtot      =   -124898.9448
 BOND   =       823.8559  ANGLE   =      2361.6307  DIHED      =      3474.7157
 1-4 NB =      1017.8857  1-4 EEL =     12241.2929  VDWAALS    =     14870.7254
 EELEC  =   -160114.4244  EHBOND  =         0.0000  RESTRAINT  =       425.3733
 EAMBER (non-restraint)  =   -125324.3181
 EKCMT  =     11180.7630  VIRIAL  =     11823.3687  VOLUME     =    416905.9613
                                                    Density    =         1.0180
 ------------------------------------------------------------------------------

wrapping first mol.:       27.19691       38.46224       66.61855
wrapping first mol.:       27.19691       38.46224       66.61855

 NSTEP =    18500   TIME(PS) =     277.000  TEMP(K) =   300.80  PRESS =    74.4
 Etot   =    -99756.8635  EKtot   =     25644.4395  EPtot      =   -125401.3030
 BOND   =       792.9134  ANGLE   =      2244.0781  DIHED      =      3477.1626
 1-4 NB =      1024.5735  1-4 EEL =     12314.4432  VDWAALS    =     15236.9019
 EELEC  =   -160914.5662  EHBOND  =         0.0000  RESTRAINT  =       423.1906
 EAMBER (non-restraint)  =   -125824.4936
 EKCMT  =     11111.1152  VIRIAL  =     10439.2510  VOLUME     =    418116.7465
                                                    Density    =         1.0151
 ------------------------------------------------------------------------------

wrapping first mol.:       27.20864       38.47883       66.64728
wrapping first mol.:       27.20864       38.47883       66.64728

 NSTEP =    19000   TIME(PS) =     278.000  TEMP(K) =   300.13  PRESS =    52.4
 Etot   =    -99615.8326  EKtot   =     25586.7891  EPtot      =   -125202.6217
 BOND   =       837.1506  ANGLE   =      2278.1798  DIHED      =      3480.2002
 1-4 NB =      1021.2212  1-4 EEL =     12277.6725  VDWAALS    =     14984.2418
 EELEC  =   -160489.3797  EHBOND  =         0.0000  RESTRAINT  =       408.0919
 EAMBER (non-restraint)  =   -125610.7136
 EKCMT  =     11113.5927  VIRIAL  =     10639.4977  VOLUME     =    418658.7373
                                                    Density    =         1.0138
 ------------------------------------------------------------------------------

wrapping first mol.:       27.19753       38.46312       66.62007
wrapping first mol.:       27.19753       38.46312       66.62007

 NSTEP =    19500   TIME(PS) =     279.000  TEMP(K) =   302.53  PRESS =   -51.3
 Etot   =    -99546.3650  EKtot   =     25791.5547  EPtot      =   -125337.9197
 BOND   =       824.4718  ANGLE   =      2296.7373  DIHED      =      3488.6682
 1-4 NB =      1013.4009  1-4 EEL =     12283.6756  VDWAALS    =     14810.8101
 EELEC  =   -160454.7136  EHBOND  =         0.0000  RESTRAINT  =       399.0299
 EAMBER (non-restraint)  =   -125736.9496
 EKCMT  =     11134.9248  VIRIAL  =     11598.0948  VOLUME     =    418150.0505
                                                    Density    =         1.0150
 ------------------------------------------------------------------------------

wrapping first mol.:       27.19653       38.46170       66.61761
wrapping first mol.:       27.19653       38.46170       66.61761

 NSTEP =    20000   TIME(PS) =     280.000  TEMP(K) =   295.97  PRESS =    12.4
 Etot   =    -99806.2626  EKtot   =     25232.8613  EPtot      =   -125039.1240
 BOND   =       847.5917  ANGLE   =      2302.1060  DIHED      =      3501.1126
 1-4 NB =      1017.8975  1-4 EEL =     12262.3973  VDWAALS    =     14860.2052
 EELEC  =   -160230.1495  EHBOND  =         0.0000  RESTRAINT  =       399.7152
 EAMBER (non-restraint)  =   -125438.8392
 EKCMT  =     10967.7476  VIRIAL  =     10855.6600  VOLUME     =    418101.4116
                                                    Density    =         1.0151
 ------------------------------------------------------------------------------

wrapping first mol.:       27.19475       38.45918       66.61324
wrapping first mol.:       27.19475       38.45918       66.61324

 NSTEP =    20500   TIME(PS) =     281.000  TEMP(K) =   300.26  PRESS =  -274.7
 Etot   =    -99870.7133  EKtot   =     25597.8184  EPtot      =   -125468.5316
 BOND   =       797.5915  ANGLE   =      2326.7096  DIHED      =      3483.2823
 1-4 NB =      1037.3393  1-4 EEL =     12290.0972  VDWAALS    =     14806.7361
 EELEC  =   -160624.7504  EHBOND  =         0.0000  RESTRAINT  =       414.4628
 EAMBER (non-restraint)  =   -125882.9944
 EKCMT  =     11177.3709  VIRIAL  =     13656.3985  VOLUME     =    418029.9252
                                                    Density    =         1.0153
 ------------------------------------------------------------------------------

wrapping first mol.:       27.16792       38.42123       66.54752
wrapping first mol.:       27.16792       38.42123       66.54752

 NSTEP =    21000   TIME(PS) =     282.000  TEMP(K) =   297.26  PRESS =  -117.3
 Etot   =   -100010.8014  EKtot   =     25342.4453  EPtot      =   -125353.2467
 BOND   =       858.0883  ANGLE   =      2254.5238  DIHED      =      3514.3318
 1-4 NB =      1013.6566  1-4 EEL =     12246.5911  VDWAALS    =     14665.9443
 EELEC  =   -160312.0666  EHBOND  =         0.0000  RESTRAINT  =       405.6841
 EAMBER (non-restraint)  =   -125758.9308
 EKCMT  =     11037.6485  VIRIAL  =     12092.8466  VOLUME     =    416787.9943
                                                    Density    =         1.0183
 ------------------------------------------------------------------------------

wrapping first mol.:       27.16320       38.41456       66.53597
wrapping first mol.:       27.16320       38.41456       66.53597

 NSTEP =    21500   TIME(PS) =     283.000  TEMP(K) =   299.04  PRESS =  -102.2
 Etot   =    -99901.2042  EKtot   =     25494.3828  EPtot      =   -125395.5870
 BOND   =       853.3862  ANGLE   =      2337.8843  DIHED      =      3488.9555
 1-4 NB =      1022.2326  1-4 EEL =     12281.6559  VDWAALS    =     14805.8531
 EELEC  =   -160595.4141  EHBOND  =         0.0000  RESTRAINT  =       409.8595
 EAMBER (non-restraint)  =   -125805.4465
 EKCMT  =     11246.4913  VIRIAL  =     12165.7652  VOLUME     =    416570.3686
                                                    Density    =         1.0189
 ------------------------------------------------------------------------------

wrapping first mol.:       27.16054       38.41080       66.52946
wrapping first mol.:       27.16054       38.41080       66.52946

 NSTEP =    22000   TIME(PS) =     284.000  TEMP(K) =   299.36  PRESS =   -74.1
 Etot   =    -99674.6107  EKtot   =     25521.4902  EPtot      =   -125196.1009
 BOND   =       809.3724  ANGLE   =      2275.1170  DIHED      =      3511.6886
 1-4 NB =      1030.3046  1-4 EEL =     12269.2009  VDWAALS    =     14760.8783
 EELEC  =   -160264.4316  EHBOND  =         0.0000  RESTRAINT  =       411.7690
 EAMBER (non-restraint)  =   -125607.8699
 EKCMT  =     11053.5089  VIRIAL  =     11719.6864  VOLUME     =    416447.1071
                                                    Density    =         1.0192
 ------------------------------------------------------------------------------

wrapping first mol.:       27.15541       38.40354       66.51688
wrapping first mol.:       27.15541       38.40354       66.51688

 NSTEP =    22500   TIME(PS) =     285.000  TEMP(K) =   297.25  PRESS =    78.7
 Etot   =    -99935.5968  EKtot   =     25341.6934  EPtot      =   -125277.2901
 BOND   =       835.8937  ANGLE   =      2259.1512  DIHED      =      3511.2019
 1-4 NB =      1008.5118  1-4 EEL =     12273.1982  VDWAALS    =     15026.5792
 EELEC  =   -160608.1288  EHBOND  =         0.0000  RESTRAINT  =       416.3026
 EAMBER (non-restraint)  =   -125693.5928
 EKCMT  =     11082.9875  VIRIAL  =     10376.0080  VOLUME     =    416205.2463
                                                    Density    =         1.0198
 ------------------------------------------------------------------------------

wrapping first mol.:       27.16412       38.41586       66.53822
wrapping first mol.:       27.16412       38.41586       66.53822

 NSTEP =    23000   TIME(PS) =     286.000  TEMP(K) =   298.12  PRESS =    85.2
 Etot   =    -99948.5074  EKtot   =     25415.7656  EPtot      =   -125364.2730
 BOND   =       836.8655  ANGLE   =      2315.7210  DIHED      =      3515.4755
 1-4 NB =      1022.2464  1-4 EEL =     12306.7101  VDWAALS    =     14903.3117
 EELEC  =   -160668.9677  EHBOND  =         0.0000  RESTRAINT  =       404.3645
 EAMBER (non-restraint)  =   -125768.6375
 EKCMT  =     11014.9630  VIRIAL  =     10248.6270  VOLUME     =    416605.6403
                                                    Density    =         1.0188
 ------------------------------------------------------------------------------

wrapping first mol.:       27.16766       38.42087       66.54689
wrapping first mol.:       27.16766       38.42087       66.54689

 NSTEP =    23500   TIME(PS) =     287.000  TEMP(K) =   299.81  PRESS =  -122.1
 Etot   =    -99987.8714  EKtot   =     25560.2305  EPtot      =   -125548.1019
 BOND   =       832.9125  ANGLE   =      2344.7139  DIHED      =      3503.7621
 1-4 NB =       996.1839  1-4 EEL =     12286.0691  VDWAALS    =     14972.9411
 EELEC  =   -160901.3734  EHBOND  =         0.0000  RESTRAINT  =       416.6888
 EAMBER (non-restraint)  =   -125964.7907
 EKCMT  =     11106.3705  VIRIAL  =     12205.2803  VOLUME     =    416776.3321
                                                    Density    =         1.0184
 ------------------------------------------------------------------------------

wrapping first mol.:       27.16375       38.41535       66.53732
wrapping first mol.:       27.16375       38.41535       66.53732

 NSTEP =    24000   TIME(PS) =     288.000  TEMP(K) =   299.48  PRESS =    52.9
 Etot   =   -100004.3114  EKtot   =     25531.8516  EPtot      =   -125536.1629
 BOND   =       816.8171  ANGLE   =      2259.6952  DIHED      =      3486.4806
 1-4 NB =      1026.1294  1-4 EEL =     12301.7558  VDWAALS    =     14989.8324
 EELEC  =   -160829.2271  EHBOND  =         0.0000  RESTRAINT  =       412.3537
 EAMBER (non-restraint)  =   -125948.5167
 EKCMT  =     11101.4318  VIRIAL  =     10625.7148  VOLUME     =    416590.0967
                                                    Density    =         1.0188
 ------------------------------------------------------------------------------

wrapping first mol.:       27.15274       38.39977       66.51035
wrapping first mol.:       27.15274       38.39977       66.51035

 NSTEP =    24500   TIME(PS) =     289.000  TEMP(K) =   300.23  PRESS =    87.3
 Etot   =    -99387.7579  EKtot   =     25595.3750  EPtot      =   -124983.1329
 BOND   =       819.8564  ANGLE   =      2331.0778  DIHED      =      3468.2101
 1-4 NB =      1019.3924  1-4 EEL =     12257.0480  VDWAALS    =     14921.0966
 EELEC  =   -160204.7407  EHBOND  =         0.0000  RESTRAINT  =       404.9264
 EAMBER (non-restraint)  =   -125388.0594
 EKCMT  =     11134.9916  VIRIAL  =     10350.4866  VOLUME     =    416082.4234
                                                    Density    =         1.0201
 ------------------------------------------------------------------------------

wrapping first mol.:       27.15780       38.40693       66.52274
wrapping first mol.:       27.15780       38.40693       66.52274

 NSTEP =    25000   TIME(PS) =     290.000  TEMP(K) =   300.95  PRESS =    96.7
 Etot   =    -99541.9608  EKtot   =     25657.0938  EPtot      =   -125199.0546
 BOND   =       845.7136  ANGLE   =      2300.5913  DIHED      =      3497.4318
 1-4 NB =      1014.1041  1-4 EEL =     12250.3308  VDWAALS    =     15034.2749
 EELEC  =   -160573.0923  EHBOND  =         0.0000  RESTRAINT  =       431.5911
 EAMBER (non-restraint)  =   -125630.6457
 EKCMT  =     11190.3905  VIRIAL  =     10321.2393  VOLUME     =    416314.6051
                                                    Density    =         1.0195
 ------------------------------------------------------------------------------

wrapping first mol.:       27.15968       38.40958       66.52734
wrapping first mol.:       27.15968       38.40958       66.52734

 NSTEP =    25500   TIME(PS) =     291.000  TEMP(K) =   296.10  PRESS =   205.6
 Etot   =   -100053.9752  EKtot   =     25243.1465  EPtot      =   -125297.1217
 BOND   =       855.8503  ANGLE   =      2311.8684  DIHED      =      3504.5812
 1-4 NB =      1016.5043  1-4 EEL =     12326.4039  VDWAALS    =     15245.6797
 EELEC  =   -160959.3898  EHBOND  =         0.0000  RESTRAINT  =       401.3803
 EAMBER (non-restraint)  =   -125698.5020
 EKCMT  =     11034.8077  VIRIAL  =      9186.3366  VOLUME     =    416397.0137
                                                    Density    =         1.0193
 ------------------------------------------------------------------------------

wrapping first mol.:       27.17595       38.43260       66.56721
wrapping first mol.:       27.17595       38.43260       66.56721

 NSTEP =    26000   TIME(PS) =     292.000  TEMP(K) =   299.94  PRESS =  -124.8
 Etot   =    -99716.9934  EKtot   =     25571.0918  EPtot      =   -125288.0852
 BOND   =       814.4496  ANGLE   =      2343.9503  DIHED      =      3488.7664
 1-4 NB =      1033.8497  1-4 EEL =     12265.7711  VDWAALS    =     14970.7263
 EELEC  =   -160632.1336  EHBOND  =         0.0000  RESTRAINT  =       426.5351
 EAMBER (non-restraint)  =   -125714.6203
 EKCMT  =     11190.3963  VIRIAL  =     12314.5884  VOLUME     =    417158.3403
                                                    Density    =         1.0174
 ------------------------------------------------------------------------------

wrapping first mol.:       27.18018       38.43858       66.57756
wrapping first mol.:       27.18018       38.43858       66.57756

 NSTEP =    26500   TIME(PS) =     293.000  TEMP(K) =   300.84  PRESS =  -100.5
 Etot   =    -99332.3969  EKtot   =     25647.9414  EPtot      =   -124980.3383
 BOND   =       820.2434  ANGLE   =      2300.3964  DIHED      =      3500.9135
 1-4 NB =      1029.1343  1-4 EEL =     12331.4499  VDWAALS    =     14893.7421
 EELEC  =   -160259.9158  EHBOND  =         0.0000  RESTRAINT  =       403.6979
 EAMBER (non-restraint)  =   -125384.0362
 EKCMT  =     11191.1500  VIRIAL  =     12097.1125  VOLUME     =    417352.0878
                                                    Density    =         1.0170
 ------------------------------------------------------------------------------

wrapping first mol.:       27.17150       38.42630       66.55629
wrapping first mol.:       27.17150       38.42630       66.55629

 NSTEP =    27000   TIME(PS) =     294.000  TEMP(K) =   301.91  PRESS =    57.5
 Etot   =    -99509.2402  EKtot   =     25738.4883  EPtot      =   -125247.7285
 BOND   =       825.5508  ANGLE   =      2265.5180  DIHED      =      3461.5428
 1-4 NB =      1031.6232  1-4 EEL =     12314.8952  VDWAALS    =     15121.7501
 EELEC  =   -160684.6002  EHBOND  =         0.0000  RESTRAINT  =       415.9916
 EAMBER (non-restraint)  =   -125663.7202
 EKCMT  =     11163.1369  VIRIAL  =     10645.5683  VOLUME     =    416946.3529
                                                    Density    =         1.0179
 ------------------------------------------------------------------------------

wrapping first mol.:       27.17438       38.43038       66.56336
wrapping first mol.:       27.17438       38.43038       66.56336

 NSTEP =    27500   TIME(PS) =     295.000  TEMP(K) =   301.55  PRESS =  -129.2
 Etot   =    -99883.3674  EKtot   =     25708.2949  EPtot      =   -125591.6623
 BOND   =       818.2638  ANGLE   =      2219.7353  DIHED      =      3463.1160
 1-4 NB =      1018.1812  1-4 EEL =     12279.0151  VDWAALS    =     15025.0617
 EELEC  =   -160820.9246  EHBOND  =         0.0000  RESTRAINT  =       405.8892
 EAMBER (non-restraint)  =   -125997.5515
 EKCMT  =     11187.3909  VIRIAL  =     12350.9683  VOLUME     =    417086.1667
                                                    Density    =         1.0176
 ------------------------------------------------------------------------------

wrapping first mol.:       27.18203       38.44120       66.58210
wrapping first mol.:       27.18203       38.44120       66.58210

 NSTEP =    28000   TIME(PS) =     296.000  TEMP(K) =   299.10  PRESS =   -46.0
 Etot   =    -99676.5754  EKtot   =     25499.4336  EPtot      =   -125176.0090
 BOND   =       824.1515  ANGLE   =      2243.3921  DIHED      =      3470.6677
 1-4 NB =      1018.7609  1-4 EEL =     12329.4509  VDWAALS    =     14708.6200
 EELEC  =   -160179.5532  EHBOND  =         0.0000  RESTRAINT  =       408.5011
 EAMBER (non-restraint)  =   -125584.5101
 EKCMT  =     11160.5456  VIRIAL  =     11575.3017  VOLUME     =    417435.3679
                                                    Density    =         1.0167
 ------------------------------------------------------------------------------

wrapping first mol.:       27.17702       38.43410       66.56981
wrapping first mol.:       27.17702       38.43410       66.56981

 NSTEP =    28500   TIME(PS) =     297.000  TEMP(K) =   299.09  PRESS =   -81.1
 Etot   =   -100130.4712  EKtot   =     25498.8477  EPtot      =   -125629.3188
 BOND   =       780.8060  ANGLE   =      2310.8411  DIHED      =      3475.2760
 1-4 NB =      1014.8539  1-4 EEL =     12285.1498  VDWAALS    =     15002.6465
 EELEC  =   -160905.8813  EHBOND  =         0.0000  RESTRAINT  =       406.9892
 EAMBER (non-restraint)  =   -126036.3081
 EKCMT  =     11122.8646  VIRIAL  =     11853.3858  VOLUME     =    417205.6063
                                                    Density    =         1.0173
 ------------------------------------------------------------------------------

wrapping first mol.:       27.17243       38.42761       66.55858
wrapping first mol.:       27.17243       38.42761       66.55858

 NSTEP =    29000   TIME(PS) =     298.000  TEMP(K) =   302.58  PRESS =    74.4
 Etot   =    -99746.3572  EKtot   =     25796.0449  EPtot      =   -125542.4021
 BOND   =       842.7398  ANGLE   =      2294.6632  DIHED      =      3479.4620
 1-4 NB =      1034.2871  1-4 EEL =     12272.1653  VDWAALS    =     15083.1987
 EELEC  =   -160963.4062  EHBOND  =         0.0000  RESTRAINT  =       414.4880
 EAMBER (non-restraint)  =   -125956.8901
 EKCMT  =     11231.8993  VIRIAL  =     10562.2915  VOLUME     =    416988.5955
                                                    Density    =         1.0178
 ------------------------------------------------------------------------------

wrapping first mol.:       27.17885       38.43670       66.57431
wrapping first mol.:       27.17885       38.43670       66.57431

 NSTEP =    29500   TIME(PS) =     299.000  TEMP(K) =   300.46  PRESS =    -9.2
 Etot   =    -99701.5056  EKtot   =     25615.6113  EPtot      =   -125317.1169
 BOND   =       804.4901  ANGLE   =      2306.2676  DIHED      =      3471.0306
 1-4 NB =      1014.4154  1-4 EEL =     12270.4641  VDWAALS    =     15103.3346
 EELEC  =   -160722.3469  EHBOND  =         0.0000  RESTRAINT  =       435.2275
 EAMBER (non-restraint)  =   -125752.3444
 EKCMT  =     11185.5409  VIRIAL  =     11268.4893  VOLUME     =    417287.5086
                                                    Density    =         1.0171
 ------------------------------------------------------------------------------

wrapping first mol.:       27.18061       38.43918       66.57861
wrapping first mol.:       27.18061       38.43918       66.57861

 NSTEP =    30000   TIME(PS) =     300.000  TEMP(K) =   301.71  PRESS =   -60.4
 Etot   =    -99611.4512  EKtot   =     25721.7617  EPtot      =   -125333.2130
 BOND   =       799.7048  ANGLE   =      2273.8089  DIHED      =      3481.0951
 1-4 NB =      1031.0156  1-4 EEL =     12282.1274  VDWAALS    =     14620.3496
 EELEC  =   -160229.6124  EHBOND  =         0.0000  RESTRAINT  =       408.2980
 EAMBER (non-restraint)  =   -125741.5109
 EKCMT  =     11199.5908  VIRIAL  =     11743.7110  VOLUME     =    417370.2441
                                                    Density    =         1.0169
 ------------------------------------------------------------------------------

wrapping first mol.:       27.17600       38.43267       66.56734
wrapping first mol.:       27.17600       38.43267       66.56734

 NSTEP =    30500   TIME(PS) =     301.000  TEMP(K) =   300.26  PRESS =   123.8
 Etot   =    -99870.2963  EKtot   =     25598.1523  EPtot      =   -125468.4486
 BOND   =       810.7009  ANGLE   =      2357.7925  DIHED      =      3511.0608
 1-4 NB =      1014.5985  1-4 EEL =     12308.4151  VDWAALS    =     15107.2840
 EELEC  =   -160989.2455  EHBOND  =         0.0000  RESTRAINT  =       410.9451
 EAMBER (non-restraint)  =   -125879.3937
 EKCMT  =     11198.3082  VIRIAL  =     10082.9157  VOLUME     =    417151.4161
                                                    Density    =         1.0174
 ------------------------------------------------------------------------------

wrapping first mol.:       27.18140       38.44030       66.58055
wrapping first mol.:       27.18140       38.44030       66.58055

 NSTEP =    31000   TIME(PS) =     302.000  TEMP(K) =   301.12  PRESS =   297.4
 Etot   =    -99638.3471  EKtot   =     25671.5918  EPtot      =   -125309.9389
 BOND   =       842.2231  ANGLE   =      2306.9444  DIHED      =      3524.5396
 1-4 NB =      1008.6222  1-4 EEL =     12246.5698  VDWAALS    =     15071.1013
 EELEC  =   -160712.2493  EHBOND  =         0.0000  RESTRAINT  =       402.3098
 EAMBER (non-restraint)  =   -125712.2487
 EKCMT  =     11177.3077  VIRIAL  =      8496.9343  VOLUME     =    417393.4547
                                                    Density    =         1.0169
 ------------------------------------------------------------------------------

wrapping first mol.:       27.18369       38.44354       66.58617
wrapping first mol.:       27.18369       38.44354       66.58617

 NSTEP =    31500   TIME(PS) =     303.000  TEMP(K) =   301.12  PRESS =   -10.5
 Etot   =    -99461.3648  EKtot   =     25671.2148  EPtot      =   -125132.5796
 BOND   =       836.5184  ANGLE   =      2301.8393  DIHED      =      3485.2152
 1-4 NB =      1018.2159  1-4 EEL =     12284.5006  VDWAALS    =     14862.0542
 EELEC  =   -160353.2928  EHBOND  =         0.0000  RESTRAINT  =       432.3697
 EAMBER (non-restraint)  =   -125564.9494
 EKCMT  =     11305.0620  VIRIAL  =     11400.1452  VOLUME     =    417510.5631
                                                    Density    =         1.0166
 ------------------------------------------------------------------------------

wrapping first mol.:       27.18970       38.45204       66.60088
wrapping first mol.:       27.18970       38.45204       66.60088

 NSTEP =    32000   TIME(PS) =     304.000  TEMP(K) =   301.31  PRESS =  -211.5
 Etot   =    -99931.6424  EKtot   =     25687.4746  EPtot      =   -125619.1171
 BOND   =       814.3792  ANGLE   =      2259.0241  DIHED      =      3474.8721
 1-4 NB =      1023.6268  1-4 EEL =     12317.1859  VDWAALS    =     14708.7500
 EELEC  =   -160646.0556  EHBOND  =         0.0000  RESTRAINT  =       429.1003
 EAMBER (non-restraint)  =   -126048.2174
 EKCMT  =     11160.2701  VIRIAL  =     13068.5922  VOLUME     =    417794.8013
                                                    Density    =         1.0159
 ------------------------------------------------------------------------------

wrapping first mol.:       27.18142       38.44034       66.58061
wrapping first mol.:       27.18142       38.44034       66.58061

 NSTEP =    32500   TIME(PS) =     305.000  TEMP(K) =   301.27  PRESS =   159.6
 Etot   =    -99809.0157  EKtot   =     25684.2422  EPtot      =   -125493.2579
 BOND   =       795.4032  ANGLE   =      2264.8081  DIHED      =      3487.9879
 1-4 NB =      1012.4195  1-4 EEL =     12268.2195  VDWAALS    =     15077.0741
 EELEC  =   -160806.1305  EHBOND  =         0.0000  RESTRAINT  =       406.9604
 EAMBER (non-restraint)  =   -125900.2183
 EKCMT  =     11085.0495  VIRIAL  =      9646.9760  VOLUME     =    417399.6739
                                                    Density    =         1.0168
 ------------------------------------------------------------------------------

wrapping first mol.:       27.17693       38.43399       66.56961
wrapping first mol.:       27.17693       38.43399       66.56961

 NSTEP =    33000   TIME(PS) =     306.000  TEMP(K) =   301.18  PRESS =   -73.7
 Etot   =    -99577.4884  EKtot   =     25676.8848  EPtot      =   -125254.3731
 BOND   =       812.4152  ANGLE   =      2302.1070  DIHED      =      3519.9438
 1-4 NB =      1026.4397  1-4 EEL =     12294.8152  VDWAALS    =     14734.3009
 EELEC  =   -160365.1817  EHBOND  =         0.0000  RESTRAINT  =       420.7867
 EAMBER (non-restraint)  =   -125675.1598
 EKCMT  =     11081.0560  VIRIAL  =     11745.2114  VOLUME     =    417201.5911
                                                    Density    =         1.0173
 ------------------------------------------------------------------------------

wrapping first mol.:       27.17813       38.43568       66.57254
wrapping first mol.:       27.17813       38.43568       66.57254

 NSTEP =    33500   TIME(PS) =     307.000  TEMP(K) =   302.19  PRESS =   -58.8
 Etot   =    -99588.2479  EKtot   =     25762.5723  EPtot      =   -125350.8201
 BOND   =       777.5679  ANGLE   =      2331.9431  DIHED      =      3489.7875
 1-4 NB =      1027.8419  1-4 EEL =     12313.6366  VDWAALS    =     14825.0994
 EELEC  =   -160541.8977  EHBOND  =         0.0000  RESTRAINT  =       425.2011
 EAMBER (non-restraint)  =   -125776.0212
 EKCMT  =     11185.0657  VIRIAL  =     11714.3796  VOLUME     =    417256.0890
                                                    Density    =         1.0172
 ------------------------------------------------------------------------------

wrapping first mol.:       27.18434       38.44446       66.58775
wrapping first mol.:       27.18434       38.44446       66.58775

 NSTEP =    34000   TIME(PS) =     308.000  TEMP(K) =   299.19  PRESS =    85.5
 Etot   =    -99722.8547  EKtot   =     25506.7754  EPtot      =   -125229.6300
 BOND   =       805.5696  ANGLE   =      2317.6471  DIHED      =      3503.3494
 1-4 NB =      1019.6408  1-4 EEL =     12273.3648  VDWAALS    =     15125.7666
 EELEC  =   -160685.5520  EHBOND  =         0.0000  RESTRAINT  =       410.5835
 EAMBER (non-restraint)  =   -125640.2136
 EKCMT  =     11160.7720  VIRIAL  =     10389.7892  VOLUME     =    417536.6605
                                                    Density    =         1.0165
 ------------------------------------------------------------------------------

wrapping first mol.:       27.17202       38.42703       66.55756
wrapping first mol.:       27.17202       38.42703       66.55756

 NSTEP =    34500   TIME(PS) =     309.000  TEMP(K) =   300.57  PRESS =  -160.0
 Etot   =    -99587.0365  EKtot   =     25624.3926  EPtot      =   -125211.4291
 BOND   =       828.2975  ANGLE   =      2246.7975  DIHED      =      3495.2569
 1-4 NB =      1019.7919  1-4 EEL =     12268.9976  VDWAALS    =     14822.4567
 EELEC  =   -160308.3307  EHBOND  =         0.0000  RESTRAINT  =       415.3034
 EAMBER (non-restraint)  =   -125626.7325
 EKCMT  =     11120.7750  VIRIAL  =     12561.4023  VOLUME     =    416978.3122
                                                    Density    =         1.0179
 ------------------------------------------------------------------------------

wrapping first mol.:       27.18009       38.43845       66.57734
wrapping first mol.:       27.18009       38.43845       66.57734

 NSTEP =    35000   TIME(PS) =     310.000  TEMP(K) =   299.63  PRESS =   -73.5
 Etot   =    -99808.8652  EKtot   =     25544.4727  EPtot      =   -125353.3379
 BOND   =       862.5697  ANGLE   =      2295.8657  DIHED      =      3485.2825
 1-4 NB =      1016.0532  1-4 EEL =     12286.4784  VDWAALS    =     14851.6177
 EELEC  =   -160564.5203  EHBOND  =         0.0000  RESTRAINT  =       413.3153
 EAMBER (non-restraint)  =   -125766.6531
 EKCMT  =     11098.2941  VIRIAL  =     11760.9719  VOLUME     =    417346.8293
                                                    Density    =         1.0170
 ------------------------------------------------------------------------------

wrapping first mol.:       27.18271       38.44215       66.58376
wrapping first mol.:       27.18271       38.44215       66.58376

 NSTEP =    35500   TIME(PS) =     311.000  TEMP(K) =   299.94  PRESS =    75.2
 Etot   =    -99592.2257  EKtot   =     25570.6133  EPtot      =   -125162.8389
 BOND   =       831.2317  ANGLE   =      2322.7887  DIHED      =      3462.4747
 1-4 NB =      1018.3655  1-4 EEL =     12330.7540  VDWAALS    =     14903.3710
 EELEC  =   -160437.0338  EHBOND  =         0.0000  RESTRAINT  =       405.2093
 EAMBER (non-restraint)  =   -125568.0482
 EKCMT  =     11046.2292  VIRIAL  =     10368.5989  VOLUME     =    417461.9931
                                                    Density    =         1.0167
 ------------------------------------------------------------------------------

wrapping first mol.:       27.18434       38.44446       66.58776
wrapping first mol.:       27.18434       38.44446       66.58776

 NSTEP =    36000   TIME(PS) =     312.000  TEMP(K) =   297.57  PRESS =   113.9
 Etot   =    -99733.1742  EKtot   =     25368.7852  EPtot      =   -125101.9594
 BOND   =       843.4530  ANGLE   =      2345.0006  DIHED      =      3466.3551
 1-4 NB =      1014.0757  1-4 EEL =     12269.9913  VDWAALS    =     14982.1486
 EELEC  =   -160421.4146  EHBOND  =         0.0000  RESTRAINT  =       398.4310
 EAMBER (non-restraint)  =   -125500.3904
 EKCMT  =     11117.3766  VIRIAL  =     10090.4761  VOLUME     =    417535.8990
                                                    Density    =         1.0165
 ------------------------------------------------------------------------------

wrapping first mol.:       27.19477       38.45922       66.61331
wrapping first mol.:       27.19477       38.45922       66.61331

 NSTEP =    36500   TIME(PS) =     313.000  TEMP(K) =   298.19  PRESS =   128.3
 Etot   =    -99607.0001  EKtot   =     25421.7754  EPtot      =   -125028.7755
 BOND   =       836.5020  ANGLE   =      2260.5980  DIHED      =      3498.3338
 1-4 NB =      1022.1865  1-4 EEL =     12301.6060  VDWAALS    =     14781.1443
 EELEC  =   -160146.0840  EHBOND  =         0.0000  RESTRAINT  =       416.9380
 EAMBER (non-restraint)  =   -125445.7134
 EKCMT  =     11028.0240  VIRIAL  =      9870.4304  VOLUME     =    418016.2044
                                                    Density    =         1.0153
 ------------------------------------------------------------------------------

wrapping first mol.:       27.17567       38.43220       66.56652
wrapping first mol.:       27.17567       38.43220       66.56652

 NSTEP =    37000   TIME(PS) =     314.000  TEMP(K) =   298.88  PRESS =   -26.2
 Etot   =    -99641.2802  EKtot   =     25480.3574  EPtot      =   -125121.6376
 BOND   =       825.0328  ANGLE   =      2309.6367  DIHED      =      3509.3163
 1-4 NB =      1006.9246  1-4 EEL =     12274.2221  VDWAALS    =     14963.6140
 EELEC  =   -160417.8042  EHBOND  =         0.0000  RESTRAINT  =       407.4202
 EAMBER (non-restraint)  =   -125529.0578
 EKCMT  =     11135.0226  VIRIAL  =     11371.3460  VOLUME     =    417141.7016
                                                    Density    =         1.0175
 ------------------------------------------------------------------------------

wrapping first mol.:       27.18229       38.44157       66.58274
wrapping first mol.:       27.18229       38.44157       66.58274

 NSTEP =    37500   TIME(PS) =     315.000  TEMP(K) =   298.48  PRESS =   -70.0
 Etot   =    -99616.8943  EKtot   =     25446.4277  EPtot      =   -125063.3220
 BOND   =       839.9838  ANGLE   =      2350.0174  DIHED      =      3476.0222
 1-4 NB =      1021.3541  1-4 EEL =     12252.9648  VDWAALS    =     14795.8840
 EELEC  =   -160215.6845  EHBOND  =         0.0000  RESTRAINT  =       416.1361
 EAMBER (non-restraint)  =   -125479.4581
 EKCMT  =     11169.0830  VIRIAL  =     11800.3313  VOLUME     =    417448.2958
                                                    Density    =         1.0167
 ------------------------------------------------------------------------------

wrapping first mol.:       27.17805       38.43557       66.57235
wrapping first mol.:       27.17805       38.43557       66.57235

 NSTEP =    38000   TIME(PS) =     316.000  TEMP(K) =   301.09  PRESS =   -99.8
 Etot   =    -99795.3116  EKtot   =     25668.9199  EPtot      =   -125464.2315
 BOND   =       806.7292  ANGLE   =      2264.6963  DIHED      =      3493.0908
 1-4 NB =      1043.1223  1-4 EEL =     12280.2761  VDWAALS    =     14911.8353
 EELEC  =   -160667.8066  EHBOND  =         0.0000  RESTRAINT  =       403.8250
 EAMBER (non-restraint)  =   -125868.0565
 EKCMT  =     11073.6235  VIRIAL  =     11973.1350  VOLUME     =    417254.0998
                                                    Density    =         1.0172
 ------------------------------------------------------------------------------

wrapping first mol.:       27.18484       38.44517       66.58899
wrapping first mol.:       27.18484       38.44517       66.58899

 NSTEP =    38500   TIME(PS) =     317.000  TEMP(K) =   300.20  PRESS =   -87.4
 Etot   =    -99986.0947  EKtot   =     25593.5234  EPtot      =   -125579.6181
 BOND   =       813.3549  ANGLE   =      2246.8158  DIHED      =      3460.2850
 1-4 NB =      1014.6914  1-4 EEL =     12326.2658  VDWAALS    =     14769.2668
 EELEC  =   -160624.8727  EHBOND  =         0.0000  RESTRAINT  =       414.5748
 EAMBER (non-restraint)  =   -125994.1929
 EKCMT  =     11248.3032  VIRIAL  =     12036.0083  VOLUME     =    417566.4670
                                                    Density    =         1.0164
 ------------------------------------------------------------------------------

wrapping first mol.:       27.15845       38.40784       66.52433
wrapping first mol.:       27.15845       38.40784       66.52433

 NSTEP =    39000   TIME(PS) =     318.000  TEMP(K) =   300.85  PRESS =   194.3
 Etot   =    -99908.9493  EKtot   =     25648.6738  EPtot      =   -125557.6232
 BOND   =       857.5781  ANGLE   =      2259.4755  DIHED      =      3500.5258
 1-4 NB =      1003.3395  1-4 EEL =     12285.2860  VDWAALS    =     15126.5706
 EELEC  =   -161007.7068  EHBOND  =         0.0000  RESTRAINT  =       417.3082
 EAMBER (non-restraint)  =   -125974.9313
 EKCMT  =     11132.7969  VIRIAL  =      9385.8840  VOLUME     =    416340.8372
                                                    Density    =         1.0194
 ------------------------------------------------------------------------------

wrapping first mol.:       27.16735       38.42043       66.54613
wrapping first mol.:       27.16735       38.42043       66.54613

 NSTEP =    39500   TIME(PS) =     319.000  TEMP(K) =   301.42  PRESS =   -81.3
 Etot   =    -99698.3467  EKtot   =     25697.2285  EPtot      =   -125395.5752
 BOND   =       833.4667  ANGLE   =      2310.7725  DIHED      =      3478.8280
 1-4 NB =      1000.5524  1-4 EEL =     12205.0020  VDWAALS    =     14699.0119
 EELEC  =   -160317.8875  EHBOND  =         0.0000  RESTRAINT  =       394.6788
 EAMBER (non-restraint)  =   -125790.2540
 EKCMT  =     11168.1184  VIRIAL  =     11899.8869  VOLUME     =    416760.4577
                                                    Density    =         1.0184
 ------------------------------------------------------------------------------

wrapping first mol.:       27.18156       38.44053       66.58094
wrapping first mol.:       27.18156       38.44053       66.58094

 NSTEP =    40000   TIME(PS) =     320.000  TEMP(K) =   299.86  PRESS =   145.0
 Etot   =    -99605.0207  EKtot   =     25564.2168  EPtot      =   -125169.2375
 BOND   =       832.7354  ANGLE   =      2308.0513  DIHED      =      3479.7103
 1-4 NB =      1025.9489  1-4 EEL =     12214.5282  VDWAALS    =     14964.4435
 EELEC  =   -160394.6267  EHBOND  =         0.0000  RESTRAINT  =       399.9715
 EAMBER (non-restraint)  =   -125569.2090
 EKCMT  =     11085.1634  VIRIAL  =      9778.7294  VOLUME     =    417406.3939
                                                    Density    =         1.0168
 ------------------------------------------------------------------------------

wrapping first mol.:       27.18954       38.45181       66.60049
wrapping first mol.:       27.18954       38.45181       66.60049

 NSTEP =    40500   TIME(PS) =     321.000  TEMP(K) =   302.19  PRESS =  -166.9
 Etot   =    -99901.4736  EKtot   =     25762.3379  EPtot      =   -125663.8115
 BOND   =       787.3845  ANGLE   =      2284.3701  DIHED      =      3486.8385
 1-4 NB =      1010.7973  1-4 EEL =     12241.8121  VDWAALS    =     14890.4036
 EELEC  =   -160734.3009  EHBOND  =         0.0000  RESTRAINT  =       368.8834
 EAMBER (non-restraint)  =   -126032.6948
 EKCMT  =     11248.4809  VIRIAL  =     12754.4154  VOLUME     =    417785.7724
                                                    Density    =         1.0159
 ------------------------------------------------------------------------------

wrapping first mol.:       27.19859       38.46462       66.62267
wrapping first mol.:       27.19859       38.46462       66.62267

 NSTEP =    41000   TIME(PS) =     322.000  TEMP(K) =   300.21  PRESS =   -38.7
 Etot   =    -99555.3985  EKtot   =     25594.0996  EPtot      =   -125149.4981
 BOND   =       819.1507  ANGLE   =      2227.4290  DIHED      =      3492.0438
 1-4 NB =      1019.0112  1-4 EEL =     12294.7495  VDWAALS    =     14887.3306
 EELEC  =   -160301.5826  EHBOND  =         0.0000  RESTRAINT  =       412.3698
 EAMBER (non-restraint)  =   -125561.8679
 EKCMT  =     11160.0011  VIRIAL  =     11509.0705  VOLUME     =    418198.5267
                                                    Density    =         1.0149
 ------------------------------------------------------------------------------

wrapping first mol.:       27.18788       38.44947       66.59642
wrapping first mol.:       27.18788       38.44947       66.59642

 NSTEP =    41500   TIME(PS) =     323.000  TEMP(K) =   300.81  PRESS =  -166.2
 Etot   =    -99656.9563  EKtot   =     25644.6875  EPtot      =   -125301.6438
 BOND   =       829.4957  ANGLE   =      2247.2857  DIHED      =      3499.7784
 1-4 NB =      1015.5065  1-4 EEL =     12225.7188  VDWAALS    =     14893.6514
 EELEC  =   -160425.2358  EHBOND  =         0.0000  RESTRAINT  =       412.1555
 EAMBER (non-restraint)  =   -125713.7993
 EKCMT  =     11157.0019  VIRIAL  =     12656.2435  VOLUME     =    417709.3204
                                                    Density    =         1.0161
 ------------------------------------------------------------------------------

wrapping first mol.:       27.18423       38.44431       66.58749
wrapping first mol.:       27.18423       38.44431       66.58749

 NSTEP =    42000   TIME(PS) =     324.000  TEMP(K) =   297.73  PRESS =    50.5
 Etot   =    -99890.8721  EKtot   =     25382.4062  EPtot      =   -125273.2783
 BOND   =       830.4156  ANGLE   =      2249.9549  DIHED      =      3494.1061
 1-4 NB =      1007.4745  1-4 EEL =     12273.8626  VDWAALS    =     14925.3142
 EELEC  =   -160462.7134  EHBOND  =         0.0000  RESTRAINT  =       408.3072
 EAMBER (non-restraint)  =   -125681.5855
 EKCMT  =     10956.0283  VIRIAL  =     10500.8022  VOLUME     =    417533.0789
                                                    Density    =         1.0165
 ------------------------------------------------------------------------------

wrapping first mol.:       27.17585       38.43245       66.56695
wrapping first mol.:       27.17585       38.43245       66.56695

 NSTEP =    42500   TIME(PS) =     325.000  TEMP(K) =   302.19  PRESS =     5.8
 Etot   =    -99355.8072  EKtot   =     25762.5703  EPtot      =   -125118.3775
 BOND   =       814.8043  ANGLE   =      2308.6248  DIHED      =      3473.2821
 1-4 NB =      1032.1261  1-4 EEL =     12296.8927  VDWAALS    =     14986.0931
 EELEC  =   -160451.3986  EHBOND  =         0.0000  RESTRAINT  =       421.1980
 EAMBER (non-restraint)  =   -125539.5755
 EKCMT  =     11211.7307  VIRIAL  =     11159.8524  VOLUME     =    417148.4979
                                                    Density    =         1.0174
 ------------------------------------------------------------------------------

wrapping first mol.:       27.18576       38.44647       66.59124
wrapping first mol.:       27.18576       38.44647       66.59124

 NSTEP =    43000   TIME(PS) =     326.000  TEMP(K) =   299.66  PRESS =  -103.0
 Etot   =    -99709.4566  EKtot   =     25546.8555  EPtot      =   -125256.3121
 BOND   =       803.7276  ANGLE   =      2310.8042  DIHED      =      3486.1974
 1-4 NB =      1020.7056  1-4 EEL =     12271.2818  VDWAALS    =     14685.3301
 EELEC  =   -160263.9141  EHBOND  =         0.0000  RESTRAINT  =       429.5553
 EAMBER (non-restraint)  =   -125685.8674
 EKCMT  =     11112.7730  VIRIAL  =     12041.4755  VOLUME     =    417609.3666
                                                    Density    =         1.0163
 ------------------------------------------------------------------------------

wrapping first mol.:       27.18862       38.45052       66.59825
wrapping first mol.:       27.18862       38.45052       66.59825

 NSTEP =    43500   TIME(PS) =     327.000  TEMP(K) =   301.13  PRESS =   -11.1
 Etot   =    -99580.1458  EKtot   =     25672.5234  EPtot      =   -125252.6693
 BOND   =       798.9220  ANGLE   =      2290.3549  DIHED      =      3472.9998
 1-4 NB =      1013.5258  1-4 EEL =     12282.0024  VDWAALS    =     14817.4149
 EELEC  =   -160337.8758  EHBOND  =         0.0000  RESTRAINT  =       409.9866
 EAMBER (non-restraint)  =   -125662.6559
 EKCMT  =     11296.4312  VIRIAL  =     11396.9522  VOLUME     =    417737.8911
                                                    Density    =         1.0160
 ------------------------------------------------------------------------------

wrapping first mol.:       27.18462       38.44485       66.58843
wrapping first mol.:       27.18462       38.44485       66.58843

 NSTEP =    44000   TIME(PS) =     328.000  TEMP(K) =   302.15  PRESS =    -0.6
 Etot   =    -99262.9321  EKtot   =     25759.4395  EPtot      =   -125022.3716
 BOND   =       814.5904  ANGLE   =      2298.8537  DIHED      =      3501.9580
 1-4 NB =      1017.8081  1-4 EEL =     12273.2774  VDWAALS    =     14752.6120
 EELEC  =   -160099.3169  EHBOND  =         0.0000  RESTRAINT  =       417.8456
 EAMBER (non-restraint)  =   -125440.2172
 EKCMT  =     11200.2441  VIRIAL  =     11205.3501  VOLUME     =    417552.7721
                                                    Density    =         1.0165
 ------------------------------------------------------------------------------

wrapping first mol.:       27.19078       38.45356       66.60352
wrapping first mol.:       27.19078       38.45356       66.60352

 NSTEP =    44500   TIME(PS) =     329.000  TEMP(K) =   298.85  PRESS =    73.5
 Etot   =    -99736.6389  EKtot   =     25478.4062  EPtot      =   -125215.0452
 BOND   =       807.4337  ANGLE   =      2270.8171  DIHED      =      3448.4773
 1-4 NB =      1050.8373  1-4 EEL =     12292.4130  VDWAALS    =     14839.0443
 EELEC  =   -160340.4609  EHBOND  =         0.0000  RESTRAINT  =       416.3931
 EAMBER (non-restraint)  =   -125631.4383
 EKCMT  =     10990.9518  VIRIAL  =     10327.6767  VOLUME     =    417833.8743
                                                    Density    =         1.0158
 ------------------------------------------------------------------------------

wrapping first mol.:       27.20337       38.47137       66.63436
wrapping first mol.:       27.20337       38.47137       66.63436

 NSTEP =    45000   TIME(PS) =     330.000  TEMP(K) =   298.79  PRESS =   -96.2
 Etot   =    -99757.7604  EKtot   =     25473.0215  EPtot      =   -125230.7819
 BOND   =       820.3068  ANGLE   =      2354.8310  DIHED      =      3484.6618
 1-4 NB =      1030.3140  1-4 EEL =     12286.7857  VDWAALS    =     14680.7780
 EELEC  =   -160330.9661  EHBOND  =         0.0000  RESTRAINT  =       442.5069
 EAMBER (non-restraint)  =   -125673.2888
 EKCMT  =     11012.9423  VIRIAL  =     11882.3805  VOLUME     =    418420.9361
                                                    Density    =         1.0144
 ------------------------------------------------------------------------------

wrapping first mol.:       27.18753       38.44897       66.59556
wrapping first mol.:       27.18753       38.44897       66.59556

 NSTEP =    45500   TIME(PS) =     331.000  TEMP(K) =   301.16  PRESS =   -18.0
 Etot   =    -99525.8684  EKtot   =     25675.1973  EPtot      =   -125201.0657
 BOND   =       886.9729  ANGLE   =      2341.8830  DIHED      =      3488.0382
 1-4 NB =      1020.5480  1-4 EEL =     12272.4746  VDWAALS    =     14881.9455
 EELEC  =   -160534.2246  EHBOND  =         0.0000  RESTRAINT  =       441.2967
 EAMBER (non-restraint)  =   -125642.3624
 EKCMT  =     11144.1563  VIRIAL  =     11306.8625  VOLUME     =    417687.4953
                                                    Density    =         1.0161
 ------------------------------------------------------------------------------

wrapping first mol.:       27.17476       38.43092       66.56430
wrapping first mol.:       27.17476       38.43092       66.56430

 NSTEP =    46000   TIME(PS) =     332.000  TEMP(K) =   300.87  PRESS =   -61.8
 Etot   =    -99848.9665  EKtot   =     25650.2578  EPtot      =   -125499.2243
 BOND   =       808.3273  ANGLE   =      2300.5434  DIHED      =      3474.2787
 1-4 NB =      1025.4231  1-4 EEL =     12272.7871  VDWAALS    =     15058.2734
 EELEC  =   -160825.5469  EHBOND  =         0.0000  RESTRAINT  =       386.6895
 EAMBER (non-restraint)  =   -125885.9138
 EKCMT  =     11180.3316  VIRIAL  =     11736.8520  VOLUME     =    417101.2532
                                                    Density    =         1.0176
 ------------------------------------------------------------------------------

wrapping first mol.:       27.19933       38.46567       66.62448
wrapping first mol.:       27.19933       38.46567       66.62448

 NSTEP =    46500   TIME(PS) =     333.000  TEMP(K) =   299.64  PRESS =   184.8
 Etot   =    -99710.8323  EKtot   =     25545.6504  EPtot      =   -125256.4827
 BOND   =       820.8016  ANGLE   =      2239.0912  DIHED      =      3469.1020
 1-4 NB =      1028.5468  1-4 EEL =     12254.7116  VDWAALS    =     15078.6351
 EELEC  =   -160558.4113  EHBOND  =         0.0000  RESTRAINT  =       411.0404
 EAMBER (non-restraint)  =   -125667.5231
 EKCMT  =     11212.4270  VIRIAL  =      9543.4397  VOLUME     =    418224.4513
                                                    Density    =         1.0148
 ------------------------------------------------------------------------------

wrapping first mol.:       27.18749       38.44892       66.59548
wrapping first mol.:       27.18749       38.44892       66.59548

 NSTEP =    47000   TIME(PS) =     334.000  TEMP(K) =   301.87  PRESS =   -33.2
 Etot   =    -99640.7647  EKtot   =     25735.5508  EPtot      =   -125376.3154
 BOND   =       816.0948  ANGLE   =      2270.4391  DIHED      =      3512.0814
 1-4 NB =      1033.6398  1-4 EEL =     12245.5559  VDWAALS    =     14966.9077
 EELEC  =   -160638.0405  EHBOND  =         0.0000  RESTRAINT  =       417.0063
 EAMBER (non-restraint)  =   -125793.3218
 EKCMT  =     11108.8775  VIRIAL  =     11408.0161  VOLUME     =    417686.6249
                                                    Density    =         1.0161
 ------------------------------------------------------------------------------

wrapping first mol.:       27.18918       38.45130       66.59961
wrapping first mol.:       27.18918       38.45130       66.59961

 NSTEP =    47500   TIME(PS) =     335.000  TEMP(K) =   299.59  PRESS =   243.2
 Etot   =    -99735.9016  EKtot   =     25541.1562  EPtot      =   -125277.0578
 BOND   =       837.7398  ANGLE   =      2333.8117  DIHED      =      3473.3994
 1-4 NB =      1017.5130  1-4 EEL =     12254.3450  VDWAALS    =     14973.6929
 EELEC  =   -160583.7213  EHBOND  =         0.0000  RESTRAINT  =       416.1616
 EAMBER (non-restraint)  =   -125693.2194
 EKCMT  =     10971.5929  VIRIAL  =      8777.9674  VOLUME     =    417753.9850
                                                    Density    =         1.0160
 ------------------------------------------------------------------------------

wrapping first mol.:       27.17311       38.42858       66.56025
wrapping first mol.:       27.17311       38.42858       66.56025

 NSTEP =    48000   TIME(PS) =     336.000  TEMP(K) =   299.52  PRESS =    82.5
 Etot   =    -99795.0813  EKtot   =     25534.7305  EPtot      =   -125329.8118
 BOND   =       829.2294  ANGLE   =      2322.1665  DIHED      =      3501.4515
 1-4 NB =      1010.5768  1-4 EEL =     12277.8441  VDWAALS    =     14941.0558
 EELEC  =   -160636.8932  EHBOND  =         0.0000  RESTRAINT  =       424.7572
 EAMBER (non-restraint)  =   -125754.5690
 EKCMT  =     11111.2883  VIRIAL  =     10368.7693  VOLUME     =    417019.7475
                                                    Density    =         1.0178
 ------------------------------------------------------------------------------

wrapping first mol.:       27.16416       38.41592       66.53831
wrapping first mol.:       27.16416       38.41592       66.53831

 NSTEP =    48500   TIME(PS) =     337.000  TEMP(K) =   301.02  PRESS =   -41.1
 Etot   =    -99811.0780  EKtot   =     25663.1270  EPtot      =   -125474.2049
 BOND   =       798.1913  ANGLE   =      2332.5489  DIHED      =      3484.5201
 1-4 NB =      1030.8305  1-4 EEL =     12280.9104  VDWAALS    =     14927.6550
 EELEC  =   -160734.2298  EHBOND  =         0.0000  RESTRAINT  =       405.3687
 EAMBER (non-restraint)  =   -125879.5737
 EKCMT  =     11298.7142  VIRIAL  =     11668.0829  VOLUME     =    416612.1979
                                                    Density    =         1.0188
 ------------------------------------------------------------------------------

wrapping first mol.:       27.17693       38.43398       66.56961
wrapping first mol.:       27.17693       38.43398       66.56961

 NSTEP =    49000   TIME(PS) =     338.000  TEMP(K) =   298.50  PRESS =  -243.9
 Etot   =    -99892.6609  EKtot   =     25447.9062  EPtot      =   -125340.5671
 BOND   =       795.2013  ANGLE   =      2315.0024  DIHED      =      3459.6561
 1-4 NB =      1049.3593  1-4 EEL =     12334.3031  VDWAALS    =     14741.6004
 EELEC  =   -160440.7295  EHBOND  =         0.0000  RESTRAINT  =       405.0398
 EAMBER (non-restraint)  =   -125745.6069
 EKCMT  =     11007.1061  VIRIAL  =     13204.5775  VOLUME     =    417207.7754
                                                    Density    =         1.0173
 ------------------------------------------------------------------------------

wrapping first mol.:       27.19640       38.46152       66.61730
wrapping first mol.:       27.19640       38.46152       66.61730

 NSTEP =    49500   TIME(PS) =     339.000  TEMP(K) =   300.77  PRESS =    72.4
 Etot   =    -99673.5174  EKtot   =     25641.6836  EPtot      =   -125315.2010
 BOND   =       835.5869  ANGLE   =      2317.7531  DIHED      =      3498.2011
 1-4 NB =      1025.5457  1-4 EEL =     12278.1628  VDWAALS    =     15155.9397
 EELEC  =   -160833.3673  EHBOND  =         0.0000  RESTRAINT  =       406.9769
 EAMBER (non-restraint)  =   -125722.1780
 EKCMT  =     11181.6839  VIRIAL  =     10527.6813  VOLUME     =    418093.3842
                                                    Density    =         1.0151
 ------------------------------------------------------------------------------

wrapping first mol.:       27.19574       38.46059       66.61568
wrapping first mol.:       27.19574       38.46059       66.61568

 NSTEP =    50000   TIME(PS) =     340.000  TEMP(K) =   300.37  PRESS =   -76.9
 Etot   =    -99679.4265  EKtot   =     25607.6621  EPtot      =   -125287.0886
 BOND   =       811.7513  ANGLE   =      2255.9075  DIHED      =      3505.6943
 1-4 NB =      1042.8142  1-4 EEL =     12322.2545  VDWAALS    =     14764.8826
 EELEC  =   -160419.4637  EHBOND  =         0.0000  RESTRAINT  =       429.0707
 EAMBER (non-restraint)  =   -125716.1592
 EKCMT  =     11111.0265  VIRIAL  =     11805.2535  VOLUME     =    418068.4827
                                                    Density    =         1.0152
 ------------------------------------------------------------------------------


      A V E R A G E S   O V E R     100 S T E P S


 NSTEP =    50000   TIME(PS) =     340.000  TEMP(K) =   300.19  PRESS =    -5.3
 Etot   =    -99727.9192  EKtot   =     25592.5367  EPtot      =   -125320.4559
 BOND   =       822.4903  ANGLE   =      2293.3015  DIHED      =      3486.1773
 1-4 NB =      1021.2401  1-4 EEL =     12277.6423  VDWAALS    =     14911.3564
 EELEC  =   -160545.8327  EHBOND  =         0.0000  RESTRAINT  =       413.1689
 EAMBER (non-restraint)  =   -125733.6248
 EKCMT  =     11138.8164  VIRIAL  =     11186.3701  VOLUME     =    417235.6814
                                                    Density    =         1.0172
 ------------------------------------------------------------------------------


      R M S  F L U C T U A T I O N S


 NSTEP =    50000   TIME(PS) =     340.000  TEMP(K) =     1.46  PRESS =   110.1
 Etot   =       176.7396  EKtot   =       124.8345  EPtot      =       168.1719
 BOND   =        21.7970  ANGLE   =        35.4193  DIHED      =        16.2604
 1-4 NB =        11.9702  1-4 EEL =        28.2241  VDWAALS    =       138.1157
 EELEC  =       230.9448  EHBOND  =         0.0000  RESTRAINT  =        12.6780
 EAMBER (non-restraint)  =       155.4939
 EKCMT  =        80.1788  VIRIAL  =      1003.6923  VOLUME     =       547.8205
                                                    Density    =         0.0013
 ------------------------------------------------------------------------------

--------------------------------------------------------------------------------
   5.  TIMINGS
--------------------------------------------------------------------------------

|  NonSetup CPU Time in Major Routines:
|
|     Routine           Sec        %
|     ------------------------------
|     Nonbond         240.95   88.78
|     Bond              0.00    0.00
|     Angle             0.00    0.00
|     Dihedral          0.00    0.00
|     Shake             0.33    0.12
|     RunMD            30.07   11.08
|     Other             0.05    0.02
|     ------------------------------
|     Total           271.40

|  PME Nonbond Pairlist CPU Time:
|
|     Routine              Sec        %
|     ---------------------------------
|     Set Up Cit           0.00    0.00
|     Build List           0.00    0.00
|     ---------------------------------
|     Total                0.00    0.00

|  PME Direct Force CPU Time:
|
|     Routine              Sec        %
|     ---------------------------------
|     NonBonded Calc       0.00    0.00
|     Exclude Masked       0.00    0.00
|     Other                0.03    0.01
|     ---------------------------------
|     Total                0.03    0.01

|  PME Reciprocal Force CPU Time:
|
|     Routine              Sec        %
|     ---------------------------------
|     1D bspline           0.00    0.00
|     Grid Charges         0.00    0.00
|     Scalar Sum           0.00    0.00
|     Gradient Sum         0.00    0.00
|     FFT                  0.00    0.00
|     ---------------------------------
|     Total                0.00    0.00

|  Final Performance Info:
|     -----------------------------------------------------
|     Average timings for last    2500 steps:
|     Elapsed(s) =      13.53 Per Step(ms) =       5.41
|         ns/day =      31.93   seconds/ns =    2706.06
|
|     Average timings for all steps:
|     Elapsed(s) =     337.84 Per Step(ms) =       6.76
|         ns/day =      25.57   seconds/ns =    3378.36
|     -----------------------------------------------------

|  Setup CPU time:            0.65 seconds
|  NonSetup CPU time:       271.40 seconds
|  Total CPU time:          272.05 seconds     0.08 hours

|  Setup wall time:           1    seconds
|  NonSetup wall time:      338    seconds
|  Total wall time:         339    seconds     0.09 hours
