
          -------------------------------------------------------
          Amber 16 PMEMD                              2016
          -------------------------------------------------------

| PMEMD implementation of SANDER, Release 16

| Run on 11/03/2016 at 17:25:13

|   Executable path: pmemd.cuda
| Working directory: /home/german/exs/run/1m14/mhe/e
|          Hostname: Unknown
  [-O]verwriting output

File Assignments:
|   MDIN: 4equ.in                                                               
|  MDOUT: 4equ.out                                                              
| INPCRD: 3e1m14.rst7                                                           
|   PARM: 1m14.prmtop                                                           
| RESTRT: 4e1m14.rst7                                                           
|   REFC: 3e1m14.rst7                                                           
|  MDVEL: mdvel                                                                 
|   MDEN: mden                                                                  
|  MDCRD: 4e1m14.nc                                                             
| MDINFO: mdinfo                                                                
|  MDFRC: mdfrc                                                                 


 Here is the input file:

Equilibration with solute restrictions                                         
&cntrl                                                                         
imin = 0,                           ! No Minimization                          
nmropt = 0,                         ! No NMR restraints read                   
                                                                               
! Nature and format of the input                                               
ntx = 5,                            ! Coordinates but no velocities will be rea
irest = 1,                          ! Do not run a new simulation              
                                                                               
! Nature and format of the output                                              
ntxo = 1,                           ! rstrt file in ASCII format               
ntpr = 500,                         ! inf in output every ntpr steps           
ntwr = 500,                         ! rstrt file every ntwr steps              
ntwx = 500,                         ! mdcrd file every ntwx steps              
ntwv = 0,                           ! mdvel without velocities                 
ntwe = 0,                           ! Energies and temperatures not written in 
idecomp = 0,                        ! No energy decomposition                  
iwrap = 1,                          ! Coordinates of the restart and mdcrd file
                                                                               
! Frozen or restrained atoms                                                   
ibelly = 0,                         ! No frozen atoms                          
ntr=1,                              ! Harmonic potential restraints            
restraint_wt = 35.0,                ! The weight for the positional restraints 
restraintmask = ':1-277@N,CA,C,O',  ! restrained residues                      
                                                                               
! Molecular dynamics                                                           
nstlim = 50000,                     ! Number of MD-steps                       
dt = 0.002,                         ! Time step                                
                                                                               
! Temperature regulation                                                       
ntt = 3,                            ! Langevin thermostat                      
gamma_ln = 5,                       ! Gamma constant for Langevin              
!temp0 = 300.0,                     ! Reference T at which the system is to be 
tempi = 300.0,                      ! Initial T                                
ig = -1,                            ! Seed for the RNG                         
                                                                               
! P and V regulation                                                           
ntp = 1,                            ! Constant P. Isotropic scaling            
barostat = 1,                       ! Berendsen barostat                       
taup = 1,                           ! Pressure relaxation time                 
nrespa = 1,                         ! Evaluate at each step                    
ntb = 2,                            ! Periodic box for constant P              
                                                                               
! SHAKE variables                                                              
ntc = 2,                            ! Bonds involving H are constrained        
ntf = 2,                            ! Bond interaction involving H are ommited.
                                                                               
cut = 10.0,                         ! Nonbonded cutoff                         
/                                                                              
&end                                                                           


Note: ig = -1. Setting random seed to    31400 based on wallclock time in 
      microseconds.
 
|--------------------- INFORMATION ----------------------
| GPU (CUDA) Version of PMEMD in use: NVIDIA GPU IN USE.
|                    Version 16.0.0
| 
|                      02/25/2016
| 
| Implementation by:
|                    Ross C. Walker     (SDSC)
|                    Scott Le Grand     (nVIDIA)
| 
| Precision model in use:
|      [SPFP] - Single Precision Forces, 64-bit Fixed Point
|               Accumulation. (Default)
| 
|--------------------------------------------------------
 
|----------------- CITATION INFORMATION -----------------
|
|    When publishing work that utilized the CUDA version
|    of AMBER, please cite the following in addition to
|    the regular AMBER citations:
|
|  - Romelia Salomon-Ferrer; Andreas W. Goetz; Duncan
|    Poole; Scott Le Grand; Ross C. Walker "Routine
|    microsecond molecular dynamics simulations with
|    AMBER - Part II: Particle Mesh Ewald", J. Chem.
|    Theory Comput., 2013, 9 (9), pp3878-3888,
|    DOI: 10.1021/ct400314y.
|
|  - Andreas W. Goetz; Mark J. Williamson; Dong Xu;
|    Duncan Poole; Scott Le Grand; Ross C. Walker
|    "Routine microsecond molecular dynamics simulations
|    with AMBER - Part I: Generalized Born", J. Chem.
|    Theory Comput., 2012, 8 (5), pp1542-1555.
|
|  - Scott Le Grand; Andreas W. Goetz; Ross C. Walker
|    "SPFP: Speed without compromise - a mixed precision
|    model for GPU accelerated molecular dynamics
|    simulations.", Comp. Phys. Comm., 2013, 184
|    pp374-380, DOI: 10.1016/j.cpc.2012.09.022
|
|--------------------------------------------------------
 
|------------------- GPU DEVICE INFO --------------------
|
|            CUDA_VISIBLE_DEVICES: 1
|   CUDA Capable Devices Detected:      1
|           CUDA Device ID in use:      0
|                CUDA Device Name: GeForce GTX 1060 6GB
|     CUDA Device Global Mem Size:   6072 MB
| CUDA Device Num Multiprocessors:     10
|           CUDA Device Core Freq:   1.76 GHz
|
|--------------------------------------------------------
 
 
| Conditional Compilation Defines Used:
| PUBFFT
| BINTRAJ
| CUDA
| EMIL

| Largest sphere to fit in unit cell has radius =    33.286

| New format PARM file being parsed.
| Version =    1.000 Date = 11/02/16 Time = 18:58:44

| Note: 1-4 EEL scale factors are being read from the topology file.

| Note: 1-4 VDW scale factors are being read from the topology file.
| Duplicated    0 dihedrals

| Duplicated    0 dihedrals

--------------------------------------------------------------------------------
   1.  RESOURCE   USE: 
--------------------------------------------------------------------------------

 getting new box info from bottom of inpcrd
 NATOM  =   41788 NTYPES =      17 NBONH =   39561 MBONA  =    2274
 NTHETH =    5230 MTHETA =    3076 NPHIH =   10294 MPHIA  =    9773
 NHPARM =       0 NPARM  =       0 NNB   =   74758 NRES   =   12704
 NBONA  =    2274 NTHETA =    3076 NPHIA =    9773 NUMBND =      71
 NUMANG =     161 NPTRA  =     201 NATYP =      37 NPHB   =       1
 IFBOX  =       2 NMXRS  =      24 IFCAP =       0 NEXTRA =       0
 NCOPY  =       0

| Coordinate Index Table dimensions:    13   13   13
| Direct force subcell size =     6.2719    6.2719    6.2719

     BOX TYPE: TRUNCATED OCTAHEDRON

--------------------------------------------------------------------------------
   2.  CONTROL  DATA  FOR  THE  RUN
--------------------------------------------------------------------------------

default_name                                                                    

General flags:
     imin    =       0, nmropt  =       0

Nature and format of input:
     ntx     =       5, irest   =       1, ntrx    =       1

Nature and format of output:
     ntxo    =       1, ntpr    =     500, ntrx    =       1, ntwr    =     500
     iwrap   =       1, ntwx    =     500, ntwv    =       0, ntwe    =       0
     ioutfm  =       1, ntwprt  =       0, idecomp =       0, rbornstat=      0

Potential function:
     ntf     =       2, ntb     =       2, igb     =       0, nsnb    =      25
     ipol    =       0, gbsa    =       0, iesp    =       0
     dielc   =   1.00000, cut     =  10.00000, intdiel =   1.00000

Frozen or restrained atoms:
     ibelly  =       0, ntr     =       1
     restraint_wt =  35.00000

Molecular dynamics:
     nstlim  =     50000, nscm    =         0, nrespa  =         1
     t       =   0.00000, dt      =   0.00200, vlimit  =  -1.00000

Langevin dynamics temperature regulation:
     ig      =   31400
     temp0   = 300.00000, tempi   = 300.00000, gamma_ln=   5.00000

Pressure regulation:
     ntp     =       1
     pres0   =   1.00000, comp    =  44.60000, taup    =   1.00000

SHAKE:
     ntc     =       2, jfastw  =       0
     tol     =   0.00001

| Intermolecular bonds treatment:
|     no_intermolecular_bonds =       1

| Energy averages sample interval:
|     ene_avg_sampling =     500

Ewald parameters:
     verbose =       0, ew_type =       0, nbflag  =       1, use_pme =       1
     vdwmeth =       1, eedmeth =       1, netfrc  =       1
     Box X =   81.534   Box Y =   81.534   Box Z =   81.534
     Alpha =  109.471   Beta  =  109.471   Gamma =  109.471
     NFFT1 =   84       NFFT2 =   84       NFFT3 =   84
     Cutoff=   10.000   Tol   =0.100E-04
     Ewald Coefficient =  0.27511
     Interpolation order =    4

    LOADING THE CONSTRAINED ATOMS AS GROUPS


   5.  REFERENCE ATOM COORDINATES

  default_name                                                                    
     Mask :1-277@N,CA,C,O; matches  1108 atoms

--------------------------------------------------------------------------------
   3.  ATOMIC COORDINATES AND VELOCITIES
--------------------------------------------------------------------------------

default_name                                                                    
 begin time read from input coords =   440.000 ps

 
 Number of triangulated 3-point waters found:    12424

     Sum of charges from parm topology file =  -0.00000014
     Forcing neutrality...

| Dynamic Memory, Types Used:
| Reals             1922650
| Integers          1476360

| Nonbonded Pairs Initial Allocation:    12639825

| GPU memory information (estimate):
| KB of GPU memory in use:    333977
| KB of CPU memory in use:     63449

--------------------------------------------------------------------------------
   4.  RESULTS
--------------------------------------------------------------------------------

 ---------------------------------------------------
 APPROXIMATING switch and d/dx switch using CUBIC SPLINE INTERPOLATION
 using   5000.0 points per unit in tabled values
 TESTING RELATIVE ERROR over r ranging from 0.0 to cutoff
| CHECK switch(x): max rel err =   0.2738E-14   at   2.422500
| CHECK d/dx switch(x): max rel err =   0.8314E-11   at   2.736960
 ---------------------------------------------------
|---------------------------------------------------
| APPROXIMATING direct energy using CUBIC SPLINE INTERPOLATION
|  with   50.0 points per unit in tabled values
| Relative Error Limit not exceeded for r .gt.   2.33
| APPROXIMATING direct force using CUBIC SPLINE INTERPOLATION
|  with   50.0 points per unit in tabled values
| Relative Error Limit not exceeded for r .gt.   2.80
|---------------------------------------------------
wrapping first mol.:       27.18737       38.44875       66.59519
wrapping first mol.:       27.18737       38.44875       66.59519

 NSTEP =      500   TIME(PS) =     441.000  TEMP(K) =   298.20  PRESS =   -19.7
 Etot   =    -99983.0347  EKtot   =     25422.2852  EPtot      =   -125405.3199
 BOND   =       868.5001  ANGLE   =      2256.1142  DIHED      =      3504.8248
 1-4 NB =      1004.0055  1-4 EEL =     12274.5521  VDWAALS    =     14698.7561
 EELEC  =   -160407.9324  EHBOND  =         0.0000  RESTRAINT  =       395.8597
 EAMBER (non-restraint)  =   -125801.1796
 EKCMT  =     11071.0063  VIRIAL  =     11248.8895  VOLUME     =    417680.5504
                                                    Density    =         1.0162
 ------------------------------------------------------------------------------

wrapping first mol.:       27.16957       38.42357       66.55157
wrapping first mol.:       27.16957       38.42357       66.55157

 NSTEP =     1000   TIME(PS) =     442.000  TEMP(K) =   300.34  PRESS =  -131.9
 Etot   =   -100004.9745  EKtot   =     25604.9336  EPtot      =   -125609.9081
 BOND   =       828.4825  ANGLE   =      2337.4450  DIHED      =      3475.6766
 1-4 NB =      1041.6329  1-4 EEL =     12276.1445  VDWAALS    =     15009.9130
 EELEC  =   -160997.4579  EHBOND  =         0.0000  RESTRAINT  =       418.2555
 EAMBER (non-restraint)  =   -126028.1635
 EKCMT  =     11284.0796  VIRIAL  =     12470.9871  VOLUME     =    416864.5512
                                                    Density    =         1.0181
 ------------------------------------------------------------------------------

wrapping first mol.:       27.16045       38.41067       66.52923
wrapping first mol.:       27.16045       38.41067       66.52923

 NSTEP =     1500   TIME(PS) =     443.000  TEMP(K) =   300.21  PRESS =   -95.2
 Etot   =    -99865.9401  EKtot   =     25594.0410  EPtot      =   -125459.9811
 BOND   =       826.4464  ANGLE   =      2256.2292  DIHED      =      3471.4703
 1-4 NB =      1028.7692  1-4 EEL =     12279.6111  VDWAALS    =     14852.7276
 EELEC  =   -160585.3481  EHBOND  =         0.0000  RESTRAINT  =       410.1133
 EAMBER (non-restraint)  =   -125870.0944
 EKCMT  =     11180.8293  VIRIAL  =     12036.8808  VOLUME     =    416443.6718
                                                    Density    =         1.0192
 ------------------------------------------------------------------------------

wrapping first mol.:       27.17406       38.42992       66.56257
wrapping first mol.:       27.17406       38.42992       66.56257

 NSTEP =     2000   TIME(PS) =     444.000  TEMP(K) =   300.31  PRESS =  -137.7
 Etot   =    -99688.1426  EKtot   =     25602.2969  EPtot      =   -125290.4394
 BOND   =       838.6434  ANGLE   =      2277.0138  DIHED      =      3510.5408
 1-4 NB =       999.0428  1-4 EEL =     12268.9383  VDWAALS    =     14628.2484
 EELEC  =   -160215.0379  EHBOND  =         0.0000  RESTRAINT  =       402.1708
 EAMBER (non-restraint)  =   -125692.6102
 EKCMT  =     11132.5595  VIRIAL  =     12372.1578  VOLUME     =    417071.6168
                                                    Density    =         1.0176
 ------------------------------------------------------------------------------

wrapping first mol.:       27.16987       38.42399       66.55230
wrapping first mol.:       27.16987       38.42399       66.55230

 NSTEP =     2500   TIME(PS) =     445.000  TEMP(K) =   299.88  PRESS =    71.6
 Etot   =    -99672.3081  EKtot   =     25565.4492  EPtot      =   -125237.7573
 BOND   =       870.5700  ANGLE   =      2202.3474  DIHED      =      3499.8756
 1-4 NB =      1036.7108  1-4 EEL =     12256.5243  VDWAALS    =     14990.9383
 EELEC  =   -160490.3087  EHBOND  =         0.0000  RESTRAINT  =       395.5851
 EAMBER (non-restraint)  =   -125633.3424
 EKCMT  =     11056.5572  VIRIAL  =     10412.2616  VOLUME     =    416870.8450
                                                    Density    =         1.0181
 ------------------------------------------------------------------------------

wrapping first mol.:       27.18968       38.45201       66.60083
wrapping first mol.:       27.18968       38.45201       66.60083

 NSTEP =     3000   TIME(PS) =     446.000  TEMP(K) =   298.90  PRESS =     0.0
 Etot   =    -99916.1550  EKtot   =     25482.2285  EPtot      =   -125398.3836
 BOND   =       859.3421  ANGLE   =      2302.4787  DIHED      =      3466.7359
 1-4 NB =      1029.3585  1-4 EEL =     12198.3426  VDWAALS    =     14813.2841
 EELEC  =   -160461.9019  EHBOND  =         0.0000  RESTRAINT  =       393.9766
 EAMBER (non-restraint)  =   -125792.3601
 EKCMT  =     11097.9090  VIRIAL  =     11097.5234  VOLUME     =    417786.0245
                                                    Density    =         1.0159
 ------------------------------------------------------------------------------

wrapping first mol.:       27.17413       38.43002       66.56274
wrapping first mol.:       27.17413       38.43002       66.56274

 NSTEP =     3500   TIME(PS) =     447.000  TEMP(K) =   299.69  PRESS =   -14.0
 Etot   =    -99767.6748  EKtot   =     25549.5977  EPtot      =   -125317.2724
 BOND   =       805.0677  ANGLE   =      2298.6638  DIHED      =      3491.1406
 1-4 NB =      1017.4550  1-4 EEL =     12254.5469  VDWAALS    =     14732.7751
 EELEC  =   -160332.8562  EHBOND  =         0.0000  RESTRAINT  =       415.9347
 EAMBER (non-restraint)  =   -125733.2072
 EKCMT  =     11189.8725  VIRIAL  =     11315.6828  VOLUME     =    417070.2412
                                                    Density    =         1.0176
 ------------------------------------------------------------------------------

wrapping first mol.:       27.18085       38.43953       66.57921
wrapping first mol.:       27.18085       38.43953       66.57921

 NSTEP =     4000   TIME(PS) =     448.000  TEMP(K) =   302.00  PRESS =  -132.8
 Etot   =    -99737.8875  EKtot   =     25746.9844  EPtot      =   -125484.8718
 BOND   =       866.8850  ANGLE   =      2345.5117  DIHED      =      3482.1927
 1-4 NB =      1008.0702  1-4 EEL =     12242.3640  VDWAALS    =     14935.0565
 EELEC  =   -160770.7690  EHBOND  =         0.0000  RESTRAINT  =       405.8171
 EAMBER (non-restraint)  =   -125890.6889
 EKCMT  =     11244.5046  VIRIAL  =     12440.9069  VOLUME     =    417384.1977
                                                    Density    =         1.0169
 ------------------------------------------------------------------------------

wrapping first mol.:       27.18401       38.44399       66.58694
wrapping first mol.:       27.18401       38.44399       66.58694

 NSTEP =     4500   TIME(PS) =     449.000  TEMP(K) =   299.69  PRESS =   -42.4
 Etot   =    -99673.7618  EKtot   =     25549.4746  EPtot      =   -125223.2364
 BOND   =       859.6490  ANGLE   =      2259.5814  DIHED      =      3496.9072
 1-4 NB =      1010.5591  1-4 EEL =     12242.5055  VDWAALS    =     14833.0050
 EELEC  =   -160334.1175  EHBOND  =         0.0000  RESTRAINT  =       408.6741
 EAMBER (non-restraint)  =   -125631.9105
 EKCMT  =     11119.1113  VIRIAL  =     11501.7338  VOLUME     =    417526.3169
                                                    Density    =         1.0165
 ------------------------------------------------------------------------------

wrapping first mol.:       27.16930       38.42319       66.55092
wrapping first mol.:       27.16930       38.42319       66.55092

 NSTEP =     5000   TIME(PS) =     450.000  TEMP(K) =   297.83  PRESS =   -78.7
 Etot   =    -99910.7692  EKtot   =     25390.8809  EPtot      =   -125301.6500
 BOND   =       815.6185  ANGLE   =      2302.4302  DIHED      =      3465.0925
 1-4 NB =       999.0408  1-4 EEL =     12269.1463  VDWAALS    =     14796.0199
 EELEC  =   -160350.5286  EHBOND  =         0.0000  RESTRAINT  =       401.5303
 EAMBER (non-restraint)  =   -125703.1803
 EKCMT  =     11067.1864  VIRIAL  =     11775.9185  VOLUME     =    416850.4235
                                                    Density    =         1.0182
 ------------------------------------------------------------------------------

wrapping first mol.:       27.18014       38.43852       66.57746
wrapping first mol.:       27.18014       38.43852       66.57746

 NSTEP =     5500   TIME(PS) =     451.000  TEMP(K) =   299.74  PRESS =  -100.8
 Etot   =   -100018.6334  EKtot   =     25553.7383  EPtot      =   -125572.3717
 BOND   =       805.4969  ANGLE   =      2283.9315  DIHED      =      3486.9931
 1-4 NB =      1010.0243  1-4 EEL =     12244.0238  VDWAALS    =     15079.1241
 EELEC  =   -160886.6900  EHBOND  =         0.0000  RESTRAINT  =       404.7248
 EAMBER (non-restraint)  =   -125977.0964
 EKCMT  =     11137.9262  VIRIAL  =     12046.2010  VOLUME     =    417350.2101
                                                    Density    =         1.0170
 ------------------------------------------------------------------------------

wrapping first mol.:       27.18808       38.44975       66.59691
wrapping first mol.:       27.18808       38.44975       66.59691

 NSTEP =     6000   TIME(PS) =     452.000  TEMP(K) =   299.28  PRESS =  -125.6
 Etot   =    -99822.1475  EKtot   =     25514.9375  EPtot      =   -125337.0850
 BOND   =       786.4510  ANGLE   =      2211.8900  DIHED      =      3476.4884
 1-4 NB =      1025.4118  1-4 EEL =     12349.0372  VDWAALS    =     14795.0896
 EELEC  =   -160404.6518  EHBOND  =         0.0000  RESTRAINT  =       423.1988
 EAMBER (non-restraint)  =   -125760.2838
 EKCMT  =     11015.0447  VIRIAL  =     12147.3861  VOLUME     =    417716.9127
                                                    Density    =         1.0161
 ------------------------------------------------------------------------------

wrapping first mol.:       27.18141       38.44032       66.58058
wrapping first mol.:       27.18141       38.44032       66.58058

 NSTEP =     6500   TIME(PS) =     453.000  TEMP(K) =   297.84  PRESS =  -132.4
 Etot   =    -99692.0075  EKtot   =     25392.2344  EPtot      =   -125084.2419
 BOND   =       806.8729  ANGLE   =      2324.2920  DIHED      =      3482.0130
 1-4 NB =      1018.5275  1-4 EEL =     12280.9381  VDWAALS    =     14873.7236
 EELEC  =   -160294.2658  EHBOND  =         0.0000  RESTRAINT  =       423.6569
 EAMBER (non-restraint)  =   -125507.8988
 EKCMT  =     11057.5585  VIRIAL  =     12250.6360  VOLUME     =    417410.0356
                                                    Density    =         1.0168
 ------------------------------------------------------------------------------

wrapping first mol.:       27.18591       38.44668       66.59160
wrapping first mol.:       27.18591       38.44668       66.59160

 NSTEP =     7000   TIME(PS) =     454.000  TEMP(K) =   302.16  PRESS =   -25.0
 Etot   =    -99567.6647  EKtot   =     25760.2832  EPtot      =   -125327.9479
 BOND   =       856.3334  ANGLE   =      2269.1002  DIHED      =      3468.8250
 1-4 NB =      1014.1857  1-4 EEL =     12291.2718  VDWAALS    =     14801.5375
 EELEC  =   -160429.8350  EHBOND  =         0.0000  RESTRAINT  =       400.6334
 EAMBER (non-restraint)  =   -125728.5813
 EKCMT  =     11173.7966  VIRIAL  =     11398.9284  VOLUME     =    417613.3669
                                                    Density    =         1.0163
 ------------------------------------------------------------------------------

wrapping first mol.:       27.17221       38.42731       66.55805
wrapping first mol.:       27.17221       38.42731       66.55805

 NSTEP =     7500   TIME(PS) =     455.000  TEMP(K) =   300.17  PRESS =   -50.8
 Etot   =    -99658.0017  EKtot   =     25590.7480  EPtot      =   -125248.7497
 BOND   =       804.1034  ANGLE   =      2333.2386  DIHED      =      3461.9786
 1-4 NB =      1013.1996  1-4 EEL =     12279.0016  VDWAALS    =     14685.6156
 EELEC  =   -160239.2955  EHBOND  =         0.0000  RESTRAINT  =       413.4084
 EAMBER (non-restraint)  =   -125662.1581
 EKCMT  =     11118.0214  VIRIAL  =     11575.0483  VOLUME     =    416983.3737
                                                    Density    =         1.0179
 ------------------------------------------------------------------------------

wrapping first mol.:       27.15851       38.40793       66.52448
wrapping first mol.:       27.15851       38.40793       66.52448

 NSTEP =     8000   TIME(PS) =     456.000  TEMP(K) =   298.04  PRESS =   -61.3
 Etot   =    -99713.9632  EKtot   =     25409.3184  EPtot      =   -125123.2815
 BOND   =       776.5213  ANGLE   =      2300.9076  DIHED      =      3509.1577
 1-4 NB =      1033.7935  1-4 EEL =     12257.5990  VDWAALS    =     14968.2942
 EELEC  =   -160370.2656  EHBOND  =         0.0000  RESTRAINT  =       400.7107
 EAMBER (non-restraint)  =   -125523.9923
 EKCMT  =     11025.4948  VIRIAL  =     11576.6242  VOLUME     =    416353.0490
                                                    Density    =         1.0194
 ------------------------------------------------------------------------------

wrapping first mol.:       27.15906       38.40871       66.52583
wrapping first mol.:       27.15906       38.40871       66.52583

 NSTEP =     8500   TIME(PS) =     457.000  TEMP(K) =   299.75  PRESS =  -122.5
 Etot   =    -99884.5316  EKtot   =     25554.7461  EPtot      =   -125439.2777
 BOND   =       859.7133  ANGLE   =      2320.8803  DIHED      =      3504.1232
 1-4 NB =      1019.1166  1-4 EEL =     12306.4052  VDWAALS    =     14861.7418
 EELEC  =   -160698.4257  EHBOND  =         0.0000  RESTRAINT  =       387.1676
 EAMBER (non-restraint)  =   -125826.4453
 EKCMT  =     11116.0871  VIRIAL  =     12217.3391  VOLUME     =    416380.7467
                                                    Density    =         1.0193
 ------------------------------------------------------------------------------

wrapping first mol.:       27.17045       38.42481       66.55372
wrapping first mol.:       27.17045       38.42481       66.55372

 NSTEP =     9000   TIME(PS) =     458.000  TEMP(K) =   298.84  PRESS =     3.4
 Etot   =    -99787.5445  EKtot   =     25477.1113  EPtot      =   -125264.6559
 BOND   =       849.0486  ANGLE   =      2268.5528  DIHED      =      3470.8573
 1-4 NB =      1011.4449  1-4 EEL =     12315.8005  VDWAALS    =     14683.5098
 EELEC  =   -160262.0657  EHBOND  =         0.0000  RESTRAINT  =       398.1961
 EAMBER (non-restraint)  =   -125662.8520
 EKCMT  =     11040.7662  VIRIAL  =     11010.3446  VOLUME     =    416900.0549
                                                    Density    =         1.0181
 ------------------------------------------------------------------------------

wrapping first mol.:       27.17264       38.42792       66.55910
wrapping first mol.:       27.17264       38.42792       66.55910

 NSTEP =     9500   TIME(PS) =     459.000  TEMP(K) =   300.32  PRESS =    74.6
 Etot   =    -99960.6966  EKtot   =     25603.0156  EPtot      =   -125563.7122
 BOND   =       853.2781  ANGLE   =      2268.4607  DIHED      =      3494.4098
 1-4 NB =      1024.5996  1-4 EEL =     12304.6769  VDWAALS    =     14950.0823
 EELEC  =   -160853.3498  EHBOND  =         0.0000  RESTRAINT  =       394.1302
 EAMBER (non-restraint)  =   -125957.8424
 EKCMT  =     11130.1030  VIRIAL  =     10458.7949  VOLUME     =    416998.4133
                                                    Density    =         1.0178
 ------------------------------------------------------------------------------

wrapping first mol.:       27.17120       38.42588       66.55556
wrapping first mol.:       27.17120       38.42588       66.55556

 NSTEP =    10000   TIME(PS) =     460.000  TEMP(K) =   300.00  PRESS =   192.3
 Etot   =   -100031.1864  EKtot   =     25575.7695  EPtot      =   -125606.9560
 BOND   =       799.9121  ANGLE   =      2276.8857  DIHED      =      3516.4024
 1-4 NB =      1011.1110  1-4 EEL =     12275.6405  VDWAALS    =     15297.0530
 EELEC  =   -161195.5260  EHBOND  =         0.0000  RESTRAINT  =       411.5654
 EAMBER (non-restraint)  =   -126018.5213
 EKCMT  =     11238.4829  VIRIAL  =      9507.3942  VOLUME     =    416927.5945
                                                    Density    =         1.0180
 ------------------------------------------------------------------------------

wrapping first mol.:       27.17380       38.42955       66.56193
wrapping first mol.:       27.17380       38.42955       66.56193

 NSTEP =    10500   TIME(PS) =     461.000  TEMP(K) =   296.43  PRESS =    28.7
 Etot   =    -99972.7108  EKtot   =     25271.7305  EPtot      =   -125244.4413
 BOND   =       807.3021  ANGLE   =      2272.8024  DIHED      =      3479.0985
 1-4 NB =      1024.6847  1-4 EEL =     12316.0218  VDWAALS    =     14786.5776
 EELEC  =   -160329.6335  EHBOND  =         0.0000  RESTRAINT  =       398.7053
 EAMBER (non-restraint)  =   -125643.1465
 EKCMT  =     10916.3286  VIRIAL  =     10657.7607  VOLUME     =    417053.3691
                                                    Density    =         1.0177
 ------------------------------------------------------------------------------

wrapping first mol.:       27.17886       38.43671       66.57433
wrapping first mol.:       27.17886       38.43671       66.57433

 NSTEP =    11000   TIME(PS) =     462.000  TEMP(K) =   297.98  PRESS =   -44.9
 Etot   =    -99941.7863  EKtot   =     25403.5879  EPtot      =   -125345.3742
 BOND   =       794.9502  ANGLE   =      2334.3242  DIHED      =      3479.3248
 1-4 NB =      1027.1854  1-4 EEL =     12333.4113  VDWAALS    =     15000.9156
 EELEC  =   -160720.6648  EHBOND  =         0.0000  RESTRAINT  =       405.1789
 EAMBER (non-restraint)  =   -125750.5531
 EKCMT  =     11055.4835  VIRIAL  =     11459.6611  VOLUME     =    417289.1211
                                                    Density    =         1.0171
 ------------------------------------------------------------------------------

wrapping first mol.:       27.18588       38.44664       66.59152
wrapping first mol.:       27.18588       38.44664       66.59152

 NSTEP =    11500   TIME(PS) =     463.000  TEMP(K) =   300.18  PRESS =  -221.4
 Etot   =    -99861.2789  EKtot   =     25591.2715  EPtot      =   -125452.5504
 BOND   =       814.2067  ANGLE   =      2228.4542  DIHED      =      3453.9449
 1-4 NB =      1024.2686  1-4 EEL =     12293.6288  VDWAALS    =     14649.3326
 EELEC  =   -160335.2366  EHBOND  =         0.0000  RESTRAINT  =       418.8505
 EAMBER (non-restraint)  =   -125871.4009
 EKCMT  =     11121.2834  VIRIAL  =     13117.6377  VOLUME     =    417619.1330
                                                    Density    =         1.0163
 ------------------------------------------------------------------------------

wrapping first mol.:       27.19920       38.46548       66.62417
wrapping first mol.:       27.19920       38.46548       66.62417

 NSTEP =    12000   TIME(PS) =     464.000  TEMP(K) =   300.91  PRESS =   -47.5
 Etot   =    -99633.1252  EKtot   =     25653.6543  EPtot      =   -125286.7795
 BOND   =       839.8622  ANGLE   =      2323.9796  DIHED      =      3475.7860
 1-4 NB =       998.3157  1-4 EEL =     12255.4287  VDWAALS    =     14806.4560
 EELEC  =   -160390.2390  EHBOND  =         0.0000  RESTRAINT  =       403.6313
 EAMBER (non-restraint)  =   -125690.4108
 EKCMT  =     11240.0823  VIRIAL  =     11669.0111  VOLUME     =    418227.1093
                                                    Density    =         1.0148
 ------------------------------------------------------------------------------

wrapping first mol.:       27.18138       38.44027       66.58050
wrapping first mol.:       27.18138       38.44027       66.58050

 NSTEP =    12500   TIME(PS) =     465.000  TEMP(K) =   299.38  PRESS =    43.8
 Etot   =    -99774.9691  EKtot   =     25522.8730  EPtot      =   -125297.8421
 BOND   =       854.0473  ANGLE   =      2292.3083  DIHED      =      3486.0736
 1-4 NB =       995.5418  1-4 EEL =     12306.0090  VDWAALS    =     15151.4209
 EELEC  =   -160792.8791  EHBOND  =         0.0000  RESTRAINT  =       409.6360
 EAMBER (non-restraint)  =   -125707.4781
 EKCMT  =     11195.4293  VIRIAL  =     10800.5424  VOLUME     =    417401.8597
                                                    Density    =         1.0168
 ------------------------------------------------------------------------------

wrapping first mol.:       27.19383       38.45789       66.61101
wrapping first mol.:       27.19383       38.45789       66.61101

 NSTEP =    13000   TIME(PS) =     466.000  TEMP(K) =   298.71  PRESS =  -182.5
 Etot   =   -100031.8133  EKtot   =     25466.0156  EPtot      =   -125497.8289
 BOND   =       815.8710  ANGLE   =      2268.6589  DIHED      =      3459.5954
 1-4 NB =      1028.6235  1-4 EEL =     12311.0625  VDWAALS    =     15026.1057
 EELEC  =   -160794.5659  EHBOND  =         0.0000  RESTRAINT  =       386.8200
 EAMBER (non-restraint)  =   -125884.6489
 EKCMT  =     11165.7280  VIRIAL  =     12812.8863  VOLUME     =    417984.4309
                                                    Density    =         1.0154
 ------------------------------------------------------------------------------

wrapping first mol.:       27.18602       38.44684       66.59188
wrapping first mol.:       27.18602       38.44684       66.59188

 NSTEP =    13500   TIME(PS) =     467.000  TEMP(K) =   303.24  PRESS =    -9.2
 Etot   =    -99535.7456  EKtot   =     25852.0117  EPtot      =   -125387.7573
 BOND   =       825.6261  ANGLE   =      2324.2314  DIHED      =      3493.2473
 1-4 NB =      1021.7566  1-4 EEL =     12300.1628  VDWAALS    =     15123.5968
 EELEC  =   -160882.3950  EHBOND  =         0.0000  RESTRAINT  =       406.0167
 EAMBER (non-restraint)  =   -125793.7740
 EKCMT  =     11255.5868  VIRIAL  =     11338.7156  VOLUME     =    417617.9548
                                                    Density    =         1.0163
 ------------------------------------------------------------------------------

wrapping first mol.:       27.17707       38.43417       66.56994
wrapping first mol.:       27.17707       38.43417       66.56994

 NSTEP =    14000   TIME(PS) =     468.000  TEMP(K) =   298.61  PRESS =  -250.9
 Etot   =    -99700.2419  EKtot   =     25457.3594  EPtot      =   -125157.6012
 BOND   =       846.5158  ANGLE   =      2339.4942  DIHED      =      3500.9167
 1-4 NB =      1018.0407  1-4 EEL =     12305.0504  VDWAALS    =     14825.0832
 EELEC  =   -160397.1904  EHBOND  =         0.0000  RESTRAINT  =       404.4880
 EAMBER (non-restraint)  =   -125562.0893
 EKCMT  =     11028.0575  VIRIAL  =     13288.5140  VOLUME     =    417214.2646
                                                    Density    =         1.0173
 ------------------------------------------------------------------------------

wrapping first mol.:       27.18595       38.44674       66.59170
wrapping first mol.:       27.18595       38.44674       66.59170

 NSTEP =    14500   TIME(PS) =     469.000  TEMP(K) =   300.74  PRESS =   -69.8
 Etot   =    -99636.4187  EKtot   =     25639.3203  EPtot      =   -125275.7391
 BOND   =       806.5763  ANGLE   =      2302.7313  DIHED      =      3506.3108
 1-4 NB =      1021.5495  1-4 EEL =     12338.6924  VDWAALS    =     14746.8766
 EELEC  =   -160406.8855  EHBOND  =         0.0000  RESTRAINT  =       408.4095
 EAMBER (non-restraint)  =   -125684.1485
 EKCMT  =     11272.1566  VIRIAL  =     11901.9779  VOLUME     =    417616.8661
                                                    Density    =         1.0163
 ------------------------------------------------------------------------------

wrapping first mol.:       27.19642       38.46155       66.61736
wrapping first mol.:       27.19642       38.46155       66.61736

 NSTEP =    15000   TIME(PS) =     470.000  TEMP(K) =   300.55  PRESS =   129.2
 Etot   =    -99352.2911  EKtot   =     25623.1152  EPtot      =   -124975.4063
 BOND   =       880.9493  ANGLE   =      2325.7620  DIHED      =      3519.6763
 1-4 NB =      1034.1516  1-4 EEL =     12221.0345  VDWAALS    =     14835.2473
 EELEC  =   -160214.8800  EHBOND  =         0.0000  RESTRAINT  =       422.6529
 EAMBER (non-restraint)  =   -125398.0592
 EKCMT  =     11261.7689  VIRIAL  =     10095.3119  VOLUME     =    418092.2862
                                                    Density    =         1.0152
 ------------------------------------------------------------------------------

wrapping first mol.:       27.18423       38.44430       66.58748
wrapping first mol.:       27.18423       38.44430       66.58748

 NSTEP =    15500   TIME(PS) =     471.000  TEMP(K) =   301.11  PRESS =   263.9
 Etot   =    -99698.1346  EKtot   =     25670.7891  EPtot      =   -125368.9237
 BOND   =       858.5034  ANGLE   =      2302.4434  DIHED      =      3531.8239
 1-4 NB =      1017.6065  1-4 EEL =     12220.9727  VDWAALS    =     14982.8937
 EELEC  =   -160695.7457  EHBOND  =         0.0000  RESTRAINT  =       412.5784
 EAMBER (non-restraint)  =   -125781.5021
 EKCMT  =     11153.1729  VIRIAL  =      8774.2416  VOLUME     =    417525.0557
                                                    Density    =         1.0165
 ------------------------------------------------------------------------------

wrapping first mol.:       27.16744       38.42057       66.54637
wrapping first mol.:       27.16744       38.42057       66.54637

 NSTEP =    16000   TIME(PS) =     472.000  TEMP(K) =   298.89  PRESS =    52.2
 Etot   =    -99925.0371  EKtot   =     25481.0508  EPtot      =   -125406.0879
 BOND   =       823.2655  ANGLE   =      2303.5485  DIHED      =      3512.5739
 1-4 NB =      1024.3416  1-4 EEL =     12302.1785  VDWAALS    =     14905.7658
 EELEC  =   -160702.0468  EHBOND  =         0.0000  RESTRAINT  =       424.2852
 EAMBER (non-restraint)  =   -125830.3731
 EKCMT  =     11042.9924  VIRIAL  =     10573.4256  VOLUME     =    416760.0049
                                                    Density    =         1.0184
 ------------------------------------------------------------------------------

wrapping first mol.:       27.18481       38.44513       66.58891
wrapping first mol.:       27.18481       38.44513       66.58891

 NSTEP =    16500   TIME(PS) =     473.000  TEMP(K) =   302.28  PRESS =   115.5
 Etot   =    -99375.9080  EKtot   =     25770.6777  EPtot      =   -125146.5858
 BOND   =       839.6639  ANGLE   =      2273.9122  DIHED      =      3503.6622
 1-4 NB =      1025.6450  1-4 EEL =     12270.6414  VDWAALS    =     15208.3639
 EELEC  =   -160670.6749  EHBOND  =         0.0000  RESTRAINT  =       402.2006
 EAMBER (non-restraint)  =   -125548.7864
 EKCMT  =     11226.7905  VIRIAL  =     10185.1235  VOLUME     =    417557.3759
                                                    Density    =         1.0165
 ------------------------------------------------------------------------------

wrapping first mol.:       27.19636       38.46146       66.61719
wrapping first mol.:       27.19636       38.46146       66.61719

 NSTEP =    17000   TIME(PS) =     474.000  TEMP(K) =   300.07  PRESS =   -43.5
 Etot   =    -99794.1561  EKtot   =     25581.9219  EPtot      =   -125376.0779
 BOND   =       838.4935  ANGLE   =      2262.7471  DIHED      =      3453.5812
 1-4 NB =      1032.3230  1-4 EEL =     12323.2122  VDWAALS    =     14886.2606
 EELEC  =   -160582.6847  EHBOND  =         0.0000  RESTRAINT  =       409.9891
 EAMBER (non-restraint)  =   -125786.0671
 EKCMT  =     11064.3966  VIRIAL  =     11456.9577  VOLUME     =    418095.6541
                                                    Density    =         1.0151
 ------------------------------------------------------------------------------

wrapping first mol.:       27.20186       38.46924       66.63067
wrapping first mol.:       27.20186       38.46924       66.63067

 NSTEP =    17500   TIME(PS) =     475.000  TEMP(K) =   299.92  PRESS =    69.2
 Etot   =    -99693.6456  EKtot   =     25568.8223  EPtot      =   -125262.4679
 BOND   =       825.1655  ANGLE   =      2351.7921  DIHED      =      3495.6576
 1-4 NB =      1051.5686  1-4 EEL =     12288.1732  VDWAALS    =     14960.3862
 EELEC  =   -160616.3516  EHBOND  =         0.0000  RESTRAINT  =       381.1405
 EAMBER (non-restraint)  =   -125643.6084
 EKCMT  =     11026.0761  VIRIAL  =     10400.7245  VOLUME     =    418345.2818
                                                    Density    =         1.0145
 ------------------------------------------------------------------------------

wrapping first mol.:       27.19624       38.46129       66.61690
wrapping first mol.:       27.19624       38.46129       66.61690

 NSTEP =    18000   TIME(PS) =     476.000  TEMP(K) =   300.49  PRESS =    46.4
 Etot   =    -99649.7320  EKtot   =     25617.6543  EPtot      =   -125267.3863
 BOND   =       831.0590  ANGLE   =      2262.4162  DIHED      =      3487.5030
 1-4 NB =      1024.5437  1-4 EEL =     12298.2929  VDWAALS    =     14916.0953
 EELEC  =   -160497.8961  EHBOND  =         0.0000  RESTRAINT  =       410.5998
 EAMBER (non-restraint)  =   -125677.9861
 EKCMT  =     11162.1897  VIRIAL  =     10742.8910  VOLUME     =    418086.7660
                                                    Density    =         1.0152
 ------------------------------------------------------------------------------

wrapping first mol.:       27.18475       38.44504       66.58876
wrapping first mol.:       27.18475       38.44504       66.58876

 NSTEP =    18500   TIME(PS) =     477.000  TEMP(K) =   299.63  PRESS =  -239.7
 Etot   =    -99769.1461  EKtot   =     25544.2793  EPtot      =   -125313.4254
 BOND   =       857.1898  ANGLE   =      2286.8596  DIHED      =      3463.3768
 1-4 NB =      1020.9642  1-4 EEL =     12277.3743  VDWAALS    =     14697.3151
 EELEC  =   -160331.3438  EHBOND  =         0.0000  RESTRAINT  =       414.8386
 EAMBER (non-restraint)  =   -125728.2640
 EKCMT  =     11127.8729  VIRIAL  =     13289.3884  VOLUME     =    417567.7927
                                                    Density    =         1.0164
 ------------------------------------------------------------------------------

wrapping first mol.:       27.18498       38.44537       66.58932
wrapping first mol.:       27.18498       38.44537       66.58932

 NSTEP =    19000   TIME(PS) =     478.000  TEMP(K) =   299.75  PRESS =  -272.4
 Etot   =    -99623.1271  EKtot   =     25554.4395  EPtot      =   -125177.5665
 BOND   =       801.4433  ANGLE   =      2308.4074  DIHED      =      3512.9782
 1-4 NB =      1012.6811  1-4 EEL =     12325.7370  VDWAALS    =     14811.0616
 EELEC  =   -160352.1337  EHBOND  =         0.0000  RESTRAINT  =       402.2587
 EAMBER (non-restraint)  =   -125579.8252
 EKCMT  =     11268.3915  VIRIAL  =     13724.3445  VOLUME     =    417579.6588
                                                    Density    =         1.0164
 ------------------------------------------------------------------------------

wrapping first mol.:       27.18620       38.44710       66.59232
wrapping first mol.:       27.18620       38.44710       66.59232

 NSTEP =    19500   TIME(PS) =     479.000  TEMP(K) =   298.24  PRESS =  -208.2
 Etot   =    -99775.9552  EKtot   =     25426.1367  EPtot      =   -125202.0919
 BOND   =       823.2879  ANGLE   =      2312.3248  DIHED      =      3511.9990
 1-4 NB =      1051.9482  1-4 EEL =     12310.9793  VDWAALS    =     14821.9403
 EELEC  =   -160446.2853  EHBOND  =         0.0000  RESTRAINT  =       411.7140
 EAMBER (non-restraint)  =   -125613.8059
 EKCMT  =     11032.4548  VIRIAL  =     12909.5344  VOLUME     =    417633.6976
                                                    Density    =         1.0163
 ------------------------------------------------------------------------------

wrapping first mol.:       27.18778       38.44932       66.59617
wrapping first mol.:       27.18778       38.44932       66.59617

 NSTEP =    20000   TIME(PS) =     480.000  TEMP(K) =   299.80  PRESS =   153.7
 Etot   =    -99838.2978  EKtot   =     25558.6055  EPtot      =   -125396.9033
 BOND   =       874.3467  ANGLE   =      2335.7609  DIHED      =      3510.9827
 1-4 NB =      1006.7211  1-4 EEL =     12303.1010  VDWAALS    =     14913.0501
 EELEC  =   -160750.7516  EHBOND  =         0.0000  RESTRAINT  =       409.8857
 EAMBER (non-restraint)  =   -125806.7890
 EKCMT  =     11205.3644  VIRIAL  =      9819.5408  VOLUME     =    417692.6173
                                                    Density    =         1.0161
 ------------------------------------------------------------------------------

wrapping first mol.:       27.20207       38.46953       66.63118
wrapping first mol.:       27.20207       38.46953       66.63118

 NSTEP =    20500   TIME(PS) =     481.000  TEMP(K) =   297.59  PRESS =   201.2
 Etot   =    -99520.5961  EKtot   =     25370.8398  EPtot      =   -124891.4360
 BOND   =       832.8005  ANGLE   =      2239.7037  DIHED      =      3475.4104
 1-4 NB =      1018.5879  1-4 EEL =     12350.8591  VDWAALS    =     15013.0313
 EELEC  =   -160209.2085  EHBOND  =         0.0000  RESTRAINT  =       387.3796
 EAMBER (non-restraint)  =   -125278.8156
 EKCMT  =     11040.9474  VIRIAL  =      9223.7063  VOLUME     =    418349.8874
                                                    Density    =         1.0145
 ------------------------------------------------------------------------------

wrapping first mol.:       27.19583       38.46071       66.61590
wrapping first mol.:       27.19583       38.46071       66.61590

 NSTEP =    21000   TIME(PS) =     482.000  TEMP(K) =   301.13  PRESS =   149.1
 Etot   =    -99652.9156  EKtot   =     25672.5195  EPtot      =   -125325.4352
 BOND   =       845.6850  ANGLE   =      2223.3770  DIHED      =      3463.9564
 1-4 NB =      1026.1414  1-4 EEL =     12258.8321  VDWAALS    =     14838.3163
 EELEC  =   -160382.2953  EHBOND  =         0.0000  RESTRAINT  =       400.5520
 EAMBER (non-restraint)  =   -125725.9871
 EKCMT  =     11240.6829  VIRIAL  =      9895.0024  VOLUME     =    418064.0974
                                                    Density    =         1.0152
 ------------------------------------------------------------------------------

wrapping first mol.:       27.19910       38.46533       66.62390
wrapping first mol.:       27.19910       38.46533       66.62390

 NSTEP =    21500   TIME(PS) =     483.000  TEMP(K) =   299.39  PRESS =    59.4
 Etot   =    -99835.2422  EKtot   =     25523.8223  EPtot      =   -125359.0644
 BOND   =       814.8462  ANGLE   =      2261.5819  DIHED      =      3508.0074
 1-4 NB =      1021.6428  1-4 EEL =     12307.0427  VDWAALS    =     15081.5116
 EELEC  =   -160744.1270  EHBOND  =         0.0000  RESTRAINT  =       390.4301
 EAMBER (non-restraint)  =   -125749.4945
 EKCMT  =     11145.2164  VIRIAL  =     10608.8039  VOLUME     =    418218.0909
                                                    Density    =         1.0148
 ------------------------------------------------------------------------------

wrapping first mol.:       27.19494       38.45945       66.61371
wrapping first mol.:       27.19494       38.45945       66.61371

 NSTEP =    22000   TIME(PS) =     484.000  TEMP(K) =   300.49  PRESS =    42.2
 Etot   =    -99624.1272  EKtot   =     25618.1992  EPtot      =   -125242.3265
 BOND   =       840.7180  ANGLE   =      2353.5909  DIHED      =      3534.4435
 1-4 NB =      1032.4865  1-4 EEL =     12273.2843  VDWAALS    =     14764.7204
 EELEC  =   -160433.5289  EHBOND  =         0.0000  RESTRAINT  =       391.9588
 EAMBER (non-restraint)  =   -125634.2853
 EKCMT  =     11182.4123  VIRIAL  =     10801.9425  VOLUME     =    418026.9272
                                                    Density    =         1.0153
 ------------------------------------------------------------------------------

wrapping first mol.:       27.19003       38.45250       66.60168
wrapping first mol.:       27.19003       38.45250       66.60168

 NSTEP =    22500   TIME(PS) =     485.000  TEMP(K) =   298.71  PRESS =  -111.3
 Etot   =   -100038.3439  EKtot   =     25465.7246  EPtot      =   -125504.0686
 BOND   =       807.3704  ANGLE   =      2263.9858  DIHED      =      3483.7107
 1-4 NB =      1016.5184  1-4 EEL =     12286.9084  VDWAALS    =     15043.7373
 EELEC  =   -160820.5951  EHBOND  =         0.0000  RESTRAINT  =       414.2957
 EAMBER (non-restraint)  =   -125918.3642
 EKCMT  =     11151.8039  VIRIAL  =     12156.0927  VOLUME     =    417806.1894
                                                    Density    =         1.0158
 ------------------------------------------------------------------------------

wrapping first mol.:       27.19376       38.45778       66.61082
wrapping first mol.:       27.19376       38.45778       66.61082

 NSTEP =    23000   TIME(PS) =     486.000  TEMP(K) =   302.40  PRESS =   -49.0
 Etot   =    -99365.1775  EKtot   =     25781.0078  EPtot      =   -125146.1854
 BOND   =       824.8080  ANGLE   =      2258.2339  DIHED      =      3495.0875
 1-4 NB =      1013.2884  1-4 EEL =     12224.5596  VDWAALS    =     14782.5115
 EELEC  =   -160164.6042  EHBOND  =         0.0000  RESTRAINT  =       419.9299
 EAMBER (non-restraint)  =   -125566.1152
 EKCMT  =     11169.1098  VIRIAL  =     11611.0701  VOLUME     =    417975.8431
                                                    Density    =         1.0154
 ------------------------------------------------------------------------------

wrapping first mol.:       27.19736       38.46287       66.61964
wrapping first mol.:       27.19736       38.46287       66.61964

 NSTEP =    23500   TIME(PS) =     487.000  TEMP(K) =   301.03  PRESS =    38.3
 Etot   =    -99450.2052  EKtot   =     25663.4727  EPtot      =   -125113.6779
 BOND   =       818.1972  ANGLE   =      2287.2344  DIHED      =      3488.7835
 1-4 NB =      1031.1169  1-4 EEL =     12253.5600  VDWAALS    =     14873.9912
 EELEC  =   -160266.9218  EHBOND  =         0.0000  RESTRAINT  =       400.3608
 EAMBER (non-restraint)  =   -125514.0386
 EKCMT  =     11141.1458  VIRIAL  =     10794.9967  VOLUME     =    418138.6797
                                                    Density    =         1.0150
 ------------------------------------------------------------------------------

wrapping first mol.:       27.18839       38.45019       66.59767
wrapping first mol.:       27.18839       38.45019       66.59767

 NSTEP =    24000   TIME(PS) =     488.000  TEMP(K) =   299.36  PRESS =    79.2
 Etot   =    -99826.1910  EKtot   =     25521.6523  EPtot      =   -125347.8433
 BOND   =       783.9372  ANGLE   =      2283.3184  DIHED      =      3471.2216
 1-4 NB =      1044.2965  1-4 EEL =     12316.4844  VDWAALS    =     14919.1595
 EELEC  =   -160557.9475  EHBOND  =         0.0000  RESTRAINT  =       391.6866
 EAMBER (non-restraint)  =   -125739.5299
 EKCMT  =     11070.2534  VIRIAL  =     10355.9884  VOLUME     =    417723.6038
                                                    Density    =         1.0160
 ------------------------------------------------------------------------------

wrapping first mol.:       27.18935       38.45155       66.60004
wrapping first mol.:       27.18935       38.45155       66.60004

 NSTEP =    24500   TIME(PS) =     489.000  TEMP(K) =   303.68  PRESS =   -93.5
 Etot   =    -99419.9599  EKtot   =     25889.9238  EPtot      =   -125309.8838
 BOND   =       876.0278  ANGLE   =      2378.3660  DIHED      =      3488.7327
 1-4 NB =      1036.0716  1-4 EEL =     12259.9332  VDWAALS    =     14854.7074
 EELEC  =   -160607.1543  EHBOND  =         0.0000  RESTRAINT  =       403.4316
 EAMBER (non-restraint)  =   -125713.3154
 EKCMT  =     11231.4780  VIRIAL  =     12074.5531  VOLUME     =    417774.6119
                                                    Density    =         1.0159
 ------------------------------------------------------------------------------

wrapping first mol.:       27.19288       38.45653       66.60866
wrapping first mol.:       27.19288       38.45653       66.60866

 NSTEP =    25000   TIME(PS) =     490.000  TEMP(K) =   299.96  PRESS =   127.0
 Etot   =    -99783.3749  EKtot   =     25572.7031  EPtot      =   -125356.0780
 BOND   =       858.1657  ANGLE   =      2317.9103  DIHED      =      3471.6154
 1-4 NB =      1021.2347  1-4 EEL =     12257.9579  VDWAALS    =     15167.6770
 EELEC  =   -160843.2306  EHBOND  =         0.0000  RESTRAINT  =       392.5917
 EAMBER (non-restraint)  =   -125748.6697
 EKCMT  =     11186.3174  VIRIAL  =     10040.7299  VOLUME     =    417928.7484
                                                    Density    =         1.0155
 ------------------------------------------------------------------------------

wrapping first mol.:       27.18932       38.45150       66.59994
wrapping first mol.:       27.18932       38.45150       66.59994

 NSTEP =    25500   TIME(PS) =     491.000  TEMP(K) =   299.09  PRESS =  -198.8
 Etot   =    -99692.6675  EKtot   =     25498.2090  EPtot      =   -125190.8764
 BOND   =       836.1654  ANGLE   =      2295.0671  DIHED      =      3473.6503
 1-4 NB =      1038.9124  1-4 EEL =     12321.1564  VDWAALS    =     14804.9163
 EELEC  =   -160369.3302  EHBOND  =         0.0000  RESTRAINT  =       408.5859
 EAMBER (non-restraint)  =   -125599.4623
 EKCMT  =     11055.4062  VIRIAL  =     12848.5325  VOLUME     =    417776.7654
                                                    Density    =         1.0159
 ------------------------------------------------------------------------------

wrapping first mol.:       27.17776       38.43515       66.57163
wrapping first mol.:       27.17776       38.43515       66.57163

 NSTEP =    26000   TIME(PS) =     492.000  TEMP(K) =   299.39  PRESS =    31.3
 Etot   =    -99781.2873  EKtot   =     25524.4336  EPtot      =   -125305.7209
 BOND   =       842.6439  ANGLE   =      2351.9830  DIHED      =      3469.1818
 1-4 NB =      1013.3025  1-4 EEL =     12263.6869  VDWAALS    =     15013.4270
 EELEC  =   -160652.9600  EHBOND  =         0.0000  RESTRAINT  =       393.0140
 EAMBER (non-restraint)  =   -125698.7349
 EKCMT  =     11125.6191  VIRIAL  =     10843.8456  VOLUME     =    417235.6770
                                                    Density    =         1.0172
 ------------------------------------------------------------------------------

wrapping first mol.:       27.18374       38.44361       66.58628
wrapping first mol.:       27.18374       38.44361       66.58628

 NSTEP =    26500   TIME(PS) =     493.000  TEMP(K) =   301.25  PRESS =    31.6
 Etot   =    -99609.4985  EKtot   =     25682.8281  EPtot      =   -125292.3266
 BOND   =       806.2394  ANGLE   =      2262.2324  DIHED      =      3502.0821
 1-4 NB =      1039.7576  1-4 EEL =     12287.5409  VDWAALS    =     14804.1782
 EELEC  =   -160390.5133  EHBOND  =         0.0000  RESTRAINT  =       396.1560
 EAMBER (non-restraint)  =   -125688.4826
 EKCMT  =     11164.8476  VIRIAL  =     10879.7430  VOLUME     =    417511.0933
                                                    Density    =         1.0166
 ------------------------------------------------------------------------------

wrapping first mol.:       27.16333       38.41475       66.53630
wrapping first mol.:       27.16333       38.41475       66.53630

 NSTEP =    27000   TIME(PS) =     494.000  TEMP(K) =   299.07  PRESS =   -27.4
 Etot   =    -99929.2166  EKtot   =     25496.8535  EPtot      =   -125426.0701
 BOND   =       810.0785  ANGLE   =      2336.7615  DIHED      =      3485.7331
 1-4 NB =      1023.5938  1-4 EEL =     12251.4482  VDWAALS    =     15042.6520
 EELEC  =   -160779.1893  EHBOND  =         0.0000  RESTRAINT  =       402.8522
 EAMBER (non-restraint)  =   -125828.9222
 EKCMT  =     11029.4090  VIRIAL  =     11275.7526  VOLUME     =    416573.8579
                                                    Density    =         1.0189
 ------------------------------------------------------------------------------

wrapping first mol.:       27.16443       38.41630       66.53898
wrapping first mol.:       27.16443       38.41630       66.53898

 NSTEP =    27500   TIME(PS) =     495.000  TEMP(K) =   301.40  PRESS =    61.4
 Etot   =    -99699.2325  EKtot   =     25695.4453  EPtot      =   -125394.6778
 BOND   =       858.6338  ANGLE   =      2319.6139  DIHED      =      3512.8957
 1-4 NB =      1020.6906  1-4 EEL =     12293.1132  VDWAALS    =     14977.2380
 EELEC  =   -160785.9726  EHBOND  =         0.0000  RESTRAINT  =       409.1097
 EAMBER (non-restraint)  =   -125803.7875
 EKCMT  =     11182.8029  VIRIAL  =     10630.3635  VOLUME     =    416620.8691
                                                    Density    =         1.0187
 ------------------------------------------------------------------------------

wrapping first mol.:       27.15535       38.40346       66.51674
wrapping first mol.:       27.15535       38.40346       66.51674

 NSTEP =    28000   TIME(PS) =     496.000  TEMP(K) =   299.69  PRESS =   -18.7
 Etot   =    -99903.3178  EKtot   =     25549.3359  EPtot      =   -125452.6538
 BOND   =       819.0600  ANGLE   =      2336.0635  DIHED      =      3508.3874
 1-4 NB =      1016.3615  1-4 EEL =     12274.1908  VDWAALS    =     14924.5462
 EELEC  =   -160753.7922  EHBOND  =         0.0000  RESTRAINT  =       422.5289
 EAMBER (non-restraint)  =   -125875.1826
 EKCMT  =     11090.6061  VIRIAL  =     11258.2213  VOLUME     =    416206.1687
                                                    Density    =         1.0198
 ------------------------------------------------------------------------------

wrapping first mol.:       27.16037       38.41056       66.52904
wrapping first mol.:       27.16037       38.41056       66.52904

 NSTEP =    28500   TIME(PS) =     497.000  TEMP(K) =   300.67  PRESS =   138.2
 Etot   =   -100034.8316  EKtot   =     25632.8574  EPtot      =   -125667.6890
 BOND   =       855.0153  ANGLE   =      2226.9068  DIHED      =      3481.2339
 1-4 NB =      1015.2237  1-4 EEL =     12324.6065  VDWAALS    =     15079.4913
 EELEC  =   -161056.6187  EHBOND  =         0.0000  RESTRAINT  =       406.4521
 EAMBER (non-restraint)  =   -126074.1411
 EKCMT  =     11100.7874  VIRIAL  =      9858.4936  VOLUME     =    416431.3054
                                                    Density    =         1.0192
 ------------------------------------------------------------------------------

wrapping first mol.:       27.15786       38.40701       66.52288
wrapping first mol.:       27.15786       38.40701       66.52288

 NSTEP =    29000   TIME(PS) =     498.000  TEMP(K) =   298.33  PRESS =   121.2
 Etot   =    -99835.9462  EKtot   =     25433.6133  EPtot      =   -125269.5594
 BOND   =       858.9031  ANGLE   =      2289.0262  DIHED      =      3488.2218
 1-4 NB =      1032.2018  1-4 EEL =     12264.6167  VDWAALS    =     14940.1697
 EELEC  =   -160543.2871  EHBOND  =         0.0000  RESTRAINT  =       400.5883
 EAMBER (non-restraint)  =   -125670.1478
 EKCMT  =     11019.9127  VIRIAL  =      9930.8969  VOLUME     =    416316.3164
                                                    Density    =         1.0195
 ------------------------------------------------------------------------------

wrapping first mol.:       27.16649       38.41922       66.54404
wrapping first mol.:       27.16649       38.41922       66.54404

 NSTEP =    29500   TIME(PS) =     499.000  TEMP(K) =   297.69  PRESS =    11.7
 Etot   =   -100057.1293  EKtot   =     25379.2988  EPtot      =   -125436.4282
 BOND   =       838.5251  ANGLE   =      2301.1674  DIHED      =      3484.4842
 1-4 NB =      1009.7697  1-4 EEL =     12212.9606  VDWAALS    =     14902.9008
 EELEC  =   -160586.0753  EHBOND  =         0.0000  RESTRAINT  =       399.8392
 EAMBER (non-restraint)  =   -125836.2674
 EKCMT  =     11062.8124  VIRIAL  =     10957.9906  VOLUME     =    416717.7703
                                                    Density    =         1.0185
 ------------------------------------------------------------------------------

wrapping first mol.:       27.16700       38.41994       66.54528
wrapping first mol.:       27.16700       38.41994       66.54528

 NSTEP =    30000   TIME(PS) =     500.000  TEMP(K) =   299.72  PRESS =   -48.2
 Etot   =    -99997.2897  EKtot   =     25552.5508  EPtot      =   -125549.8404
 BOND   =       866.0773  ANGLE   =      2270.5436  DIHED      =      3483.1781
 1-4 NB =      1007.5076  1-4 EEL =     12255.7889  VDWAALS    =     14781.3849
 EELEC  =   -160616.5862  EHBOND  =         0.0000  RESTRAINT  =       402.2653
 EAMBER (non-restraint)  =   -125952.1057
 EKCMT  =     11084.1160  VIRIAL  =     11518.1219  VOLUME     =    416743.2367
                                                    Density    =         1.0184
 ------------------------------------------------------------------------------

wrapping first mol.:       27.18115       38.43994       66.57993
wrapping first mol.:       27.18115       38.43994       66.57993

 NSTEP =    30500   TIME(PS) =     501.000  TEMP(K) =   301.01  PRESS =  -149.2
 Etot   =    -99694.8066  EKtot   =     25661.8652  EPtot      =   -125356.6718
 BOND   =       820.0680  ANGLE   =      2259.3551  DIHED      =      3485.0267
 1-4 NB =      1018.0598  1-4 EEL =     12307.4702  VDWAALS    =     14760.4099
 EELEC  =   -160406.2424  EHBOND  =         0.0000  RESTRAINT  =       399.1809
 EAMBER (non-restraint)  =   -125755.8527
 EKCMT  =     11171.0152  VIRIAL  =     12515.6830  VOLUME     =    417398.3885
                                                    Density    =         1.0168
 ------------------------------------------------------------------------------

wrapping first mol.:       27.17465       38.43076       66.56402
wrapping first mol.:       27.17465       38.43076       66.56402

 NSTEP =    31000   TIME(PS) =     502.000  TEMP(K) =   299.62  PRESS =    54.2
 Etot   =    -99631.9900  EKtot   =     25543.4355  EPtot      =   -125175.4255
 BOND   =       796.8071  ANGLE   =      2311.2966  DIHED      =      3499.7277
 1-4 NB =      1040.1753  1-4 EEL =     12256.6722  VDWAALS    =     15053.6390
 EELEC  =   -160542.5942  EHBOND  =         0.0000  RESTRAINT  =       408.8508
 EAMBER (non-restraint)  =   -125584.2763
 EKCMT  =     11194.1793  VIRIAL  =     10705.8131  VOLUME     =    417091.7528
                                                    Density    =         1.0176
 ------------------------------------------------------------------------------

wrapping first mol.:       27.15913       38.40881       66.52600
wrapping first mol.:       27.15913       38.40881       66.52600

 NSTEP =    31500   TIME(PS) =     503.000  TEMP(K) =   300.12  PRESS =  -156.4
 Etot   =    -99945.2417  EKtot   =     25586.4590  EPtot      =   -125531.7007
 BOND   =       810.5315  ANGLE   =      2313.1043  DIHED      =      3479.8143
 1-4 NB =      1022.0276  1-4 EEL =     12306.3120  VDWAALS    =     14848.2055
 EELEC  =   -160701.1697  EHBOND  =         0.0000  RESTRAINT  =       389.4738
 EAMBER (non-restraint)  =   -125921.1745
 EKCMT  =     11173.7219  VIRIAL  =     12579.8934  VOLUME     =    416385.1479
                                                    Density    =         1.0193
 ------------------------------------------------------------------------------

wrapping first mol.:       27.15945       38.40926       66.52679
wrapping first mol.:       27.15945       38.40926       66.52679

 NSTEP =    32000   TIME(PS) =     504.000  TEMP(K) =   299.03  PRESS =   -66.6
 Etot   =    -99884.5547  EKtot   =     25492.9844  EPtot      =   -125377.5390
 BOND   =       807.7023  ANGLE   =      2273.6293  DIHED      =      3483.3660
 1-4 NB =      1018.1390  1-4 EEL =     12288.3200  VDWAALS    =     14918.3012
 EELEC  =   -160574.9737  EHBOND  =         0.0000  RESTRAINT  =       407.9770
 EAMBER (non-restraint)  =   -125785.5161
 EKCMT  =     11013.4623  VIRIAL  =     11612.6612  VOLUME     =    416396.7180
                                                    Density    =         1.0193
 ------------------------------------------------------------------------------

wrapping first mol.:       27.16950       38.42348       66.55141
wrapping first mol.:       27.16950       38.42348       66.55141

 NSTEP =    32500   TIME(PS) =     505.000  TEMP(K) =   300.93  PRESS =  -100.9
 Etot   =    -99723.3483  EKtot   =     25655.3789  EPtot      =   -125378.7272
 BOND   =       851.1065  ANGLE   =      2305.6514  DIHED      =      3477.7474
 1-4 NB =      1027.4276  1-4 EEL =     12237.5420  VDWAALS    =     14947.9775
 EELEC  =   -160634.6221  EHBOND  =         0.0000  RESTRAINT  =       408.4426
 EAMBER (non-restraint)  =   -125787.1697
 EKCMT  =     11170.1251  VIRIAL  =     12077.8911  VOLUME     =    416860.5097
                                                    Density    =         1.0182
 ------------------------------------------------------------------------------

wrapping first mol.:       27.17626       38.43304       66.56797
wrapping first mol.:       27.17626       38.43304       66.56797

 NSTEP =    33000   TIME(PS) =     506.000  TEMP(K) =   297.21  PRESS =  -260.0
 Etot   =   -100253.6906  EKtot   =     25338.4863  EPtot      =   -125592.1769
 BOND   =       835.4517  ANGLE   =      2194.7145  DIHED      =      3483.2641
 1-4 NB =      1011.7982  1-4 EEL =     12306.1113  VDWAALS    =     14809.8799
 EELEC  =   -160637.6792  EHBOND  =         0.0000  RESTRAINT  =       404.2826
 EAMBER (non-restraint)  =   -125996.4595
 EKCMT  =     10956.5004  VIRIAL  =     13298.1018  VOLUME     =    417177.5654
                                                    Density    =         1.0174
 ------------------------------------------------------------------------------

wrapping first mol.:       27.17379       38.42955       66.56192
wrapping first mol.:       27.17379       38.42955       66.56192

 NSTEP =    33500   TIME(PS) =     507.000  TEMP(K) =   300.73  PRESS =  -148.2
 Etot   =    -99559.6444  EKtot   =     25638.5547  EPtot      =   -125198.1991
 BOND   =       838.8739  ANGLE   =      2239.3260  DIHED      =      3510.1279
 1-4 NB =      1023.5430  1-4 EEL =     12277.7978  VDWAALS    =     14938.4042
 EELEC  =   -160440.2996  EHBOND  =         0.0000  RESTRAINT  =       414.0277
 EAMBER (non-restraint)  =   -125612.2268
 EKCMT  =     11183.4023  VIRIAL  =     12518.1091  VOLUME     =    417059.7795
                                                    Density    =         1.0177
 ------------------------------------------------------------------------------

wrapping first mol.:       27.17117       38.42584       66.55550
wrapping first mol.:       27.17117       38.42584       66.55550

 NSTEP =    34000   TIME(PS) =     508.000  TEMP(K) =   299.77  PRESS =   -39.1
 Etot   =    -99866.4718  EKtot   =     25556.3008  EPtot      =   -125422.7725
 BOND   =       853.7672  ANGLE   =      2311.6256  DIHED      =      3459.0864
 1-4 NB =      1014.9901  1-4 EEL =     12272.0045  VDWAALS    =     15028.3100
 EELEC  =   -160755.0841  EHBOND  =         0.0000  RESTRAINT  =       392.5278
 EAMBER (non-restraint)  =   -125815.3003
 EKCMT  =     11132.8189  VIRIAL  =     11484.8594  VOLUME     =    416934.9847
                                                    Density    =         1.0180
 ------------------------------------------------------------------------------

wrapping first mol.:       27.18408       38.44410       66.58712
wrapping first mol.:       27.18408       38.44410       66.58712

 NSTEP =    34500   TIME(PS) =     509.000  TEMP(K) =   299.64  PRESS =    46.3
 Etot   =    -99909.6764  EKtot   =     25545.6309  EPtot      =   -125455.3072
 BOND   =       792.6711  ANGLE   =      2328.9170  DIHED      =      3476.4921
 1-4 NB =      1021.9016  1-4 EEL =     12299.0931  VDWAALS    =     15073.2380
 EELEC  =   -160862.2492  EHBOND  =         0.0000  RESTRAINT  =       414.6290
 EAMBER (non-restraint)  =   -125869.9363
 EKCMT  =     11111.6613  VIRIAL  =     10693.9202  VOLUME     =    417526.3956
                                                    Density    =         1.0165
 ------------------------------------------------------------------------------

wrapping first mol.:       27.18321       38.44286       66.58498
wrapping first mol.:       27.18321       38.44286       66.58498

 NSTEP =    35000   TIME(PS) =     510.000  TEMP(K) =   299.93  PRESS =    30.7
 Etot   =    -99828.5481  EKtot   =     25569.7148  EPtot      =   -125398.2630
 BOND   =       829.2410  ANGLE   =      2285.2037  DIHED      =      3476.0658
 1-4 NB =      1014.0236  1-4 EEL =     12320.1202  VDWAALS    =     15031.9175
 EELEC  =   -160775.6562  EHBOND  =         0.0000  RESTRAINT  =       420.8214
 EAMBER (non-restraint)  =   -125819.0844
 EKCMT  =     11182.0784  VIRIAL  =     10905.6528  VOLUME     =    417486.6986
                                                    Density    =         1.0166
 ------------------------------------------------------------------------------

wrapping first mol.:       27.17669       38.43364       66.56902
wrapping first mol.:       27.17669       38.43364       66.56902

 NSTEP =    35500   TIME(PS) =     511.000  TEMP(K) =   298.99  PRESS =   -87.5
 Etot   =    -99768.0880  EKtot   =     25489.5547  EPtot      =   -125257.6427
 BOND   =       826.3533  ANGLE   =      2266.6506  DIHED      =      3506.9728
 1-4 NB =      1052.7031  1-4 EEL =     12289.0890  VDWAALS    =     14867.2030
 EELEC  =   -160489.2100  EHBOND  =         0.0000  RESTRAINT  =       422.5955
 EAMBER (non-restraint)  =   -125680.2381
 EKCMT  =     11193.6833  VIRIAL  =     11982.2342  VOLUME     =    417190.8918
                                                    Density    =         1.0173
 ------------------------------------------------------------------------------

wrapping first mol.:       27.17748       38.43476       66.57096
wrapping first mol.:       27.17748       38.43476       66.57096

 NSTEP =    36000   TIME(PS) =     512.000  TEMP(K) =   298.17  PRESS =   -13.4
 Etot   =    -99919.6516  EKtot   =     25420.2832  EPtot      =   -125339.9348
 BOND   =       806.3900  ANGLE   =      2287.1005  DIHED      =      3488.2049
 1-4 NB =      1027.8564  1-4 EEL =     12311.8242  VDWAALS    =     14852.6553
 EELEC  =   -160509.4440  EHBOND  =         0.0000  RESTRAINT  =       395.4779
 EAMBER (non-restraint)  =   -125735.4127
 EKCMT  =     11079.1315  VIRIAL  =     11199.5503  VOLUME     =    417224.6154
                                                    Density    =         1.0173
 ------------------------------------------------------------------------------

wrapping first mol.:       27.15885       38.40842       66.52532
wrapping first mol.:       27.15885       38.40842       66.52532

 NSTEP =    36500   TIME(PS) =     513.000  TEMP(K) =   299.01  PRESS =   -40.1
 Etot   =   -100266.2763  EKtot   =     25491.3438  EPtot      =   -125757.6201
 BOND   =       841.0471  ANGLE   =      2320.7028  DIHED      =      3478.7403
 1-4 NB =      1008.0054  1-4 EEL =     12273.0300  VDWAALS    =     15163.9766
 EELEC  =   -161247.8476  EHBOND  =         0.0000  RESTRAINT  =       404.7254
 EAMBER (non-restraint)  =   -126162.3455
 EKCMT  =     11176.6026  VIRIAL  =     11537.2457  VOLUME     =    416368.1739
                                                    Density    =         1.0194
 ------------------------------------------------------------------------------

wrapping first mol.:       27.17063       38.42508       66.55418
wrapping first mol.:       27.17063       38.42508       66.55418

 NSTEP =    37000   TIME(PS) =     514.000  TEMP(K) =   302.38  PRESS =    35.3
 Etot   =    -99702.8778  EKtot   =     25779.1836  EPtot      =   -125482.0614
 BOND   =       901.8341  ANGLE   =      2244.9047  DIHED      =      3482.8039
 1-4 NB =      1017.1894  1-4 EEL =     12249.9314  VDWAALS    =     14954.8230
 EELEC  =   -160717.5791  EHBOND  =         0.0000  RESTRAINT  =       384.0310
 EAMBER (non-restraint)  =   -125866.0925
 EKCMT  =     11335.9378  VIRIAL  =     11017.9098  VOLUME     =    416907.4988
                                                    Density    =         1.0180
 ------------------------------------------------------------------------------

wrapping first mol.:       27.18061       38.43919       66.57862
wrapping first mol.:       27.18061       38.43919       66.57862

 NSTEP =    37500   TIME(PS) =     515.000  TEMP(K) =   299.14  PRESS =    -7.5
 Etot   =    -99767.0312  EKtot   =     25502.5352  EPtot      =   -125269.5663
 BOND   =       846.8949  ANGLE   =      2307.4296  DIHED      =      3490.7375
 1-4 NB =      1015.7176  1-4 EEL =     12253.0076  VDWAALS    =     14903.5493
 EELEC  =   -160509.0987  EHBOND  =         0.0000  RESTRAINT  =       422.1959
 EAMBER (non-restraint)  =   -125691.7622
 EKCMT  =     11148.6265  VIRIAL  =     11215.9301  VOLUME     =    417368.5378
                                                    Density    =         1.0169
 ------------------------------------------------------------------------------

wrapping first mol.:       27.16846       38.42201       66.54887
wrapping first mol.:       27.16846       38.42201       66.54887

 NSTEP =    38000   TIME(PS) =     516.000  TEMP(K) =   300.24  PRESS =   -33.2
 Etot   =   -100035.6730  EKtot   =     25596.8398  EPtot      =   -125632.5128
 BOND   =       860.6456  ANGLE   =      2319.2802  DIHED      =      3484.2498
 1-4 NB =      1041.2990  1-4 EEL =     12267.3205  VDWAALS    =     15079.3349
 EELEC  =   -161084.3476  EHBOND  =         0.0000  RESTRAINT  =       399.7048
 EAMBER (non-restraint)  =   -126032.2176
 EKCMT  =     11017.5270  VIRIAL  =     11316.1073  VOLUME     =    416810.1078
                                                    Density    =         1.0183
 ------------------------------------------------------------------------------

wrapping first mol.:       27.16848       38.42203       66.54890
wrapping first mol.:       27.16848       38.42203       66.54890

 NSTEP =    38500   TIME(PS) =     517.000  TEMP(K) =   298.21  PRESS =   321.3
 Etot   =    -99840.7147  EKtot   =     25423.0938  EPtot      =   -125263.8085
 BOND   =       866.4275  ANGLE   =      2287.1374  DIHED      =      3508.5864
 1-4 NB =      1016.4621  1-4 EEL =     12284.7991  VDWAALS    =     15259.1291
 EELEC  =   -160881.6668  EHBOND  =         0.0000  RESTRAINT  =       395.3168
 EAMBER (non-restraint)  =   -125659.1253
 EKCMT  =     11029.7184  VIRIAL  =      8137.8407  VOLUME     =    416797.5393
                                                    Density    =         1.0183
 ------------------------------------------------------------------------------

wrapping first mol.:       27.18030       38.43875       66.57787
wrapping first mol.:       27.18030       38.43875       66.57787

 NSTEP =    39000   TIME(PS) =     518.000  TEMP(K) =   299.48  PRESS =    -2.1
 Etot   =    -99765.0747  EKtot   =     25531.5586  EPtot      =   -125296.6333
 BOND   =       837.8670  ANGLE   =      2279.5166  DIHED      =      3492.9486
 1-4 NB =      1018.9455  1-4 EEL =     12234.2797  VDWAALS    =     14686.6245
 EELEC  =   -160256.1675  EHBOND  =         0.0000  RESTRAINT  =       409.3523
 EAMBER (non-restraint)  =   -125705.9856
 EKCMT  =     11211.6603  VIRIAL  =     11230.5475  VOLUME     =    417354.1292
                                                    Density    =         1.0169
 ------------------------------------------------------------------------------

wrapping first mol.:       27.15883       38.40838       66.52526
wrapping first mol.:       27.15883       38.40838       66.52526

 NSTEP =    39500   TIME(PS) =     519.000  TEMP(K) =   299.77  PRESS =   -97.3
 Etot   =    -99887.4657  EKtot   =     25556.3809  EPtot      =   -125443.8466
 BOND   =       813.3019  ANGLE   =      2312.4471  DIHED      =      3493.7290
 1-4 NB =      1033.2541  1-4 EEL =     12270.6093  VDWAALS    =     14490.0188
 EELEC  =   -160263.3918  EHBOND  =         0.0000  RESTRAINT  =       406.1850
 EAMBER (non-restraint)  =   -125850.0316
 EKCMT  =     11236.0136  VIRIAL  =     12110.5848  VOLUME     =    416369.1084
                                                    Density    =         1.0194
 ------------------------------------------------------------------------------

wrapping first mol.:       27.15643       38.40499       66.51940
wrapping first mol.:       27.15643       38.40499       66.51940

 NSTEP =    40000   TIME(PS) =     520.000  TEMP(K) =   299.17  PRESS =  -218.5
 Etot   =    -99797.4075  EKtot   =     25505.6055  EPtot      =   -125303.0129
 BOND   =       809.1740  ANGLE   =      2332.2866  DIHED      =      3506.5991
 1-4 NB =      1024.5135  1-4 EEL =     12297.5730  VDWAALS    =     14688.6636
 EELEC  =   -160361.2470  EHBOND  =         0.0000  RESTRAINT  =       399.4243
 EAMBER (non-restraint)  =   -125702.4373
 EKCMT  =     11140.7171  VIRIAL  =     13104.2577  VOLUME     =    416263.5201
                                                    Density    =         1.0196
 ------------------------------------------------------------------------------

wrapping first mol.:       27.16099       38.41144       66.53056
wrapping first mol.:       27.16099       38.41144       66.53056

 NSTEP =    40500   TIME(PS) =     521.000  TEMP(K) =   300.37  PRESS =   -41.2
 Etot   =    -99565.3511  EKtot   =     25607.8770  EPtot      =   -125173.2281
 BOND   =       846.4300  ANGLE   =      2373.6848  DIHED      =      3481.3197
 1-4 NB =      1041.5878  1-4 EEL =     12307.7160  VDWAALS    =     14769.1041
 EELEC  =   -160388.9701  EHBOND  =         0.0000  RESTRAINT  =       395.8997
 EAMBER (non-restraint)  =   -125569.1278
 EKCMT  =     11186.4351  VIRIAL  =     11556.6656  VOLUME     =    416466.5023
                                                    Density    =         1.0191
 ------------------------------------------------------------------------------

wrapping first mol.:       27.16079       38.41116       66.53008
wrapping first mol.:       27.16079       38.41116       66.53008

 NSTEP =    41000   TIME(PS) =     522.000  TEMP(K) =   300.65  PRESS =    22.3
 Etot   =    -99641.9559  EKtot   =     25631.4141  EPtot      =   -125273.3699
 BOND   =       810.7450  ANGLE   =      2270.6676  DIHED      =      3467.9028
 1-4 NB =      1002.9821  1-4 EEL =     12341.3428  VDWAALS    =     14633.6045
 EELEC  =   -160187.9079  EHBOND  =         0.0000  RESTRAINT  =       387.2932
 EAMBER (non-restraint)  =   -125660.6631
 EKCMT  =     11174.6217  VIRIAL  =     10974.0252  VOLUME     =    416455.1788
                                                    Density    =         1.0191
 ------------------------------------------------------------------------------

wrapping first mol.:       27.15679       38.40549       66.52026
wrapping first mol.:       27.15679       38.40549       66.52026

 NSTEP =    41500   TIME(PS) =     523.000  TEMP(K) =   299.85  PRESS =    81.6
 Etot   =    -99750.4383  EKtot   =     25563.2637  EPtot      =   -125313.7020
 BOND   =       823.6201  ANGLE   =      2255.3297  DIHED      =      3471.6755
 1-4 NB =      1038.0382  1-4 EEL =     12298.9513  VDWAALS    =     14902.2901
 EELEC  =   -160534.6310  EHBOND  =         0.0000  RESTRAINT  =       431.0241
 EAMBER (non-restraint)  =   -125744.7261
 EKCMT  =     11183.7994  VIRIAL  =     10450.7030  VOLUME     =    416268.6523
                                                    Density    =         1.0196
 ------------------------------------------------------------------------------

wrapping first mol.:       27.17561       38.43211       66.56637
wrapping first mol.:       27.17561       38.43211       66.56637

 NSTEP =    42000   TIME(PS) =     524.000  TEMP(K) =   298.78  PRESS =   192.8
 Etot   =   -100104.0782  EKtot   =     25471.8281  EPtot      =   -125575.9064
 BOND   =       818.2984  ANGLE   =      2284.9180  DIHED      =      3483.4578
 1-4 NB =      1024.9837  1-4 EEL =     12295.8415  VDWAALS    =     15097.5593
 EELEC  =   -160969.1802  EHBOND  =         0.0000  RESTRAINT  =       388.2152
 EAMBER (non-restraint)  =   -125964.1215
 EKCMT  =     11062.8651  VIRIAL  =      9326.6097  VOLUME     =    417130.6160
                                                    Density    =         1.0175
 ------------------------------------------------------------------------------

wrapping first mol.:       27.17917       38.43714       66.57508
wrapping first mol.:       27.17917       38.43714       66.57508

 NSTEP =    42500   TIME(PS) =     525.000  TEMP(K) =   299.26  PRESS =   102.1
 Etot   =    -99788.9657  EKtot   =     25512.5527  EPtot      =   -125301.5184
 BOND   =       812.2176  ANGLE   =      2301.4950  DIHED      =      3505.6208
 1-4 NB =      1031.2120  1-4 EEL =     12298.1374  VDWAALS    =     14933.1570
 EELEC  =   -160611.1021  EHBOND  =         0.0000  RESTRAINT  =       427.7440
 EAMBER (non-restraint)  =   -125729.2624
 EKCMT  =     11153.2260  VIRIAL  =     10233.3177  VOLUME     =    417297.8861
                                                    Density    =         1.0171
 ------------------------------------------------------------------------------

wrapping first mol.:       27.17689       38.43393       66.56951
wrapping first mol.:       27.17689       38.43393       66.56951

 NSTEP =    43000   TIME(PS) =     526.000  TEMP(K) =   298.52  PRESS =   -48.8
 Etot   =   -100153.5422  EKtot   =     25450.2070  EPtot      =   -125603.7492
 BOND   =       803.5582  ANGLE   =      2240.6451  DIHED      =      3480.9588
 1-4 NB =      1060.4997  1-4 EEL =     12295.4763  VDWAALS    =     15113.6033
 EELEC  =   -160998.5065  EHBOND  =         0.0000  RESTRAINT  =       400.0160
 EAMBER (non-restraint)  =   -126003.7652
 EKCMT  =     11072.5667  VIRIAL  =     11512.5873  VOLUME     =    417198.6724
                                                    Density    =         1.0173
 ------------------------------------------------------------------------------

wrapping first mol.:       27.18958       38.45187       66.60058
wrapping first mol.:       27.18958       38.45187       66.60058

 NSTEP =    43500   TIME(PS) =     527.000  TEMP(K) =   301.24  PRESS =   -88.7
 Etot   =    -99643.0373  EKtot   =     25681.4102  EPtot      =   -125324.4475
 BOND   =       823.0084  ANGLE   =      2350.5316  DIHED      =      3455.4693
 1-4 NB =      1013.2647  1-4 EEL =     12293.0708  VDWAALS    =     14813.3948
 EELEC  =   -160464.8609  EHBOND  =         0.0000  RESTRAINT  =       391.6739
 EAMBER (non-restraint)  =   -125716.1213
 EKCMT  =     11250.2705  VIRIAL  =     12050.1870  VOLUME     =    417784.6640
                                                    Density    =         1.0159
 ------------------------------------------------------------------------------

wrapping first mol.:       27.18349       38.44326       66.58568
wrapping first mol.:       27.18349       38.44326       66.58568

 NSTEP =    44000   TIME(PS) =     528.000  TEMP(K) =   300.26  PRESS =   -94.2
 Etot   =    -99744.2787  EKtot   =     25598.3203  EPtot      =   -125342.5990
 BOND   =       810.4270  ANGLE   =      2260.5267  DIHED      =      3502.0351
 1-4 NB =      1037.7959  1-4 EEL =     12306.5612  VDWAALS    =     14708.2526
 EELEC  =   -160381.6202  EHBOND  =         0.0000  RESTRAINT  =       413.4226
 EAMBER (non-restraint)  =   -125756.0216
 EKCMT  =     11112.8693  VIRIAL  =     11962.3053  VOLUME     =    417504.5313
                                                    Density    =         1.0166
 ------------------------------------------------------------------------------

wrapping first mol.:       27.16993       38.42408       66.55245
wrapping first mol.:       27.16993       38.42408       66.55245

 NSTEP =    44500   TIME(PS) =     529.000  TEMP(K) =   303.30  PRESS =   111.7
 Etot   =    -99384.8834  EKtot   =     25857.3750  EPtot      =   -125242.2584
 BOND   =       853.5749  ANGLE   =      2273.6175  DIHED      =      3471.3369
 1-4 NB =      1028.6484  1-4 EEL =     12262.6623  VDWAALS    =     14895.5135
 EELEC  =   -160436.6426  EHBOND  =         0.0000  RESTRAINT  =       409.0306
 EAMBER (non-restraint)  =   -125651.2891
 EKCMT  =     11214.9959  VIRIAL  =     10209.8337  VOLUME     =    416872.1519
                                                    Density    =         1.0181
 ------------------------------------------------------------------------------

wrapping first mol.:       27.17108       38.42571       66.55529
wrapping first mol.:       27.17108       38.42571       66.55529

 NSTEP =    45000   TIME(PS) =     530.000  TEMP(K) =   297.16  PRESS =   316.7
 Etot   =   -100092.4038  EKtot   =     25333.7031  EPtot      =   -125426.1069
 BOND   =       791.6051  ANGLE   =      2341.1950  DIHED      =      3474.1732
 1-4 NB =      1023.9109  1-4 EEL =     12322.3306  VDWAALS    =     15236.4680
 EELEC  =   -161043.3810  EHBOND  =         0.0000  RESTRAINT  =       427.5912
 EAMBER (non-restraint)  =   -125853.6981
 EKCMT  =     10996.8006  VIRIAL  =      8146.1297  VOLUME     =    416917.7410
                                                    Density    =         1.0180
 ------------------------------------------------------------------------------

wrapping first mol.:       27.16848       38.42203       66.54891
wrapping first mol.:       27.16848       38.42203       66.54891

 NSTEP =    45500   TIME(PS) =     531.000  TEMP(K) =   298.54  PRESS =   -75.8
 Etot   =    -99910.4222  EKtot   =     25451.8730  EPtot      =   -125362.2952
 BOND   =       859.2660  ANGLE   =      2261.4214  DIHED      =      3462.5539
 1-4 NB =      1017.3207  1-4 EEL =     12304.3241  VDWAALS    =     14858.3632
 EELEC  =   -160532.6540  EHBOND  =         0.0000  RESTRAINT  =       407.1096
 EAMBER (non-restraint)  =   -125769.4048
 EKCMT  =     11104.3394  VIRIAL  =     11786.2337  VOLUME     =    416812.4915
                                                    Density    =         1.0183
 ------------------------------------------------------------------------------

wrapping first mol.:       27.17255       38.42778       66.55887
wrapping first mol.:       27.17255       38.42778       66.55887

 NSTEP =    46000   TIME(PS) =     532.000  TEMP(K) =   300.56  PRESS =    41.4
 Etot   =    -99558.5515  EKtot   =     25624.1992  EPtot      =   -125182.7507
 BOND   =       868.6060  ANGLE   =      2244.2892  DIHED      =      3500.1324
 1-4 NB =      1011.0522  1-4 EEL =     12286.4462  VDWAALS    =     14951.7224
 EELEC  =   -160477.5438  EHBOND  =         0.0000  RESTRAINT  =       432.5447
 EAMBER (non-restraint)  =   -125615.2954
 EKCMT  =     11101.2726  VIRIAL  =     10728.4096  VOLUME     =    416995.2875
                                                    Density    =         1.0178
 ------------------------------------------------------------------------------

wrapping first mol.:       27.16584       38.41830       66.54244
wrapping first mol.:       27.16584       38.41830       66.54244

 NSTEP =    46500   TIME(PS) =     533.000  TEMP(K) =   300.05  PRESS =    84.2
 Etot   =    -99810.1729  EKtot   =     25580.3008  EPtot      =   -125390.4736
 BOND   =       806.5714  ANGLE   =      2287.8304  DIHED      =      3482.7680
 1-4 NB =      1013.1204  1-4 EEL =     12273.3669  VDWAALS    =     14818.2640
 EELEC  =   -160472.2734  EHBOND  =         0.0000  RESTRAINT  =       399.8787
 EAMBER (non-restraint)  =   -125790.3523
 EKCMT  =     11036.7073  VIRIAL  =     10279.5966  VOLUME     =    416684.9533
                                                    Density    =         1.0186
 ------------------------------------------------------------------------------

wrapping first mol.:       27.15567       38.40392       66.51753
wrapping first mol.:       27.15567       38.40392       66.51753

 NSTEP =    47000   TIME(PS) =     534.000  TEMP(K) =   301.12  PRESS =  -239.8
 Etot   =    -99805.1315  EKtot   =     25671.9258  EPtot      =   -125477.0573
 BOND   =       818.5930  ANGLE   =      2273.0729  DIHED      =      3500.0582
 1-4 NB =      1021.8853  1-4 EEL =     12265.2720  VDWAALS    =     14772.5114
 EELEC  =   -160541.8569  EHBOND  =         0.0000  RESTRAINT  =       413.4069
 EAMBER (non-restraint)  =   -125890.4642
 EKCMT  =     11132.7868  VIRIAL  =     13288.0464  VOLUME     =    416229.2879
                                                    Density    =         1.0197
 ------------------------------------------------------------------------------

wrapping first mol.:       27.16175       38.41251       66.53242
wrapping first mol.:       27.16175       38.41251       66.53242

 NSTEP =    47500   TIME(PS) =     535.000  TEMP(K) =   300.21  PRESS =   200.6
 Etot   =    -99730.7396  EKtot   =     25593.6367  EPtot      =   -125324.3763
 BOND   =       827.1429  ANGLE   =      2285.1880  DIHED      =      3490.5283
 1-4 NB =      1043.8162  1-4 EEL =     12274.9551  VDWAALS    =     14950.6337
 EELEC  =   -160604.8941  EHBOND  =         0.0000  RESTRAINT  =       408.2537
 EAMBER (non-restraint)  =   -125732.6299
 EKCMT  =     11159.4519  VIRIAL  =      9355.6765  VOLUME     =    416492.4418
                                                    Density    =         1.0191
 ------------------------------------------------------------------------------

wrapping first mol.:       27.16753       38.42069       66.54659
wrapping first mol.:       27.16753       38.42069       66.54659

 NSTEP =    48000   TIME(PS) =     536.000  TEMP(K) =   298.80  PRESS =    63.0
 Etot   =   -100000.0178  EKtot   =     25473.6641  EPtot      =   -125473.6819
 BOND   =       821.0352  ANGLE   =      2255.9055  DIHED      =      3462.9559
 1-4 NB =      1016.9129  1-4 EEL =     12354.4241  VDWAALS    =     15018.2871
 EELEC  =   -160794.3371  EHBOND  =         0.0000  RESTRAINT  =       391.1344
 EAMBER (non-restraint)  =   -125864.8163
 EKCMT  =     11027.7200  VIRIAL  =     10460.8237  VOLUME     =    416763.7156
                                                    Density    =         1.0184
 ------------------------------------------------------------------------------

wrapping first mol.:       27.15965       38.40955       66.52728
wrapping first mol.:       27.15965       38.40955       66.52728

 NSTEP =    48500   TIME(PS) =     537.000  TEMP(K) =   300.87  PRESS =    74.6
 Etot   =   -100202.1007  EKtot   =     25649.8633  EPtot      =   -125851.9640
 BOND   =       818.3355  ANGLE   =      2274.2965  DIHED      =      3502.4475
 1-4 NB =      1030.1109  1-4 EEL =     12284.3341  VDWAALS    =     15009.3331
 EELEC  =   -161188.4251  EHBOND  =         0.0000  RESTRAINT  =       417.6036
 EAMBER (non-restraint)  =   -126269.5676
 EKCMT  =     11159.9928  VIRIAL  =     10489.1865  VOLUME     =    416400.7015
                                                    Density    =         1.0193
 ------------------------------------------------------------------------------

wrapping first mol.:       27.15330       38.40056       66.51172
wrapping first mol.:       27.15330       38.40056       66.51172

 NSTEP =    49000   TIME(PS) =     538.000  TEMP(K) =   300.00  PRESS =   165.8
 Etot   =    -99559.5652  EKtot   =     25575.6250  EPtot      =   -125135.1902
 BOND   =       852.2143  ANGLE   =      2347.3468  DIHED      =      3482.2886
 1-4 NB =      1055.8204  1-4 EEL =     12297.7278  VDWAALS    =     15117.6980
 EELEC  =   -160699.7205  EHBOND  =         0.0000  RESTRAINT  =       411.4345
 EAMBER (non-restraint)  =   -125546.6247
 EKCMT  =     11135.4026  VIRIAL  =      9645.4451  VOLUME     =    416105.1579
                                                    Density    =         1.0200
 ------------------------------------------------------------------------------

wrapping first mol.:       27.15787       38.40703       66.52292
wrapping first mol.:       27.15787       38.40703       66.52292

 NSTEP =    49500   TIME(PS) =     539.000  TEMP(K) =   300.69  PRESS =    26.1
 Etot   =   -100018.9952  EKtot   =     25635.2598  EPtot      =   -125654.2550
 BOND   =       832.9110  ANGLE   =      2248.2735  DIHED      =      3476.0737
 1-4 NB =      1037.5959  1-4 EEL =     12277.2771  VDWAALS    =     14906.7856
 EELEC  =   -160848.3756  EHBOND  =         0.0000  RESTRAINT  =       415.2038
 EAMBER (non-restraint)  =   -126069.4588
 EKCMT  =     11191.1262  VIRIAL  =     10956.1340  VOLUME     =    416320.5209
                                                    Density    =         1.0195
 ------------------------------------------------------------------------------

wrapping first mol.:       27.17296       38.42836       66.55987
wrapping first mol.:       27.17296       38.42836       66.55987

 NSTEP =    50000   TIME(PS) =     540.000  TEMP(K) =   300.73  PRESS =  -217.6
 Etot   =   -100000.8984  EKtot   =     25637.8750  EPtot      =   -125638.7734
 BOND   =       800.0627  ANGLE   =      2297.8629  DIHED      =      3508.2394
 1-4 NB =      1011.8835  1-4 EEL =     12271.2598  VDWAALS    =     15087.2742
 EELEC  =   -161027.7175  EHBOND  =         0.0000  RESTRAINT  =       412.3616
 EAMBER (non-restraint)  =   -126051.1350
 EKCMT  =     11112.6640  VIRIAL  =     13071.8334  VOLUME     =    417023.7699
                                                    Density    =         1.0178
 ------------------------------------------------------------------------------


      A V E R A G E S   O V E R     100 S T E P S


 NSTEP =    50000   TIME(PS) =     540.000  TEMP(K) =   299.84  PRESS =   -13.3
 Etot   =    -99795.1086  EKtot   =     25562.0804  EPtot      =   -125357.1890
 BOND   =       831.3354  ANGLE   =      2290.7396  DIHED      =      3487.7012
 1-4 NB =      1023.2770  1-4 EEL =     12284.2115  VDWAALS    =     14909.0159
 EELEC  =   -160589.1022  EHBOND  =         0.0000  RESTRAINT  =       405.6326
 EAMBER (non-restraint)  =   -125762.8217
 EKCMT  =     11132.2269  VIRIAL  =     11251.7322  VOLUME     =    417179.7922
                                                    Density    =         1.0174
 ------------------------------------------------------------------------------


      R M S  F L U C T U A T I O N S


 NSTEP =    50000   TIME(PS) =     540.000  TEMP(K) =     1.32  PRESS =   124.4
 Etot   =       191.3917  EKtot   =       112.7483  EPtot      =       158.6632
 BOND   =        24.8583  ANGLE   =        37.1574  DIHED      =        17.3085
 1-4 NB =        12.8724  1-4 EEL =        30.5253  VDWAALS    =       151.0542
 EELEC  =       248.4656  EHBOND  =         0.0000  RESTRAINT  =        11.1170
 EAMBER (non-restraint)  =       147.5463
 EKCMT  =        79.0959  VIRIAL  =      1125.0781  VOLUME     =       577.8850
                                                    Density    =         0.0014
 ------------------------------------------------------------------------------

--------------------------------------------------------------------------------
   5.  TIMINGS
--------------------------------------------------------------------------------

|  NonSetup CPU Time in Major Routines:
|
|     Routine           Sec        %
|     ------------------------------
|     Nonbond         240.22   88.72
|     Bond              0.00    0.00
|     Angle             0.00    0.00
|     Dihedral          0.00    0.00
|     Shake             0.26    0.10
|     RunMD            30.23   11.16
|     Other             0.04    0.01
|     ------------------------------
|     Total           270.75

|  PME Nonbond Pairlist CPU Time:
|
|     Routine              Sec        %
|     ---------------------------------
|     Set Up Cit           0.00    0.00
|     Build List           0.00    0.00
|     ---------------------------------
|     Total                0.00    0.00

|  PME Direct Force CPU Time:
|
|     Routine              Sec        %
|     ---------------------------------
|     NonBonded Calc       0.00    0.00
|     Exclude Masked       0.00    0.00
|     Other                0.01    0.00
|     ---------------------------------
|     Total                0.01    0.00

|  PME Reciprocal Force CPU Time:
|
|     Routine              Sec        %
|     ---------------------------------
|     1D bspline           0.00    0.00
|     Grid Charges         0.00    0.00
|     Scalar Sum           0.00    0.00
|     Gradient Sum         0.00    0.00
|     FFT                  0.00    0.00
|     ---------------------------------
|     Total                0.00    0.00

|  Final Performance Info:
|     -----------------------------------------------------
|     Average timings for last   10500 steps:
|     Elapsed(s) =      56.96 Per Step(ms) =       5.42
|         ns/day =      31.86   seconds/ns =    2712.28
|
|     Average timings for all steps:
|     Elapsed(s) =     416.30 Per Step(ms) =       8.33
|         ns/day =      20.75   seconds/ns =    4162.97
|     -----------------------------------------------------

|  Setup CPU time:            0.64 seconds
|  NonSetup CPU time:       270.75 seconds
|  Total CPU time:          271.39 seconds     0.08 hours

|  Setup wall time:           1    seconds
|  NonSetup wall time:      416    seconds
|  Total wall time:         417    seconds     0.12 hours
