
          -------------------------------------------------------
          Amber 16 PMEMD                              2016
          -------------------------------------------------------

| PMEMD implementation of SANDER, Release 16

| Run on 11/03/2016 at 17:45:11

|   Executable path: pmemd.cuda
| Working directory: /home/german/exs/run/1m14/mhe/e
|          Hostname: Unknown
  [-O]verwriting output

File Assignments:
|   MDIN: 7equ.in                                                               
|  MDOUT: 7equ.out                                                              
| INPCRD: 6e1m14.rst7                                                           
|   PARM: 1m14.prmtop                                                           
| RESTRT: 7e1m14.rst7                                                           
|   REFC: 6e1m14.rst7                                                           
|  MDVEL: mdvel                                                                 
|   MDEN: mden                                                                  
|  MDCRD: 7e1m14.nc                                                             
| MDINFO: mdinfo                                                                
|  MDFRC: mdfrc                                                                 


 Here is the input file:

Equilibration with solute restrictions                                         
&cntrl                                                                         
imin = 0,                           ! No Minimization                          
nmropt = 0,                         ! No NMR restraints read                   
                                                                               
! Nature and format of the input                                               
ntx = 5,                            ! Coordinates but no velocities will be rea
irest = 1,                          ! Do not run a new simulation              
                                                                               
! Nature and format of the output                                              
ntxo = 1,                           ! rstrt file in ASCII format               
ntpr = 500,                         ! inf in output every ntpr steps           
ntwr = 500,                         ! rstrt file every ntwr steps              
ntwx = 500,                         ! mdcrd file every ntwx steps              
ntwv = 0,                           ! mdvel without velocities                 
ntwe = 0,                           ! Energies and temperatures not written in 
idecomp = 0,                        ! No energy decomposition                  
iwrap = 1,                          ! Coordinates of the restart and mdcrd file
                                                                               
! Frozen or restrained atoms                                                   
ibelly = 0,                         ! No frozen atoms                          
ntr=1,                              ! Harmonic potential restraints            
restraint_wt = 20.0,                ! The weight for the positional restraints 
restraintmask = ':1-277@N,CA,C,O',  ! restrained residues                      
                                                                               
! Molecular dynamics                                                           
nstlim = 50000,                     ! Number of MD-steps                       
dt = 0.002,                         ! Time step                                
                                                                               
! Temperature regulation                                                       
ntt = 3,                            ! Langevin thermostat                      
gamma_ln = 5,                       ! Gamma constant for Langevin              
!temp0 = 300.0,                     ! Reference T at which the system is to be 
tempi = 300.0,                      ! Initial T                                
ig = -1,                            ! Seed for the RNG                         
                                                                               
! P and V regulation                                                           
ntp = 1,                            ! Constant P. Isotropic scaling            
barostat = 1,                       ! Berendsen barostat                       
taup = 1,                           ! Pressure relaxation time                 
nrespa = 1,                         ! Evaluate at each step                    
ntb = 2,                            ! Periodic box for constant P              
                                                                               
! SHAKE variables                                                              
ntc = 2,                            ! Bonds involving H are constrained        
ntf = 2,                            ! Bond interaction involving H are ommited.
                                                                               
cut = 10.0,                         ! Nonbonded cutoff                         
/                                                                              
&end                                                                           


Note: ig = -1. Setting random seed to   359370 based on wallclock time in 
      microseconds.
 
|--------------------- INFORMATION ----------------------
| GPU (CUDA) Version of PMEMD in use: NVIDIA GPU IN USE.
|                    Version 16.0.0
| 
|                      02/25/2016
| 
| Implementation by:
|                    Ross C. Walker     (SDSC)
|                    Scott Le Grand     (nVIDIA)
| 
| Precision model in use:
|      [SPFP] - Single Precision Forces, 64-bit Fixed Point
|               Accumulation. (Default)
| 
|--------------------------------------------------------
 
|----------------- CITATION INFORMATION -----------------
|
|    When publishing work that utilized the CUDA version
|    of AMBER, please cite the following in addition to
|    the regular AMBER citations:
|
|  - Romelia Salomon-Ferrer; Andreas W. Goetz; Duncan
|    Poole; Scott Le Grand; Ross C. Walker "Routine
|    microsecond molecular dynamics simulations with
|    AMBER - Part II: Particle Mesh Ewald", J. Chem.
|    Theory Comput., 2013, 9 (9), pp3878-3888,
|    DOI: 10.1021/ct400314y.
|
|  - Andreas W. Goetz; Mark J. Williamson; Dong Xu;
|    Duncan Poole; Scott Le Grand; Ross C. Walker
|    "Routine microsecond molecular dynamics simulations
|    with AMBER - Part I: Generalized Born", J. Chem.
|    Theory Comput., 2012, 8 (5), pp1542-1555.
|
|  - Scott Le Grand; Andreas W. Goetz; Ross C. Walker
|    "SPFP: Speed without compromise - a mixed precision
|    model for GPU accelerated molecular dynamics
|    simulations.", Comp. Phys. Comm., 2013, 184
|    pp374-380, DOI: 10.1016/j.cpc.2012.09.022
|
|--------------------------------------------------------
 
|------------------- GPU DEVICE INFO --------------------
|
|            CUDA_VISIBLE_DEVICES: 1
|   CUDA Capable Devices Detected:      1
|           CUDA Device ID in use:      0
|                CUDA Device Name: GeForce GTX 1060 6GB
|     CUDA Device Global Mem Size:   6072 MB
| CUDA Device Num Multiprocessors:     10
|           CUDA Device Core Freq:   1.76 GHz
|
|--------------------------------------------------------
 
 
| Conditional Compilation Defines Used:
| PUBFFT
| BINTRAJ
| CUDA
| EMIL

| Largest sphere to fit in unit cell has radius =    33.302

| New format PARM file being parsed.
| Version =    1.000 Date = 11/02/16 Time = 18:58:44

| Note: 1-4 EEL scale factors are being read from the topology file.

| Note: 1-4 VDW scale factors are being read from the topology file.
| Duplicated    0 dihedrals

| Duplicated    0 dihedrals

--------------------------------------------------------------------------------
   1.  RESOURCE   USE: 
--------------------------------------------------------------------------------

 getting new box info from bottom of inpcrd
 NATOM  =   41788 NTYPES =      17 NBONH =   39561 MBONA  =    2274
 NTHETH =    5230 MTHETA =    3076 NPHIH =   10294 MPHIA  =    9773
 NHPARM =       0 NPARM  =       0 NNB   =   74758 NRES   =   12704
 NBONA  =    2274 NTHETA =    3076 NPHIA =    9773 NUMBND =      71
 NUMANG =     161 NPTRA  =     201 NATYP =      37 NPHB   =       1
 IFBOX  =       2 NMXRS  =      24 IFCAP =       0 NEXTRA =       0
 NCOPY  =       0

| Coordinate Index Table dimensions:    13   13   13
| Direct force subcell size =     6.2748    6.2748    6.2748

     BOX TYPE: TRUNCATED OCTAHEDRON

--------------------------------------------------------------------------------
   2.  CONTROL  DATA  FOR  THE  RUN
--------------------------------------------------------------------------------

default_name                                                                    

General flags:
     imin    =       0, nmropt  =       0

Nature and format of input:
     ntx     =       5, irest   =       1, ntrx    =       1

Nature and format of output:
     ntxo    =       1, ntpr    =     500, ntrx    =       1, ntwr    =     500
     iwrap   =       1, ntwx    =     500, ntwv    =       0, ntwe    =       0
     ioutfm  =       1, ntwprt  =       0, idecomp =       0, rbornstat=      0

Potential function:
     ntf     =       2, ntb     =       2, igb     =       0, nsnb    =      25
     ipol    =       0, gbsa    =       0, iesp    =       0
     dielc   =   1.00000, cut     =  10.00000, intdiel =   1.00000

Frozen or restrained atoms:
     ibelly  =       0, ntr     =       1
     restraint_wt =  20.00000

Molecular dynamics:
     nstlim  =     50000, nscm    =         0, nrespa  =         1
     t       =   0.00000, dt      =   0.00200, vlimit  =  -1.00000

Langevin dynamics temperature regulation:
     ig      =  359370
     temp0   = 300.00000, tempi   = 300.00000, gamma_ln=   5.00000

Pressure regulation:
     ntp     =       1
     pres0   =   1.00000, comp    =  44.60000, taup    =   1.00000

SHAKE:
     ntc     =       2, jfastw  =       0
     tol     =   0.00001

| Intermolecular bonds treatment:
|     no_intermolecular_bonds =       1

| Energy averages sample interval:
|     ene_avg_sampling =     500

Ewald parameters:
     verbose =       0, ew_type =       0, nbflag  =       1, use_pme =       1
     vdwmeth =       1, eedmeth =       1, netfrc  =       1
     Box X =   81.572   Box Y =   81.572   Box Z =   81.572
     Alpha =  109.471   Beta  =  109.471   Gamma =  109.471
     NFFT1 =   84       NFFT2 =   84       NFFT3 =   84
     Cutoff=   10.000   Tol   =0.100E-04
     Ewald Coefficient =  0.27511
     Interpolation order =    4

    LOADING THE CONSTRAINED ATOMS AS GROUPS


   5.  REFERENCE ATOM COORDINATES

  default_name                                                                    
     Mask :1-277@N,CA,C,O; matches  1108 atoms

--------------------------------------------------------------------------------
   3.  ATOMIC COORDINATES AND VELOCITIES
--------------------------------------------------------------------------------

default_name                                                                    
 begin time read from input coords =   740.000 ps

 
 Number of triangulated 3-point waters found:    12424

     Sum of charges from parm topology file =  -0.00000014
     Forcing neutrality...

| Dynamic Memory, Types Used:
| Reals             1922650
| Integers          1476360

| Nonbonded Pairs Initial Allocation:    12639825

| GPU memory information (estimate):
| KB of GPU memory in use:    333977
| KB of CPU memory in use:     63449

--------------------------------------------------------------------------------
   4.  RESULTS
--------------------------------------------------------------------------------

 ---------------------------------------------------
 APPROXIMATING switch and d/dx switch using CUBIC SPLINE INTERPOLATION
 using   5000.0 points per unit in tabled values
 TESTING RELATIVE ERROR over r ranging from 0.0 to cutoff
| CHECK switch(x): max rel err =   0.2738E-14   at   2.422500
| CHECK d/dx switch(x): max rel err =   0.8314E-11   at   2.736960
 ---------------------------------------------------
|---------------------------------------------------
| APPROXIMATING direct energy using CUBIC SPLINE INTERPOLATION
|  with   50.0 points per unit in tabled values
| Relative Error Limit not exceeded for r .gt.   2.33
| APPROXIMATING direct force using CUBIC SPLINE INTERPOLATION
|  with   50.0 points per unit in tabled values
| Relative Error Limit not exceeded for r .gt.   2.80
|---------------------------------------------------
wrapping first mol.:       27.18080       38.43946       66.57909
wrapping first mol.:       27.18080       38.43946       66.57909

 NSTEP =      500   TIME(PS) =     741.000  TEMP(K) =   301.74  PRESS =    33.6
 Etot   =    -99778.9813  EKtot   =     25724.1172  EPtot      =   -125503.0985
 BOND   =       851.2993  ANGLE   =      2368.7274  DIHED      =      3476.6826
 1-4 NB =      1012.5779  1-4 EEL =     12339.4827  VDWAALS    =     15087.5930
 EELEC  =   -160987.3414  EHBOND  =         0.0000  RESTRAINT  =       347.8800
 EAMBER (non-restraint)  =   -125850.9785
 EKCMT  =     11279.2863  VIRIAL  =     10976.9403  VOLUME     =    417375.7662
                                                    Density    =         1.0169
 ------------------------------------------------------------------------------

wrapping first mol.:       27.16857       38.42215       66.54912
wrapping first mol.:       27.16857       38.42215       66.54912

 NSTEP =     1000   TIME(PS) =     742.000  TEMP(K) =   296.30  PRESS =  -304.9
 Etot   =   -100410.9182  EKtot   =     25260.7695  EPtot      =   -125671.6877
 BOND   =       808.1811  ANGLE   =      2317.6587  DIHED      =      3486.6847
 1-4 NB =      1039.4727  1-4 EEL =     12303.1365  VDWAALS    =     14633.6708
 EELEC  =   -160592.0335  EHBOND  =         0.0000  RESTRAINT  =       331.5413
 EAMBER (non-restraint)  =   -126003.2290
 EKCMT  =     11075.8101  VIRIAL  =     13819.6555  VOLUME     =    416824.9401
                                                    Density    =         1.0182
 ------------------------------------------------------------------------------

wrapping first mol.:       27.16745       38.42057       66.54637
wrapping first mol.:       27.16745       38.42057       66.54637

 NSTEP =     1500   TIME(PS) =     743.000  TEMP(K) =   299.48  PRESS =     4.9
 Etot   =   -100191.1197  EKtot   =     25531.7344  EPtot      =   -125722.8540
 BOND   =       875.3086  ANGLE   =      2364.0039  DIHED      =      3480.7137
 1-4 NB =      1032.9616  1-4 EEL =     12301.7799  VDWAALS    =     15193.1465
 EELEC  =   -161303.5304  EHBOND  =         0.0000  RESTRAINT  =       332.7622
 EAMBER (non-restraint)  =   -126055.6162
 EKCMT  =     11252.2891  VIRIAL  =     11208.4437  VOLUME     =    416761.8599
                                                    Density    =         1.0184
 ------------------------------------------------------------------------------

wrapping first mol.:       27.16766       38.42087       66.54690
wrapping first mol.:       27.16766       38.42087       66.54690

 NSTEP =     2000   TIME(PS) =     744.000  TEMP(K) =   298.75  PRESS =  -180.0
 Etot   =   -100186.2038  EKtot   =     25469.7031  EPtot      =   -125655.9069
 BOND   =       803.0355  ANGLE   =      2301.1998  DIHED      =      3475.1052
 1-4 NB =      1002.5030  1-4 EEL =     12335.5859  VDWAALS    =     14908.5860
 EELEC  =   -160825.0003  EHBOND  =         0.0000  RESTRAINT  =       343.0779
 EAMBER (non-restraint)  =   -125998.9848
 EKCMT  =     11056.2102  VIRIAL  =     12675.7153  VOLUME     =    416778.5682
                                                    Density    =         1.0184
 ------------------------------------------------------------------------------

wrapping first mol.:       27.16158       38.41228       66.53201
wrapping first mol.:       27.16158       38.41228       66.53201

 NSTEP =     2500   TIME(PS) =     745.000  TEMP(K) =   301.22  PRESS =  -128.4
 Etot   =   -100079.6302  EKtot   =     25679.9258  EPtot      =   -125759.5560
 BOND   =       867.9970  ANGLE   =      2306.4530  DIHED      =      3448.6503
 1-4 NB =      1015.8053  1-4 EEL =     12286.6648  VDWAALS    =     14785.1132
 EELEC  =   -160804.1623  EHBOND  =         0.0000  RESTRAINT  =       333.9228
 EAMBER (non-restraint)  =   -126093.4788
 EKCMT  =     11198.6503  VIRIAL  =     12353.5808  VOLUME     =    416497.1062
                                                    Density    =         1.0190
 ------------------------------------------------------------------------------

wrapping first mol.:       27.17219       38.42728       66.55800
wrapping first mol.:       27.17219       38.42728       66.55800

 NSTEP =     3000   TIME(PS) =     746.000  TEMP(K) =   299.02  PRESS =  -208.1
 Etot   =   -100190.8973  EKtot   =     25492.1113  EPtot      =   -125683.0086
 BOND   =       816.8680  ANGLE   =      2246.5197  DIHED      =      3474.7240
 1-4 NB =      1032.8829  1-4 EEL =     12303.9860  VDWAALS    =     14948.0983
 EELEC  =   -160841.0220  EHBOND  =         0.0000  RESTRAINT  =       334.9344
 EAMBER (non-restraint)  =   -126017.9430
 EKCMT  =     11033.2386  VIRIAL  =     12906.5920  VOLUME     =    416988.3614
                                                    Density    =         1.0178
 ------------------------------------------------------------------------------

wrapping first mol.:       27.16774       38.42098       66.54708
wrapping first mol.:       27.16774       38.42098       66.54708

 NSTEP =     3500   TIME(PS) =     747.000  TEMP(K) =   300.81  PRESS =   117.2
 Etot   =    -99741.4876  EKtot   =     25644.7188  EPtot      =   -125386.2064
 BOND   =       821.7311  ANGLE   =      2298.0767  DIHED      =      3495.8111
 1-4 NB =      1017.5025  1-4 EEL =     12334.2578  VDWAALS    =     15204.4951
 EELEC  =   -160895.4453  EHBOND  =         0.0000  RESTRAINT  =       337.3645
 EAMBER (non-restraint)  =   -125723.5709
 EKCMT  =     11210.8365  VIRIAL  =     10156.2511  VOLUME     =    416771.0150
                                                    Density    =         1.0184
 ------------------------------------------------------------------------------

wrapping first mol.:       27.17313       38.42861       66.56029
wrapping first mol.:       27.17313       38.42861       66.56029

 NSTEP =     4000   TIME(PS) =     748.000  TEMP(K) =   297.65  PRESS =  -222.2
 Etot   =    -99986.4528  EKtot   =     25375.4062  EPtot      =   -125361.8590
 BOND   =       809.4835  ANGLE   =      2294.1294  DIHED      =      3451.3234
 1-4 NB =      1041.6151  1-4 EEL =     12285.7685  VDWAALS    =     14640.2764
 EELEC  =   -160208.2742  EHBOND  =         0.0000  RESTRAINT  =       323.8187
 EAMBER (non-restraint)  =   -125685.6778
 EKCMT  =     11028.6214  VIRIAL  =     13029.4744  VOLUME     =    417031.8880
                                                    Density    =         1.0177
 ------------------------------------------------------------------------------

wrapping first mol.:       27.17677       38.43376       66.56921
wrapping first mol.:       27.17677       38.43376       66.56921

 NSTEP =     4500   TIME(PS) =     749.000  TEMP(K) =   300.18  PRESS =     9.7
 Etot   =    -99913.5387  EKtot   =     25591.4355  EPtot      =   -125504.9742
 BOND   =       840.9774  ANGLE   =      2290.4471  DIHED      =      3502.5126
 1-4 NB =      1031.6785  1-4 EEL =     12285.0750  VDWAALS    =     14972.7707
 EELEC  =   -160769.7225  EHBOND  =         0.0000  RESTRAINT  =       341.2870
 EAMBER (non-restraint)  =   -125846.2612
 EKCMT  =     11229.5747  VIRIAL  =     11142.1723  VOLUME     =    417190.9693
                                                    Density    =         1.0173
 ------------------------------------------------------------------------------

wrapping first mol.:       27.18894       38.45096       66.59901
wrapping first mol.:       27.18894       38.45096       66.59901

 NSTEP =     5000   TIME(PS) =     750.000  TEMP(K) =   297.62  PRESS =    46.2
 Etot   =   -100132.5323  EKtot   =     25372.7715  EPtot      =   -125505.3038
 BOND   =       828.1246  ANGLE   =      2298.2588  DIHED      =      3488.5317
 1-4 NB =      1022.4089  1-4 EEL =     12314.3889  VDWAALS    =     15066.7857
 EELEC  =   -160873.0123  EHBOND  =         0.0000  RESTRAINT  =       349.2100
 EAMBER (non-restraint)  =   -125854.5138
 EKCMT  =     11053.5884  VIRIAL  =     10637.2961  VOLUME     =    417750.0710
                                                    Density    =         1.0160
 ------------------------------------------------------------------------------

wrapping first mol.:       27.18689       38.44807       66.59400
wrapping first mol.:       27.18689       38.44807       66.59400

 NSTEP =     5500   TIME(PS) =     751.000  TEMP(K) =   299.98  PRESS =   -75.8
 Etot   =   -100062.5134  EKtot   =     25574.0059  EPtot      =   -125636.5193
 BOND   =       837.8349  ANGLE   =      2282.3515  DIHED      =      3488.2092
 1-4 NB =      1030.2756  1-4 EEL =     12321.4417  VDWAALS    =     14926.6008
 EELEC  =   -160847.4043  EHBOND  =         0.0000  RESTRAINT  =       324.1713
 EAMBER (non-restraint)  =   -125960.6906
 EKCMT  =     11091.6352  VIRIAL  =     11774.7662  VOLUME     =    417660.3907
                                                    Density    =         1.0162
 ------------------------------------------------------------------------------

wrapping first mol.:       27.18965       38.45197       66.60076
wrapping first mol.:       27.18965       38.45197       66.60076

 NSTEP =     6000   TIME(PS) =     752.000  TEMP(K) =   300.71  PRESS =   267.9
 Etot   =    -99791.9287  EKtot   =     25636.3320  EPtot      =   -125428.2607
 BOND   =       845.6509  ANGLE   =      2323.9772  DIHED      =      3481.5290
 1-4 NB =      1024.2897  1-4 EEL =     12299.8666  VDWAALS    =     15232.2163
 EELEC  =   -160974.9297  EHBOND  =         0.0000  RESTRAINT  =       339.1393
 EAMBER (non-restraint)  =   -125767.4000
 EKCMT  =     11201.5282  VIRIAL  =      8784.8003  VOLUME     =    417774.7963
                                                    Density    =         1.0159
 ------------------------------------------------------------------------------

wrapping first mol.:       27.19419       38.45839       66.61188
wrapping first mol.:       27.19419       38.45839       66.61188

 NSTEP =     6500   TIME(PS) =     753.000  TEMP(K) =   298.13  PRESS =    -9.0
 Etot   =    -99927.9536  EKtot   =     25416.3574  EPtot      =   -125344.3111
 BOND   =       849.2977  ANGLE   =      2372.3307  DIHED      =      3510.6493
 1-4 NB =      1040.9149  1-4 EEL =     12289.2313  VDWAALS    =     14842.9932
 EELEC  =   -160565.3776  EHBOND  =         0.0000  RESTRAINT  =       315.6494
 EAMBER (non-restraint)  =   -125659.9605
 EKCMT  =     11041.1972  VIRIAL  =     11122.1267  VOLUME     =    417994.3118
                                                    Density    =         1.0154
 ------------------------------------------------------------------------------

wrapping first mol.:       27.16218       38.41312       66.53347
wrapping first mol.:       27.16218       38.41312       66.53347

 NSTEP =     7000   TIME(PS) =     754.000  TEMP(K) =   300.43  PRESS =  -247.1
 Etot   =    -99573.1355  EKtot   =     25612.9141  EPtot      =   -125186.0496
 BOND   =       791.2951  ANGLE   =      2316.4363  DIHED      =      3497.7945
 1-4 NB =      1044.0766  1-4 EEL =     12306.1269  VDWAALS    =     14637.3713
 EELEC  =   -160107.3630  EHBOND  =         0.0000  RESTRAINT  =       328.2129
 EAMBER (non-restraint)  =   -125514.2624
 EKCMT  =     11074.2361  VIRIAL  =     13296.4429  VOLUME     =    416528.7794
                                                    Density    =         1.0190
 ------------------------------------------------------------------------------

wrapping first mol.:       27.17309       38.42855       66.56019
wrapping first mol.:       27.17309       38.42855       66.56019

 NSTEP =     7500   TIME(PS) =     755.000  TEMP(K) =   298.92  PRESS =   -98.7
 Etot   =    -99924.0333  EKtot   =     25484.1387  EPtot      =   -125408.1720
 BOND   =       831.6557  ANGLE   =      2321.5830  DIHED      =      3474.4906
 1-4 NB =      1023.7708  1-4 EEL =     12316.3186  VDWAALS    =     14764.7572
 EELEC  =   -160476.5575  EHBOND  =         0.0000  RESTRAINT  =       335.8096
 EAMBER (non-restraint)  =   -125743.9815
 EKCMT  =     11142.8248  VIRIAL  =     12031.0861  VOLUME     =    417025.3906
                                                    Density    =         1.0177
 ------------------------------------------------------------------------------

wrapping first mol.:       27.17243       38.42762       66.55859
wrapping first mol.:       27.17243       38.42762       66.55859

 NSTEP =     8000   TIME(PS) =     756.000  TEMP(K) =   297.41  PRESS =    -9.3
 Etot   =   -100280.9230  EKtot   =     25355.2461  EPtot      =   -125636.1691
 BOND   =       846.7100  ANGLE   =      2344.2082  DIHED      =      3484.8417
 1-4 NB =      1013.7999  1-4 EEL =     12306.7291  VDWAALS    =     14801.0474
 EELEC  =   -160775.1678  EHBOND  =         0.0000  RESTRAINT  =       341.6624
 EAMBER (non-restraint)  =   -125977.8315
 EKCMT  =     11107.0386  VIRIAL  =     11190.8407  VOLUME     =    416992.0067
                                                    Density    =         1.0178
 ------------------------------------------------------------------------------

wrapping first mol.:       27.17208       38.42713       66.55773
wrapping first mol.:       27.17208       38.42713       66.55773

 NSTEP =     8500   TIME(PS) =     757.000  TEMP(K) =   302.31  PRESS =   248.7
 Etot   =    -99647.0520  EKtot   =     25772.8027  EPtot      =   -125419.8548
 BOND   =       803.7170  ANGLE   =      2354.6420  DIHED      =      3513.1612
 1-4 NB =      1021.7116  1-4 EEL =     12296.5116  VDWAALS    =     15091.3853
 EELEC  =   -160843.9102  EHBOND  =         0.0000  RESTRAINT  =       342.9267
 EAMBER (non-restraint)  =   -125762.7815
 EKCMT  =     11281.8633  VIRIAL  =      9043.0370  VOLUME     =    416966.2978
                                                    Density    =         1.0179
 ------------------------------------------------------------------------------

wrapping first mol.:       27.15671       38.40538       66.52007
wrapping first mol.:       27.15671       38.40538       66.52007

 NSTEP =     9000   TIME(PS) =     758.000  TEMP(K) =   301.61  PRESS =   -44.2
 Etot   =    -99869.6928  EKtot   =     25713.5645  EPtot      =   -125583.2572
 BOND   =       872.5889  ANGLE   =      2285.7565  DIHED      =      3461.5451
 1-4 NB =      1018.6035  1-4 EEL =     12296.9497  VDWAALS    =     14911.0664
 EELEC  =   -160755.6550  EHBOND  =         0.0000  RESTRAINT  =       325.8876
 EAMBER (non-restraint)  =   -125909.1448
 EKCMT  =     11220.0771  VIRIAL  =     11617.4091  VOLUME     =    416269.6223
                                                    Density    =         1.0196
 ------------------------------------------------------------------------------

wrapping first mol.:       27.15182       38.39847       66.50810
wrapping first mol.:       27.15182       38.39847       66.50810

 NSTEP =     9500   TIME(PS) =     759.000  TEMP(K) =   300.02  PRESS =   -89.3
 Etot   =    -99992.7245  EKtot   =     25577.9141  EPtot      =   -125570.6386
 BOND   =       842.2917  ANGLE   =      2410.1956  DIHED      =      3503.7714
 1-4 NB =       999.3400  1-4 EEL =     12268.7260  VDWAALS    =     14910.8282
 EELEC  =   -160818.9604  EHBOND  =         0.0000  RESTRAINT  =       313.1689
 EAMBER (non-restraint)  =   -125883.8075
 EKCMT  =     11150.8622  VIRIAL  =     11953.4780  VOLUME     =    416046.6214
                                                    Density    =         1.0201
 ------------------------------------------------------------------------------

wrapping first mol.:       27.15394       38.40147       66.51330
wrapping first mol.:       27.15394       38.40147       66.51330

 NSTEP =    10000   TIME(PS) =     760.000  TEMP(K) =   299.24  PRESS =    56.1
 Etot   =   -100364.7408  EKtot   =     25510.9473  EPtot      =   -125875.6880
 BOND   =       793.6106  ANGLE   =      2307.7743  DIHED      =      3468.7792
 1-4 NB =      1050.7224  1-4 EEL =     12356.4812  VDWAALS    =     15148.9333
 EELEC  =   -161344.9656  EHBOND  =         0.0000  RESTRAINT  =       342.9765
 EAMBER (non-restraint)  =   -126218.6646
 EKCMT  =     11104.5493  VIRIAL  =     10600.4576  VOLUME     =    416138.8645
                                                    Density    =         1.0199
 ------------------------------------------------------------------------------

wrapping first mol.:       27.16760       38.42079       66.54676
wrapping first mol.:       27.16760       38.42079       66.54676

 NSTEP =    10500   TIME(PS) =     761.000  TEMP(K) =   297.96  PRESS =    -7.8
 Etot   =   -100403.4965  EKtot   =     25401.8086  EPtot      =   -125805.3051
 BOND   =       825.6911  ANGLE   =      2319.8360  DIHED      =      3503.6980
 1-4 NB =      1012.0000  1-4 EEL =     12334.1453  VDWAALS    =     14955.4211
 EELEC  =   -161078.0144  EHBOND  =         0.0000  RESTRAINT  =       321.9179
 EAMBER (non-restraint)  =   -126127.2230
 EKCMT  =     11028.3685  VIRIAL  =     11098.1286  VOLUME     =    416769.6433
                                                    Density    =         1.0184
 ------------------------------------------------------------------------------

wrapping first mol.:       27.16096       38.41139       66.53048
wrapping first mol.:       27.16096       38.41139       66.53048

 NSTEP =    11000   TIME(PS) =     762.000  TEMP(K) =   300.73  PRESS =    71.3
 Etot   =    -99939.9173  EKtot   =     25638.4102  EPtot      =   -125578.3275
 BOND   =       837.2416  ANGLE   =      2340.6945  DIHED      =      3510.2657
 1-4 NB =      1015.6451  1-4 EEL =     12332.3935  VDWAALS    =     15241.9614
 EELEC  =   -161196.6489  EHBOND  =         0.0000  RESTRAINT  =       340.1196
 EAMBER (non-restraint)  =   -125918.4470
 EKCMT  =     11162.5876  VIRIAL  =     10521.0210  VOLUME     =    416460.7901
                                                    Density    =         1.0191
 ------------------------------------------------------------------------------

wrapping first mol.:       27.17012       38.42435       66.55292
wrapping first mol.:       27.17012       38.42435       66.55292

 NSTEP =    11500   TIME(PS) =     763.000  TEMP(K) =   299.20  PRESS =   119.6
 Etot   =    -99800.4421  EKtot   =     25507.4570  EPtot      =   -125307.8991
 BOND   =       822.5833  ANGLE   =      2328.8575  DIHED      =      3451.8283
 1-4 NB =      1036.3021  1-4 EEL =     12361.6960  VDWAALS    =     15057.3778
 EELEC  =   -160711.3491  EHBOND  =         0.0000  RESTRAINT  =       344.8050
 EAMBER (non-restraint)  =   -125652.7041
 EKCMT  =     11139.8922  VIRIAL  =     10063.4665  VOLUME     =    416880.6267
                                                    Density    =         1.0181
 ------------------------------------------------------------------------------

wrapping first mol.:       27.18617       38.44705       66.59224
wrapping first mol.:       27.18617       38.44705       66.59224

 NSTEP =    12000   TIME(PS) =     764.000  TEMP(K) =   300.10  PRESS =  -217.9
 Etot   =   -100018.6849  EKtot   =     25584.5391  EPtot      =   -125603.2240
 BOND   =       796.9901  ANGLE   =      2296.7592  DIHED      =      3499.2614
 1-4 NB =      1016.8449  1-4 EEL =     12334.0924  VDWAALS    =     14760.2078
 EELEC  =   -160643.5490  EHBOND  =         0.0000  RESTRAINT  =       336.1692
 EAMBER (non-restraint)  =   -125939.3932
 EKCMT  =     11031.8481  VIRIAL  =     12996.3610  VOLUME     =    417632.4877
                                                    Density    =         1.0163
 ------------------------------------------------------------------------------

wrapping first mol.:       27.17102       38.42562       66.55512
wrapping first mol.:       27.17102       38.42562       66.55512

 NSTEP =    12500   TIME(PS) =     765.000  TEMP(K) =   299.71  PRESS =  -196.8
 Etot   =    -99879.9803  EKtot   =     25551.2871  EPtot      =   -125431.2674
 BOND   =       855.6695  ANGLE   =      2314.0888  DIHED      =      3487.9568
 1-4 NB =      1025.0491  1-4 EEL =     12358.5734  VDWAALS    =     14910.9328
 EELEC  =   -160718.5884  EHBOND  =         0.0000  RESTRAINT  =       335.0505
 EAMBER (non-restraint)  =   -125766.3179
 EKCMT  =     11127.6947  VIRIAL  =     12898.9507  VOLUME     =    416933.6502
                                                    Density    =         1.0180
 ------------------------------------------------------------------------------

wrapping first mol.:       27.18098       38.43971       66.57952
wrapping first mol.:       27.18098       38.43971       66.57952

 NSTEP =    13000   TIME(PS) =     766.000  TEMP(K) =   297.33  PRESS =   108.9
 Etot   =   -100148.0598  EKtot   =     25348.1367  EPtot      =   -125496.1965
 BOND   =       864.7943  ANGLE   =      2278.0595  DIHED      =      3493.4972
 1-4 NB =      1027.0398  1-4 EEL =     12307.8787  VDWAALS    =     15018.7724
 EELEC  =   -160834.1397  EHBOND  =         0.0000  RESTRAINT  =       347.9013
 EAMBER (non-restraint)  =   -125844.0978
 EKCMT  =     11065.0291  VIRIAL  =     10083.5305  VOLUME     =    417381.0425
                                                    Density    =         1.0169
 ------------------------------------------------------------------------------

wrapping first mol.:       27.19012       38.45264       66.60192
wrapping first mol.:       27.19012       38.45264       66.60192

 NSTEP =    13500   TIME(PS) =     767.000  TEMP(K) =   300.52  PRESS =    28.3
 Etot   =   -100148.4381  EKtot   =     25620.5430  EPtot      =   -125768.9811
 BOND   =       877.6489  ANGLE   =      2296.3762  DIHED      =      3483.1399
 1-4 NB =      1020.5262  1-4 EEL =     12297.4672  VDWAALS    =     15189.5006
 EELEC  =   -161280.6409  EHBOND  =         0.0000  RESTRAINT  =       347.0008
 EAMBER (non-restraint)  =   -126115.9819
 EKCMT  =     11163.0873  VIRIAL  =     10907.5777  VOLUME     =    417805.4357
                                                    Density    =         1.0158
 ------------------------------------------------------------------------------

wrapping first mol.:       27.17658       38.43348       66.56874
wrapping first mol.:       27.17658       38.43348       66.56874

 NSTEP =    14000   TIME(PS) =     768.000  TEMP(K) =   302.18  PRESS =  -111.2
 Etot   =   -100044.1537  EKtot   =     25762.1562  EPtot      =   -125806.3100
 BOND   =       841.0397  ANGLE   =      2363.3808  DIHED      =      3490.5257
 1-4 NB =      1022.3475  1-4 EEL =     12314.9777  VDWAALS    =     15022.2015
 EELEC  =   -161201.9232  EHBOND  =         0.0000  RESTRAINT  =       341.1404
 EAMBER (non-restraint)  =   -126147.4504
 EKCMT  =     11165.6313  VIRIAL  =     12166.8662  VOLUME     =    417186.4901
                                                    Density    =         1.0174
 ------------------------------------------------------------------------------

wrapping first mol.:       27.18406       38.44407       66.58708
wrapping first mol.:       27.18406       38.44407       66.58708

 NSTEP =    14500   TIME(PS) =     769.000  TEMP(K) =   298.76  PRESS =    77.9
 Etot   =    -99869.7485  EKtot   =     25470.7168  EPtot      =   -125340.4653
 BOND   =       844.3721  ANGLE   =      2313.7117  DIHED      =      3508.4770
 1-4 NB =      1020.8953  1-4 EEL =     12314.5474  VDWAALS    =     15042.8674
 EELEC  =   -160712.2667  EHBOND  =         0.0000  RESTRAINT  =       326.9304
 EAMBER (non-restraint)  =   -125667.3957
 EKCMT  =     11185.9129  VIRIAL  =     10483.3541  VOLUME     =    417524.3435
                                                    Density    =         1.0165
 ------------------------------------------------------------------------------

wrapping first mol.:       27.19022       38.45278       66.60216
wrapping first mol.:       27.19022       38.45278       66.60216

 NSTEP =    15000   TIME(PS) =     770.000  TEMP(K) =   301.30  PRESS =    76.2
 Etot   =    -99943.9676  EKtot   =     25687.2734  EPtot      =   -125631.2410
 BOND   =       824.9460  ANGLE   =      2280.2609  DIHED      =      3501.1148
 1-4 NB =      1030.1666  1-4 EEL =     12315.9729  VDWAALS    =     15061.5493
 EELEC  =   -160986.3750  EHBOND  =         0.0000  RESTRAINT  =       341.1234
 EAMBER (non-restraint)  =   -125972.3644
 EKCMT  =     11271.8180  VIRIAL  =     10584.5360  VOLUME     =    417808.1765
                                                    Density    =         1.0158
 ------------------------------------------------------------------------------

wrapping first mol.:       27.20568       38.47464       66.64003
wrapping first mol.:       27.20568       38.47464       66.64003

 NSTEP =    15500   TIME(PS) =     771.000  TEMP(K) =   298.57  PRESS =    10.9
 Etot   =    -99870.6139  EKtot   =     25454.0488  EPtot      =   -125324.6627
 BOND   =       841.4425  ANGLE   =      2266.6506  DIHED      =      3468.5744
 1-4 NB =      1023.9679  1-4 EEL =     12305.9603  VDWAALS    =     14967.2481
 EELEC  =   -160527.2230  EHBOND  =         0.0000  RESTRAINT  =       328.7166
 EAMBER (non-restraint)  =   -125653.3793
 EKCMT  =     11122.6504  VIRIAL  =     11024.3224  VOLUME     =    418523.7968
                                                    Density    =         1.0141
 ------------------------------------------------------------------------------

wrapping first mol.:       27.20184       38.46922       66.63063
wrapping first mol.:       27.20184       38.46922       66.63063

 NSTEP =    16000   TIME(PS) =     772.000  TEMP(K) =   300.76  PRESS =   -39.0
 Etot   =    -99513.8674  EKtot   =     25640.9609  EPtot      =   -125154.8283
 BOND   =       852.4218  ANGLE   =      2334.1023  DIHED      =      3537.8933
 1-4 NB =      1018.7020  1-4 EEL =     12334.8475  VDWAALS    =     14818.4786
 EELEC  =   -160399.2530  EHBOND  =         0.0000  RESTRAINT  =       347.9792
 EAMBER (non-restraint)  =   -125502.8076
 EKCMT  =     11065.3857  VIRIAL  =     11418.0813  VOLUME     =    418348.5723
                                                    Density    =         1.0145
 ------------------------------------------------------------------------------

wrapping first mol.:       27.18379       38.44368       66.58640
wrapping first mol.:       27.18379       38.44368       66.58640

 NSTEP =    16500   TIME(PS) =     773.000  TEMP(K) =   300.00  PRESS =  -122.2
 Etot   =   -100078.3642  EKtot   =     25575.7617  EPtot      =   -125654.1260
 BOND   =       824.6047  ANGLE   =      2329.6529  DIHED      =      3488.6748
 1-4 NB =      1015.6304  1-4 EEL =     12317.1321  VDWAALS    =     14754.1415
 EELEC  =   -160723.1777  EHBOND  =         0.0000  RESTRAINT  =       339.2154
 EAMBER (non-restraint)  =   -125993.3414
 EKCMT  =     11100.2962  VIRIAL  =     12201.9587  VOLUME     =    417519.0540
                                                    Density    =         1.0165
 ------------------------------------------------------------------------------

wrapping first mol.:       27.17344       38.42904       66.56105
wrapping first mol.:       27.17344       38.42904       66.56105

 NSTEP =    17000   TIME(PS) =     774.000  TEMP(K) =   298.96  PRESS =   -75.6
 Etot   =    -99895.4769  EKtot   =     25487.0703  EPtot      =   -125382.5472
 BOND   =       817.6805  ANGLE   =      2322.9405  DIHED      =      3505.1432
 1-4 NB =      1016.5905  1-4 EEL =     12328.8060  VDWAALS    =     15219.0921
 EELEC  =   -160937.5037  EHBOND  =         0.0000  RESTRAINT  =       344.7037
 EAMBER (non-restraint)  =   -125727.2509
 EKCMT  =     11087.0827  VIRIAL  =     11767.6345  VOLUME     =    417040.6026
                                                    Density    =         1.0177
 ------------------------------------------------------------------------------

wrapping first mol.:       27.16696       38.41988       66.54518
wrapping first mol.:       27.16696       38.41988       66.54518

 NSTEP =    17500   TIME(PS) =     775.000  TEMP(K) =   299.28  PRESS =    43.7
 Etot   =    -99692.6988  EKtot   =     25514.9590  EPtot      =   -125207.6578
 BOND   =       856.0432  ANGLE   =      2296.7786  DIHED      =      3458.1801
 1-4 NB =      1024.4930  1-4 EEL =     12307.7879  VDWAALS    =     15110.3746
 EELEC  =   -160609.0226  EHBOND  =         0.0000  RESTRAINT  =       347.7073
 EAMBER (non-restraint)  =   -125555.3651
 EKCMT  =     11080.9650  VIRIAL  =     10688.1879  VOLUME     =    416737.9813
                                                    Density    =         1.0184
 ------------------------------------------------------------------------------

wrapping first mol.:       27.17113       38.42578       66.55539
wrapping first mol.:       27.17113       38.42578       66.55539

 NSTEP =    18000   TIME(PS) =     776.000  TEMP(K) =   299.31  PRESS =   133.6
 Etot   =    -99676.6004  EKtot   =     25517.0664  EPtot      =   -125193.6668
 BOND   =       818.4453  ANGLE   =      2304.1465  DIHED      =      3492.2061
 1-4 NB =      1020.6536  1-4 EEL =     12286.0461  VDWAALS    =     14914.9149
 EELEC  =   -160359.2580  EHBOND  =         0.0000  RESTRAINT  =       329.1786
 EAMBER (non-restraint)  =   -125522.8454
 EKCMT  =     11149.8702  VIRIAL  =      9946.9872  VOLUME     =    416926.6080
                                                    Density    =         1.0180
 ------------------------------------------------------------------------------

wrapping first mol.:       27.17743       38.43468       66.57082
wrapping first mol.:       27.17743       38.43468       66.57082

 NSTEP =    18500   TIME(PS) =     777.000  TEMP(K) =   301.60  PRESS =  -115.3
 Etot   =    -99526.5626  EKtot   =     25712.5664  EPtot      =   -125239.1290
 BOND   =       839.6533  ANGLE   =      2302.0034  DIHED      =      3478.4188
 1-4 NB =      1047.5698  1-4 EEL =     12286.7309  VDWAALS    =     14808.1097
 EELEC  =   -160335.4254  EHBOND  =         0.0000  RESTRAINT  =       333.8105
 EAMBER (non-restraint)  =   -125572.9395
 EKCMT  =     11164.6021  VIRIAL  =     12203.6011  VOLUME     =    417225.8569
                                                    Density    =         1.0173
 ------------------------------------------------------------------------------

wrapping first mol.:       27.15961       38.40949       66.52718
wrapping first mol.:       27.15961       38.40949       66.52718

 NSTEP =    19000   TIME(PS) =     778.000  TEMP(K) =   299.66  PRESS =     5.9
 Etot   =    -99884.1642  EKtot   =     25547.2168  EPtot      =   -125431.3810
 BOND   =       821.3568  ANGLE   =      2308.8435  DIHED      =      3452.7807
 1-4 NB =      1040.7385  1-4 EEL =     12316.3819  VDWAALS    =     15018.4991
 EELEC  =   -160742.1998  EHBOND  =         0.0000  RESTRAINT  =       352.2183
 EAMBER (non-restraint)  =   -125783.5992
 EKCMT  =     11124.1572  VIRIAL  =     11071.0372  VOLUME     =    416401.3517
                                                    Density    =         1.0193
 ------------------------------------------------------------------------------

wrapping first mol.:       27.16038       38.41057       66.52906
wrapping first mol.:       27.16038       38.41057       66.52906

 NSTEP =    19500   TIME(PS) =     779.000  TEMP(K) =   299.78  PRESS =    55.4
 Etot   =    -99848.5586  EKtot   =     25557.0391  EPtot      =   -125405.5977
 BOND   =       810.6014  ANGLE   =      2347.9963  DIHED      =      3488.3784
 1-4 NB =      1020.3748  1-4 EEL =     12323.5954  VDWAALS    =     15118.5356
 EELEC  =   -160861.7472  EHBOND  =         0.0000  RESTRAINT  =       346.6676
 EAMBER (non-restraint)  =   -125752.2653
 EKCMT  =     11133.4062  VIRIAL  =     10635.0551  VOLUME     =    416434.7743
                                                    Density    =         1.0192
 ------------------------------------------------------------------------------

wrapping first mol.:       27.16605       38.41859       66.54294
wrapping first mol.:       27.16605       38.41859       66.54294

 NSTEP =    20000   TIME(PS) =     780.000  TEMP(K) =   300.32  PRESS =   -20.7
 Etot   =    -99391.2411  EKtot   =     25603.1191  EPtot      =   -124994.3603
 BOND   =       814.8869  ANGLE   =      2335.7042  DIHED      =      3492.1883
 1-4 NB =      1028.4572  1-4 EEL =     12279.3050  VDWAALS    =     14621.3858
 EELEC  =   -159917.6040  EHBOND  =         0.0000  RESTRAINT  =       351.3163
 EAMBER (non-restraint)  =   -125345.6765
 EKCMT  =     11176.4024  VIRIAL  =     11362.3978  VOLUME     =    416698.4160
                                                    Density    =         1.0185
 ------------------------------------------------------------------------------

wrapping first mol.:       27.16222       38.41318       66.53357
wrapping first mol.:       27.16222       38.41318       66.53357

 NSTEP =    20500   TIME(PS) =     781.000  TEMP(K) =   301.72  PRESS =    31.0
 Etot   =    -99621.6902  EKtot   =     25722.6758  EPtot      =   -125344.3660
 BOND   =       846.5016  ANGLE   =      2303.5960  DIHED      =      3468.8932
 1-4 NB =      1030.8802  1-4 EEL =     12289.2910  VDWAALS    =     15028.3000
 EELEC  =   -160660.6678  EHBOND  =         0.0000  RESTRAINT  =       348.8398
 EAMBER (non-restraint)  =   -125693.2057
 EKCMT  =     11098.3810  VIRIAL  =     10819.3718  VOLUME     =    416520.4748
                                                    Density    =         1.0190
 ------------------------------------------------------------------------------

wrapping first mol.:       27.18000       38.43832       66.57712
wrapping first mol.:       27.18000       38.43832       66.57712

 NSTEP =    21000   TIME(PS) =     782.000  TEMP(K) =   300.03  PRESS =    24.8
 Etot   =    -99472.3583  EKtot   =     25578.2363  EPtot      =   -125050.5946
 BOND   =       840.1152  ANGLE   =      2332.8511  DIHED      =      3473.4597
 1-4 NB =      1022.2759  1-4 EEL =     12292.8144  VDWAALS    =     15044.0685
 EELEC  =   -160393.1221  EHBOND  =         0.0000  RESTRAINT  =       336.9427
 EAMBER (non-restraint)  =   -125387.5373
 EKCMT  =     11120.0744  VIRIAL  =     10896.9032  VOLUME     =    417339.1330
                                                    Density    =         1.0170
 ------------------------------------------------------------------------------

wrapping first mol.:       27.18100       38.43974       66.57958
wrapping first mol.:       27.18100       38.43974       66.57958

 NSTEP =    21500   TIME(PS) =     783.000  TEMP(K) =   302.19  PRESS =   -50.1
 Etot   =    -99753.9518  EKtot   =     25762.7871  EPtot      =   -125516.7389
 BOND   =       837.3175  ANGLE   =      2356.1446  DIHED      =      3490.0079
 1-4 NB =      1046.8996  1-4 EEL =     12285.8343  VDWAALS    =     15060.2970
 EELEC  =   -160944.6973  EHBOND  =         0.0000  RESTRAINT  =       351.4575
 EAMBER (non-restraint)  =   -125868.1964
 EKCMT  =     11127.9813  VIRIAL  =     11579.8296  VOLUME     =    417388.0813
                                                    Density    =         1.0169
 ------------------------------------------------------------------------------

wrapping first mol.:       27.18298       38.44254       66.58442
wrapping first mol.:       27.18298       38.44254       66.58442

 NSTEP =    22000   TIME(PS) =     784.000  TEMP(K) =   297.97  PRESS =    19.9
 Etot   =    -99874.3570  EKtot   =     25402.7520  EPtot      =   -125277.1090
 BOND   =       859.7709  ANGLE   =      2348.7173  DIHED      =      3502.9974
 1-4 NB =      1005.6892  1-4 EEL =     12269.2968  VDWAALS    =     15027.7024
 EELEC  =   -160629.0134  EHBOND  =         0.0000  RESTRAINT  =       337.7303
 EAMBER (non-restraint)  =   -125614.8393
 EKCMT  =     11127.2113  VIRIAL  =     10947.8021  VOLUME     =    417476.5663
                                                    Density    =         1.0166
 ------------------------------------------------------------------------------

wrapping first mol.:       27.17766       38.43501       66.57139
wrapping first mol.:       27.17766       38.43501       66.57139

 NSTEP =    22500   TIME(PS) =     785.000  TEMP(K) =   303.54  PRESS =   -59.4
 Etot   =    -99664.9255  EKtot   =     25878.1191  EPtot      =   -125543.0447
 BOND   =       796.2729  ANGLE   =      2266.8676  DIHED      =      3501.4855
 1-4 NB =      1017.3716  1-4 EEL =     12275.2367  VDWAALS    =     14872.3620
 EELEC  =   -160608.6151  EHBOND  =         0.0000  RESTRAINT  =       335.9742
 EAMBER (non-restraint)  =   -125879.0188
 EKCMT  =     11130.7008  VIRIAL  =     11665.4845  VOLUME     =    417234.3733
                                                    Density    =         1.0172
 ------------------------------------------------------------------------------

wrapping first mol.:       27.17324       38.42876       66.56056
wrapping first mol.:       27.17324       38.42876       66.56056

 NSTEP =    23000   TIME(PS) =     786.000  TEMP(K) =   299.20  PRESS =  -207.4
 Etot   =   -100441.1099  EKtot   =     25507.8438  EPtot      =   -125948.9537
 BOND   =       831.0578  ANGLE   =      2314.3634  DIHED      =      3470.4771
 1-4 NB =      1011.2648  1-4 EEL =     12232.5909  VDWAALS    =     14840.2158
 EELEC  =   -161006.2556  EHBOND  =         0.0000  RESTRAINT  =       357.3321
 EAMBER (non-restraint)  =   -126306.2858
 EKCMT  =     11070.8170  VIRIAL  =     12938.1735  VOLUME     =    417036.2857
                                                    Density    =         1.0177
 ------------------------------------------------------------------------------

wrapping first mol.:       27.17638       38.43320       66.56825
wrapping first mol.:       27.17638       38.43320       66.56825

 NSTEP =    23500   TIME(PS) =     787.000  TEMP(K) =   300.38  PRESS =     3.9
 Etot   =    -99696.8711  EKtot   =     25608.1113  EPtot      =   -125304.9825
 BOND   =       868.9982  ANGLE   =      2301.7010  DIHED      =      3495.0530
 1-4 NB =      1017.3624  1-4 EEL =     12324.7634  VDWAALS    =     15140.1408
 EELEC  =   -160783.1269  EHBOND  =         0.0000  RESTRAINT  =       330.1258
 EAMBER (non-restraint)  =   -125635.1082
 EKCMT  =     11057.2038  VIRIAL  =     11022.1171  VOLUME     =    417173.0668
                                                    Density    =         1.0174
 ------------------------------------------------------------------------------

wrapping first mol.:       27.17226       38.42738       66.55816
wrapping first mol.:       27.17226       38.42738       66.55816

 NSTEP =    24000   TIME(PS) =     788.000  TEMP(K) =   301.33  PRESS =   -17.8
 Etot   =    -99858.3138  EKtot   =     25689.6172  EPtot      =   -125547.9310
 BOND   =       869.2540  ANGLE   =      2328.0794  DIHED      =      3494.0577
 1-4 NB =      1023.8681  1-4 EEL =     12268.5439  VDWAALS    =     14900.2349
 EELEC  =   -160763.5009  EHBOND  =         0.0000  RESTRAINT  =       331.5318
 EAMBER (non-restraint)  =   -125879.4629
 EKCMT  =     11185.3976  VIRIAL  =     11345.8444  VOLUME     =    416984.2200
                                                    Density    =         1.0178
 ------------------------------------------------------------------------------

wrapping first mol.:       27.18260       38.44200       66.58349
wrapping first mol.:       27.18260       38.44200       66.58349

 NSTEP =    24500   TIME(PS) =     789.000  TEMP(K) =   299.56  PRESS =     9.4
 Etot   =    -99743.2807  EKtot   =     25538.4727  EPtot      =   -125281.7534
 BOND   =       854.5660  ANGLE   =      2272.8531  DIHED      =      3511.1338
 1-4 NB =      1030.3225  1-4 EEL =     12308.0757  VDWAALS    =     15009.3337
 EELEC  =   -160578.1388  EHBOND  =         0.0000  RESTRAINT  =       310.1006
 EAMBER (non-restraint)  =   -125591.8539
 EKCMT  =     11221.8952  VIRIAL  =     11136.9219  VOLUME     =    417459.3792
                                                    Density    =         1.0167
 ------------------------------------------------------------------------------

wrapping first mol.:       27.19350       38.45741       66.61019
wrapping first mol.:       27.19350       38.45741       66.61019

 NSTEP =    25000   TIME(PS) =     790.000  TEMP(K) =   299.37  PRESS =   -24.2
 Etot   =    -99604.6264  EKtot   =     25522.6562  EPtot      =   -125127.2827
 BOND   =       869.0990  ANGLE   =      2347.9733  DIHED      =      3505.4946
 1-4 NB =      1025.4357  1-4 EEL =     12272.7627  VDWAALS    =     14815.1199
 EELEC  =   -160299.8592  EHBOND  =         0.0000  RESTRAINT  =       336.6914
 EAMBER (non-restraint)  =   -125463.9740
 EKCMT  =     11180.4964  VIRIAL  =     11399.1789  VOLUME     =    417963.0400
                                                    Density    =         1.0155
 ------------------------------------------------------------------------------

wrapping first mol.:       27.18614       38.44701       66.59217
wrapping first mol.:       27.18614       38.44701       66.59217

 NSTEP =    25500   TIME(PS) =     791.000  TEMP(K) =   300.94  PRESS =  -181.3
 Etot   =    -99689.9698  EKtot   =     25656.4160  EPtot      =   -125346.3858
 BOND   =       839.2854  ANGLE   =      2314.2131  DIHED      =      3495.8751
 1-4 NB =      1028.9151  1-4 EEL =     12265.2239  VDWAALS    =     14759.1499
 EELEC  =   -160395.8026  EHBOND  =         0.0000  RESTRAINT  =       346.7542
 EAMBER (non-restraint)  =   -125693.1401
 EKCMT  =     11204.9306  VIRIAL  =     12839.9320  VOLUME     =    417629.7919
                                                    Density    =         1.0163
 ------------------------------------------------------------------------------

wrapping first mol.:       27.17183       38.42677       66.55711
wrapping first mol.:       27.17183       38.42677       66.55711

 NSTEP =    26000   TIME(PS) =     792.000  TEMP(K) =   300.40  PRESS =   -65.0
 Etot   =    -99588.9030  EKtot   =     25610.2441  EPtot      =   -125199.1472
 BOND   =       867.4208  ANGLE   =      2340.3345  DIHED      =      3520.5623
 1-4 NB =      1009.6266  1-4 EEL =     12252.9539  VDWAALS    =     14920.8209
 EELEC  =   -160444.0655  EHBOND  =         0.0000  RESTRAINT  =       333.1994
 EAMBER (non-restraint)  =   -125532.3466
 EKCMT  =     11205.8318  VIRIAL  =     11790.6133  VOLUME     =    416966.1373
                                                    Density    =         1.0179
 ------------------------------------------------------------------------------

wrapping first mol.:       27.18182       38.44090       66.58158
wrapping first mol.:       27.18182       38.44090       66.58158

 NSTEP =    26500   TIME(PS) =     793.000  TEMP(K) =   299.98  PRESS =   181.0
 Etot   =    -99778.4090  EKtot   =     25574.5391  EPtot      =   -125352.9480
 BOND   =       850.4440  ANGLE   =      2339.4984  DIHED      =      3501.6381
 1-4 NB =      1022.8105  1-4 EEL =     12288.0342  VDWAALS    =     15077.3929
 EELEC  =   -160770.8722  EHBOND  =         0.0000  RESTRAINT  =       338.1061
 EAMBER (non-restraint)  =   -125691.0541
 EKCMT  =     11210.5921  VIRIAL  =      9579.1649  VOLUME     =    417417.1769
                                                    Density    =         1.0168
 ------------------------------------------------------------------------------

wrapping first mol.:       27.20099       38.46800       66.62853
wrapping first mol.:       27.20099       38.46800       66.62853

 NSTEP =    27000   TIME(PS) =     794.000  TEMP(K) =   299.34  PRESS =  -175.4
 Etot   =    -99807.1677  EKtot   =     25519.4160  EPtot      =   -125326.5837
 BOND   =       826.8050  ANGLE   =      2279.2986  DIHED      =      3505.1977
 1-4 NB =      1045.1153  1-4 EEL =     12340.5281  VDWAALS    =     14828.6794
 EELEC  =   -160488.8438  EHBOND  =         0.0000  RESTRAINT  =       336.6360
 EAMBER (non-restraint)  =   -125663.2197
 EKCMT  =     11106.7132  VIRIAL  =     12690.7292  VOLUME     =    418314.1361
                                                    Density    =         1.0146
 ------------------------------------------------------------------------------

wrapping first mol.:       27.20850       38.47862       66.64693
wrapping first mol.:       27.20850       38.47862       66.64693

 NSTEP =    27500   TIME(PS) =     795.000  TEMP(K) =   299.08  PRESS =   134.0
 Etot   =    -99900.4539  EKtot   =     25497.8867  EPtot      =   -125398.3406
 BOND   =       853.8668  ANGLE   =      2324.6864  DIHED      =      3507.0248
 1-4 NB =      1028.3401  1-4 EEL =     12252.6942  VDWAALS    =     15155.6922
 EELEC  =   -160875.2571  EHBOND  =         0.0000  RESTRAINT  =       354.6120
 EAMBER (non-restraint)  =   -125752.9526
 EKCMT  =     11101.9477  VIRIAL  =      9890.5080  VOLUME     =    418649.1176
                                                    Density    =         1.0138
 ------------------------------------------------------------------------------

wrapping first mol.:       27.19161       38.45475       66.60557
wrapping first mol.:       27.19161       38.45475       66.60557

 NSTEP =    28000   TIME(PS) =     796.000  TEMP(K) =   303.58  PRESS =    49.8
 Etot   =    -99455.8435  EKtot   =     25881.3887  EPtot      =   -125337.2322
 BOND   =       890.7275  ANGLE   =      2283.2126  DIHED      =      3498.3729
 1-4 NB =      1021.6445  1-4 EEL =     12280.3262  VDWAALS    =     15008.8937
 EELEC  =   -160656.7847  EHBOND  =         0.0000  RESTRAINT  =       336.3751
 EAMBER (non-restraint)  =   -125673.6073
 EKCMT  =     11323.7693  VIRIAL  =     10874.6643  VOLUME     =    417873.3349
                                                    Density    =         1.0157
 ------------------------------------------------------------------------------

wrapping first mol.:       27.19846       38.46443       66.62235
wrapping first mol.:       27.19846       38.46443       66.62235

 NSTEP =    28500   TIME(PS) =     797.000  TEMP(K) =   298.96  PRESS =    64.8
 Etot   =   -100030.5050  EKtot   =     25487.2715  EPtot      =   -125517.7764
 BOND   =       824.2491  ANGLE   =      2355.4992  DIHED      =      3494.6091
 1-4 NB =      1018.0609  1-4 EEL =     12293.9950  VDWAALS    =     15029.4996
 EELEC  =   -160877.3908  EHBOND  =         0.0000  RESTRAINT  =       343.7015
 EAMBER (non-restraint)  =   -125861.4780
 EKCMT  =     11003.5864  VIRIAL  =     10418.4073  VOLUME     =    418188.6431
                                                    Density    =         1.0149
 ------------------------------------------------------------------------------

wrapping first mol.:       27.19331       38.45715       66.60974
wrapping first mol.:       27.19331       38.45715       66.60974

 NSTEP =    29000   TIME(PS) =     798.000  TEMP(K) =   300.07  PRESS =   109.7
 Etot   =    -99965.5392  EKtot   =     25582.2559  EPtot      =   -125547.7950
 BOND   =       845.4386  ANGLE   =      2343.6983  DIHED      =      3488.4632
 1-4 NB =      1023.5510  1-4 EEL =     12298.7431  VDWAALS    =     15092.5305
 EELEC  =   -160968.7542  EHBOND  =         0.0000  RESTRAINT  =       328.5345
 EAMBER (non-restraint)  =   -125876.3295
 EKCMT  =     11109.9611  VIRIAL  =     10120.1676  VOLUME     =    417949.5655
                                                    Density    =         1.0155
 ------------------------------------------------------------------------------

wrapping first mol.:       27.20866       38.47886       66.64733
wrapping first mol.:       27.20866       38.47886       66.64733

 NSTEP =    29500   TIME(PS) =     799.000  TEMP(K) =   300.06  PRESS =    76.5
 Etot   =    -99456.1668  EKtot   =     25581.5469  EPtot      =   -125037.7137
 BOND   =       829.9882  ANGLE   =      2325.5362  DIHED      =      3508.2668
 1-4 NB =      1042.2478  1-4 EEL =     12243.9716  VDWAALS    =     15052.6980
 EELEC  =   -160380.4712  EHBOND  =         0.0000  RESTRAINT  =       340.0490
 EAMBER (non-restraint)  =   -125377.7627
 EKCMT  =     11211.3751  VIRIAL  =     10519.6588  VOLUME     =    418658.8901
                                                    Density    =         1.0138
 ------------------------------------------------------------------------------

wrapping first mol.:       27.18768       38.44918       66.59593
wrapping first mol.:       27.18768       38.44918       66.59593

 NSTEP =    30000   TIME(PS) =     800.000  TEMP(K) =   301.78  PRESS =   -43.5
 Etot   =    -99671.4247  EKtot   =     25727.5234  EPtot      =   -125398.9481
 BOND   =       831.4410  ANGLE   =      2315.2041  DIHED      =      3481.9692
 1-4 NB =      1020.0755  1-4 EEL =     12282.7223  VDWAALS    =     14951.7073
 EELEC  =   -160631.2924  EHBOND  =         0.0000  RESTRAINT  =       349.2248
 EAMBER (non-restraint)  =   -125748.1729
 EKCMT  =     11202.2935  VIRIAL  =     11594.5102  VOLUME     =    417695.4311
                                                    Density    =         1.0161
 ------------------------------------------------------------------------------

wrapping first mol.:       27.18731       38.44867       66.59504
wrapping first mol.:       27.18731       38.44867       66.59504

 NSTEP =    30500   TIME(PS) =     801.000  TEMP(K) =   304.09  PRESS =   -59.4
 Etot   =    -99375.9659  EKtot   =     25925.1250  EPtot      =   -125301.0909
 BOND   =       863.7180  ANGLE   =      2370.9445  DIHED      =      3492.9857
 1-4 NB =      1021.0173  1-4 EEL =     12243.3272  VDWAALS    =     14882.7692
 EELEC  =   -160507.2066  EHBOND  =         0.0000  RESTRAINT  =       331.3539
 EAMBER (non-restraint)  =   -125632.4448
 EKCMT  =     11360.8050  VIRIAL  =     11896.6029  VOLUME     =    417679.2994
                                                    Density    =         1.0162
 ------------------------------------------------------------------------------

wrapping first mol.:       27.17344       38.42904       66.56105
wrapping first mol.:       27.17344       38.42904       66.56105

 NSTEP =    31000   TIME(PS) =     802.000  TEMP(K) =   298.25  PRESS =  -212.2
 Etot   =   -100246.3470  EKtot   =     25426.7910  EPtot      =   -125673.1380
 BOND   =       899.1370  ANGLE   =      2261.4645  DIHED      =      3488.0309
 1-4 NB =      1025.6451  1-4 EEL =     12284.3790  VDWAALS    =     14936.1994
 EELEC  =   -160897.4803  EHBOND  =         0.0000  RESTRAINT  =       329.4863
 EAMBER (non-restraint)  =   -126002.6243
 EKCMT  =     11065.2236  VIRIAL  =     12975.7699  VOLUME     =    417045.7824
                                                    Density    =         1.0177
 ------------------------------------------------------------------------------

wrapping first mol.:       27.16587       38.41834       66.54251
wrapping first mol.:       27.16587       38.41834       66.54251

 NSTEP =    31500   TIME(PS) =     803.000  TEMP(K) =   298.67  PRESS =    71.7
 Etot   =   -100058.9540  EKtot   =     25462.6445  EPtot      =   -125521.5985
 BOND   =       838.9281  ANGLE   =      2326.4620  DIHED      =      3478.8118
 1-4 NB =      1020.8483  1-4 EEL =     12295.8695  VDWAALS    =     15069.2799
 EELEC  =   -160869.7489  EHBOND  =         0.0000  RESTRAINT  =       317.9509
 EAMBER (non-restraint)  =   -125839.5494
 EKCMT  =     11061.2806  VIRIAL  =     10416.5417  VOLUME     =    416686.8807
                                                    Density    =         1.0186
 ------------------------------------------------------------------------------

wrapping first mol.:       27.17313       38.42860       66.56028
wrapping first mol.:       27.17313       38.42860       66.56028

 NSTEP =    32000   TIME(PS) =     804.000  TEMP(K) =   300.49  PRESS =    67.0
 Etot   =    -99755.1043  EKtot   =     25617.6016  EPtot      =   -125372.7058
 BOND   =       831.6823  ANGLE   =      2301.4324  DIHED      =      3515.6965
 1-4 NB =      1021.5007  1-4 EEL =     12300.9830  VDWAALS    =     15039.3397
 EELEC  =   -160720.8134  EHBOND  =         0.0000  RESTRAINT  =       337.4729
 EAMBER (non-restraint)  =   -125710.1787
 EKCMT  =     11116.5775  VIRIAL  =     10513.5677  VOLUME     =    417020.9931
                                                    Density    =         1.0178
 ------------------------------------------------------------------------------

wrapping first mol.:       27.17973       38.43794       66.57646
wrapping first mol.:       27.17973       38.43794       66.57646

 NSTEP =    32500   TIME(PS) =     805.000  TEMP(K) =   301.67  PRESS =    52.9
 Etot   =    -99789.2082  EKtot   =     25718.5352  EPtot      =   -125507.7434
 BOND   =       824.7577  ANGLE   =      2279.7302  DIHED      =      3493.9348
 1-4 NB =      1005.9020  1-4 EEL =     12274.2351  VDWAALS    =     15013.7691
 EELEC  =   -160744.6020  EHBOND  =         0.0000  RESTRAINT  =       344.5298
 EAMBER (non-restraint)  =   -125852.2732
 EKCMT  =     11190.9353  VIRIAL  =     10714.3070  VOLUME     =    417325.6524
                                                    Density    =         1.0170
 ------------------------------------------------------------------------------

wrapping first mol.:       27.16650       38.41923       66.54405
wrapping first mol.:       27.16650       38.41923       66.54405

 NSTEP =    33000   TIME(PS) =     806.000  TEMP(K) =   299.84  PRESS =   -11.7
 Etot   =    -99835.1491  EKtot   =     25562.7520  EPtot      =   -125397.9010
 BOND   =       865.5305  ANGLE   =      2273.7606  DIHED      =      3489.5055
 1-4 NB =      1038.0108  1-4 EEL =     12337.8493  VDWAALS    =     14833.5321
 EELEC  =   -160594.5918  EHBOND  =         0.0000  RESTRAINT  =       358.5019
 EAMBER (non-restraint)  =   -125756.4029
 EKCMT  =     11115.3076  VIRIAL  =     11220.2950  VOLUME     =    416718.8592
                                                    Density    =         1.0185
 ------------------------------------------------------------------------------

wrapping first mol.:       27.16617       38.41876       66.54324
wrapping first mol.:       27.16617       38.41876       66.54324

 NSTEP =    33500   TIME(PS) =     807.000  TEMP(K) =   299.09  PRESS =   343.4
 Etot   =    -99894.4383  EKtot   =     25498.7031  EPtot      =   -125393.1414
 BOND   =       823.9333  ANGLE   =      2305.4540  DIHED      =      3474.6120
 1-4 NB =      1007.8651  1-4 EEL =     12307.7789  VDWAALS    =     15107.6527
 EELEC  =   -160751.8053  EHBOND  =         0.0000  RESTRAINT  =       331.3679
 EAMBER (non-restraint)  =   -125724.5093
 EKCMT  =     11037.5850  VIRIAL  =      7948.0459  VOLUME     =    416690.4245
                                                    Density    =         1.0186
 ------------------------------------------------------------------------------

wrapping first mol.:       27.17837       38.43602       66.57313
wrapping first mol.:       27.17837       38.43602       66.57313

 NSTEP =    34000   TIME(PS) =     808.000  TEMP(K) =   297.85  PRESS =   110.7
 Etot   =   -100404.5911  EKtot   =     25392.4238  EPtot      =   -125797.0149
 BOND   =       803.5876  ANGLE   =      2259.6724  DIHED      =      3517.0869
 1-4 NB =      1029.9656  1-4 EEL =     12313.0033  VDWAALS    =     14990.5628
 EELEC  =   -161032.5377  EHBOND  =         0.0000  RESTRAINT  =       321.6441
 EAMBER (non-restraint)  =   -126118.6590
 EKCMT  =     11136.7123  VIRIAL  =     10138.9808  VOLUME     =    417260.8362
                                                    Density    =         1.0172
 ------------------------------------------------------------------------------

wrapping first mol.:       27.18971       38.45206       66.60091
wrapping first mol.:       27.18971       38.45206       66.60091

 NSTEP =    34500   TIME(PS) =     809.000  TEMP(K) =   298.89  PRESS =   111.1
 Etot   =    -99863.1579  EKtot   =     25481.5156  EPtot      =   -125344.6735
 BOND   =       853.0196  ANGLE   =      2269.4745  DIHED      =      3496.7267
 1-4 NB =      1028.0838  1-4 EEL =     12282.1619  VDWAALS    =     15107.5268
 EELEC  =   -160719.7299  EHBOND  =         0.0000  RESTRAINT  =       338.0631
 EAMBER (non-restraint)  =   -125682.7366
 EKCMT  =     11141.7648  VIRIAL  =     10140.0127  VOLUME     =    417783.4283
                                                    Density    =         1.0159
 ------------------------------------------------------------------------------

wrapping first mol.:       27.19446       38.45877       66.61254
wrapping first mol.:       27.19446       38.45877       66.61254

 NSTEP =    35000   TIME(PS) =     810.000  TEMP(K) =   298.81  PRESS =    28.6
 Etot   =    -99651.3083  EKtot   =     25474.5625  EPtot      =   -125125.8708
 BOND   =       804.7548  ANGLE   =      2337.1050  DIHED      =      3518.0402
 1-4 NB =      1010.2834  1-4 EEL =     12292.3991  VDWAALS    =     14917.4679
 EELEC  =   -160361.1540  EHBOND  =         0.0000  RESTRAINT  =       355.2328
 EAMBER (non-restraint)  =   -125481.1036
 EKCMT  =     11080.4388  VIRIAL  =     10822.4518  VOLUME     =    418005.3688
                                                    Density    =         1.0154
 ------------------------------------------------------------------------------

wrapping first mol.:       27.19130       38.45431       66.60481
wrapping first mol.:       27.19130       38.45431       66.60481

 NSTEP =    35500   TIME(PS) =     811.000  TEMP(K) =   300.96  PRESS =   114.6
 Etot   =    -99530.3059  EKtot   =     25658.2207  EPtot      =   -125188.5266
 BOND   =       824.5908  ANGLE   =      2315.8321  DIHED      =      3495.5622
 1-4 NB =      1049.7319  1-4 EEL =     12329.1349  VDWAALS    =     14792.6143
 EELEC  =   -160312.4870  EHBOND  =         0.0000  RESTRAINT  =       316.4943
 EAMBER (non-restraint)  =   -125505.0209
 EKCMT  =     11189.6434  VIRIAL  =     10155.3120  VOLUME     =    417856.7347
                                                    Density    =         1.0157
 ------------------------------------------------------------------------------

wrapping first mol.:       27.17419       38.43010       66.56289
wrapping first mol.:       27.17419       38.43010       66.56289

 NSTEP =    36000   TIME(PS) =     812.000  TEMP(K) =   303.07  PRESS =   117.7
 Etot   =    -99741.5106  EKtot   =     25837.6367  EPtot      =   -125579.1473
 BOND   =       803.0717  ANGLE   =      2288.0821  DIHED      =      3519.2882
 1-4 NB =      1037.5490  1-4 EEL =     12298.3178  VDWAALS    =     15142.9664
 EELEC  =   -161000.8624  EHBOND  =         0.0000  RESTRAINT  =       332.4400
 EAMBER (non-restraint)  =   -125911.5873
 EKCMT  =     11140.5276  VIRIAL  =     10080.7092  VOLUME     =    417067.9906
                                                    Density    =         1.0176
 ------------------------------------------------------------------------------

wrapping first mol.:       27.19282       38.45645       66.60852
wrapping first mol.:       27.19282       38.45645       66.60852

 NSTEP =    36500   TIME(PS) =     813.000  TEMP(K) =   299.96  PRESS =    91.7
 Etot   =    -99843.8550  EKtot   =     25572.8223  EPtot      =   -125416.6773
 BOND   =       870.3772  ANGLE   =      2323.0302  DIHED      =      3515.6908
 1-4 NB =      1021.9029  1-4 EEL =     12324.6731  VDWAALS    =     14994.9196
 EELEC  =   -160810.2826  EHBOND  =         0.0000  RESTRAINT  =       343.0115
 EAMBER (non-restraint)  =   -125759.6888
 EKCMT  =     11173.2849  VIRIAL  =     10345.6309  VOLUME     =    417927.2768
                                                    Density    =         1.0156
 ------------------------------------------------------------------------------

wrapping first mol.:       27.17854       38.43626       66.57356
wrapping first mol.:       27.17854       38.43626       66.57356

 NSTEP =    37000   TIME(PS) =     814.000  TEMP(K) =   300.15  PRESS =  -125.5
 Etot   =    -99619.6099  EKtot   =     25588.8086  EPtot      =   -125208.4185
 BOND   =       789.8880  ANGLE   =      2315.8242  DIHED      =      3477.3408
 1-4 NB =      1046.6296  1-4 EEL =     12296.7357  VDWAALS    =     14869.4390
 EELEC  =   -160346.4623  EHBOND  =         0.0000  RESTRAINT  =       342.1865
 EAMBER (non-restraint)  =   -125550.6050
 EKCMT  =     11167.2557  VIRIAL  =     12297.5666  VOLUME     =    417277.6751
                                                    Density    =         1.0171
 ------------------------------------------------------------------------------

wrapping first mol.:       27.17435       38.43034       66.56329
wrapping first mol.:       27.17435       38.43034       66.56329

 NSTEP =    37500   TIME(PS) =     815.000  TEMP(K) =   299.68  PRESS =  -136.3
 Etot   =    -99824.3387  EKtot   =     25548.8809  EPtot      =   -125373.2196
 BOND   =       845.2991  ANGLE   =      2340.1713  DIHED      =      3504.6962
 1-4 NB =      1009.3091  1-4 EEL =     12296.8639  VDWAALS    =     14942.3782
 EELEC  =   -160642.3246  EHBOND  =         0.0000  RESTRAINT  =       330.3872
 EAMBER (non-restraint)  =   -125703.6068
 EKCMT  =     11212.1916  VIRIAL  =     12439.5804  VOLUME     =    417085.0662
                                                    Density    =         1.0176
 ------------------------------------------------------------------------------

wrapping first mol.:       27.18592       38.44669       66.59161
wrapping first mol.:       27.18592       38.44669       66.59161

 NSTEP =    38000   TIME(PS) =     816.000  TEMP(K) =   300.07  PRESS =   118.2
 Etot   =    -99953.5378  EKtot   =     25582.2305  EPtot      =   -125535.7682
 BOND   =       830.2804  ANGLE   =      2314.2032  DIHED      =      3508.3906
 1-4 NB =      1007.9588  1-4 EEL =     12283.9416  VDWAALS    =     15174.6949
 EELEC  =   -160996.6217  EHBOND  =         0.0000  RESTRAINT  =       341.3840
 EAMBER (non-restraint)  =   -125877.1522
 EKCMT  =     11204.3973  VIRIAL  =     10138.7223  VOLUME     =    417608.2093
                                                    Density    =         1.0163
 ------------------------------------------------------------------------------

wrapping first mol.:       27.17685       38.43388       66.56942
wrapping first mol.:       27.17685       38.43388       66.56942

 NSTEP =    38500   TIME(PS) =     817.000  TEMP(K) =   300.49  PRESS =  -110.4
 Etot   =   -100058.3291  EKtot   =     25618.2305  EPtot      =   -125676.5596
 BOND   =       832.5914  ANGLE   =      2302.3315  DIHED      =      3489.2699
 1-4 NB =      1025.6738  1-4 EEL =     12265.0346  VDWAALS    =     14950.7829
 EELEC  =   -160897.5577  EHBOND  =         0.0000  RESTRAINT  =       355.3141
 EAMBER (non-restraint)  =   -126031.8736
 EKCMT  =     11068.4942  VIRIAL  =     12063.3689  VOLUME     =    417199.3152
                                                    Density    =         1.0173
 ------------------------------------------------------------------------------

wrapping first mol.:       27.16585       38.41831       66.54246
wrapping first mol.:       27.16585       38.41831       66.54246

 NSTEP =    39000   TIME(PS) =     818.000  TEMP(K) =   297.69  PRESS =  -113.8
 Etot   =    -99948.6365  EKtot   =     25378.8945  EPtot      =   -125327.5310
 BOND   =       857.7608  ANGLE   =      2319.2587  DIHED      =      3489.6237
 1-4 NB =      1029.3462  1-4 EEL =     12315.3131  VDWAALS    =     14849.3757
 EELEC  =   -160533.6389  EHBOND  =         0.0000  RESTRAINT  =       345.4297
 EAMBER (non-restraint)  =   -125672.9607
 EKCMT  =     11121.5352  VIRIAL  =     12145.3135  VOLUME     =    416692.7518
                                                    Density    =         1.0186
 ------------------------------------------------------------------------------

wrapping first mol.:       27.16785       38.42114       66.54737
wrapping first mol.:       27.16785       38.42114       66.54737

 NSTEP =    39500   TIME(PS) =     819.000  TEMP(K) =   297.62  PRESS =   -45.4
 Etot   =   -100348.7109  EKtot   =     25373.1406  EPtot      =   -125721.8515
 BOND   =       846.5252  ANGLE   =      2255.1016  DIHED      =      3511.7340
 1-4 NB =      1033.6707  1-4 EEL =     12313.8654  VDWAALS    =     14967.6093
 EELEC  =   -160982.5862  EHBOND  =         0.0000  RESTRAINT  =       332.2286
 EAMBER (non-restraint)  =   -126054.0801
 EKCMT  =     11004.3379  VIRIAL  =     11412.6644  VOLUME     =    416782.4526
                                                    Density    =         1.0183
 ------------------------------------------------------------------------------

wrapping first mol.:       27.17416       38.43006       66.56281
wrapping first mol.:       27.17416       38.43006       66.56281

 NSTEP =    40000   TIME(PS) =     820.000  TEMP(K) =   300.00  PRESS =   -23.9
 Etot   =   -100039.4730  EKtot   =     25576.4648  EPtot      =   -125615.9378
 BOND   =       839.0362  ANGLE   =      2279.8003  DIHED      =      3477.8684
 1-4 NB =      1026.5152  1-4 EEL =     12240.0856  VDWAALS    =     14824.4038
 EELEC  =   -160658.8030  EHBOND  =         0.0000  RESTRAINT  =       355.1557
 EAMBER (non-restraint)  =   -125971.0935
 EKCMT  =     11121.0383  VIRIAL  =     11336.3814  VOLUME     =    417071.8100
                                                    Density    =         1.0176
 ------------------------------------------------------------------------------

wrapping first mol.:       27.16729       38.42035       66.54599
wrapping first mol.:       27.16729       38.42035       66.54599

 NSTEP =    40500   TIME(PS) =     821.000  TEMP(K) =   300.14  PRESS =    93.8
 Etot   =    -99998.8754  EKtot   =     25587.7500  EPtot      =   -125586.6254
 BOND   =       830.6703  ANGLE   =      2286.1085  DIHED      =      3493.9864
 1-4 NB =      1014.4840  1-4 EEL =     12288.6888  VDWAALS    =     14961.1323
 EELEC  =   -160790.5999  EHBOND  =         0.0000  RESTRAINT  =       328.9042
 EAMBER (non-restraint)  =   -125915.5296
 EKCMT  =     11090.4875  VIRIAL  =     10246.2221  VOLUME     =    416751.4505
                                                    Density    =         1.0184
 ------------------------------------------------------------------------------

wrapping first mol.:       27.16072       38.41106       66.52991
wrapping first mol.:       27.16072       38.41106       66.52991

 NSTEP =    41000   TIME(PS) =     822.000  TEMP(K) =   302.13  PRESS =    29.2
 Etot   =    -99973.0307  EKtot   =     25757.3516  EPtot      =   -125730.3822
 BOND   =       850.5474  ANGLE   =      2204.1430  DIHED      =      3501.3099
 1-4 NB =      1037.4661  1-4 EEL =     12301.7042  VDWAALS    =     14942.9689
 EELEC  =   -160879.3588  EHBOND  =         0.0000  RESTRAINT  =       310.8370
 EAMBER (non-restraint)  =   -126041.2192
 EKCMT  =     11339.3792  VIRIAL  =     11077.0097  VOLUME     =    416451.7185
                                                    Density    =         1.0191
 ------------------------------------------------------------------------------

wrapping first mol.:       27.17766       38.43502       66.57140
wrapping first mol.:       27.17766       38.43502       66.57140

 NSTEP =    41500   TIME(PS) =     823.000  TEMP(K) =   297.57  PRESS =   109.3
 Etot   =   -100018.9006  EKtot   =     25368.8340  EPtot      =   -125387.7346
 BOND   =       873.3277  ANGLE   =      2335.8773  DIHED      =      3486.7397
 1-4 NB =      1015.9301  1-4 EEL =     12277.1265  VDWAALS    =     14939.4776
 EELEC  =   -160671.6243  EHBOND  =         0.0000  RESTRAINT  =       355.4109
 EAMBER (non-restraint)  =   -125743.1455
 EKCMT  =     11007.5070  VIRIAL  =     10022.7181  VOLUME     =    417228.3255
                                                    Density    =         1.0173
 ------------------------------------------------------------------------------

wrapping first mol.:       27.17895       38.43683       66.57454
wrapping first mol.:       27.17895       38.43683       66.57454

 NSTEP =    42000   TIME(PS) =     824.000  TEMP(K) =   299.93  PRESS =  -107.0
 Etot   =    -99908.1832  EKtot   =     25569.9609  EPtot      =   -125478.1441
 BOND   =       864.0748  ANGLE   =      2343.5218  DIHED      =      3464.2316
 1-4 NB =      1017.5426  1-4 EEL =     12259.8743  VDWAALS    =     15010.6843
 EELEC  =   -160797.9956  EHBOND  =         0.0000  RESTRAINT  =       359.9221
 EAMBER (non-restraint)  =   -125838.0662
 EKCMT  =     11249.9337  VIRIAL  =     12214.3499  VOLUME     =    417295.5305
                                                    Density    =         1.0171
 ------------------------------------------------------------------------------

wrapping first mol.:       27.17768       38.43505       66.57145
wrapping first mol.:       27.17768       38.43505       66.57145

 NSTEP =    42500   TIME(PS) =     825.000  TEMP(K) =   299.49  PRESS =    38.5
 Etot   =   -100022.0758  EKtot   =     25532.2363  EPtot      =   -125554.3121
 BOND   =       860.6899  ANGLE   =      2287.4012  DIHED      =      3492.8092
 1-4 NB =      1035.3673  1-4 EEL =     12220.3546  VDWAALS    =     15128.8822
 EELEC  =   -160913.2807  EHBOND  =         0.0000  RESTRAINT  =       333.4643
 EAMBER (non-restraint)  =   -125887.7765
 EKCMT  =     11120.6906  VIRIAL  =     10774.2433  VOLUME     =    417231.9749
                                                    Density    =         1.0172
 ------------------------------------------------------------------------------

wrapping first mol.:       27.17355       38.42920       66.56133
wrapping first mol.:       27.17355       38.42920       66.56133

 NSTEP =    43000   TIME(PS) =     826.000  TEMP(K) =   300.25  PRESS =   -32.3
 Etot   =    -99988.4358  EKtot   =     25597.6953  EPtot      =   -125586.1311
 BOND   =       816.5758  ANGLE   =      2397.7083  DIHED      =      3504.5068
 1-4 NB =      1014.6417  1-4 EEL =     12287.3182  VDWAALS    =     14968.4368
 EELEC  =   -160912.6438  EHBOND  =         0.0000  RESTRAINT  =       337.3250
 EAMBER (non-restraint)  =   -125923.4562
 EKCMT  =     11084.6059  VIRIAL  =     11375.5919  VOLUME     =    417044.2943
                                                    Density    =         1.0177
 ------------------------------------------------------------------------------

wrapping first mol.:       27.16663       38.41941       66.54437
wrapping first mol.:       27.16663       38.41941       66.54437

 NSTEP =    43500   TIME(PS) =     827.000  TEMP(K) =   300.39  PRESS =  -132.6
 Etot   =   -100034.8310  EKtot   =     25609.2891  EPtot      =   -125644.1200
 BOND   =       862.5201  ANGLE   =      2286.9239  DIHED      =      3497.5726
 1-4 NB =      1016.6831  1-4 EEL =     12268.8931  VDWAALS    =     14789.8471
 EELEC  =   -160694.5331  EHBOND  =         0.0000  RESTRAINT  =       327.9733
 EAMBER (non-restraint)  =   -125972.0933
 EKCMT  =     11282.2880  VIRIAL  =     12475.5673  VOLUME     =    416729.3893
                                                    Density    =         1.0185
 ------------------------------------------------------------------------------

wrapping first mol.:       27.16207       38.41297       66.53320
wrapping first mol.:       27.16207       38.41297       66.53320

 NSTEP =    44000   TIME(PS) =     828.000  TEMP(K) =   303.11  PRESS =    58.9
 Etot   =    -99793.1978  EKtot   =     25841.2676  EPtot      =   -125634.4654
 BOND   =       823.3388  ANGLE   =      2297.7412  DIHED      =      3505.6400
 1-4 NB =      1043.1273  1-4 EEL =     12288.6788  VDWAALS    =     15044.0436
 EELEC  =   -160969.7862  EHBOND  =         0.0000  RESTRAINT  =       332.7512
 EAMBER (non-restraint)  =   -125967.2166
 EKCMT  =     11279.4259  VIRIAL  =     10749.4968  VOLUME     =    416512.4948
                                                    Density    =         1.0190
 ------------------------------------------------------------------------------

wrapping first mol.:       27.15073       38.39693       66.50542
wrapping first mol.:       27.15073       38.39693       66.50542

 NSTEP =    44500   TIME(PS) =     829.000  TEMP(K) =   298.80  PRESS =   -72.1
 Etot   =    -99843.8931  EKtot   =     25474.1250  EPtot      =   -125318.0181
 BOND   =       892.7067  ANGLE   =      2295.4080  DIHED      =      3507.5461
 1-4 NB =      1019.0799  1-4 EEL =     12244.0993  VDWAALS    =     14870.2663
 EELEC  =   -160491.4042  EHBOND  =         0.0000  RESTRAINT  =       344.2799
 EAMBER (non-restraint)  =   -125662.2980
 EKCMT  =     11225.3409  VIRIAL  =     11872.7212  VOLUME     =    415995.8362
                                                    Density    =         1.0203
 ------------------------------------------------------------------------------

wrapping first mol.:       27.14088       38.38299       66.48129
wrapping first mol.:       27.14088       38.38299       66.48129

 NSTEP =    45000   TIME(PS) =     830.000  TEMP(K) =   299.35  PRESS =   -35.3
 Etot   =   -100011.7237  EKtot   =     25520.2754  EPtot      =   -125531.9990
 BOND   =       855.6819  ANGLE   =      2282.4191  DIHED      =      3508.5128
 1-4 NB =      1016.1359  1-4 EEL =     12302.1301  VDWAALS    =     14782.7927
 EELEC  =   -160612.7454  EHBOND  =         0.0000  RESTRAINT  =       333.0739
 EAMBER (non-restraint)  =   -125865.0729
 EKCMT  =     11147.8790  VIRIAL  =     11464.6059  VOLUME     =    415541.7430
                                                    Density    =         1.0214
 ------------------------------------------------------------------------------

wrapping first mol.:       27.14303       38.38604       66.48656
wrapping first mol.:       27.14303       38.38604       66.48656

 NSTEP =    45500   TIME(PS) =     831.000  TEMP(K) =   301.19  PRESS =  -235.1
 Etot   =    -99916.8518  EKtot   =     25677.3867  EPtot      =   -125594.2385
 BOND   =       883.9725  ANGLE   =      2298.0340  DIHED      =      3492.3792
 1-4 NB =      1010.8568  1-4 EEL =     12312.2621  VDWAALS    =     14943.1984
 EELEC  =   -160873.8514  EHBOND  =         0.0000  RESTRAINT  =       338.9099
 EAMBER (non-restraint)  =   -125933.1484
 EKCMT  =     11097.7485  VIRIAL  =     13207.3159  VOLUME     =    415648.0606
                                                    Density    =         1.0211
 ------------------------------------------------------------------------------

wrapping first mol.:       27.13966       38.38128       66.47832
wrapping first mol.:       27.13966       38.38128       66.47832

 NSTEP =    46000   TIME(PS) =     832.000  TEMP(K) =   299.14  PRESS =   -46.0
 Etot   =   -100087.3855  EKtot   =     25502.4258  EPtot      =   -125589.8113
 BOND   =       859.2068  ANGLE   =      2314.9782  DIHED      =      3492.6337
 1-4 NB =      1025.8072  1-4 EEL =     12281.2511  VDWAALS    =     14767.7070
 EELEC  =   -160683.0830  EHBOND  =         0.0000  RESTRAINT  =       351.6877
 EAMBER (non-restraint)  =   -125941.4991
 EKCMT  =     11150.6723  VIRIAL  =     11563.4791  VOLUME     =    415486.4813
                                                    Density    =         1.0215
 ------------------------------------------------------------------------------

wrapping first mol.:       27.15192       38.39862       66.50835
wrapping first mol.:       27.15192       38.39862       66.50835

 NSTEP =    46500   TIME(PS) =     833.000  TEMP(K) =   300.28  PRESS =  -110.9
 Etot   =    -99723.0895  EKtot   =     25599.9688  EPtot      =   -125323.0583
 BOND   =       799.0851  ANGLE   =      2299.9585  DIHED      =      3491.0324
 1-4 NB =      1026.0338  1-4 EEL =     12316.5204  VDWAALS    =     14955.2403
 EELEC  =   -160562.7916  EHBOND  =         0.0000  RESTRAINT  =       351.8628
 EAMBER (non-restraint)  =   -125674.9211
 EKCMT  =     11260.3054  VIRIAL  =     12256.3423  VOLUME     =    416052.2614
                                                    Density    =         1.0201
 ------------------------------------------------------------------------------

wrapping first mol.:       27.15692       38.40569       66.52059
wrapping first mol.:       27.15692       38.40569       66.52059

 NSTEP =    47000   TIME(PS) =     834.000  TEMP(K) =   301.50  PRESS =   139.3
 Etot   =    -99413.0950  EKtot   =     25703.6523  EPtot      =   -125116.7474
 BOND   =       870.7488  ANGLE   =      2390.6509  DIHED      =      3495.0031
 1-4 NB =      1025.1887  1-4 EEL =     12297.1685  VDWAALS    =     14828.7200
 EELEC  =   -160368.5041  EHBOND  =         0.0000  RESTRAINT  =       344.2767
 EAMBER (non-restraint)  =   -125461.0241
 EKCMT  =     11280.3425  VIRIAL  =     10028.0260  VOLUME     =    416272.7171
                                                    Density    =         1.0196
 ------------------------------------------------------------------------------

wrapping first mol.:       27.15473       38.40259       66.51523
wrapping first mol.:       27.15473       38.40259       66.51523

 NSTEP =    47500   TIME(PS) =     835.000  TEMP(K) =   298.94  PRESS =   134.0
 Etot   =    -99926.2314  EKtot   =     25485.8633  EPtot      =   -125412.0946
 BOND   =       875.8161  ANGLE   =      2299.6274  DIHED      =      3465.8161
 1-4 NB =      1019.1623  1-4 EEL =     12240.4008  VDWAALS    =     15162.7868
 EELEC  =   -160812.0587  EHBOND  =         0.0000  RESTRAINT  =       336.3545
 EAMBER (non-restraint)  =   -125748.4491
 EKCMT  =     11014.1824  VIRIAL  =      9810.0441  VOLUME     =    416172.2959
                                                    Density    =         1.0198
 ------------------------------------------------------------------------------

wrapping first mol.:       27.15270       38.39971       66.51025
wrapping first mol.:       27.15270       38.39971       66.51025

 NSTEP =    48000   TIME(PS) =     836.000  TEMP(K) =   300.17  PRESS =    84.5
 Etot   =    -99968.0186  EKtot   =     25590.1387  EPtot      =   -125558.1573
 BOND   =       838.8777  ANGLE   =      2330.6977  DIHED      =      3521.0748
 1-4 NB =      1026.5318  1-4 EEL =     12284.4341  VDWAALS    =     15013.2629
 EELEC  =   -160913.3343  EHBOND  =         0.0000  RESTRAINT  =       340.2980
 EAMBER (non-restraint)  =   -125898.4553
 EKCMT  =     11104.8036  VIRIAL  =     10345.2689  VOLUME     =    416080.5544
                                                    Density    =         1.0201
 ------------------------------------------------------------------------------

wrapping first mol.:       27.16715       38.42015       66.54565
wrapping first mol.:       27.16715       38.42015       66.54565

 NSTEP =    48500   TIME(PS) =     837.000  TEMP(K) =   298.79  PRESS =  -113.7
 Etot   =   -100357.6189  EKtot   =     25472.8281  EPtot      =   -125830.4470
 BOND   =       823.1382  ANGLE   =      2345.2032  DIHED      =      3476.5859
 1-4 NB =      1010.9717  1-4 EEL =     12251.6723  VDWAALS    =     14900.4992
 EELEC  =   -160964.8083  EHBOND  =         0.0000  RESTRAINT  =       326.2908
 EAMBER (non-restraint)  =   -126156.7377
 EKCMT  =     11090.8879  VIRIAL  =     12114.1537  VOLUME     =    416752.7451
                                                    Density    =         1.0184
 ------------------------------------------------------------------------------

wrapping first mol.:       27.15608       38.40449       66.51853
wrapping first mol.:       27.15608       38.40449       66.51853

 NSTEP =    49000   TIME(PS) =     838.000  TEMP(K) =   299.51  PRESS =    27.9
 Etot   =   -100013.9977  EKtot   =     25534.0742  EPtot      =   -125548.0719
 BOND   =       827.7985  ANGLE   =      2241.2439  DIHED      =      3465.0313
 1-4 NB =      1035.2032  1-4 EEL =     12308.5267  VDWAALS    =     14840.1465
 EELEC  =   -160589.6853  EHBOND  =         0.0000  RESTRAINT  =       323.6633
 EAMBER (non-restraint)  =   -125871.7352
 EKCMT  =     11129.8490  VIRIAL  =     10879.0922  VOLUME     =    416238.1273
                                                    Density    =         1.0197
 ------------------------------------------------------------------------------

wrapping first mol.:       27.16308       38.41439       66.53568
wrapping first mol.:       27.16308       38.41439       66.53568

 NSTEP =    49500   TIME(PS) =     839.000  TEMP(K) =   299.71  PRESS =   236.8
 Etot   =   -100034.9182  EKtot   =     25551.1543  EPtot      =   -125586.0725
 BOND   =       797.9569  ANGLE   =      2261.0407  DIHED      =      3479.5361
 1-4 NB =      1011.4918  1-4 EEL =     12268.6527  VDWAALS    =     15188.3628
 EELEC  =   -160922.8944  EHBOND  =         0.0000  RESTRAINT  =       329.7809
 EAMBER (non-restraint)  =   -125915.8533
 EKCMT  =     11239.7298  VIRIAL  =      9109.6361  VOLUME     =    416552.3106
                                                    Density    =         1.0189
 ------------------------------------------------------------------------------

wrapping first mol.:       27.16263       38.41376       66.53458
wrapping first mol.:       27.16263       38.41376       66.53458

 NSTEP =    50000   TIME(PS) =     840.000  TEMP(K) =   299.10  PRESS =    10.3
 Etot   =    -99903.5637  EKtot   =     25499.3164  EPtot      =   -125402.8801
 BOND   =       820.0142  ANGLE   =      2310.9341  DIHED      =      3496.8196
 1-4 NB =      1010.0320  1-4 EEL =     12280.0760  VDWAALS    =     14947.8796
 EELEC  =   -160620.8841  EHBOND  =         0.0000  RESTRAINT  =       352.2485
 EAMBER (non-restraint)  =   -125755.1286
 EKCMT  =     11111.0330  VIRIAL  =     11018.4758  VOLUME     =    416540.2133
                                                    Density    =         1.0189
 ------------------------------------------------------------------------------


      A V E R A G E S   O V E R     100 S T E P S


 NSTEP =    50000   TIME(PS) =     840.000  TEMP(K) =   299.94  PRESS =    -6.6
 Etot   =    -99894.1781  EKtot   =     25570.8039  EPtot      =   -125464.9820
 BOND   =       839.3361  ANGLE   =      2312.2866  DIHED      =      3491.6642
 1-4 NB =      1024.2181  1-4 EEL =     12296.0103  VDWAALS    =     14963.2777
 EELEC  =   -160729.6944  EHBOND  =         0.0000  RESTRAINT  =       337.9194
 EAMBER (non-restraint)  =   -125802.9015
 EKCMT  =     11143.9819  VIRIAL  =     11203.1979  VOLUME     =    417088.8950
                                                    Density    =         1.0176
 ------------------------------------------------------------------------------


      R M S  F L U C T U A T I O N S


 NSTEP =    50000   TIME(PS) =     840.000  TEMP(K) =     1.46  PRESS =   119.7
 Etot   =       238.0263  EKtot   =       124.6195  EPtot      =       195.8373
 BOND   =        24.5823  ANGLE   =        34.1357  DIHED      =        17.0728
 1-4 NB =        11.1561  1-4 EEL =        28.0162  VDWAALS    =       141.1641
 EELEC  =       251.9816  EHBOND  =         0.0000  RESTRAINT  =        10.7814
 EAMBER (non-restraint)  =       185.0559
 EKCMT  =        78.3334  VIRIAL  =      1066.5501  VOLUME     =       654.5011
                                                    Density    =         0.0016
 ------------------------------------------------------------------------------

--------------------------------------------------------------------------------
   5.  TIMINGS
--------------------------------------------------------------------------------

|  NonSetup CPU Time in Major Routines:
|
|     Routine           Sec        %
|     ------------------------------
|     Nonbond         240.86   88.59
|     Bond              0.00    0.00
|     Angle             0.00    0.00
|     Dihedral          0.00    0.00
|     Shake             0.35    0.13
|     RunMD            30.62   11.26
|     Other             0.06    0.02
|     ------------------------------
|     Total           271.88

|  PME Nonbond Pairlist CPU Time:
|
|     Routine              Sec        %
|     ---------------------------------
|     Set Up Cit           0.00    0.00
|     Build List           0.00    0.00
|     ---------------------------------
|     Total                0.00    0.00

|  PME Direct Force CPU Time:
|
|     Routine              Sec        %
|     ---------------------------------
|     NonBonded Calc       0.00    0.00
|     Exclude Masked       0.00    0.00
|     Other                0.03    0.01
|     ---------------------------------
|     Total                0.03    0.01

|  PME Reciprocal Force CPU Time:
|
|     Routine              Sec        %
|     ---------------------------------
|     1D bspline           0.00    0.00
|     Grid Charges         0.00    0.00
|     Scalar Sum           0.00    0.00
|     Gradient Sum         0.00    0.00
|     FFT                  0.00    0.00
|     ---------------------------------
|     Total                0.00    0.00

|  Final Performance Info:
|     -----------------------------------------------------
|     Average timings for last    2500 steps:
|     Elapsed(s) =      13.59 Per Step(ms) =       5.44
|         ns/day =      31.78   seconds/ns =    2718.28
|
|     Average timings for all steps:
|     Elapsed(s) =     382.28 Per Step(ms) =       7.65
|         ns/day =      22.60   seconds/ns =    3822.76
|     -----------------------------------------------------

|  Setup CPU time:            0.64 seconds
|  NonSetup CPU time:       271.88 seconds
|  Total CPU time:          272.53 seconds     0.08 hours

|  Setup wall time:           1    seconds
|  NonSetup wall time:      382    seconds
|  Total wall time:         383    seconds     0.11 hours
