
          -------------------------------------------------------
          Amber 16 PMEMD                              2016
          -------------------------------------------------------

| PMEMD implementation of SANDER, Release 16

| Run on 11/03/2016 at 17:51:34

|   Executable path: pmemd.cuda
| Working directory: /home/german/exs/run/1m14/mhe/e
|          Hostname: Unknown
  [-O]verwriting output

File Assignments:
|   MDIN: 8equ.in                                                               
|  MDOUT: 8equ.out                                                              
| INPCRD: 7e1m14.rst7                                                           
|   PARM: 1m14.prmtop                                                           
| RESTRT: 8e1m14.rst7                                                           
|   REFC: 7e1m14.rst7                                                           
|  MDVEL: mdvel                                                                 
|   MDEN: mden                                                                  
|  MDCRD: 8e1m14.nc                                                             
| MDINFO: mdinfo                                                                
|  MDFRC: mdfrc                                                                 


 Here is the input file:

Equilibration with solute restrictions                                         
&cntrl                                                                         
imin = 0,                           ! No Minimization                          
nmropt = 0,                         ! No NMR restraints read                   
                                                                               
! Nature and format of the input                                               
ntx = 5,                            ! Coordinates but no velocities will be rea
irest = 1,                          ! Do not run a new simulation              
                                                                               
! Nature and format of the output                                              
ntxo = 1,                           ! rstrt file in ASCII format               
ntpr = 500,                         ! inf in output every ntpr steps           
ntwr = 500,                         ! rstrt file every ntwr steps              
ntwx = 500,                         ! mdcrd file every ntwx steps              
ntwv = 0,                           ! mdvel without velocities                 
ntwe = 0,                           ! Energies and temperatures not written in 
idecomp = 0,                        ! No energy decomposition                  
iwrap = 1,                          ! Coordinates of the restart and mdcrd file
                                                                               
! Frozen or restrained atoms                                                   
ibelly = 0,                         ! No frozen atoms                          
ntr=1,                              ! Harmonic potential restraints            
restraint_wt = 15.0,                ! The weight for the positional restraints 
restraintmask = ':1-277@N,CA,C,O',  ! restrained residues                      
                                                                               
! Molecular dynamics                                                           
nstlim = 50000,                     ! Number of MD-steps                       
dt = 0.002,                         ! Time step                                
                                                                               
! Temperature regulation                                                       
ntt = 3,                            ! Langevin thermostat                      
gamma_ln = 5,                       ! Gamma constant for Langevin              
!temp0 = 300.0,                     ! Reference T at which the system is to be 
tempi = 300.0,                      ! Initial T                                
ig = -1,                            ! Seed for the RNG                         
                                                                               
! P and V regulation                                                           
ntp = 1,                            ! Constant P. Isotropic scaling            
barostat = 1,                       ! Berendsen barostat                       
taup = 1,                           ! Pressure relaxation time                 
nrespa = 1,                         ! Evaluate at each step                    
ntb = 2,                            ! Periodic box for constant P              
                                                                               
! SHAKE variables                                                              
ntc = 2,                            ! Bonds involving H are constrained        
ntf = 2,                            ! Bond interaction involving H are ommited.
                                                                               
cut = 10.0,                         ! Nonbonded cutoff                         
/                                                                              
&end                                                                           


Note: ig = -1. Setting random seed to   409797 based on wallclock time in 
      microseconds.
 
|--------------------- INFORMATION ----------------------
| GPU (CUDA) Version of PMEMD in use: NVIDIA GPU IN USE.
|                    Version 16.0.0
| 
|                      02/25/2016
| 
| Implementation by:
|                    Ross C. Walker     (SDSC)
|                    Scott Le Grand     (nVIDIA)
| 
| Precision model in use:
|      [SPFP] - Single Precision Forces, 64-bit Fixed Point
|               Accumulation. (Default)
| 
|--------------------------------------------------------
 
|----------------- CITATION INFORMATION -----------------
|
|    When publishing work that utilized the CUDA version
|    of AMBER, please cite the following in addition to
|    the regular AMBER citations:
|
|  - Romelia Salomon-Ferrer; Andreas W. Goetz; Duncan
|    Poole; Scott Le Grand; Ross C. Walker "Routine
|    microsecond molecular dynamics simulations with
|    AMBER - Part II: Particle Mesh Ewald", J. Chem.
|    Theory Comput., 2013, 9 (9), pp3878-3888,
|    DOI: 10.1021/ct400314y.
|
|  - Andreas W. Goetz; Mark J. Williamson; Dong Xu;
|    Duncan Poole; Scott Le Grand; Ross C. Walker
|    "Routine microsecond molecular dynamics simulations
|    with AMBER - Part I: Generalized Born", J. Chem.
|    Theory Comput., 2012, 8 (5), pp1542-1555.
|
|  - Scott Le Grand; Andreas W. Goetz; Ross C. Walker
|    "SPFP: Speed without compromise - a mixed precision
|    model for GPU accelerated molecular dynamics
|    simulations.", Comp. Phys. Comm., 2013, 184
|    pp374-380, DOI: 10.1016/j.cpc.2012.09.022
|
|--------------------------------------------------------
 
|------------------- GPU DEVICE INFO --------------------
|
|            CUDA_VISIBLE_DEVICES: 1
|   CUDA Capable Devices Detected:      1
|           CUDA Device ID in use:      0
|                CUDA Device Name: GeForce GTX 1060 6GB
|     CUDA Device Global Mem Size:   6072 MB
| CUDA Device Num Multiprocessors:     10
|           CUDA Device Core Freq:   1.76 GHz
|
|--------------------------------------------------------
 
 
| Conditional Compilation Defines Used:
| PUBFFT
| BINTRAJ
| CUDA
| EMIL

| Largest sphere to fit in unit cell has radius =    33.267

| New format PARM file being parsed.
| Version =    1.000 Date = 11/02/16 Time = 18:58:44

| Note: 1-4 EEL scale factors are being read from the topology file.

| Note: 1-4 VDW scale factors are being read from the topology file.
| Duplicated    0 dihedrals

| Duplicated    0 dihedrals

--------------------------------------------------------------------------------
   1.  RESOURCE   USE: 
--------------------------------------------------------------------------------

 getting new box info from bottom of inpcrd
 NATOM  =   41788 NTYPES =      17 NBONH =   39561 MBONA  =    2274
 NTHETH =    5230 MTHETA =    3076 NPHIH =   10294 MPHIA  =    9773
 NHPARM =       0 NPARM  =       0 NNB   =   74758 NRES   =   12704
 NBONA  =    2274 NTHETA =    3076 NPHIA =    9773 NUMBND =      71
 NUMANG =     161 NPTRA  =     201 NATYP =      37 NPHB   =       1
 IFBOX  =       2 NMXRS  =      24 IFCAP =       0 NEXTRA =       0
 NCOPY  =       0

| Coordinate Index Table dimensions:    13   13   13
| Direct force subcell size =     6.2683    6.2683    6.2683

     BOX TYPE: TRUNCATED OCTAHEDRON

--------------------------------------------------------------------------------
   2.  CONTROL  DATA  FOR  THE  RUN
--------------------------------------------------------------------------------

default_name                                                                    

General flags:
     imin    =       0, nmropt  =       0

Nature and format of input:
     ntx     =       5, irest   =       1, ntrx    =       1

Nature and format of output:
     ntxo    =       1, ntpr    =     500, ntrx    =       1, ntwr    =     500
     iwrap   =       1, ntwx    =     500, ntwv    =       0, ntwe    =       0
     ioutfm  =       1, ntwprt  =       0, idecomp =       0, rbornstat=      0

Potential function:
     ntf     =       2, ntb     =       2, igb     =       0, nsnb    =      25
     ipol    =       0, gbsa    =       0, iesp    =       0
     dielc   =   1.00000, cut     =  10.00000, intdiel =   1.00000

Frozen or restrained atoms:
     ibelly  =       0, ntr     =       1
     restraint_wt =  15.00000

Molecular dynamics:
     nstlim  =     50000, nscm    =         0, nrespa  =         1
     t       =   0.00000, dt      =   0.00200, vlimit  =  -1.00000

Langevin dynamics temperature regulation:
     ig      =  409797
     temp0   = 300.00000, tempi   = 300.00000, gamma_ln=   5.00000

Pressure regulation:
     ntp     =       1
     pres0   =   1.00000, comp    =  44.60000, taup    =   1.00000

SHAKE:
     ntc     =       2, jfastw  =       0
     tol     =   0.00001

| Intermolecular bonds treatment:
|     no_intermolecular_bonds =       1

| Energy averages sample interval:
|     ene_avg_sampling =     500

Ewald parameters:
     verbose =       0, ew_type =       0, nbflag  =       1, use_pme =       1
     vdwmeth =       1, eedmeth =       1, netfrc  =       1
     Box X =   81.488   Box Y =   81.488   Box Z =   81.488
     Alpha =  109.471   Beta  =  109.471   Gamma =  109.471
     NFFT1 =   84       NFFT2 =   84       NFFT3 =   84
     Cutoff=   10.000   Tol   =0.100E-04
     Ewald Coefficient =  0.27511
     Interpolation order =    4

    LOADING THE CONSTRAINED ATOMS AS GROUPS


   5.  REFERENCE ATOM COORDINATES

  default_name                                                                    
     Mask :1-277@N,CA,C,O; matches  1108 atoms

--------------------------------------------------------------------------------
   3.  ATOMIC COORDINATES AND VELOCITIES
--------------------------------------------------------------------------------

default_name                                                                    
 begin time read from input coords =   840.000 ps

 
 Number of triangulated 3-point waters found:    12424

     Sum of charges from parm topology file =  -0.00000014
     Forcing neutrality...

| Dynamic Memory, Types Used:
| Reals             1922650
| Integers          1476360

| Nonbonded Pairs Initial Allocation:    12639825

| GPU memory information (estimate):
| KB of GPU memory in use:    333977
| KB of CPU memory in use:     63449

--------------------------------------------------------------------------------
   4.  RESULTS
--------------------------------------------------------------------------------

 ---------------------------------------------------
 APPROXIMATING switch and d/dx switch using CUBIC SPLINE INTERPOLATION
 using   5000.0 points per unit in tabled values
 TESTING RELATIVE ERROR over r ranging from 0.0 to cutoff
| CHECK switch(x): max rel err =   0.2738E-14   at   2.422500
| CHECK d/dx switch(x): max rel err =   0.8314E-11   at   2.736960
 ---------------------------------------------------
|---------------------------------------------------
| APPROXIMATING direct energy using CUBIC SPLINE INTERPOLATION
|  with   50.0 points per unit in tabled values
| Relative Error Limit not exceeded for r .gt.   2.33
| APPROXIMATING direct force using CUBIC SPLINE INTERPOLATION
|  with   50.0 points per unit in tabled values
| Relative Error Limit not exceeded for r .gt.   2.80
|---------------------------------------------------
wrapping first mol.:       27.16850       38.42206       66.54896
wrapping first mol.:       27.16850       38.42206       66.54896

 NSTEP =      500   TIME(PS) =     841.000  TEMP(K) =   299.41  PRESS =  -145.6
 Etot   =   -100018.3171  EKtot   =     25525.8477  EPtot      =   -125544.1648
 BOND   =       817.9038  ANGLE   =      2327.2969  DIHED      =      3478.8176
 1-4 NB =      1010.4697  1-4 EEL =     12314.7467  VDWAALS    =     14976.8122
 EELEC  =   -160781.1352  EHBOND  =         0.0000  RESTRAINT  =       310.9235
 EAMBER (non-restraint)  =   -125855.0882
 EKCMT  =     11154.9618  VIRIAL  =     12465.4801  VOLUME     =    416816.0767
                                                    Density    =         1.0183
 ------------------------------------------------------------------------------

wrapping first mol.:       27.17325       38.42878       66.56059
wrapping first mol.:       27.17325       38.42878       66.56059

 NSTEP =     1000   TIME(PS) =     842.000  TEMP(K) =   298.36  PRESS =   -58.5
 Etot   =   -100020.5393  EKtot   =     25435.8770  EPtot      =   -125456.4162
 BOND   =       834.6292  ANGLE   =      2287.9431  DIHED      =      3495.7524
 1-4 NB =      1006.7288  1-4 EEL =     12304.6370  VDWAALS    =     14843.7386
 EELEC  =   -160530.8833  EHBOND  =         0.0000  RESTRAINT  =       301.0380
 EAMBER (non-restraint)  =   -125757.4542
 EKCMT  =     11110.9919  VIRIAL  =     11637.4468  VOLUME     =    417031.3817
                                                    Density    =         1.0177
 ------------------------------------------------------------------------------

wrapping first mol.:       27.18244       38.44178       66.58311
wrapping first mol.:       27.18244       38.44178       66.58311

 NSTEP =     1500   TIME(PS) =     843.000  TEMP(K) =   299.96  PRESS =  -148.8
 Etot   =    -99755.0536  EKtot   =     25572.5820  EPtot      =   -125327.6356
 BOND   =       849.9537  ANGLE   =      2348.3288  DIHED      =      3473.7047
 1-4 NB =      1023.5685  1-4 EEL =     12284.7577  VDWAALS    =     14764.3772
 EELEC  =   -160384.0671  EHBOND  =         0.0000  RESTRAINT  =       311.7409
 EAMBER (non-restraint)  =   -125639.3765
 EKCMT  =     11183.3677  VIRIAL  =     12524.3666  VOLUME     =    417458.1115
                                                    Density    =         1.0167
 ------------------------------------------------------------------------------

wrapping first mol.:       27.17275       38.42806       66.55935
wrapping first mol.:       27.17275       38.42806       66.55935

 NSTEP =     2000   TIME(PS) =     844.000  TEMP(K) =   299.66  PRESS =  -138.4
 Etot   =    -99798.9805  EKtot   =     25547.4883  EPtot      =   -125346.4688
 BOND   =       833.1462  ANGLE   =      2289.0145  DIHED      =      3525.8697
 1-4 NB =      1015.8466  1-4 EEL =     12297.7044  VDWAALS    =     14827.7710
 EELEC  =   -160461.5942  EHBOND  =         0.0000  RESTRAINT  =       325.7730
 EAMBER (non-restraint)  =   -125672.2418
 EKCMT  =     11140.5277  VIRIAL  =     12386.6594  VOLUME     =    417011.1291
                                                    Density    =         1.0178
 ------------------------------------------------------------------------------

wrapping first mol.:       27.16694       38.41985       66.54512
wrapping first mol.:       27.16694       38.41985       66.54512

 NSTEP =     2500   TIME(PS) =     845.000  TEMP(K) =   301.58  PRESS =   138.1
 Etot   =    -99870.8026  EKtot   =     25711.0723  EPtot      =   -125581.8748
 BOND   =       828.1534  ANGLE   =      2323.6508  DIHED      =      3490.3247
 1-4 NB =      1021.3176  1-4 EEL =     12305.1365  VDWAALS    =     15091.3104
 EELEC  =   -160936.0341  EHBOND  =         0.0000  RESTRAINT  =       294.2658
 EAMBER (non-restraint)  =   -125876.1406
 EKCMT  =     11155.1388  VIRIAL  =      9912.5050  VOLUME     =    416733.4283
                                                    Density    =         1.0185
 ------------------------------------------------------------------------------

wrapping first mol.:       27.15846       38.40787       66.52437
wrapping first mol.:       27.15846       38.40787       66.52437

 NSTEP =     3000   TIME(PS) =     846.000  TEMP(K) =   301.86  PRESS =  -170.7
 Etot   =    -99671.2310  EKtot   =     25734.6055  EPtot      =   -125405.8364
 BOND   =       847.9194  ANGLE   =      2308.9415  DIHED      =      3488.9570
 1-4 NB =       993.5825  1-4 EEL =     12261.3797  VDWAALS    =     14664.7591
 EELEC  =   -160283.8059  EHBOND  =         0.0000  RESTRAINT  =       312.4302
 EAMBER (non-restraint)  =   -125718.2666
 EKCMT  =     11252.4485  VIRIAL  =     12787.1867  VOLUME     =    416355.1592
                                                    Density    =         1.0194
 ------------------------------------------------------------------------------

wrapping first mol.:       27.15408       38.40167       66.51364
wrapping first mol.:       27.15408       38.40167       66.51364

 NSTEP =     3500   TIME(PS) =     847.000  TEMP(K) =   298.86  PRESS =    85.3
 Etot   =    -99958.6105  EKtot   =     25478.6133  EPtot      =   -125437.2238
 BOND   =       854.2087  ANGLE   =      2311.8412  DIHED      =      3469.8199
 1-4 NB =      1020.0912  1-4 EEL =     12304.2087  VDWAALS    =     14789.5485
 EELEC  =   -160493.0355  EHBOND  =         0.0000  RESTRAINT  =       306.0935
 EAMBER (non-restraint)  =   -125743.3173
 EKCMT  =     11103.4302  VIRIAL  =     10336.5793  VOLUME     =    416144.1398
                                                    Density    =         1.0199
 ------------------------------------------------------------------------------

wrapping first mol.:       27.16042       38.41063       66.52915
wrapping first mol.:       27.16042       38.41063       66.52915

 NSTEP =     4000   TIME(PS) =     848.000  TEMP(K) =   298.46  PRESS =  -130.8
 Etot   =   -100223.5913  EKtot   =     25444.7129  EPtot      =   -125668.3042
 BOND   =       860.8333  ANGLE   =      2330.5256  DIHED      =      3467.6591
 1-4 NB =      1016.3087  1-4 EEL =     12301.4802  VDWAALS    =     14746.6803
 EELEC  =   -160674.5110  EHBOND  =         0.0000  RESTRAINT  =       282.7196
 EAMBER (non-restraint)  =   -125951.0238
 EKCMT  =     11134.5814  VIRIAL  =     12310.5938  VOLUME     =    416443.4182
                                                    Density    =         1.0192
 ------------------------------------------------------------------------------

wrapping first mol.:       27.15454       38.40232       66.51477
wrapping first mol.:       27.15454       38.40232       66.51477

 NSTEP =     4500   TIME(PS) =     849.000  TEMP(K) =   301.13  PRESS =    41.4
 Etot   =    -99838.8220  EKtot   =     25672.4258  EPtot      =   -125511.2478
 BOND   =       829.7261  ANGLE   =      2333.8374  DIHED      =      3490.7954
 1-4 NB =      1027.8953  1-4 EEL =     12296.8540  VDWAALS    =     14806.4589
 EELEC  =   -160609.8658  EHBOND  =         0.0000  RESTRAINT  =       313.0509
 EAMBER (non-restraint)  =   -125824.2987
 EKCMT  =     11129.6162  VIRIAL  =     10757.4879  VOLUME     =    416167.0318
                                                    Density    =         1.0198
 ------------------------------------------------------------------------------

wrapping first mol.:       27.15464       38.40246       66.51501
wrapping first mol.:       27.15464       38.40246       66.51501

 NSTEP =     5000   TIME(PS) =     850.000  TEMP(K) =   301.53  PRESS =   -45.0
 Etot   =    -99821.9778  EKtot   =     25706.1973  EPtot      =   -125528.1750
 BOND   =       784.3880  ANGLE   =      2309.1756  DIHED      =      3471.3135
 1-4 NB =      1020.4952  1-4 EEL =     12278.6709  VDWAALS    =     14882.0150
 EELEC  =   -160563.2937  EHBOND  =         0.0000  RESTRAINT  =       289.0606
 EAMBER (non-restraint)  =   -125817.2356
 EKCMT  =     11187.1327  VIRIAL  =     11591.5342  VOLUME     =    416174.8053
                                                    Density    =         1.0198
 ------------------------------------------------------------------------------

wrapping first mol.:       27.14449       38.38810       66.49013
wrapping first mol.:       27.14449       38.38810       66.49013

 NSTEP =     5500   TIME(PS) =     851.000  TEMP(K) =   299.03  PRESS =  -110.0
 Etot   =   -100092.3546  EKtot   =     25493.3945  EPtot      =   -125585.7491
 BOND   =       874.6033  ANGLE   =      2273.6933  DIHED      =      3490.4865
 1-4 NB =      1034.4175  1-4 EEL =     12326.6758  VDWAALS    =     14803.7559
 EELEC  =   -160693.1065  EHBOND  =         0.0000  RESTRAINT  =       303.7250
 EAMBER (non-restraint)  =   -125889.4741
 EKCMT  =     11145.1278  VIRIAL  =     12132.8127  VOLUME     =    415710.3589
                                                    Density    =         1.0210
 ------------------------------------------------------------------------------

wrapping first mol.:       27.14149       38.38387       66.48281
wrapping first mol.:       27.14149       38.38387       66.48281

 NSTEP =     6000   TIME(PS) =     852.000  TEMP(K) =   298.79  PRESS =   129.3
 Etot   =   -100009.7250  EKtot   =     25473.1875  EPtot      =   -125482.9125
 BOND   =       851.0833  ANGLE   =      2261.2666  DIHED      =      3486.0899
 1-4 NB =      1023.6840  1-4 EEL =     12337.0818  VDWAALS    =     15006.0577
 EELEC  =   -160752.1327  EHBOND  =         0.0000  RESTRAINT  =       303.9569
 EAMBER (non-restraint)  =   -125786.8694
 EKCMT  =     10991.7280  VIRIAL  =      9831.3738  VOLUME     =    415564.0811
                                                    Density    =         1.0213
 ------------------------------------------------------------------------------

wrapping first mol.:       27.15355       38.40092       66.51233
wrapping first mol.:       27.15355       38.40092       66.51233

 NSTEP =     6500   TIME(PS) =     853.000  TEMP(K) =   301.77  PRESS =   -60.0
 Etot   =    -99829.2081  EKtot   =     25726.7383  EPtot      =   -125555.9464
 BOND   =       831.7281  ANGLE   =      2303.3192  DIHED      =      3495.7222
 1-4 NB =      1041.8152  1-4 EEL =     12338.7001  VDWAALS    =     15093.0660
 EELEC  =   -160965.0728  EHBOND  =         0.0000  RESTRAINT  =       304.7757
 EAMBER (non-restraint)  =   -125860.7221
 EKCMT  =     11227.6102  VIRIAL  =     11766.8566  VOLUME     =    416125.0701
                                                    Density    =         1.0199
 ------------------------------------------------------------------------------

wrapping first mol.:       27.14619       38.39051       66.49431
wrapping first mol.:       27.14619       38.39051       66.49431

 NSTEP =     7000   TIME(PS) =     854.000  TEMP(K) =   298.74  PRESS =   110.7
 Etot   =   -100063.1168  EKtot   =     25468.2129  EPtot      =   -125531.3297
 BOND   =       808.8218  ANGLE   =      2349.7354  DIHED      =      3523.5497
 1-4 NB =      1051.2198  1-4 EEL =     12265.0716  VDWAALS    =     14881.1679
 EELEC  =   -160725.7551  EHBOND  =         0.0000  RESTRAINT  =       314.8592
 EAMBER (non-restraint)  =   -125846.1888
 EKCMT  =     11099.1271  VIRIAL  =     10105.3526  VOLUME     =    415780.6305
                                                    Density    =         1.0208
 ------------------------------------------------------------------------------

wrapping first mol.:       27.13629       38.37651       66.47006
wrapping first mol.:       27.13629       38.37651       66.47006

 NSTEP =     7500   TIME(PS) =     855.000  TEMP(K) =   301.07  PRESS =  -227.8
 Etot   =    -99848.2065  EKtot   =     25667.0586  EPtot      =   -125515.2651
 BOND   =       818.5764  ANGLE   =      2357.2959  DIHED      =      3478.2056
 1-4 NB =      1021.9129  1-4 EEL =     12289.5049  VDWAALS    =     14452.3508
 EELEC  =   -160227.8425  EHBOND  =         0.0000  RESTRAINT  =       294.7309
 EAMBER (non-restraint)  =   -125809.9960
 EKCMT  =     11221.4056  VIRIAL  =     13263.8035  VOLUME     =    415338.3053
                                                    Density    =         1.0219
 ------------------------------------------------------------------------------

wrapping first mol.:       27.13766       38.37844       66.47341
wrapping first mol.:       27.13766       38.37844       66.47341

 NSTEP =     8000   TIME(PS) =     856.000  TEMP(K) =   299.04  PRESS =  -116.3
 Etot   =    -99829.9314  EKtot   =     25493.8047  EPtot      =   -125323.7361
 BOND   =       858.5847  ANGLE   =      2307.9487  DIHED      =      3505.0286
 1-4 NB =      1035.4177  1-4 EEL =     12333.5114  VDWAALS    =     14696.6832
 EELEC  =   -160355.3629  EHBOND  =         0.0000  RESTRAINT  =       294.4524
 EAMBER (non-restraint)  =   -125618.1885
 EKCMT  =     11110.1730  VIRIAL  =     12153.3095  VOLUME     =    415396.9499
                                                    Density    =         1.0217
 ------------------------------------------------------------------------------

wrapping first mol.:       27.14339       38.38655       66.48746
wrapping first mol.:       27.14339       38.38655       66.48746

 NSTEP =     8500   TIME(PS) =     857.000  TEMP(K) =   297.53  PRESS =   145.1
 Etot   =   -100182.5993  EKtot   =     25365.2754  EPtot      =   -125547.8746
 BOND   =       849.2407  ANGLE   =      2250.6169  DIHED      =      3492.7445
 1-4 NB =      1040.9866  1-4 EEL =     12287.9534  VDWAALS    =     15172.9153
 EELEC  =   -160932.7131  EHBOND  =         0.0000  RESTRAINT  =       290.3811
 EAMBER (non-restraint)  =   -125838.2558
 EKCMT  =     11034.0862  VIRIAL  =      9732.1393  VOLUME     =    415650.7483
                                                    Density    =         1.0211
 ------------------------------------------------------------------------------

wrapping first mol.:       27.15515       38.40319       66.51626
wrapping first mol.:       27.15515       38.40319       66.51626

 NSTEP =     9000   TIME(PS) =     858.000  TEMP(K) =   301.66  PRESS =   105.9
 Etot   =    -99903.8379  EKtot   =     25717.8848  EPtot      =   -125621.7226
 BOND   =       863.5549  ANGLE   =      2340.1628  DIHED      =      3490.2135
 1-4 NB =       990.2027  1-4 EEL =     12246.9628  VDWAALS    =     15286.9286
 EELEC  =   -161158.1520  EHBOND  =         0.0000  RESTRAINT  =       318.4040
 EAMBER (non-restraint)  =   -125940.1267
 EKCMT  =     11172.8233  VIRIAL  =     10220.8868  VOLUME     =    416192.6535
                                                    Density    =         1.0198
 ------------------------------------------------------------------------------

wrapping first mol.:       27.17216       38.42724       66.55793
wrapping first mol.:       27.17216       38.42724       66.55793

 NSTEP =     9500   TIME(PS) =     859.000  TEMP(K) =   299.69  PRESS =  -180.1
 Etot   =    -99864.2685  EKtot   =     25549.4199  EPtot      =   -125413.6884
 BOND   =       784.0667  ANGLE   =      2279.8027  DIHED      =      3516.8658
 1-4 NB =      1034.3874  1-4 EEL =     12294.1596  VDWAALS    =     14932.6224
 EELEC  =   -160573.7085  EHBOND  =         0.0000  RESTRAINT  =       318.1155
 EAMBER (non-restraint)  =   -125731.8039
 EKCMT  =     11159.3758  VIRIAL  =     12780.7184  VOLUME     =    416985.8477
                                                    Density    =         1.0178
 ------------------------------------------------------------------------------

wrapping first mol.:       27.14507       38.38892       66.49156
wrapping first mol.:       27.14507       38.38892       66.49156

 NSTEP =    10000   TIME(PS) =     860.000  TEMP(K) =   299.96  PRESS =  -119.4
 Etot   =   -100008.2135  EKtot   =     25572.9648  EPtot      =   -125581.1784
 BOND   =       860.7488  ANGLE   =      2292.4558  DIHED      =      3468.1001
 1-4 NB =      1024.6108  1-4 EEL =     12296.4281  VDWAALS    =     14629.7368
 EELEC  =   -160465.2901  EHBOND  =         0.0000  RESTRAINT  =       312.0312
 EAMBER (non-restraint)  =   -125893.2096
 EKCMT  =     11100.1883  VIRIAL  =     12171.8534  VOLUME     =    415737.5381
                                                    Density    =         1.0209
 ------------------------------------------------------------------------------

wrapping first mol.:       27.15535       38.40346       66.51674
wrapping first mol.:       27.15535       38.40346       66.51674

 NSTEP =    10500   TIME(PS) =     861.000  TEMP(K) =   299.43  PRESS =    -1.8
 Etot   =   -100365.6431  EKtot   =     25527.1797  EPtot      =   -125892.8228
 BOND   =       840.7169  ANGLE   =      2273.8904  DIHED      =      3520.7362
 1-4 NB =      1008.5150  1-4 EEL =     12279.0124  VDWAALS    =     15143.8469
 EELEC  =   -161246.8160  EHBOND  =         0.0000  RESTRAINT  =       287.2754
 EAMBER (non-restraint)  =   -126180.0981
 EKCMT  =     11179.6176  VIRIAL  =     11195.7060  VOLUME     =    416205.6197
                                                    Density    =         1.0198
 ------------------------------------------------------------------------------

wrapping first mol.:       27.14738       38.39220       66.49723
wrapping first mol.:       27.14738       38.39220       66.49723

 NSTEP =    11000   TIME(PS) =     862.000  TEMP(K) =   298.93  PRESS =   -50.7
 Etot   =   -100131.4906  EKtot   =     25484.8848  EPtot      =   -125616.3753
 BOND   =       843.4556  ANGLE   =      2330.4693  DIHED      =      3502.3963
 1-4 NB =      1008.8908  1-4 EEL =     12277.8489  VDWAALS    =     15013.0878
 EELEC  =   -160879.8888  EHBOND  =         0.0000  RESTRAINT  =       287.3648
 EAMBER (non-restraint)  =   -125903.7401
 EKCMT  =     11108.0259  VIRIAL  =     11563.3206  VOLUME     =    415841.3413
                                                    Density    =         1.0206
 ------------------------------------------------------------------------------

wrapping first mol.:       27.16325       38.41464       66.53610
wrapping first mol.:       27.16325       38.41464       66.53610

 NSTEP =    11500   TIME(PS) =     863.000  TEMP(K) =   299.85  PRESS =   175.9
 Etot   =    -99906.6466  EKtot   =     25563.1328  EPtot      =   -125469.7794
 BOND   =       840.9784  ANGLE   =      2334.3336  DIHED      =      3490.3935
 1-4 NB =      1028.1918  1-4 EEL =     12277.4571  VDWAALS    =     15181.1481
 EELEC  =   -160901.8958  EHBOND  =         0.0000  RESTRAINT  =       279.6138
 EAMBER (non-restraint)  =   -125749.3932
 EKCMT  =     11226.8275  VIRIAL  =      9645.1675  VOLUME     =    416562.4538
                                                    Density    =         1.0189
 ------------------------------------------------------------------------------

wrapping first mol.:       27.15071       38.39690       66.50537
wrapping first mol.:       27.15071       38.39690       66.50537

 NSTEP =    12000   TIME(PS) =     864.000  TEMP(K) =   299.52  PRESS =    50.9
 Etot   =   -100126.0639  EKtot   =     25534.7441  EPtot      =   -125660.8081
 BOND   =       837.3921  ANGLE   =      2295.9646  DIHED      =      3497.8880
 1-4 NB =      1012.7139  1-4 EEL =     12253.5308  VDWAALS    =     15068.6433
 EELEC  =   -160931.5228  EHBOND  =         0.0000  RESTRAINT  =       304.5821
 EAMBER (non-restraint)  =   -125965.3901
 EKCMT  =     11159.6244  VIRIAL  =     10702.0565  VOLUME     =    415990.2319
                                                    Density    =         1.0203
 ------------------------------------------------------------------------------

wrapping first mol.:       27.15530       38.40339       66.51662
wrapping first mol.:       27.15530       38.40339       66.51662

 NSTEP =    12500   TIME(PS) =     865.000  TEMP(K) =   298.92  PRESS =    33.9
 Etot   =   -100034.6695  EKtot   =     25484.1387  EPtot      =   -125518.8082
 BOND   =       835.1733  ANGLE   =      2263.7977  DIHED      =      3509.1980
 1-4 NB =      1018.8597  1-4 EEL =     12305.5049  VDWAALS    =     15021.3492
 EELEC  =   -160778.4285  EHBOND  =         0.0000  RESTRAINT  =       305.7374
 EAMBER (non-restraint)  =   -125824.5456
 EKCMT  =     11163.6071  VIRIAL  =     10859.0020  VOLUME     =    416202.1041
                                                    Density    =         1.0198
 ------------------------------------------------------------------------------

wrapping first mol.:       27.17256       38.42781       66.55891
wrapping first mol.:       27.17256       38.42781       66.55891

 NSTEP =    13000   TIME(PS) =     866.000  TEMP(K) =   301.26  PRESS =    14.3
 Etot   =    -99762.1687  EKtot   =     25683.8770  EPtot      =   -125446.0456
 BOND   =       859.5795  ANGLE   =      2266.5485  DIHED      =      3481.0813
 1-4 NB =      1009.3240  1-4 EEL =     12305.6344  VDWAALS    =     14906.6113
 EELEC  =   -160606.0034  EHBOND  =         0.0000  RESTRAINT  =       331.1788
 EAMBER (non-restraint)  =   -125777.2244
 EKCMT  =     11163.5832  VIRIAL  =     11034.8781  VOLUME     =    416997.1091
                                                    Density    =         1.0178
 ------------------------------------------------------------------------------

wrapping first mol.:       27.18078       38.43942       66.57902
wrapping first mol.:       27.18078       38.43942       66.57902

 NSTEP =    13500   TIME(PS) =     867.000  TEMP(K) =   298.52  PRESS =  -108.8
 Etot   =   -100268.6299  EKtot   =     25449.5293  EPtot      =   -125718.1592
 BOND   =       874.7161  ANGLE   =      2299.2443  DIHED      =      3470.2083
 1-4 NB =      1010.4101  1-4 EEL =     12299.1700  VDWAALS    =     14797.9975
 EELEC  =   -160781.3366  EHBOND  =         0.0000  RESTRAINT  =       311.4311
 EAMBER (non-restraint)  =   -126029.5903
 EKCMT  =     11030.8912  VIRIAL  =     12011.0175  VOLUME     =    417379.8413
                                                    Density    =         1.0169
 ------------------------------------------------------------------------------

wrapping first mol.:       27.17622       38.43297       66.56786
wrapping first mol.:       27.17622       38.43297       66.56786

 NSTEP =    14000   TIME(PS) =     868.000  TEMP(K) =   298.96  PRESS =   126.8
 Etot   =    -99858.9736  EKtot   =     25487.0742  EPtot      =   -125346.0478
 BOND   =       866.6970  ANGLE   =      2361.9723  DIHED      =      3478.1481
 1-4 NB =      1024.6313  1-4 EEL =     12302.2097  VDWAALS    =     14924.0296
 EELEC  =   -160602.7667  EHBOND  =         0.0000  RESTRAINT  =       299.0309
 EAMBER (non-restraint)  =   -125645.0786
 EKCMT  =     11108.4505  VIRIAL  =      9966.0931  VOLUME     =    417161.1492
                                                    Density    =         1.0174
 ------------------------------------------------------------------------------

wrapping first mol.:       27.16432       38.41614       66.53870
wrapping first mol.:       27.16432       38.41614       66.53870

 NSTEP =    14500   TIME(PS) =     869.000  TEMP(K) =   299.19  PRESS =    14.5
 Etot   =   -100089.7913  EKtot   =     25507.4043  EPtot      =   -125597.1956
 BOND   =       846.1984  ANGLE   =      2265.2259  DIHED      =      3484.7628
 1-4 NB =      1029.4435  1-4 EEL =     12326.3564  VDWAALS    =     15003.4978
 EELEC  =   -160844.2597  EHBOND  =         0.0000  RESTRAINT  =       291.5793
 EAMBER (non-restraint)  =   -125888.7749
 EKCMT  =     11038.3798  VIRIAL  =     10907.8582  VOLUME     =    416617.4392
                                                    Density    =         1.0187
 ------------------------------------------------------------------------------

wrapping first mol.:       27.16819       38.42163       66.54821
wrapping first mol.:       27.16819       38.42163       66.54821

 NSTEP =    15000   TIME(PS) =     870.000  TEMP(K) =   300.35  PRESS =   -19.1
 Etot   =   -100075.8918  EKtot   =     25606.0840  EPtot      =   -125681.9758
 BOND   =       848.9371  ANGLE   =      2294.0416  DIHED      =      3499.7161
 1-4 NB =      1001.7629  1-4 EEL =     12272.2901  VDWAALS    =     14973.3900
 EELEC  =   -160867.4181  EHBOND  =         0.0000  RESTRAINT  =       295.3046
 EAMBER (non-restraint)  =   -125977.2804
 EKCMT  =     11247.9894  VIRIAL  =     11420.1400  VOLUME     =    416797.1980
                                                    Density    =         1.0183
 ------------------------------------------------------------------------------

wrapping first mol.:       27.16266       38.41380       66.53465
wrapping first mol.:       27.16266       38.41380       66.53465

 NSTEP =    15500   TIME(PS) =     871.000  TEMP(K) =   302.10  PRESS =    43.9
 Etot   =    -99666.2874  EKtot   =     25755.4414  EPtot      =   -125421.7288
 BOND   =       813.3445  ANGLE   =      2321.0411  DIHED      =      3509.7351
 1-4 NB =      1012.3139  1-4 EEL =     12298.5698  VDWAALS    =     14914.6551
 EELEC  =   -160595.7565  EHBOND  =         0.0000  RESTRAINT  =       304.3681
 EAMBER (non-restraint)  =   -125726.0969
 EKCMT  =     11248.0521  VIRIAL  =     10852.9054  VOLUME     =    416540.2817
                                                    Density    =         1.0189
 ------------------------------------------------------------------------------

wrapping first mol.:       27.16072       38.41106       66.52990
wrapping first mol.:       27.16072       38.41106       66.52990

 NSTEP =    16000   TIME(PS) =     872.000  TEMP(K) =   302.28  PRESS =   196.4
 Etot   =    -99501.0136  EKtot   =     25770.6582  EPtot      =   -125271.6718
 BOND   =       844.4406  ANGLE   =      2337.4164  DIHED      =      3476.0489
 1-4 NB =      1017.0917  1-4 EEL =     12302.2440  VDWAALS    =     14837.2225
 EELEC  =   -160389.4341  EHBOND  =         0.0000  RESTRAINT  =       303.2983
 EAMBER (non-restraint)  =   -125574.9701
 EKCMT  =     11163.1234  VIRIAL  =      9397.3975  VOLUME     =    416445.3873
                                                    Density    =         1.0192
 ------------------------------------------------------------------------------

wrapping first mol.:       27.16204       38.41293       66.53314
wrapping first mol.:       27.16204       38.41293       66.53314

 NSTEP =    16500   TIME(PS) =     873.000  TEMP(K) =   299.65  PRESS =   106.6
 Etot   =    -99789.9505  EKtot   =     25546.6328  EPtot      =   -125336.5833
 BOND   =       823.8311  ANGLE   =      2332.2750  DIHED      =      3467.8322
 1-4 NB =      1016.4586  1-4 EEL =     12261.5168  VDWAALS    =     15040.0555
 EELEC  =   -160580.5879  EHBOND  =         0.0000  RESTRAINT  =       302.0354
 EAMBER (non-restraint)  =   -125638.6188
 EKCMT  =     11138.3263  VIRIAL  =     10179.3268  VOLUME     =    416509.5343
                                                    Density    =         1.0190
 ------------------------------------------------------------------------------

wrapping first mol.:       27.16487       38.41692       66.54006
wrapping first mol.:       27.16487       38.41692       66.54006

 NSTEP =    17000   TIME(PS) =     874.000  TEMP(K) =   298.22  PRESS =  -112.6
 Etot   =   -100007.2949  EKtot   =     25424.0820  EPtot      =   -125431.3770
 BOND   =       870.3639  ANGLE   =      2351.7806  DIHED      =      3478.7526
 1-4 NB =      1002.4387  1-4 EEL =     12243.3495  VDWAALS    =     14979.3631
 EELEC  =   -160644.0597  EHBOND  =         0.0000  RESTRAINT  =       286.6344
 EAMBER (non-restraint)  =   -125718.0114
 EKCMT  =     11027.9845  VIRIAL  =     12040.5216  VOLUME     =    416647.5534
                                                    Density    =         1.0187
 ------------------------------------------------------------------------------

wrapping first mol.:       27.17234       38.42749       66.55835
wrapping first mol.:       27.17234       38.42749       66.55835

 NSTEP =    17500   TIME(PS) =     875.000  TEMP(K) =   299.90  PRESS =    11.4
 Etot   =    -99705.5418  EKtot   =     25567.8672  EPtot      =   -125273.4090
 BOND   =       844.1757  ANGLE   =      2311.5477  DIHED      =      3518.8681
 1-4 NB =      1005.9940  1-4 EEL =     12275.1267  VDWAALS    =     14824.7898
 EELEC  =   -160347.9108  EHBOND  =         0.0000  RESTRAINT  =       293.9998
 EAMBER (non-restraint)  =   -125567.4088
 EKCMT  =     11167.5508  VIRIAL  =     11065.0626  VOLUME     =    416986.7809
                                                    Density    =         1.0178
 ------------------------------------------------------------------------------

wrapping first mol.:       27.16052       38.41078       66.52942
wrapping first mol.:       27.16052       38.41078       66.52942

 NSTEP =    18000   TIME(PS) =     876.000  TEMP(K) =   302.85  PRESS =   -72.5
 Etot   =    -99292.7284  EKtot   =     25818.6250  EPtot      =   -125111.3534
 BOND   =       849.0142  ANGLE   =      2303.2018  DIHED      =      3518.6132
 1-4 NB =      1039.0763  1-4 EEL =     12319.3623  VDWAALS    =     14526.6193
 EELEC  =   -159966.5859  EHBOND  =         0.0000  RESTRAINT  =       299.3454
 EAMBER (non-restraint)  =   -125410.6988
 EKCMT  =     11299.0045  VIRIAL  =     11950.7307  VOLUME     =    416446.2980
                                                    Density    =         1.0192
 ------------------------------------------------------------------------------

wrapping first mol.:       27.17510       38.43139       66.56511
wrapping first mol.:       27.17510       38.43139       66.56511

 NSTEP =    18500   TIME(PS) =     877.000  TEMP(K) =   300.29  PRESS =  -185.5
 Etot   =    -99796.8033  EKtot   =     25601.0000  EPtot      =   -125397.8033
 BOND   =       870.4063  ANGLE   =      2296.8379  DIHED      =      3510.1302
 1-4 NB =      1039.3289  1-4 EEL =     12299.4667  VDWAALS    =     15030.7685
 EELEC  =   -160748.0575  EHBOND  =         0.0000  RESTRAINT  =       303.3156
 EAMBER (non-restraint)  =   -125701.1189
 EKCMT  =     11137.9975  VIRIAL  =     12808.6771  VOLUME     =    417121.1360
                                                    Density    =         1.0175
 ------------------------------------------------------------------------------

wrapping first mol.:       27.17113       38.42577       66.55539
wrapping first mol.:       27.17113       38.42577       66.55539

 NSTEP =    19000   TIME(PS) =     878.000  TEMP(K) =   298.82  PRESS =   -10.5
 Etot   =    -99801.3123  EKtot   =     25475.5000  EPtot      =   -125276.8123
 BOND   =       861.7549  ANGLE   =      2352.1477  DIHED      =      3486.6691
 1-4 NB =      1028.7293  1-4 EEL =     12288.3504  VDWAALS    =     14938.1814
 EELEC  =   -160530.2635  EHBOND  =         0.0000  RESTRAINT  =       297.6184
 EAMBER (non-restraint)  =   -125574.4307
 EKCMT  =     11088.1212  VIRIAL  =     11183.0244  VOLUME     =    416931.7910
                                                    Density    =         1.0180
 ------------------------------------------------------------------------------

wrapping first mol.:       27.18715       38.44844       66.59465
wrapping first mol.:       27.18715       38.44844       66.59465

 NSTEP =    19500   TIME(PS) =     879.000  TEMP(K) =   299.14  PRESS =     8.6
 Etot   =   -100003.5513  EKtot   =     25502.8398  EPtot      =   -125506.3911
 BOND   =       820.9084  ANGLE   =      2279.2512  DIHED      =      3491.6976
 1-4 NB =      1021.7719  1-4 EEL =     12315.8462  VDWAALS    =     14893.0080
 EELEC  =   -160622.3679  EHBOND  =         0.0000  RESTRAINT  =       293.4936
 EAMBER (non-restraint)  =   -125799.8847
 EKCMT  =     11149.5753  VIRIAL  =     11072.3315  VOLUME     =    417669.4036
                                                    Density    =         1.0162
 ------------------------------------------------------------------------------

wrapping first mol.:       27.18642       38.44740       66.59285
wrapping first mol.:       27.18642       38.44740       66.59285

 NSTEP =    20000   TIME(PS) =     880.000  TEMP(K) =   299.38  PRESS =    35.4
 Etot   =   -100135.0403  EKtot   =     25523.5000  EPtot      =   -125658.5403
 BOND   =       860.9187  ANGLE   =      2274.0053  DIHED      =      3522.0295
 1-4 NB =      1016.6038  1-4 EEL =     12257.2986  VDWAALS    =     14909.1555
 EELEC  =   -160775.7777  EHBOND  =         0.0000  RESTRAINT  =       277.2262
 EAMBER (non-restraint)  =   -125935.7664
 EKCMT  =     11131.9525  VIRIAL  =     10813.1049  VOLUME     =    417634.5671
                                                    Density    =         1.0163
 ------------------------------------------------------------------------------

wrapping first mol.:       27.17646       38.43332       66.56846
wrapping first mol.:       27.17646       38.43332       66.56846

 NSTEP =    20500   TIME(PS) =     881.000  TEMP(K) =   299.82  PRESS =   -32.8
 Etot   =    -99656.5400  EKtot   =     25560.6777  EPtot      =   -125217.2177
 BOND   =       854.5482  ANGLE   =      2363.2831  DIHED      =      3486.1018
 1-4 NB =      1025.1530  1-4 EEL =     12253.2903  VDWAALS    =     14906.2930
 EELEC  =   -160404.1851  EHBOND  =         0.0000  RESTRAINT  =       298.2980
 EAMBER (non-restraint)  =   -125515.5157
 EKCMT  =     11212.1944  VIRIAL  =     11507.6485  VOLUME     =    417178.2977
                                                    Density    =         1.0174
 ------------------------------------------------------------------------------

wrapping first mol.:       27.18096       38.43968       66.57948
wrapping first mol.:       27.18096       38.43968       66.57948

 NSTEP =    21000   TIME(PS) =     882.000  TEMP(K) =   301.75  PRESS =    94.4
 Etot   =    -99655.2079  EKtot   =     25724.9922  EPtot      =   -125380.2001
 BOND   =       826.2357  ANGLE   =      2347.7220  DIHED      =      3491.8798
 1-4 NB =      1014.5876  1-4 EEL =     12323.0527  VDWAALS    =     14913.9619
 EELEC  =   -160589.0083  EHBOND  =         0.0000  RESTRAINT  =       291.3686
 EAMBER (non-restraint)  =   -125671.5687
 EKCMT  =     11120.8420  VIRIAL  =     10269.7441  VOLUME     =    417380.8848
                                                    Density    =         1.0169
 ------------------------------------------------------------------------------

wrapping first mol.:       27.16480       38.41682       66.53988
wrapping first mol.:       27.16480       38.41682       66.53988

 NSTEP =    21500   TIME(PS) =     883.000  TEMP(K) =   298.99  PRESS =   214.0
 Etot   =   -100275.0158  EKtot   =     25489.7012  EPtot      =   -125764.7170
 BOND   =       860.3531  ANGLE   =      2344.7330  DIHED      =      3514.4268
 1-4 NB =      1009.0798  1-4 EEL =     12239.4778  VDWAALS    =     15045.1539
 EELEC  =   -161096.4632  EHBOND  =         0.0000  RESTRAINT  =       318.5219
 EAMBER (non-restraint)  =   -126083.2389
 EKCMT  =     10996.2287  VIRIAL  =      9071.4954  VOLUME     =    416632.1704
                                                    Density    =         1.0187
 ------------------------------------------------------------------------------

wrapping first mol.:       27.16430       38.41612       66.53867
wrapping first mol.:       27.16430       38.41612       66.53867

 NSTEP =    22000   TIME(PS) =     884.000  TEMP(K) =   300.27  PRESS =   220.2
 Etot   =   -100006.0656  EKtot   =     25598.8965  EPtot      =   -125604.9621
 BOND   =       813.1520  ANGLE   =      2374.5361  DIHED      =      3536.2870
 1-4 NB =      1029.6768  1-4 EEL =     12291.9934  VDWAALS    =     14963.5674
 EELEC  =   -160924.7347  EHBOND  =         0.0000  RESTRAINT  =       310.5600
 EAMBER (non-restraint)  =   -125915.5222
 EKCMT  =     11052.1117  VIRIAL  =      9071.0824  VOLUME     =    416609.1509
                                                    Density    =         1.0188
 ------------------------------------------------------------------------------

wrapping first mol.:       27.17097       38.42556       66.55501
wrapping first mol.:       27.17097       38.42556       66.55501

 NSTEP =    22500   TIME(PS) =     885.000  TEMP(K) =   299.15  PRESS =    17.0
 Etot   =   -100156.6071  EKtot   =     25503.7480  EPtot      =   -125660.3552
 BOND   =       831.8157  ANGLE   =      2310.7772  DIHED      =      3493.2637
 1-4 NB =      1006.8349  1-4 EEL =     12299.6294  VDWAALS    =     14897.8702
 EELEC  =   -160801.9266  EHBOND  =         0.0000  RESTRAINT  =       301.3804
 EAMBER (non-restraint)  =   -125961.7355
 EKCMT  =     11078.3866  VIRIAL  =     10925.5650  VOLUME     =    416923.6815
                                                    Density    =         1.0180
 ------------------------------------------------------------------------------

wrapping first mol.:       27.16670       38.41952       66.54455
wrapping first mol.:       27.16670       38.41952       66.54455

 NSTEP =    23000   TIME(PS) =     886.000  TEMP(K) =   303.15  PRESS =  -135.3
 Etot   =    -99869.6925  EKtot   =     25844.4414  EPtot      =   -125714.1339
 BOND   =       819.8147  ANGLE   =      2238.9872  DIHED      =      3516.3371
 1-4 NB =      1020.2044  1-4 EEL =     12269.3817  VDWAALS    =     15116.5888
 EELEC  =   -161002.6945  EHBOND  =         0.0000  RESTRAINT  =       307.2467
 EAMBER (non-restraint)  =   -126021.3806
 EKCMT  =     11092.1723  VIRIAL  =     12309.6865  VOLUME     =    416732.8438
                                                    Density    =         1.0185
 ------------------------------------------------------------------------------

wrapping first mol.:       27.18648       38.44749       66.59299
wrapping first mol.:       27.18648       38.44749       66.59299

 NSTEP =    23500   TIME(PS) =     887.000  TEMP(K) =   299.18  PRESS =   104.5
 Etot   =    -99708.9008  EKtot   =     25506.1816  EPtot      =   -125215.0824
 BOND   =       862.0355  ANGLE   =      2308.1365  DIHED      =      3510.3661
 1-4 NB =      1011.0840  1-4 EEL =     12261.8375  VDWAALS    =     14968.5708
 EELEC  =   -160454.2175  EHBOND  =         0.0000  RESTRAINT  =       317.1048
 EAMBER (non-restraint)  =   -125532.1872
 EKCMT  =     11162.7109  VIRIAL  =     10220.5670  VOLUME     =    417634.6716
                                                    Density    =         1.0163
 ------------------------------------------------------------------------------

wrapping first mol.:       27.18155       38.44051       66.58091
wrapping first mol.:       27.18155       38.44051       66.58091

 NSTEP =    24000   TIME(PS) =     888.000  TEMP(K) =   300.65  PRESS =    52.5
 Etot   =   -100004.1131  EKtot   =     25631.2109  EPtot      =   -125635.3240
 BOND   =       855.2304  ANGLE   =      2312.7054  DIHED      =      3451.2646
 1-4 NB =      1023.2648  1-4 EEL =     12255.2352  VDWAALS    =     15064.2446
 EELEC  =   -160903.8506  EHBOND  =         0.0000  RESTRAINT  =       306.5818
 EAMBER (non-restraint)  =   -125941.9058
 EKCMT  =     11084.0781  VIRIAL  =     10611.3581  VOLUME     =    417409.3295
                                                    Density    =         1.0168
 ------------------------------------------------------------------------------

wrapping first mol.:       27.17533       38.43172       66.56569
wrapping first mol.:       27.17533       38.43172       66.56569

 NSTEP =    24500   TIME(PS) =     889.000  TEMP(K) =   299.67  PRESS =  -104.1
 Etot   =   -100165.1105  EKtot   =     25547.9258  EPtot      =   -125713.0363
 BOND   =       823.9791  ANGLE   =      2316.1963  DIHED      =      3500.9802
 1-4 NB =      1028.3820  1-4 EEL =     12302.9982  VDWAALS    =     15015.5345
 EELEC  =   -160982.1597  EHBOND  =         0.0000  RESTRAINT  =       281.0531
 EAMBER (non-restraint)  =   -125994.0894
 EKCMT  =     11177.4583  VIRIAL  =     12114.9040  VOLUME     =    417129.0470
                                                    Density    =         1.0175
 ------------------------------------------------------------------------------

wrapping first mol.:       27.16785       38.42114       66.54736
wrapping first mol.:       27.16785       38.42114       66.54736

 NSTEP =    25000   TIME(PS) =     890.000  TEMP(K) =   302.34  PRESS =    32.0
 Etot   =    -99828.3414  EKtot   =     25775.7734  EPtot      =   -125604.1149
 BOND   =       784.8285  ANGLE   =      2267.6523  DIHED      =      3469.8080
 1-4 NB =      1013.5249  1-4 EEL =     12324.5483  VDWAALS    =     14902.0117
 EELEC  =   -160671.1963  EHBOND  =         0.0000  RESTRAINT  =       304.7077
 EAMBER (non-restraint)  =   -125908.8226
 EKCMT  =     11190.6621  VIRIAL  =     10902.7053  VOLUME     =    416779.3530
                                                    Density    =         1.0183
 ------------------------------------------------------------------------------

wrapping first mol.:       27.16353       38.41504       66.53679
wrapping first mol.:       27.16353       38.41504       66.53679

 NSTEP =    25500   TIME(PS) =     891.000  TEMP(K) =   301.93  PRESS =  -208.2
 Etot   =    -99749.2139  EKtot   =     25740.5664  EPtot      =   -125489.7803
 BOND   =       836.0305  ANGLE   =      2327.6131  DIHED      =      3498.4357
 1-4 NB =      1014.0308  1-4 EEL =     12278.9045  VDWAALS    =     14889.5829
 EELEC  =   -160628.2390  EHBOND  =         0.0000  RESTRAINT  =       293.8612
 EAMBER (non-restraint)  =   -125783.6415
 EKCMT  =     11299.6521  VIRIAL  =     13171.9705  VOLUME     =    416589.7542
                                                    Density    =         1.0188
 ------------------------------------------------------------------------------

wrapping first mol.:       27.15857       38.40802       66.52464
wrapping first mol.:       27.15857       38.40802       66.52464

 NSTEP =    26000   TIME(PS) =     892.000  TEMP(K) =   301.24  PRESS =   -58.3
 Etot   =    -99951.1364  EKtot   =     25681.8750  EPtot      =   -125633.0114
 BOND   =       843.9720  ANGLE   =      2291.4255  DIHED      =      3514.7271
 1-4 NB =      1036.6095  1-4 EEL =     12251.4975  VDWAALS    =     14659.2303
 EELEC  =   -160515.1747  EHBOND  =         0.0000  RESTRAINT  =       284.7013
 EAMBER (non-restraint)  =   -125917.7127
 EKCMT  =     11190.3239  VIRIAL  =     11714.2171  VOLUME     =    416356.0777
                                                    Density    =         1.0194
 ------------------------------------------------------------------------------

wrapping first mol.:       27.16372       38.41530       66.53725
wrapping first mol.:       27.16372       38.41530       66.53725

 NSTEP =    26500   TIME(PS) =     893.000  TEMP(K) =   299.87  PRESS =   -95.2
 Etot   =    -99828.4425  EKtot   =     25564.6172  EPtot      =   -125393.0597
 BOND   =       856.8019  ANGLE   =      2335.8494  DIHED      =      3507.0179
 1-4 NB =      1027.8842  1-4 EEL =     12282.0294  VDWAALS    =     14692.3236
 EELEC  =   -160389.0011  EHBOND  =         0.0000  RESTRAINT  =       294.0350
 EAMBER (non-restraint)  =   -125687.0947
 EKCMT  =     11155.4781  VIRIAL  =     12011.6563  VOLUME     =    416594.2174
                                                    Density    =         1.0188
 ------------------------------------------------------------------------------

wrapping first mol.:       27.18262       38.44202       66.58353
wrapping first mol.:       27.18262       38.44202       66.58353

 NSTEP =    27000   TIME(PS) =     894.000  TEMP(K) =   300.56  PRESS =   140.9
 Etot   =    -99806.2983  EKtot   =     25623.7227  EPtot      =   -125430.0209
 BOND   =       854.5850  ANGLE   =      2373.0695  DIHED      =      3476.6839
 1-4 NB =      1009.6856  1-4 EEL =     12277.1565  VDWAALS    =     14991.5170
 EELEC  =   -160708.1448  EHBOND  =         0.0000  RESTRAINT  =       295.4264
 EAMBER (non-restraint)  =   -125725.4473
 EKCMT  =     11158.4676  VIRIAL  =      9888.8199  VOLUME     =    417455.3379
                                                    Density    =         1.0167
 ------------------------------------------------------------------------------

wrapping first mol.:       27.17477       38.43093       66.56432
wrapping first mol.:       27.17477       38.43093       66.56432

 NSTEP =    27500   TIME(PS) =     895.000  TEMP(K) =   299.59  PRESS =  -183.9
 Etot   =    -99978.3703  EKtot   =     25540.9805  EPtot      =   -125519.3507
 BOND   =       812.5037  ANGLE   =      2309.0216  DIHED      =      3529.1282
 1-4 NB =      1035.2591  1-4 EEL =     12259.5938  VDWAALS    =     14805.1753
 EELEC  =   -160563.9275  EHBOND  =         0.0000  RESTRAINT  =       293.8952
 EAMBER (non-restraint)  =   -125813.2459
 EKCMT  =     11110.6984  VIRIAL  =     12767.3147  VOLUME     =    417106.2394
                                                    Density    =         1.0176
 ------------------------------------------------------------------------------

wrapping first mol.:       27.18651       38.44753       66.59308
wrapping first mol.:       27.18651       38.44753       66.59308

 NSTEP =    28000   TIME(PS) =     896.000  TEMP(K) =   298.40  PRESS =  -119.9
 Etot   =    -99950.2814  EKtot   =     25439.5039  EPtot      =   -125389.7853
 BOND   =       863.4171  ANGLE   =      2318.4833  DIHED      =      3492.9073
 1-4 NB =      1042.1830  1-4 EEL =     12314.9368  VDWAALS    =     14613.1377
 EELEC  =   -160359.8667  EHBOND  =         0.0000  RESTRAINT  =       325.0162
 EAMBER (non-restraint)  =   -125714.8015
 EKCMT  =     11175.9362  VIRIAL  =     12257.2475  VOLUME     =    417644.6006
                                                    Density    =         1.0162
 ------------------------------------------------------------------------------

wrapping first mol.:       27.16842       38.42194       66.54875
wrapping first mol.:       27.16842       38.42194       66.54875

 NSTEP =    28500   TIME(PS) =     897.000  TEMP(K) =   298.29  PRESS =    18.5
 Etot   =    -99858.3213  EKtot   =     25430.3906  EPtot      =   -125288.7119
 BOND   =       843.7626  ANGLE   =      2242.3964  DIHED      =      3492.5849
 1-4 NB =      1044.6205  1-4 EEL =     12300.4495  VDWAALS    =     14953.9841
 EELEC  =   -160461.2016  EHBOND  =         0.0000  RESTRAINT  =       294.6917
 EAMBER (non-restraint)  =   -125583.4036
 EKCMT  =     11096.8701  VIRIAL  =     10930.2722  VOLUME     =    416806.0238
                                                    Density    =         1.0183
 ------------------------------------------------------------------------------

wrapping first mol.:       27.16978       38.42387       66.55209
wrapping first mol.:       27.16978       38.42387       66.55209

 NSTEP =    29000   TIME(PS) =     898.000  TEMP(K) =   299.83  PRESS =  -139.2
 Etot   =    -99872.2559  EKtot   =     25561.3613  EPtot      =   -125433.6173
 BOND   =       883.9339  ANGLE   =      2336.4843  DIHED      =      3500.2018
 1-4 NB =      1018.5768  1-4 EEL =     12276.1165  VDWAALS    =     14913.6769
 EELEC  =   -160661.8404  EHBOND  =         0.0000  RESTRAINT  =       299.2330
 EAMBER (non-restraint)  =   -125732.8503
 EKCMT  =     11012.7029  VIRIAL  =     12265.9556  VOLUME     =    416874.6745
                                                    Density    =         1.0181
 ------------------------------------------------------------------------------

wrapping first mol.:       27.17402       38.42987       66.56248
wrapping first mol.:       27.17402       38.42987       66.56248

 NSTEP =    29500   TIME(PS) =     899.000  TEMP(K) =   300.17  PRESS =   -87.3
 Etot   =   -100078.7821  EKtot   =     25590.9219  EPtot      =   -125669.7040
 BOND   =       836.4334  ANGLE   =      2329.6604  DIHED      =      3484.9433
 1-4 NB =      1023.9512  1-4 EEL =     12301.0255  VDWAALS    =     15090.5420
 EELEC  =   -161027.4389  EHBOND  =         0.0000  RESTRAINT  =       291.1790
 EAMBER (non-restraint)  =   -125960.8830
 EKCMT  =     11094.2996  VIRIAL  =     11880.0037  VOLUME     =    417068.0189
                                                    Density    =         1.0176
 ------------------------------------------------------------------------------

wrapping first mol.:       27.18198       38.44112       66.58197
wrapping first mol.:       27.18198       38.44112       66.58197

 NSTEP =    30000   TIME(PS) =     900.000  TEMP(K) =   299.98  PRESS =   -93.1
 Etot   =   -100021.2388  EKtot   =     25574.2266  EPtot      =   -125595.4653
 BOND   =       822.8600  ANGLE   =      2308.5666  DIHED      =      3498.3754
 1-4 NB =      1011.4639  1-4 EEL =     12331.1342  VDWAALS    =     14869.3341
 EELEC  =   -160748.7565  EHBOND  =         0.0000  RESTRAINT  =       311.5569
 EAMBER (non-restraint)  =   -125907.0222
 EKCMT  =     11071.4989  VIRIAL  =     11910.5029  VOLUME     =    417434.7128
                                                    Density    =         1.0167
 ------------------------------------------------------------------------------

wrapping first mol.:       27.18350       38.44327       66.58569
wrapping first mol.:       27.18350       38.44327       66.58569

 NSTEP =    30500   TIME(PS) =     901.000  TEMP(K) =   302.09  PRESS =   -52.9
 Etot   =    -99977.5910  EKtot   =     25754.2715  EPtot      =   -125731.8624
 BOND   =       780.1735  ANGLE   =      2376.9389  DIHED      =      3466.3029
 1-4 NB =      1017.7900  1-4 EEL =     12364.5228  VDWAALS    =     14669.8065
 EELEC  =   -160697.5213  EHBOND  =         0.0000  RESTRAINT  =       290.1242
 EAMBER (non-restraint)  =   -126021.9866
 EKCMT  =     11373.0130  VIRIAL  =     11849.5324  VOLUME     =    417503.2071
                                                    Density    =         1.0166
 ------------------------------------------------------------------------------

wrapping first mol.:       27.19070       38.45346       66.60334
wrapping first mol.:       27.19070       38.45346       66.60334

 NSTEP =    31000   TIME(PS) =     902.000  TEMP(K) =   303.41  PRESS =   174.5
 Etot   =    -99541.8743  EKtot   =     25866.6230  EPtot      =   -125408.4974
 BOND   =       820.8393  ANGLE   =      2275.9681  DIHED      =      3520.7335
 1-4 NB =      1016.3538  1-4 EEL =     12252.4461  VDWAALS    =     15015.5400
 EELEC  =   -160601.3597  EHBOND  =         0.0000  RESTRAINT  =       290.9815
 EAMBER (non-restraint)  =   -125699.4789
 EKCMT  =     11171.5642  VIRIAL  =      9597.7133  VOLUME     =    417826.7158
                                                    Density    =         1.0158
 ------------------------------------------------------------------------------

wrapping first mol.:       27.17334       38.42890       66.56081
wrapping first mol.:       27.17334       38.42890       66.56081

 NSTEP =    31500   TIME(PS) =     903.000  TEMP(K) =   300.23  PRESS =   -93.0
 Etot   =    -99605.0264  EKtot   =     25595.7773  EPtot      =   -125200.8037
 BOND   =       871.0206  ANGLE   =      2296.6845  DIHED      =      3508.9849
 1-4 NB =      1032.5922  1-4 EEL =     12238.6454  VDWAALS    =     14656.4807
 EELEC  =   -160108.5049  EHBOND  =         0.0000  RESTRAINT  =       303.2929
 EAMBER (non-restraint)  =   -125504.0966
 EKCMT  =     11146.2617  VIRIAL  =     11983.3797  VOLUME     =    417036.8027
                                                    Density    =         1.0177
 ------------------------------------------------------------------------------

wrapping first mol.:       27.17370       38.42942       66.56170
wrapping first mol.:       27.17370       38.42942       66.56170

 NSTEP =    32000   TIME(PS) =     904.000  TEMP(K) =   304.07  PRESS =  -120.9
 Etot   =    -99460.6790  EKtot   =     25923.2012  EPtot      =   -125383.8802
 BOND   =       831.7800  ANGLE   =      2277.1680  DIHED      =      3468.2144
 1-4 NB =      1015.1943  1-4 EEL =     12321.2518  VDWAALS    =     14880.2208
 EELEC  =   -160499.3014  EHBOND  =         0.0000  RESTRAINT  =       321.5921
 EAMBER (non-restraint)  =   -125705.4722
 EKCMT  =     11337.9839  VIRIAL  =     12426.9443  VOLUME     =    417054.5507
                                                    Density    =         1.0177
 ------------------------------------------------------------------------------

wrapping first mol.:       27.16854       38.42211       66.54904
wrapping first mol.:       27.16854       38.42211       66.54904

 NSTEP =    32500   TIME(PS) =     905.000  TEMP(K) =   302.90  PRESS =   -91.2
 Etot   =    -99637.5546  EKtot   =     25823.6387  EPtot      =   -125461.1933
 BOND   =       862.2884  ANGLE   =      2335.8090  DIHED      =      3478.5877
 1-4 NB =      1025.2377  1-4 EEL =     12294.9021  VDWAALS    =     14706.5697
 EELEC  =   -160466.1093  EHBOND  =         0.0000  RESTRAINT  =       301.5214
 EAMBER (non-restraint)  =   -125762.7146
 EKCMT  =     11297.0809  VIRIAL  =     12117.4218  VOLUME     =    416815.5814
                                                    Density    =         1.0183
 ------------------------------------------------------------------------------

wrapping first mol.:       27.15262       38.39960       66.51005
wrapping first mol.:       27.15262       38.39960       66.51005

 NSTEP =    33000   TIME(PS) =     906.000  TEMP(K) =   301.09  PRESS =   -28.3
 Etot   =    -99682.4777  EKtot   =     25668.8770  EPtot      =   -125351.3546
 BOND   =       816.7619  ANGLE   =      2344.5902  DIHED      =      3492.1026
 1-4 NB =      1010.2687  1-4 EEL =     12267.7927  VDWAALS    =     15001.5795
 EELEC  =   -160587.5913  EHBOND  =         0.0000  RESTRAINT  =       303.1412
 EAMBER (non-restraint)  =   -125654.4958
 EKCMT  =     11171.2956  VIRIAL  =     11425.1888  VOLUME     =    416081.0866
                                                    Density    =         1.0201
 ------------------------------------------------------------------------------

wrapping first mol.:       27.16164       38.41236       66.53215
wrapping first mol.:       27.16164       38.41236       66.53215

 NSTEP =    33500   TIME(PS) =     907.000  TEMP(K) =   300.02  PRESS =   144.4
 Etot   =    -99867.6771  EKtot   =     25577.5762  EPtot      =   -125445.2533
 BOND   =       838.1032  ANGLE   =      2306.6669  DIHED      =      3451.4935
 1-4 NB =      1026.9130  1-4 EEL =     12279.1305  VDWAALS    =     14839.7723
 EELEC  =   -160488.6444  EHBOND  =         0.0000  RESTRAINT  =       301.3117
 EAMBER (non-restraint)  =   -125746.5649
 EKCMT  =     11087.3885  VIRIAL  =      9788.8189  VOLUME     =    416489.4358
                                                    Density    =         1.0191
 ------------------------------------------------------------------------------

wrapping first mol.:       27.15350       38.40084       66.51220
wrapping first mol.:       27.15350       38.40084       66.51220

 NSTEP =    34000   TIME(PS) =     908.000  TEMP(K) =   300.40  PRESS =    53.2
 Etot   =   -100064.9971  EKtot   =     25609.8691  EPtot      =   -125674.8663
 BOND   =       844.3724  ANGLE   =      2320.7327  DIHED      =      3467.7302
 1-4 NB =      1040.4860  1-4 EEL =     12268.7713  VDWAALS    =     14853.2136
 EELEC  =   -160766.6671  EHBOND  =         0.0000  RESTRAINT  =       296.4946
 EAMBER (non-restraint)  =   -125971.3609
 EKCMT  =     11171.2065  VIRIAL  =     10693.1913  VOLUME     =    416118.4098
                                                    Density    =         1.0200
 ------------------------------------------------------------------------------

wrapping first mol.:       27.16968       38.42373       66.55184
wrapping first mol.:       27.16968       38.42373       66.55184

 NSTEP =    34500   TIME(PS) =     909.000  TEMP(K) =   299.61  PRESS =   -82.6
 Etot   =    -99842.7457  EKtot   =     25543.0156  EPtot      =   -125385.7613
 BOND   =       846.6196  ANGLE   =      2346.9502  DIHED      =      3501.7936
 1-4 NB =      1020.8238  1-4 EEL =     12237.8439  VDWAALS    =     14866.5425
 EELEC  =   -160504.7583  EHBOND  =         0.0000  RESTRAINT  =       298.4233
 EAMBER (non-restraint)  =   -125684.1846
 EKCMT  =     11133.4764  VIRIAL  =     11876.9356  VOLUME     =    416867.8303
                                                    Density    =         1.0181
 ------------------------------------------------------------------------------

wrapping first mol.:       27.17495       38.43118       66.56475
wrapping first mol.:       27.17495       38.43118       66.56475

 NSTEP =    35000   TIME(PS) =     910.000  TEMP(K) =   299.78  PRESS =   -25.3
 Etot   =    -99866.9112  EKtot   =     25557.6328  EPtot      =   -125424.5440
 BOND   =       804.9038  ANGLE   =      2326.4870  DIHED      =      3479.5298
 1-4 NB =      1033.7339  1-4 EEL =     12277.8296  VDWAALS    =     14981.9134
 EELEC  =   -160654.9497  EHBOND  =         0.0000  RESTRAINT  =       326.0083
 EAMBER (non-restraint)  =   -125750.5522
 EKCMT  =     11154.1033  VIRIAL  =     11381.7591  VOLUME     =    417108.4328
                                                    Density    =         1.0175
 ------------------------------------------------------------------------------

wrapping first mol.:       27.16228       38.41326       66.53371
wrapping first mol.:       27.16228       38.41326       66.53371

 NSTEP =    35500   TIME(PS) =     911.000  TEMP(K) =   300.40  PRESS =    16.2
 Etot   =    -99809.9038  EKtot   =     25610.1641  EPtot      =   -125420.0678
 BOND   =       840.8180  ANGLE   =      2288.0265  DIHED      =      3477.5260
 1-4 NB =      1018.2555  1-4 EEL =     12279.1772  VDWAALS    =     15070.1961
 EELEC  =   -160693.1493  EHBOND  =         0.0000  RESTRAINT  =       299.0821
 EAMBER (non-restraint)  =   -125719.1500
 EKCMT  =     11202.5688  VIRIAL  =     11057.2940  VOLUME     =    416523.6001
                                                    Density    =         1.0190
 ------------------------------------------------------------------------------

wrapping first mol.:       27.16046       38.41069       66.52926
wrapping first mol.:       27.16046       38.41069       66.52926

 NSTEP =    36000   TIME(PS) =     912.000  TEMP(K) =   299.98  PRESS =   -25.8
 Etot   =    -99939.5261  EKtot   =     25574.0781  EPtot      =   -125513.6042
 BOND   =       874.3194  ANGLE   =      2312.8305  DIHED      =      3503.5268
 1-4 NB =      1053.2904  1-4 EEL =     12282.2861  VDWAALS    =     14828.3172
 EELEC  =   -160669.7868  EHBOND  =         0.0000  RESTRAINT  =       301.6123
 EAMBER (non-restraint)  =   -125815.2165
 EKCMT  =     11168.1703  VIRIAL  =     11399.7564  VOLUME     =    416441.5206
                                                    Density    =         1.0192
 ------------------------------------------------------------------------------

wrapping first mol.:       27.15055       38.39667       66.50498
wrapping first mol.:       27.15055       38.39667       66.50498

 NSTEP =    36500   TIME(PS) =     913.000  TEMP(K) =   298.42  PRESS =   -27.0
 Etot   =   -100023.0848  EKtot   =     25441.6523  EPtot      =   -125464.7371
 BOND   =       875.5512  ANGLE   =      2291.1216  DIHED      =      3477.1334
 1-4 NB =      1006.0283  1-4 EEL =     12265.2843  VDWAALS    =     15074.4122
 EELEC  =   -160797.4692  EHBOND  =         0.0000  RESTRAINT  =       343.2010
 EAMBER (non-restraint)  =   -125807.9381
 EKCMT  =     11137.2319  VIRIAL  =     11380.1148  VOLUME     =    415985.7713
                                                    Density    =         1.0203
 ------------------------------------------------------------------------------

wrapping first mol.:       27.16636       38.41903       66.54371
wrapping first mol.:       27.16636       38.41903       66.54371

 NSTEP =    37000   TIME(PS) =     914.000  TEMP(K) =   301.05  PRESS =   116.1
 Etot   =    -99872.9847  EKtot   =     25665.8008  EPtot      =   -125538.7855
 BOND   =       851.0591  ANGLE   =      2327.1264  DIHED      =      3498.3973
 1-4 NB =      1012.9601  1-4 EEL =     12252.6908  VDWAALS    =     15072.4029
 EELEC  =   -160865.9919  EHBOND  =         0.0000  RESTRAINT  =       312.5699
 EAMBER (non-restraint)  =   -125851.3554
 EKCMT  =     11159.0015  VIRIAL  =     10114.7784  VOLUME     =    416707.6690
                                                    Density    =         1.0185
 ------------------------------------------------------------------------------

wrapping first mol.:       27.17537       38.43177       66.56578
wrapping first mol.:       27.17537       38.43177       66.56578

 NSTEP =    37500   TIME(PS) =     915.000  TEMP(K) =   299.61  PRESS =  -154.2
 Etot   =    -99934.6619  EKtot   =     25542.4805  EPtot      =   -125477.1424
 BOND   =       840.2292  ANGLE   =      2341.6115  DIHED      =      3483.6819
 1-4 NB =      1039.7580  1-4 EEL =     12264.5839  VDWAALS    =     14839.6801
 EELEC  =   -160581.6698  EHBOND  =         0.0000  RESTRAINT  =       294.9828
 EAMBER (non-restraint)  =   -125772.1252
 EKCMT  =     11184.1473  VIRIAL  =     12572.7083  VOLUME     =    417132.4277
                                                    Density    =         1.0175
 ------------------------------------------------------------------------------

wrapping first mol.:       27.18019       38.43860       66.57760
wrapping first mol.:       27.18019       38.43860       66.57760

 NSTEP =    38000   TIME(PS) =     916.000  TEMP(K) =   299.46  PRESS =   -33.9
 Etot   =    -99822.1180  EKtot   =     25530.3066  EPtot      =   -125352.4246
 BOND   =       842.2243  ANGLE   =      2308.8291  DIHED      =      3484.8327
 1-4 NB =      1051.6764  1-4 EEL =     12285.3480  VDWAALS    =     14727.5663
 EELEC  =   -160342.4917  EHBOND  =         0.0000  RESTRAINT  =       289.5902
 EAMBER (non-restraint)  =   -125642.0148
 EKCMT  =     11040.5252  VIRIAL  =     11345.8871  VOLUME     =    417350.2537
                                                    Density    =         1.0170
 ------------------------------------------------------------------------------

wrapping first mol.:       27.17961       38.43777       66.57617
wrapping first mol.:       27.17961       38.43777       66.57617

 NSTEP =    38500   TIME(PS) =     917.000  TEMP(K) =   299.35  PRESS =   -40.0
 Etot   =   -100093.2700  EKtot   =     25520.3477  EPtot      =   -125613.6176
 BOND   =       821.9259  ANGLE   =      2351.3256  DIHED      =      3497.1622
 1-4 NB =       998.6868  1-4 EEL =     12233.1664  VDWAALS    =     14637.4640
 EELEC  =   -160462.4363  EHBOND  =         0.0000  RESTRAINT  =       309.0879
 EAMBER (non-restraint)  =   -125922.7055
 EKCMT  =     11066.9948  VIRIAL  =     11427.1080  VOLUME     =    417323.5906
                                                    Density    =         1.0170
 ------------------------------------------------------------------------------

wrapping first mol.:       27.17095       38.42553       66.55497
wrapping first mol.:       27.17095       38.42553       66.55497

 NSTEP =    39000   TIME(PS) =     918.000  TEMP(K) =   300.94  PRESS =   -50.9
 Etot   =   -100194.5633  EKtot   =     25655.8770  EPtot      =   -125850.4402
 BOND   =       826.4590  ANGLE   =      2305.5670  DIHED      =      3504.2608
 1-4 NB =      1013.7502  1-4 EEL =     12267.4252  VDWAALS    =     14907.9892
 EELEC  =   -160968.3400  EHBOND  =         0.0000  RESTRAINT  =       292.4483
 EAMBER (non-restraint)  =   -126142.8885
 EKCMT  =     11147.9731  VIRIAL  =     11605.8957  VOLUME     =    416925.4318
                                                    Density    =         1.0180
 ------------------------------------------------------------------------------

wrapping first mol.:       27.16795       38.42128       66.54760
wrapping first mol.:       27.16795       38.42128       66.54760

 NSTEP =    39500   TIME(PS) =     919.000  TEMP(K) =   299.04  PRESS =   -44.7
 Etot   =   -100128.3342  EKtot   =     25493.8750  EPtot      =   -125622.2092
 BOND   =       855.3130  ANGLE   =      2281.4388  DIHED      =      3503.4228
 1-4 NB =      1020.4002  1-4 EEL =     12288.8241  VDWAALS    =     14843.3745
 EELEC  =   -160725.9467  EHBOND  =         0.0000  RESTRAINT  =       310.9641
 EAMBER (non-restraint)  =   -125933.1733
 EKCMT  =     11075.9099  VIRIAL  =     11478.3144  VOLUME     =    416786.7979
                                                    Density    =         1.0183
 ------------------------------------------------------------------------------

wrapping first mol.:       27.16652       38.41926       66.54410
wrapping first mol.:       27.16652       38.41926       66.54410

 NSTEP =    40000   TIME(PS) =     920.000  TEMP(K) =   301.42  PRESS =    41.0
 Etot   =    -99941.5140  EKtot   =     25696.8516  EPtot      =   -125638.3656
 BOND   =       874.0855  ANGLE   =      2353.5183  DIHED      =      3500.4060
 1-4 NB =      1016.7157  1-4 EEL =     12256.8820  VDWAALS    =     14972.3607
 EELEC  =   -160902.2259  EHBOND  =         0.0000  RESTRAINT  =       289.8922
 EAMBER (non-restraint)  =   -125928.2578
 EKCMT  =     11185.8867  VIRIAL  =     10816.5597  VOLUME     =    416717.8225
                                                    Density    =         1.0185
 ------------------------------------------------------------------------------

wrapping first mol.:       27.17234       38.42749       66.55837
wrapping first mol.:       27.17234       38.42749       66.55837

 NSTEP =    40500   TIME(PS) =     921.000  TEMP(K) =   300.12  PRESS =  -123.7
 Etot   =    -99974.3373  EKtot   =     25586.7012  EPtot      =   -125561.0384
 BOND   =       854.0901  ANGLE   =      2286.6345  DIHED      =      3532.7714
 1-4 NB =      1015.1170  1-4 EEL =     12213.2520  VDWAALS    =     14818.1197
 EELEC  =   -160596.8028  EHBOND  =         0.0000  RESTRAINT  =       315.7797
 EAMBER (non-restraint)  =   -125876.8182
 EKCMT  =     11138.2346  VIRIAL  =     12251.6654  VOLUME     =    416992.0579
                                                    Density    =         1.0178
 ------------------------------------------------------------------------------

wrapping first mol.:       27.17813       38.43568       66.57255
wrapping first mol.:       27.17813       38.43568       66.57255

 NSTEP =    41000   TIME(PS) =     922.000  TEMP(K) =   298.43  PRESS =   -46.1
 Etot   =   -100174.0815  EKtot   =     25442.5801  EPtot      =   -125616.6616
 BOND   =       855.2731  ANGLE   =      2300.9978  DIHED      =      3540.3847
 1-4 NB =      1012.3064  1-4 EEL =     12288.2957  VDWAALS    =     15200.6691
 EELEC  =   -161111.6343  EHBOND  =         0.0000  RESTRAINT  =       297.0460
 EAMBER (non-restraint)  =   -125913.7075
 EKCMT  =     11098.2504  VIRIAL  =     11513.8744  VOLUME     =    417255.7192
                                                    Density    =         1.0172
 ------------------------------------------------------------------------------

wrapping first mol.:       27.18697       38.44817       66.59419
wrapping first mol.:       27.18697       38.44817       66.59419

 NSTEP =    41500   TIME(PS) =     923.000  TEMP(K) =   299.26  PRESS =    50.1
 Etot   =    -99901.9310  EKtot   =     25512.7090  EPtot      =   -125414.6399
 BOND   =       847.8985  ANGLE   =      2306.3518  DIHED      =      3511.3684
 1-4 NB =      1015.9573  1-4 EEL =     12276.6571  VDWAALS    =     15038.8120
 EELEC  =   -160694.6390  EHBOND  =         0.0000  RESTRAINT  =       282.9541
 EAMBER (non-restraint)  =   -125697.5940
 EKCMT  =     11051.5630  VIRIAL  =     10599.7370  VOLUME     =    417659.1685
                                                    Density    =         1.0162
 ------------------------------------------------------------------------------

wrapping first mol.:       27.18060       38.43917       66.57859
wrapping first mol.:       27.18060       38.43917       66.57859

 NSTEP =    42000   TIME(PS) =     924.000  TEMP(K) =   301.88  PRESS =   -88.4
 Etot   =    -99765.2476  EKtot   =     25736.4375  EPtot      =   -125501.6851
 BOND   =       849.7529  ANGLE   =      2324.9015  DIHED      =      3489.1310
 1-4 NB =      1014.5244  1-4 EEL =     12286.9696  VDWAALS    =     14860.2997
 EELEC  =   -160650.3758  EHBOND  =         0.0000  RESTRAINT  =       323.1117
 EAMBER (non-restraint)  =   -125824.7968
 EKCMT  =     11140.2886  VIRIAL  =     11937.2435  VOLUME     =    417370.8694
                                                    Density    =         1.0169
 ------------------------------------------------------------------------------

wrapping first mol.:       27.18698       38.44820       66.59422
wrapping first mol.:       27.18698       38.44820       66.59422

 NSTEP =    42500   TIME(PS) =     925.000  TEMP(K) =   299.78  PRESS =   -60.9
 Etot   =    -99991.1541  EKtot   =     25556.9121  EPtot      =   -125548.0662
 BOND   =       856.4353  ANGLE   =      2337.6884  DIHED      =      3493.0516
 1-4 NB =      1032.3948  1-4 EEL =     12304.4578  VDWAALS    =     14716.6555
 EELEC  =   -160589.4898  EHBOND  =         0.0000  RESTRAINT  =       300.7403
 EAMBER (non-restraint)  =   -125848.8065
 EKCMT  =     11153.6455  VIRIAL  =     11703.1880  VOLUME     =    417664.0194
                                                    Density    =         1.0162
 ------------------------------------------------------------------------------

wrapping first mol.:       27.17698       38.43405       66.56972
wrapping first mol.:       27.17698       38.43405       66.56972

 NSTEP =    43000   TIME(PS) =     926.000  TEMP(K) =   302.47  PRESS =  -129.9
 Etot   =    -99480.7006  EKtot   =     25786.6270  EPtot      =   -125267.3276
 BOND   =       850.4071  ANGLE   =      2332.0991  DIHED      =      3482.9499
 1-4 NB =      1047.5207  1-4 EEL =     12298.1756  VDWAALS    =     14925.5581
 EELEC  =   -160523.5251  EHBOND  =         0.0000  RESTRAINT  =       319.4871
 EAMBER (non-restraint)  =   -125586.8147
 EKCMT  =     11139.6401  VIRIAL  =     12309.9750  VOLUME     =    417205.7173
                                                    Density    =         1.0173
 ------------------------------------------------------------------------------

wrapping first mol.:       27.16903       38.42281       66.55025
wrapping first mol.:       27.16903       38.42281       66.55025

 NSTEP =    43500   TIME(PS) =     927.000  TEMP(K) =   300.11  PRESS =   -65.6
 Etot   =    -99928.6969  EKtot   =     25585.8535  EPtot      =   -125514.5505
 BOND   =       847.5648  ANGLE   =      2283.3204  DIHED      =      3480.2090
 1-4 NB =      1016.4231  1-4 EEL =     12324.1009  VDWAALS    =     15064.2325
 EELEC  =   -160826.7350  EHBOND  =         0.0000  RESTRAINT  =       296.3338
 EAMBER (non-restraint)  =   -125810.8843
 EKCMT  =     11059.6282  VIRIAL  =     11649.6368  VOLUME     =    416837.2519
                                                    Density    =         1.0182
 ------------------------------------------------------------------------------

wrapping first mol.:       27.17462       38.43071       66.56394
wrapping first mol.:       27.17462       38.43071       66.56394

 NSTEP =    44000   TIME(PS) =     928.000  TEMP(K) =   299.58  PRESS =   105.0
 Etot   =    -99825.4591  EKtot   =     25539.9688  EPtot      =   -125365.4279
 BOND   =       831.0447  ANGLE   =      2315.1081  DIHED      =      3483.8820
 1-4 NB =      1032.3280  1-4 EEL =     12264.1295  VDWAALS    =     14861.5766
 EELEC  =   -160456.2628  EHBOND  =         0.0000  RESTRAINT  =       302.7662
 EAMBER (non-restraint)  =   -125668.1940
 EKCMT  =     11198.9093  VIRIAL  =     10253.3593  VOLUME     =    417088.3163
                                                    Density    =         1.0176
 ------------------------------------------------------------------------------

wrapping first mol.:       27.16101       38.41147       66.53061
wrapping first mol.:       27.16101       38.41147       66.53061

 NSTEP =    44500   TIME(PS) =     929.000  TEMP(K) =   298.87  PRESS =    46.5
 Etot   =   -100155.8750  EKtot   =     25479.3379  EPtot      =   -125635.2128
 BOND   =       828.8052  ANGLE   =      2255.4189  DIHED      =      3499.0705
 1-4 NB =      1034.8398  1-4 EEL =     12331.3569  VDWAALS    =     14768.4048
 EELEC  =   -160639.8502  EHBOND  =         0.0000  RESTRAINT  =       286.7414
 EAMBER (non-restraint)  =   -125921.9542
 EKCMT  =     10967.2137  VIRIAL  =     10548.6394  VOLUME     =    416464.1577
                                                    Density    =         1.0191
 ------------------------------------------------------------------------------

wrapping first mol.:       27.15361       38.40101       66.51249
wrapping first mol.:       27.15361       38.40101       66.51249

 NSTEP =    45000   TIME(PS) =     930.000  TEMP(K) =   299.52  PRESS =    20.1
 Etot   =   -100126.6990  EKtot   =     25535.0723  EPtot      =   -125661.7712
 BOND   =       870.6469  ANGLE   =      2364.1987  DIHED      =      3496.3773
 1-4 NB =      1001.9337  1-4 EEL =     12279.7825  VDWAALS    =     14783.2750
 EELEC  =   -160765.6696  EHBOND  =         0.0000  RESTRAINT  =       307.6844
 EAMBER (non-restraint)  =   -125969.4556
 EKCMT  =     11047.6886  VIRIAL  =     10867.1824  VOLUME     =    416125.0406
                                                    Density    =         1.0199
 ------------------------------------------------------------------------------

wrapping first mol.:       27.18043       38.43893       66.57818
wrapping first mol.:       27.18043       38.43893       66.57818

 NSTEP =    45500   TIME(PS) =     931.000  TEMP(K) =   300.25  PRESS =   165.0
 Etot   =    -99693.7463  EKtot   =     25597.1992  EPtot      =   -125290.9455
 BOND   =       845.5937  ANGLE   =      2332.8072  DIHED      =      3535.7380
 1-4 NB =      1030.4130  1-4 EEL =     12278.8594  VDWAALS    =     14934.7668
 EELEC  =   -160554.2203  EHBOND  =         0.0000  RESTRAINT  =       305.0967
 EAMBER (non-restraint)  =   -125596.0422
 EKCMT  =     11217.1126  VIRIAL  =      9730.4350  VOLUME     =    417353.8403
                                                    Density    =         1.0169
 ------------------------------------------------------------------------------

wrapping first mol.:       27.16617       38.41876       66.54324
wrapping first mol.:       27.16617       38.41876       66.54324

 NSTEP =    46000   TIME(PS) =     932.000  TEMP(K) =   300.34  PRESS =   -64.0
 Etot   =   -100079.0241  EKtot   =     25604.9043  EPtot      =   -125683.9284
 BOND   =       864.1624  ANGLE   =      2298.3039  DIHED      =      3517.4253
 1-4 NB =      1016.9726  1-4 EEL =     12261.3103  VDWAALS    =     14758.5516
 EELEC  =   -160703.7582  EHBOND  =         0.0000  RESTRAINT  =       303.1037
 EAMBER (non-restraint)  =   -125987.0321
 EKCMT  =     11215.8331  VIRIAL  =     11791.2626  VOLUME     =    416705.4833
                                                    Density    =         1.0185
 ------------------------------------------------------------------------------

wrapping first mol.:       27.15951       38.40935       66.52694
wrapping first mol.:       27.15951       38.40935       66.52694

 NSTEP =    46500   TIME(PS) =     933.000  TEMP(K) =   301.32  PRESS =    43.1
 Etot   =    -99882.9544  EKtot   =     25688.2617  EPtot      =   -125571.2161
 BOND   =       860.3774  ANGLE   =      2298.8007  DIHED      =      3477.7311
 1-4 NB =      1013.5895  1-4 EEL =     12296.2646  VDWAALS    =     14989.7284
 EELEC  =   -160797.1861  EHBOND  =         0.0000  RESTRAINT  =       289.4784
 EAMBER (non-restraint)  =   -125860.6945
 EKCMT  =     11160.8057  VIRIAL  =     10773.5613  VOLUME     =    416395.3994
                                                    Density    =         1.0193
 ------------------------------------------------------------------------------

wrapping first mol.:       27.18035       38.43882       66.57798
wrapping first mol.:       27.18035       38.43882       66.57798

 NSTEP =    47000   TIME(PS) =     934.000  TEMP(K) =   299.84  PRESS =   -71.3
 Etot   =   -100220.8089  EKtot   =     25562.5195  EPtot      =   -125783.3284
 BOND   =       820.2510  ANGLE   =      2334.7918  DIHED      =      3465.5549
 1-4 NB =      1025.3615  1-4 EEL =     12333.1175  VDWAALS    =     15216.8029
 EELEC  =   -161286.3938  EHBOND  =         0.0000  RESTRAINT  =       307.1857
 EAMBER (non-restraint)  =   -126090.5141
 EKCMT  =     11160.2856  VIRIAL  =     11802.5595  VOLUME     =    417358.9069
                                                    Density    =         1.0169
 ------------------------------------------------------------------------------

wrapping first mol.:       27.18943       38.45166       66.60023
wrapping first mol.:       27.18943       38.45166       66.60023

 NSTEP =    47500   TIME(PS) =     935.000  TEMP(K) =   298.34  PRESS =   -48.3
 Etot   =   -100148.0264  EKtot   =     25434.2598  EPtot      =   -125582.2862
 BOND   =       813.0622  ANGLE   =      2330.3749  DIHED      =      3486.7944
 1-4 NB =      1023.5341  1-4 EEL =     12313.5839  VDWAALS    =     14985.4340
 EELEC  =   -160846.8715  EHBOND  =         0.0000  RESTRAINT  =       311.8018
 EAMBER (non-restraint)  =   -125894.0880
 EKCMT  =     11113.2833  VIRIAL  =     11548.5466  VOLUME     =    417776.5266
                                                    Density    =         1.0159
 ------------------------------------------------------------------------------

wrapping first mol.:       27.18229       38.44156       66.58273
wrapping first mol.:       27.18229       38.44156       66.58273

 NSTEP =    48000   TIME(PS) =     936.000  TEMP(K) =   298.91  PRESS =   112.2
 Etot   =    -99931.1036  EKtot   =     25482.9453  EPtot      =   -125414.0489
 BOND   =       811.4506  ANGLE   =      2370.1607  DIHED      =      3507.1774
 1-4 NB =      1010.4629  1-4 EEL =     12298.8699  VDWAALS    =     14939.2394
 EELEC  =   -160638.8209  EHBOND  =         0.0000  RESTRAINT  =       287.4111
 EAMBER (non-restraint)  =   -125701.4600
 EKCMT  =     10997.3380  VIRIAL  =      9986.5028  VOLUME     =    417441.4020
                                                    Density    =         1.0167
 ------------------------------------------------------------------------------

wrapping first mol.:       27.17258       38.42783       66.55894
wrapping first mol.:       27.17258       38.42783       66.55894

 NSTEP =    48500   TIME(PS) =     937.000  TEMP(K) =   300.70  PRESS =   -91.1
 Etot   =    -99697.2486  EKtot   =     25635.8750  EPtot      =   -125333.1236
 BOND   =       832.8165  ANGLE   =      2325.6524  DIHED      =      3504.5244
 1-4 NB =      1007.9129  1-4 EEL =     12287.1517  VDWAALS    =     14801.7188
 EELEC  =   -160383.5740  EHBOND  =         0.0000  RESTRAINT  =       290.6739
 EAMBER (non-restraint)  =   -125623.7974
 EKCMT  =     11177.1461  VIRIAL  =     11997.8187  VOLUME     =    417001.6214
                                                    Density    =         1.0178
 ------------------------------------------------------------------------------

wrapping first mol.:       27.17187       38.42683       66.55721
wrapping first mol.:       27.17187       38.42683       66.55721

 NSTEP =    49000   TIME(PS) =     938.000  TEMP(K) =   301.54  PRESS =     5.4
 Etot   =    -99556.3037  EKtot   =     25707.4844  EPtot      =   -125263.7881
 BOND   =       826.3737  ANGLE   =      2298.1923  DIHED      =      3502.5388
 1-4 NB =      1021.6127  1-4 EEL =     12302.0532  VDWAALS    =     14721.4012
 EELEC  =   -160248.1798  EHBOND  =         0.0000  RESTRAINT  =       312.2199
 EAMBER (non-restraint)  =   -125576.0080
 EKCMT  =     11082.8734  VIRIAL  =     11034.3719  VOLUME     =    416965.4955
                                                    Density    =         1.0179
 ------------------------------------------------------------------------------

wrapping first mol.:       27.18211       38.44131       66.58229
wrapping first mol.:       27.18211       38.44131       66.58229

 NSTEP =    49500   TIME(PS) =     939.000  TEMP(K) =   301.35  PRESS =    92.4
 Etot   =    -99638.5523  EKtot   =     25691.5137  EPtot      =   -125330.0660
 BOND   =       846.9128  ANGLE   =      2371.0618  DIHED      =      3495.7042
 1-4 NB =      1031.6206  1-4 EEL =     12305.0304  VDWAALS    =     14836.4417
 EELEC  =   -160521.0792  EHBOND  =         0.0000  RESTRAINT  =       304.2418
 EAMBER (non-restraint)  =   -125634.3078
 EKCMT  =     11151.5561  VIRIAL  =     10319.0205  VOLUME     =    417433.7896
                                                    Density    =         1.0168
 ------------------------------------------------------------------------------

wrapping first mol.:       27.18128       38.44013       66.58025
wrapping first mol.:       27.18128       38.44013       66.58025

 NSTEP =    50000   TIME(PS) =     940.000  TEMP(K) =   300.67  PRESS =   164.8
 Etot   =   -100057.0824  EKtot   =     25633.4863  EPtot      =   -125690.5687
 BOND   =       801.8613  ANGLE   =      2316.7485  DIHED      =      3500.6754
 1-4 NB =      1028.2517  1-4 EEL =     12288.4286  VDWAALS    =     14886.3822
 EELEC  =   -160809.4776  EHBOND  =         0.0000  RESTRAINT  =       296.5612
 EAMBER (non-restraint)  =   -125987.1299
 EKCMT  =     11192.3001  VIRIAL  =      9707.3861  VOLUME     =    417392.7675
                                                    Density    =         1.0169
 ------------------------------------------------------------------------------


      A V E R A G E S   O V E R     100 S T E P S


 NSTEP =    50000   TIME(PS) =     940.000  TEMP(K) =   300.17  PRESS =   -13.1
 Etot   =    -99908.8534  EKtot   =     25590.5584  EPtot      =   -125499.4118
 BOND   =       841.1479  ANGLE   =      2314.4215  DIHED      =      3494.4953
 1-4 NB =      1021.5756  1-4 EEL =     12287.3071  VDWAALS    =     14901.0195
 EELEC  =   -160661.3199  EHBOND  =         0.0000  RESTRAINT  =       301.9412
 EAMBER (non-restraint)  =   -125801.3530
 EKCMT  =     11142.0068  VIRIAL  =     11260.0525  VOLUME     =    416791.2766
                                                    Density    =         1.0183
 ------------------------------------------------------------------------------


      R M S  F L U C T U A T I O N S


 NSTEP =    50000   TIME(PS) =     940.000  TEMP(K) =     1.32  PRESS =   105.0
 Etot   =       198.1958  EKtot   =       112.1965  EPtot      =       152.2435
 BOND   =        21.7661  ANGLE   =        31.1632  DIHED      =        18.5737
 1-4 NB =        12.6123  1-4 EEL =        26.9814  VDWAALS    =       152.6336
 EELEC  =       232.8338  EHBOND  =         0.0000  RESTRAINT  =        11.9620
 EAMBER (non-restraint)  =       140.2815
 EKCMT  =        72.6330  VIRIAL  =       961.9675  VOLUME     =       567.3048
                                                    Density    =         0.0014
 ------------------------------------------------------------------------------

--------------------------------------------------------------------------------
   5.  TIMINGS
--------------------------------------------------------------------------------

|  NonSetup CPU Time in Major Routines:
|
|     Routine           Sec        %
|     ------------------------------
|     Nonbond         240.71   88.75
|     Bond              0.00    0.00
|     Angle             0.00    0.00
|     Dihedral          0.00    0.00
|     Shake             0.27    0.10
|     RunMD            30.21   11.14
|     Other             0.04    0.02
|     ------------------------------
|     Total           271.24

|  PME Nonbond Pairlist CPU Time:
|
|     Routine              Sec        %
|     ---------------------------------
|     Set Up Cit           0.00    0.00
|     Build List           0.00    0.00
|     ---------------------------------
|     Total                0.00    0.00

|  PME Direct Force CPU Time:
|
|     Routine              Sec        %
|     ---------------------------------
|     NonBonded Calc       0.00    0.00
|     Exclude Masked       0.00    0.00
|     Other                0.02    0.01
|     ---------------------------------
|     Total                0.02    0.01

|  PME Reciprocal Force CPU Time:
|
|     Routine              Sec        %
|     ---------------------------------
|     1D bspline           0.00    0.00
|     Grid Charges         0.00    0.00
|     Scalar Sum           0.00    0.00
|     Gradient Sum         0.00    0.00
|     FFT                  0.00    0.00
|     ---------------------------------
|     Total                0.00    0.00

|  Final Performance Info:
|     -----------------------------------------------------
|     Average timings for last    1500 steps:
|     Elapsed(s) =       8.16 Per Step(ms) =       5.44
|         ns/day =      31.77   seconds/ns =    2719.57
|
|     Average timings for all steps:
|     Elapsed(s) =     381.24 Per Step(ms) =       7.62
|         ns/day =      22.66   seconds/ns =    3812.39
|     -----------------------------------------------------

|  Setup CPU time:            0.64 seconds
|  NonSetup CPU time:       271.24 seconds
|  Total CPU time:          271.88 seconds     0.08 hours

|  Setup wall time:           1    seconds
|  NonSetup wall time:      381    seconds
|  Total wall time:         382    seconds     0.11 hours
