
          -------------------------------------------------------
          Amber 16 PMEMD                              2016
          -------------------------------------------------------

| PMEMD implementation of SANDER, Release 16

| Run on 11/03/2016 at 05:46:01

|   Executable path: pmemd.cuda
| Working directory: /home/german/exs/run/1hvr_hol
|          Hostname: Unknown
  [-O]verwriting output

File Assignments:
|   MDIN: pdt.in                                                                
|  MDOUT: 26p1hvr_hol.out                                                       
| INPCRD: 25p1hvr_hol.rst7                                                      
|   PARM: 1hvr_hol.prmtop                                                       
| RESTRT: 26p1hvr_hol.rst7                                                      
|   REFC: refc                                                                  
|  MDVEL: mdvel                                                                 
|   MDEN: mden                                                                  
|  MDCRD: 26p1hvr_hol.nc                                                        
| MDINFO: mdinfo                                                                
|  MDFRC: mdfrc                                                                 


 Here is the input file:

Equilibration with solute restrictions                                         
&cntrl                                                                         
imin = 0,                           ! No Minimization                          
nmropt = 0,                         ! No NMR restraints read                   
                                                                               
! Nature and format of the input                                               
ntx = 5,                            ! Coordinates and velocities will be read  
irest = 1,                          ! Do not run a new simulation              
                                                                               
! Nature and format of the output                                              
ntxo = 1,                           ! rstrt file in ASCII format               
ntpr = 50000,                       ! inf in output every ntpr steps           
ntwr = 50000,                       ! rstrt file every ntwr steps              
ntwx = 5000,                        ! mdcrd file every ntwx steps              
ntwv = 0,                           ! mdvel without velocities                 
ntwe = 0,                           ! Energies and temperatures not written in 
idecomp = 0,                        ! No energy decomposition                  
iwrap = 1,                          ! Coordinates of the restart and mdcrd file
                                                                               
! Frozen or restrained atoms                                                   
ibelly = 0,                         ! No frozen atoms                          
ntr=0,                              ! Harmonic potential restraints            
                                                                               
! Molecular dynamics                                                           
nstlim = 12500000,                  ! Number of MD-steps                       
dt = 0.002,                         ! Time step                                
                                                                               
! Temperature regulation                                                       
ntt = 3,                            ! Langevin thermostat                      
gamma_ln = 2,                       ! Gamma constant for Langevin              
!temp0 = 300.0,                     ! Reference T at which the system is to be 
tempi = 300.0,                      ! Initial T                                
ig = -1,                            ! Seed for the RNG                         
                                                                               
! P and V regulation                                                           
ntp = 0,                            ! No P control                             
ntb = 1,                            ! constant V                               
                                                                               
! SHAKE variables                                                              
ntc = 2,                            ! Bonds involving H are constrained        
ntf = 2,                            ! Bond interaction involving H are ommited.
                                                                               
cut = 9.0,                         ! Nonbonded cutoff                          
/                                                                              
&end                                                                           


Note: ig = -1. Setting random seed to   163707 based on wallclock time in 
      microseconds.
 
|--------------------- INFORMATION ----------------------
| GPU (CUDA) Version of PMEMD in use: NVIDIA GPU IN USE.
|                    Version 16.0.0
| 
|                      02/25/2016
| 
| Implementation by:
|                    Ross C. Walker     (SDSC)
|                    Scott Le Grand     (nVIDIA)
| 
| Precision model in use:
|      [SPFP] - Single Precision Forces, 64-bit Fixed Point
|               Accumulation. (Default)
| 
|--------------------------------------------------------
 
|----------------- CITATION INFORMATION -----------------
|
|    When publishing work that utilized the CUDA version
|    of AMBER, please cite the following in addition to
|    the regular AMBER citations:
|
|  - Romelia Salomon-Ferrer; Andreas W. Goetz; Duncan
|    Poole; Scott Le Grand; Ross C. Walker "Routine
|    microsecond molecular dynamics simulations with
|    AMBER - Part II: Particle Mesh Ewald", J. Chem.
|    Theory Comput., 2013, 9 (9), pp3878-3888,
|    DOI: 10.1021/ct400314y.
|
|  - Andreas W. Goetz; Mark J. Williamson; Dong Xu;
|    Duncan Poole; Scott Le Grand; Ross C. Walker
|    "Routine microsecond molecular dynamics simulations
|    with AMBER - Part I: Generalized Born", J. Chem.
|    Theory Comput., 2012, 8 (5), pp1542-1555.
|
|  - Scott Le Grand; Andreas W. Goetz; Ross C. Walker
|    "SPFP: Speed without compromise - a mixed precision
|    model for GPU accelerated molecular dynamics
|    simulations.", Comp. Phys. Comm., 2013, 184
|    pp374-380, DOI: 10.1016/j.cpc.2012.09.022
|
|--------------------------------------------------------
 
|------------------- GPU DEVICE INFO --------------------
|
|            CUDA_VISIBLE_DEVICES: 1
|   CUDA Capable Devices Detected:      1
|           CUDA Device ID in use:      0
|                CUDA Device Name: GeForce GTX 1060 6GB
|     CUDA Device Global Mem Size:   6072 MB
| CUDA Device Num Multiprocessors:     10
|           CUDA Device Core Freq:   1.76 GHz
|
|--------------------------------------------------------
 
 
| Conditional Compilation Defines Used:
| PUBFFT
| BINTRAJ
| CUDA
| EMIL

| Largest sphere to fit in unit cell has radius =    29.772

| New format PARM file being parsed.
| Version =    1.000 Date = 10/21/16 Time = 15:54:12

| Note: 1-4 EEL scale factors are being read from the topology file.

| Note: 1-4 VDW scale factors are being read from the topology file.
| Duplicated    0 dihedrals

| Duplicated    0 dihedrals

--------------------------------------------------------------------------------
   1.  RESOURCE   USE: 
--------------------------------------------------------------------------------

 getting new box info from bottom of inpcrd
 NATOM  =   29895 NTYPES =      17 NBONH =   28331 MBONA  =    1592
 NTHETH =    3754 MTHETA =    2161 NPHIH =    7401 MPHIA  =    6841
 NHPARM =       0 NPARM  =       0 NNB   =   53417 NRES   =    9098
 NBONA  =    1592 NTHETA =    2161 NPHIA =    6841 NUMBND =      84
 NUMANG =     194 NPTRA  =     195 NATYP =      45 NPHB   =       1
 IFBOX  =       2 NMXRS  =      84 IFCAP =       0 NEXTRA =       0
 NCOPY  =       0

| Coordinate Index Table dimensions:    12   12   12
| Direct force subcell size =     6.0772    6.0772    6.0772

     BOX TYPE: TRUNCATED OCTAHEDRON

--------------------------------------------------------------------------------
   2.  CONTROL  DATA  FOR  THE  RUN
--------------------------------------------------------------------------------

default_name                                                                    

General flags:
     imin    =       0, nmropt  =       0

Nature and format of input:
     ntx     =       5, irest   =       1, ntrx    =       1

Nature and format of output:
     ntxo    =       1, ntpr    =   50000, ntrx    =       1, ntwr    =   50000
     iwrap   =       1, ntwx    =    5000, ntwv    =       0, ntwe    =       0
     ioutfm  =       1, ntwprt  =       0, idecomp =       0, rbornstat=      0

Potential function:
     ntf     =       2, ntb     =       1, igb     =       0, nsnb    =      25
     ipol    =       0, gbsa    =       0, iesp    =       0
     dielc   =   1.00000, cut     =   9.00000, intdiel =   1.00000

Frozen or restrained atoms:
     ibelly  =       0, ntr     =       0

Molecular dynamics:
     nstlim  =  12500000, nscm    =      1000, nrespa  =         1
     t       =   0.00000, dt      =   0.00200, vlimit  =  -1.00000

Langevin dynamics temperature regulation:
     ig      =  163707
     temp0   = 300.00000, tempi   = 300.00000, gamma_ln=   2.00000

SHAKE:
     ntc     =       2, jfastw  =       0
     tol     =   0.00001

| Intermolecular bonds treatment:
|     no_intermolecular_bonds =       1

| Energy averages sample interval:
|     ene_avg_sampling =   50000

Ewald parameters:
     verbose =       0, ew_type =       0, nbflag  =       1, use_pme =       1
     vdwmeth =       1, eedmeth =       1, netfrc  =       1
     Box X =   72.927   Box Y =   72.927   Box Z =   72.927
     Alpha =  109.471   Beta  =  109.471   Gamma =  109.471
     NFFT1 =   80       NFFT2 =   80       NFFT3 =   80
     Cutoff=    9.000   Tol   =0.100E-04
     Ewald Coefficient =  0.30768
     Interpolation order =    4

--------------------------------------------------------------------------------
   3.  ATOMIC COORDINATES AND VELOCITIES
--------------------------------------------------------------------------------

default_name                                                                    
 begin time read from input coords =608340.000 ps

 
 Number of triangulated 3-point waters found:     8895

     Sum of charges from parm topology file =  -0.00100209
     Forcing neutrality...

| Dynamic Memory, Types Used:
| Reals              884190
| Integers          1024508

| Nonbonded Pairs Initial Allocation:     6816060

| GPU memory information (estimate):
| KB of GPU memory in use:    214081
| KB of CPU memory in use:     42673

--------------------------------------------------------------------------------
   4.  RESULTS
--------------------------------------------------------------------------------

 ---------------------------------------------------
 APPROXIMATING switch and d/dx switch using CUBIC SPLINE INTERPOLATION
 using   5000.0 points per unit in tabled values
 TESTING RELATIVE ERROR over r ranging from 0.0 to cutoff
| CHECK switch(x): max rel err =   0.2738E-14   at   2.422500
| CHECK d/dx switch(x): max rel err =   0.8314E-11   at   2.736960
 ---------------------------------------------------
|---------------------------------------------------
| APPROXIMATING direct energy using CUBIC SPLINE INTERPOLATION
|  with   50.0 points per unit in tabled values
| Relative Error Limit not exceeded for r .gt.   2.39
| APPROXIMATING direct force using CUBIC SPLINE INTERPOLATION
|  with   50.0 points per unit in tabled values
| Relative Error Limit not exceeded for r .gt.   2.84
|---------------------------------------------------

 NSTEP =    50000   TIME(PS) =  608440.000  TEMP(K) =   301.82  PRESS =     0.0
 Etot   =    -71476.0835  EKtot   =     18399.1211  EPtot      =    -89875.2046
 BOND   =       631.1161  ANGLE   =      1604.6670  DIHED      =      2457.7893
 1-4 NB =       693.6718  1-4 EEL =      8400.6027  VDWAALS    =     10764.4367
 EELEC  =   -114427.4882  EHBOND  =         0.0000  RESTRAINT  =         0.0000
 ------------------------------------------------------------------------------


 NSTEP =   100000   TIME(PS) =  608540.000  TEMP(K) =   297.92  PRESS =     0.0
 Etot   =    -71724.6465  EKtot   =     18161.5781  EPtot      =    -89886.2246
 BOND   =       625.8141  ANGLE   =      1593.3807  DIHED      =      2478.8017
 1-4 NB =       705.8700  1-4 EEL =      8350.7707  VDWAALS    =     10975.9119
 EELEC  =   -114616.7737  EHBOND  =         0.0000  RESTRAINT  =         0.0000
 ------------------------------------------------------------------------------


 NSTEP =   150000   TIME(PS) =  608640.000  TEMP(K) =   298.25  PRESS =     0.0
 Etot   =    -71734.4353  EKtot   =     18181.8887  EPtot      =    -89916.3240
 BOND   =       624.4120  ANGLE   =      1690.0406  DIHED      =      2458.1919
 1-4 NB =       679.3455  1-4 EEL =      8337.3643  VDWAALS    =     10674.7974
 EELEC  =   -114380.4757  EHBOND  =         0.0000  RESTRAINT  =         0.0000
 ------------------------------------------------------------------------------


 NSTEP =   200000   TIME(PS) =  608740.000  TEMP(K) =   301.18  PRESS =     0.0
 Etot   =    -71581.2175  EKtot   =     18360.2012  EPtot      =    -89941.4187
 BOND   =       589.6704  ANGLE   =      1609.2915  DIHED      =      2452.4681
 1-4 NB =       707.1266  1-4 EEL =      8379.6178  VDWAALS    =     10713.6596
 EELEC  =   -114393.2528  EHBOND  =         0.0000  RESTRAINT  =         0.0000
 ------------------------------------------------------------------------------


 NSTEP =   250000   TIME(PS) =  608840.000  TEMP(K) =   299.80  PRESS =     0.0
 Etot   =    -71604.5395  EKtot   =     18276.3125  EPtot      =    -89880.8520
 BOND   =       579.1129  ANGLE   =      1642.0940  DIHED      =      2480.7724
 1-4 NB =       705.3652  1-4 EEL =      8421.0787  VDWAALS    =     10729.1033
 EELEC  =   -114438.3784  EHBOND  =         0.0000  RESTRAINT  =         0.0000
 ------------------------------------------------------------------------------


 NSTEP =   300000   TIME(PS) =  608940.000  TEMP(K) =   304.23  PRESS =     0.0
 Etot   =    -71235.8111  EKtot   =     18546.4375  EPtot      =    -89782.2486
 BOND   =       618.5562  ANGLE   =      1673.5779  DIHED      =      2451.3695
 1-4 NB =       692.4338  1-4 EEL =      8398.3875  VDWAALS    =     10743.6974
 EELEC  =   -114360.2710  EHBOND  =         0.0000  RESTRAINT  =         0.0000
 ------------------------------------------------------------------------------


 NSTEP =   350000   TIME(PS) =  609040.000  TEMP(K) =   299.48  PRESS =     0.0
 Etot   =    -71499.8081  EKtot   =     18256.5234  EPtot      =    -89756.3316
 BOND   =       612.4902  ANGLE   =      1693.6984  DIHED      =      2484.7014
 1-4 NB =       706.2857  1-4 EEL =      8407.1758  VDWAALS    =     10524.5190
 EELEC  =   -114185.2021  EHBOND  =         0.0000  RESTRAINT  =         0.0000
 ------------------------------------------------------------------------------


 NSTEP =   400000   TIME(PS) =  609140.000  TEMP(K) =   300.81  PRESS =     0.0
 Etot   =    -71258.2584  EKtot   =     18337.5684  EPtot      =    -89595.8267
 BOND   =       599.0789  ANGLE   =      1628.3830  DIHED      =      2452.8820
 1-4 NB =       700.6105  1-4 EEL =      8392.8290  VDWAALS    =     10555.2410
 EELEC  =   -113924.8511  EHBOND  =         0.0000  RESTRAINT  =         0.0000
 ------------------------------------------------------------------------------


 NSTEP =   450000   TIME(PS) =  609240.000  TEMP(K) =   298.42  PRESS =     0.0
 Etot   =    -71524.1919  EKtot   =     18191.9180  EPtot      =    -89716.1099
 BOND   =       606.8104  ANGLE   =      1654.7132  DIHED      =      2469.3895
 1-4 NB =       697.1479  1-4 EEL =      8372.5612  VDWAALS    =     10721.2061
 EELEC  =   -114237.9382  EHBOND  =         0.0000  RESTRAINT  =         0.0000
 ------------------------------------------------------------------------------


 NSTEP =   500000   TIME(PS) =  609340.000  TEMP(K) =   299.95  PRESS =     0.0
 Etot   =    -71785.5884  EKtot   =     18285.2656  EPtot      =    -90070.8540
 BOND   =       622.7641  ANGLE   =      1621.3844  DIHED      =      2483.0986
 1-4 NB =       698.7137  1-4 EEL =      8346.4951  VDWAALS    =     11043.2346
 EELEC  =   -114886.5444  EHBOND  =         0.0000  RESTRAINT  =         0.0000
 ------------------------------------------------------------------------------


 NSTEP =   550000   TIME(PS) =  609440.000  TEMP(K) =   299.50  PRESS =     0.0
 Etot   =    -71607.0630  EKtot   =     18257.7930  EPtot      =    -89864.8559
 BOND   =       601.2491  ANGLE   =      1679.4252  DIHED      =      2482.5024
 1-4 NB =       722.0414  1-4 EEL =      8322.4437  VDWAALS    =     10964.9851
 EELEC  =   -114637.5028  EHBOND  =         0.0000  RESTRAINT  =         0.0000
 ------------------------------------------------------------------------------


 NSTEP =   600000   TIME(PS) =  609540.000  TEMP(K) =   302.15  PRESS =     0.0
 Etot   =    -71171.2529  EKtot   =     18419.2617  EPtot      =    -89590.5146
 BOND   =       618.4755  ANGLE   =      1613.7212  DIHED      =      2464.4861
 1-4 NB =       722.9575  1-4 EEL =      8351.5115  VDWAALS    =     10613.5018
 EELEC  =   -113975.1682  EHBOND  =         0.0000  RESTRAINT  =         0.0000
 ------------------------------------------------------------------------------


 NSTEP =   650000   TIME(PS) =  609640.000  TEMP(K) =   299.35  PRESS =     0.0
 Etot   =    -71832.0762  EKtot   =     18248.8125  EPtot      =    -90080.8887
 BOND   =       598.6720  ANGLE   =      1582.6117  DIHED      =      2450.9895
 1-4 NB =       709.7437  1-4 EEL =      8399.7708  VDWAALS    =     10963.2804
 EELEC  =   -114785.9567  EHBOND  =         0.0000  RESTRAINT  =         0.0000
 ------------------------------------------------------------------------------


 NSTEP =   700000   TIME(PS) =  609740.000  TEMP(K) =   298.45  PRESS =     0.0
 Etot   =    -71701.7724  EKtot   =     18194.0684  EPtot      =    -89895.8407
 BOND   =       572.5413  ANGLE   =      1660.3498  DIHED      =      2481.9200
 1-4 NB =       719.2283  1-4 EEL =      8378.2631  VDWAALS    =     10811.9367
 EELEC  =   -114520.0801  EHBOND  =         0.0000  RESTRAINT  =         0.0000
 ------------------------------------------------------------------------------


 NSTEP =   750000   TIME(PS) =  609840.000  TEMP(K) =   300.38  PRESS =     0.0
 Etot   =    -71737.3715  EKtot   =     18311.5762  EPtot      =    -90048.9477
 BOND   =       620.5583  ANGLE   =      1601.6368  DIHED      =      2489.3871
 1-4 NB =       690.3555  1-4 EEL =      8387.6994  VDWAALS    =     10899.5732
 EELEC  =   -114738.1580  EHBOND  =         0.0000  RESTRAINT  =         0.0000
 ------------------------------------------------------------------------------


 NSTEP =   800000   TIME(PS) =  609940.000  TEMP(K) =   301.76  PRESS =     0.0
 Etot   =    -71627.8652  EKtot   =     18395.5078  EPtot      =    -90023.3730
 BOND   =       650.8471  ANGLE   =      1639.1329  DIHED      =      2444.3616
 1-4 NB =       709.4771  1-4 EEL =      8377.0800  VDWAALS    =     11107.1551
 EELEC  =   -114951.4268  EHBOND  =         0.0000  RESTRAINT  =         0.0000
 ------------------------------------------------------------------------------


 NSTEP =   850000   TIME(PS) =  610040.000  TEMP(K) =   296.53  PRESS =     0.0
 Etot   =    -71800.2898  EKtot   =     18076.9375  EPtot      =    -89877.2273
 BOND   =       554.0019  ANGLE   =      1616.3927  DIHED      =      2481.5426
 1-4 NB =       736.1485  1-4 EEL =      8433.4366  VDWAALS    =     10814.0885
 EELEC  =   -114512.8381  EHBOND  =         0.0000  RESTRAINT  =         0.0000
 ------------------------------------------------------------------------------


 NSTEP =   900000   TIME(PS) =  610140.000  TEMP(K) =   297.85  PRESS =     0.0
 Etot   =    -71904.2649  EKtot   =     18157.2578  EPtot      =    -90061.5227
 BOND   =       573.0888  ANGLE   =      1634.0134  DIHED      =      2444.5380
 1-4 NB =       714.2862  1-4 EEL =      8367.3473  VDWAALS    =     10704.5334
 EELEC  =   -114499.3296  EHBOND  =         0.0000  RESTRAINT  =         0.0000
 ------------------------------------------------------------------------------


 NSTEP =   950000   TIME(PS) =  610240.000  TEMP(K) =   298.85  PRESS =     0.0
 Etot   =    -71714.5708  EKtot   =     18217.9688  EPtot      =    -89932.5395
 BOND   =       562.9525  ANGLE   =      1602.0536  DIHED      =      2445.6771
 1-4 NB =       708.8223  1-4 EEL =      8461.7574  VDWAALS    =     10791.6097
 EELEC  =   -114505.4121  EHBOND  =         0.0000  RESTRAINT  =         0.0000
 ------------------------------------------------------------------------------


 NSTEP =  1000000   TIME(PS) =  610340.000  TEMP(K) =   297.11  PRESS =     0.0
 Etot   =    -71688.7412  EKtot   =     18111.9844  EPtot      =    -89800.7256
 BOND   =       584.5482  ANGLE   =      1589.0759  DIHED      =      2456.2810
 1-4 NB =       700.5886  1-4 EEL =      8430.2275  VDWAALS    =     10888.4627
 EELEC  =   -114449.9094  EHBOND  =         0.0000  RESTRAINT  =         0.0000
 ------------------------------------------------------------------------------


 NSTEP =  1050000   TIME(PS) =  610440.000  TEMP(K) =   299.08  PRESS =     0.0
 Etot   =    -71552.4274  EKtot   =     18232.1816  EPtot      =    -89784.6091
 BOND   =       568.9875  ANGLE   =      1605.8053  DIHED      =      2465.7299
 1-4 NB =       710.5833  1-4 EEL =      8399.2676  VDWAALS    =     10970.7771
 EELEC  =   -114505.7598  EHBOND  =         0.0000  RESTRAINT  =         0.0000
 ------------------------------------------------------------------------------


 NSTEP =  1100000   TIME(PS) =  610540.000  TEMP(K) =   301.76  PRESS =     0.0
 Etot   =    -71300.4790  EKtot   =     18395.5176  EPtot      =    -89695.9966
 BOND   =       625.9411  ANGLE   =      1598.7560  DIHED      =      2461.2274
 1-4 NB =       722.0357  1-4 EEL =      8418.8222  VDWAALS    =     10773.1313
 EELEC  =   -114295.9103  EHBOND  =         0.0000  RESTRAINT  =         0.0000
 ------------------------------------------------------------------------------


 NSTEP =  1150000   TIME(PS) =  610640.000  TEMP(K) =   298.96  PRESS =     0.0
 Etot   =    -71698.8158  EKtot   =     18224.6582  EPtot      =    -89923.4740
 BOND   =       586.6834  ANGLE   =      1606.3291  DIHED      =      2454.4512
 1-4 NB =       708.9682  1-4 EEL =      8368.1605  VDWAALS    =     10431.5255
 EELEC  =   -114079.5920  EHBOND  =         0.0000  RESTRAINT  =         0.0000
 ------------------------------------------------------------------------------


 NSTEP =  1200000   TIME(PS) =  610740.000  TEMP(K) =   297.75  PRESS =     0.0
 Etot   =    -71593.6048  EKtot   =     18151.0078  EPtot      =    -89744.6126
 BOND   =       589.7601  ANGLE   =      1622.6968  DIHED      =      2445.4563
 1-4 NB =       718.4102  1-4 EEL =      8422.0237  VDWAALS    =     10814.7015
 EELEC  =   -114357.6613  EHBOND  =         0.0000  RESTRAINT  =         0.0000
 ------------------------------------------------------------------------------


 NSTEP =  1250000   TIME(PS) =  610840.000  TEMP(K) =   298.11  PRESS =     0.0
 Etot   =    -71681.2214  EKtot   =     18173.3750  EPtot      =    -89854.5964
 BOND   =       614.6859  ANGLE   =      1622.1704  DIHED      =      2444.3473
 1-4 NB =       694.6402  1-4 EEL =      8347.6046  VDWAALS    =     10857.7217
 EELEC  =   -114435.7664  EHBOND  =         0.0000  RESTRAINT  =         0.0000
 ------------------------------------------------------------------------------


 NSTEP =  1300000   TIME(PS) =  610940.000  TEMP(K) =   297.98  PRESS =     0.0
 Etot   =    -71743.5532  EKtot   =     18165.3184  EPtot      =    -89908.8716
 BOND   =       558.1995  ANGLE   =      1641.6903  DIHED      =      2486.3896
 1-4 NB =       709.8989  1-4 EEL =      8362.4413  VDWAALS    =     10654.2397
 EELEC  =   -114321.7309  EHBOND  =         0.0000  RESTRAINT  =         0.0000
 ------------------------------------------------------------------------------


 NSTEP =  1350000   TIME(PS) =  611040.000  TEMP(K) =   300.68  PRESS =     0.0
 Etot   =    -71493.6179  EKtot   =     18330.0645  EPtot      =    -89823.6823
 BOND   =       577.7460  ANGLE   =      1661.6161  DIHED      =      2473.6527
 1-4 NB =       714.4095  1-4 EEL =      8333.8900  VDWAALS    =     10614.9030
 EELEC  =   -114199.8997  EHBOND  =         0.0000  RESTRAINT  =         0.0000
 ------------------------------------------------------------------------------


 NSTEP =  1400000   TIME(PS) =  611140.000  TEMP(K) =   300.18  PRESS =     0.0
 Etot   =    -71588.2352  EKtot   =     18299.3184  EPtot      =    -89887.5535
 BOND   =       564.0783  ANGLE   =      1651.0384  DIHED      =      2469.9988
 1-4 NB =       698.1071  1-4 EEL =      8398.5081  VDWAALS    =     10712.0041
 EELEC  =   -114381.2883  EHBOND  =         0.0000  RESTRAINT  =         0.0000
 ------------------------------------------------------------------------------


 NSTEP =  1450000   TIME(PS) =  611240.000  TEMP(K) =   301.55  PRESS =     0.0
 Etot   =    -71335.8047  EKtot   =     18382.5566  EPtot      =    -89718.3614
 BOND   =       594.7437  ANGLE   =      1679.0457  DIHED      =      2500.4883
 1-4 NB =       692.1809  1-4 EEL =      8360.4555  VDWAALS    =     11016.1402
 EELEC  =   -114561.4155  EHBOND  =         0.0000  RESTRAINT  =         0.0000
 ------------------------------------------------------------------------------


 NSTEP =  1500000   TIME(PS) =  611340.000  TEMP(K) =   302.24  PRESS =     0.0
 Etot   =    -71289.1283  EKtot   =     18425.1289  EPtot      =    -89714.2572
 BOND   =       590.1844  ANGLE   =      1598.6813  DIHED      =      2468.3783
 1-4 NB =       701.6199  1-4 EEL =      8352.9837  VDWAALS    =     11066.5029
 EELEC  =   -114492.6077  EHBOND  =         0.0000  RESTRAINT  =         0.0000
 ------------------------------------------------------------------------------


 NSTEP =  1550000   TIME(PS) =  611440.000  TEMP(K) =   302.75  PRESS =     0.0
 Etot   =    -71242.5889  EKtot   =     18455.7695  EPtot      =    -89698.3584
 BOND   =       561.8116  ANGLE   =      1632.7642  DIHED      =      2480.1437
 1-4 NB =       714.7493  1-4 EEL =      8412.9738  VDWAALS    =     10437.6881
 EELEC  =   -113938.4891  EHBOND  =         0.0000  RESTRAINT  =         0.0000
 ------------------------------------------------------------------------------


 NSTEP =  1600000   TIME(PS) =  611540.000  TEMP(K) =   301.17  PRESS =     0.0
 Etot   =    -71526.0105  EKtot   =     18359.6523  EPtot      =    -89885.6628
 BOND   =       598.6200  ANGLE   =      1670.8284  DIHED      =      2424.6198
 1-4 NB =       705.1683  1-4 EEL =      8369.8960  VDWAALS    =     10969.5599
 EELEC  =   -114624.3551  EHBOND  =         0.0000  RESTRAINT  =         0.0000
 ------------------------------------------------------------------------------


 NSTEP =  1650000   TIME(PS) =  611640.000  TEMP(K) =   298.01  PRESS =     0.0
 Etot   =    -71770.9985  EKtot   =     18166.7207  EPtot      =    -89937.7192
 BOND   =       644.0854  ANGLE   =      1673.6024  DIHED      =      2452.9668
 1-4 NB =       702.1808  1-4 EEL =      8351.7187  VDWAALS    =     11048.3225
 EELEC  =   -114810.5957  EHBOND  =         0.0000  RESTRAINT  =         0.0000
 ------------------------------------------------------------------------------


 NSTEP =  1700000   TIME(PS) =  611740.000  TEMP(K) =   299.63  PRESS =     0.0
 Etot   =    -71632.3795  EKtot   =     18265.6562  EPtot      =    -89898.0357
 BOND   =       619.2579  ANGLE   =      1624.9306  DIHED      =      2477.0373
 1-4 NB =       699.4340  1-4 EEL =      8380.3743  VDWAALS    =     10946.3477
 EELEC  =   -114645.4175  EHBOND  =         0.0000  RESTRAINT  =         0.0000
 ------------------------------------------------------------------------------


 NSTEP =  1750000   TIME(PS) =  611840.000  TEMP(K) =   299.76  PRESS =     0.0
 Etot   =    -71844.2513  EKtot   =     18273.5742  EPtot      =    -90117.8255
 BOND   =       570.8186  ANGLE   =      1604.0062  DIHED      =      2458.7079
 1-4 NB =       706.6656  1-4 EEL =      8360.6486  VDWAALS    =     11039.7390
 EELEC  =   -114858.4114  EHBOND  =         0.0000  RESTRAINT  =         0.0000
 ------------------------------------------------------------------------------


 NSTEP =  1800000   TIME(PS) =  611940.000  TEMP(K) =   298.78  PRESS =     0.0
 Etot   =    -71757.8232  EKtot   =     18213.6562  EPtot      =    -89971.4794
 BOND   =       596.3978  ANGLE   =      1631.8437  DIHED      =      2459.7151
 1-4 NB =       703.8873  1-4 EEL =      8337.5624  VDWAALS    =     10794.7443
 EELEC  =   -114495.6299  EHBOND  =         0.0000  RESTRAINT  =         0.0000
 ------------------------------------------------------------------------------


 NSTEP =  1850000   TIME(PS) =  612040.000  TEMP(K) =   299.60  PRESS =     0.0
 Etot   =    -71528.6579  EKtot   =     18264.2109  EPtot      =    -89792.8688
 BOND   =       578.6846  ANGLE   =      1581.7870  DIHED      =      2461.0794
 1-4 NB =       714.2414  1-4 EEL =      8401.6632  VDWAALS    =     10600.7668
 EELEC  =   -114131.0912  EHBOND  =         0.0000  RESTRAINT  =         0.0000
 ------------------------------------------------------------------------------


 NSTEP =  1900000   TIME(PS) =  612140.000  TEMP(K) =   298.36  PRESS =     0.0
 Etot   =    -71842.1748  EKtot   =     18188.6074  EPtot      =    -90030.7822
 BOND   =       596.3282  ANGLE   =      1603.2416  DIHED      =      2490.7882
 1-4 NB =       696.5895  1-4 EEL =      8338.0660  VDWAALS    =     10606.2525
 EELEC  =   -114362.0482  EHBOND  =         0.0000  RESTRAINT  =         0.0000
 ------------------------------------------------------------------------------


 NSTEP =  1950000   TIME(PS) =  612240.000  TEMP(K) =   300.97  PRESS =     0.0
 Etot   =    -71449.7187  EKtot   =     18347.5684  EPtot      =    -89797.2871
 BOND   =       617.3403  ANGLE   =      1655.9576  DIHED      =      2453.1648
 1-4 NB =       695.1620  1-4 EEL =      8383.5369  VDWAALS    =     10754.3138
 EELEC  =   -114356.7625  EHBOND  =         0.0000  RESTRAINT  =         0.0000
 ------------------------------------------------------------------------------


 NSTEP =  2000000   TIME(PS) =  612340.000  TEMP(K) =   299.56  PRESS =     0.0
 Etot   =    -71661.2543  EKtot   =     18261.3164  EPtot      =    -89922.5707
 BOND   =       577.4660  ANGLE   =      1629.7855  DIHED      =      2492.1637
 1-4 NB =       691.2374  1-4 EEL =      8341.4602  VDWAALS    =     10849.3544
 EELEC  =   -114504.0378  EHBOND  =         0.0000  RESTRAINT  =         0.0000
 ------------------------------------------------------------------------------


 NSTEP =  2050000   TIME(PS) =  612440.000  TEMP(K) =   300.29  PRESS =     0.0
 Etot   =    -71680.9087  EKtot   =     18305.7559  EPtot      =    -89986.6646
 BOND   =       601.9766  ANGLE   =      1628.0855  DIHED      =      2460.7243
 1-4 NB =       718.7707  1-4 EEL =      8389.3128  VDWAALS    =     10905.9770
 EELEC  =   -114691.5116  EHBOND  =         0.0000  RESTRAINT  =         0.0000
 ------------------------------------------------------------------------------


 NSTEP =  2100000   TIME(PS) =  612540.000  TEMP(K) =   302.17  PRESS =     0.0
 Etot   =    -71518.0940  EKtot   =     18420.6445  EPtot      =    -89938.7386
 BOND   =       595.4879  ANGLE   =      1606.7132  DIHED      =      2474.2532
 1-4 NB =       704.4683  1-4 EEL =      8406.5209  VDWAALS    =     10868.6288
 EELEC  =   -114594.8108  EHBOND  =         0.0000  RESTRAINT  =         0.0000
 ------------------------------------------------------------------------------


 NSTEP =  2150000   TIME(PS) =  612640.000  TEMP(K) =   298.98  PRESS =     0.0
 Etot   =    -71679.8907  EKtot   =     18226.0078  EPtot      =    -89905.8985
 BOND   =       607.5177  ANGLE   =      1609.3294  DIHED      =      2448.5671
 1-4 NB =       690.2268  1-4 EEL =      8417.4331  VDWAALS    =     10801.7484
 EELEC  =   -114480.7209  EHBOND  =         0.0000  RESTRAINT  =         0.0000
 ------------------------------------------------------------------------------


 NSTEP =  2200000   TIME(PS) =  612740.000  TEMP(K) =   302.07  PRESS =     0.0
 Etot   =    -71197.6742  EKtot   =     18414.7383  EPtot      =    -89612.4125
 BOND   =       639.9475  ANGLE   =      1566.4898  DIHED      =      2464.8650
 1-4 NB =       696.4122  1-4 EEL =      8418.1733  VDWAALS    =     10577.6612
 EELEC  =   -113975.9615  EHBOND  =         0.0000  RESTRAINT  =         0.0000
 ------------------------------------------------------------------------------


 NSTEP =  2250000   TIME(PS) =  612840.000  TEMP(K) =   301.37  PRESS =     0.0
 Etot   =    -71598.1173  EKtot   =     18371.9805  EPtot      =    -89970.0978
 BOND   =       606.4837  ANGLE   =      1567.3312  DIHED      =      2452.4621
 1-4 NB =       686.8613  1-4 EEL =      8354.5990  VDWAALS    =     10831.2144
 EELEC  =   -114469.0495  EHBOND  =         0.0000  RESTRAINT  =         0.0000
 ------------------------------------------------------------------------------


 NSTEP =  2300000   TIME(PS) =  612940.000  TEMP(K) =   301.12  PRESS =     0.0
 Etot   =    -71513.0275  EKtot   =     18356.4453  EPtot      =    -89869.4728
 BOND   =       623.6565  ANGLE   =      1592.9605  DIHED      =      2457.7965
 1-4 NB =       702.2844  1-4 EEL =      8326.1786  VDWAALS    =     10800.2758
 EELEC  =   -114372.6251  EHBOND  =         0.0000  RESTRAINT  =         0.0000
 ------------------------------------------------------------------------------


 NSTEP =  2350000   TIME(PS) =  613040.000  TEMP(K) =   298.04  PRESS =     0.0
 Etot   =    -71895.0020  EKtot   =     18168.8281  EPtot      =    -90063.8301
 BOND   =       603.9251  ANGLE   =      1619.8903  DIHED      =      2449.4165
 1-4 NB =       725.8125  1-4 EEL =      8373.4009  VDWAALS    =     10876.8161
 EELEC  =   -114713.0914  EHBOND  =         0.0000  RESTRAINT  =         0.0000
 ------------------------------------------------------------------------------


 NSTEP =  2400000   TIME(PS) =  613140.000  TEMP(K) =   302.10  PRESS =     0.0
 Etot   =    -71448.9934  EKtot   =     18416.3027  EPtot      =    -89865.2961
 BOND   =       549.5441  ANGLE   =      1666.6750  DIHED      =      2456.1698
 1-4 NB =       686.6637  1-4 EEL =      8384.5239  VDWAALS    =     10796.6795
 EELEC  =   -114405.5522  EHBOND  =         0.0000  RESTRAINT  =         0.0000
 ------------------------------------------------------------------------------


 NSTEP =  2450000   TIME(PS) =  613240.000  TEMP(K) =   300.42  PRESS =     0.0
 Etot   =    -71539.7249  EKtot   =     18313.7188  EPtot      =    -89853.4436
 BOND   =       578.4080  ANGLE   =      1637.6101  DIHED      =      2469.9520
 1-4 NB =       710.9776  1-4 EEL =      8365.8691  VDWAALS    =     10760.4671
 EELEC  =   -114376.7275  EHBOND  =         0.0000  RESTRAINT  =         0.0000
 ------------------------------------------------------------------------------


 NSTEP =  2500000   TIME(PS) =  613340.000  TEMP(K) =   303.55  PRESS =     0.0
 Etot   =    -71318.3063  EKtot   =     18504.6738  EPtot      =    -89822.9801
 BOND   =       577.1990  ANGLE   =      1685.6932  DIHED      =      2438.7871
 1-4 NB =       715.2105  1-4 EEL =      8395.1351  VDWAALS    =     10800.1511
 EELEC  =   -114435.1561  EHBOND  =         0.0000  RESTRAINT  =         0.0000
 ------------------------------------------------------------------------------


 NSTEP =  2550000   TIME(PS) =  613440.000  TEMP(K) =   298.91  PRESS =     0.0
 Etot   =    -71562.6296  EKtot   =     18221.8125  EPtot      =    -89784.4421
 BOND   =       601.9370  ANGLE   =      1626.7154  DIHED      =      2457.9345
 1-4 NB =       716.8547  1-4 EEL =      8348.2734  VDWAALS    =     10592.3356
 EELEC  =   -114128.4927  EHBOND  =         0.0000  RESTRAINT  =         0.0000
 ------------------------------------------------------------------------------


 NSTEP =  2600000   TIME(PS) =  613540.000  TEMP(K) =   300.94  PRESS =     0.0
 Etot   =    -71549.7096  EKtot   =     18345.7930  EPtot      =    -89895.5026
 BOND   =       586.1711  ANGLE   =      1634.6685  DIHED      =      2466.6552
 1-4 NB =       712.3974  1-4 EEL =      8406.4341  VDWAALS    =     10800.8591
 EELEC  =   -114502.6880  EHBOND  =         0.0000  RESTRAINT  =         0.0000
 ------------------------------------------------------------------------------


 NSTEP =  2650000   TIME(PS) =  613640.000  TEMP(K) =   298.57  PRESS =     0.0
 Etot   =    -71917.2365  EKtot   =     18201.1035  EPtot      =    -90118.3400
 BOND   =       583.0882  ANGLE   =      1548.7816  DIHED      =      2462.7500
 1-4 NB =       744.1546  1-4 EEL =      8424.9867  VDWAALS    =     10710.1576
 EELEC  =   -114592.2587  EHBOND  =         0.0000  RESTRAINT  =         0.0000
 ------------------------------------------------------------------------------


 NSTEP =  2700000   TIME(PS) =  613740.000  TEMP(K) =   300.35  PRESS =     0.0
 Etot   =    -71494.8343  EKtot   =     18309.5039  EPtot      =    -89804.3382
 BOND   =       596.8230  ANGLE   =      1628.0136  DIHED      =      2477.4167
 1-4 NB =       704.3599  1-4 EEL =      8380.7160  VDWAALS    =     10858.0564
 EELEC  =   -114449.7238  EHBOND  =         0.0000  RESTRAINT  =         0.0000
 ------------------------------------------------------------------------------


 NSTEP =  2750000   TIME(PS) =  613840.000  TEMP(K) =   300.80  PRESS =     0.0
 Etot   =    -71633.1330  EKtot   =     18337.2012  EPtot      =    -89970.3342
 BOND   =       634.5594  ANGLE   =      1608.1518  DIHED      =      2494.7857
 1-4 NB =       712.7947  1-4 EEL =      8349.5958  VDWAALS    =     10844.2678
 EELEC  =   -114614.4894  EHBOND  =         0.0000  RESTRAINT  =         0.0000
 ------------------------------------------------------------------------------


 NSTEP =  2800000   TIME(PS) =  613940.000  TEMP(K) =   299.76  PRESS =     0.0
 Etot   =    -71530.2965  EKtot   =     18273.8516  EPtot      =    -89804.1481
 BOND   =       635.0677  ANGLE   =      1594.7583  DIHED      =      2461.5666
 1-4 NB =       688.0092  1-4 EEL =      8328.3712  VDWAALS    =     10999.8283
 EELEC  =   -114511.7495  EHBOND  =         0.0000  RESTRAINT  =         0.0000
 ------------------------------------------------------------------------------


 NSTEP =  2850000   TIME(PS) =  614040.000  TEMP(K) =   300.78  PRESS =     0.0
 Etot   =    -71394.6485  EKtot   =     18335.8848  EPtot      =    -89730.5333
 BOND   =       601.7222  ANGLE   =      1650.0395  DIHED      =      2462.3725
 1-4 NB =       712.4751  1-4 EEL =      8395.7402  VDWAALS    =     10813.2898
 EELEC  =   -114366.1726  EHBOND  =         0.0000  RESTRAINT  =         0.0000
 ------------------------------------------------------------------------------


 NSTEP =  2900000   TIME(PS) =  614140.000  TEMP(K) =   301.70  PRESS =     0.0
 Etot   =    -71713.7149  EKtot   =     18391.8320  EPtot      =    -90105.5469
 BOND   =       601.4573  ANGLE   =      1616.6369  DIHED      =      2449.5773
 1-4 NB =       712.8710  1-4 EEL =      8405.9815  VDWAALS    =     10828.7660
 EELEC  =   -114720.8369  EHBOND  =         0.0000  RESTRAINT  =         0.0000
 ------------------------------------------------------------------------------


 NSTEP =  2950000   TIME(PS) =  614240.000  TEMP(K) =   299.91  PRESS =     0.0
 Etot   =    -71665.4929  EKtot   =     18282.8867  EPtot      =    -89948.3797
 BOND   =       575.0262  ANGLE   =      1659.3320  DIHED      =      2475.5565
 1-4 NB =       713.3120  1-4 EEL =      8369.3632  VDWAALS    =     10791.5411
 EELEC  =   -114532.5108  EHBOND  =         0.0000  RESTRAINT  =         0.0000
 ------------------------------------------------------------------------------


 NSTEP =  3000000   TIME(PS) =  614340.000  TEMP(K) =   298.49  PRESS =     0.0
 Etot   =    -71461.1009  EKtot   =     18196.0371  EPtot      =    -89657.1380
 BOND   =       596.6737  ANGLE   =      1631.9366  DIHED      =      2452.1264
 1-4 NB =       721.7517  1-4 EEL =      8373.5555  VDWAALS    =     10948.0062
 EELEC  =   -114381.1882  EHBOND  =         0.0000  RESTRAINT  =         0.0000
 ------------------------------------------------------------------------------


 NSTEP =  3050000   TIME(PS) =  614440.000  TEMP(K) =   299.53  PRESS =     0.0
 Etot   =    -71820.0387  EKtot   =     18259.6289  EPtot      =    -90079.6676
 BOND   =       596.4312  ANGLE   =      1643.6939  DIHED      =      2435.0923
 1-4 NB =       703.9159  1-4 EEL =      8357.1637  VDWAALS    =     10921.5003
 EELEC  =   -114737.4650  EHBOND  =         0.0000  RESTRAINT  =         0.0000
 ------------------------------------------------------------------------------


 NSTEP =  3100000   TIME(PS) =  614540.000  TEMP(K) =   298.19  PRESS =     0.0
 Etot   =    -71387.4799  EKtot   =     18177.9375  EPtot      =    -89565.4174
 BOND   =       578.9557  ANGLE   =      1652.1483  DIHED      =      2484.9234
 1-4 NB =       713.3262  1-4 EEL =      8377.5018  VDWAALS    =     10980.2782
 EELEC  =   -114352.5510  EHBOND  =         0.0000  RESTRAINT  =         0.0000
 ------------------------------------------------------------------------------


 NSTEP =  3150000   TIME(PS) =  614640.000  TEMP(K) =   299.24  PRESS =     0.0
 Etot   =    -71369.6668  EKtot   =     18242.0586  EPtot      =    -89611.7254
 BOND   =       604.6752  ANGLE   =      1649.3053  DIHED      =      2486.6272
 1-4 NB =       727.2632  1-4 EEL =      8342.3284  VDWAALS    =     10861.7109
 EELEC  =   -114283.6356  EHBOND  =         0.0000  RESTRAINT  =         0.0000
 ------------------------------------------------------------------------------


 NSTEP =  3200000   TIME(PS) =  614740.000  TEMP(K) =   299.09  PRESS =     0.0
 Etot   =    -71541.5190  EKtot   =     18233.1191  EPtot      =    -89774.6382
 BOND   =       606.7189  ANGLE   =      1596.1894  DIHED      =      2486.5284
 1-4 NB =       723.4781  1-4 EEL =      8458.8735  VDWAALS    =     10754.6701
 EELEC  =   -114401.0966  EHBOND  =         0.0000  RESTRAINT  =         0.0000
 ------------------------------------------------------------------------------


 NSTEP =  3250000   TIME(PS) =  614840.000  TEMP(K) =   298.26  PRESS =     0.0
 Etot   =    -71675.9250  EKtot   =     18182.1133  EPtot      =    -89858.0383
 BOND   =       607.8922  ANGLE   =      1652.9906  DIHED      =      2457.1977
 1-4 NB =       692.8927  1-4 EEL =      8372.8208  VDWAALS    =     10669.9768
 EELEC  =   -114311.8091  EHBOND  =         0.0000  RESTRAINT  =         0.0000
 ------------------------------------------------------------------------------


 NSTEP =  3300000   TIME(PS) =  614940.000  TEMP(K) =   298.03  PRESS =     0.0
 Etot   =    -71717.4239  EKtot   =     18168.3262  EPtot      =    -89885.7501
 BOND   =       602.9635  ANGLE   =      1606.2238  DIHED      =      2455.1115
 1-4 NB =       694.1747  1-4 EEL =      8333.4388  VDWAALS    =     10591.5066
 EELEC  =   -114169.1689  EHBOND  =         0.0000  RESTRAINT  =         0.0000
 ------------------------------------------------------------------------------


 NSTEP =  3350000   TIME(PS) =  615040.000  TEMP(K) =   300.80  PRESS =     0.0
 Etot   =    -71234.5987  EKtot   =     18337.3281  EPtot      =    -89571.9268
 BOND   =       600.2569  ANGLE   =      1695.0292  DIHED      =      2491.3185
 1-4 NB =       703.4429  1-4 EEL =      8372.0201  VDWAALS    =     10706.0963
 EELEC  =   -114140.0907  EHBOND  =         0.0000  RESTRAINT  =         0.0000
 ------------------------------------------------------------------------------


 NSTEP =  3400000   TIME(PS) =  615140.000  TEMP(K) =   298.87  PRESS =     0.0
 Etot   =    -71674.6831  EKtot   =     18219.4395  EPtot      =    -89894.1226
 BOND   =       564.0109  ANGLE   =      1609.5473  DIHED      =      2476.6941
 1-4 NB =       727.5977  1-4 EEL =      8400.5811  VDWAALS    =     10895.3242
 EELEC  =   -114567.8778  EHBOND  =         0.0000  RESTRAINT  =         0.0000
 ------------------------------------------------------------------------------


 NSTEP =  3450000   TIME(PS) =  615240.000  TEMP(K) =   299.31  PRESS =     0.0
 Etot   =    -71355.3389  EKtot   =     18246.0508  EPtot      =    -89601.3897
 BOND   =       632.0865  ANGLE   =      1587.6868  DIHED      =      2478.2509
 1-4 NB =       733.0632  1-4 EEL =      8382.2300  VDWAALS    =     10703.0343
 EELEC  =   -114117.7413  EHBOND  =         0.0000  RESTRAINT  =         0.0000
 ------------------------------------------------------------------------------


 NSTEP =  3500000   TIME(PS) =  615340.000  TEMP(K) =   297.37  PRESS =     0.0
 Etot   =    -71533.6283  EKtot   =     18128.1934  EPtot      =    -89661.8217
 BOND   =       579.0843  ANGLE   =      1633.8027  DIHED      =      2470.9370
 1-4 NB =       710.2562  1-4 EEL =      8345.7899  VDWAALS    =     10704.8734
 EELEC  =   -114106.5653  EHBOND  =         0.0000  RESTRAINT  =         0.0000
 ------------------------------------------------------------------------------


 NSTEP =  3550000   TIME(PS) =  615440.000  TEMP(K) =   299.91  PRESS =     0.0
 Etot   =    -71564.1269  EKtot   =     18283.0938  EPtot      =    -89847.2207
 BOND   =       609.5114  ANGLE   =      1629.1270  DIHED      =      2482.3335
 1-4 NB =       720.1209  1-4 EEL =      8368.8506  VDWAALS    =     11043.2240
 EELEC  =   -114700.3881  EHBOND  =         0.0000  RESTRAINT  =         0.0000
 ------------------------------------------------------------------------------


 NSTEP =  3600000   TIME(PS) =  615540.000  TEMP(K) =   300.35  PRESS =     0.0
 Etot   =    -71416.7255  EKtot   =     18309.4121  EPtot      =    -89726.1376
 BOND   =       631.8161  ANGLE   =      1603.2198  DIHED      =      2460.9243
 1-4 NB =       705.6273  1-4 EEL =      8439.1599  VDWAALS    =     10723.6078
 EELEC  =   -114290.4927  EHBOND  =         0.0000  RESTRAINT  =         0.0000
 ------------------------------------------------------------------------------


 NSTEP =  3650000   TIME(PS) =  615640.000  TEMP(K) =   298.94  PRESS =     0.0
 Etot   =    -71588.2809  EKtot   =     18223.6953  EPtot      =    -89811.9762
 BOND   =       597.6276  ANGLE   =      1615.0953  DIHED      =      2430.7337
 1-4 NB =       716.6659  1-4 EEL =      8416.4044  VDWAALS    =     10909.6080
 EELEC  =   -114498.1111  EHBOND  =         0.0000  RESTRAINT  =         0.0000
 ------------------------------------------------------------------------------


 NSTEP =  3700000   TIME(PS) =  615740.000  TEMP(K) =   300.96  PRESS =     0.0
 Etot   =    -71584.4872  EKtot   =     18346.9160  EPtot      =    -89931.4032
 BOND   =       606.4524  ANGLE   =      1622.7323  DIHED      =      2452.4284
 1-4 NB =       702.7736  1-4 EEL =      8358.2890  VDWAALS    =     10724.6801
 EELEC  =   -114398.7589  EHBOND  =         0.0000  RESTRAINT  =         0.0000
 ------------------------------------------------------------------------------


 NSTEP =  3750000   TIME(PS) =  615840.000  TEMP(K) =   300.00  PRESS =     0.0
 Etot   =    -71665.1704  EKtot   =     18288.3516  EPtot      =    -89953.5219
 BOND   =       594.9422  ANGLE   =      1626.1758  DIHED      =      2439.7455
 1-4 NB =       696.6040  1-4 EEL =      8378.3155  VDWAALS    =     10851.1661
 EELEC  =   -114540.4711  EHBOND  =         0.0000  RESTRAINT  =         0.0000
 ------------------------------------------------------------------------------


 NSTEP =  3800000   TIME(PS) =  615940.000  TEMP(K) =   298.10  PRESS =     0.0
 Etot   =    -71670.9117  EKtot   =     18172.2930  EPtot      =    -89843.2047
 BOND   =       541.0005  ANGLE   =      1629.6006  DIHED      =      2452.9592
 1-4 NB =       704.0966  1-4 EEL =      8452.0574  VDWAALS    =     10762.7953
 EELEC  =   -114385.7144  EHBOND  =         0.0000  RESTRAINT  =         0.0000
 ------------------------------------------------------------------------------


 NSTEP =  3850000   TIME(PS) =  616040.000  TEMP(K) =   302.16  PRESS =     0.0
 Etot   =    -71513.4172  EKtot   =     18420.1465  EPtot      =    -89933.5637
 BOND   =       568.4651  ANGLE   =      1587.8488  DIHED      =      2504.7856
 1-4 NB =       703.0830  1-4 EEL =      8335.9897  VDWAALS    =     11001.1900
 EELEC  =   -114634.9259  EHBOND  =         0.0000  RESTRAINT  =         0.0000
 ------------------------------------------------------------------------------


 NSTEP =  3900000   TIME(PS) =  616140.000  TEMP(K) =   301.56  PRESS =     0.0
 Etot   =    -71636.2736  EKtot   =     18383.5918  EPtot      =    -90019.8654
 BOND   =       607.9871  ANGLE   =      1599.5196  DIHED      =      2483.4075
 1-4 NB =       716.1050  1-4 EEL =      8373.7212  VDWAALS    =     10902.6574
 EELEC  =   -114703.2631  EHBOND  =         0.0000  RESTRAINT  =         0.0000
 ------------------------------------------------------------------------------


 NSTEP =  3950000   TIME(PS) =  616240.000  TEMP(K) =   300.16  PRESS =     0.0
 Etot   =    -71761.4861  EKtot   =     18298.3164  EPtot      =    -90059.8025
 BOND   =       585.0283  ANGLE   =      1610.1240  DIHED      =      2455.5625
 1-4 NB =       724.1157  1-4 EEL =      8408.1031  VDWAALS    =     10709.5464
 EELEC  =   -114552.2825  EHBOND  =         0.0000  RESTRAINT  =         0.0000
 ------------------------------------------------------------------------------


 NSTEP =  4000000   TIME(PS) =  616340.000  TEMP(K) =   299.61  PRESS =     0.0
 Etot   =    -71708.7068  EKtot   =     18264.5391  EPtot      =    -89973.2459
 BOND   =       554.1348  ANGLE   =      1666.8537  DIHED      =      2473.5615
 1-4 NB =       704.4512  1-4 EEL =      8415.6346  VDWAALS    =     10796.7899
 EELEC  =   -114584.6716  EHBOND  =         0.0000  RESTRAINT  =         0.0000
 ------------------------------------------------------------------------------


 NSTEP =  4050000   TIME(PS) =  616440.000  TEMP(K) =   302.47  PRESS =     0.0
 Etot   =    -71445.6690  EKtot   =     18439.0801  EPtot      =    -89884.7490
 BOND   =       591.5012  ANGLE   =      1714.4258  DIHED      =      2455.2406
 1-4 NB =       691.5842  1-4 EEL =      8357.7915  VDWAALS    =     11018.3439
 EELEC  =   -114713.6362  EHBOND  =         0.0000  RESTRAINT  =         0.0000
 ------------------------------------------------------------------------------


 NSTEP =  4100000   TIME(PS) =  616540.000  TEMP(K) =   297.83  PRESS =     0.0
 Etot   =    -71604.4758  EKtot   =     18155.9082  EPtot      =    -89760.3840
 BOND   =       615.0493  ANGLE   =      1623.8674  DIHED      =      2482.4118
 1-4 NB =       690.9526  1-4 EEL =      8382.8377  VDWAALS    =     10693.8797
 EELEC  =   -114249.3825  EHBOND  =         0.0000  RESTRAINT  =         0.0000
 ------------------------------------------------------------------------------


 NSTEP =  4150000   TIME(PS) =  616640.000  TEMP(K) =   297.58  PRESS =     0.0
 Etot   =    -71865.3730  EKtot   =     18140.7598  EPtot      =    -90006.1328
 BOND   =       586.6669  ANGLE   =      1592.9108  DIHED      =      2471.7543
 1-4 NB =       726.8500  1-4 EEL =      8405.4792  VDWAALS    =     10790.1567
 EELEC  =   -114579.9506  EHBOND  =         0.0000  RESTRAINT  =         0.0000
 ------------------------------------------------------------------------------


 NSTEP =  4200000   TIME(PS) =  616740.000  TEMP(K) =   302.48  PRESS =     0.0
 Etot   =    -71468.5820  EKtot   =     18439.6309  EPtot      =    -89908.2128
 BOND   =       557.7389  ANGLE   =      1643.3510  DIHED      =      2454.1932
 1-4 NB =       702.6502  1-4 EEL =      8385.5484  VDWAALS    =     10796.1621
 EELEC  =   -114447.8566  EHBOND  =         0.0000  RESTRAINT  =         0.0000
 ------------------------------------------------------------------------------


 NSTEP =  4250000   TIME(PS) =  616840.000  TEMP(K) =   301.27  PRESS =     0.0
 Etot   =    -71472.0652  EKtot   =     18365.9180  EPtot      =    -89837.9832
 BOND   =       605.0339  ANGLE   =      1674.0113  DIHED      =      2479.6995
 1-4 NB =       712.2949  1-4 EEL =      8343.8141  VDWAALS    =     10804.4631
 EELEC  =   -114457.3000  EHBOND  =         0.0000  RESTRAINT  =         0.0000
 ------------------------------------------------------------------------------


 NSTEP =  4300000   TIME(PS) =  616940.000  TEMP(K) =   300.60  PRESS =     0.0
 Etot   =    -71532.9144  EKtot   =     18325.1172  EPtot      =    -89858.0316
 BOND   =       608.4037  ANGLE   =      1664.8080  DIHED      =      2487.8838
 1-4 NB =       703.8045  1-4 EEL =      8381.4753  VDWAALS    =     10945.3885
 EELEC  =   -114649.7955  EHBOND  =         0.0000  RESTRAINT  =         0.0000
 ------------------------------------------------------------------------------


 NSTEP =  4350000   TIME(PS) =  617040.000  TEMP(K) =   302.48  PRESS =     0.0
 Etot   =    -71489.8335  EKtot   =     18439.3320  EPtot      =    -89929.1655
 BOND   =       585.7555  ANGLE   =      1631.5543  DIHED      =      2462.9624
 1-4 NB =       710.8574  1-4 EEL =      8351.9854  VDWAALS    =     10847.3733
 EELEC  =   -114519.6537  EHBOND  =         0.0000  RESTRAINT  =         0.0000
 ------------------------------------------------------------------------------


 NSTEP =  4400000   TIME(PS) =  617140.000  TEMP(K) =   300.42  PRESS =     0.0
 Etot   =    -71387.9557  EKtot   =     18313.8672  EPtot      =    -89701.8229
 BOND   =       619.5509  ANGLE   =      1656.3359  DIHED      =      2468.0039
 1-4 NB =       704.6406  1-4 EEL =      8371.9105  VDWAALS    =     10977.0731
 EELEC  =   -114499.3379  EHBOND  =         0.0000  RESTRAINT  =         0.0000
 ------------------------------------------------------------------------------


 NSTEP =  4450000   TIME(PS) =  617240.000  TEMP(K) =   297.74  PRESS =     0.0
 Etot   =    -71755.5866  EKtot   =     18150.2793  EPtot      =    -89905.8659
 BOND   =       580.8683  ANGLE   =      1674.5732  DIHED      =      2442.2989
 1-4 NB =       701.4567  1-4 EEL =      8376.1455  VDWAALS    =     10602.3882
 EELEC  =   -114283.5966  EHBOND  =         0.0000  RESTRAINT  =         0.0000
 ------------------------------------------------------------------------------


 NSTEP =  4500000   TIME(PS) =  617340.000  TEMP(K) =   300.53  PRESS =     0.0
 Etot   =    -71362.3344  EKtot   =     18320.6465  EPtot      =    -89682.9809
 BOND   =       605.1846  ANGLE   =      1620.8451  DIHED      =      2468.8217
 1-4 NB =       699.6005  1-4 EEL =      8396.9596  VDWAALS    =     10838.2699
 EELEC  =   -114312.6623  EHBOND  =         0.0000  RESTRAINT  =         0.0000
 ------------------------------------------------------------------------------


 NSTEP =  4550000   TIME(PS) =  617440.000  TEMP(K) =   299.17  PRESS =     0.0
 Etot   =    -71826.9250  EKtot   =     18237.5762  EPtot      =    -90064.5011
 BOND   =       618.1845  ANGLE   =      1647.0421  DIHED      =      2453.5765
 1-4 NB =       696.3187  1-4 EEL =      8329.8011  VDWAALS    =     10939.4648
 EELEC  =   -114748.8889  EHBOND  =         0.0000  RESTRAINT  =         0.0000
 ------------------------------------------------------------------------------


 NSTEP =  4600000   TIME(PS) =  617540.000  TEMP(K) =   299.54  PRESS =     0.0
 Etot   =    -71682.6936  EKtot   =     18260.5801  EPtot      =    -89943.2737
 BOND   =       606.6873  ANGLE   =      1654.6908  DIHED      =      2448.0226
 1-4 NB =       715.2813  1-4 EEL =      8405.9302  VDWAALS    =     10633.3837
 EELEC  =   -114407.2696  EHBOND  =         0.0000  RESTRAINT  =         0.0000
 ------------------------------------------------------------------------------


 NSTEP =  4650000   TIME(PS) =  617640.000  TEMP(K) =   301.24  PRESS =     0.0
 Etot   =    -71653.4283  EKtot   =     18364.0234  EPtot      =    -90017.4517
 BOND   =       582.9327  ANGLE   =      1590.7597  DIHED      =      2443.8016
 1-4 NB =       706.9640  1-4 EEL =      8398.4695  VDWAALS    =     10849.2448
 EELEC  =   -114589.6241  EHBOND  =         0.0000  RESTRAINT  =         0.0000
 ------------------------------------------------------------------------------


 NSTEP =  4700000   TIME(PS) =  617740.000  TEMP(K) =   301.97  PRESS =     0.0
 Etot   =    -71505.6141  EKtot   =     18408.2832  EPtot      =    -89913.8973
 BOND   =       590.9678  ANGLE   =      1640.4158  DIHED      =      2502.9127
 1-4 NB =       693.8076  1-4 EEL =      8394.2964  VDWAALS    =     10868.4528
 EELEC  =   -114604.7505  EHBOND  =         0.0000  RESTRAINT  =         0.0000
 ------------------------------------------------------------------------------


 NSTEP =  4750000   TIME(PS) =  617840.000  TEMP(K) =   299.14  PRESS =     0.0
 Etot   =    -71407.3070  EKtot   =     18235.8320  EPtot      =    -89643.1390
 BOND   =       607.4419  ANGLE   =      1662.8936  DIHED      =      2462.2386
 1-4 NB =       709.3013  1-4 EEL =      8337.9089  VDWAALS    =     10715.0626
 EELEC  =   -114137.9859  EHBOND  =         0.0000  RESTRAINT  =         0.0000
 ------------------------------------------------------------------------------


 NSTEP =  4800000   TIME(PS) =  617940.000  TEMP(K) =   297.98  PRESS =     0.0
 Etot   =    -71894.0087  EKtot   =     18165.1230  EPtot      =    -90059.1317
 BOND   =       552.9687  ANGLE   =      1581.3849  DIHED      =      2476.7756
 1-4 NB =       716.9284  1-4 EEL =      8388.9729  VDWAALS    =     10812.5867
 EELEC  =   -114588.7488  EHBOND  =         0.0000  RESTRAINT  =         0.0000
 ------------------------------------------------------------------------------


 NSTEP =  4850000   TIME(PS) =  618040.000  TEMP(K) =   300.65  PRESS =     0.0
 Etot   =    -71354.5201  EKtot   =     18328.0469  EPtot      =    -89682.5670
 BOND   =       587.7579  ANGLE   =      1680.0341  DIHED      =      2486.7377
 1-4 NB =       696.0996  1-4 EEL =      8365.7317  VDWAALS    =     10611.4747
 EELEC  =   -114110.4027  EHBOND  =         0.0000  RESTRAINT  =         0.0000
 ------------------------------------------------------------------------------


 NSTEP =  4900000   TIME(PS) =  618140.000  TEMP(K) =   301.44  PRESS =     0.0
 Etot   =    -71626.6146  EKtot   =     18376.0938  EPtot      =    -90002.7084
 BOND   =       596.4299  ANGLE   =      1649.4328  DIHED      =      2494.8903
 1-4 NB =       697.0256  1-4 EEL =      8395.3912  VDWAALS    =     10751.2607
 EELEC  =   -114587.1389  EHBOND  =         0.0000  RESTRAINT  =         0.0000
 ------------------------------------------------------------------------------


 NSTEP =  4950000   TIME(PS) =  618240.000  TEMP(K) =   297.79  PRESS =     0.0
 Etot   =    -71846.1023  EKtot   =     18153.4668  EPtot      =    -89999.5691
 BOND   =       595.8981  ANGLE   =      1640.0072  DIHED      =      2487.6395
 1-4 NB =       699.4626  1-4 EEL =      8351.7115  VDWAALS    =     10735.8043
 EELEC  =   -114510.0922  EHBOND  =         0.0000  RESTRAINT  =         0.0000
 ------------------------------------------------------------------------------


 NSTEP =  5000000   TIME(PS) =  618340.000  TEMP(K) =   300.72  PRESS =     0.0
 Etot   =    -71378.2600  EKtot   =     18332.1230  EPtot      =    -89710.3830
 BOND   =       609.8566  ANGLE   =      1603.2390  DIHED      =      2472.5413
 1-4 NB =       713.2764  1-4 EEL =      8383.0493  VDWAALS    =     10754.5954
 EELEC  =   -114246.9410  EHBOND  =         0.0000  RESTRAINT  =         0.0000
 ------------------------------------------------------------------------------


 NSTEP =  5050000   TIME(PS) =  618440.000  TEMP(K) =   302.03  PRESS =     0.0
 Etot   =    -71340.8782  EKtot   =     18411.9043  EPtot      =    -89752.7824
 BOND   =       616.3597  ANGLE   =      1637.9832  DIHED      =      2481.5340
 1-4 NB =       714.8655  1-4 EEL =      8348.4713  VDWAALS    =     10882.8518
 EELEC  =   -114434.8478  EHBOND  =         0.0000  RESTRAINT  =         0.0000
 ------------------------------------------------------------------------------


 NSTEP =  5100000   TIME(PS) =  618540.000  TEMP(K) =   296.90  PRESS =     0.0
 Etot   =    -71635.2413  EKtot   =     18099.4062  EPtot      =    -89734.6476
 BOND   =       605.0170  ANGLE   =      1645.8500  DIHED      =      2443.3641
 1-4 NB =       698.7609  1-4 EEL =      8363.4041  VDWAALS    =     10805.2786
 EELEC  =   -114296.3223  EHBOND  =         0.0000  RESTRAINT  =         0.0000
 ------------------------------------------------------------------------------


 NSTEP =  5150000   TIME(PS) =  618640.000  TEMP(K) =   301.22  PRESS =     0.0
 Etot   =    -71261.5775  EKtot   =     18362.7363  EPtot      =    -89624.3138
 BOND   =       633.1608  ANGLE   =      1648.3687  DIHED      =      2504.3547
 1-4 NB =       722.8978  1-4 EEL =      8363.1501  VDWAALS    =     10678.3810
 EELEC  =   -114174.6268  EHBOND  =         0.0000  RESTRAINT  =         0.0000
 ------------------------------------------------------------------------------


 NSTEP =  5200000   TIME(PS) =  618740.000  TEMP(K) =   300.28  PRESS =     0.0
 Etot   =    -71470.8768  EKtot   =     18305.5586  EPtot      =    -89776.4354
 BOND   =       592.7864  ANGLE   =      1684.5687  DIHED      =      2430.6489
 1-4 NB =       707.6278  1-4 EEL =      8363.2095  VDWAALS    =     10883.1818
 EELEC  =   -114438.4584  EHBOND  =         0.0000  RESTRAINT  =         0.0000
 ------------------------------------------------------------------------------


 NSTEP =  5250000   TIME(PS) =  618840.000  TEMP(K) =   298.26  PRESS =     0.0
 Etot   =    -71716.9221  EKtot   =     18182.4746  EPtot      =    -89899.3967
 BOND   =       639.3920  ANGLE   =      1589.2172  DIHED      =      2471.0879
 1-4 NB =       692.9886  1-4 EEL =      8318.3912  VDWAALS    =     10879.0752
 EELEC  =   -114489.5488  EHBOND  =         0.0000  RESTRAINT  =         0.0000
 ------------------------------------------------------------------------------


 NSTEP =  5300000   TIME(PS) =  618940.000  TEMP(K) =   302.13  PRESS =     0.0
 Etot   =    -71490.9369  EKtot   =     18418.3984  EPtot      =    -89909.3353
 BOND   =       620.6036  ANGLE   =      1607.6054  DIHED      =      2464.7995
 1-4 NB =       711.9545  1-4 EEL =      8391.1914  VDWAALS    =     10944.2353
 EELEC  =   -114649.7249  EHBOND  =         0.0000  RESTRAINT  =         0.0000
 ------------------------------------------------------------------------------


 NSTEP =  5350000   TIME(PS) =  619040.000  TEMP(K) =   297.60  PRESS =     0.0
 Etot   =    -71785.4163  EKtot   =     18142.1973  EPtot      =    -89927.6136
 BOND   =       648.7398  ANGLE   =      1606.3724  DIHED      =      2435.0434
 1-4 NB =       715.6431  1-4 EEL =      8319.0107  VDWAALS    =     11035.8276
 EELEC  =   -114688.2506  EHBOND  =         0.0000  RESTRAINT  =         0.0000
 ------------------------------------------------------------------------------


 NSTEP =  5400000   TIME(PS) =  619140.000  TEMP(K) =   303.40  PRESS =     0.0
 Etot   =    -71535.4951  EKtot   =     18495.7344  EPtot      =    -90031.2295
 BOND   =       601.8215  ANGLE   =      1573.8630  DIHED      =      2460.1709
 1-4 NB =       689.6630  1-4 EEL =      8381.4089  VDWAALS    =     10879.9435
 EELEC  =   -114618.1003  EHBOND  =         0.0000  RESTRAINT  =         0.0000
 ------------------------------------------------------------------------------


 NSTEP =  5450000   TIME(PS) =  619240.000  TEMP(K) =   297.66  PRESS =     0.0
 Etot   =    -71642.9447  EKtot   =     18145.4746  EPtot      =    -89788.4194
 BOND   =       597.3147  ANGLE   =      1605.7806  DIHED      =      2495.1427
 1-4 NB =       705.1866  1-4 EEL =      8306.2303  VDWAALS    =     10790.3744
 EELEC  =   -114288.4487  EHBOND  =         0.0000  RESTRAINT  =         0.0000
 ------------------------------------------------------------------------------


 NSTEP =  5500000   TIME(PS) =  619340.000  TEMP(K) =   301.48  PRESS =     0.0
 Etot   =    -71295.9110  EKtot   =     18378.8340  EPtot      =    -89674.7450
 BOND   =       585.2786  ANGLE   =      1659.0890  DIHED      =      2482.0423
 1-4 NB =       702.8803  1-4 EEL =      8382.8998  VDWAALS    =     10707.4759
 EELEC  =   -114194.4110  EHBOND  =         0.0000  RESTRAINT  =         0.0000
 ------------------------------------------------------------------------------


 NSTEP =  5550000   TIME(PS) =  619440.000  TEMP(K) =   300.22  PRESS =     0.0
 Etot   =    -71498.7909  EKtot   =     18301.9727  EPtot      =    -89800.7636
 BOND   =       570.0828  ANGLE   =      1665.8887  DIHED      =      2473.7822
 1-4 NB =       713.3043  1-4 EEL =      8410.2380  VDWAALS    =     10689.6617
 EELEC  =   -114323.7212  EHBOND  =         0.0000  RESTRAINT  =         0.0000
 ------------------------------------------------------------------------------


 NSTEP =  5600000   TIME(PS) =  619540.000  TEMP(K) =   300.78  PRESS =     0.0
 Etot   =    -71211.9131  EKtot   =     18335.5898  EPtot      =    -89547.5029
 BOND   =       614.0372  ANGLE   =      1647.1563  DIHED      =      2503.3924
 1-4 NB =       702.1001  1-4 EEL =      8414.8723  VDWAALS    =     10530.6778
 EELEC  =   -113959.7391  EHBOND  =         0.0000  RESTRAINT  =         0.0000
 ------------------------------------------------------------------------------


 NSTEP =  5650000   TIME(PS) =  619640.000  TEMP(K) =   298.97  PRESS =     0.0
 Etot   =    -71757.3538  EKtot   =     18225.4160  EPtot      =    -89982.7698
 BOND   =       600.4896  ANGLE   =      1688.6107  DIHED      =      2482.9316
 1-4 NB =       700.9595  1-4 EEL =      8388.3244  VDWAALS    =     10843.4904
 EELEC  =   -114687.5760  EHBOND  =         0.0000  RESTRAINT  =         0.0000
 ------------------------------------------------------------------------------


 NSTEP =  5700000   TIME(PS) =  619740.000  TEMP(K) =   300.60  PRESS =     0.0
 Etot   =    -71574.3652  EKtot   =     18324.7656  EPtot      =    -89899.1308
 BOND   =       607.2971  ANGLE   =      1665.5012  DIHED      =      2430.8526
 1-4 NB =       709.2531  1-4 EEL =      8409.6775  VDWAALS    =     10680.0224
 EELEC  =   -114401.7347  EHBOND  =         0.0000  RESTRAINT  =         0.0000
 ------------------------------------------------------------------------------


 NSTEP =  5750000   TIME(PS) =  619840.000  TEMP(K) =   298.51  PRESS =     0.0
 Etot   =    -71531.2166  EKtot   =     18197.1875  EPtot      =    -89728.4041
 BOND   =       584.7364  ANGLE   =      1675.1585  DIHED      =      2442.2354
 1-4 NB =       718.2084  1-4 EEL =      8384.3510  VDWAALS    =     10678.0024
 EELEC  =   -114211.0963  EHBOND  =         0.0000  RESTRAINT  =         0.0000
 ------------------------------------------------------------------------------


 NSTEP =  5800000   TIME(PS) =  619940.000  TEMP(K) =   300.04  PRESS =     0.0
 Etot   =    -71628.4625  EKtot   =     18290.7617  EPtot      =    -89919.2242
 BOND   =       601.5374  ANGLE   =      1634.1792  DIHED      =      2474.5476
 1-4 NB =       702.9784  1-4 EEL =      8302.3040  VDWAALS    =     10712.3144
 EELEC  =   -114347.0853  EHBOND  =         0.0000  RESTRAINT  =         0.0000
 ------------------------------------------------------------------------------


 NSTEP =  5850000   TIME(PS) =  620040.000  TEMP(K) =   300.01  PRESS =     0.0
 Etot   =    -71651.5640  EKtot   =     18288.8105  EPtot      =    -89940.3745
 BOND   =       614.8427  ANGLE   =      1647.8892  DIHED      =      2491.4000
 1-4 NB =       717.3438  1-4 EEL =      8371.2662  VDWAALS    =     11024.0051
 EELEC  =   -114807.1218  EHBOND  =         0.0000  RESTRAINT  =         0.0000
 ------------------------------------------------------------------------------


 NSTEP =  5900000   TIME(PS) =  620140.000  TEMP(K) =   297.73  PRESS =     0.0
 Etot   =    -71774.4591  EKtot   =     18149.7012  EPtot      =    -89924.1603
 BOND   =       627.9306  ANGLE   =      1617.1470  DIHED      =      2480.3746
 1-4 NB =       714.3654  1-4 EEL =      8303.0003  VDWAALS    =     10880.5647
 EELEC  =   -114547.5429  EHBOND  =         0.0000  RESTRAINT  =         0.0000
 ------------------------------------------------------------------------------


 NSTEP =  5950000   TIME(PS) =  620240.000  TEMP(K) =   298.67  PRESS =     0.0
 Etot   =    -71694.3897  EKtot   =     18207.2910  EPtot      =    -89901.6807
 BOND   =       594.2489  ANGLE   =      1659.9580  DIHED      =      2479.0601
 1-4 NB =       717.9879  1-4 EEL =      8367.0831  VDWAALS    =     10705.9088
 EELEC  =   -114425.9275  EHBOND  =         0.0000  RESTRAINT  =         0.0000
 ------------------------------------------------------------------------------


 NSTEP =  6000000   TIME(PS) =  620340.000  TEMP(K) =   296.75  PRESS =     0.0
 Etot   =    -71517.8309  EKtot   =     18090.4746  EPtot      =    -89608.3055
 BOND   =       611.0974  ANGLE   =      1577.5000  DIHED      =      2487.5289
 1-4 NB =       727.0347  1-4 EEL =      8399.6983  VDWAALS    =     10933.9712
 EELEC  =   -114345.1359  EHBOND  =         0.0000  RESTRAINT  =         0.0000
 ------------------------------------------------------------------------------


 NSTEP =  6050000   TIME(PS) =  620440.000  TEMP(K) =   298.57  PRESS =     0.0
 Etot   =    -71355.5886  EKtot   =     18201.3457  EPtot      =    -89556.9343
 BOND   =       598.6290  ANGLE   =      1612.8243  DIHED      =      2433.6859
 1-4 NB =       697.9785  1-4 EEL =      8351.6182  VDWAALS    =     11000.7694
 EELEC  =   -114252.4396  EHBOND  =         0.0000  RESTRAINT  =         0.0000
 ------------------------------------------------------------------------------


 NSTEP =  6100000   TIME(PS) =  620540.000  TEMP(K) =   299.67  PRESS =     0.0
 Etot   =    -71537.9552  EKtot   =     18268.0879  EPtot      =    -89806.0431
 BOND   =       603.4251  ANGLE   =      1605.8049  DIHED      =      2479.8362
 1-4 NB =       716.6123  1-4 EEL =      8367.6617  VDWAALS    =     10753.7629
 EELEC  =   -114333.1462  EHBOND  =         0.0000  RESTRAINT  =         0.0000
 ------------------------------------------------------------------------------


 NSTEP =  6150000   TIME(PS) =  620640.000  TEMP(K) =   302.61  PRESS =     0.0
 Etot   =    -71473.8163  EKtot   =     18447.3047  EPtot      =    -89921.1210
 BOND   =       600.9386  ANGLE   =      1651.8329  DIHED      =      2478.7684
 1-4 NB =       710.7559  1-4 EEL =      8367.2992  VDWAALS    =     10752.2581
 EELEC  =   -114482.9742  EHBOND  =         0.0000  RESTRAINT  =         0.0000
 ------------------------------------------------------------------------------


 NSTEP =  6200000   TIME(PS) =  620740.000  TEMP(K) =   302.36  PRESS =     0.0
 Etot   =    -71458.2198  EKtot   =     18432.2637  EPtot      =    -89890.4835
 BOND   =       625.3997  ANGLE   =      1619.4148  DIHED      =      2459.3944
 1-4 NB =       693.0044  1-4 EEL =      8345.1869  VDWAALS    =     10831.2793
 EELEC  =   -114464.1631  EHBOND  =         0.0000  RESTRAINT  =         0.0000
 ------------------------------------------------------------------------------


 NSTEP =  6250000   TIME(PS) =  620840.000  TEMP(K) =   298.98  PRESS =     0.0
 Etot   =    -71634.3224  EKtot   =     18226.4336  EPtot      =    -89860.7559
 BOND   =       582.4299  ANGLE   =      1621.3599  DIHED      =      2463.7437
 1-4 NB =       698.8927  1-4 EEL =      8330.5498  VDWAALS    =     10959.0127
 EELEC  =   -114516.7446  EHBOND  =         0.0000  RESTRAINT  =         0.0000
 ------------------------------------------------------------------------------


 NSTEP =  6300000   TIME(PS) =  620940.000  TEMP(K) =   300.90  PRESS =     0.0
 Etot   =    -71413.7781  EKtot   =     18343.4688  EPtot      =    -89757.2469
 BOND   =       639.0242  ANGLE   =      1607.0770  DIHED      =      2433.4181
 1-4 NB =       689.8824  1-4 EEL =      8350.5878  VDWAALS    =     10655.6064
 EELEC  =   -114132.8428  EHBOND  =         0.0000  RESTRAINT  =         0.0000
 ------------------------------------------------------------------------------


 NSTEP =  6350000   TIME(PS) =  621040.000  TEMP(K) =   303.89  PRESS =     0.0
 Etot   =    -71250.8170  EKtot   =     18525.5977  EPtot      =    -89776.4147
 BOND   =       561.7823  ANGLE   =      1696.5456  DIHED      =      2489.7902
 1-4 NB =       697.9343  1-4 EEL =      8369.2944  VDWAALS    =     10848.0297
 EELEC  =   -114439.7912  EHBOND  =         0.0000  RESTRAINT  =         0.0000
 ------------------------------------------------------------------------------


 NSTEP =  6400000   TIME(PS) =  621140.000  TEMP(K) =   300.56  PRESS =     0.0
 Etot   =    -71533.6159  EKtot   =     18322.5176  EPtot      =    -89856.1335
 BOND   =       619.9930  ANGLE   =      1607.3246  DIHED      =      2487.0121
 1-4 NB =       701.0394  1-4 EEL =      8335.8014  VDWAALS    =     11104.9770
 EELEC  =   -114712.2810  EHBOND  =         0.0000  RESTRAINT  =         0.0000
 ------------------------------------------------------------------------------


 NSTEP =  6450000   TIME(PS) =  621240.000  TEMP(K) =   300.81  PRESS =     0.0
 Etot   =    -71329.8789  EKtot   =     18338.0059  EPtot      =    -89667.8848
 BOND   =       596.8308  ANGLE   =      1566.8954  DIHED      =      2443.8470
 1-4 NB =       706.1318  1-4 EEL =      8401.1146  VDWAALS    =     10602.9520
 EELEC  =   -113985.6564  EHBOND  =         0.0000  RESTRAINT  =         0.0000
 ------------------------------------------------------------------------------


 NSTEP =  6500000   TIME(PS) =  621340.000  TEMP(K) =   299.64  PRESS =     0.0
 Etot   =    -71664.2018  EKtot   =     18266.1777  EPtot      =    -89930.3795
 BOND   =       609.6046  ANGLE   =      1641.0497  DIHED      =      2477.8348
 1-4 NB =       702.3032  1-4 EEL =      8356.0181  VDWAALS    =     10740.6582
 EELEC  =   -114457.8483  EHBOND  =         0.0000  RESTRAINT  =         0.0000
 ------------------------------------------------------------------------------


 NSTEP =  6550000   TIME(PS) =  621440.000  TEMP(K) =   299.31  PRESS =     0.0
 Etot   =    -71515.3659  EKtot   =     18246.0332  EPtot      =    -89761.3991
 BOND   =       606.1353  ANGLE   =      1639.9440  DIHED      =      2471.6269
 1-4 NB =       708.2861  1-4 EEL =      8378.2291  VDWAALS    =     10764.3442
 EELEC  =   -114329.9646  EHBOND  =         0.0000  RESTRAINT  =         0.0000
 ------------------------------------------------------------------------------


 NSTEP =  6600000   TIME(PS) =  621540.000  TEMP(K) =   298.00  PRESS =     0.0
 Etot   =    -71553.0173  EKtot   =     18166.5352  EPtot      =    -89719.5524
 BOND   =       576.1340  ANGLE   =      1634.5990  DIHED      =      2450.7348
 1-4 NB =       696.3365  1-4 EEL =      8365.5990  VDWAALS    =     10685.8879
 EELEC  =   -114128.8436  EHBOND  =         0.0000  RESTRAINT  =         0.0000
 ------------------------------------------------------------------------------


 NSTEP =  6650000   TIME(PS) =  621640.000  TEMP(K) =   299.86  PRESS =     0.0
 Etot   =    -71584.3109  EKtot   =     18279.7090  EPtot      =    -89864.0199
 BOND   =       635.1770  ANGLE   =      1613.9638  DIHED      =      2447.8795
 1-4 NB =       724.1478  1-4 EEL =      8324.3932  VDWAALS    =     10955.0958
 EELEC  =   -114564.6770  EHBOND  =         0.0000  RESTRAINT  =         0.0000
 ------------------------------------------------------------------------------


 NSTEP =  6700000   TIME(PS) =  621740.000  TEMP(K) =   299.79  PRESS =     0.0
 Etot   =    -71485.9070  EKtot   =     18275.6504  EPtot      =    -89761.5574
 BOND   =       585.8088  ANGLE   =      1632.9339  DIHED      =      2450.6196
 1-4 NB =       702.1360  1-4 EEL =      8368.5946  VDWAALS    =     10962.2866
 EELEC  =   -114463.9368  EHBOND  =         0.0000  RESTRAINT  =         0.0000
 ------------------------------------------------------------------------------


 NSTEP =  6750000   TIME(PS) =  621840.000  TEMP(K) =   300.24  PRESS =     0.0
 Etot   =    -71536.5346  EKtot   =     18303.0879  EPtot      =    -89839.6225
 BOND   =       587.6986  ANGLE   =      1662.5849  DIHED      =      2481.5722
 1-4 NB =       691.7300  1-4 EEL =      8351.2258  VDWAALS    =     10813.3232
 EELEC  =   -114427.7572  EHBOND  =         0.0000  RESTRAINT  =         0.0000
 ------------------------------------------------------------------------------


 NSTEP =  6800000   TIME(PS) =  621940.000  TEMP(K) =   299.88  PRESS =     0.0
 Etot   =    -71366.7736  EKtot   =     18280.8008  EPtot      =    -89647.5743
 BOND   =       594.3747  ANGLE   =      1602.9511  DIHED      =      2482.6663
 1-4 NB =       722.5385  1-4 EEL =      8381.7442  VDWAALS    =     10733.2969
 EELEC  =   -114165.1461  EHBOND  =         0.0000  RESTRAINT  =         0.0000
 ------------------------------------------------------------------------------


 NSTEP =  6850000   TIME(PS) =  622040.000  TEMP(K) =   298.47  PRESS =     0.0
 Etot   =    -71374.7759  EKtot   =     18195.0762  EPtot      =    -89569.8521
 BOND   =       584.1487  ANGLE   =      1627.0781  DIHED      =      2463.2321
 1-4 NB =       718.5200  1-4 EEL =      8398.5387  VDWAALS    =     10815.7177
 EELEC  =   -114177.0874  EHBOND  =         0.0000  RESTRAINT  =         0.0000
 ------------------------------------------------------------------------------


 NSTEP =  6900000   TIME(PS) =  622140.000  TEMP(K) =   302.35  PRESS =     0.0
 Etot   =    -71478.4879  EKtot   =     18431.6543  EPtot      =    -89910.1422
 BOND   =       602.7772  ANGLE   =      1614.7932  DIHED      =      2455.1957
 1-4 NB =       709.7969  1-4 EEL =      8357.3864  VDWAALS    =     10967.9420
 EELEC  =   -114618.0334  EHBOND  =         0.0000  RESTRAINT  =         0.0000
 ------------------------------------------------------------------------------


 NSTEP =  6950000   TIME(PS) =  622240.000  TEMP(K) =   300.53  PRESS =     0.0
 Etot   =    -71413.4878  EKtot   =     18320.6016  EPtot      =    -89734.0893
 BOND   =       624.8224  ANGLE   =      1596.8071  DIHED      =      2459.0325
 1-4 NB =       716.8172  1-4 EEL =      8370.5178  VDWAALS    =     10658.0772
 EELEC  =   -114160.1635  EHBOND  =         0.0000  RESTRAINT  =         0.0000
 ------------------------------------------------------------------------------


 NSTEP =  7000000   TIME(PS) =  622340.000  TEMP(K) =   303.23  PRESS =     0.0
 Etot   =    -71463.2942  EKtot   =     18485.0547  EPtot      =    -89948.3489
 BOND   =       600.5762  ANGLE   =      1643.3136  DIHED      =      2497.4361
 1-4 NB =       713.6188  1-4 EEL =      8404.1189  VDWAALS    =     11032.5318
 EELEC  =   -114839.9444  EHBOND  =         0.0000  RESTRAINT  =         0.0000
 ------------------------------------------------------------------------------


 NSTEP =  7050000   TIME(PS) =  622440.000  TEMP(K) =   299.57  PRESS =     0.0
 Etot   =    -71283.7325  EKtot   =     18261.9316  EPtot      =    -89545.6642
 BOND   =       608.6745  ANGLE   =      1652.7325  DIHED      =      2507.6724
 1-4 NB =       705.6249  1-4 EEL =      8397.4670  VDWAALS    =     10595.3081
 EELEC  =   -114013.1436  EHBOND  =         0.0000  RESTRAINT  =         0.0000
 ------------------------------------------------------------------------------


 NSTEP =  7100000   TIME(PS) =  622540.000  TEMP(K) =   299.93  PRESS =     0.0
 Etot   =    -71469.3786  EKtot   =     18283.9355  EPtot      =    -89753.3142
 BOND   =       648.5492  ANGLE   =      1655.1945  DIHED      =      2477.8207
 1-4 NB =       717.8640  1-4 EEL =      8326.6525  VDWAALS    =     10929.7387
 EELEC  =   -114509.1338  EHBOND  =         0.0000  RESTRAINT  =         0.0000
 ------------------------------------------------------------------------------


 NSTEP =  7150000   TIME(PS) =  622640.000  TEMP(K) =   301.36  PRESS =     0.0
 Etot   =    -71569.5030  EKtot   =     18371.4141  EPtot      =    -89940.9170
 BOND   =       577.9990  ANGLE   =      1648.5573  DIHED      =      2464.8672
 1-4 NB =       716.7198  1-4 EEL =      8383.6473  VDWAALS    =     10642.8183
 EELEC  =   -114375.5259  EHBOND  =         0.0000  RESTRAINT  =         0.0000
 ------------------------------------------------------------------------------


 NSTEP =  7200000   TIME(PS) =  622740.000  TEMP(K) =   299.52  PRESS =     0.0
 Etot   =    -71447.6081  EKtot   =     18258.9102  EPtot      =    -89706.5182
 BOND   =       595.4914  ANGLE   =      1623.2111  DIHED      =      2476.1028
 1-4 NB =       710.7185  1-4 EEL =      8344.5988  VDWAALS    =     11017.4555
 EELEC  =   -114474.0963  EHBOND  =         0.0000  RESTRAINT  =         0.0000
 ------------------------------------------------------------------------------


 NSTEP =  7250000   TIME(PS) =  622840.000  TEMP(K) =   300.68  PRESS =     0.0
 Etot   =    -71479.0031  EKtot   =     18329.4883  EPtot      =    -89808.4914
 BOND   =       623.2663  ANGLE   =      1655.5842  DIHED      =      2482.9500
 1-4 NB =       701.1500  1-4 EEL =      8387.4812  VDWAALS    =     10952.1492
 EELEC  =   -114611.0722  EHBOND  =         0.0000  RESTRAINT  =         0.0000
 ------------------------------------------------------------------------------


 NSTEP =  7300000   TIME(PS) =  622940.000  TEMP(K) =   299.01  PRESS =     0.0
 Etot   =    -71722.7930  EKtot   =     18228.1133  EPtot      =    -89950.9062
 BOND   =       589.4326  ANGLE   =      1607.8200  DIHED      =      2453.2451
 1-4 NB =       722.2900  1-4 EEL =      8305.5339  VDWAALS    =     10864.6482
 EELEC  =   -114493.8760  EHBOND  =         0.0000  RESTRAINT  =         0.0000
 ------------------------------------------------------------------------------


 NSTEP =  7350000   TIME(PS) =  623040.000  TEMP(K) =   298.90  PRESS =     0.0
 Etot   =    -71776.5263  EKtot   =     18221.3535  EPtot      =    -89997.8798
 BOND   =       609.6003  ANGLE   =      1569.8842  DIHED      =      2438.4297
 1-4 NB =       711.6268  1-4 EEL =      8346.7665  VDWAALS    =     10747.8726
 EELEC  =   -114422.0600  EHBOND  =         0.0000  RESTRAINT  =         0.0000
 ------------------------------------------------------------------------------


 NSTEP =  7400000   TIME(PS) =  623140.000  TEMP(K) =   297.77  PRESS =     0.0
 Etot   =    -71651.1210  EKtot   =     18152.6836  EPtot      =    -89803.8046
 BOND   =       584.7405  ANGLE   =      1620.8309  DIHED      =      2471.6095
 1-4 NB =       716.3694  1-4 EEL =      8368.2703  VDWAALS    =     10889.4561
 EELEC  =   -114455.0812  EHBOND  =         0.0000  RESTRAINT  =         0.0000
 ------------------------------------------------------------------------------

