
          -------------------------------------------------------
          Amber 16 PMEMD                              2016
          -------------------------------------------------------

| PMEMD implementation of SANDER, Release 16

| Run on 11/02/2016 at 19:21:13

|   Executable path: pmemd
| Working directory: /home/german/exs/run/1m14/mhe/m
|          Hostname: Unknown
  [-O]verwriting output

File Assignments:
|   MDIN: min.in                                                                
|  MDOUT: min.out                                                               
| INPCRD: 1m14.rst7                                                             
|   PARM: 1m14.prmtop                                                           
| RESTRT: m1m14.rst7                                                            
|   REFC: 1m14.rst7                                                             
|  MDVEL: mdvel                                                                 
|   MDEN: mden                                                                  
|  MDCRD: m1m14.crd                                                             
| MDINFO: mdinfo                                                                
|  MDFRC: mdfrc                                                                 


 Here is the input file:

Minimization with Cartesian restraints                                         
&cntrl                                                                         
imin=1,                                                                        
ntmin=1,                                ! Steepest Descent, then Conjugate Grad
ncyc=100,                               ! 100 steps of Steepest Descent        
maxcyc=500,                             ! 400 steps of Conjugate Gradient      
ntpr=5,                                                                        
ntr=1,                                  ! Use restraints                       
restraint_wt=100.0,                     ! 100 Kcal/mol                         
restraintmask=':1-277',                 ! Apply restraints on whole molecule. M
&end                                                                           


Note: ig = -1. Setting random seed to   854804 based on wallclock time in 
      microseconds.
 
 
| Conditional Compilation Defines Used:
| PUBFFT
| BINTRAJ
| EMIL

| Largest sphere to fit in unit cell has radius =    34.716

| New format PARM file being parsed.
| Version =    1.000 Date = 11/02/16 Time = 18:58:44

| Note: 1-4 EEL scale factors are being read from the topology file.

| Note: 1-4 VDW scale factors are being read from the topology file.
| Duplicated    0 dihedrals

| Duplicated    0 dihedrals

--------------------------------------------------------------------------------
   1.  RESOURCE   USE: 
--------------------------------------------------------------------------------

 getting new box info from bottom of inpcrd
 NATOM  =   41788 NTYPES =      17 NBONH =   39561 MBONA  =    2274
 NTHETH =    5230 MTHETA =    3076 NPHIH =   10294 MPHIA  =    9773
 NHPARM =       0 NPARM  =       0 NNB   =   74758 NRES   =   12704
 NBONA  =    2274 NTHETA =    3076 NPHIA =    9773 NUMBND =      71
 NUMANG =     161 NPTRA  =     201 NATYP =      37 NPHB   =       1
 IFBOX  =       2 NMXRS  =      24 IFCAP =       0 NEXTRA =       0
 NCOPY  =       0

| Coordinate Index Table dimensions:    16   16   16
| Direct force subcell size =     5.3148    5.3148    5.3148

     BOX TYPE: TRUNCATED OCTAHEDRON

--------------------------------------------------------------------------------
   2.  CONTROL  DATA  FOR  THE  RUN
--------------------------------------------------------------------------------

default_name                                                                    

General flags:
     imin    =       1, nmropt  =       0

Nature and format of input:
     ntx     =       1, irest   =       0, ntrx    =       1

Nature and format of output:
     ntxo    =       2, ntpr    =       5, ntrx    =       1, ntwr    =       1
     iwrap   =       0, ntwx    =       0, ntwv    =       0, ntwe    =       0
     ioutfm  =       1, ntwprt  =       0, idecomp =       0, rbornstat=      0

Potential function:
     ntf     =       1, ntb     =       1, igb     =       0, nsnb    =      25
     ipol    =       0, gbsa    =       0, iesp    =       0
     dielc   =   1.00000, cut     =   8.00000, intdiel =   1.00000

Frozen or restrained atoms:
     ibelly  =       0, ntr     =       1
     restraint_wt = 100.00000

Energy minimization:
     maxcyc  =     500, ncyc    =     100, ntmin   =       1
     dx0     =   0.01000, drms    =   0.00010

| Intermolecular bonds treatment:
|     no_intermolecular_bonds =       1

| Energy averages sample interval:
|     ene_avg_sampling =       1

Ewald parameters:
     verbose =       0, ew_type =       0, nbflag  =       1, use_pme =       1
     vdwmeth =       1, eedmeth =       1, netfrc  =       0
     Box X =   85.037   Box Y =   85.037   Box Z =   85.037
     Alpha =  109.471   Beta  =  109.471   Gamma =  109.471
     NFFT1 =   90       NFFT2 =   90       NFFT3 =   90
     Cutoff=    8.000   Tol   =0.100E-04
     Ewald Coefficient =  0.34864
     Interpolation order =    4

    LOADING THE CONSTRAINED ATOMS AS GROUPS


   5.  REFERENCE ATOM COORDINATES

  default_name                                                                    
     Mask :1-277; matches  4513 atoms

--------------------------------------------------------------------------------
   3.  ATOMIC COORDINATES AND VELOCITIES
--------------------------------------------------------------------------------

default_name                                                                    
 begin time read from input coords =     0.000 ps

 
 Number of triangulated 3-point waters found:    12424

     Sum of charges from parm topology file =  -0.00000014
     Forcing neutrality...

| Dynamic Memory, Types Used:
| Reals             1212053
| Integers          1367854

| Nonbonded Pairs Initial Allocation:     6979640

--------------------------------------------------------------------------------
   4.  RESULTS
--------------------------------------------------------------------------------

 ---------------------------------------------------
 APPROXIMATING switch and d/dx switch using CUBIC SPLINE INTERPOLATION
 using   5000.0 points per unit in tabled values
 TESTING RELATIVE ERROR over r ranging from 0.0 to cutoff
| CHECK switch(x): max rel err =   0.2738E-14   at   2.422500
| CHECK d/dx switch(x): max rel err =   0.8332E-11   at   2.782960
 ---------------------------------------------------
|---------------------------------------------------
| APPROXIMATING direct energy using CUBIC SPLINE INTERPOLATION
|  with   50.0 points per unit in tabled values
| Relative Error Limit not exceeded for r .gt.   2.47
| APPROXIMATING direct force using CUBIC SPLINE INTERPOLATION
|  with   50.0 points per unit in tabled values
| Relative Error Limit not exceeded for r .gt.   2.89
|---------------------------------------------------


   NSTEP       ENERGY          RMS            GMAX         NAME    NUMBER
      1      -1.1007E+05     2.1286E+01     1.1029E+03     O        6302

 BOND    =      209.4962  ANGLE   =      724.9267  DIHED      =     3129.5187
 VDWAALS =    12994.4891  EEL     =  -141366.3524  HBOND      =        0.0000
 1-4 VDW =     1265.4140  1-4 EEL =    12974.6062  RESTRAINT  =        0.0000


   NSTEP       ENERGY          RMS            GMAX         NAME    NUMBER
      5      -1.1052E+05     1.8810E+01     8.9396E+02     O        6302

 BOND    =      207.3527  ANGLE   =      721.4215  DIHED      =     3129.2254
 VDWAALS =    12697.9605  EEL     =  -141518.6260  HBOND      =        0.0000
 1-4 VDW =     1265.0304  1-4 EEL =    12973.9701  RESTRAINT  =        0.0113
 EAMBER  =  -110523.6653


   NSTEP       ENERGY          RMS            GMAX         NAME    NUMBER
     10      -1.1160E+05     1.4626E+01     5.8305E+02     O       40607

 BOND    =      227.5684  ANGLE   =      709.9217  DIHED      =     3128.2531
 VDWAALS =    12122.3690  EEL     =  -142025.9887  HBOND      =        0.0000
 1-4 VDW =     1263.7317  1-4 EEL =    12971.8082  RESTRAINT  =        0.2135
 EAMBER  =  -111602.3366


   NSTEP       ENERGY          RMS            GMAX         NAME    NUMBER
     15      -1.1360E+05     1.0619E+01     3.1499E+02     O       40607

 BOND    =      454.5676  ANGLE   =      677.9089  DIHED      =     3125.4739
 VDWAALS =    11449.5145  EEL     =  -143538.2002  HBOND      =        0.0000
 1-4 VDW =     1259.7340  1-4 EEL =    12965.0695  RESTRAINT  =        2.3196
 EAMBER  =  -113605.9318


   NSTEP       ENERGY          RMS            GMAX         NAME    NUMBER
     20      -1.1702E+05     6.7662E+00     1.3822E+02     O       40787

 BOND    =     1768.0250  ANGLE   =      609.5455  DIHED      =     3119.5859
 VDWAALS =    10768.9418  EEL     =  -147496.5507  HBOND      =        0.0000
 1-4 VDW =     1248.2698  1-4 EEL =    12944.8077  RESTRAINT  =       18.4329
 EAMBER  =  -117037.3751


   NSTEP       ENERGY          RMS            GMAX         NAME    NUMBER
     25      -1.2162E+05     3.1977E+00     6.7551E+01     O       40787

 BOND    =     5481.9089  ANGLE   =      527.3528  DIHED      =     3118.1886
 VDWAALS =    10059.5119  EEL     =  -155016.3553  HBOND      =        0.0000
 1-4 VDW =     1219.6922  1-4 EEL =    12883.6342  RESTRAINT  =      105.0506
 EAMBER  =  -121726.0666


   NSTEP       ENERGY          RMS            GMAX         NAME    NUMBER
     30      -1.2783E+05     2.2595E+00     4.0701E+01     H2      25744

 BOND    =     7021.0144  ANGLE   =      497.5468  DIHED      =     3120.7150
 VDWAALS =     9869.7907  EEL     =  -162581.8037  HBOND      =        0.0000
 1-4 VDW =     1186.8761  1-4 EEL =    12815.6624  RESTRAINT  =      243.6582
 EAMBER  =  -128070.1982


   NSTEP       ENERGY          RMS            GMAX         NAME    NUMBER
     35      -1.3014E+05     4.4167E+00     1.9378E+02     CD       2949

 BOND    =     7903.9610  ANGLE   =      515.3026  DIHED      =     3120.8269
 VDWAALS =    10016.8089  EEL     =  -165951.1812  HBOND      =        0.0000
 1-4 VDW =     1183.8243  1-4 EEL =    12819.8600  RESTRAINT  =      253.3074
 EAMBER  =  -130390.5976


   NSTEP       ENERGY          RMS            GMAX         NAME    NUMBER
     40      -1.3124E+05     4.8245E+00     2.3002E+02     CD       1431

 BOND    =     8326.0712  ANGLE   =      517.8676  DIHED      =     3120.9193
 VDWAALS =    10096.4098  EEL     =  -167559.4478  HBOND      =        0.0000
 1-4 VDW =     1182.8012  1-4 EEL =    12820.6852  RESTRAINT  =      251.4583
 EAMBER  =  -131494.6935


   NSTEP       ENERGY          RMS            GMAX         NAME    NUMBER
     45      -1.3220E+05     4.6168E+00     2.2654E+02     CD       1431

 BOND    =     8370.4926  ANGLE   =      514.2413  DIHED      =     3120.7507
 VDWAALS =    10176.8978  EEL     =  -168637.8917  HBOND      =        0.0000
 1-4 VDW =     1182.8612  1-4 EEL =    12819.9969  RESTRAINT  =      250.8360
 EAMBER  =  -132452.6511


   NSTEP       ENERGY          RMS            GMAX         NAME    NUMBER
     50      -1.3339E+05     1.4151E+00     2.9107E+01     Cl-      4516

 BOND    =     7191.2660  ANGLE   =      494.2171  DIHED      =     3119.8956
 VDWAALS =    10266.7244  EEL     =  -168713.4655  HBOND      =        0.0000
 1-4 VDW =     1185.6771  1-4 EEL =    12810.6209  RESTRAINT  =      250.9943
 EAMBER  =  -133645.0644


   NSTEP       ENERGY          RMS            GMAX         NAME    NUMBER
     55      -1.3375E+05     5.0473E+00     2.1440E+02     H2      25744

 BOND    =     8835.0342  ANGLE   =      505.5564  DIHED      =     3120.3384
 VDWAALS =    10368.8785  EEL     =  -170833.3232  HBOND      =        0.0000
 1-4 VDW =     1183.2472  1-4 EEL =    12818.4416  RESTRAINT  =      249.4783
 EAMBER  =  -134001.8269


   NSTEP       ENERGY          RMS            GMAX         NAME    NUMBER
     60      -1.3489E+05     1.5178E+00     4.2314E+01     H2      25744

 BOND    =     7240.1267  ANGLE   =      494.0812  DIHED      =     3119.6889
 VDWAALS =    10478.8935  EEL     =  -170471.1752  HBOND      =        0.0000
 1-4 VDW =     1185.6689  1-4 EEL =    12810.4485  RESTRAINT  =      250.5501
 EAMBER  =  -135142.2675


   NSTEP       ENERGY          RMS            GMAX         NAME    NUMBER
     65      -1.3545E+05     1.1761E+00     2.6085E+01     Cl-      4516

 BOND    =     7419.7458  ANGLE   =      494.3379  DIHED      =     3119.6343
 VDWAALS =    10572.1318  EEL     =  -171299.8564  HBOND      =        0.0000
 1-4 VDW =     1185.4662  1-4 EEL =    12810.9297  RESTRAINT  =      250.1062
 EAMBER  =  -135697.6107


   NSTEP       ENERGY          RMS            GMAX         NAME    NUMBER
     70      -1.3604E+05     1.1552E+00     2.2060E+01     Cl-      4516

 BOND    =     7461.0215  ANGLE   =      494.3531  DIHED      =     3119.5538
 VDWAALS =    10688.6769  EEL     =  -172051.7305  HBOND      =        0.0000
 1-4 VDW =     1185.4560  1-4 EEL =    12810.9306  RESTRAINT  =      249.8684
 EAMBER  =  -136291.7386


   NSTEP       ENERGY          RMS            GMAX         NAME    NUMBER
     75      -1.3655E+05     2.3948E+00     9.1775E+01     H2      25744

 BOND    =     7175.6642  ANGLE   =      494.1142  DIHED      =     3119.4658
 VDWAALS =    10820.5523  EEL     =  -172401.4974  HBOND      =        0.0000
 1-4 VDW =     1185.7080  1-4 EEL =    12810.3078  RESTRAINT  =      249.9774
 EAMBER  =  -136795.6852


   NSTEP       ENERGY          RMS            GMAX         NAME    NUMBER
     80      -1.3707E+05     1.4093E+00     4.1686E+01     H2      25744

 BOND    =     7438.3276  ANGLE   =      494.3082  DIHED      =     3119.4187
 VDWAALS =    10929.8689  EEL     =  -173296.5648  HBOND      =        0.0000
 1-4 VDW =     1185.4978  1-4 EEL =    12810.8871  RESTRAINT  =      249.4701
 EAMBER  =  -137318.2565


   NSTEP       ENERGY          RMS            GMAX         NAME    NUMBER
     85      -1.3745E+05     2.6142E+00     9.8379E+01     H2      25744

 BOND    =     7204.0609  ANGLE   =      494.1024  DIHED      =     3119.3708
 VDWAALS =    11057.4577  EEL     =  -173571.8594  HBOND      =        0.0000
 1-4 VDW =     1185.6305  1-4 EEL =    12810.6991  RESTRAINT  =      249.3867
 EAMBER  =  -137700.5379


   NSTEP       ENERGY          RMS            GMAX         NAME    NUMBER
     90      -1.3786E+05     2.7913E+00     1.0261E+02     H2      25744

 BOND    =     7202.4641  ANGLE   =      494.0451  DIHED      =     3119.3275
 VDWAALS =    11179.6144  EEL     =  -174097.6469  HBOND      =        0.0000
 1-4 VDW =     1185.6166  1-4 EEL =    12810.8363  RESTRAINT  =      249.1325
 EAMBER  =  -138105.7430


   NSTEP       ENERGY          RMS            GMAX         NAME    NUMBER
     95      -1.3822E+05     2.6932E+00     9.8101E+01     H2      25744

 BOND    =     7256.0680  ANGLE   =      494.1393  DIHED      =     3119.2772
 VDWAALS =    11289.3469  EEL     =  -174627.8988  HBOND      =        0.0000
 1-4 VDW =     1185.5757  1-4 EEL =    12810.8827  RESTRAINT  =      248.9948
 EAMBER  =  -138472.6091


   NSTEP       ENERGY          RMS            GMAX         NAME    NUMBER
    100      -1.3858E+05     2.8209E+00     9.9750E+01     H2      25744

 BOND    =     7260.8279  ANGLE   =      494.1018  DIHED      =     3119.2394
 VDWAALS =    11410.5568  EEL     =  -175109.9919  HBOND      =        0.0000
 1-4 VDW =     1185.5682  1-4 EEL =    12810.9729  RESTRAINT  =      248.7862
 EAMBER  =  -138828.7249


   NSTEP       ENERGY          RMS            GMAX         NAME    NUMBER
    105      -1.3884E+05     8.6566E-01     1.4482E+01     Cl-      4514

 BOND    =     7836.5241  ANGLE   =      494.5994  DIHED      =     3119.1885
 VDWAALS =    11450.1828  EEL     =  -175985.0971  HBOND      =        0.0000
 1-4 VDW =     1185.3927  1-4 EEL =    12811.0455  RESTRAINT  =      248.8055
 EAMBER  =  -139088.1642


   NSTEP       ENERGY          RMS            GMAX         NAME    NUMBER
    110      -1.4204E+05     5.9078E+00     3.6691E+02     Cl-      4515

 BOND    =    10845.3371  ANGLE   =      495.0016  DIHED      =     3118.6423
 VDWAALS =    14370.6812  EEL     =  -185113.3180  HBOND      =        0.0000
 1-4 VDW =     1185.5881  1-4 EEL =    12810.7580  RESTRAINT  =      248.4371
 EAMBER  =  -142287.3097


   NSTEP       ENERGY          RMS            GMAX         NAME    NUMBER
    115      -1.4323E+05     1.0962E+00     5.0841E+01     O       16982

 BOND    =     8852.5876  ANGLE   =      499.5312  DIHED      =     3118.5966
 VDWAALS =    14594.7016  EEL     =  -184552.8491  HBOND      =        0.0000
 1-4 VDW =     1186.0107  1-4 EEL =    12810.0274  RESTRAINT  =      257.1847
 EAMBER  =  -143491.3940


   NSTEP       ENERGY          RMS            GMAX         NAME    NUMBER
    120      -1.4446E+05     4.2503E+00     2.8190E+02     H1      16983

 BOND    =     9525.7961  ANGLE   =      531.4047  DIHED      =     3120.3181
 VDWAALS =    15445.1418  EEL     =  -187380.2841  HBOND      =        0.0000
 1-4 VDW =     1188.0314  1-4 EEL =    12809.9108  RESTRAINT  =      304.1147
 EAMBER  =  -144759.6812


   NSTEP       ENERGY          RMS            GMAX         NAME    NUMBER
    125      -1.4517E+05     1.9242E+00     7.8043E+01     HE3       617

 BOND    =     9071.8200  ANGLE   =      508.5107  DIHED      =     3119.0860
 VDWAALS =    15840.8909  EEL     =  -187972.0413  HBOND      =        0.0000
 1-4 VDW =     1184.9911  1-4 EEL =    12809.4243  RESTRAINT  =      270.7470
 EAMBER  =  -145437.3183


   NSTEP       ENERGY          RMS            GMAX         NAME    NUMBER
    130      -1.4517E+05     1.8848E+00     7.7646E+01     HE3       617

 BOND    =     9076.2238  ANGLE   =      508.2313  DIHED      =     3119.0851
 VDWAALS =    15840.3704  EEL     =  -187980.8253  HBOND      =        0.0000
 1-4 VDW =     1185.0034  1-4 EEL =    12809.4301  RESTRAINT  =      270.5237
 EAMBER  =  -145442.4812


   NSTEP       ENERGY          RMS            GMAX         NAME    NUMBER
    135      -1.4554E+05     1.6589E+00     1.3006E+02     CG       4073

 BOND    =     9078.7769  ANGLE   =      500.9431  DIHED      =     3118.4926
 VDWAALS =    15891.6045  EEL     =  -188382.2341  HBOND      =        0.0000
 1-4 VDW =     1184.8094  1-4 EEL =    12810.9558  RESTRAINT  =      252.0747
 EAMBER  =  -145796.6518


   NSTEP       ENERGY          RMS            GMAX         NAME    NUMBER
    140      -1.4591E+05     1.0920E+00     8.4793E+01     HE3       617

 BOND    =     9274.5773  ANGLE   =      515.0918  DIHED      =     3119.0476
 VDWAALS =    16133.4491  EEL     =  -189238.2417  HBOND      =        0.0000
 1-4 VDW =     1184.5087  1-4 EEL =    12810.7460  RESTRAINT  =      292.5961
 EAMBER  =  -146200.8211


   NSTEP       ENERGY          RMS            GMAX         NAME    NUMBER
    145      -1.4639E+05     1.3585E+00     9.7776E+01     CD        612

 BOND    =     9135.4291  ANGLE   =      516.5636  DIHED      =     3119.0052
 VDWAALS =    16546.8125  EEL     =  -189975.4377  HBOND      =        0.0000
 1-4 VDW =     1185.3372  1-4 EEL =    12808.9521  RESTRAINT  =      273.7800
 EAMBER  =  -146663.3379


   NSTEP       ENERGY          RMS            GMAX         NAME    NUMBER
    150      -1.4694E+05     2.4259E+00     1.7742E+02     CD        612

 BOND    =     9655.6761  ANGLE   =      528.0457  DIHED      =     3121.1869
 VDWAALS =    17157.0136  EEL     =  -191707.6323  HBOND      =        0.0000
 1-4 VDW =     1187.6421  1-4 EEL =    12811.1100  RESTRAINT  =      304.7902
 EAMBER  =  -147246.9579


   NSTEP       ENERGY          RMS            GMAX         NAME    NUMBER
    155      -1.4695E+05     2.3749E+00     1.7382E+02     CD        612

 BOND    =     9648.2576  ANGLE   =      527.4150  DIHED      =     3121.1545
 VDWAALS =    17156.6184  EEL     =  -191705.4010  HBOND      =        0.0000
 1-4 VDW =     1187.6116  1-4 EEL =    12811.1053  RESTRAINT  =      304.2003
 EAMBER  =  -147253.2386


   NSTEP       ENERGY          RMS            GMAX         NAME    NUMBER
    160      -1.4734E+05     1.1249E+00     5.3546E+01     H2      16984

 BOND    =     9334.9424  ANGLE   =      495.0445  DIHED      =     3118.7420
 VDWAALS =    17076.4945  EEL     =  -191612.2128  HBOND      =        0.0000
 1-4 VDW =     1185.7073  1-4 EEL =    12810.3506  RESTRAINT  =      249.5657
 EAMBER  =  -147590.9314


   NSTEP       ENERGY          RMS            GMAX         NAME    NUMBER
    165      -1.4759E+05     1.0683E+00     9.4829E+01     HE3       617

 BOND    =     9501.8703  ANGLE   =      514.9587  DIHED      =     3119.5675
 VDWAALS =    16986.3998  EEL     =  -191994.2424  HBOND      =        0.0000
 1-4 VDW =     1184.6056  1-4 EEL =    12809.2156  RESTRAINT  =      283.1252
 EAMBER  =  -147877.6249


   NSTEP       ENERGY          RMS            GMAX         NAME    NUMBER
    170      -1.4789E+05     1.5578E+00     1.4633E+02     CG       4073

 BOND    =     9467.7384  ANGLE   =      515.4226  DIHED      =     3119.2953
 VDWAALS =    17123.9183  EEL     =  -192385.2788  HBOND      =        0.0000
 1-4 VDW =     1185.6283  1-4 EEL =    12811.7026  RESTRAINT  =      271.5395
 EAMBER  =  -148161.5733


   NSTEP       ENERGY          RMS            GMAX         NAME    NUMBER
    175      -1.4810E+05     1.5581E+00     1.3509E+02     CG       4073

 BOND    =     9524.7778  ANGLE   =      525.2497  DIHED      =     3119.8996
 VDWAALS =    17355.7852  EEL     =  -192909.0112  HBOND      =        0.0000
 1-4 VDW =     1185.8416  1-4 EEL =    12810.6150  RESTRAINT  =      291.3810
 EAMBER  =  -148386.8424


   NSTEP       ENERGY          RMS            GMAX         NAME    NUMBER
    180      -1.4810E+05     1.5154E+00     1.3364E+02     HE3       617

 BOND    =     9521.5885  ANGLE   =      524.5783  DIHED      =     3119.8781
 VDWAALS =    17355.9110  EEL     =  -192909.0067  HBOND      =        0.0000
 1-4 VDW =     1185.8349  1-4 EEL =    12810.6066  RESTRAINT  =      290.7929
 EAMBER  =  -148390.6093


   NSTEP       ENERGY          RMS            GMAX         NAME    NUMBER
    185      -1.4832E+05     9.9097E-01     6.5054E+01     CG       4073

 BOND    =     9569.7253  ANGLE   =      502.7797  DIHED      =     3118.4737
 VDWAALS =    17443.9174  EEL     =  -193196.6796  HBOND      =        0.0000
 1-4 VDW =     1184.7417  1-4 EEL =    12809.7535  RESTRAINT  =      250.8237
 EAMBER  =  -148567.2884


   NSTEP       ENERGY          RMS            GMAX         NAME    NUMBER
    190      -1.4844E+05     9.7212E-01     9.4802E+01     HE3       617

 BOND    =     9591.3165  ANGLE   =      510.5805  DIHED      =     3119.2767
 VDWAALS =    17599.4151  EEL     =  -193529.4277  HBOND      =        0.0000
 1-4 VDW =     1184.8677  1-4 EEL =    12809.3622  RESTRAINT  =      274.1073
 EAMBER  =  -148714.6090


   NSTEP       ENERGY          RMS            GMAX         NAME    NUMBER
    195      -1.4884E+05     1.2661E+00     8.8090E+01     CG       4073

 BOND    =     9772.2788  ANGLE   =      511.2191  DIHED      =     3118.6994
 VDWAALS =    18406.7723  EEL     =  -194914.3794  HBOND      =        0.0000
 1-4 VDW =     1184.6484  1-4 EEL =    12809.3763  RESTRAINT  =      268.0798
 EAMBER  =  -149111.3850


   NSTEP       ENERGY          RMS            GMAX         NAME    NUMBER
    200      -1.4909E+05     1.9171E+00     1.4531E+02     CG       4073

 BOND    =     9805.8555  ANGLE   =      521.7631  DIHED      =     3121.0254
 VDWAALS =    18802.7490  EEL     =  -195624.2501  HBOND      =        0.0000
 1-4 VDW =     1186.6759  1-4 EEL =    12811.4006  RESTRAINT  =      286.6728
 EAMBER  =  -149374.7806


   NSTEP       ENERGY          RMS            GMAX         NAME    NUMBER
    205      -1.4909E+05     1.8601E+00     1.3728E+02     CG       4073

 BOND    =     9801.3613  ANGLE   =      521.0600  DIHED      =     3120.9630
 VDWAALS =    18802.1687  EEL     =  -195624.2990  HBOND      =        0.0000
 1-4 VDW =     1186.6355  1-4 EEL =    12811.3830  RESTRAINT  =      286.0103
 EAMBER  =  -149380.7274


   NSTEP       ENERGY          RMS            GMAX         NAME    NUMBER
    210      -1.4937E+05     9.8596E-01     5.6864E+01     HE22     1435

 BOND    =     9832.9852  ANGLE   =      496.9212  DIHED      =     3119.0105
 VDWAALS =    18723.2078  EEL     =  -195789.9337  HBOND      =        0.0000
 1-4 VDW =     1185.3256  1-4 EEL =    12810.1153  RESTRAINT  =      249.5231
 EAMBER  =  -149622.3681


   NSTEP       ENERGY          RMS            GMAX         NAME    NUMBER
    215      -1.4955E+05     9.5731E-01     6.7459E+01     HE3       617

 BOND    =     9837.5266  ANGLE   =      511.1560  DIHED      =     3119.6634
 VDWAALS =    18622.4483  EEL     =  -195907.5288  HBOND      =        0.0000
 1-4 VDW =     1185.1515  1-4 EEL =    12808.7815  RESTRAINT  =      271.9490
 EAMBER  =  -149822.8014


   NSTEP       ENERGY          RMS            GMAX         NAME    NUMBER
    220      -1.4974E+05     1.1833E+00     1.3239E+02     CG       4073

 BOND    =     9824.5040  ANGLE   =      505.3850  DIHED      =     3118.5654
 VDWAALS =    18671.0258  EEL     =  -196112.0793  HBOND      =        0.0000
 1-4 VDW =     1184.8384  1-4 EEL =    12810.7446  RESTRAINT  =      253.1610
 EAMBER  =  -149997.0160


   NSTEP       ENERGY          RMS            GMAX         NAME    NUMBER
    225      -1.4987E+05     1.1388E+00     1.0160E+02     HE3       617

 BOND    =     9880.6280  ANGLE   =      509.1267  DIHED      =     3119.0545
 VDWAALS =    18821.6016  EEL     =  -196462.7451  HBOND      =        0.0000
 1-4 VDW =     1184.4684  1-4 EEL =    12810.8627  RESTRAINT  =      267.5627
 EAMBER  =  -150137.0032


   NSTEP       ENERGY          RMS            GMAX         NAME    NUMBER
    230      -1.4987E+05     1.0987E+00     1.0029E+02     HE3       617

 BOND    =     9878.0947  ANGLE   =      508.6699  DIHED      =     3119.0349
 VDWAALS =    18821.7022  EEL     =  -196462.7005  HBOND      =        0.0000
 1-4 VDW =     1184.4750  1-4 EEL =    12810.8350  RESTRAINT  =      267.1583
 EAMBER  =  -150139.8888


   NSTEP       ENERGY          RMS            GMAX         NAME    NUMBER
    235      -1.5004E+05     1.0044E+00     8.0226E+01     CG       4073

 BOND    =     9853.0810  ANGLE   =      505.9171  DIHED      =     3118.5086
 VDWAALS =    18920.2501  EEL     =  -196682.0591  HBOND      =        0.0000
 1-4 VDW =     1184.9146  1-4 EEL =    12808.9036  RESTRAINT  =      253.3734
 EAMBER  =  -150290.4841


   NSTEP       ENERGY          RMS            GMAX         NAME    NUMBER
    240      -1.5015E+05     9.2666E-01     7.4737E+01     HE3       617

 BOND    =     9953.4228  ANGLE   =      509.0567  DIHED      =     3119.1682
 VDWAALS =    19085.7849  EEL     =  -197085.0426  HBOND      =        0.0000
 1-4 VDW =     1185.2618  1-4 EEL =    12809.0330  RESTRAINT  =      269.1224
 EAMBER  =  -150423.3152


   NSTEP       ENERGY          RMS            GMAX         NAME    NUMBER
    245      -1.5039E+05     1.1374E+00     1.0193E+02     CG       4073

 BOND    =    10010.7661  ANGLE   =      503.7996  DIHED      =     3118.6230
 VDWAALS =    19579.9591  EEL     =  -197860.2096  HBOND      =        0.0000
 1-4 VDW =     1184.8363  1-4 EEL =    12809.9391  RESTRAINT  =      258.4830
 EAMBER  =  -150652.2864


   NSTEP       ENERGY          RMS            GMAX         NAME    NUMBER
    250      -1.5055E+05     1.6303E+00     1.2569E+02     CG       4073

 BOND    =    10034.2839  ANGLE   =      522.1779  DIHED      =     3120.4053
 VDWAALS =    19835.6602  EEL     =  -198341.7603  HBOND      =        0.0000
 1-4 VDW =     1186.1870  1-4 EEL =    12810.8453  RESTRAINT  =      278.9056
 EAMBER  =  -150832.2008


   NSTEP       ENERGY          RMS            GMAX         NAME    NUMBER
    255      -1.5056E+05     1.5748E+00     1.1752E+02     CG       4073

 BOND    =    10031.4085  ANGLE   =      521.3704  DIHED      =     3120.3403
 VDWAALS =    19835.1312  EEL     =  -198342.4323  HBOND      =        0.0000
 1-4 VDW =     1186.1538  1-4 EEL =    12810.8247  RESTRAINT  =      278.2838
 EAMBER  =  -150837.2036


   NSTEP       ENERGY          RMS            GMAX         NAME    NUMBER
    260      -1.5075E+05     8.0368E-01     4.5907E+01     CG       4073

 BOND    =    10073.9075  ANGLE   =      497.0426  DIHED      =     3118.7021
 VDWAALS =    19792.3711  EEL     =  -198479.4597  HBOND      =        0.0000
 1-4 VDW =     1184.8929  1-4 EEL =    12810.1903  RESTRAINT  =      247.9741
 EAMBER  =  -151002.3530


   NSTEP       ENERGY          RMS            GMAX         NAME    NUMBER
    265      -1.5087E+05     8.5578E-01     8.2873E+01     CD       1431

 BOND    =    10078.5661  ANGLE   =      507.2099  DIHED      =     3119.2987
 VDWAALS =    19735.1978  EEL     =  -198569.9423  HBOND      =        0.0000
 1-4 VDW =     1185.0681  1-4 EEL =    12809.0567  RESTRAINT  =      265.1492
 EAMBER  =  -151135.5450


   NSTEP       ENERGY          RMS            GMAX         NAME    NUMBER
    270      -1.5105E+05     1.1583E+00     1.1310E+02     CG       4073

 BOND    =    10104.5610  ANGLE   =      503.0109  DIHED      =     3118.5207
 VDWAALS =    19800.0451  EEL     =  -198822.9191  HBOND      =        0.0000
 1-4 VDW =     1185.2380  1-4 EEL =    12809.8528  RESTRAINT  =      251.7564
 EAMBER  =  -151301.6905


   NSTEP       ENERGY          RMS            GMAX         NAME    NUMBER
    275      -1.5116E+05     1.0370E+00     9.1331E+01     HE3       617

 BOND    =    10129.0749  ANGLE   =      506.1678  DIHED      =     3118.8291
 VDWAALS =    19941.2899  EEL     =  -199111.3441  HBOND      =        0.0000
 1-4 VDW =     1184.1238  1-4 EEL =    12810.6746  RESTRAINT  =      260.7640
 EAMBER  =  -151421.1840


   NSTEP       ENERGY          RMS            GMAX         NAME    NUMBER
    280      -1.5116E+05     9.9958E-01     8.9980E+01     HE3       617

 BOND    =    10127.4348  ANGLE   =      505.7483  DIHED      =     3118.8087
 VDWAALS =    19941.2677  EEL     =  -199111.8352  HBOND      =        0.0000
 1-4 VDW =     1184.1392  1-4 EEL =    12810.6424  RESTRAINT  =      260.4440
 EAMBER  =  -151423.7942


   NSTEP       ENERGY          RMS            GMAX         NAME    NUMBER
    285      -1.5132E+05     1.0334E+00     8.5134E+01     CG       4073

 BOND    =    10105.6163  ANGLE   =      508.6964  DIHED      =     3118.6226
 VDWAALS =    20032.2077  EEL     =  -199330.9188  HBOND      =        0.0000
 1-4 VDW =     1185.1185  1-4 EEL =    12808.5199  RESTRAINT  =      255.6324
 EAMBER  =  -151572.1373


   NSTEP       ENERGY          RMS            GMAX         NAME    NUMBER
    290      -1.5142E+05     8.4902E-01     9.7805E+01     CD       1431

 BOND    =    10210.1475  ANGLE   =      505.9855  DIHED      =     3118.8513
 VDWAALS =    20176.3549  EEL     =  -199692.9586  HBOND      =        0.0000
 1-4 VDW =     1185.0810  1-4 EEL =    12809.1847  RESTRAINT  =      262.5859
 EAMBER  =  -151687.3536


   NSTEP       ENERGY          RMS            GMAX         NAME    NUMBER
    295      -1.5159E+05     8.4425E-01     6.9596E+01     CG       4073

 BOND    =    10206.8677  ANGLE   =      500.0109  DIHED      =     3118.3550
 VDWAALS =    20488.5076  EEL     =  -200150.7039  HBOND      =        0.0000
 1-4 VDW =     1184.7798  1-4 EEL =    12809.8997  RESTRAINT  =      252.6956
 EAMBER  =  -151842.2830


   NSTEP       ENERGY          RMS            GMAX         NAME    NUMBER
    300      -1.5171E+05     1.4978E+00     1.1631E+02     CG       4073

 BOND    =    10265.4601  ANGLE   =      518.3946  DIHED      =     3119.9076
 VDWAALS =    20711.9823  EEL     =  -200595.3847  HBOND      =        0.0000
 1-4 VDW =     1185.8247  1-4 EEL =    12810.5160  RESTRAINT  =      270.4866
 EAMBER  =  -151983.2995


   NSTEP       ENERGY          RMS            GMAX         NAME    NUMBER
    305      -1.5172E+05     1.4392E+00     1.0789E+02     CG       4073

 BOND    =    10262.7110  ANGLE   =      517.5825  DIHED      =     3119.8410
 VDWAALS =    20711.4807  EEL     =  -200595.9213  HBOND      =        0.0000
 1-4 VDW =     1185.7977  1-4 EEL =    12810.4898  RESTRAINT  =      269.9145
 EAMBER  =  -151988.0186


   NSTEP       ENERGY          RMS            GMAX         NAME    NUMBER
    310      -1.5186E+05     6.2495E-01     3.4167E+01     NE2      1433

 BOND    =    10269.2316  ANGLE   =      496.5371  DIHED      =     3118.4408
 VDWAALS =    20686.5267  EEL     =  -200675.5679  HBOND      =        0.0000
 1-4 VDW =     1184.7374  1-4 EEL =    12809.9864  RESTRAINT  =      247.0667
 EAMBER  =  -152110.1077


   NSTEP       ENERGY          RMS            GMAX         NAME    NUMBER
    315      -1.5196E+05     8.1245E-01     9.6389E+01     CD       1431

 BOND    =    10295.4663  ANGLE   =      505.1656  DIHED      =     3119.1045
 VDWAALS =    20648.7384  EEL     =  -200779.1425  HBOND      =        0.0000
 1-4 VDW =     1184.9165  1-4 EEL =    12809.1188  RESTRAINT  =      261.1330
 EAMBER  =  -152216.6323


   NSTEP       ENERGY          RMS            GMAX         NAME    NUMBER
    320      -1.5212E+05     1.0773E+00     1.0191E+02     CG       4073

 BOND    =    10323.8313  ANGLE   =      503.1307  DIHED      =     3118.5937
 VDWAALS =    20722.6348  EEL     =  -201031.7623  HBOND      =        0.0000
 1-4 VDW =     1185.4710  1-4 EEL =    12809.4111  RESTRAINT  =      251.1512
 EAMBER  =  -152368.6896


   NSTEP       ENERGY          RMS            GMAX         NAME    NUMBER
    325      -1.5223E+05     9.6566E-01     8.2378E+01     HE3       617

 BOND    =    10328.2368  ANGLE   =      505.4044  DIHED      =     3118.7141
 VDWAALS =    20874.5171  EEL     =  -201309.6980  HBOND      =        0.0000
 1-4 VDW =     1184.0851  1-4 EEL =    12810.4614  RESTRAINT  =      259.3973
 EAMBER  =  -152488.2791


   NSTEP       ENERGY          RMS            GMAX         NAME    NUMBER
    330      -1.5223E+05     9.3201E-01     8.1169E+01     HE3       617

 BOND    =    10327.3150  ANGLE   =      505.0318  DIHED      =     3118.6941
 VDWAALS =    20874.4738  EEL     =  -201310.6560  HBOND      =        0.0000
 1-4 VDW =     1184.1015  1-4 EEL =    12810.4289  RESTRAINT  =      259.1054
 EAMBER  =  -152490.6109


   NSTEP       ENERGY          RMS            GMAX         NAME    NUMBER
    335      -1.5239E+05     1.1166E+00     1.0138E+02     CG       4073

 BOND    =    10346.6242  ANGLE   =      512.1399  DIHED      =     3118.8926
 VDWAALS =    20968.5053  EEL     =  -201585.7550  HBOND      =        0.0000
 1-4 VDW =     1185.3279  1-4 EEL =    12808.0645  RESTRAINT  =      259.4018
 EAMBER  =  -152646.2006


   NSTEP       ENERGY          RMS            GMAX         NAME    NUMBER
    340      -1.5248E+05     7.9258E-01     9.6734E+01     CD       1431

 BOND    =    10411.1987  ANGLE   =      504.2174  DIHED      =     3118.6972
 VDWAALS =    21079.6586  EEL     =  -201851.0378  HBOND      =        0.0000
 1-4 VDW =     1184.9143  1-4 EEL =    12809.1889  RESTRAINT  =      259.0817
 EAMBER  =  -152743.1626


   NSTEP       ENERGY          RMS            GMAX         NAME    NUMBER
    345      -1.5261E+05     6.4205E-01     4.9068E+01     CG       4073

 BOND    =    10405.0115  ANGLE   =      498.5013  DIHED      =     3118.1580
 VDWAALS =    21301.5339  EEL     =  -202174.3330  HBOND      =        0.0000
 1-4 VDW =     1184.7713  1-4 EEL =    12809.6677  RESTRAINT  =      249.7068
 EAMBER  =  -152856.6892


   NSTEP       ENERGY          RMS            GMAX         NAME    NUMBER
    350      -1.5271E+05     1.4084E+00     1.1310E+02     CG       4073

 BOND    =    10465.5411  ANGLE   =      515.1168  DIHED      =     3119.5707
 VDWAALS =    21495.3783  EEL     =  -202562.6023  HBOND      =        0.0000
 1-4 VDW =     1185.6409  1-4 EEL =    12809.9958  RESTRAINT  =      264.8523
 EAMBER  =  -152971.3585


   NSTEP       ENERGY          RMS            GMAX         NAME    NUMBER
    355      -1.5271E+05     1.3436E+00     1.0377E+02     CG       4073

 BOND    =    10462.5635  ANGLE   =      514.2968  DIHED      =     3119.5033
 VDWAALS =    21494.8820  EEL     =  -202562.9464  HBOND      =        0.0000
 1-4 VDW =     1185.6164  1-4 EEL =    12809.9731  RESTRAINT  =      264.2948
 EAMBER  =  -152976.1112


   NSTEP       ENERGY          RMS            GMAX         NAME    NUMBER
    360      -1.5283E+05     5.1615E-01     2.8660E+01     CG        259

 BOND    =    10451.0237  ANGLE   =      496.3872  DIHED      =     3118.2685
 VDWAALS =    21477.5645  EEL     =  -202609.8843  HBOND      =        0.0000
 1-4 VDW =     1184.6760  1-4 EEL =    12809.7472  RESTRAINT  =      246.6285
 EAMBER  =  -153072.2171


   NSTEP       ENERGY          RMS            GMAX         NAME    NUMBER
    365      -1.5291E+05     7.8399E-01     9.3002E+01     CD       1431

 BOND    =    10486.6711  ANGLE   =      504.0400  DIHED      =     3118.9294
 VDWAALS =    21448.8112  EEL     =  -202716.3680  HBOND      =        0.0000
 1-4 VDW =     1184.7550  1-4 EEL =    12809.1054  RESTRAINT  =      258.5665
 EAMBER  =  -153164.0560


   NSTEP       ENERGY          RMS            GMAX         NAME    NUMBER
    370      -1.5305E+05     9.6079E-01     8.3822E+01     CG       4073

 BOND    =    10505.7426  ANGLE   =      503.1773  DIHED      =     3118.6098
 VDWAALS =    21519.0111  EEL     =  -202939.7758  HBOND      =        0.0000
 1-4 VDW =     1185.5170  1-4 EEL =    12808.9659  RESTRAINT  =      251.1705
 EAMBER  =  -153298.7521


   NSTEP       ENERGY          RMS            GMAX         NAME    NUMBER
    375      -1.5316E+05     9.1046E-01     8.1051E+01     HE3       617

 BOND    =    10504.5812  ANGLE   =      505.2175  DIHED      =     3118.6326
 VDWAALS =    21677.1252  EEL     =  -203216.7636  HBOND      =        0.0000
 1-4 VDW =     1184.0768  1-4 EEL =    12810.2095  RESTRAINT  =      259.1404
 EAMBER  =  -153416.9207


   NSTEP       ENERGY          RMS            GMAX         NAME    NUMBER
    380      -1.5316E+05     8.7860E-01     7.9809E+01     HE3       617

 BOND    =    10504.0714  ANGLE   =      504.8656  DIHED      =     3118.6121
 VDWAALS =    21677.0515  EEL     =  -203217.9645  HBOND      =        0.0000
 1-4 VDW =     1184.0933  1-4 EEL =    12810.1769  RESTRAINT  =      258.8523
 EAMBER  =  -153419.0937


   NSTEP       ENERGY          RMS            GMAX         NAME    NUMBER
    385      -1.5331E+05     1.2030E+00     1.1994E+02     CG       4073

 BOND    =    10551.0885  ANGLE   =      513.7998  DIHED      =     3119.0727
 VDWAALS =    21771.3603  EEL     =  -203516.7256  HBOND      =        0.0000
 1-4 VDW =     1185.3026  1-4 EEL =    12807.6792  RESTRAINT  =      261.8297
 EAMBER  =  -153568.4224


   NSTEP       ENERGY          RMS            GMAX         NAME    NUMBER
    390      -1.5340E+05     7.5519E-01     9.1247E+01     CD       1431

 BOND    =    10582.8531  ANGLE   =      503.1636  DIHED      =     3118.6427
 VDWAALS =    21855.4959  EEL     =  -203706.1625  HBOND      =        0.0000
 1-4 VDW =     1184.7732  1-4 EEL =    12809.0816  RESTRAINT  =      256.9795
 EAMBER  =  -153652.1525


   NSTEP       ENERGY          RMS            GMAX         NAME    NUMBER
    395      -1.5350E+05     5.1621E-01     3.5315E+01     HE3       617

 BOND    =    10583.3072  ANGLE   =      497.7718  DIHED      =     3118.0568
 VDWAALS =    22033.5818  EEL     =  -203970.1650  HBOND      =        0.0000
 1-4 VDW =     1184.7363  1-4 EEL =    12809.4000  RESTRAINT  =      248.1878
 EAMBER  =  -153743.3112


   NSTEP       ENERGY          RMS            GMAX         NAME    NUMBER
    400      -1.5358E+05     1.3369E+00     1.0586E+02     CG       4073

 BOND    =    10637.8983  ANGLE   =      512.2255  DIHED      =     3119.5815
 VDWAALS =    22203.4085  EEL     =  -204308.5548  HBOND      =        0.0000
 1-4 VDW =     1185.4492  1-4 EEL =    12809.4999  RESTRAINT  =      260.5833
 EAMBER  =  -153840.4919


   NSTEP       ENERGY          RMS            GMAX         NAME    NUMBER
    405      -1.5359E+05     1.2664E+00     9.5949E+01     CG       4073

 BOND    =    10634.7068  ANGLE   =      511.4102  DIHED      =     3119.5037
 VDWAALS =    22202.9001  EEL     =  -204308.7898  HBOND      =        0.0000
 1-4 VDW =     1185.4268  1-4 EEL =    12809.4809  RESTRAINT  =      260.0350
 EAMBER  =  -153845.3613


   NSTEP       ENERGY          RMS            GMAX         NAME    NUMBER
    410      -1.5368E+05     4.4187E-01     2.3872E+01     CG        259

 BOND    =    10617.7120  ANGLE   =      496.4026  DIHED      =     3118.1578
 VDWAALS =    22189.5183  EEL     =  -204340.8705  HBOND      =        0.0000
 1-4 VDW =     1184.6397  1-4 EEL =    12809.4807  RESTRAINT  =      246.3914
 EAMBER  =  -153924.9594


   NSTEP       ENERGY          RMS            GMAX         NAME    NUMBER
    415      -1.5375E+05     7.6524E-01     8.8497E+01     CD       1431

 BOND    =    10656.8670  ANGLE   =      503.2643  DIHED      =     3118.9160
 VDWAALS =    22165.7520  EEL     =  -204446.4825  HBOND      =        0.0000
 1-4 VDW =     1184.6406  1-4 EEL =    12809.0006  RESTRAINT  =      256.5827
 EAMBER  =  -154008.0420


   NSTEP       ENERGY          RMS            GMAX         NAME    NUMBER
    420      -1.5387E+05     8.8169E-01     7.4455E+01     CG       4073

 BOND    =    10665.1772  ANGLE   =      502.8570  DIHED      =     3118.6293
 VDWAALS =    22230.1900  EEL     =  -204634.0293  HBOND      =        0.0000
 1-4 VDW =     1185.4833  1-4 EEL =    12808.6586  RESTRAINT  =      250.7965
 EAMBER  =  -154123.0339


   NSTEP       ENERGY          RMS            GMAX         NAME    NUMBER
    425      -1.5398E+05     8.6861E-01     8.3598E+01     HE3       617

 BOND    =    10662.7901  ANGLE   =      505.4575  DIHED      =     3118.5676
 VDWAALS =    22388.6145  EEL     =  -204908.4485  HBOND      =        0.0000
 1-4 VDW =     1184.1427  1-4 EEL =    12810.0280  RESTRAINT  =      259.9659
 EAMBER  =  -154238.8481


   NSTEP       ENERGY          RMS            GMAX         NAME    NUMBER
    430      -1.5398E+05     8.3749E-01     8.2213E+01     HE3       617

 BOND    =    10662.5183  ANGLE   =      505.1112  DIHED      =     3118.5468
 VDWAALS =    22388.5294  EEL     =  -204909.7416  HBOND      =        0.0000
 1-4 VDW =     1184.1586  1-4 EEL =    12809.9947  RESTRAINT  =      259.6595
 EAMBER  =  -154240.8825


   NSTEP       ENERGY          RMS            GMAX         NAME    NUMBER
    435      -1.5411E+05     1.2912E+00     1.3567E+02     CG       4073

 BOND    =    10725.7129  ANGLE   =      514.2347  DIHED      =     3119.1043
 VDWAALS =    22478.6143  EEL     =  -205203.7890  HBOND      =        0.0000
 1-4 VDW =     1185.1903  1-4 EEL =    12807.3393  RESTRAINT  =      262.9666
 EAMBER  =  -154373.5932


   NSTEP       ENERGY          RMS            GMAX         NAME    NUMBER
    440      -1.5419E+05     7.3284E-01     8.7232E+01     CD       1431

 BOND    =    10731.4998  ANGLE   =      501.9804  DIHED      =     3118.6805
 VDWAALS =    22539.2999  EEL     =  -205333.1523  HBOND      =        0.0000
 1-4 VDW =     1184.6781  1-4 EEL =    12808.9754  RESTRAINT  =      254.8328
 EAMBER  =  -154448.0381


   NSTEP       ENERGY          RMS            GMAX         NAME    NUMBER
    445      -1.5428E+05     4.3349E-01     3.0991E+01     HE3       617

 BOND    =    10740.2933  ANGLE   =      497.5290  DIHED      =     3118.0063
 VDWAALS =    22690.3746  EEL     =  -205567.0305  HBOND      =        0.0000
 1-4 VDW =     1184.7055  1-4 EEL =    12809.2542  RESTRAINT  =      247.6218
 EAMBER  =  -154526.8677


   NSTEP       ENERGY          RMS            GMAX         NAME    NUMBER
    450      -1.5435E+05     1.2747E+00     9.7265E+01     CE        615

 BOND    =    10786.4992  ANGLE   =      509.7495  DIHED      =     3119.7632
 VDWAALS =    22839.4339  EEL     =  -205859.1475  HBOND      =        0.0000
 1-4 VDW =     1185.2613  1-4 EEL =    12809.0370  RESTRAINT  =      256.4867
 EAMBER  =  -154609.4033


   NSTEP       ENERGY          RMS            GMAX         NAME    NUMBER
    455      -1.5436E+05     1.1985E+00     9.2108E+01     CE        615

 BOND    =    10783.1472  ANGLE   =      508.9344  DIHED      =     3119.6656
 VDWAALS =    22838.9243  EEL     =  -205859.3632  HBOND      =        0.0000
 1-4 VDW =     1185.2427  1-4 EEL =    12809.0213  RESTRAINT  =      255.9600
 EAMBER  =  -154614.4275


   NSTEP       ENERGY          RMS            GMAX         NAME    NUMBER
    460      -1.5443E+05     3.7487E-01     1.8480E+01     CG        259

 BOND    =    10766.5107  ANGLE   =      496.5158  DIHED      =     3118.0524
 VDWAALS =    22829.6610  EEL     =  -205885.1558  HBOND      =        0.0000
 1-4 VDW =     1184.6676  1-4 EEL =    12809.2899  RESTRAINT  =      246.2629
 EAMBER  =  -154680.4584


   NSTEP       ENERGY          RMS            GMAX         NAME    NUMBER
    465      -1.5450E+05     7.6684E-01     8.8262E+01     CD       1431

 BOND    =    10808.3362  ANGLE   =      502.0023  DIHED      =     3119.1730
 VDWAALS =    22814.4572  EEL     =  -205994.3327  HBOND      =        0.0000
 1-4 VDW =     1184.5309  1-4 EEL =    12809.2350  RESTRAINT  =      254.4519
 EAMBER  =  -154756.5981


   NSTEP       ENERGY          RMS            GMAX         NAME    NUMBER
    470      -1.5461E+05     8.3085E-01     7.1407E+01     CG       4073

 BOND    =    10808.1173  ANGLE   =      502.3848  DIHED      =     3118.6835
 VDWAALS =    22881.2383  EEL     =  -206161.1980  HBOND      =        0.0000
 1-4 VDW =     1185.5154  1-4 EEL =    12808.6058  RESTRAINT  =      250.3688
 EAMBER  =  -154856.6528


   NSTEP       ENERGY          RMS            GMAX         NAME    NUMBER
    475      -1.5472E+05     8.6598E-01     9.4912E+01     HE3       617

 BOND    =    10807.1639  ANGLE   =      507.3753  DIHED      =     3118.5638
 VDWAALS =    23060.0497  EEL     =  -206468.2018  HBOND      =        0.0000
 1-4 VDW =     1184.3715  1-4 EEL =    12810.1154  RESTRAINT  =      264.3036
 EAMBER  =  -154980.5621


   NSTEP       ENERGY          RMS            GMAX         NAME    NUMBER
    480      -1.5472E+05     8.3734E-01     9.3236E+01     HE3       617

 BOND    =    10807.0934  ANGLE   =      507.0184  DIHED      =     3118.5415
 VDWAALS =    23059.9242  EEL     =  -206469.5150  HBOND      =        0.0000
 1-4 VDW =     1184.3847  1-4 EEL =    12810.0874  RESTRAINT  =      263.9324
 EAMBER  =  -154982.4655


   NSTEP       ENERGY          RMS            GMAX         NAME    NUMBER
    485      -1.5483E+05     1.3976E+00     1.5257E+02     CG       4073

 BOND    =    10882.7127  ANGLE   =      513.0129  DIHED      =     3119.0109
 VDWAALS =    23136.0989  EEL     =  -206737.2701  HBOND      =        0.0000
 1-4 VDW =     1185.0137  1-4 EEL =    12807.7706  RESTRAINT  =      261.5665
 EAMBER  =  -155093.6505


   NSTEP       ENERGY          RMS            GMAX         NAME    NUMBER
    490      -1.5491E+05     7.0865E-01     8.1261E+01     CD       1431

 BOND    =    10861.8457  ANGLE   =      500.2608  DIHED      =     3118.7319
 VDWAALS =    23177.5967  EEL     =  -206817.9209  HBOND      =        0.0000
 1-4 VDW =     1184.7230  1-4 EEL =    12809.2877  RESTRAINT  =      252.5967
 EAMBER  =  -155165.4750


   NSTEP       ENERGY          RMS            GMAX         NAME    NUMBER
    495      -1.5499E+05     3.7849E-01     3.0002E+01     HE3       617

 BOND    =    10887.6513  ANGLE   =      497.6100  DIHED      =     3117.9738
 VDWAALS =    23311.9113  EEL     =  -207047.0880  HBOND      =        0.0000
 1-4 VDW =     1184.7867  1-4 EEL =    12809.4074  RESTRAINT  =      247.4957
 EAMBER  =  -155237.7474


   NSTEP       ENERGY          RMS            GMAX         NAME    NUMBER
    500      -1.5505E+05     1.1705E+00     9.9060E+01     CE        615

 BOND    =    10909.7570  ANGLE   =      505.2256  DIHED      =     3119.3981
 VDWAALS =    23438.7798  EEL     =  -207268.1432  HBOND      =        0.0000
 1-4 VDW =     1184.9246  1-4 EEL =    12809.2724  RESTRAINT  =      251.2259
 EAMBER  =  -155300.7856


  Maximum number of minimization cycles reached.


                    FINAL RESULTS



   NSTEP       ENERGY          RMS            GMAX         NAME    NUMBER
    500      -1.5505E+05     1.1705E+00     9.9060E+01     CE        615

 BOND    =    10909.7570  ANGLE   =      505.2256  DIHED      =     3119.3981
 VDWAALS =    23438.7798  EEL     =  -207268.1432  HBOND      =        0.0000
 1-4 VDW =     1184.9246  1-4 EEL =    12809.2724  RESTRAINT  =      251.2259
 EAMBER  =  -155300.7856
--------------------------------------------------------------------------------
   5.  TIMINGS
--------------------------------------------------------------------------------

|  NonSetup CPU Time in Major Routines:
|
|     Routine           Sec        %
|     ------------------------------
|     Nonbond          82.42   96.79
|     Bond              0.24    0.29
|     Angle             0.36    0.42
|     Dihedral          1.75    2.05
|     Shake             0.00    0.00
|     Other             0.39    0.46
|     ------------------------------
|     Total            85.16

|  PME Nonbond Pairlist CPU Time:
|
|     Routine              Sec        %
|     ---------------------------------
|     Set Up Cit           0.03    0.04
|     Build List           3.73    4.38
|     ---------------------------------
|     Total                3.76    4.42

|  PME Direct Force CPU Time:
|
|     Routine              Sec        %
|     ---------------------------------
|     NonBonded Calc      50.69   59.53
|     Exclude Masked       1.01    1.18
|     Other                0.38    0.45
|     ---------------------------------
|     Total               52.08   61.16

|  PME Reciprocal Force CPU Time:
|
|     Routine              Sec        %
|     ---------------------------------
|     1D bspline           0.76    0.89
|     Grid Charges         1.78    2.09
|     Scalar Sum           8.77   10.30
|     Gradient Sum         2.95    3.47
|     FFT                 12.26   14.39
|     ---------------------------------
|     Total               26.52   31.14

|  Setup CPU time:            0.20 seconds
|  NonSetup CPU time:        85.16 seconds
|  Total CPU time:           85.36 seconds     0.02 hours

|  Setup wall time:           0    seconds
|  NonSetup wall time:       85    seconds
|  Total wall time:          85    seconds     0.02 hours
