
          -------------------------------------------------------
          Amber 16 PMEMD                              2016
          -------------------------------------------------------

| PMEMD implementation of SANDER, Release 16

| Run on 11/02/2016 at 19:25:18

|   Executable path: pmemd
| Working directory: /home/german/exs/run/1m14/mhe/m
|          Hostname: Unknown
  [-O]verwriting output

File Assignments:
|   MDIN: mmin.in                                                               
|  MDOUT: mmin.out                                                              
| INPCRD: m1m14.rst7                                                            
|   PARM: 1m14.prmtop                                                           
| RESTRT: mm1m14.rst7                                                           
|   REFC: 1m14.rst7                                                             
|  MDVEL: mdvel                                                                 
|   MDEN: mden                                                                  
|  MDCRD: mm1m14.crd                                                            
| MDINFO: mdinfo                                                                
|  MDFRC: mdfrc                                                                 


 Here is the input file:

Minimization with Cartesian restraints                                         
&cntrl                                                                         
imin=1,                                                                        
ntmin=1,                                ! Steepest Descent, then Conjugate Grad
ncyc=100,                               ! 100 steps of Steepest Descent        
maxcyc=500,                             ! 400 steps of Conjugate Gradient      
ntpr=5,                                                                        
&end                                                                           


Note: ig = -1. Setting random seed to    26043 based on wallclock time in 
      microseconds.
 
 
| Conditional Compilation Defines Used:
| PUBFFT
| BINTRAJ
| EMIL

| Largest sphere to fit in unit cell has radius =    34.716

| New format PARM file being parsed.
| Version =    1.000 Date = 11/02/16 Time = 18:58:44

| Note: 1-4 EEL scale factors are being read from the topology file.

| Note: 1-4 VDW scale factors are being read from the topology file.
| Duplicated    0 dihedrals

| Duplicated    0 dihedrals

--------------------------------------------------------------------------------
   1.  RESOURCE   USE: 
--------------------------------------------------------------------------------

 getting box info from netcdf restart file
 NATOM  =   41788 NTYPES =      17 NBONH =   39561 MBONA  =    2274
 NTHETH =    5230 MTHETA =    3076 NPHIH =   10294 MPHIA  =    9773
 NHPARM =       0 NPARM  =       0 NNB   =   74758 NRES   =   12704
 NBONA  =    2274 NTHETA =    3076 NPHIA =    9773 NUMBND =      71
 NUMANG =     161 NPTRA  =     201 NATYP =      37 NPHB   =       1
 IFBOX  =       2 NMXRS  =      24 IFCAP =       0 NEXTRA =       0
 NCOPY  =       0

| Coordinate Index Table dimensions:    16   16   16
| Direct force subcell size =     5.3148    5.3148    5.3148

     BOX TYPE: TRUNCATED OCTAHEDRON

--------------------------------------------------------------------------------
   2.  CONTROL  DATA  FOR  THE  RUN
--------------------------------------------------------------------------------

default_name                                                                    

General flags:
     imin    =       1, nmropt  =       0

Nature and format of input:
     ntx     =       1, irest   =       0, ntrx    =       1

Nature and format of output:
     ntxo    =       2, ntpr    =       5, ntrx    =       1, ntwr    =       1
     iwrap   =       0, ntwx    =       0, ntwv    =       0, ntwe    =       0
     ioutfm  =       1, ntwprt  =       0, idecomp =       0, rbornstat=      0

Potential function:
     ntf     =       1, ntb     =       1, igb     =       0, nsnb    =      25
     ipol    =       0, gbsa    =       0, iesp    =       0
     dielc   =   1.00000, cut     =   8.00000, intdiel =   1.00000

Frozen or restrained atoms:
     ibelly  =       0, ntr     =       0

Energy minimization:
     maxcyc  =     500, ncyc    =     100, ntmin   =       1
     dx0     =   0.01000, drms    =   0.00010

| Intermolecular bonds treatment:
|     no_intermolecular_bonds =       1

| Energy averages sample interval:
|     ene_avg_sampling =       1

Ewald parameters:
     verbose =       0, ew_type =       0, nbflag  =       1, use_pme =       1
     vdwmeth =       1, eedmeth =       1, netfrc  =       0
     Box X =   85.037   Box Y =   85.037   Box Z =   85.037
     Alpha =  109.471   Beta  =  109.471   Gamma =  109.471
     NFFT1 =   90       NFFT2 =   90       NFFT3 =   90
     Cutoff=    8.000   Tol   =0.100E-04
     Ewald Coefficient =  0.34864
     Interpolation order =    4

--------------------------------------------------------------------------------
   3.  ATOMIC COORDINATES AND VELOCITIES
--------------------------------------------------------------------------------

default_name                                                                    
 begin time read from input coords =     0.000 ps

 
 Number of triangulated 3-point waters found:    12424

     Sum of charges from parm topology file =  -0.00000014
     Forcing neutrality...

| Dynamic Memory, Types Used:
| Reals             1044901
| Integers          1326066

| Nonbonded Pairs Initial Allocation:     6979640

--------------------------------------------------------------------------------
   4.  RESULTS
--------------------------------------------------------------------------------

 ---------------------------------------------------
 APPROXIMATING switch and d/dx switch using CUBIC SPLINE INTERPOLATION
 using   5000.0 points per unit in tabled values
 TESTING RELATIVE ERROR over r ranging from 0.0 to cutoff
| CHECK switch(x): max rel err =   0.2738E-14   at   2.422500
| CHECK d/dx switch(x): max rel err =   0.8332E-11   at   2.782960
 ---------------------------------------------------
|---------------------------------------------------
| APPROXIMATING direct energy using CUBIC SPLINE INTERPOLATION
|  with   50.0 points per unit in tabled values
| Relative Error Limit not exceeded for r .gt.   2.47
| APPROXIMATING direct force using CUBIC SPLINE INTERPOLATION
|  with   50.0 points per unit in tabled values
| Relative Error Limit not exceeded for r .gt.   2.89
|---------------------------------------------------


   NSTEP       ENERGY          RMS            GMAX         NAME    NUMBER
      1      -1.5530E+05     1.3983E+00     8.9657E+01     CE        615

 BOND    =    10909.7570  ANGLE   =      505.2256  DIHED      =     3119.3981
 VDWAALS =    23438.7798  EEL     =  -207268.1432  HBOND      =        0.0000
 1-4 VDW =     1184.9246  1-4 EEL =    12809.2724  RESTRAINT  =        0.0000


   NSTEP       ENERGY          RMS            GMAX         NAME    NUMBER
      5      -1.5533E+05     1.1764E+00     6.9451E+01     CE        615

 BOND    =    10900.8184  ANGLE   =      501.4962  DIHED      =     3119.5033
 VDWAALS =    23431.1615  EEL     =  -207270.5825  HBOND      =        0.0000
 1-4 VDW =     1182.9889  1-4 EEL =    12804.6149  RESTRAINT  =        0.0000


   NSTEP       ENERGY          RMS            GMAX         NAME    NUMBER
     10      -1.5539E+05     8.5825E-01     2.5240E+01     CE       2345

 BOND    =    10895.9963  ANGLE   =      494.5829  DIHED      =     3120.5497
 VDWAALS =    23408.8464  EEL     =  -207279.2525  HBOND      =        0.0000
 1-4 VDW =     1176.2966  1-4 EEL =    12788.3699  RESTRAINT  =        0.0000


   NSTEP       ENERGY          RMS            GMAX         NAME    NUMBER
     15      -1.5551E+05     6.5731E-01     1.2601E+01     HD12     1403

 BOND    =    10905.3644  ANGLE   =      490.8206  DIHED      =     3125.8286
 VDWAALS =    23361.8130  EEL     =  -207297.6357  HBOND      =        0.0000
 1-4 VDW =     1157.2285  1-4 EEL =    12741.6826  RESTRAINT  =        0.0000


   NSTEP       ENERGY          RMS            GMAX         NAME    NUMBER
     20      -1.5574E+05     4.6786E-01     8.7252E+00     O        4046

 BOND    =    10923.9973  ANGLE   =      504.6659  DIHED      =     3137.6895
 VDWAALS =    23288.5347  EEL     =  -207340.6887  HBOND      =        0.0000
 1-4 VDW =     1110.7132  1-4 EEL =    12637.9539  RESTRAINT  =        0.0000


   NSTEP       ENERGY          RMS            GMAX         NAME    NUMBER
     25      -1.5586E+05     1.9605E+00     2.6916E+02     CG       4073

 BOND    =    11006.6686  ANGLE   =      527.2141  DIHED      =     3145.4004
 VDWAALS =    23257.5178  EEL     =  -207425.0667  HBOND      =        0.0000
 1-4 VDW =     1065.2675  1-4 EEL =    12562.3729  RESTRAINT  =        0.0000


   NSTEP       ENERGY          RMS            GMAX         NAME    NUMBER
     30      -1.5598E+05     3.7908E-01     7.2062E+00     HH       2713

 BOND    =    10948.5604  ANGLE   =      526.6910  DIHED      =     3146.6837
 VDWAALS =    23255.1988  EEL     =  -207455.5140  HBOND      =        0.0000
 1-4 VDW =     1053.9543  1-4 EEL =    12547.2116  RESTRAINT  =        0.0000


   NSTEP       ENERGY          RMS            GMAX         NAME    NUMBER
     35      -1.5604E+05     6.6668E-01     2.9762E+01     CD       1431

 BOND    =    10962.0306  ANGLE   =      532.3673  DIHED      =     3148.4639
 VDWAALS =    23256.8533  EEL     =  -207507.6347  HBOND      =        0.0000
 1-4 VDW =     1038.5120  1-4 EEL =    12527.3529  RESTRAINT  =        0.0000


   NSTEP       ENERGY          RMS            GMAX         NAME    NUMBER
     40      -1.5610E+05     4.8460E-01     1.9924E+01     CD       1431

 BOND    =    10964.4967  ANGLE   =      536.2052  DIHED      =     3149.6357
 VDWAALS =    23260.9506  EEL     =  -207550.2441  HBOND      =        0.0000
 1-4 VDW =     1028.0153  1-4 EEL =    12514.4155  RESTRAINT  =        0.0000


   NSTEP       ENERGY          RMS            GMAX         NAME    NUMBER
     45      -1.5615E+05     5.2639E-01     2.4958E+01     CD       1431

 BOND    =    10971.8209  ANGLE   =      540.2222  DIHED      =     3150.7361
 VDWAALS =    23267.5589  EEL     =  -207597.8828  HBOND      =        0.0000
 1-4 VDW =     1017.8173  1-4 EEL =    12501.9457  RESTRAINT  =        0.0000


   NSTEP       ENERGY          RMS            GMAX         NAME    NUMBER
     50      -1.5619E+05     8.2959E-01     4.4665E+01     CD       1431

 BOND    =    10985.2155  ANGLE   =      543.9224  DIHED      =     3151.6105
 VDWAALS =    23275.4038  EEL     =  -207643.3417  HBOND      =        0.0000
 1-4 VDW =     1009.3506  1-4 EEL =    12491.5682  RESTRAINT  =        0.0000


   NSTEP       ENERGY          RMS            GMAX         NAME    NUMBER
     55      -1.5623E+05     8.7091E-01     5.2269E+01     CD       1431

 BOND    =    10992.6773  ANGLE   =      547.4479  DIHED      =     3152.4474
 VDWAALS =    23285.0890  EEL     =  -207692.3717  HBOND      =        0.0000
 1-4 VDW =     1001.2651  1-4 EEL =    12481.7156  RESTRAINT  =        0.0000


   NSTEP       ENERGY          RMS            GMAX         NAME    NUMBER
     60      -1.5627E+05     9.5910E-01     6.3150E+01     CD       1431

 BOND    =    11001.5886  ANGLE   =      550.7959  DIHED      =     3153.1772
 VDWAALS =    23295.8462  EEL     =  -207741.5523  HBOND      =        0.0000
 1-4 VDW =      994.0704  1-4 EEL =    12472.8911  RESTRAINT  =        0.0000


   NSTEP       ENERGY          RMS            GMAX         NAME    NUMBER
     65      -1.5631E+05     9.1728E-01     5.9105E+01     CD       1431

 BOND    =    11005.3321  ANGLE   =      553.2492  DIHED      =     3153.7436
 VDWAALS =    23305.9082  EEL     =  -207784.2338  HBOND      =        0.0000
 1-4 VDW =      988.4568  1-4 EEL =    12466.0586  RESTRAINT  =        0.0000


   NSTEP       ENERGY          RMS            GMAX         NAME    NUMBER
     70      -1.5635E+05     9.4976E-01     6.7564E+01     CD       1431

 BOND    =    11012.1225  ANGLE   =      556.0579  DIHED      =     3154.3170
 VDWAALS =    23318.1472  EEL     =  -207833.0957  HBOND      =        0.0000
 1-4 VDW =      982.6470  1-4 EEL =    12458.8442  RESTRAINT  =        0.0000


   NSTEP       ENERGY          RMS            GMAX         NAME    NUMBER
     75      -1.5640E+05     2.9554E-01     9.9117E+00     CD       1431

 BOND    =    11003.1923  ANGLE   =      557.5680  DIHED      =     3154.8785
 VDWAALS =    23329.9344  EEL     =  -207878.5856  HBOND      =        0.0000
 1-4 VDW =      977.6581  1-4 EEL =    12453.1873  RESTRAINT  =        0.0000


   NSTEP       ENERGY          RMS            GMAX         NAME    NUMBER
     80      -1.5642E+05     1.0410E+00     8.2284E+01     CD       1431

 BOND    =    11025.9182  ANGLE   =      560.9042  DIHED      =     3155.2275
 VDWAALS =    23343.1184  EEL     =  -207925.9005  HBOND      =        0.0000
 1-4 VDW =      973.0771  1-4 EEL =    12446.8340  RESTRAINT  =        0.0000


   NSTEP       ENERGY          RMS            GMAX         NAME    NUMBER
     85      -1.5646E+05     1.0706E+00     9.0875E+01     CD       1431

 BOND    =    11032.2511  ANGLE   =      563.2267  DIHED      =     3155.6209
 VDWAALS =    23356.8353  EEL     =  -207973.9069  HBOND      =        0.0000
 1-4 VDW =      968.7510  1-4 EEL =    12441.3273  RESTRAINT  =        0.0000


   NSTEP       ENERGY          RMS            GMAX         NAME    NUMBER
     90      -1.5649E+05     1.1189E+00     1.0340E+02     CD       1431

 BOND    =    11039.3232  ANGLE   =      565.5620  DIHED      =     3155.9735
 VDWAALS =    23371.2662  EEL     =  -208022.8456  HBOND      =        0.0000
 1-4 VDW =      964.7053  1-4 EEL =    12436.1015  RESTRAINT  =        0.0000


   NSTEP       ENERGY          RMS            GMAX         NAME    NUMBER
     95      -1.5654E+05     3.5575E-01     2.7556E+01     CD       1431

 BOND    =    11025.4529  ANGLE   =      565.7782  DIHED      =     3156.4207
 VDWAALS =    23385.5602  EEL     =  -208071.1068  HBOND      =        0.0000
 1-4 VDW =      960.8705  1-4 EEL =    12432.1397  RESTRAINT  =        0.0000


   NSTEP       ENERGY          RMS            GMAX         NAME    NUMBER
    100      -1.5657E+05     2.6843E-01     9.3434E+00     CD       1431

 BOND    =    11028.4789  ANGLE   =      567.1389  DIHED      =     3156.6270
 VDWAALS =    23397.5922  EEL     =  -208109.7328  HBOND      =        0.0000
 1-4 VDW =      958.1436  1-4 EEL =    12428.5032  RESTRAINT  =        0.0000


   NSTEP       ENERGY          RMS            GMAX         NAME    NUMBER
    105      -1.5670E+05     4.1431E-01     5.2519E+01     CD       1431

 BOND    =    11052.0328  ANGLE   =      574.0321  DIHED      =     3157.9687
 VDWAALS =    23458.6591  EEL     =  -208298.6912  HBOND      =        0.0000
 1-4 VDW =      945.6681  1-4 EEL =    12412.8829  RESTRAINT  =        0.0000


   NSTEP       ENERGY          RMS            GMAX         NAME    NUMBER
    110      -1.5718E+05     1.8575E+00     2.1394E+02     OE1       990

 BOND    =    11321.0069  ANGLE   =      658.9212  DIHED      =     3194.7805
 VDWAALS =    24234.2583  EEL     =  -209753.9252  HBOND      =        0.0000
 1-4 VDW =      856.5622  1-4 EEL =    12304.0924  RESTRAINT  =        0.0000


   NSTEP       ENERGY          RMS            GMAX         NAME    NUMBER
    115      -1.5738E+05     1.0775E+00     1.0318E+02     CD        734

 BOND    =    11308.8756  ANGLE   =      696.5869  DIHED      =     3199.7436
 VDWAALS =    24183.0487  EEL     =  -209903.6342  HBOND      =        0.0000
 1-4 VDW =      853.9687  1-4 EEL =    12285.0435  RESTRAINT  =        0.0000


   NSTEP       ENERGY          RMS            GMAX         NAME    NUMBER
    120      -1.5760E+05     1.0742E+00     6.5899E+01     CD        734

 BOND    =    11379.9907  ANGLE   =      777.9889  DIHED      =     3223.5568
 VDWAALS =    24495.9707  EEL     =  -210546.9080  HBOND      =        0.0000
 1-4 VDW =      845.1047  1-4 EEL =    12229.0226  RESTRAINT  =        0.0000


   NSTEP       ENERGY          RMS            GMAX         NAME    NUMBER
    125      -1.5774E+05     1.0096E+00     6.0533E+01     HH       2713

 BOND    =    11425.0876  ANGLE   =      759.9660  DIHED      =     3237.7120
 VDWAALS =    24790.5659  EEL     =  -210994.8415  HBOND      =        0.0000
 1-4 VDW =      836.3135  1-4 EEL =    12204.9104  RESTRAINT  =        0.0000


   NSTEP       ENERGY          RMS            GMAX         NAME    NUMBER
    130      -1.5774E+05     9.6119E-01     5.6967E+01     HH       2713

 BOND    =    11422.5446  ANGLE   =      759.3267  DIHED      =     3237.5789
 VDWAALS =    24790.2396  EEL     =  -210994.7205  HBOND      =        0.0000
 1-4 VDW =      836.2701  1-4 EEL =    12204.9841  RESTRAINT  =        0.0000


   NSTEP       ENERGY          RMS            GMAX         NAME    NUMBER
    135      -1.5786E+05     6.3850E-01     4.8658E+01     CG        161

 BOND    =    11384.0844  ANGLE   =      742.9444  DIHED      =     3221.9430
 VDWAALS =    24754.6409  EEL     =  -211024.7977  HBOND      =        0.0000
 1-4 VDW =      840.8627  1-4 EEL =    12218.8502  RESTRAINT  =        0.0000


   NSTEP       ENERGY          RMS            GMAX         NAME    NUMBER
    140      -1.5796E+05     8.3036E-01     6.0601E+01     CG        974

 BOND    =    11399.5833  ANGLE   =      707.8650  DIHED      =     3205.8787
 VDWAALS =    24748.0743  EEL     =  -211130.1089  HBOND      =        0.0000
 1-4 VDW =      853.8857  1-4 EEL =    12250.6379  RESTRAINT  =        0.0000


   NSTEP       ENERGY          RMS            GMAX         NAME    NUMBER
    145      -1.5811E+05     6.1351E-01     3.1870E+01     H1      18969

 BOND    =    11368.2487  ANGLE   =      648.9019  DIHED      =     3184.5765
 VDWAALS =    24751.2702  EEL     =  -211228.0748  HBOND      =        0.0000
 1-4 VDW =      876.5374  1-4 EEL =    12293.1993  RESTRAINT  =        0.0000


   NSTEP       ENERGY          RMS            GMAX         NAME    NUMBER
    150      -1.5819E+05     7.1767E-01     5.5216E+01     CD        164

 BOND    =    11368.0086  ANGLE   =      633.9151  DIHED      =     3163.0953
 VDWAALS =    24750.2135  EEL     =  -211327.8010  HBOND      =        0.0000
 1-4 VDW =      899.6553  1-4 EEL =    12323.7531  RESTRAINT  =        0.0000


   NSTEP       ENERGY          RMS            GMAX         NAME    NUMBER
    155      -1.5819E+05     6.6030E-01     4.9389E+01     CD        164

 BOND    =    11365.6666  ANGLE   =      633.0416  DIHED      =     3163.0403
 VDWAALS =    24750.3166  EEL     =  -211327.4638  HBOND      =        0.0000
 1-4 VDW =      899.6618  1-4 EEL =    12323.8242  RESTRAINT  =        0.0000


   NSTEP       ENERGY          RMS            GMAX         NAME    NUMBER
    160      -1.5824E+05     4.8899E-01     4.2647E+01     OE2       166

 BOND    =    11354.4861  ANGLE   =      609.9618  DIHED      =     3160.3604
 VDWAALS =    24766.1375  EEL     =  -211356.4517  HBOND      =        0.0000
 1-4 VDW =      896.8047  1-4 EEL =    12325.7865  RESTRAINT  =        0.0000


   NSTEP       ENERGY          RMS            GMAX         NAME    NUMBER
    165      -1.5828E+05     5.6283E-01     3.7377E+01     O       18968

 BOND    =    11373.8070  ANGLE   =      612.8344  DIHED      =     3158.6408
 VDWAALS =    24779.0774  EEL     =  -211421.7260  HBOND      =        0.0000
 1-4 VDW =      893.6899  1-4 EEL =    12325.6168  RESTRAINT  =        0.0000


   NSTEP       ENERGY          RMS            GMAX         NAME    NUMBER
    170      -1.5838E+05     7.5963E-01     7.4183E+01     CD        989

 BOND    =    11388.8771  ANGLE   =      634.6370  DIHED      =     3157.6810
 VDWAALS =    24870.2100  EEL     =  -211631.7892  HBOND      =        0.0000
 1-4 VDW =      886.9052  1-4 EEL =    12315.6624  RESTRAINT  =        0.0000


   NSTEP       ENERGY          RMS            GMAX         NAME    NUMBER
    175      -1.5844E+05     6.6376E-01     4.5846E+01     OE1       165

 BOND    =    11406.7752  ANGLE   =      636.5647  DIHED      =     3155.8930
 VDWAALS =    24961.4928  EEL     =  -211798.7858  HBOND      =        0.0000
 1-4 VDW =      884.8077  1-4 EEL =    12310.0124  RESTRAINT  =        0.0000


   NSTEP       ENERGY          RMS            GMAX         NAME    NUMBER
    180      -1.5845E+05     6.2237E-01     4.4278E+01     OE1       165

 BOND    =    11405.4186  ANGLE   =      636.1168  DIHED      =     3155.8060
 VDWAALS =    24961.1956  EEL     =  -211799.0047  HBOND      =        0.0000
 1-4 VDW =      884.7909  1-4 EEL =    12310.0732  RESTRAINT  =        0.0000


   NSTEP       ENERGY          RMS            GMAX         NAME    NUMBER
    185      -1.5851E+05     5.6723E-01     3.5832E+01     CG       4073

 BOND    =    11403.7775  ANGLE   =      626.2243  DIHED      =     3150.6019
 VDWAALS =    24949.5787  EEL     =  -211839.6460  HBOND      =        0.0000
 1-4 VDW =      885.3033  1-4 EEL =    12314.4459  RESTRAINT  =        0.0000


   NSTEP       ENERGY          RMS            GMAX         NAME    NUMBER
    190      -1.5856E+05     5.5955E-01     3.4866E+01     CG       4073

 BOND    =    11411.9450  ANGLE   =      612.1218  DIHED      =     3147.0521
 VDWAALS =    24969.6422  EEL     =  -211908.0142  HBOND      =        0.0000
 1-4 VDW =      887.9793  1-4 EEL =    12318.3302  RESTRAINT  =        0.0000


   NSTEP       ENERGY          RMS            GMAX         NAME    NUMBER
    195      -1.5861E+05     5.0565E-01     4.1648E+01     CG       4073

 BOND    =    11415.5418  ANGLE   =      607.7903  DIHED      =     3144.8585
 VDWAALS =    25010.8059  EEL     =  -212011.6024  HBOND      =        0.0000
 1-4 VDW =      893.5331  1-4 EEL =    12324.6142  RESTRAINT  =        0.0000


   NSTEP       ENERGY          RMS            GMAX         NAME    NUMBER
    200      -1.5865E+05     6.6373E-01     4.3952E+01     CD        989

 BOND    =    11425.2394  ANGLE   =      621.9565  DIHED      =     3142.3704
 VDWAALS =    25042.8241  EEL     =  -212107.1449  HBOND      =        0.0000
 1-4 VDW =      896.9967  1-4 EEL =    12328.0000  RESTRAINT  =        0.0000


   NSTEP       ENERGY          RMS            GMAX         NAME    NUMBER
    205      -1.5865E+05     6.0285E-01     3.6827E+01     CD        989

 BOND    =    11423.0120  ANGLE   =      621.0262  DIHED      =     3142.3204
 VDWAALS =    25042.9810  EEL     =  -212106.8413  HBOND      =        0.0000
 1-4 VDW =      897.0093  1-4 EEL =    12328.0398  RESTRAINT  =        0.0000


   NSTEP       ENERGY          RMS            GMAX         NAME    NUMBER
    210      -1.5869E+05     4.3630E-01     3.9431E+01     CG       4073

 BOND    =    11419.7812  ANGLE   =      601.2204  DIHED      =     3140.6796
 VDWAALS =    25056.6865  EEL     =  -212133.2646  HBOND      =        0.0000
 1-4 VDW =      895.1756  1-4 EEL =    12328.5688  RESTRAINT  =        0.0000


   NSTEP       ENERGY          RMS            GMAX         NAME    NUMBER
    215      -1.5872E+05     5.1216E-01     4.4617E+01     CG       4073

 BOND    =    11432.3255  ANGLE   =      602.4286  DIHED      =     3139.5258
 VDWAALS =    25068.8573  EEL     =  -212180.3884  HBOND      =        0.0000
 1-4 VDW =      893.2294  1-4 EEL =    12327.4956  RESTRAINT  =        0.0000


   NSTEP       ENERGY          RMS            GMAX         NAME    NUMBER
    220      -1.5880E+05     6.3078E-01     6.0499E+01     CD        989

 BOND    =    11452.8823  ANGLE   =      623.8316  DIHED      =     3140.4365
 VDWAALS =    25166.7973  EEL     =  -212396.3154  HBOND      =        0.0000
 1-4 VDW =      890.1051  1-4 EEL =    12321.3935  RESTRAINT  =        0.0000


   NSTEP       ENERGY          RMS            GMAX         NAME    NUMBER
    225      -1.5885E+05     6.2621E-01     4.0801E+01     CD        989

 BOND    =    11468.0349  ANGLE   =      628.7218  DIHED      =     3141.4705
 VDWAALS =    25250.9176  EEL     =  -212544.3274  HBOND      =        0.0000
 1-4 VDW =      889.4404  1-4 EEL =    12318.3455  RESTRAINT  =        0.0000


   NSTEP       ENERGY          RMS            GMAX         NAME    NUMBER
    230      -1.5885E+05     5.8567E-01     3.8246E+01     OE1       165

 BOND    =    11466.6114  ANGLE   =      628.2949  DIHED      =     3141.3831
 VDWAALS =    25250.6265  EEL     =  -212544.3394  HBOND      =        0.0000
 1-4 VDW =      889.4138  1-4 EEL =    12318.3924  RESTRAINT  =        0.0000


   NSTEP       ENERGY          RMS            GMAX         NAME    NUMBER
    235      -1.5891E+05     5.5858E-01     3.4548E+01     CG       4073

 BOND    =    11463.9496  ANGLE   =      619.3607  DIHED      =     3137.1523
 VDWAALS =    25242.0743  EEL     =  -212583.9786  HBOND      =        0.0000
 1-4 VDW =      888.7199  1-4 EEL =    12321.1227  RESTRAINT  =        0.0000


   NSTEP       ENERGY          RMS            GMAX         NAME    NUMBER
    240      -1.5896E+05     4.8289E-01     3.2258E+01     CG       4073

 BOND    =    11474.5423  ANGLE   =      605.9981  DIHED      =     3135.1540
 VDWAALS =    25264.0774  EEL     =  -212651.8022  HBOND      =        0.0000
 1-4 VDW =      889.9049  1-4 EEL =    12322.5799  RESTRAINT  =        0.0000


   NSTEP       ENERGY          RMS            GMAX         NAME    NUMBER
    245      -1.5900E+05     3.9320E-01     3.5692E+01     CG       4073

 BOND    =    11471.0553  ANGLE   =      605.3501  DIHED      =     3134.9162
 VDWAALS =    25295.1989  EEL     =  -212718.8637  HBOND      =        0.0000
 1-4 VDW =      892.1685  1-4 EEL =    12324.4219  RESTRAINT  =        0.0000


   NSTEP       ENERGY          RMS            GMAX         NAME    NUMBER
    250      -1.5902E+05     6.6126E-01     5.7997E+01     CG       4073

 BOND    =    11489.3061  ANGLE   =      618.0374  DIHED      =     3133.6488
 VDWAALS =    25327.0334  EEL     =  -212811.9393  HBOND      =        0.0000
 1-4 VDW =      893.5992  1-4 EEL =    12325.6728  RESTRAINT  =        0.0000


   NSTEP       ENERGY          RMS            GMAX         NAME    NUMBER
    255      -1.5903E+05     5.9430E-01     4.7247E+01     CG       4073

 BOND    =    11486.8589  ANGLE   =      617.2161  DIHED      =     3133.6054
 VDWAALS =    25327.2107  EEL     =  -212811.6001  HBOND      =        0.0000
 1-4 VDW =      893.6165  1-4 EEL =    12325.7080  RESTRAINT  =        0.0000


   NSTEP       ENERGY          RMS            GMAX         NAME    NUMBER
    260      -1.5906E+05     3.5769E-01     3.3383E+01     CG       4073

 BOND    =    11479.1589  ANGLE   =      601.5938  DIHED      =     3132.5945
 VDWAALS =    25338.7058  EEL     =  -212830.3074  HBOND      =        0.0000
 1-4 VDW =      892.5875  1-4 EEL =    12325.9354  RESTRAINT  =        0.0000


   NSTEP       ENERGY          RMS            GMAX         NAME    NUMBER
    265      -1.5908E+05     4.5315E-01     3.6094E+01     CG       4073

 BOND    =    11492.0422  ANGLE   =      602.7915  DIHED      =     3131.9827
 VDWAALS =    25350.8975  EEL     =  -212871.5555  HBOND      =        0.0000
 1-4 VDW =      891.4536  1-4 EEL =    12325.0662  RESTRAINT  =        0.0000


   NSTEP       ENERGY          RMS            GMAX         NAME    NUMBER
    270      -1.5918E+05     7.3525E-01     7.3123E+01     CD        989

 BOND    =    11528.8423  ANGLE   =      629.7441  DIHED      =     3134.6386
 VDWAALS =    25487.6616  EEL     =  -213165.0912  HBOND      =        0.0000
 1-4 VDW =      889.4016  1-4 EEL =    12319.2098  RESTRAINT  =        0.0000


   NSTEP       ENERGY          RMS            GMAX         NAME    NUMBER
    275      -1.5923E+05     6.6325E-01     4.5607E+01     CD        989

 BOND    =    11539.7618  ANGLE   =      638.0189  DIHED      =     3137.2024
 VDWAALS =    25586.9201  EEL     =  -213339.6653  HBOND      =        0.0000
 1-4 VDW =      889.4647  1-4 EEL =    12316.1876  RESTRAINT  =        0.0000


   NSTEP       ENERGY          RMS            GMAX         NAME    NUMBER
    280      -1.5923E+05     6.2720E-01     4.1393E+01     OE1       165

 BOND    =    11538.5105  ANGLE   =      637.5872  DIHED      =     3137.0982
 VDWAALS =    25586.5758  EEL     =  -213339.7358  HBOND      =        0.0000
 1-4 VDW =      889.4331  1-4 EEL =    12316.2246  RESTRAINT  =        0.0000


   NSTEP       ENERGY          RMS            GMAX         NAME    NUMBER
    285      -1.5932E+05     6.3171E-01     3.4696E+01     CD        989

 BOND    =    11542.0949  ANGLE   =      623.8828  DIHED      =     3131.7622
 VDWAALS =    25568.6934  EEL     =  -213388.4774  HBOND      =        0.0000
 1-4 VDW =      887.9783  1-4 EEL =    12318.7321  RESTRAINT  =        0.0000


   NSTEP       ENERGY          RMS            GMAX         NAME    NUMBER
    290      -1.5937E+05     4.4841E-01     2.7410E+01     CG       4073

 BOND    =    11542.5587  ANGLE   =      606.3246  DIHED      =     3129.1159
 VDWAALS =    25584.7138  EEL     =  -213440.9074  HBOND      =        0.0000
 1-4 VDW =      888.4630  1-4 EEL =    12319.4001  RESTRAINT  =        0.0000


   NSTEP       ENERGY          RMS            GMAX         NAME    NUMBER
    295      -1.5940E+05     3.3882E-01     3.1367E+01     CG       4073

 BOND    =    11539.5608  ANGLE   =      605.0917  DIHED      =     3129.2888
 VDWAALS =    25606.3274  EEL     =  -213488.3948  HBOND      =        0.0000
 1-4 VDW =      889.7519  1-4 EEL =    12321.0747  RESTRAINT  =        0.0000


   NSTEP       ENERGY          RMS            GMAX         NAME    NUMBER
    300      -1.5942E+05     6.2287E-01     5.7362E+01     CG       4073

 BOND    =    11555.5670  ANGLE   =      614.8260  DIHED      =     3128.9235
 VDWAALS =    25634.3242  EEL     =  -213567.3772  HBOND      =        0.0000
 1-4 VDW =      890.3359  1-4 EEL =    12322.5012  RESTRAINT  =        0.0000


   NSTEP       ENERGY          RMS            GMAX         NAME    NUMBER
    305      -1.5942E+05     5.5037E-01     4.5506E+01     CG       4073

 BOND    =    11553.1941  ANGLE   =      614.0241  DIHED      =     3128.8729
 VDWAALS =    25634.4801  EEL     =  -213567.0879  HBOND      =        0.0000
 1-4 VDW =      890.3684  1-4 EEL =    12322.5413  RESTRAINT  =        0.0000


   NSTEP       ENERGY          RMS            GMAX         NAME    NUMBER
    310      -1.5945E+05     3.0409E-01     2.7164E+01     CG       4073

 BOND    =    11545.8280  ANGLE   =      602.9559  DIHED      =     3127.8101
 VDWAALS =    25642.8724  EEL     =  -213581.5009  HBOND      =        0.0000
 1-4 VDW =      890.1027  1-4 EEL =    12322.6808  RESTRAINT  =        0.0000


   NSTEP       ENERGY          RMS            GMAX         NAME    NUMBER
    315      -1.5946E+05     4.2723E-01     3.1373E+01     CG       4073

 BOND    =    11557.7650  ANGLE   =      604.7074  DIHED      =     3127.3007
 VDWAALS =    25653.7884  EEL     =  -213617.8088  HBOND      =        0.0000
 1-4 VDW =      889.5053  1-4 EEL =    12321.6170  RESTRAINT  =        0.0000


   NSTEP       ENERGY          RMS            GMAX         NAME    NUMBER
    320      -1.5962E+05     8.6205E-01     6.7904E+01     CD        989

 BOND    =    11626.5459  ANGLE   =      649.9957  DIHED      =     3131.2389
 VDWAALS =    25854.4018  EEL     =  -214081.6401  HBOND      =        0.0000
 1-4 VDW =      888.5171  1-4 EEL =    12313.6240  RESTRAINT  =        0.0000


   NSTEP       ENERGY          RMS            GMAX         NAME    NUMBER
    325      -1.5973E+05     7.7200E-01     5.3588E+01     CD        989

 BOND    =    11652.2806  ANGLE   =      669.4363  DIHED      =     3135.8141
 VDWAALS =    26071.7141  EEL     =  -214458.7200  HBOND      =        0.0000
 1-4 VDW =      889.3647  1-4 EEL =    12309.9496  RESTRAINT  =        0.0000


   NSTEP       ENERGY          RMS            GMAX         NAME    NUMBER
    330      -1.5973E+05     7.4434E-01     4.8133E+01     CD        989

 BOND    =    11651.2025  ANGLE   =      668.9121  DIHED      =     3135.7274
 VDWAALS =    26071.3434  EEL     =  -214458.8357  HBOND      =        0.0000
 1-4 VDW =      889.3300  1-4 EEL =    12309.9592  RESTRAINT  =        0.0000


   NSTEP       ENERGY          RMS            GMAX         NAME    NUMBER
    335      -1.5987E+05     9.1360E-01     7.4568E+01     CD        989

 BOND    =    11654.9650  ANGLE   =      635.5083  DIHED      =     3128.0718
 VDWAALS =    26039.8502  EEL     =  -214527.6505  HBOND      =        0.0000
 1-4 VDW =      886.7603  1-4 EEL =    12311.7032  RESTRAINT  =        0.0000


   NSTEP       ENERGY          RMS            GMAX         NAME    NUMBER
    340      -1.5993E+05     4.9914E-01     2.5343E+01     CG       4073

 BOND    =    11648.2016  ANGLE   =      614.3600  DIHED      =     3124.7053
 VDWAALS =    26050.3567  EEL     =  -214570.9890  HBOND      =        0.0000
 1-4 VDW =      886.4786  1-4 EEL =    12314.1185  RESTRAINT  =        0.0000


   NSTEP       ENERGY          RMS            GMAX         NAME    NUMBER
    345      -1.5996E+05     3.5261E-01     3.6175E+01     CG       4073

 BOND    =    11640.1972  ANGLE   =      608.2839  DIHED      =     3124.2690
 VDWAALS =    26063.6012  EEL     =  -214603.8118  HBOND      =        0.0000
 1-4 VDW =      887.2429  1-4 EEL =    12316.0307  RESTRAINT  =        0.0000


   NSTEP       ENERGY          RMS            GMAX         NAME    NUMBER
    350      -1.5998E+05     4.6401E-01     4.6262E+01     CG       4073

 BOND    =    11647.7465  ANGLE   =      612.3037  DIHED      =     3123.8746
 VDWAALS =    26071.9583  EEL     =  -214639.3176  HBOND      =        0.0000
 1-4 VDW =      887.8577  1-4 EEL =    12315.7980  RESTRAINT  =        0.0000


   NSTEP       ENERGY          RMS            GMAX         NAME    NUMBER
    355      -1.5998E+05     3.8343E-01     3.2313E+01     CG       4073

 BOND    =    11645.9918  ANGLE   =      611.6543  DIHED      =     3123.8387
 VDWAALS =    26072.2035  EEL     =  -214639.3555  HBOND      =        0.0000
 1-4 VDW =      887.8997  1-4 EEL =    12315.8515  RESTRAINT  =        0.0000


   NSTEP       ENERGY          RMS            GMAX         NAME    NUMBER
    360      -1.6000E+05     3.1142E-01     3.1585E+01     CG       4073

 BOND    =    11642.4001  ANGLE   =      606.3401  DIHED      =     3123.6874
 VDWAALS =    26082.5302  EEL     =  -214656.7625  HBOND      =        0.0000
 1-4 VDW =      887.7837  1-4 EEL =    12316.3375  RESTRAINT  =        0.0000


   NSTEP       ENERGY          RMS            GMAX         NAME    NUMBER
    365      -1.6003E+05     4.0868E-01     1.9180E+01     CE        116

 BOND    =    11660.2794  ANGLE   =      617.8743  DIHED      =     3123.7739
 VDWAALS =    26116.8000  EEL     =  -214755.3165  HBOND      =        0.0000
 1-4 VDW =      887.2067  1-4 EEL =    12316.1555  RESTRAINT  =        0.0000


   NSTEP       ENERGY          RMS            GMAX         NAME    NUMBER
    370      -1.6015E+05     1.1106E+00     1.1659E+02     CD        989

 BOND    =    11733.0848  ANGLE   =      671.2421  DIHED      =     3128.5840
 VDWAALS =    26303.1157  EEL     =  -215189.9196  HBOND      =        0.0000
 1-4 VDW =      888.8955  1-4 EEL =    12315.8830  RESTRAINT  =        0.0000


   NSTEP       ENERGY          RMS            GMAX         NAME    NUMBER
    375      -1.6036E+05     7.1797E-01     3.7184E+01     HE2       117

 BOND    =    11764.4565  ANGLE   =      661.8836  DIHED      =     3130.4014
 VDWAALS =    26589.5459  EEL     =  -215717.3744  HBOND      =        0.0000
 1-4 VDW =      888.0189  1-4 EEL =    12319.7972  RESTRAINT  =        0.0000


   NSTEP       ENERGY          RMS            GMAX         NAME    NUMBER
    380      -1.6037E+05     6.9814E-01     3.6135E+01     HE2       117

 BOND    =    11763.4256  ANGLE   =      661.2377  DIHED      =     3130.2956
 VDWAALS =    26589.1209  EEL     =  -215717.3827  HBOND      =        0.0000
 1-4 VDW =      887.9895  1-4 EEL =    12319.7418  RESTRAINT  =        0.0000


   NSTEP       ENERGY          RMS            GMAX         NAME    NUMBER
    385      -1.6049E+05     9.0188E-01     1.2242E+02     CD        989

 BOND    =    11768.5337  ANGLE   =      631.5432  DIHED      =     3124.0786
 VDWAALS =    26547.6818  EEL     =  -215753.0837  HBOND      =        0.0000
 1-4 VDW =      885.4863  1-4 EEL =    12309.7329  RESTRAINT  =        0.0000


   NSTEP       ENERGY          RMS            GMAX         NAME    NUMBER
    390      -1.6053E+05     4.3576E-01     2.3104E+01     CD        989

 BOND    =    11756.0678  ANGLE   =      614.7983  DIHED      =     3122.7004
 VDWAALS =    26553.5501  EEL     =  -215773.4661  HBOND      =        0.0000
 1-4 VDW =      885.3510  1-4 EEL =    12309.1247  RESTRAINT  =        0.0000


   NSTEP       ENERGY          RMS            GMAX         NAME    NUMBER
    395      -1.6057E+05     4.0935E-01     2.9851E+01     CG       4073

 BOND    =    11753.8304  ANGLE   =      613.4169  DIHED      =     3122.1546
 VDWAALS =    26568.2487  EEL     =  -215819.9432  HBOND      =        0.0000
 1-4 VDW =      885.6778  1-4 EEL =    12310.6543  RESTRAINT  =        0.0000


   NSTEP       ENERGY          RMS            GMAX         NAME    NUMBER
    400      -1.6059E+05     5.1960E-01     8.3515E+01     CG       4073

 BOND    =    11763.3633  ANGLE   =      618.3504  DIHED      =     3121.9305
 VDWAALS =    26581.1345  EEL     =  -215867.9201  HBOND      =        0.0000
 1-4 VDW =      885.9814  1-4 EEL =    12311.2782  RESTRAINT  =        0.0000


   NSTEP       ENERGY          RMS            GMAX         NAME    NUMBER
    405      -1.6059E+05     3.9954E-01     5.6916E+01     CG       4073

 BOND    =    11760.8828  ANGLE   =      617.6772  DIHED      =     3121.8934
 VDWAALS =    26581.2854  EEL     =  -215867.6878  HBOND      =        0.0000
 1-4 VDW =      886.0034  1-4 EEL =    12311.3675  RESTRAINT  =        0.0000


   NSTEP       ENERGY          RMS            GMAX         NAME    NUMBER
    410      -1.6060E+05     3.2821E-01     1.8326E+01     CG       4073

 BOND    =    11757.0144  ANGLE   =      610.4732  DIHED      =     3121.4815
 VDWAALS =    26586.0287  EEL     =  -215876.6635  HBOND      =        0.0000
 1-4 VDW =      885.6035  1-4 EEL =    12311.8865  RESTRAINT  =        0.0000


   NSTEP       ENERGY          RMS            GMAX         NAME    NUMBER
    415      -1.6063E+05     3.2991E-01     1.5468E+01     CD        989

 BOND    =    11764.9688  ANGLE   =      616.0477  DIHED      =     3121.3118
 VDWAALS =    26597.7030  EEL     =  -215926.1254  HBOND      =        0.0000
 1-4 VDW =      885.4848  1-4 EEL =    12309.1979  RESTRAINT  =        0.0000


   NSTEP       ENERGY          RMS            GMAX         NAME    NUMBER
    420      -1.6068E+05     6.9737E-01     8.3234E+01     CD        989

 BOND    =    11788.1755  ANGLE   =      631.9511  DIHED      =     3123.5583
 VDWAALS =    26659.8619  EEL     =  -216077.8684  HBOND      =        0.0000
 1-4 VDW =      886.6642  1-4 EEL =    12305.4719  RESTRAINT  =        0.0000


   NSTEP       ENERGY          RMS            GMAX         NAME    NUMBER
    425      -1.6080E+05     5.3132E-01     2.8184E+01     HE2       117

 BOND    =    11814.4887  ANGLE   =      633.2582  DIHED      =     3127.1066
 VDWAALS =    26811.8917  EEL     =  -216379.5208  HBOND      =        0.0000
 1-4 VDW =      886.0548  1-4 EEL =    12310.6005  RESTRAINT  =        0.0000


   NSTEP       ENERGY          RMS            GMAX         NAME    NUMBER
    430      -1.6080E+05     5.0692E-01     2.7090E+01     HE2       117

 BOND    =    11813.8078  ANGLE   =      632.8372  DIHED      =     3126.9704
 VDWAALS =    26811.6405  EEL     =  -216380.1158  HBOND      =        0.0000
 1-4 VDW =      886.0227  1-4 EEL =    12310.5463  RESTRAINT  =        0.0000


   NSTEP       ENERGY          RMS            GMAX         NAME    NUMBER
    435      -1.6086E+05     5.3240E-01     5.4402E+01     CD        989

 BOND    =    11814.9822  ANGLE   =      625.6325  DIHED      =     3122.2689
 VDWAALS =    26803.2201  EEL     =  -216420.5943  HBOND      =        0.0000
 1-4 VDW =      884.8080  1-4 EEL =    12306.7746  RESTRAINT  =        0.0000


   NSTEP       ENERGY          RMS            GMAX         NAME    NUMBER
    440      -1.6090E+05     3.8660E-01     2.5292E+01     CD        989

 BOND    =    11813.6142  ANGLE   =      616.6411  DIHED      =     3120.8229
 VDWAALS =    26814.5357  EEL     =  -216454.2201  HBOND      =        0.0000
 1-4 VDW =      884.6364  1-4 EEL =    12307.3749  RESTRAINT  =        0.0000


   NSTEP       ENERGY          RMS            GMAX         NAME    NUMBER
    445      -1.6092E+05     2.9156E-01     1.9401E+01     CG       4073

 BOND    =    11812.3457  ANGLE   =      614.1177  DIHED      =     3120.6945
 VDWAALS =    26829.7045  EEL     =  -216491.1522  HBOND      =        0.0000
 1-4 VDW =      885.2658  1-4 EEL =    12308.1141  RESTRAINT  =        0.0000


   NSTEP       ENERGY          RMS            GMAX         NAME    NUMBER
    450      -1.6093E+05     4.6637E-01     5.3764E+01     CG       4073

 BOND    =    11821.0309  ANGLE   =      620.0086  DIHED      =     3121.0254
 VDWAALS =    26838.9546  EEL     =  -216527.7454  HBOND      =        0.0000
 1-4 VDW =      885.6252  1-4 EEL =    12306.4014  RESTRAINT  =        0.0000


   NSTEP       ENERGY          RMS            GMAX         NAME    NUMBER
    455      -1.6094E+05     3.7195E-01     3.5749E+01     CG       4073

 BOND    =    11819.8568  ANGLE   =      619.4320  DIHED      =     3120.9859
 VDWAALS =    26839.1050  EEL     =  -216528.5261  HBOND      =        0.0000
 1-4 VDW =      885.6039  1-4 EEL =    12306.4851  RESTRAINT  =        0.0000


   NSTEP       ENERGY          RMS            GMAX         NAME    NUMBER
    460      -1.6095E+05     2.8651E-01     2.3893E+01     CD        734

 BOND    =    11814.1257  ANGLE   =      612.2977  DIHED      =     3120.6085
 VDWAALS =    26843.2522  EEL     =  -216533.8353  HBOND      =        0.0000
 1-4 VDW =      884.9803  1-4 EEL =    12307.3827  RESTRAINT  =        0.0000


   NSTEP       ENERGY          RMS            GMAX         NAME    NUMBER
    465      -1.6098E+05     3.6182E-01     3.5824E+01     CG       4073

 BOND    =    11828.6034  ANGLE   =      618.0654  DIHED      =     3120.7838
 VDWAALS =    26854.0614  EEL     =  -216587.9823  HBOND      =        0.0000
 1-4 VDW =      884.1963  1-4 EEL =    12306.2461  RESTRAINT  =        0.0000


   NSTEP       ENERGY          RMS            GMAX         NAME    NUMBER
    470      -1.6101E+05     4.7827E-01     4.2031E+01     CG       4073

 BOND    =    11830.7368  ANGLE   =      627.5779  DIHED      =     3123.0083
 VDWAALS =    26892.5970  EEL     =  -216672.9892  HBOND      =        0.0000
 1-4 VDW =      884.7482  1-4 EEL =    12304.3811  RESTRAINT  =        0.0000


   NSTEP       ENERGY          RMS            GMAX         NAME    NUMBER
    475      -1.6107E+05     5.0550E-01     2.6942E+01     CG        731

 BOND    =    11853.3062  ANGLE   =      630.1442  DIHED      =     3125.7242
 VDWAALS =    26973.1491  EEL     =  -216846.2563  HBOND      =        0.0000
 1-4 VDW =      884.2525  1-4 EEL =    12307.9165  RESTRAINT  =        0.0000


   NSTEP       ENERGY          RMS            GMAX         NAME    NUMBER
    480      -1.6107E+05     4.7312E-01     2.3670E+01     CG        731

 BOND    =    11852.7183  ANGLE   =      629.8167  DIHED      =     3125.6152
 VDWAALS =    26973.0478  EEL     =  -216847.0915  HBOND      =        0.0000
 1-4 VDW =      884.2190  1-4 EEL =    12307.8489  RESTRAINT  =        0.0000


   NSTEP       ENERGY          RMS            GMAX         NAME    NUMBER
    485      -1.6112E+05     6.2091E-01     8.1671E+01     CG       4073

 BOND    =    11858.6304  ANGLE   =      626.4556  DIHED      =     3121.9360
 VDWAALS =    26972.9018  EEL     =  -216885.6438  HBOND      =        0.0000
 1-4 VDW =      883.4316  1-4 EEL =    12303.7710  RESTRAINT  =        0.0000


   NSTEP       ENERGY          RMS            GMAX         NAME    NUMBER
    490      -1.6115E+05     3.4708E-01     1.7516E+01     CG       4073

 BOND    =    11851.8361  ANGLE   =      617.8136  DIHED      =     3120.5476
 VDWAALS =    26985.1701  EEL     =  -216909.5258  HBOND      =        0.0000
 1-4 VDW =      883.1085  1-4 EEL =    12303.8510  RESTRAINT  =        0.0000


   NSTEP       ENERGY          RMS            GMAX         NAME    NUMBER
    495      -1.6117E+05     2.3075E-01     1.4063E+01     CD        113

 BOND    =    11854.1528  ANGLE   =      614.4485  DIHED      =     3120.3377
 VDWAALS =    27002.3522  EEL     =  -216946.8627  HBOND      =        0.0000
 1-4 VDW =      883.9017  1-4 EEL =    12304.7763  RESTRAINT  =        0.0000


   NSTEP       ENERGY          RMS            GMAX         NAME    NUMBER
    500      -1.6118E+05     3.5416E-01     3.4061E+01     CD        989

 BOND    =    11857.3019  ANGLE   =      620.6109  DIHED      =     3120.6524
 VDWAALS =    27013.0092  EEL     =  -216977.3879  HBOND      =        0.0000
 1-4 VDW =      884.5696  1-4 EEL =    12303.8440  RESTRAINT  =        0.0000


  Maximum number of minimization cycles reached.


                    FINAL RESULTS



   NSTEP       ENERGY          RMS            GMAX         NAME    NUMBER
    500      -1.6118E+05     3.5416E-01     3.4061E+01     CD        989

 BOND    =    11857.3019  ANGLE   =      620.6109  DIHED      =     3120.6524
 VDWAALS =    27013.0092  EEL     =  -216977.3879  HBOND      =        0.0000
 1-4 VDW =      884.5696  1-4 EEL =    12303.8440  RESTRAINT  =        0.0000
--------------------------------------------------------------------------------
   5.  TIMINGS
--------------------------------------------------------------------------------

|  NonSetup CPU Time in Major Routines:
|
|     Routine           Sec        %
|     ------------------------------
|     Nonbond          79.87   96.65
|     Bond              0.26    0.31
|     Angle             0.35    0.42
|     Dihedral          1.74    2.10
|     Shake             0.00    0.00
|     Other             0.43    0.52
|     ------------------------------
|     Total            82.64

|  PME Nonbond Pairlist CPU Time:
|
|     Routine              Sec        %
|     ---------------------------------
|     Set Up Cit           0.01    0.01
|     Build List           1.31    1.59
|     ---------------------------------
|     Total                1.32    1.60

|  PME Direct Force CPU Time:
|
|     Routine              Sec        %
|     ---------------------------------
|     NonBonded Calc      50.54   61.16
|     Exclude Masked       0.94    1.14
|     Other                0.36    0.44
|     ---------------------------------
|     Total               51.84   62.73

|  PME Reciprocal Force CPU Time:
|
|     Routine              Sec        %
|     ---------------------------------
|     1D bspline           0.81    0.98
|     Grid Charges         1.80    2.18
|     Scalar Sum           8.70   10.53
|     Gradient Sum         2.98    3.61
|     FFT                 12.36   14.96
|     ---------------------------------
|     Total               26.66   32.26

|  Setup CPU time:            0.13 seconds
|  NonSetup CPU time:        82.64 seconds
|  Total CPU time:           82.77 seconds     0.02 hours

|  Setup wall time:           0    seconds
|  NonSetup wall time:       83    seconds
|  Total wall time:          83    seconds     0.02 hours
