
          -------------------------------------------------------
          Amber 16 PMEMD                              2016
          -------------------------------------------------------

| PMEMD implementation of SANDER, Release 16

| Run on 10/21/2016 at 19:20:53

|   Executable path: pmemd
| Working directory: /home/german/exs/run/1hvr_apo/mhe/m
|          Hostname: Unknown
  [-O]verwriting output

File Assignments:
|   MDIN: min.in                                                                
|  MDOUT: min.out                                                               
| INPCRD: 1hvr_apo.rst7                                                         
|   PARM: 1hvr_apo.prmtop                                                       
| RESTRT: m1hvr_apo.rst7                                                        
|   REFC: 1hvr_apo.rst7                                                         
|  MDVEL: mdvel                                                                 
|   MDEN: mden                                                                  
|  MDCRD: m1hvr_apo.crd                                                         
| MDINFO: mdinfo                                                                
|  MDFRC: mdfrc                                                                 


 Here is the input file:

Minimization with Cartesian restraints                                         
&cntrl                                                                         
imin=1,                                                                        
ntmin=1,                                ! Steepest Descent, then Conjugate Grad
ncyc=100,                               ! 100 steps of Steepest Descent        
maxcyc=1000,                            ! 900 steps of Conjugate Gradient      
ntpr=5,                                                                        
ntr=1,                                  ! Use restraints                       
restraint_wt=100.0,                     ! 100 Kcal/mol                         
restraintmask=':1-199',                 ! Apply restraints on whole molecule an
&end                                                                           


Note: ig = -1. Setting random seed to   384627 based on wallclock time in 
      microseconds.
 
 
| Conditional Compilation Defines Used:
| PUBFFT
| BINTRAJ
| EMIL

| Largest sphere to fit in unit cell has radius =    31.093

| New format PARM file being parsed.
| Version =    1.000 Date = 10/21/16 Time = 15:49:40

| Note: 1-4 EEL scale factors are being read from the topology file.

| Note: 1-4 VDW scale factors are being read from the topology file.
| Duplicated    0 dihedrals

| Duplicated    0 dihedrals

--------------------------------------------------------------------------------
   1.  RESOURCE   USE: 
--------------------------------------------------------------------------------

 getting new box info from bottom of inpcrd
 NATOM  =   29829 NTYPES =      17 NBONH =   28311 MBONA  =    1540
 NTHETH =    3672 MTHETA =    2088 NPHIH =    7226 MPHIA  =    6711
 NHPARM =       0 NPARM  =       0 NNB   =   52960 NRES   =    9103
 NBONA  =    1540 NTHETA =    2088 NPHIA =    6711 NUMBND =      73
 NUMANG =     173 NPTRA  =     191 NATYP =      35 NPHB   =       1
 IFBOX  =       2 NMXRS  =      24 IFCAP =       0 NEXTRA =       0
 NCOPY  =       0

| Coordinate Index Table dimensions:    15   15   15
| Direct force subcell size =     5.0774    5.0774    5.0774

     BOX TYPE: TRUNCATED OCTAHEDRON

--------------------------------------------------------------------------------
   2.  CONTROL  DATA  FOR  THE  RUN
--------------------------------------------------------------------------------

default_name                                                                    

General flags:
     imin    =       1, nmropt  =       0

Nature and format of input:
     ntx     =       1, irest   =       0, ntrx    =       1

Nature and format of output:
     ntxo    =       2, ntpr    =       5, ntrx    =       1, ntwr    =       1
     iwrap   =       0, ntwx    =       0, ntwv    =       0, ntwe    =       0
     ioutfm  =       1, ntwprt  =       0, idecomp =       0, rbornstat=      0

Potential function:
     ntf     =       1, ntb     =       1, igb     =       0, nsnb    =      25
     ipol    =       0, gbsa    =       0, iesp    =       0
     dielc   =   1.00000, cut     =   8.00000, intdiel =   1.00000

Frozen or restrained atoms:
     ibelly  =       0, ntr     =       1
     restraint_wt = 100.00000

Energy minimization:
     maxcyc  =    1000, ncyc    =     100, ntmin   =       1
     dx0     =   0.01000, drms    =   0.00010

| Intermolecular bonds treatment:
|     no_intermolecular_bonds =       1

| Energy averages sample interval:
|     ene_avg_sampling =       1

Ewald parameters:
     verbose =       0, ew_type =       0, nbflag  =       1, use_pme =       1
     vdwmeth =       1, eedmeth =       1, netfrc  =       0
     Box X =   76.161   Box Y =   76.161   Box Z =   76.161
     Alpha =  109.471   Beta  =  109.471   Gamma =  109.471
     NFFT1 =   80       NFFT2 =   80       NFFT3 =   80
     Cutoff=    8.000   Tol   =0.100E-04
     Ewald Coefficient =  0.34864
     Interpolation order =    4

    LOADING THE CONSTRAINED ATOMS AS GROUPS


   5.  REFERENCE ATOM COORDINATES

  default_name                                                                    
     Mask :1-199; matches  3123 atoms

--------------------------------------------------------------------------------
   3.  ATOMIC COORDINATES AND VELOCITIES
--------------------------------------------------------------------------------

default_name                                                                    
 begin time read from input coords =     0.000 ps

 
 Number of triangulated 3-point waters found:     8901

     Sum of charges from parm topology file =  -0.00000211
     Forcing neutrality...

| Dynamic Memory, Types Used:
| Reals              901027
| Integers           967798

| Nonbonded Pairs Initial Allocation:     4982188

--------------------------------------------------------------------------------
   4.  RESULTS
--------------------------------------------------------------------------------

 ---------------------------------------------------
 APPROXIMATING switch and d/dx switch using CUBIC SPLINE INTERPOLATION
 using   5000.0 points per unit in tabled values
 TESTING RELATIVE ERROR over r ranging from 0.0 to cutoff
| CHECK switch(x): max rel err =   0.2738E-14   at   2.422500
| CHECK d/dx switch(x): max rel err =   0.8332E-11   at   2.782960
 ---------------------------------------------------
|---------------------------------------------------
| APPROXIMATING direct energy using CUBIC SPLINE INTERPOLATION
|  with   50.0 points per unit in tabled values
| Relative Error Limit not exceeded for r .gt.   2.47
| APPROXIMATING direct force using CUBIC SPLINE INTERPOLATION
|  with   50.0 points per unit in tabled values
| Relative Error Limit not exceeded for r .gt.   2.89
|---------------------------------------------------


   NSTEP       ENERGY          RMS            GMAX         NAME    NUMBER
      1       7.6921E+06     3.2478E+05     4.4866E+07     O       12724

 BOND    =      233.0196  ANGLE   =      683.2854  DIHED      =     2326.8641
 VDWAALS =  7779269.0505  EEL     =  -100491.3903  HBOND      =        0.0000
 1-4 VDW =     1048.1040  1-4 EEL =     9028.2224  RESTRAINT  =        0.0000


   NSTEP       ENERGY          RMS            GMAX         NAME    NUMBER
      5       5.5146E+06     2.2469E+05     2.9746E+07     O       12724

 BOND    =      233.1549  ANGLE   =      683.2853  DIHED      =     2326.8641
 VDWAALS =  5601815.6916  EEL     =  -100501.6551  HBOND      =        0.0000
 1-4 VDW =     1048.1039  1-4 EEL =     9028.2224  RESTRAINT  =        0.0122
 EAMBER  =  5514633.6671


   NSTEP       ENERGY          RMS            GMAX         NAME    NUMBER
     10       2.2311E+06     8.4576E+04     1.0400E+07     O       12724

 BOND    =      235.0410  ANGLE   =      683.2848  DIHED      =     2326.8640
 VDWAALS =  2318320.6783  EEL     =  -100526.5013  HBOND      =        0.0000
 1-4 VDW =     1048.1038  1-4 EEL =     9028.2224  RESTRAINT  =        0.2134
 EAMBER  =  2231115.6930


   NSTEP       ENERGY          RMS            GMAX         NAME    NUMBER
     15       2.7762E+05     1.0061E+04     1.1887E+06     O       12724

 BOND    =      249.8203  ANGLE   =      683.2796  DIHED      =     2326.8638
 VDWAALS =   364851.5115  EEL     =  -100565.8324  HBOND      =        0.0000
 1-4 VDW =     1048.1021  1-4 EEL =     9028.2218  RESTRAINT  =        1.9748
 EAMBER  =   277621.9666


   NSTEP       ENERGY          RMS            GMAX         NAME    NUMBER
     20      -5.4368E+04     3.3923E+02     2.6678E+04     O       12724

 BOND    =      352.6228  ANGLE   =      682.9930  DIHED      =     2326.8477
 VDWAALS =    32810.4323  EEL     =  -100629.2337  HBOND      =        0.0000
 1-4 VDW =     1048.0107  1-4 EEL =     9028.1893  RESTRAINT  =       12.6136
 EAMBER  =   -54380.1378


   NSTEP       ENERGY          RMS            GMAX         NAME    NUMBER
     25      -7.8689E+04     1.2841E+01     4.0758E+02     H1      12725

 BOND    =      786.3231  ANGLE   =      658.9891  DIHED      =     2325.5023
 VDWAALS =     9347.2329  EEL     =  -101918.7244  HBOND      =        0.0000
 1-4 VDW =     1039.8593  1-4 EEL =     9025.0567  RESTRAINT  =       47.0215
 EAMBER  =   -78735.7611


   NSTEP       ENERGY          RMS            GMAX         NAME    NUMBER
     30      -8.4973E+04     4.0172E+00     8.2245E+01     Cl-      3124

 BOND    =     3303.6387  ANGLE   =      555.8082  DIHED      =     2323.6757
 VDWAALS =     7714.0502  EEL     =  -108998.1352  HBOND      =        0.0000
 1-4 VDW =      990.6760  1-4 EEL =     8987.6618  RESTRAINT  =      149.5571
 EAMBER  =   -85122.6245


   NSTEP       ENERGY          RMS            GMAX         NAME    NUMBER
     35      -8.6613E+04     1.7775E+01     1.9028E+03     O       21046

 BOND    =    10600.6330  ANGLE   =      527.1928  DIHED      =     2328.5170
 VDWAALS =     7638.7582  EEL     =  -117855.5350  HBOND      =        0.0000
 1-4 VDW =      918.5446  1-4 EEL =     8933.5641  RESTRAINT  =      295.6661
 EAMBER  =   -86908.3254


   NSTEP       ENERGY          RMS            GMAX         NAME    NUMBER
     40      -9.1177E+04     2.9019E+00     9.0224E+01     H1      12725

 BOND    =     4592.2572  ANGLE   =      482.7729  DIHED      =     2326.7825
 VDWAALS =     7408.2924  EEL     =  -116135.3752  HBOND      =        0.0000
 1-4 VDW =      934.7525  1-4 EEL =     8929.4140  RESTRAINT  =      283.9697
 EAMBER  =   -91461.1036


   NSTEP       ENERGY          RMS            GMAX         NAME    NUMBER
     45      -9.2122E+04     5.3201E+00     2.1782E+02     H2      12726

 BOND    =     4350.6987  ANGLE   =      481.6509  DIHED      =     2326.3957
 VDWAALS =     7487.3952  EEL     =  -116908.4839  HBOND      =        0.0000
 1-4 VDW =      934.5267  1-4 EEL =     8927.9363  RESTRAINT  =      277.3868
 EAMBER  =   -92399.8804


   NSTEP       ENERGY          RMS            GMAX         NAME    NUMBER
     50      -9.3045E+04     5.4619E+00     2.1276E+02     H2      12726

 BOND    =     4395.4051  ANGLE   =      480.7687  DIHED      =     2326.2557
 VDWAALS =     7561.6978  EEL     =  -117941.9502  HBOND      =        0.0000
 1-4 VDW =      933.3226  1-4 EEL =     8927.8784  RESTRAINT  =      271.7455
 EAMBER  =   -93316.6220


   NSTEP       ENERGY          RMS            GMAX         NAME    NUMBER
     55      -9.4121E+04     1.7149E+00     3.1858E+01     H2      12726

 BOND    =     5444.4809  ANGLE   =      480.5990  DIHED      =     2326.1877
 VDWAALS =     7615.8311  EEL     =  -120115.9675  HBOND      =        0.0000
 1-4 VDW =      932.0536  1-4 EEL =     8927.9228  RESTRAINT  =      267.4888
 EAMBER  =   -94388.8923


   NSTEP       ENERGY          RMS            GMAX         NAME    NUMBER
     60      -9.4715E+04     1.4060E+00     1.9841E+01     H2      21048

 BOND    =     5377.7431  ANGLE   =      480.4024  DIHED      =     2326.0961
 VDWAALS =     7681.6841  EEL     =  -120704.4000  HBOND      =        0.0000
 1-4 VDW =      932.0318  1-4 EEL =     8927.8497  RESTRAINT  =      263.3870
 EAMBER  =   -94978.5928


   NSTEP       ENERGY          RMS            GMAX         NAME    NUMBER
     65      -9.5314E+04     1.3236E+00     1.8492E+01     H2      21048

 BOND    =     5437.6348  ANGLE   =      480.3727  DIHED      =     2326.0155
 VDWAALS =     7760.7245  EEL     =  -121438.0314  HBOND      =        0.0000
 1-4 VDW =      931.9990  1-4 EEL =     8927.8633  RESTRAINT  =      259.4601
 EAMBER  =   -95573.4215


   NSTEP       ENERGY          RMS            GMAX         NAME    NUMBER
     70      -9.5841E+04     2.6529E+00     6.8279E+01     H2      12726

 BOND    =     6021.3523  ANGLE   =      480.6945  DIHED      =     2325.9413
 VDWAALS =     7851.9701  EEL     =  -122637.2359  HBOND      =        0.0000
 1-4 VDW =      931.9244  1-4 EEL =     8927.8681  RESTRAINT  =      256.0177
 EAMBER  =   -96097.4853


   NSTEP       ENERGY          RMS            GMAX         NAME    NUMBER
     75      -9.6328E+04     1.6440E+00     3.0885E+01     H2      12726

 BOND    =     5741.9092  ANGLE   =      480.4435  DIHED      =     2325.8847
 VDWAALS =     7931.8570  EEL     =  -122921.4526  HBOND      =        0.0000
 1-4 VDW =      931.9493  1-4 EEL =     8927.8915  RESTRAINT  =      253.5997
 EAMBER  =   -96581.5174


   NSTEP       ENERGY          RMS            GMAX         NAME    NUMBER
     80      -9.6676E+04     2.9537E+00     6.7816E+01     H2      12726

 BOND    =     6233.0772  ANGLE   =      480.7138  DIHED      =     2325.8401
 VDWAALS =     8018.1965  EEL     =  -123845.6978  HBOND      =        0.0000
 1-4 VDW =      931.9104  1-4 EEL =     8927.8370  RESTRAINT  =      251.6237
 EAMBER  =   -96928.1228


   NSTEP       ENERGY          RMS            GMAX         NAME    NUMBER
     85      -9.7043E+04     3.1947E+00     6.7507E+01     H2      12726

 BOND    =     6362.1460  ANGLE   =      480.9719  DIHED      =     2325.7774
 VDWAALS =     8106.7494  EEL     =  -124428.7319  HBOND      =        0.0000
 1-4 VDW =      931.9402  1-4 EEL =     8928.0782  RESTRAINT  =      250.0629
 EAMBER  =   -97293.0687


   NSTEP       ENERGY          RMS            GMAX         NAME    NUMBER
     90      -9.7368E+04     3.0781E+00     6.3885E+01     H2      12726

 BOND    =     6366.2629  ANGLE   =      480.6951  DIHED      =     2325.7650
 VDWAALS =     8185.7512  EEL     =  -124835.2221  HBOND      =        0.0000
 1-4 VDW =      931.8844  1-4 EEL =     8927.7722  RESTRAINT  =      248.7214
 EAMBER  =   -97617.0912


   NSTEP       ENERGY          RMS            GMAX         NAME    NUMBER
     95      -9.7685E+04     3.1837E+00     9.5789E+01     CG        413

 BOND    =     6434.5493  ANGLE   =      481.1888  DIHED      =     2325.6874
 VDWAALS =     8274.2866  EEL     =  -125308.5839  HBOND      =        0.0000
 1-4 VDW =      931.9527  1-4 EEL =     8928.2584  RESTRAINT  =      247.8460
 EAMBER  =   -97932.6607


   NSTEP       ENERGY          RMS            GMAX         NAME    NUMBER
    100      -9.8078E+04     1.0237E+00     1.1913E+01     H2      21048

 BOND    =     5525.7836  ANGLE   =      479.8825  DIHED      =     2325.6838
 VDWAALS =     8355.2005  EEL     =  -124870.2083  HBOND      =        0.0000
 1-4 VDW =      931.8803  1-4 EEL =     8927.8298  RESTRAINT  =      246.4091
 EAMBER  =   -98323.9478


   NSTEP       ENERGY          RMS            GMAX         NAME    NUMBER
    105      -9.8257E+04     1.2120E+00     1.3768E+01     H2      12726

 BOND    =     5471.4036  ANGLE   =      479.7757  DIHED      =     2325.6614
 VDWAALS =     8411.8957  EEL     =  -125050.9430  HBOND      =        0.0000
 1-4 VDW =      931.8706  1-4 EEL =     8927.8195  RESTRAINT  =      245.8395
 EAMBER  =   -98502.5165


   NSTEP       ENERGY          RMS            GMAX         NAME    NUMBER
    110      -1.0005E+05     9.2781E+00     3.1132E+02     CG        413

 BOND    =    10000.5803  ANGLE   =      497.8779  DIHED      =     2325.0401
 VDWAALS =    11297.4356  EEL     =  -134281.1590  HBOND      =        0.0000
 1-4 VDW =      932.3047  1-4 EEL =     8929.3106  RESTRAINT  =      248.2044
 EAMBER  =  -100298.6098


   NSTEP       ENERGY          RMS            GMAX         NAME    NUMBER
    115      -1.0143E+05     1.8283E+00     5.1985E+01     H2      24534

 BOND    =     6148.6089  ANGLE   =      478.7394  DIHED      =     2325.1534
 VDWAALS =    10621.1701  EEL     =  -131107.6675  HBOND      =        0.0000
 1-4 VDW =      931.5974  1-4 EEL =     8927.6056  RESTRAINT  =      240.0995
 EAMBER  =  -101674.7927


   NSTEP       ENERGY          RMS            GMAX         NAME    NUMBER
    120      -1.0201E+05     3.7406E+00     2.4193E+02     CG        413

 BOND    =     6321.6913  ANGLE   =      483.3014  DIHED      =     2325.0646
 VDWAALS =    11342.5497  EEL     =  -132580.7887  HBOND      =        0.0000
 1-4 VDW =      931.5999  1-4 EEL =     8926.8253  RESTRAINT  =      241.8335
 EAMBER  =  -102249.7563


   NSTEP       ENERGY          RMS            GMAX         NAME    NUMBER
    125      -1.0278E+05     1.0980E+00     3.4613E+01     H1      16370

 BOND    =     6614.2218  ANGLE   =      479.4065  DIHED      =     2324.8785
 VDWAALS =    12117.1992  EEL     =  -134414.6264  HBOND      =        0.0000
 1-4 VDW =      931.6448  1-4 EEL =     8927.6538  RESTRAINT  =      241.6600
 EAMBER  =  -103019.6217


   NSTEP       ENERGY          RMS            GMAX         NAME    NUMBER
    130      -1.0278E+05     1.0799E+00     3.3500E+01     H1      16370

 BOND    =     6613.7909  ANGLE   =      479.3850  DIHED      =     2324.8776
 VDWAALS =    12117.0040  EEL     =  -134415.8714  HBOND      =        0.0000
 1-4 VDW =      931.6447  1-4 EEL =     8927.6592  RESTRAINT  =      241.6342
 EAMBER  =  -103021.5100


   NSTEP       ENERGY          RMS            GMAX         NAME    NUMBER
    135      -1.0335E+05     2.4152E+00     2.6400E+02     CG        413

 BOND    =     6759.1346  ANGLE   =      483.4299  DIHED      =     2325.0471
 VDWAALS =    11905.4670  EEL     =  -134941.5804  HBOND      =        0.0000
 1-4 VDW =      931.8370  1-4 EEL =     8929.1979  RESTRAINT  =      253.2512
 EAMBER  =  -103607.4670


   NSTEP       ENERGY          RMS            GMAX         NAME    NUMBER
    140      -1.0376E+05     1.3047E+00     1.3270E+02     Cl-      3123

 BOND    =     6630.5801  ANGLE   =      480.1897  DIHED      =     2324.9866
 VDWAALS =    11879.5958  EEL     =  -135203.7161  HBOND      =        0.0000
 1-4 VDW =      931.5136  1-4 EEL =     8928.2065  RESTRAINT  =      269.7633
 EAMBER  =  -104028.6438


   NSTEP       ENERGY          RMS            GMAX         NAME    NUMBER
    145      -1.0423E+05     1.2493E+00     1.0209E+02     Cl-      3123

 BOND    =     6663.1319  ANGLE   =      479.1220  DIHED      =     2325.3678
 VDWAALS =    11869.2994  EEL     =  -135688.9267  HBOND      =        0.0000
 1-4 VDW =      931.5032  1-4 EEL =     8926.8704  RESTRAINT  =      260.9311
 EAMBER  =  -104493.6320


   NSTEP       ENERGY          RMS            GMAX         NAME    NUMBER
    150      -1.0440E+05     1.8446E+00     8.5785E+01     H2      16371

 BOND    =     6732.6564  ANGLE   =      478.6924  DIHED      =     2324.8836
 VDWAALS =    11978.0819  EEL     =  -136027.9422  HBOND      =        0.0000
 1-4 VDW =      931.6277  1-4 EEL =     8927.7141  RESTRAINT  =      254.7799
 EAMBER  =  -104654.2861


   NSTEP       ENERGY          RMS            GMAX         NAME    NUMBER
    155      -1.0441E+05     1.7337E+00     7.9395E+01     H2      16371

 BOND    =     6726.1731  ANGLE   =      478.6759  DIHED      =     2324.8823
 VDWAALS =    11979.0984  EEL     =  -136029.4121  HBOND      =        0.0000
 1-4 VDW =      931.6270  1-4 EEL =     8927.6963  RESTRAINT  =      254.5946
 EAMBER  =  -104661.2592


   NSTEP       ENERGY          RMS            GMAX         NAME    NUMBER
    160      -1.0467E+05     1.2490E+00     3.9844E+01     O       16450

 BOND    =     6619.7973  ANGLE   =      479.7553  DIHED      =     2324.9942
 VDWAALS =    12058.2913  EEL     =  -136258.7804  HBOND      =        0.0000
 1-4 VDW =      931.5127  1-4 EEL =     8928.0812  RESTRAINT  =      241.8468
 EAMBER  =  -104916.3483


   NSTEP       ENERGY          RMS            GMAX         NAME    NUMBER
    165      -1.0498E+05     1.2363E+00     1.8623E+02     Cl-      3123

 BOND    =     6824.6568  ANGLE   =      481.7564  DIHED      =     2324.6255
 VDWAALS =    12307.5818  EEL     =  -137063.5993  HBOND      =        0.0000
 1-4 VDW =      931.5100  1-4 EEL =     8928.0578  RESTRAINT  =      290.2731
 EAMBER  =  -105265.4111


   NSTEP       ENERGY          RMS            GMAX         NAME    NUMBER
    170      -1.0527E+05     1.8057E+00     2.0002E+02     O       21046

 BOND    =     6839.8452  ANGLE   =      482.0178  DIHED      =     2325.0989
 VDWAALS =    12773.3779  EEL     =  -137801.9302  HBOND      =        0.0000
 1-4 VDW =      931.5533  1-4 EEL =     8926.9450  RESTRAINT  =      256.7338
 EAMBER  =  -105523.0920


   NSTEP       ENERGY          RMS            GMAX         NAME    NUMBER
    175      -1.0542E+05     1.5882E+00     1.4236E+02     O       21046

 BOND    =     6928.2022  ANGLE   =      481.1303  DIHED      =     2326.5655
 VDWAALS =    13015.0913  EEL     =  -138278.1889  HBOND      =        0.0000
 1-4 VDW =      931.3750  1-4 EEL =     8927.7857  RESTRAINT  =      251.6398
 EAMBER  =  -105668.0389


   NSTEP       ENERGY          RMS            GMAX         NAME    NUMBER
    180      -1.0542E+05     1.5246E+00     1.3516E+02     O       21046

 BOND    =     6923.1501  ANGLE   =      481.0526  DIHED      =     2326.5062
 VDWAALS =    13014.7868  EEL     =  -138277.3228  HBOND      =        0.0000
 1-4 VDW =      931.3752  1-4 EEL =     8927.7803  RESTRAINT  =      251.4719
 EAMBER  =  -105672.6714


   NSTEP       ENERGY          RMS            GMAX         NAME    NUMBER
    185      -1.0558E+05     1.0403E+00     1.0979E+02     O       21046

 BOND    =     6953.3490  ANGLE   =      479.7207  DIHED      =     2325.4125
 VDWAALS =    13010.5656  EEL     =  -138447.6805  HBOND      =        0.0000
 1-4 VDW =      931.7870  1-4 EEL =     8927.7974  RESTRAINT  =      241.0374
 EAMBER  =  -105819.0484


   NSTEP       ENERGY          RMS            GMAX         NAME    NUMBER
    190      -1.0580E+05     1.2500E+00     1.4873E+02     Cl-      3123

 BOND    =     6974.5527  ANGLE   =      481.4290  DIHED      =     2326.0122
 VDWAALS =    13083.1482  EEL     =  -138805.1333  HBOND      =        0.0000
 1-4 VDW =      931.6181  1-4 EEL =     8927.9295  RESTRAINT  =      281.5706
 EAMBER  =  -106080.4436


   NSTEP       ENERGY          RMS            GMAX         NAME    NUMBER
    195      -1.0602E+05     9.1767E-01     4.1293E+01     H1      21047

 BOND    =     6935.9930  ANGLE   =      484.5149  DIHED      =     2329.2843
 VDWAALS =    13227.6562  EEL     =  -139105.2422  HBOND      =        0.0000
 1-4 VDW =      931.4686  1-4 EEL =     8927.2371  RESTRAINT  =      244.2399
 EAMBER  =  -106269.0881


   NSTEP       ENERGY          RMS            GMAX         NAME    NUMBER
    200      -1.0618E+05     1.3347E+00     1.5178E+02     Cl-      3123

 BOND    =     7055.1025  ANGLE   =      481.9551  DIHED      =     2325.5321
 VDWAALS =    13430.2460  EEL     =  -139626.5519  HBOND      =        0.0000
 1-4 VDW =      931.6474  1-4 EEL =     8927.5038  RESTRAINT  =      298.8603
 EAMBER  =  -106474.5650


   NSTEP       ENERGY          RMS            GMAX         NAME    NUMBER
    205      -1.0618E+05     1.2809E+00     1.5088E+02     Cl-      3123

 BOND    =     7050.6551  ANGLE   =      481.6966  DIHED      =     2325.4966
 VDWAALS =    13430.2411  EEL     =  -139625.1656  HBOND      =        0.0000
 1-4 VDW =      931.6444  1-4 EEL =     8927.5027  RESTRAINT  =      298.0577
 EAMBER  =  -106477.9292


   NSTEP       ENERGY          RMS            GMAX         NAME    NUMBER
    210      -1.0634E+05     1.0097E+00     7.9376E+01     O       21046

 BOND    =     7033.5184  ANGLE   =      480.4503  DIHED      =     2325.1708
 VDWAALS =    13467.0212  EEL     =  -139745.0245  HBOND      =        0.0000
 1-4 VDW =      931.2574  1-4 EEL =     8927.5320  RESTRAINT  =      240.9739
 EAMBER  =  -106580.0745


   NSTEP       ENERGY          RMS            GMAX         NAME    NUMBER
    215      -1.0642E+05     7.9658E-01     9.4312E+01     Cl-      3123

 BOND    =     7062.8402  ANGLE   =      479.9355  DIHED      =     2324.6767
 VDWAALS =    13530.3837  EEL     =  -139936.3668  HBOND      =        0.0000
 1-4 VDW =      931.5162  1-4 EEL =     8928.1417  RESTRAINT  =      258.4846
 EAMBER  =  -106678.8728


   NSTEP       ENERGY          RMS            GMAX         NAME    NUMBER
    220      -1.0671E+05     1.3795E+00     8.7124E+01     CG        413

 BOND    =     7207.4192  ANGLE   =      489.1622  DIHED      =     2333.5712
 VDWAALS =    13998.3842  EEL     =  -140857.5988  HBOND      =        0.0000
 1-4 VDW =      931.6188  1-4 EEL =     8926.4942  RESTRAINT  =      258.7805
 EAMBER  =  -106970.9490


   NSTEP       ENERGY          RMS            GMAX         NAME    NUMBER
    225      -1.0685E+05     1.2541E+00     1.0101E+02     Cl-      3123

 BOND    =     7192.3824  ANGLE   =      482.3331  DIHED      =     2325.4259
 VDWAALS =    14248.5011  EEL     =  -141215.3008  HBOND      =        0.0000
 1-4 VDW =      931.7522  1-4 EEL =     8928.9554  RESTRAINT  =      260.5788
 EAMBER  =  -107105.9508


   NSTEP       ENERGY          RMS            GMAX         NAME    NUMBER
    230      -1.0685E+05     1.2045E+00     1.0050E+02     Cl-      3123

 BOND    =     7189.8047  ANGLE   =      482.0591  DIHED      =     2325.3998
 VDWAALS =    14248.2565  EEL     =  -141214.7148  HBOND      =        0.0000
 1-4 VDW =      931.7268  1-4 EEL =     8928.8783  RESTRAINT  =      260.2227
 EAMBER  =  -107108.5895


   NSTEP       ENERGY          RMS            GMAX         NAME    NUMBER
    235      -1.0700E+05     9.7136E-01     3.4221E+01     O       20908

 BOND    =     7228.4381  ANGLE   =      482.7344  DIHED      =     2325.4772
 VDWAALS =    14225.3953  EEL     =  -141364.8090  HBOND      =        0.0000
 1-4 VDW =      931.6501  1-4 EEL =     8927.4668  RESTRAINT  =      242.8190
 EAMBER  =  -107243.6471


   NSTEP       ENERGY          RMS            GMAX         NAME    NUMBER
    240      -1.0711E+05     9.2275E-01     9.9488E+01     Cl-      3123

 BOND    =     7228.5887  ANGLE   =      481.4654  DIHED      =     2324.6996
 VDWAALS =    14249.1663  EEL     =  -141513.9624  HBOND      =        0.0000
 1-4 VDW =      931.8296  1-4 EEL =     8928.3020  RESTRAINT  =      259.4375
 EAMBER  =  -107369.9108


   NSTEP       ENERGY          RMS            GMAX         NAME    NUMBER
    245      -1.0727E+05     1.1403E+00     7.4545E+01     O       21046

 BOND    =     7248.0032  ANGLE   =      481.5473  DIHED      =     2326.8574
 VDWAALS =    14372.0037  EEL     =  -141808.6880  HBOND      =        0.0000
 1-4 VDW =      931.5623  1-4 EEL =     8927.7807  RESTRAINT  =      251.6762
 EAMBER  =  -107520.9335


   NSTEP       ENERGY          RMS            GMAX         NAME    NUMBER
    250      -1.0734E+05     1.0872E+00     8.4461E+01     Cl-      3123

 BOND    =     7276.7650  ANGLE   =      482.2328  DIHED      =     2326.4318
 VDWAALS =    14446.2428  EEL     =  -141994.5343  HBOND      =        0.0000
 1-4 VDW =      931.8416  1-4 EEL =     8927.1059  RESTRAINT  =      259.5559
 EAMBER  =  -107603.9143


   NSTEP       ENERGY          RMS            GMAX         NAME    NUMBER
    255      -1.0735E+05     1.0277E+00     8.3991E+01     Cl-      3123

 BOND    =     7273.3385  ANGLE   =      481.9796  DIHED      =     2326.3483
 VDWAALS =    14446.2718  EEL     =  -141993.4609  HBOND      =        0.0000
 1-4 VDW =      931.8293  1-4 EEL =     8927.1041  RESTRAINT  =      259.1467
 EAMBER  =  -107606.5892


   NSTEP       ENERGY          RMS            GMAX         NAME    NUMBER
    260      -1.0743E+05     7.3931E-01     3.8721E+01     H2      21048

 BOND    =     7242.0806  ANGLE   =      481.0408  DIHED      =     2326.3328
 VDWAALS =    14469.8584  EEL     =  -142053.5075  HBOND      =        0.0000
 1-4 VDW =      931.1217  1-4 EEL =     8927.9514  RESTRAINT  =      240.5289
 EAMBER  =  -107675.1218


   NSTEP       ENERGY          RMS            GMAX         NAME    NUMBER
    265      -1.0751E+05     8.3550E-01     9.6032E+01     Cl-      3123

 BOND    =     7295.6881  ANGLE   =      481.6442  DIHED      =     2324.8444
 VDWAALS =    14545.6703  EEL     =  -142273.1692  HBOND      =        0.0000
 1-4 VDW =      931.7560  1-4 EEL =     8928.3698  RESTRAINT  =      257.7860
 EAMBER  =  -107765.1965


   NSTEP       ENERGY          RMS            GMAX         NAME    NUMBER
    270      -1.0770E+05     1.1196E+00     5.5790E+01     CD       2093

 BOND    =     7357.2418  ANGLE   =      486.4384  DIHED      =     2332.0961
 VDWAALS =    14820.6915  EEL     =  -142806.4784  HBOND      =        0.0000
 1-4 VDW =      931.8720  1-4 EEL =     8925.9725  RESTRAINT  =      250.3360
 EAMBER  =  -107952.1663


   NSTEP       ENERGY          RMS            GMAX         NAME    NUMBER
    275      -1.0784E+05     1.1432E+00     9.5123E+01     Cl-      3123

 BOND    =     7383.3017  ANGLE   =      482.5558  DIHED      =     2325.2874
 VDWAALS =    15115.6109  EEL     =  -143266.2004  HBOND      =        0.0000
 1-4 VDW =      931.6599  1-4 EEL =     8928.2219  RESTRAINT  =      263.2184
 EAMBER  =  -108099.5628


   NSTEP       ENERGY          RMS            GMAX         NAME    NUMBER
    280      -1.0784E+05     1.1018E+00     9.4704E+01     Cl-      3123

 BOND    =     7381.7088  ANGLE   =      482.3471  DIHED      =     2325.2660
 VDWAALS =    15115.3958  EEL     =  -143266.3977  HBOND      =        0.0000
 1-4 VDW =      931.6339  1-4 EEL =     8928.1634  RESTRAINT  =      262.8439
 EAMBER  =  -108101.8827


   NSTEP       ENERGY          RMS            GMAX         NAME    NUMBER
    285      -1.0800E+05     1.0102E+00     5.7001E+01     C        1559

 BOND    =     7410.1872  ANGLE   =      484.1105  DIHED      =     2325.3297
 VDWAALS =    15094.8162  EEL     =  -143421.4735  HBOND      =        0.0000
 1-4 VDW =      931.7310  1-4 EEL =     8927.1541  RESTRAINT  =      246.3314
 EAMBER  =  -108248.1447


   NSTEP       ENERGY          RMS            GMAX         NAME    NUMBER
    290      -1.0807E+05     8.5843E-01     7.9782E+01     Cl-      3123

 BOND    =     7407.5253  ANGLE   =      482.6883  DIHED      =     2325.0068
 VDWAALS =    15109.2925  EEL     =  -143513.3417  HBOND      =        0.0000
 1-4 VDW =      932.2557  1-4 EEL =     8928.6788  RESTRAINT  =      255.4220
 EAMBER  =  -108327.8943


   NSTEP       ENERGY          RMS            GMAX         NAME    NUMBER
    295      -1.0820E+05     6.1845E-01     3.2170E+01     CD       2093

 BOND    =     7414.6300  ANGLE   =      480.5321  DIHED      =     2325.2183
 VDWAALS =    15193.5712  EEL     =  -143713.9129  HBOND      =        0.0000
 1-4 VDW =      931.2439  1-4 EEL =     8927.1304  RESTRAINT  =      243.9807
 EAMBER  =  -108441.5871


   NSTEP       ENERGY          RMS            GMAX         NAME    NUMBER
    300      -1.0826E+05     1.2129E+00     8.3597E+01     CD       2093

 BOND    =     7448.1098  ANGLE   =      484.7485  DIHED      =     2327.0097
 VDWAALS =    15278.7233  EEL     =  -143911.0093  HBOND      =        0.0000
 1-4 VDW =      932.2677  1-4 EEL =     8926.3922  RESTRAINT  =      252.8517
 EAMBER  =  -108513.7580


   NSTEP       ENERGY          RMS            GMAX         NAME    NUMBER
    305      -1.0826E+05     1.1373E+00     7.3883E+01     CD       2093

 BOND    =     7445.8711  ANGLE   =      484.2810  DIHED      =     2326.8803
 VDWAALS =    15278.6968  EEL     =  -143911.6919  HBOND      =        0.0000
 1-4 VDW =      932.2499  1-4 EEL =     8926.4440  RESTRAINT  =      252.4061
 EAMBER  =  -108517.2688


   NSTEP       ENERGY          RMS            GMAX         NAME    NUMBER
    310      -1.0834E+05     5.4808E-01     1.7676E+01     H2      21048

 BOND    =     7428.2108  ANGLE   =      480.3753  DIHED      =     2325.5040
 VDWAALS =    15287.0731  EEL     =  -143956.5030  HBOND      =        0.0000
 1-4 VDW =      931.1158  1-4 EEL =     8928.1429  RESTRAINT  =      240.3626
 EAMBER  =  -108576.0811


   NSTEP       ENERGY          RMS            GMAX         NAME    NUMBER
    315      -1.0841E+05     8.3954E-01     8.4790E+01     Cl-      3123

 BOND    =     7469.8024  ANGLE   =      482.6412  DIHED      =     2325.3061
 VDWAALS =    15358.0121  EEL     =  -144159.8029  HBOND      =        0.0000
 1-4 VDW =      931.7180  1-4 EEL =     8928.5563  RESTRAINT  =      254.8804
 EAMBER  =  -108663.7667


   NSTEP       ENERGY          RMS            GMAX         NAME    NUMBER
    320      -1.0854E+05     8.9956E-01     3.8707E+01     Cl-      3123

 BOND    =     7498.9696  ANGLE   =      483.5652  DIHED      =     2326.2350
 VDWAALS =    15529.0360  EEL     =  -144485.2462  HBOND      =        0.0000
 1-4 VDW =      931.9237  1-4 EEL =     8925.8238  RESTRAINT  =      246.7342
 EAMBER  =  -108789.6928


   NSTEP       ENERGY          RMS            GMAX         NAME    NUMBER
    325      -1.0866E+05     1.0452E+00     6.2654E+01     Cl-      3123

 BOND    =     7533.5654  ANGLE   =      482.1851  DIHED      =     2325.3145
 VDWAALS =    15781.4409  EEL     =  -144891.5951  HBOND      =        0.0000
 1-4 VDW =      931.8126  1-4 EEL =     8928.6043  RESTRAINT  =      251.1665
 EAMBER  =  -108908.6723


   NSTEP       ENERGY          RMS            GMAX         NAME    NUMBER
    330      -1.0866E+05     9.9903E-01     6.2277E+01     Cl-      3123

 BOND    =     7532.6814  ANGLE   =      481.9349  DIHED      =     2325.2819
 VDWAALS =    15781.3138  EEL     =  -144892.5155  HBOND      =        0.0000
 1-4 VDW =      931.7838  1-4 EEL =     8928.5577  RESTRAINT  =      250.8915
 EAMBER  =  -108910.9620


   NSTEP       ENERGY          RMS            GMAX         NAME    NUMBER
    335      -1.0880E+05     9.4838E-01     4.6370E+01     O       16450

 BOND    =     7560.3166  ANGLE   =      484.5036  DIHED      =     2326.0827
 VDWAALS =    15767.7939  EEL     =  -145046.2615  HBOND      =        0.0000
 1-4 VDW =      931.6092  1-4 EEL =     8926.9383  RESTRAINT  =      245.7248
 EAMBER  =  -109049.0173


   NSTEP       ENERGY          RMS            GMAX         NAME    NUMBER
    340      -1.0888E+05     7.4494E-01     6.8599E+01     Cl-      3123

 BOND    =     7565.2825  ANGLE   =      482.6447  DIHED      =     2325.0052
 VDWAALS =    15785.4064  EEL     =  -145150.6740  HBOND      =        0.0000
 1-4 VDW =      932.0789  1-4 EEL =     8927.8337  RESTRAINT  =      251.0020
 EAMBER  =  -109132.4226


   NSTEP       ENERGY          RMS            GMAX         NAME    NUMBER
    345      -1.0896E+05     6.6441E-01     4.8672E+01     CD       2093

 BOND    =     7559.9426  ANGLE   =      479.8994  DIHED      =     2324.9516
 VDWAALS =    15848.8657  EEL     =  -145274.7318  HBOND      =        0.0000
 1-4 VDW =      931.3857  1-4 EEL =     8927.7622  RESTRAINT  =      242.2141
 EAMBER  =  -109201.9245


   NSTEP       ENERGY          RMS            GMAX         NAME    NUMBER
    350      -1.0900E+05     9.4649E-01     5.3412E+01     CD       2093

 BOND    =     7595.0965  ANGLE   =      482.4529  DIHED      =     2325.0017
 VDWAALS =    15911.3731  EEL     =  -145424.1897  HBOND      =        0.0000
 1-4 VDW =      931.7607  1-4 EEL =     8927.4353  RESTRAINT  =      248.8515
 EAMBER  =  -109251.0695


   NSTEP       ENERGY          RMS            GMAX         NAME    NUMBER
    355      -1.0901E+05     8.7775E-01     5.1100E+01     Cl-      3123

 BOND    =     7593.1139  ANGLE   =      482.1183  DIHED      =     2324.9527
 VDWAALS =    15911.3342  EEL     =  -145424.4682  HBOND      =        0.0000
 1-4 VDW =      931.7504  1-4 EEL =     8927.4390  RESTRAINT  =      248.5081
 EAMBER  =  -109253.7597


   NSTEP       ENERGY          RMS            GMAX         NAME    NUMBER
    360      -1.0906E+05     5.7358E-01     2.0793E+01     H2      21048

 BOND    =     7572.6790  ANGLE   =      480.8207  DIHED      =     2325.4319
 VDWAALS =    15917.6198  EEL     =  -145459.9013  HBOND      =        0.0000
 1-4 VDW =      931.2356  1-4 EEL =     8927.7670  RESTRAINT  =      240.0007
 EAMBER  =  -109304.3473


   NSTEP       ENERGY          RMS            GMAX         NAME    NUMBER
    365      -1.0912E+05     7.3440E-01     6.5312E+01     Cl-      3123

 BOND    =     7607.8953  ANGLE   =      482.8272  DIHED      =     2325.2310
 VDWAALS =    15962.4057  EEL     =  -145608.5592  HBOND      =        0.0000
 1-4 VDW =      931.9063  1-4 EEL =     8928.0547  RESTRAINT  =      250.8112
 EAMBER  =  -109370.2391


   NSTEP       ENERGY          RMS            GMAX         NAME    NUMBER
    370      -1.0923E+05     7.7076E-01     3.6786E+01     C        1559

 BOND    =     7630.6605  ANGLE   =      482.4906  DIHED      =     2325.3956
 VDWAALS =    16099.1927  EEL     =  -145867.2935  HBOND      =        0.0000
 1-4 VDW =      931.4806  1-4 EEL =     8926.4132  RESTRAINT  =      242.8305
 EAMBER  =  -109471.6604


   NSTEP       ENERGY          RMS            GMAX         NAME    NUMBER
    375      -1.0930E+05     9.6959E-01     6.3187E+01     C        1559

 BOND    =     7643.9592  ANGLE   =      482.9435  DIHED      =     2325.4700
 VDWAALS =    16246.8532  EEL     =  -146111.0478  HBOND      =        0.0000
 1-4 VDW =      931.7230  1-4 EEL =     8928.7145  RESTRAINT  =      251.1539
 EAMBER  =  -109551.3844


   NSTEP       ENERGY          RMS            GMAX         NAME    NUMBER
    380      -1.0930E+05     9.1699E-01     5.5737E+01     C        1559

 BOND    =     7643.1767  ANGLE   =      482.6480  DIHED      =     2325.4287
 VDWAALS =    16246.8479  EEL     =  -146112.0175  HBOND      =        0.0000
 1-4 VDW =      931.6919  1-4 EEL =     8928.6451  RESTRAINT  =      250.8269
 EAMBER  =  -109553.5791


   NSTEP       ENERGY          RMS            GMAX         NAME    NUMBER
    385      -1.0940E+05     7.9036E-01     3.7517E+01     C        1559

 BOND    =     7676.7763  ANGLE   =      483.3896  DIHED      =     2325.6805
 VDWAALS =    16250.7983  EEL     =  -146242.7371  HBOND      =        0.0000
 1-4 VDW =      931.6344  1-4 EEL =     8926.8862  RESTRAINT  =      244.0533
 EAMBER  =  -109647.5718


   NSTEP       ENERGY          RMS            GMAX         NAME    NUMBER
    390      -1.0946E+05     7.0792E-01     5.1796E+01     Cl-      3123

 BOND    =     7672.0901  ANGLE   =      483.5458  DIHED      =     2325.1596
 VDWAALS =    16273.3995  EEL     =  -146322.2996  HBOND      =        0.0000
 1-4 VDW =      932.0880  1-4 EEL =     8927.8698  RESTRAINT  =      248.6758
 EAMBER  =  -109708.1468


   NSTEP       ENERGY          RMS            GMAX         NAME    NUMBER
    395      -1.0953E+05     6.4646E-01     4.9784E+01     CD       2093

 BOND    =     7683.0755  ANGLE   =      480.1765  DIHED      =     2324.7490
 VDWAALS =    16346.8082  EEL     =  -146467.2963  HBOND      =        0.0000
 1-4 VDW =      931.3533  1-4 EEL =     8927.8839  RESTRAINT  =      241.7810
 EAMBER  =  -109773.2500


   NSTEP       ENERGY          RMS            GMAX         NAME    NUMBER
    400      -1.0957E+05     8.8798E-01     5.6497E+01     CD       2093

 BOND    =     7705.0259  ANGLE   =      482.2336  DIHED      =     2325.0748
 VDWAALS =    16401.0007  EEL     =  -146586.5549  HBOND      =        0.0000
 1-4 VDW =      931.7174  1-4 EEL =     8927.1572  RESTRAINT  =      246.7639
 EAMBER  =  -109814.3453


   NSTEP       ENERGY          RMS            GMAX         NAME    NUMBER
    405      -1.0957E+05     8.1824E-01     4.7739E+01     CD       2093

 BOND    =     7703.1620  ANGLE   =      481.9114  DIHED      =     2325.0191
 VDWAALS =    16400.9670  EEL     =  -146586.8214  HBOND      =        0.0000
 1-4 VDW =      931.7089  1-4 EEL =     8927.1679  RESTRAINT  =      246.4455
 EAMBER  =  -109816.8852


   NSTEP       ENERGY          RMS            GMAX         NAME    NUMBER
    410      -1.0962E+05     5.2474E-01     1.6768E+01     C        1998

 BOND    =     7687.2118  ANGLE   =      481.1169  DIHED      =     2325.3908
 VDWAALS =    16403.8948  EEL     =  -146618.6711  HBOND      =        0.0000
 1-4 VDW =      931.2423  1-4 EEL =     8927.8343  RESTRAINT  =      239.8966
 EAMBER  =  -109861.9802


   NSTEP       ENERGY          RMS            GMAX         NAME    NUMBER
    415      -1.0967E+05     6.9807E-01     4.7363E+01     Cl-      3123

 BOND    =     7718.5857  ANGLE   =      483.5064  DIHED      =     2325.2971
 VDWAALS =    16438.4481  EEL     =  -146746.6443  HBOND      =        0.0000
 1-4 VDW =      931.8688  1-4 EEL =     8928.2463  RESTRAINT  =      248.1605
 EAMBER  =  -109920.6918


   NSTEP       ENERGY          RMS            GMAX         NAME    NUMBER
    420      -1.0976E+05     6.7772E-01     3.6528E+01     C        1559

 BOND    =     7726.6876  ANGLE   =      481.4547  DIHED      =     2324.9008
 VDWAALS =    16539.0523  EEL     =  -146927.8105  HBOND      =        0.0000
 1-4 VDW =      931.4425  1-4 EEL =     8926.3281  RESTRAINT  =      241.8083
 EAMBER  =  -109997.9444


   NSTEP       ENERGY          RMS            GMAX         NAME    NUMBER
    425      -1.0981E+05     9.2703E-01     7.0239E+01     C        1559

 BOND    =     7741.9496  ANGLE   =      483.6800  DIHED      =     2325.6564
 VDWAALS =    16653.2326  EEL     =  -147129.3194  HBOND      =        0.0000
 1-4 VDW =      931.6724  1-4 EEL =     8928.2783  RESTRAINT  =      251.0795
 EAMBER  =  -110064.8501


   NSTEP       ENERGY          RMS            GMAX         NAME    NUMBER
    430      -1.0982E+05     8.7063E-01     6.1396E+01     C        1559

 BOND    =     7741.1640  ANGLE   =      483.3587  DIHED      =     2325.6091
 VDWAALS =    16653.3063  EEL     =  -147130.2482  HBOND      =        0.0000
 1-4 VDW =      931.6413  1-4 EEL =     8928.2081  RESTRAINT  =      250.7285
 EAMBER  =  -110066.9608


   NSTEP       ENERGY          RMS            GMAX         NAME    NUMBER
    435      -1.0990E+05     7.3586E-01     4.1167E+01     C        1559

 BOND    =     7768.8861  ANGLE   =      483.2089  DIHED      =     2325.4640
 VDWAALS =    16664.2218  EEL     =  -147242.8095  HBOND      =        0.0000
 1-4 VDW =      931.6460  1-4 EEL =     8927.1427  RESTRAINT  =      243.3985
 EAMBER  =  -110142.2400


   NSTEP       ENERGY          RMS            GMAX         NAME    NUMBER
    440      -1.0994E+05     6.6746E-01     3.8476E+01     Cl-      3123

 BOND    =     7766.0895  ANGLE   =      484.0153  DIHED      =     2325.1641
 VDWAALS =    16686.6999  EEL     =  -147311.7101  HBOND      =        0.0000
 1-4 VDW =      932.0587  1-4 EEL =     8928.0093  RESTRAINT  =      246.8197
 EAMBER  =  -110189.6733


   NSTEP       ENERGY          RMS            GMAX         NAME    NUMBER
    445      -1.1001E+05     5.8845E-01     4.5564E+01     CD       2093

 BOND    =     7778.2605  ANGLE   =      480.2863  DIHED      =     2324.7468
 VDWAALS =    16760.9766  EEL     =  -147452.2618  HBOND      =        0.0000
 1-4 VDW =      931.3691  1-4 EEL =     8927.5790  RESTRAINT  =      241.4893
 EAMBER  =  -110249.0436


   NSTEP       ENERGY          RMS            GMAX         NAME    NUMBER
    450      -1.1004E+05     8.4309E-01     5.4596E+01     CD       2093

 BOND    =     7795.3305  ANGLE   =      482.1865  DIHED      =     2325.0739
 VDWAALS =    16811.3856  EEL     =  -147557.8725  HBOND      =        0.0000
 1-4 VDW =      931.6105  1-4 EEL =     8927.0123  RESTRAINT  =      246.1102
 EAMBER  =  -110285.2732


   NSTEP       ENERGY          RMS            GMAX         NAME    NUMBER
    455      -1.1004E+05     7.7155E-01     4.5499E+01     CD       2093

 BOND    =     7793.6590  ANGLE   =      481.8750  DIHED      =     2325.0136
 VDWAALS =    16811.3474  EEL     =  -147558.2515  HBOND      =        0.0000
 1-4 VDW =      931.6058  1-4 EEL =     8927.0239  RESTRAINT  =      245.7960
 EAMBER  =  -110287.7267


   NSTEP       ENERGY          RMS            GMAX         NAME    NUMBER
    460      -1.1009E+05     4.9225E-01     1.5766E+01     C        1998

 BOND    =     7784.5678  ANGLE   =      481.2770  DIHED      =     2325.3344
 VDWAALS =    16812.8942  EEL     =  -147590.4121  HBOND      =        0.0000
 1-4 VDW =      931.2861  1-4 EEL =     8927.6754  RESTRAINT  =      239.9095
 EAMBER  =  -110327.3772


   NSTEP       ENERGY          RMS            GMAX         NAME    NUMBER
    465      -1.1013E+05     6.4902E-01     3.4978E+01     Cl-      3123

 BOND    =     7807.9827  ANGLE   =      483.7897  DIHED      =     2325.2525
 VDWAALS =    16839.2818  EEL     =  -147693.1077  HBOND      =        0.0000
 1-4 VDW =      931.8705  1-4 EEL =     8928.1383  RESTRAINT  =      246.5102
 EAMBER  =  -110376.7922


   NSTEP       ENERGY          RMS            GMAX         NAME    NUMBER
    470      -1.1020E+05     6.2189E-01     3.4437E+01     C        1559

 BOND    =     7814.2649  ANGLE   =      481.1339  DIHED      =     2324.6383
 VDWAALS =    16921.8228  EEL     =  -147841.0376  HBOND      =        0.0000
 1-4 VDW =      931.3606  1-4 EEL =     8926.4276  RESTRAINT  =      241.3556
 EAMBER  =  -110441.3895


   NSTEP       ENERGY          RMS            GMAX         NAME    NUMBER
    475      -1.1025E+05     8.7584E-01     7.0194E+01     C        1559

 BOND    =     7828.7554  ANGLE   =      483.8743  DIHED      =     2325.6719
 VDWAALS =    17015.3823  EEL     =  -148010.9312  HBOND      =        0.0000
 1-4 VDW =      931.6208  1-4 EEL =     8927.9170  RESTRAINT  =      249.6122
 EAMBER  =  -110497.7095


   NSTEP       ENERGY          RMS            GMAX         NAME    NUMBER
    480      -1.1025E+05     8.1564E-01     6.0526E+01     C        1559

 BOND    =     7827.9066  ANGLE   =      483.5349  DIHED      =     2325.6201
 VDWAALS =    17015.5278  EEL     =  -148011.7870  HBOND      =        0.0000
 1-4 VDW =      931.5894  1-4 EEL =     8927.8452  RESTRAINT  =      249.2654
 EAMBER  =  -110499.7630


   NSTEP       ENERGY          RMS            GMAX         NAME    NUMBER
    485      -1.1032E+05     6.9417E-01     3.9534E+01     C        1559

 BOND    =     7847.8845  ANGLE   =      483.1882  DIHED      =     2325.3815
 VDWAALS =    17029.2765  EEL     =  -148107.5707  HBOND      =        0.0000
 1-4 VDW =      931.6694  1-4 EEL =     8927.1883  RESTRAINT  =      243.0563
 EAMBER  =  -110562.9822


   NSTEP       ENERGY          RMS            GMAX         NAME    NUMBER
    490      -1.1036E+05     6.1766E-01     3.3066E+01     CZ       1700

 BOND    =     7849.6988  ANGLE   =      484.1229  DIHED      =     2325.0969
 VDWAALS =    17051.3991  EEL     =  -148173.2891  HBOND      =        0.0000
 1-4 VDW =      932.0207  1-4 EEL =     8927.9746  RESTRAINT  =      245.3723
 EAMBER  =  -110602.9761


   NSTEP       ENERGY          RMS            GMAX         NAME    NUMBER
    495      -1.1041E+05     5.4879E-01     4.2276E+01     CD       2093

 BOND    =     7858.6813  ANGLE   =      480.3398  DIHED      =     2324.6939
 VDWAALS =    17119.3560  EEL     =  -148295.6368  HBOND      =        0.0000
 1-4 VDW =      931.3771  1-4 EEL =     8927.4282  RESTRAINT  =      241.3557
 EAMBER  =  -110653.7604


   NSTEP       ENERGY          RMS            GMAX         NAME    NUMBER
    500      -1.1044E+05     7.9946E-01     5.0539E+01     CD       2093

 BOND    =     7873.2003  ANGLE   =      482.1600  DIHED      =     2325.0497
 VDWAALS =    17164.9730  EEL     =  -148390.2088  HBOND      =        0.0000
 1-4 VDW =      931.5511  1-4 EEL =     8926.8116  RESTRAINT  =      245.8515
 EAMBER  =  -110686.4632


   NSTEP       ENERGY          RMS            GMAX         NAME    NUMBER
    505      -1.1044E+05     7.2660E-01     4.1466E+01     CD       2093

 BOND    =     7871.6775  ANGLE   =      481.8558  DIHED      =     2324.9884
 VDWAALS =    17164.9608  EEL     =  -148390.6613  HBOND      =        0.0000
 1-4 VDW =      931.5494  1-4 EEL =     8926.8256  RESTRAINT  =      245.5339
 EAMBER  =  -110688.8038


   NSTEP       ENERGY          RMS            GMAX         NAME    NUMBER
    510      -1.1048E+05     4.6238E-01     1.4521E+01     CD       2093

 BOND    =     7867.1082  ANGLE   =      481.3248  DIHED      =     2325.2349
 VDWAALS =    17165.7030  EEL     =  -148421.6817  HBOND      =        0.0000
 1-4 VDW =      931.3156  1-4 EEL =     8927.5650  RESTRAINT  =      239.9057
 EAMBER  =  -110723.4302


   NSTEP       ENERGY          RMS            GMAX         NAME    NUMBER
    515      -1.1052E+05     6.0497E-01     3.1927E+01     CZ       1700

 BOND    =     7884.1463  ANGLE   =      483.8821  DIHED      =     2325.1580
 VDWAALS =    17184.9246  EEL     =  -148502.7312  HBOND      =        0.0000
 1-4 VDW =      931.8713  1-4 EEL =     8928.1004  RESTRAINT  =      245.3161
 EAMBER  =  -110764.6484


   NSTEP       ENERGY          RMS            GMAX         NAME    NUMBER
    520      -1.1058E+05     5.9539E-01     3.3862E+01     C        1559

 BOND    =     7891.9467  ANGLE   =      480.9486  DIHED      =     2324.5380
 VDWAALS =    17254.8055  EEL     =  -148632.3913  HBOND      =        0.0000
 1-4 VDW =      931.3469  1-4 EEL =     8926.4346  RESTRAINT  =      241.1189
 EAMBER  =  -110822.3711


   NSTEP       ENERGY          RMS            GMAX         NAME    NUMBER
    525      -1.1062E+05     8.4493E-01     6.8567E+01     C        1559

 BOND    =     7903.8915  ANGLE   =      483.9230  DIHED      =     2325.6813
 VDWAALS =    17332.4879  EEL     =  -148777.2540  HBOND      =        0.0000
 1-4 VDW =      931.6068  1-4 EEL =     8927.6432  RESTRAINT  =      248.4048
 EAMBER  =  -110872.0204


   NSTEP       ENERGY          RMS            GMAX         NAME    NUMBER
    530      -1.1063E+05     7.8162E-01     5.8520E+01     C        1559

 BOND    =     7902.9973  ANGLE   =      483.5675  DIHED      =     2325.6261
 VDWAALS =    17332.6615  EEL     =  -148778.0489  HBOND      =        0.0000
 1-4 VDW =      931.5750  1-4 EEL =     8927.5726  RESTRAINT  =      248.0652
 EAMBER  =  -110874.0489


   NSTEP       ENERGY          RMS            GMAX         NAME    NUMBER
    535      -1.1069E+05     6.6277E-01     3.9265E+01     C        1559

 BOND    =     7918.2789  ANGLE   =      483.1287  DIHED      =     2325.3355
 VDWAALS =    17347.0796  EEL     =  -148863.3858  HBOND      =        0.0000
 1-4 VDW =      931.6903  1-4 EEL =     8927.2591  RESTRAINT  =      242.7024
 EAMBER  =  -110930.6136


   NSTEP       ENERGY          RMS            GMAX         NAME    NUMBER
    540      -1.1072E+05     5.8331E-01     3.1159E+01     CZ       1700

 BOND    =     7923.5399  ANGLE   =      484.1864  DIHED      =     2325.0368
 VDWAALS =    17369.0903  EEL     =  -148929.0422  HBOND      =        0.0000
 1-4 VDW =      932.0232  1-4 EEL =     8927.9989  RESTRAINT  =      244.6351
 EAMBER  =  -110967.1666


   NSTEP       ENERGY          RMS            GMAX         NAME    NUMBER
    545      -1.1077E+05     5.2125E-01     4.0285E+01     CD       2093

 BOND    =     7929.2800  ANGLE   =      480.3205  DIHED      =     2324.6637
 VDWAALS =    17430.3106  EEL     =  -149034.7276  HBOND      =        0.0000
 1-4 VDW =      931.4135  1-4 EEL =     8927.3363  RESTRAINT  =      241.0875
 EAMBER  =  -111011.4030


   NSTEP       ENERGY          RMS            GMAX         NAME    NUMBER
    550      -1.1080E+05     7.6533E-01     4.7569E+01     CD       2093

 BOND    =     7943.1058  ANGLE   =      482.0907  DIHED      =     2325.0471
 VDWAALS =    17472.4936  EEL     =  -149122.8206  HBOND      =        0.0000
 1-4 VDW =      931.5271  1-4 EEL =     8926.6767  RESTRAINT  =      245.6439
 EAMBER  =  -111041.8795


   NSTEP       ENERGY          RMS            GMAX         NAME    NUMBER
    555      -1.1080E+05     6.9220E-01     3.8520E+01     CD       2093

 BOND    =     7941.6715  ANGLE   =      481.7954  DIHED      =     2324.9848
 VDWAALS =    17472.4746  EEL     =  -149123.2996  HBOND      =        0.0000
 1-4 VDW =      931.5285  1-4 EEL =     8926.6935  RESTRAINT  =      245.3238
 EAMBER  =  -111044.1512


   NSTEP       ENERGY          RMS            GMAX         NAME    NUMBER
    560      -1.1084E+05     4.4835E-01     1.6012E+01     CD       2093

 BOND    =     7939.0694  ANGLE   =      481.3586  DIHED      =     2325.2137
 VDWAALS =    17472.3429  EEL     =  -149153.0182  HBOND      =        0.0000
 1-4 VDW =      931.3624  1-4 EEL =     8927.5380  RESTRAINT  =      239.8646
 EAMBER  =  -111076.1333


   NSTEP       ENERGY          RMS            GMAX         NAME    NUMBER
    565      -1.1087E+05     5.7436E-01     3.0513E+01     CZ       1700

 BOND    =     7952.9269  ANGLE   =      483.9266  DIHED      =     2325.0925
 VDWAALS =    17486.6113  EEL     =  -149221.1561  HBOND      =        0.0000
 1-4 VDW =      931.9028  1-4 EEL =     8928.1281  RESTRAINT  =      244.5610
 EAMBER  =  -111112.5679


   NSTEP       ENERGY          RMS            GMAX         NAME    NUMBER
    570      -1.1092E+05     5.6896E-01     3.3594E+01     C        1559

 BOND    =     7959.9107  ANGLE   =      480.7146  DIHED      =     2324.4534
 VDWAALS =    17545.9416  EEL     =  -149333.3390  HBOND      =        0.0000
 1-4 VDW =      931.3526  1-4 EEL =     8926.5023  RESTRAINT  =      240.8288
 EAMBER  =  -111164.4638


   NSTEP       ENERGY          RMS            GMAX         NAME    NUMBER
    575      -1.1096E+05     8.2238E-01     6.8987E+01     C        1559

 BOND    =     7970.2885  ANGLE   =      483.8507  DIHED      =     2325.6742
 VDWAALS =    17611.3956  EEL     =  -149458.9760  HBOND      =        0.0000
 1-4 VDW =      931.6304  1-4 EEL =     8927.4476  RESTRAINT  =      247.6319
 EAMBER  =  -111208.6890


   NSTEP       ENERGY          RMS            GMAX         NAME    NUMBER
    580      -1.1096E+05     7.5515E-01     5.8287E+01     C        1559

 BOND    =     7969.3664  ANGLE   =      483.4807  DIHED      =     2325.6170
 VDWAALS =    17611.5912  EEL     =  -149459.7612  HBOND      =        0.0000
 1-4 VDW =      931.5977  1-4 EEL =     8927.3773  RESTRAINT  =      247.2917
 EAMBER  =  -111210.7310


   NSTEP       ENERGY          RMS            GMAX         NAME    NUMBER
    585      -1.1102E+05     6.3529E-01     3.7841E+01     C        1559

 BOND    =     7982.5427  ANGLE   =      482.9586  DIHED      =     2325.2458
 VDWAALS =    17626.8634  EEL     =  -149537.8869  HBOND      =        0.0000
 1-4 VDW =      931.7271  1-4 EEL =     8927.3287  RESTRAINT  =      242.2880
 EAMBER  =  -111261.2206


   NSTEP       ENERGY          RMS            GMAX         NAME    NUMBER
    590      -1.1105E+05     5.5464E-01     2.9548E+01     CZ       1700

 BOND    =     7988.7256  ANGLE   =      484.0924  DIHED      =     2324.9708
 VDWAALS =    17649.0196  EEL     =  -149601.4967  HBOND      =        0.0000
 1-4 VDW =      932.0311  1-4 EEL =     8928.0180  RESTRAINT  =      243.9594
 EAMBER  =  -111294.6393


   NSTEP       ENERGY          RMS            GMAX         NAME    NUMBER
    595      -1.1109E+05     5.1044E-01     3.9805E+01     CD       2093

 BOND    =     7993.9572  ANGLE   =      480.3005  DIHED      =     2324.6604
 VDWAALS =    17708.1572  EEL     =  -149700.3186  HBOND      =        0.0000
 1-4 VDW =      931.4591  1-4 EEL =     8927.2656  RESTRAINT  =      241.0724
 EAMBER  =  -111334.5188


   NSTEP       ENERGY          RMS            GMAX         NAME    NUMBER
    600      -1.1112E+05     7.3279E-01     4.3753E+01     CD       2093

 BOND    =     8006.7135  ANGLE   =      481.9593  DIHED      =     2325.0231
 VDWAALS =    17747.9010  EEL     =  -149782.3938  HBOND      =        0.0000
 1-4 VDW =      931.5287  1-4 EEL =     8926.5296  RESTRAINT  =      245.3364
 EAMBER  =  -111362.7385


   NSTEP       ENERGY          RMS            GMAX         NAME    NUMBER
    605      -1.1112E+05     6.5948E-01     3.4935E+01     CD       2093

 BOND    =     8005.3438  ANGLE   =      481.6694  DIHED      =     2324.9617
 VDWAALS =    17747.8810  EEL     =  -149782.8862  HBOND      =        0.0000
 1-4 VDW =      931.5329  1-4 EEL =     8926.5501  RESTRAINT  =      245.0164
 EAMBER  =  -111364.9473


   NSTEP       ENERGY          RMS            GMAX         NAME    NUMBER
    610      -1.1115E+05     4.3480E-01     1.6112E+01     CD       2093

 BOND    =     8003.7024  ANGLE   =      481.2782  DIHED      =     2325.1768
 VDWAALS =    17747.3137  EEL     =  -149810.7601  HBOND      =        0.0000
 1-4 VDW =      931.4049  1-4 EEL =     8927.5035  RESTRAINT  =      239.8157
 EAMBER  =  -111394.3807


   NSTEP       ENERGY          RMS            GMAX         NAME    NUMBER
    615      -1.1118E+05     5.4437E-01     2.8725E+01     CZ       1700

 BOND    =     8015.3469  ANGLE   =      483.7986  DIHED      =     2325.0100
 VDWAALS =    17758.6873  EEL     =  -149869.6964  HBOND      =        0.0000
 1-4 VDW =      931.9305  1-4 EEL =     8928.1140  RESTRAINT  =      243.8425
 EAMBER  =  -111426.8090


   NSTEP       ENERGY          RMS            GMAX         NAME    NUMBER
    620      -1.1123E+05     5.4183E-01     3.2342E+01     C        1559

 BOND    =     8021.2936  ANGLE   =      480.4988  DIHED      =     2324.4162
 VDWAALS =    17810.2896  EEL     =  -149967.4188  HBOND      =        0.0000
 1-4 VDW =      931.3740  1-4 EEL =     8926.4974  RESTRAINT  =      240.7063
 EAMBER  =  -111473.0491


   NSTEP       ENERGY          RMS            GMAX         NAME    NUMBER
    625      -1.1127E+05     7.8748E-01     6.7981E+01     C        1559

 BOND    =     8030.4378  ANGLE   =      483.5793  DIHED      =     2325.6390
 VDWAALS =    17867.1837  EEL     =  -150077.6254  HBOND      =        0.0000
 1-4 VDW =      931.6448  1-4 EEL =     8927.2373  RESTRAINT  =      246.8571
 EAMBER  =  -111511.9034


   NSTEP       ENERGY          RMS            GMAX         NAME    NUMBER
    630      -1.1127E+05     7.1634E-01     5.6626E+01     C        1559

 BOND    =     8029.5109  ANGLE   =      483.2044  DIHED      =     2325.5793
 VDWAALS =    17867.4098  EEL     =  -150078.3925  HBOND      =        0.0000
 1-4 VDW =      931.6116  1-4 EEL =     8927.1672  RESTRAINT  =      246.5183
 EAMBER  =  -111513.9093


   NSTEP       ENERGY          RMS            GMAX         NAME    NUMBER
    635      -1.1132E+05     6.0465E-01     3.5208E+01     C        1559

 BOND    =     8041.0233  ANGLE   =      482.7928  DIHED      =     2325.1840
 VDWAALS =    17883.7964  EEL     =  -150148.9448  HBOND      =        0.0000
 1-4 VDW =      931.7675  1-4 EEL =     8927.3437  RESTRAINT  =      242.0140
 EAMBER  =  -111557.0370


   NSTEP       ENERGY          RMS            GMAX         NAME    NUMBER
    640      -1.1134E+05     5.2176E-01     2.7252E+01     CZ       1700

 BOND    =     8047.1449  ANGLE   =      483.7994  DIHED      =     2324.8982
 VDWAALS =    17905.5991  EEL     =  -150207.5680  HBOND      =        0.0000
 1-4 VDW =      932.0213  1-4 EEL =     8927.9619  RESTRAINT  =      243.1898
 EAMBER  =  -111586.1431


   NSTEP       ENERGY          RMS            GMAX         NAME    NUMBER
    645      -1.1138E+05     4.7081E-01     3.5693E+01     CD       2093

 BOND    =     8052.0690  ANGLE   =      480.1703  DIHED      =     2324.6173
 VDWAALS =    17961.2741  EEL     =  -150298.8202  HBOND      =        0.0000
 1-4 VDW =      931.5055  1-4 EEL =     8927.1895  RESTRAINT  =      240.7373
 EAMBER  =  -111621.9945


   NSTEP       ENERGY          RMS            GMAX         NAME    NUMBER
    650      -1.1140E+05     6.8940E-01     4.0504E+01     CD       2093

 BOND    =     8063.5799  ANGLE   =      481.7205  DIHED      =     2324.9798
 VDWAALS =    18000.5043  EEL     =  -150376.5737  HBOND      =        0.0000
 1-4 VDW =      931.5279  1-4 EEL =     8926.3618  RESTRAINT  =      244.8941
 EAMBER  =  -111647.8996


   NSTEP       ENERGY          RMS            GMAX         NAME    NUMBER
    655      -1.1141E+05     6.1617E-01     3.1729E+01     CD       2093

 BOND    =     8062.2996  ANGLE   =      481.4488  DIHED      =     2324.9186
 VDWAALS =    18000.4973  EEL     =  -150377.0661  HBOND      =        0.0000
 1-4 VDW =      931.5348  1-4 EEL =     8926.3872  RESTRAINT  =      244.5810
 EAMBER  =  -111649.9797


   NSTEP       ENERGY          RMS            GMAX         NAME    NUMBER
    660      -1.1144E+05     4.1237E-01     1.4925E+01     SG       2633

 BOND    =     8061.7747  ANGLE   =      481.1770  DIHED      =     2325.1499
 VDWAALS =    17999.9912  EEL     =  -150402.7388  HBOND      =        0.0000
 1-4 VDW =      931.4421  1-4 EEL =     8927.4453  RESTRAINT  =      239.7821
 EAMBER  =  -111675.7586


   NSTEP       ENERGY          RMS            GMAX         NAME    NUMBER
    665      -1.1146E+05     5.1201E-01     2.7104E+01     CZ       1700

 BOND    =     8071.2323  ANGLE   =      483.4620  DIHED      =     2324.8949
 VDWAALS =    18009.6509  EEL     =  -150452.9038  HBOND      =        0.0000
 1-4 VDW =      931.9303  1-4 EEL =     8928.0146  RESTRAINT  =      243.0921
 EAMBER  =  -111703.7188


   NSTEP       ENERGY          RMS            GMAX         NAME    NUMBER
    670      -1.1150E+05     5.1804E-01     3.1643E+01     C        1559

 BOND    =     8077.2288  ANGLE   =      480.3480  DIHED      =     2324.3519
 VDWAALS =    18056.0421  EEL     =  -150540.5661  HBOND      =        0.0000
 1-4 VDW =      931.3784  1-4 EEL =     8926.4613  RESTRAINT  =      240.5564
 EAMBER  =  -111744.7556


   NSTEP       ENERGY          RMS            GMAX         NAME    NUMBER
    675      -1.1153E+05     7.5908E-01     6.7128E+01     C        1559

 BOND    =     8084.9934  ANGLE   =      483.2430  DIHED      =     2325.5156
 VDWAALS =    18107.0289  EEL     =  -150638.6741  HBOND      =        0.0000
 1-4 VDW =      931.6603  1-4 EEL =     8927.0430  RESTRAINT  =      246.0681
 EAMBER  =  -111779.1899


   NSTEP       ENERGY          RMS            GMAX         NAME    NUMBER
    680      -1.1154E+05     6.8313E-01     5.5092E+01     C        1559

 BOND    =     8084.0352  ANGLE   =      482.8594  DIHED      =     2325.4582
 VDWAALS =    18107.2850  EEL     =  -150639.4236  HBOND      =        0.0000
 1-4 VDW =      931.6257  1-4 EEL =     8926.9730  RESTRAINT  =      245.7337
 EAMBER  =  -111781.1871


   NSTEP       ENERGY          RMS            GMAX         NAME    NUMBER
    685      -1.1158E+05     5.5610E-01     3.3033E+01     C        1559

 BOND    =     8093.3796  ANGLE   =      482.3381  DIHED      =     2324.9585
 VDWAALS =    18123.1931  EEL     =  -150701.2688  HBOND      =        0.0000
 1-4 VDW =      931.7493  1-4 EEL =     8927.2814  RESTRAINT  =      241.4629
 EAMBER  =  -111818.3687


   NSTEP       ENERGY          RMS            GMAX         NAME    NUMBER
    690      -1.1160E+05     4.9096E-01     2.6007E+01     CZ       1700

 BOND    =     8100.0313  ANGLE   =      483.5557  DIHED      =     2324.8152
 VDWAALS =    18145.1829  EEL     =  -150757.8202  HBOND      =        0.0000
 1-4 VDW =      932.0148  1-4 EEL =     8927.8874  RESTRAINT  =      242.8017
 EAMBER  =  -111844.3328


   NSTEP       ENERGY          RMS            GMAX         NAME    NUMBER
    695      -1.1164E+05     4.4541E-01     3.2840E+01     CD       2093

 BOND    =     8104.2380  ANGLE   =      480.1702  DIHED      =     2324.6341
 VDWAALS =    18198.3666  EEL     =  -150841.9265  HBOND      =        0.0000
 1-4 VDW =      931.5215  1-4 EEL =     8927.0792  RESTRAINT  =      240.6951
 EAMBER  =  -111875.9170


   NSTEP       ENERGY          RMS            GMAX         NAME    NUMBER
    700      -1.1165E+05     6.4669E-01     3.7336E+01     CD       2093

 BOND    =     8114.6478  ANGLE   =      481.5546  DIHED      =     2324.9316
 VDWAALS =    18235.2650  EEL     =  -150913.4766  HBOND      =        0.0000
 1-4 VDW =      931.5229  1-4 EEL =     8926.2024  RESTRAINT  =      244.6819
 EAMBER  =  -111899.3523


   NSTEP       ENERGY          RMS            GMAX         NAME    NUMBER
    705      -1.1166E+05     5.7383E-01     2.8600E+01     CD       2093

 BOND    =     8113.4885  ANGLE   =      481.2942  DIHED      =     2324.8706
 VDWAALS =    18235.2466  EEL     =  -150913.9830  HBOND      =        0.0000
 1-4 VDW =      931.5321  1-4 EEL =     8926.2315  RESTRAINT  =      244.3671
 EAMBER  =  -111901.3195


   NSTEP       ENERGY          RMS            GMAX         NAME    NUMBER
    710      -1.1168E+05     3.9904E-01     1.6023E+01     CD       2093

 BOND    =     8113.6614  ANGLE   =      481.1206  DIHED      =     2325.1266
 VDWAALS =    18234.3507  EEL     =  -150937.6533  HBOND      =        0.0000
 1-4 VDW =      931.4619  1-4 EEL =     8927.3800  RESTRAINT  =      239.7804
 EAMBER  =  -111924.5522


   NSTEP       ENERGY          RMS            GMAX         NAME    NUMBER
    715      -1.1171E+05     4.8047E-01     2.5208E+01     CZ       1700

 BOND    =     8121.3908  ANGLE   =      483.2425  DIHED      =     2324.8132
 VDWAALS =    18242.0837  EEL     =  -150980.3680  HBOND      =        0.0000
 1-4 VDW =      931.9359  1-4 EEL =     8927.9314  RESTRAINT  =      242.6741
 EAMBER  =  -111948.9705


   NSTEP       ENERGY          RMS            GMAX         NAME    NUMBER
    720      -1.1174E+05     4.8852E-01     3.0565E+01     C        1559

 BOND    =     8126.7918  ANGLE   =      480.2103  DIHED      =     2324.3059
 VDWAALS =    18282.8737  EEL     =  -151057.1164  HBOND      =        0.0000
 1-4 VDW =      931.3864  1-4 EEL =     8926.4231  RESTRAINT  =      240.4780
 EAMBER  =  -111985.1252


   NSTEP       ENERGY          RMS            GMAX         NAME    NUMBER
    725      -1.1177E+05     7.2995E-01     6.5820E+01     C        1559

 BOND    =     8133.6006  ANGLE   =      482.8933  DIHED      =     2325.4263
 VDWAALS =    18327.5301  EEL     =  -151143.0501  HBOND      =        0.0000
 1-4 VDW =      931.6632  1-4 EEL =     8926.8925  RESTRAINT  =      245.3221
 EAMBER  =  -112015.0442


   NSTEP       ENERGY          RMS            GMAX         NAME    NUMBER
    730      -1.1177E+05     6.4883E-01     5.3023E+01     C        1559

 BOND    =     8132.6187  ANGLE   =      482.5052  DIHED      =     2325.3684
 VDWAALS =    18327.8057  EEL     =  -151143.7971  HBOND      =        0.0000
 1-4 VDW =      931.6268  1-4 EEL =     8926.8217  RESTRAINT  =      244.9921
 EAMBER  =  -112017.0506


   NSTEP       ENERGY          RMS            GMAX         NAME    NUMBER
    735      -1.1181E+05     5.2862E-01     2.8810E+01     C        1559

 BOND    =     8141.1816  ANGLE   =      482.2322  DIHED      =     2324.8914
 VDWAALS =    18343.6870  EEL     =  -151200.4996  HBOND      =        0.0000
 1-4 VDW =      931.7569  1-4 EEL =     8927.2419  RESTRAINT  =      241.3390
 EAMBER  =  -112049.5087


   NSTEP       ENERGY          RMS            GMAX         NAME    NUMBER
    740      -1.1183E+05     4.6240E-01     2.3517E+01     CZ       1700

 BOND    =     8147.2268  ANGLE   =      483.2099  DIHED      =     2324.7471
 VDWAALS =    18364.5849  EEL     =  -151252.0958  HBOND      =        0.0000
 1-4 VDW =      931.9820  1-4 EEL =     8927.7832  RESTRAINT  =      242.2546
 EAMBER  =  -112072.5620


   NSTEP       ENERGY          RMS            GMAX         NAME    NUMBER
    745      -1.1186E+05     4.2551E-01     3.0020E+01     CD       2093

 BOND    =     8151.3030  ANGLE   =      480.1179  DIHED      =     2324.5960
 VDWAALS =    18413.6282  EEL     =  -151328.9386  HBOND      =        0.0000
 1-4 VDW =      931.5293  1-4 EEL =     8926.9963  RESTRAINT  =      240.6518
 EAMBER  =  -112100.7679


   NSTEP       ENERGY          RMS            GMAX         NAME    NUMBER
    750      -1.1188E+05     6.0754E-01     3.3443E+01     CD       2093

 BOND    =     8160.6963  ANGLE   =      481.3874  DIHED      =     2324.8582
 VDWAALS =    18448.2988  EEL     =  -151394.9322  HBOND      =        0.0000
 1-4 VDW =      931.5142  1-4 EEL =     8926.0744  RESTRAINT  =      244.2945
 EAMBER  =  -112122.1028


   NSTEP       ENERGY          RMS            GMAX         NAME    NUMBER
    755      -1.1188E+05     5.3496E-01     2.5020E+01     CD       2093

 BOND    =     8159.6025  ANGLE   =      481.1369  DIHED      =     2324.7999
 VDWAALS =    18448.2814  EEL     =  -151395.4180  HBOND      =        0.0000
 1-4 VDW =      931.5255  1-4 EEL =     8926.1086  RESTRAINT  =      243.9852
 EAMBER  =  -112123.9633


   NSTEP       ENERGY          RMS            GMAX         NAME    NUMBER
    760      -1.1190E+05     3.7194E-01     1.4348E+01     SG       2633

 BOND    =     8159.7219  ANGLE   =      480.9314  DIHED      =     2325.0421
 VDWAALS =    18447.3751  EEL     =  -151416.1513  HBOND      =        0.0000
 1-4 VDW =      931.4630  1-4 EEL =     8927.3091  RESTRAINT  =      239.7563
 EAMBER  =  -112144.3088


   NSTEP       ENERGY          RMS            GMAX         NAME    NUMBER
    765      -1.1192E+05     4.5474E-01     2.3622E+01     CZ       1700

 BOND    =     8166.5541  ANGLE   =      483.0162  DIHED      =     2324.7585
 VDWAALS =    18453.8938  EEL     =  -151453.9591  HBOND      =        0.0000
 1-4 VDW =      931.9240  1-4 EEL =     8927.8565  RESTRAINT  =      242.3182
 EAMBER  =  -112165.9560


   NSTEP       ENERGY          RMS            GMAX         NAME    NUMBER
    770      -1.1196E+05     4.7521E-01     3.0683E+01     C        1559

 BOND    =     8171.7398  ANGLE   =      480.0903  DIHED      =     2324.2832
 VDWAALS =    18490.4296  EEL     =  -151522.7750  HBOND      =        0.0000
 1-4 VDW =      931.3940  1-4 EEL =     8926.3817  RESTRAINT  =      240.4318
 EAMBER  =  -112198.4564


   NSTEP       ENERGY          RMS            GMAX         NAME    NUMBER
    775      -1.1198E+05     7.0657E-01     6.4038E+01     C        1559

 BOND    =     8177.4654  ANGLE   =      482.6281  DIHED      =     2325.3806
 VDWAALS =    18530.7191  EEL     =  -151600.3663  HBOND      =        0.0000
 1-4 VDW =      931.6535  1-4 EEL =     8926.7388  RESTRAINT  =      244.9423
 EAMBER  =  -112225.7808


   NSTEP       ENERGY          RMS            GMAX         NAME    NUMBER
    780      -1.1198E+05     6.2155E-01     5.0800E+01     C        1559

 BOND    =     8176.5108  ANGLE   =      482.2352  DIHED      =     2325.3214
 VDWAALS =    18531.0025  EEL     =  -151601.1243  HBOND      =        0.0000
 1-4 VDW =      931.6164  1-4 EEL =     8926.6690  RESTRAINT  =      244.6131
 EAMBER  =  -112227.7690


   NSTEP       ENERGY          RMS            GMAX         NAME    NUMBER
    785      -1.1202E+05     5.0434E-01     2.9821E+01     C        1559

 BOND    =     8184.4846  ANGLE   =      481.9963  DIHED      =     2324.8006
 VDWAALS =    18546.0832  EEL     =  -151653.1696  HBOND      =        0.0000
 1-4 VDW =      931.7556  1-4 EEL =     8927.1857  RESTRAINT  =      241.1235
 EAMBER  =  -112256.8637


   NSTEP       ENERGY          RMS            GMAX         NAME    NUMBER
    790      -1.1204E+05     4.3859E-01     2.2279E+01     CZ       1700

 BOND    =     8190.3015  ANGLE   =      482.9772  DIHED      =     2324.7064
 VDWAALS =    18566.2489  EEL     =  -151701.8960  HBOND      =        0.0000
 1-4 VDW =      931.9691  1-4 EEL =     8927.7344  RESTRAINT  =      242.0531
 EAMBER  =  -112277.9585


   NSTEP       ENERGY          RMS            GMAX         NAME    NUMBER
    795      -1.1206E+05     4.0188E-01     2.6915E+01     CD       2093

 BOND    =     8193.6802  ANGLE   =      480.0223  DIHED      =     2324.5893
 VDWAALS =    18611.2855  EEL     =  -151771.1991  HBOND      =        0.0000
 1-4 VDW =      931.5330  1-4 EEL =     8926.9105  RESTRAINT  =      240.5738
 EAMBER  =  -112303.1784


   NSTEP       ENERGY          RMS            GMAX         NAME    NUMBER
    800      -1.1208E+05     5.7868E-01     2.9760E+01     CD       2093

 BOND    =     8202.5803  ANGLE   =      481.2276  DIHED      =     2324.8167
 VDWAALS =    18642.8563  EEL     =  -151831.7133  HBOND      =        0.0000
 1-4 VDW =      931.5115  1-4 EEL =     8925.9489  RESTRAINT  =      244.1448
 EAMBER  =  -112322.7720


   NSTEP       ENERGY          RMS            GMAX         NAME    NUMBER
    805      -1.1208E+05     5.0553E-01     2.1714E+01     CD       2093

 BOND    =     8201.5200  ANGLE   =      480.9816  DIHED      =     2324.7589
 VDWAALS =    18642.8435  EEL     =  -151832.1895  HBOND      =        0.0000
 1-4 VDW =      931.5246  1-4 EEL =     8925.9877  RESTRAINT  =      243.8302
 EAMBER  =  -112324.5731


   NSTEP       ENERGY          RMS            GMAX         NAME    NUMBER
    810      -1.1210E+05     3.5857E-01     1.4052E+01     SG       2633

 BOND    =     8201.6537  ANGLE   =      480.7704  DIHED      =     2325.0124
 VDWAALS =    18641.5832  EEL     =  -151850.8910  HBOND      =        0.0000
 1-4 VDW =      931.4642  1-4 EEL =     8927.2582  RESTRAINT  =      239.7438
 EAMBER  =  -112343.1488


   NSTEP       ENERGY          RMS            GMAX         NAME    NUMBER
    815      -1.1212E+05     4.3441E-01     2.2207E+01     CZ       1700

 BOND    =     8207.7123  ANGLE   =      482.7199  DIHED      =     2324.7086
 VDWAALS =    18646.5263  EEL     =  -151884.0137  HBOND      =        0.0000
 1-4 VDW =      931.9134  1-4 EEL =     8927.7831  RESTRAINT  =      242.0197
 EAMBER  =  -112362.6500


   NSTEP       ENERGY          RMS            GMAX         NAME    NUMBER
    820      -1.1215E+05     4.5725E-01     2.9616E+01     C        1559

 BOND    =     8212.2509  ANGLE   =      479.9463  DIHED      =     2324.2641
 VDWAALS =    18678.1834  EEL     =  -151944.7655  HBOND      =        0.0000
 1-4 VDW =      931.3984  1-4 EEL =     8926.3243  RESTRAINT  =      240.4331
 EAMBER  =  -112392.3982


   NSTEP       ENERGY          RMS            GMAX         NAME    NUMBER
    825      -1.1217E+05     6.9331E-01     6.3760E+01     C        1559

 BOND    =     8217.2135  ANGLE   =      482.3802  DIHED      =     2325.3447
 VDWAALS =    18713.9864  EEL     =  -152014.6928  HBOND      =        0.0000
 1-4 VDW =      931.6517  1-4 EEL =     8926.6069  RESTRAINT  =      244.6781
 EAMBER  =  -112417.5094


   NSTEP       ENERGY          RMS            GMAX         NAME    NUMBER
    830      -1.1218E+05     6.0395E-01     4.9932E+01     C        1559

 BOND    =     8216.2419  ANGLE   =      481.9823  DIHED      =     2325.2844
 VDWAALS =    18714.2789  EEL     =  -152015.4501  HBOND      =        0.0000
 1-4 VDW =      931.6132  1-4 EEL =     8926.5377  RESTRAINT  =      244.3476
 EAMBER  =  -112419.5118


   NSTEP       ENERGY          RMS            GMAX         NAME    NUMBER
    835      -1.1220E+05     4.8304E-01     2.8008E+01     C        1559

 BOND    =     8223.7392  ANGLE   =      481.7874  DIHED      =     2324.7246
 VDWAALS =    18728.6879  EEL     =  -152063.6477  HBOND      =        0.0000
 1-4 VDW =      931.7486  1-4 EEL =     8927.1312  RESTRAINT  =      240.9807
 EAMBER  =  -112445.8286


   NSTEP       ENERGY          RMS            GMAX         NAME    NUMBER
    840      -1.1222E+05     4.2247E-01     2.0774E+01     CZ       1700

 BOND    =     8229.1528  ANGLE   =      482.7173  DIHED      =     2324.6744
 VDWAALS =    18747.8873  EEL     =  -152109.5372  HBOND      =        0.0000
 1-4 VDW =      931.9459  1-4 EEL =     8927.6735  RESTRAINT  =      241.8495
 EAMBER  =  -112465.4860


   NSTEP       ENERGY          RMS            GMAX         NAME    NUMBER
    845      -1.1225E+05     3.7275E-01     2.1997E+01     CD       2093

 BOND    =     8231.9849  ANGLE   =      479.9412  DIHED      =     2324.5799
 VDWAALS =    18788.5032  EEL     =  -152172.1376  HBOND      =        0.0000
 1-4 VDW =      931.5280  1-4 EEL =     8926.8623  RESTRAINT  =      240.4304
 EAMBER  =  -112488.7382


   NSTEP       ENERGY          RMS            GMAX         NAME    NUMBER
    850      -1.1226E+05     5.5466E-01     2.5465E+01     CD       2093

 BOND    =     8240.4814  ANGLE   =      481.1304  DIHED      =     2324.8034
 VDWAALS =    18819.1509  EEL     =  -152230.5809  HBOND      =        0.0000
 1-4 VDW =      931.5010  1-4 EEL =     8925.8091  RESTRAINT  =      244.1389
 EAMBER  =  -112507.7048


   NSTEP       ENERGY          RMS            GMAX         NAME    NUMBER
    855      -1.1227E+05     4.8247E-01     1.8229E+01     CD       2093

 BOND    =     8239.4801  ANGLE   =      480.8933  DIHED      =     2324.7437
 VDWAALS =    18819.1409  EEL     =  -152231.0589  HBOND      =        0.0000
 1-4 VDW =      931.5153  1-4 EEL =     8925.8529  RESTRAINT  =      243.8191
 EAMBER  =  -112509.4328


   NSTEP       ENERGY          RMS            GMAX         NAME    NUMBER
    860      -1.1229E+05     4.2172E-01     2.0592E+01     O       21334

 BOND    =     8240.7729  ANGLE   =      480.8302  DIHED      =     2325.0841
 VDWAALS =    18817.8678  EEL     =  -152249.6139  HBOND      =        0.0000
 1-4 VDW =      931.4142  1-4 EEL =     8927.2299  RESTRAINT  =      239.7799
 EAMBER  =  -112526.4149


   NSTEP       ENERGY          RMS            GMAX         NAME    NUMBER
    865      -1.1231E+05     3.7789E-01     1.3208E+01     CA       1969

 BOND    =     8244.2079  ANGLE   =      481.0059  DIHED      =     2324.8099
 VDWAALS =    18825.7565  EEL     =  -152285.4437  HBOND      =        0.0000
 1-4 VDW =      931.9780  1-4 EEL =     8927.1822  RESTRAINT  =      240.9872
 EAMBER  =  -112550.5035


   NSTEP       ENERGY          RMS            GMAX         NAME    NUMBER
    870      -1.1233E+05     4.8033E-01     2.5184E+01     C        1559

 BOND    =     8248.9021  ANGLE   =      480.1872  DIHED      =     2324.3029
 VDWAALS =    18845.4592  EEL     =  -152327.2634  HBOND      =        0.0000
 1-4 VDW =      931.2464  1-4 EEL =     8925.9540  RESTRAINT  =      241.7087
 EAMBER  =  -112571.2115


   NSTEP       ENERGY          RMS            GMAX         NAME    NUMBER
    875      -1.1237E+05     6.4530E-01     3.8274E+01     C        1559

 BOND    =     8257.3062  ANGLE   =      481.8627  DIHED      =     2324.9925
 VDWAALS =    18889.0600  EEL     =  -152421.5282  HBOND      =        0.0000
 1-4 VDW =      931.5738  1-4 EEL =     8926.4232  RESTRAINT  =      244.2562
 EAMBER  =  -112610.3098


   NSTEP       ENERGY          RMS            GMAX         NAME    NUMBER
    880      -1.1237E+05     5.7999E-01     3.1996E+01     C        1559

 BOND    =     8256.5046  ANGLE   =      481.5712  DIHED      =     2324.9668
 VDWAALS =    18889.2163  EEL     =  -152421.8155  HBOND      =        0.0000
 1-4 VDW =      931.5509  1-4 EEL =     8926.3902  RESTRAINT  =      244.0327
 EAMBER  =  -112611.6155


   NSTEP       ENERGY          RMS            GMAX         NAME    NUMBER
    885      -1.1239E+05     4.1462E-01     2.0319E+01     SG       2633

 BOND    =     8259.4806  ANGLE   =      481.1880  DIHED      =     2324.3034
 VDWAALS =    18900.7169  EEL     =  -152451.2385  HBOND      =        0.0000
 1-4 VDW =      931.6548  1-4 EEL =     8927.0415  RESTRAINT  =      240.1578
 EAMBER  =  -112626.8532


   NSTEP       ENERGY          RMS            GMAX         NAME    NUMBER
    890      -1.1241E+05     3.4178E-01     1.9454E+01     OD       2634

 BOND    =     8263.7978  ANGLE   =      481.5621  DIHED      =     2324.8672
 VDWAALS =    18922.1879  EEL     =  -152498.7380  HBOND      =        0.0000
 1-4 VDW =      931.7423  1-4 EEL =     8927.3721  RESTRAINT  =      240.6419
 EAMBER  =  -112647.2088


   NSTEP       ENERGY          RMS            GMAX         NAME    NUMBER
    895      -1.1243E+05     4.6908E-01     2.1629E+01     C        1559

 BOND    =     8273.2863  ANGLE   =      480.5932  DIHED      =     2325.1090
 VDWAALS =    18971.8383  EEL     =  -152583.5956  HBOND      =        0.0000
 1-4 VDW =      931.4406  1-4 EEL =     8926.5400  RESTRAINT  =      242.4698
 EAMBER  =  -112674.7882


   NSTEP       ENERGY          RMS            GMAX         NAME    NUMBER
    900      -1.1248E+05     5.7117E-01     2.2369E+01     C        1998

 BOND    =     8282.5601  ANGLE   =      482.4915  DIHED      =     2325.3290
 VDWAALS =    19033.9972  EEL     =  -152705.7623  HBOND      =        0.0000
 1-4 VDW =      931.7899  1-4 EEL =     8925.6483  RESTRAINT  =      244.5316
 EAMBER  =  -112723.9463


   NSTEP       ENERGY          RMS            GMAX         NAME    NUMBER
    905      -1.1248E+05     5.1530E-01     2.1408E+01     C        1998

 BOND    =     8282.1613  ANGLE   =      482.1702  DIHED      =     2325.2070
 VDWAALS =    19033.9147  EEL     =  -152706.3930  HBOND      =        0.0000
 1-4 VDW =      931.7785  1-4 EEL =     8925.6904  RESTRAINT  =      244.1964
 EAMBER  =  -112725.4708


   NSTEP       ENERGY          RMS            GMAX         NAME    NUMBER
    910      -1.1250E+05     3.0304E-01     1.4135E+01     C        1559

 BOND    =     8285.4795  ANGLE   =      480.0913  DIHED      =     2325.1971
 VDWAALS =    19031.8878  EEL     =  -152723.9333  HBOND      =        0.0000
 1-4 VDW =      931.3441  1-4 EEL =     8927.0545  RESTRAINT  =      239.9028
 EAMBER  =  -112742.8790


   NSTEP       ENERGY          RMS            GMAX         NAME    NUMBER
    915      -1.1252E+05     4.0905E-01     2.4613E+01     C        1559

 BOND    =     8291.3608  ANGLE   =      482.2584  DIHED      =     2324.6962
 VDWAALS =    19034.4809  EEL     =  -152754.9217  HBOND      =        0.0000
 1-4 VDW =      931.8743  1-4 EEL =     8927.3406  RESTRAINT  =      241.7819
 EAMBER  =  -112762.9105


   NSTEP       ENERGY          RMS            GMAX         NAME    NUMBER
    920      -1.1255E+05     4.0314E-01     2.1677E+01     C        1559

 BOND    =     8291.3389  ANGLE   =      479.9961  DIHED      =     2324.2019
 VDWAALS =    19058.4258  EEL     =  -152797.8354  HBOND      =        0.0000
 1-4 VDW =      931.4453  1-4 EEL =     8926.4181  RESTRAINT  =      240.1361
 EAMBER  =  -112786.0092


   NSTEP       ENERGY          RMS            GMAX         NAME    NUMBER
    925      -1.1256E+05     6.6692E-01     4.8840E+01     C        1559

 BOND    =     8300.8919  ANGLE   =      481.7467  DIHED      =     2324.9627
 VDWAALS =    19088.4470  EEL     =  -152860.6642  HBOND      =        0.0000
 1-4 VDW =      931.4583  1-4 EEL =     8926.4890  RESTRAINT  =      244.2463
 EAMBER  =  -112806.6686


   NSTEP       ENERGY          RMS            GMAX         NAME    NUMBER
    930      -1.1256E+05     5.5300E-01     3.5990E+01     C        1559

 BOND    =     8299.3103  ANGLE   =      481.3041  DIHED      =     2324.9239
 VDWAALS =    19088.6791  EEL     =  -152860.9386  HBOND      =        0.0000
 1-4 VDW =      931.4300  1-4 EEL =     8926.4250  RESTRAINT  =      243.8754
 EAMBER  =  -112808.8662


   NSTEP       ENERGY          RMS            GMAX         NAME    NUMBER
    935      -1.1259E+05     4.3758E-01     2.3140E+01     SG       2633

 BOND    =     8303.1920  ANGLE   =      481.8946  DIHED      =     2324.3621
 VDWAALS =    19100.6532  EEL     =  -152898.2980  HBOND      =        0.0000
 1-4 VDW =      931.7405  1-4 EEL =     8927.0570  RESTRAINT  =      240.5835
 EAMBER  =  -112829.3986


   NSTEP       ENERGY          RMS            GMAX         NAME    NUMBER
    940      -1.1261E+05     3.8499E-01     2.5955E+01     C        1559

 BOND    =     8308.2531  ANGLE   =      481.0917  DIHED      =     2325.1864
 VDWAALS =    19125.2230  EEL     =  -152950.8836  HBOND      =        0.0000
 1-4 VDW =      931.5341  1-4 EEL =     8927.2233  RESTRAINT  =      240.4617
 EAMBER  =  -112852.3721


   NSTEP       ENERGY          RMS            GMAX         NAME    NUMBER
    945      -1.1263E+05     3.6683E-01     2.5298E+01     C        1559

 BOND    =     8312.8822  ANGLE   =      480.0630  DIHED      =     2324.6116
 VDWAALS =    19152.4997  EEL     =  -152995.1663  HBOND      =        0.0000
 1-4 VDW =      931.4483  1-4 EEL =     8926.6355  RESTRAINT  =      240.9697
 EAMBER  =  -112867.0260


   NSTEP       ENERGY          RMS            GMAX         NAME    NUMBER
    950      -1.1266E+05     5.4612E-01     2.3013E+01     C        1559

 BOND    =     8321.6807  ANGLE   =      482.1372  DIHED      =     2325.1008
 VDWAALS =    19199.4141  EEL     =  -153089.9993  HBOND      =        0.0000
 1-4 VDW =      931.8581  1-4 EEL =     8925.7457  RESTRAINT  =      243.6917
 EAMBER  =  -112904.0628


   NSTEP       ENERGY          RMS            GMAX         NAME    NUMBER
    955      -1.1266E+05     4.9033E-01     1.9745E+01     C        1998

 BOND    =     8320.6765  ANGLE   =      481.8679  DIHED      =     2325.0042
 VDWAALS =    19199.3604  EEL     =  -153089.9605  HBOND      =        0.0000
 1-4 VDW =      931.8372  1-4 EEL =     8925.7853  RESTRAINT  =      243.4109
 EAMBER  =  -112905.4290


   NSTEP       ENERGY          RMS            GMAX         NAME    NUMBER
    960      -1.1268E+05     2.8460E-01     1.9424E+01     C        1559

 BOND    =     8322.4073  ANGLE   =      479.9763  DIHED      =     2325.0372
 VDWAALS =    19198.9071  EEL     =  -153103.9509  HBOND      =        0.0000
 1-4 VDW =      931.3683  1-4 EEL =     8926.9482  RESTRAINT  =      239.7761
 EAMBER  =  -112919.3066


   NSTEP       ENERGY          RMS            GMAX         NAME    NUMBER
    965      -1.1269E+05     4.1347E-01     2.6822E+01     C        1559

 BOND    =     8328.5117  ANGLE   =      482.1342  DIHED      =     2324.7561
 VDWAALS =    19202.9709  EEL     =  -153133.8961  HBOND      =        0.0000
 1-4 VDW =      931.8086  1-4 EEL =     8927.0471  RESTRAINT  =      241.6735
 EAMBER  =  -112936.6676


   NSTEP       ENERGY          RMS            GMAX         NAME    NUMBER
    970      -1.1272E+05     3.5873E-01     1.9827E+01     SG       2633

 BOND    =     8332.0032  ANGLE   =      480.4474  DIHED      =     2324.1886
 VDWAALS =    19227.8982  EEL     =  -153182.5269  HBOND      =        0.0000
 1-4 VDW =      931.5804  1-4 EEL =     8926.5058  RESTRAINT  =      239.8958
 EAMBER  =  -112959.9033


   NSTEP       ENERGY          RMS            GMAX         NAME    NUMBER
    975      -1.1274E+05     8.4193E-01     8.9728E+01     CD       2108

 BOND    =     8354.0299  ANGLE   =      481.9946  DIHED      =     2324.9106
 VDWAALS =    19272.6302  EEL     =  -153279.7654  HBOND      =        0.0000
 1-4 VDW =      931.4230  1-4 EEL =     8926.5793  RESTRAINT  =      244.5952
 EAMBER  =  -112988.1978


   NSTEP       ENERGY          RMS            GMAX         NAME    NUMBER
    980      -1.1275E+05     6.8105E-01     6.7075E+01     CD       2108

 BOND    =     8348.6107  ANGLE   =      481.4710  DIHED      =     2324.8772
 VDWAALS =    19272.7257  EEL     =  -153277.2863  HBOND      =        0.0000
 1-4 VDW =      931.3988  1-4 EEL =     8926.5234  RESTRAINT  =      244.1720
 EAMBER  =  -112991.6795


   NSTEP       ENERGY          RMS            GMAX         NAME    NUMBER
    985      -1.1278E+05     4.6493E-01     2.1022E+01     OD       2634

 BOND    =     8352.2909  ANGLE   =      481.8701  DIHED      =     2324.2709
 VDWAALS =    19282.5344  EEL     =  -153315.3846  HBOND      =        0.0000
 1-4 VDW =      931.7798  1-4 EEL =     8926.9716  RESTRAINT  =      240.3497
 EAMBER  =  -113015.6668


   NSTEP       ENERGY          RMS            GMAX         NAME    NUMBER
    990      -1.1280E+05     3.4962E-01     1.9239E+01     OD       2634

 BOND    =     8349.6320  ANGLE   =      480.9509  DIHED      =     2325.0330
 VDWAALS =    19299.7803  EEL     =  -153350.8652  HBOND      =        0.0000
 1-4 VDW =      931.4918  1-4 EEL =     8927.0207  RESTRAINT  =      240.3079
 EAMBER  =  -113036.9565


   NSTEP       ENERGY          RMS            GMAX         NAME    NUMBER
    995      -1.1281E+05     3.4758E-01     2.9771E+01     C        1559

 BOND    =     8353.4727  ANGLE   =      480.1279  DIHED      =     2324.6847
 VDWAALS =    19318.0654  EEL     =  -153384.0026  HBOND      =        0.0000
 1-4 VDW =      931.4366  1-4 EEL =     8926.6171  RESTRAINT  =      241.4209
 EAMBER  =  -113049.5981


   NSTEP       ENERGY          RMS            GMAX         NAME    NUMBER
   1000      -1.1283E+05     4.8258E-01     3.1170E+01     C        1998

 BOND    =     8362.6193  ANGLE   =      482.4939  DIHED      =     2325.7436
 VDWAALS =    19352.1181  EEL     =  -153457.7161  HBOND      =        0.0000
 1-4 VDW =      932.1854  1-4 EEL =     8925.7153  RESTRAINT  =      242.7740
 EAMBER  =  -113076.8405


  Maximum number of minimization cycles reached.


                    FINAL RESULTS



   NSTEP       ENERGY          RMS            GMAX         NAME    NUMBER
   1000      -1.1283E+05     4.8258E-01     3.1170E+01     C        1998

 BOND    =     8362.6193  ANGLE   =      482.4939  DIHED      =     2325.7436
 VDWAALS =    19352.1181  EEL     =  -153457.7161  HBOND      =        0.0000
 1-4 VDW =      932.1854  1-4 EEL =     8925.7153  RESTRAINT  =      242.7740
 EAMBER  =  -113076.8405
--------------------------------------------------------------------------------
   5.  TIMINGS
--------------------------------------------------------------------------------

|  NonSetup CPU Time in Major Routines:
|
|     Routine           Sec        %
|     ------------------------------
|     Nonbond         103.54   96.61
|     Bond              0.36    0.33
|     Angle             0.41    0.38
|     Dihedral          2.38    2.22
|     Shake             0.00    0.00
|     Other             0.49    0.46
|     ------------------------------
|     Total           107.18

|  PME Nonbond Pairlist CPU Time:
|
|     Routine              Sec        %
|     ---------------------------------
|     Set Up Cit           0.02    0.02
|     Build List           2.19    2.05
|     ---------------------------------
|     Total                2.21    2.06

|  PME Direct Force CPU Time:
|
|     Routine              Sec        %
|     ---------------------------------
|     NonBonded Calc      68.54   63.95
|     Exclude Masked       1.36    1.27
|     Other                0.34    0.32
|     ---------------------------------
|     Total               70.24   65.54

|  PME Reciprocal Force CPU Time:
|
|     Routine              Sec        %
|     ---------------------------------
|     1D bspline           1.16    1.08
|     Grid Charges         1.83    1.71
|     Scalar Sum          11.47   10.70
|     Gradient Sum         3.66    3.41
|     FFT                 12.90   12.04
|     ---------------------------------
|     Total               31.02   28.94

|  Setup CPU time:            0.20 seconds
|  NonSetup CPU time:       107.18 seconds
|  Total CPU time:          107.38 seconds     0.03 hours

|  Setup wall time:           1    seconds
|  NonSetup wall time:      107    seconds
|  Total wall time:         108    seconds     0.03 hours
