
          -------------------------------------------------------
          Amber 16 PMEMD                              2016
          -------------------------------------------------------

| PMEMD implementation of SANDER, Release 16

| Run on 10/21/2016 at 19:30:44

|   Executable path: pmemd
| Working directory: /home/german/exs/run/1hvr_apo/mhe/m
|          Hostname: Unknown
  [-O]verwriting output

File Assignments:
|   MDIN: mmin.in                                                               
|  MDOUT: mmin.out                                                              
| INPCRD: m1hvr_apo.rst7                                                        
|   PARM: 1hvr_apo.prmtop                                                       
| RESTRT: mm1hvr_apo.rst7                                                       
|   REFC: 1hvr_apo.rst7                                                         
|  MDVEL: mdvel                                                                 
|   MDEN: mden                                                                  
|  MDCRD: mm1hvr_apo.crd                                                        
| MDINFO: mdinfo                                                                
|  MDFRC: mdfrc                                                                 


 Here is the input file:

Minimization with Cartesian restraints                                         
&cntrl                                                                         
imin=1,                                                                        
ntmin=1,                                ! Steepest Descent, then Conjugate Grad
ncyc=100,                               ! 100 steps of Steepest Descent        
maxcyc=500,                             ! 400 steps of Conjugate Gradient      
ntpr=5,                                                                        
&end                                                                           


Note: ig = -1. Setting random seed to   720007 based on wallclock time in 
      microseconds.
 
 
| Conditional Compilation Defines Used:
| PUBFFT
| BINTRAJ
| EMIL

| Largest sphere to fit in unit cell has radius =    31.093

| New format PARM file being parsed.
| Version =    1.000 Date = 10/21/16 Time = 15:49:40

| Note: 1-4 EEL scale factors are being read from the topology file.

| Note: 1-4 VDW scale factors are being read from the topology file.
| Duplicated    0 dihedrals

| Duplicated    0 dihedrals

--------------------------------------------------------------------------------
   1.  RESOURCE   USE: 
--------------------------------------------------------------------------------

 getting box info from netcdf restart file
 NATOM  =   29829 NTYPES =      17 NBONH =   28311 MBONA  =    1540
 NTHETH =    3672 MTHETA =    2088 NPHIH =    7226 MPHIA  =    6711
 NHPARM =       0 NPARM  =       0 NNB   =   52960 NRES   =    9103
 NBONA  =    1540 NTHETA =    2088 NPHIA =    6711 NUMBND =      73
 NUMANG =     173 NPTRA  =     191 NATYP =      35 NPHB   =       1
 IFBOX  =       2 NMXRS  =      24 IFCAP =       0 NEXTRA =       0
 NCOPY  =       0

| Coordinate Index Table dimensions:    15   15   15
| Direct force subcell size =     5.0774    5.0774    5.0774

     BOX TYPE: TRUNCATED OCTAHEDRON

--------------------------------------------------------------------------------
   2.  CONTROL  DATA  FOR  THE  RUN
--------------------------------------------------------------------------------

default_name                                                                    

General flags:
     imin    =       1, nmropt  =       0

Nature and format of input:
     ntx     =       1, irest   =       0, ntrx    =       1

Nature and format of output:
     ntxo    =       2, ntpr    =       5, ntrx    =       1, ntwr    =       1
     iwrap   =       0, ntwx    =       0, ntwv    =       0, ntwe    =       0
     ioutfm  =       1, ntwprt  =       0, idecomp =       0, rbornstat=      0

Potential function:
     ntf     =       1, ntb     =       1, igb     =       0, nsnb    =      25
     ipol    =       0, gbsa    =       0, iesp    =       0
     dielc   =   1.00000, cut     =   8.00000, intdiel =   1.00000

Frozen or restrained atoms:
     ibelly  =       0, ntr     =       0

Energy minimization:
     maxcyc  =     500, ncyc    =     100, ntmin   =       1
     dx0     =   0.01000, drms    =   0.00010

| Intermolecular bonds treatment:
|     no_intermolecular_bonds =       1

| Energy averages sample interval:
|     ene_avg_sampling =       1

Ewald parameters:
     verbose =       0, ew_type =       0, nbflag  =       1, use_pme =       1
     vdwmeth =       1, eedmeth =       1, netfrc  =       0
     Box X =   76.161   Box Y =   76.161   Box Z =   76.161
     Alpha =  109.471   Beta  =  109.471   Gamma =  109.471
     NFFT1 =   80       NFFT2 =   80       NFFT3 =   80
     Cutoff=    8.000   Tol   =0.100E-04
     Ewald Coefficient =  0.34864
     Interpolation order =    4

--------------------------------------------------------------------------------
   3.  ATOMIC COORDINATES AND VELOCITIES
--------------------------------------------------------------------------------

default_name                                                                    
 begin time read from input coords =     0.000 ps

 
 Number of triangulated 3-point waters found:     8901

     Sum of charges from parm topology file =  -0.00000211
     Forcing neutrality...

| Dynamic Memory, Types Used:
| Reals              781711
| Integers           937969

| Nonbonded Pairs Initial Allocation:     4982188

--------------------------------------------------------------------------------
   4.  RESULTS
--------------------------------------------------------------------------------

 ---------------------------------------------------
 APPROXIMATING switch and d/dx switch using CUBIC SPLINE INTERPOLATION
 using   5000.0 points per unit in tabled values
 TESTING RELATIVE ERROR over r ranging from 0.0 to cutoff
| CHECK switch(x): max rel err =   0.2738E-14   at   2.422500
| CHECK d/dx switch(x): max rel err =   0.8332E-11   at   2.782960
 ---------------------------------------------------
|---------------------------------------------------
| APPROXIMATING direct energy using CUBIC SPLINE INTERPOLATION
|  with   50.0 points per unit in tabled values
| Relative Error Limit not exceeded for r .gt.   2.47
| APPROXIMATING direct force using CUBIC SPLINE INTERPOLATION
|  with   50.0 points per unit in tabled values
| Relative Error Limit not exceeded for r .gt.   2.89
|---------------------------------------------------


   NSTEP       ENERGY          RMS            GMAX         NAME    NUMBER
      1      -1.1308E+05     1.1079E+00     2.9094E+01     C        1998

 BOND    =     8362.6193  ANGLE   =      482.4939  DIHED      =     2325.7436
 VDWAALS =    19352.1181  EEL     =  -153457.7161  HBOND      =        0.0000
 1-4 VDW =      932.1854  1-4 EEL =     8925.7153  RESTRAINT  =        0.0000


   NSTEP       ENERGY          RMS            GMAX         NAME    NUMBER
      5      -1.1310E+05     1.0319E+00     2.6377E+01     C        1998

 BOND    =     8357.3844  ANGLE   =      478.7199  DIHED      =     2325.8799
 VDWAALS =    19344.7065  EEL     =  -153454.2133  HBOND      =        0.0000
 1-4 VDW =      928.3574  1-4 EEL =     8921.7754  RESTRAINT  =        0.0000


   NSTEP       ENERGY          RMS            GMAX         NAME    NUMBER
     10      -1.1315E+05     9.0437E-01     1.9263E+01     C        1998

 BOND    =     8351.0051  ANGLE   =      469.1076  DIHED      =     2326.7947
 VDWAALS =    19324.9270  EEL     =  -153449.7036  HBOND      =        0.0000
 1-4 VDW =      917.5227  1-4 EEL =     8909.6523  RESTRAINT  =        0.0000


   NSTEP       ENERGY          RMS            GMAX         NAME    NUMBER
     15      -1.1326E+05     7.2759E-01     1.6335E+01     OD1      2018

 BOND    =     8346.1471  ANGLE   =      451.1158  DIHED      =     2330.3523
 VDWAALS =    19286.1461  EEL     =  -153445.3686  HBOND      =        0.0000
 1-4 VDW =      891.3533  1-4 EEL =     8878.3796  RESTRAINT  =        0.0000


   NSTEP       ENERGY          RMS            GMAX         NAME    NUMBER
     20      -1.1347E+05     5.1322E-01     1.3839E+01     OD1      2018

 BOND    =     8342.4855  ANGLE   =      425.2637  DIHED      =     2335.9560
 VDWAALS =    19229.4092  EEL     =  -153442.5132  HBOND      =        0.0000
 1-4 VDW =      833.1379  1-4 EEL =     8806.8959  RESTRAINT  =        0.0000


   NSTEP       ENERGY          RMS            GMAX         NAME    NUMBER
     25      -1.1358E+05     2.1070E+00     1.6926E+02     CD        353

 BOND    =     8400.3851  ANGLE   =      412.8969  DIHED      =     2336.8564
 VDWAALS =    19200.8890  EEL     =  -153457.4172  HBOND      =        0.0000
 1-4 VDW =      784.4640  1-4 EEL =     8745.6126  RESTRAINT  =        0.0000


   NSTEP       ENERGY          RMS            GMAX         NAME    NUMBER
     30      -1.1368E+05     7.7392E-01     2.1259E+01     C        1482

 BOND    =     8347.0910  ANGLE   =      407.2516  DIHED      =     2336.2900
 VDWAALS =    19193.7795  EEL     =  -153456.5182  HBOND      =        0.0000
 1-4 VDW =      769.1256  1-4 EEL =     8726.0625  RESTRAINT  =        0.0000


   NSTEP       ENERGY          RMS            GMAX         NAME    NUMBER
     35      -1.1372E+05     5.8138E-01     1.5453E+01     C        1482

 BOND    =     8345.6216  ANGLE   =      403.9615  DIHED      =     2335.8240
 VDWAALS =    19189.8096  EEL     =  -153464.2327  HBOND      =        0.0000
 1-4 VDW =      757.0451  1-4 EEL =     8709.8617  RESTRAINT  =        0.0000


   NSTEP       ENERGY          RMS            GMAX         NAME    NUMBER
     40      -1.1375E+05     9.1043E-01     2.6658E+01     C        1482

 BOND    =     8351.9830  ANGLE   =      401.9364  DIHED      =     2335.2928
 VDWAALS =    19186.9472  EEL     =  -153470.7996  HBOND      =        0.0000
 1-4 VDW =      746.1474  1-4 EEL =     8694.7628  RESTRAINT  =        0.0000


   NSTEP       ENERGY          RMS            GMAX         NAME    NUMBER
     45      -1.1379E+05     9.9964E-01     3.1991E+01     C        1482

 BOND    =     8355.1949  ANGLE   =      399.9995  DIHED      =     2334.7267
 VDWAALS =    19185.0521  EEL     =  -153479.2356  HBOND      =        0.0000
 1-4 VDW =      735.7980  1-4 EEL =     8679.8974  RESTRAINT  =        0.0000


   NSTEP       ENERGY          RMS            GMAX         NAME    NUMBER
     50      -1.1382E+05     9.6918E-01     3.1425E+01     C        1482

 BOND    =     8355.9928  ANGLE   =      398.3749  DIHED      =     2334.2396
 VDWAALS =    19184.1689  EEL     =  -153487.4954  HBOND      =        0.0000
 1-4 VDW =      727.8407  1-4 EEL =     8668.1038  RESTRAINT  =        0.0000


   NSTEP       ENERGY          RMS            GMAX         NAME    NUMBER
     55      -1.1386E+05     3.0308E-01     6.3721E+00     H         440

 BOND    =     8350.8795  ANGLE   =      395.9349  DIHED      =     2333.8128
 VDWAALS =    19183.8496  EEL     =  -153499.8736  HBOND      =        0.0000
 1-4 VDW =      720.7418  1-4 EEL =     8657.2779  RESTRAINT  =        0.0000


   NSTEP       ENERGY          RMS            GMAX         NAME    NUMBER
     60      -1.1387E+05     1.0707E+00     3.6795E+01     C        1482

 BOND    =     8361.2123  ANGLE   =      396.0131  DIHED      =     2333.2258
 VDWAALS =    19184.1510  EEL     =  -153504.9492  HBOND      =        0.0000
 1-4 VDW =      713.5921  1-4 EEL =     8646.0524  RESTRAINT  =        0.0000


   NSTEP       ENERGY          RMS            GMAX         NAME    NUMBER
     65      -1.1389E+05     1.1134E+00     4.0364E+01     C        1482

 BOND    =     8363.6845  ANGLE   =      395.1050  DIHED      =     2332.7097
 VDWAALS =    19184.9075  EEL     =  -153514.3869  HBOND      =        0.0000
 1-4 VDW =      707.2439  1-4 EEL =     8635.8124  RESTRAINT  =        0.0000


   NSTEP       ENERGY          RMS            GMAX         NAME    NUMBER
     70      -1.1393E+05     3.5639E-01     9.9468E+00     C        1482

 BOND    =     8357.3095  ANGLE   =      392.5547  DIHED      =     2332.2900
 VDWAALS =    19185.9542  EEL     =  -153529.7271  HBOND      =        0.0000
 1-4 VDW =      701.7648  1-4 EEL =     8626.7657  RESTRAINT  =        0.0000


   NSTEP       ENERGY          RMS            GMAX         NAME    NUMBER
     75      -1.1395E+05     2.5933E-01     5.8738E+00     HG1      2820

 BOND    =     8357.0945  ANGLE   =      391.9210  DIHED      =     2331.8753
 VDWAALS =    19187.1338  EEL     =  -153537.2002  HBOND      =        0.0000
 1-4 VDW =      697.4846  1-4 EEL =     8619.5423  RESTRAINT  =        0.0000


   NSTEP       ENERGY          RMS            GMAX         NAME    NUMBER
     80      -1.1397E+05     2.5585E-01     6.0420E+00     HG1      2820

 BOND    =     8358.9159  ANGLE   =      391.1268  DIHED      =     2331.3787
 VDWAALS =    19188.8598  EEL     =  -153547.7414  HBOND      =        0.0000
 1-4 VDW =      692.5478  1-4 EEL =     8611.0567  RESTRAINT  =        0.0000


   NSTEP       ENERGY          RMS            GMAX         NAME    NUMBER
     85      -1.1399E+05     5.0584E-01     2.0232E+01     CD       1678

 BOND    =     8365.2534  ANGLE   =      390.3098  DIHED      =     2330.8545
 VDWAALS =    19191.0923  EEL     =  -153561.4765  HBOND      =        0.0000
 1-4 VDW =      687.5461  1-4 EEL =     8602.2981  RESTRAINT  =        0.0000


   NSTEP       ENERGY          RMS            GMAX         NAME    NUMBER
     90      -1.1401E+05     3.1974E-01     1.0750E+01     CD       1678

 BOND    =     8363.6849  ANGLE   =      389.7305  DIHED      =     2330.4131
 VDWAALS =    19193.0703  EEL     =  -153570.0051  HBOND      =        0.0000
 1-4 VDW =      683.8467  1-4 EEL =     8595.6734  RESTRAINT  =        0.0000


   NSTEP       ENERGY          RMS            GMAX         NAME    NUMBER
     95      -1.1403E+05     3.4560E-01     1.3767E+01     CD       1678

 BOND    =     8365.9117  ANGLE   =      389.1443  DIHED      =     2329.9364
 VDWAALS =    19195.4858  EEL     =  -153581.3144  HBOND      =        0.0000
 1-4 VDW =      679.9566  1-4 EEL =     8588.6151  RESTRAINT  =        0.0000


   NSTEP       ENERGY          RMS            GMAX         NAME    NUMBER
    100      -1.1405E+05     5.8663E-01     2.8745E+01     CD       1678

 BOND    =     8371.9916  ANGLE   =      388.7249  DIHED      =     2329.4987
 VDWAALS =    19198.0066  EEL     =  -153593.5870  HBOND      =        0.0000
 1-4 VDW =      676.5170  1-4 EEL =     8582.2923  RESTRAINT  =        0.0000


   NSTEP       ENERGY          RMS            GMAX         NAME    NUMBER
    105      -1.1406E+05     2.2937E-01     6.5662E+00     HG1      2820

 BOND    =     8366.2497  ANGLE   =      388.5325  DIHED      =     2329.3118
 VDWAALS =    19198.9868  EEL     =  -153594.9223  HBOND      =        0.0000
 1-4 VDW =      675.3032  1-4 EEL =     8580.0084  RESTRAINT  =        0.0000


   NSTEP       ENERGY          RMS            GMAX         NAME    NUMBER
    110      -1.1426E+05     2.3917E+00     1.8249E+02     HG1      2734

 BOND    =     8586.1522  ANGLE   =      420.2256  DIHED      =     2334.0144
 VDWAALS =    19356.7865  EEL     =  -153946.4559  HBOND      =        0.0000
 1-4 VDW =      582.2607  1-4 EEL =     8407.7900  RESTRAINT  =        0.0000


   NSTEP       ENERGY          RMS            GMAX         NAME    NUMBER
    115      -1.1437E+05     5.8704E-01     3.5554E+01     OG1      2819

 BOND    =     8441.9182  ANGLE   =      411.7762  DIHED      =     2330.2380
 VDWAALS =    19317.2451  EEL     =  -153890.8733  HBOND      =        0.0000
 1-4 VDW =      594.3553  1-4 EEL =     8421.2496  RESTRAINT  =        0.0000


   NSTEP       ENERGY          RMS            GMAX         NAME    NUMBER
    120      -1.1443E+05     5.8907E-01     3.0441E+01     CB       2813

 BOND    =     8442.3952  ANGLE   =      439.2763  DIHED      =     2327.2155
 VDWAALS =    19331.6349  EEL     =  -153960.0971  HBOND      =        0.0000
 1-4 VDW =      595.2802  1-4 EEL =     8391.9195  RESTRAINT  =        0.0000


   NSTEP       ENERGY          RMS            GMAX         NAME    NUMBER
    125      -1.1453E+05     9.8838E-01     5.6319E+01     HE21     2484

 BOND    =     8473.3497  ANGLE   =      430.5527  DIHED      =     2321.1640
 VDWAALS =    19409.2923  EEL     =  -154123.5408  HBOND      =        0.0000
 1-4 VDW =      588.5682  1-4 EEL =     8371.3011  RESTRAINT  =        0.0000


   NSTEP       ENERGY          RMS            GMAX         NAME    NUMBER
    130      -1.1453E+05     9.1902E-01     5.4155E+01     HE21     2484

 BOND    =     8471.7677  ANGLE   =      430.0768  DIHED      =     2321.0772
 VDWAALS =    19409.3332  EEL     =  -154124.5841  HBOND      =        0.0000
 1-4 VDW =      588.5237  1-4 EEL =     8371.3119  RESTRAINT  =        0.0000


   NSTEP       ENERGY          RMS            GMAX         NAME    NUMBER
    135      -1.1458E+05     5.8642E-01     5.1144E+01     CG       1974

 BOND    =     8467.5759  ANGLE   =      416.0210  DIHED      =     2317.0067
 VDWAALS =    19410.5930  EEL     =  -154149.6727  HBOND      =        0.0000
 1-4 VDW =      587.4053  1-4 EEL =     8375.0781  RESTRAINT  =        0.0000


   NSTEP       ENERGY          RMS            GMAX         NAME    NUMBER
    140      -1.1460E+05     4.2088E-01     2.8515E+01     CD       2481

 BOND    =     8456.2953  ANGLE   =      411.6175  DIHED      =     2315.8537
 VDWAALS =    19420.1803  EEL     =  -154175.1388  HBOND      =        0.0000
 1-4 VDW =      587.4988  1-4 EEL =     8388.1853  RESTRAINT  =        0.0000


   NSTEP       ENERGY          RMS            GMAX         NAME    NUMBER
    145      -1.1463E+05     4.2773E-01     2.5038E+01     OD2      2019

 BOND    =     8461.9719  ANGLE   =      399.7058  DIHED      =     2311.2590
 VDWAALS =    19446.1387  EEL     =  -154252.0182  HBOND      =        0.0000
 1-4 VDW =      589.4746  1-4 EEL =     8412.7031  RESTRAINT  =        0.0000


   NSTEP       ENERGY          RMS            GMAX         NAME    NUMBER
    150      -1.1468E+05     7.3191E-01     4.8774E+01     CG       2017

 BOND    =     8465.8611  ANGLE   =      406.0029  DIHED      =     2301.8441
 VDWAALS =    19484.1230  EEL     =  -154376.1089  HBOND      =        0.0000
 1-4 VDW =      601.0672  1-4 EEL =     8436.1081  RESTRAINT  =        0.0000


   NSTEP       ENERGY          RMS            GMAX         NAME    NUMBER
    155      -1.1468E+05     6.6397E-01     4.0575E+01     CG       2017

 BOND    =     8464.8626  ANGLE   =      405.2410  DIHED      =     2301.7813
 VDWAALS =    19484.0654  EEL     =  -154376.6668  HBOND      =        0.0000
 1-4 VDW =      601.0717  1-4 EEL =     8436.0786  RESTRAINT  =        0.0000


   NSTEP       ENERGY          RMS            GMAX         NAME    NUMBER
    160      -1.1472E+05     3.9392E-01     2.1979E+01     OG1      2819

 BOND    =     8456.7059  ANGLE   =      388.3687  DIHED      =     2300.5325
 VDWAALS =    19482.7255  EEL     =  -154383.2610  HBOND      =        0.0000
 1-4 VDW =      601.1071  1-4 EEL =     8434.1833  RESTRAINT  =        0.0000


   NSTEP       ENERGY          RMS            GMAX         NAME    NUMBER
    165      -1.1474E+05     3.5823E-01     3.4341E+01     CD       2481

 BOND    =     8458.0940  ANGLE   =      384.5721  DIHED      =     2297.8209
 VDWAALS =    19484.4000  EEL     =  -154392.8105  HBOND      =        0.0000
 1-4 VDW =      601.2977  1-4 EEL =     8430.8273  RESTRAINT  =        0.0000


   NSTEP       ENERGY          RMS            GMAX         NAME    NUMBER
    170      -1.1476E+05     4.5845E-01     3.4206E+01     CG       1974

 BOND    =     8467.1232  ANGLE   =      387.4216  DIHED      =     2294.4779
 VDWAALS =    19498.2795  EEL     =  -154430.7208  HBOND      =        0.0000
 1-4 VDW =      603.0660  1-4 EEL =     8422.2878  RESTRAINT  =        0.0000


   NSTEP       ENERGY          RMS            GMAX         NAME    NUMBER
    175      -1.1478E+05     6.4774E-01     4.1530E+01     OG1      2819

 BOND    =     8468.0534  ANGLE   =      395.1045  DIHED      =     2292.2260
 VDWAALS =    19521.7291  EEL     =  -154484.2718  HBOND      =        0.0000
 1-4 VDW =      605.4894  1-4 EEL =     8419.2903  RESTRAINT  =        0.0000


   NSTEP       ENERGY          RMS            GMAX         NAME    NUMBER
    180      -1.1478E+05     5.6397E-01     3.5578E+01     OG1      2819

 BOND    =     8467.7450  ANGLE   =      394.5572  DIHED      =     2292.1545
 VDWAALS =    19521.7712  EEL     =  -154485.9266  HBOND      =        0.0000
 1-4 VDW =      605.3706  1-4 EEL =     8419.3977  RESTRAINT  =        0.0000


   NSTEP       ENERGY          RMS            GMAX         NAME    NUMBER
    185      -1.1481E+05     4.5825E-01     3.8276E+01     CG       1974

 BOND    =     8472.3080  ANGLE   =      384.1100  DIHED      =     2290.4747
 VDWAALS =    19525.6767  EEL     =  -154506.7806  HBOND      =        0.0000
 1-4 VDW =      601.5543  1-4 EEL =     8424.7982  RESTRAINT  =        0.0000


   NSTEP       ENERGY          RMS            GMAX         NAME    NUMBER
    190      -1.1482E+05     3.6723E-01     3.2719E+01     CD       2481

 BOND    =     8470.3738  ANGLE   =      381.0759  DIHED      =     2290.4539
 VDWAALS =    19533.7337  EEL     =  -154526.7351  HBOND      =        0.0000
 1-4 VDW =      599.3620  1-4 EEL =     8429.8047  RESTRAINT  =        0.0000


   NSTEP       ENERGY          RMS            GMAX         NAME    NUMBER
    195      -1.1485E+05     3.5006E-01     1.9009E+01     CB       2813

 BOND    =     8477.6715  ANGLE   =      385.1398  DIHED      =     2289.9035
 VDWAALS =    19557.0579  EEL     =  -154586.5544  HBOND      =        0.0000
 1-4 VDW =      597.9781  1-4 EEL =     8431.8227  RESTRAINT  =        0.0000


   NSTEP       ENERGY          RMS            GMAX         NAME    NUMBER
    200      -1.1487E+05     5.9109E-01     3.3654E+01     CD        547

 BOND    =     8485.8520  ANGLE   =      395.2835  DIHED      =     2288.2152
 VDWAALS =    19583.8307  EEL     =  -154646.4734  HBOND      =        0.0000
 1-4 VDW =      597.3693  1-4 EEL =     8428.0425  RESTRAINT  =        0.0000


   NSTEP       ENERGY          RMS            GMAX         NAME    NUMBER
    205      -1.1487E+05     5.1996E-01     2.5170E+01     CD        547

 BOND    =     8485.3048  ANGLE   =      394.6688  DIHED      =     2288.1577
 VDWAALS =    19583.7632  EEL     =  -154647.3541  HBOND      =        0.0000
 1-4 VDW =      597.3701  1-4 EEL =     8428.0688  RESTRAINT  =        0.0000


   NSTEP       ENERGY          RMS            GMAX         NAME    NUMBER
    210      -1.1490E+05     3.5401E-01     1.8534E+01     OG1      2819

 BOND    =     8481.0923  ANGLE   =      382.7772  DIHED      =     2287.0735
 VDWAALS =    19584.5442  EEL     =  -154656.6385  HBOND      =        0.0000
 1-4 VDW =      597.2550  1-4 EEL =     8428.6242  RESTRAINT  =        0.0000


   NSTEP       ENERGY          RMS            GMAX         NAME    NUMBER
    215      -1.1491E+05     3.5774E-01     3.1436E+01     CD       2481

 BOND    =     8482.0903  ANGLE   =      379.5141  DIHED      =     2284.0362
 VDWAALS =    19587.3141  EEL     =  -154667.2535  HBOND      =        0.0000
 1-4 VDW =      597.9137  1-4 EEL =     8426.3383  RESTRAINT  =        0.0000


   NSTEP       ENERGY          RMS            GMAX         NAME    NUMBER
    220      -1.1493E+05     4.2734E-01     3.1165E+01     CG       1974

 BOND    =     8488.0416  ANGLE   =      384.2320  DIHED      =     2281.2724
 VDWAALS =    19599.3706  EEL     =  -154703.5900  HBOND      =        0.0000
 1-4 VDW =      601.2563  1-4 EEL =     8420.3429  RESTRAINT  =        0.0000


   NSTEP       ENERGY          RMS            GMAX         NAME    NUMBER
    225      -1.1495E+05     5.8589E-01     3.5800E+01     OG1      2819

 BOND    =     8488.6477  ANGLE   =      389.6953  DIHED      =     2279.7238
 VDWAALS =    19618.3039  EEL     =  -154745.9425  HBOND      =        0.0000
 1-4 VDW =      602.9535  1-4 EEL =     8419.8241  RESTRAINT  =        0.0000


   NSTEP       ENERGY          RMS            GMAX         NAME    NUMBER
    230      -1.1495E+05     5.0161E-01     2.9996E+01     OG1      2819

 BOND    =     8488.7246  ANGLE   =      389.1489  DIHED      =     2279.6565
 VDWAALS =    19618.3318  EEL     =  -154747.7461  HBOND      =        0.0000
 1-4 VDW =      602.8372  1-4 EEL =     8419.9110  RESTRAINT  =        0.0000


   NSTEP       ENERGY          RMS            GMAX         NAME    NUMBER
    235      -1.1497E+05     3.7464E-01     1.8969E+01     OG1      2819

 BOND    =     8491.0513  ANGLE   =      380.4464  DIHED      =     2278.3015
 VDWAALS =    19621.4090  EEL     =  -154762.4249  HBOND      =        0.0000
 1-4 VDW =      599.7875  1-4 EEL =     8423.0835  RESTRAINT  =        0.0000


   NSTEP       ENERGY          RMS            GMAX         NAME    NUMBER
    240      -1.1499E+05     3.1551E-01     1.2863E+01     CG       2478

 BOND    =     8495.8957  ANGLE   =      377.8746  DIHED      =     2279.2761
 VDWAALS =    19632.2020  EEL     =  -154795.1954  HBOND      =        0.0000
 1-4 VDW =      597.4818  1-4 EEL =     8426.0778  RESTRAINT  =        0.0000


   NSTEP       ENERGY          RMS            GMAX         NAME    NUMBER
    245      -1.1500E+05     3.9799E-01     2.2659E+01     CB       2813

 BOND    =     8496.8008  ANGLE   =      380.7295  DIHED      =     2278.4867
 VDWAALS =    19647.0552  EEL     =  -154825.2143  HBOND      =        0.0000
 1-4 VDW =      596.5963  1-4 EEL =     8423.7153  RESTRAINT  =        0.0000


   NSTEP       ENERGY          RMS            GMAX         NAME    NUMBER
    250      -1.1503E+05     4.7984E-01     2.0796E+01     OE1      2482

 BOND    =     8503.5793  ANGLE   =      384.7643  DIHED      =     2277.0862
 VDWAALS =    19672.9587  EEL     =  -154886.3060  HBOND      =        0.0000
 1-4 VDW =      595.6985  1-4 EEL =     8419.4161  RESTRAINT  =        0.0000


   NSTEP       ENERGY          RMS            GMAX         NAME    NUMBER
    255      -1.1503E+05     4.1778E-01     1.8137E+01     OE1      2482

 BOND    =     8503.8026  ANGLE   =      384.3843  DIHED      =     2277.0555
 VDWAALS =    19672.9135  EEL     =  -154887.7557  HBOND      =        0.0000
 1-4 VDW =      595.6747  1-4 EEL =     8419.5257  RESTRAINT  =        0.0000


   NSTEP       ENERGY          RMS            GMAX         NAME    NUMBER
    260      -1.1505E+05     3.4367E-01     2.5519E+01     CD        547

 BOND    =     8504.4795  ANGLE   =      378.1552  DIHED      =     2276.5281
 VDWAALS =    19675.2339  EEL     =  -154901.6129  HBOND      =        0.0000
 1-4 VDW =      595.2187  1-4 EEL =     8422.5115  RESTRAINT  =        0.0000


   NSTEP       ENERGY          RMS            GMAX         NAME    NUMBER
    265      -1.1507E+05     2.8998E-01     1.1890E+01     CB       2727

 BOND    =     8509.2518  ANGLE   =      377.9745  DIHED      =     2273.8025
 VDWAALS =    19682.4116  EEL     =  -154927.2094  HBOND      =        0.0000
 1-4 VDW =      596.0660  1-4 EEL =     8421.0449  RESTRAINT  =        0.0000


   NSTEP       ENERGY          RMS            GMAX         NAME    NUMBER
    270      -1.1509E+05     4.5430E-01     2.5791E+01     OG1      2819

 BOND    =     8517.8619  ANGLE   =      384.7806  DIHED      =     2271.9916
 VDWAALS =    19700.5463  EEL     =  -154976.9971  HBOND      =        0.0000
 1-4 VDW =      599.4569  1-4 EEL =     8415.7050  RESTRAINT  =        0.0000


   NSTEP       ENERGY          RMS            GMAX         NAME    NUMBER
    275      -1.1513E+05     6.4384E-01     4.0451E+01     CD       2481

 BOND    =     8526.0339  ANGLE   =      394.6310  DIHED      =     2269.5552
 VDWAALS =    19742.7081  EEL     =  -155080.7844  HBOND      =        0.0000
 1-4 VDW =      601.6656  1-4 EEL =     8413.8420  RESTRAINT  =        0.0000


   NSTEP       ENERGY          RMS            GMAX         NAME    NUMBER
    280      -1.1513E+05     5.9076E-01     3.4615E+01     CD       2481

 BOND    =     8525.0913  ANGLE   =      394.1870  DIHED      =     2269.5126
 VDWAALS =    19742.7091  EEL     =  -155080.8948  HBOND      =        0.0000
 1-4 VDW =      601.5986  1-4 EEL =     8413.8573  RESTRAINT  =        0.0000


   NSTEP       ENERGY          RMS            GMAX         NAME    NUMBER
    285      -1.1516E+05     5.3277E-01     5.3195E+01     CG        955

 BOND    =     8527.7514  ANGLE   =      381.8671  DIHED      =     2268.6368
 VDWAALS =    19745.1825  EEL     =  -155095.3763  HBOND      =        0.0000
 1-4 VDW =      597.2152  1-4 EEL =     8414.2208  RESTRAINT  =        0.0000


   NSTEP       ENERGY          RMS            GMAX         NAME    NUMBER
    290      -1.1518E+05     3.6692E-01     2.9212E+01     CD       2481

 BOND    =     8527.5671  ANGLE   =      377.5717  DIHED      =     2268.6213
 VDWAALS =    19752.7437  EEL     =  -155115.3108  HBOND      =        0.0000
 1-4 VDW =      594.4442  1-4 EEL =     8417.2773  RESTRAINT  =        0.0000


   NSTEP       ENERGY          RMS            GMAX         NAME    NUMBER
    295      -1.1519E+05     2.9035E-01     1.7536E+01     CD        532

 BOND    =     8528.3344  ANGLE   =      377.3006  DIHED      =     2269.2391
 VDWAALS =    19767.6626  EEL     =  -155146.1611  HBOND      =        0.0000
 1-4 VDW =      592.9965  1-4 EEL =     8415.8262  RESTRAINT  =        0.0000


   NSTEP       ENERGY          RMS            GMAX         NAME    NUMBER
    300      -1.1520E+05     3.3217E-01     2.5648E+01     CD        532

 BOND    =     8531.8782  ANGLE   =      382.3033  DIHED      =     2269.0183
 VDWAALS =    19778.8200  EEL     =  -155171.5374  HBOND      =        0.0000
 1-4 VDW =      593.0463  1-4 EEL =     8412.3507  RESTRAINT  =        0.0000


   NSTEP       ENERGY          RMS            GMAX         NAME    NUMBER
    305      -1.1521E+05     2.6641E-01     1.2741E+01     CD        532

 BOND    =     8531.2635  ANGLE   =      381.7211  DIHED      =     2268.9908
 VDWAALS =    19778.9368  EEL     =  -155172.0076  HBOND      =        0.0000
 1-4 VDW =      593.0146  1-4 EEL =     8412.4671  RESTRAINT  =        0.0000


   NSTEP       ENERGY          RMS            GMAX         NAME    NUMBER
    310      -1.1522E+05     2.9525E-01     1.4903E+01     OD       1073

 BOND    =     8531.4499  ANGLE   =      376.9072  DIHED      =     2268.7186
 VDWAALS =    19782.2375  EEL     =  -155185.0519  HBOND      =        0.0000
 1-4 VDW =      592.5351  1-4 EEL =     8415.4859  RESTRAINT  =        0.0000


   NSTEP       ENERGY          RMS            GMAX         NAME    NUMBER
    315      -1.1524E+05     3.2965E-01     1.6409E+01     CG        955

 BOND    =     8536.3329  ANGLE   =      378.4835  DIHED      =     2266.1734
 VDWAALS =    19792.1474  EEL     =  -155215.7206  HBOND      =        0.0000
 1-4 VDW =      593.8610  1-4 EEL =     8412.8248  RESTRAINT  =        0.0000


   NSTEP       ENERGY          RMS            GMAX         NAME    NUMBER
    320      -1.1525E+05     4.3187E-01     3.2385E+01     CG        955

 BOND    =     8541.8693  ANGLE   =      384.8879  DIHED      =     2265.1296
 VDWAALS =    19810.8389  EEL     =  -155261.1142  HBOND      =        0.0000
 1-4 VDW =      596.8006  1-4 EEL =     8408.3519  RESTRAINT  =        0.0000


   NSTEP       ENERGY          RMS            GMAX         NAME    NUMBER
    325      -1.1530E+05     6.0134E-01     2.7373E+01     CD       2481

 BOND    =     8553.2590  ANGLE   =      393.8990  DIHED      =     2263.7454
 VDWAALS =    19850.4183  EEL     =  -155361.6727  HBOND      =        0.0000
 1-4 VDW =      598.3420  1-4 EEL =     8406.8681  RESTRAINT  =        0.0000


   NSTEP       ENERGY          RMS            GMAX         NAME    NUMBER
    330      -1.1530E+05     5.5108E-01     2.2739E+01     CD       2481

 BOND    =     8552.1735  ANGLE   =      393.4364  DIHED      =     2263.6906
 VDWAALS =    19850.3967  EEL     =  -155361.6266  HBOND      =        0.0000
 1-4 VDW =      598.2626  1-4 EEL =     8406.8677  RESTRAINT  =        0.0000


   NSTEP       ENERGY          RMS            GMAX         NAME    NUMBER
    335      -1.1532E+05     4.0163E-01     3.2117E+01     CG        955

 BOND    =     8552.4671  ANGLE   =      381.9891  DIHED      =     2262.7185
 VDWAALS =    19852.0497  EEL     =  -155373.1244  HBOND      =        0.0000
 1-4 VDW =      594.6276  1-4 EEL =     8406.7746  RESTRAINT  =        0.0000


   NSTEP       ENERGY          RMS            GMAX         NAME    NUMBER
    340      -1.1534E+05     3.5981E-01     3.0282E+01     CD       2481

 BOND    =     8554.4718  ANGLE   =      377.6492  DIHED      =     2262.8789
 VDWAALS =    19859.6220  EEL     =  -155393.7874  HBOND      =        0.0000
 1-4 VDW =      591.6369  1-4 EEL =     8409.6986  RESTRAINT  =        0.0000


   NSTEP       ENERGY          RMS            GMAX         NAME    NUMBER
    345      -1.1535E+05     3.0645E-01     2.2580E+01     CD        532

 BOND    =     8554.3799  ANGLE   =      377.4204  DIHED      =     2263.4019
 VDWAALS =    19873.4480  EEL     =  -155421.8880  HBOND      =        0.0000
 1-4 VDW =      590.4138  1-4 EEL =     8408.7929  RESTRAINT  =        0.0000


   NSTEP       ENERGY          RMS            GMAX         NAME    NUMBER
    350      -1.1536E+05     2.9128E-01     2.0294E+01     CD        532

 BOND    =     8557.5891  ANGLE   =      381.6623  DIHED      =     2263.2478
 VDWAALS =    19882.3439  EEL     =  -155443.3640  HBOND      =        0.0000
 1-4 VDW =      590.4461  1-4 EEL =     8405.9114  RESTRAINT  =        0.0000


   NSTEP       ENERGY          RMS            GMAX         NAME    NUMBER
    355      -1.1536E+05     2.3401E-01     8.6535E+00     CD        532

 BOND    =     8556.8345  ANGLE   =      381.1230  DIHED      =     2263.2173
 VDWAALS =    19882.4530  EEL     =  -155443.6028  HBOND      =        0.0000
 1-4 VDW =      590.4257  1-4 EEL =     8406.0450  RESTRAINT  =        0.0000


   NSTEP       ENERGY          RMS            GMAX         NAME    NUMBER
    360      -1.1537E+05     2.9072E-01     2.1039E+01     OD       1073

 BOND    =     8557.7984  ANGLE   =      377.2541  DIHED      =     2263.0084
 VDWAALS =    19885.6930  EEL     =  -155457.1521  HBOND      =        0.0000
 1-4 VDW =      590.0715  1-4 EEL =     8408.7599  RESTRAINT  =        0.0000


   NSTEP       ENERGY          RMS            GMAX         NAME    NUMBER
    365      -1.1539E+05     2.9155E-01     1.0473E+01     NE2      1680

 BOND    =     8561.4976  ANGLE   =      378.1389  DIHED      =     2260.9277
 VDWAALS =    19894.6580  EEL     =  -155484.1973  HBOND      =        0.0000
 1-4 VDW =      591.1852  1-4 EEL =     8406.1543  RESTRAINT  =        0.0000


   NSTEP       ENERGY          RMS            GMAX         NAME    NUMBER
    370      -1.1541E+05     4.2310E-01     3.2119E+01     CG        955

 BOND    =     8567.9977  ANGLE   =      385.7815  DIHED      =     2260.1846
 VDWAALS =    19913.5123  EEL     =  -155532.9929  HBOND      =        0.0000
 1-4 VDW =      594.0158  1-4 EEL =     8402.0059  RESTRAINT  =        0.0000


   NSTEP       ENERGY          RMS            GMAX         NAME    NUMBER
    375      -1.1545E+05     6.0200E-01     2.4099E+01     CG        955

 BOND    =     8580.1060  ANGLE   =      393.6790  DIHED      =     2259.3660
 VDWAALS =    19951.4478  EEL     =  -155632.2081  HBOND      =        0.0000
 1-4 VDW =      595.3212  1-4 EEL =     8400.8382  RESTRAINT  =        0.0000


   NSTEP       ENERGY          RMS            GMAX         NAME    NUMBER
    380      -1.1545E+05     5.5013E-01     2.1093E+01     HD       1074

 BOND    =     8578.7720  ANGLE   =      393.1886  DIHED      =     2259.3134
 VDWAALS =    19951.4395  EEL     =  -155631.9481  HBOND      =        0.0000
 1-4 VDW =      595.2431  1-4 EEL =     8400.8362  RESTRAINT  =        0.0000


   NSTEP       ENERGY          RMS            GMAX         NAME    NUMBER
    385      -1.1548E+05     3.8514E-01     3.0718E+01     CG        955

 BOND    =     8578.1083  ANGLE   =      382.3210  DIHED      =     2258.4362
 VDWAALS =    19953.5122  EEL     =  -155642.0529  HBOND      =        0.0000
 1-4 VDW =      591.9365  1-4 EEL =     8400.8132  RESTRAINT  =        0.0000


   NSTEP       ENERGY          RMS            GMAX         NAME    NUMBER
    390      -1.1549E+05     3.4776E-01     2.7041E+01     OD       1073

 BOND    =     8580.9156  ANGLE   =      378.3748  DIHED      =     2258.7331
 VDWAALS =    19961.0193  EEL     =  -155662.7589  HBOND      =        0.0000
 1-4 VDW =      589.2736  1-4 EEL =     8403.6181  RESTRAINT  =        0.0000


   NSTEP       ENERGY          RMS            GMAX         NAME    NUMBER
    395      -1.1551E+05     3.0275E-01     1.7077E+01     CD        532

 BOND    =     8579.9702  ANGLE   =      378.6055  DIHED      =     2259.2909
 VDWAALS =    19974.8866  EEL     =  -155690.4241  HBOND      =        0.0000
 1-4 VDW =      588.1135  1-4 EEL =     8403.0533  RESTRAINT  =        0.0000


   NSTEP       ENERGY          RMS            GMAX         NAME    NUMBER
    400      -1.1551E+05     2.7190E-01     1.5684E+01     CD        532

 BOND    =     8583.0652  ANGLE   =      382.3199  DIHED      =     2259.2041
 VDWAALS =    19983.3974  EEL     =  -155710.9144  HBOND      =        0.0000
 1-4 VDW =      588.1481  1-4 EEL =     8400.5055  RESTRAINT  =        0.0000


   NSTEP       ENERGY          RMS            GMAX         NAME    NUMBER
    405      -1.1552E+05     2.1852E-01     7.0778E+00     OD       2634

 BOND    =     8582.1110  ANGLE   =      381.8240  DIHED      =     2259.1755
 VDWAALS =    19983.4855  EEL     =  -155710.9117  HBOND      =        0.0000
 1-4 VDW =      588.1297  1-4 EEL =     8400.6460  RESTRAINT  =        0.0000


   NSTEP       ENERGY          RMS            GMAX         NAME    NUMBER
    410      -1.1553E+05     2.6107E-01     2.0348E+01     OD       1073

 BOND    =     8583.4964  ANGLE   =      378.2462  DIHED      =     2259.0361
 VDWAALS =    19986.5404  EEL     =  -155724.6996  HBOND      =        0.0000
 1-4 VDW =      587.8862  1-4 EEL =     8402.9842  RESTRAINT  =        0.0000


   NSTEP       ENERGY          RMS            GMAX         NAME    NUMBER
    415      -1.1554E+05     3.6342E-01     2.6544E+01     CD       2481

 BOND    =     8589.5576  ANGLE   =      378.4928  DIHED      =     2257.6754
 VDWAALS =    19991.9036  EEL     =  -155743.8535  HBOND      =        0.0000
 1-4 VDW =      588.3627  1-4 EEL =     8401.7964  RESTRAINT  =        0.0000


   NSTEP       ENERGY          RMS            GMAX         NAME    NUMBER
    420      -1.1556E+05     4.2579E-01     3.5280E+01     CG        955

 BOND    =     8592.9672  ANGLE   =      386.4540  DIHED      =     2256.7985
 VDWAALS =    20012.8405  EEL     =  -155795.9260  HBOND      =        0.0000
 1-4 VDW =      591.8043  1-4 EEL =     8396.9424  RESTRAINT  =        0.0000


   NSTEP       ENERGY          RMS            GMAX         NAME    NUMBER
    425      -1.1558E+05     6.3915E-01     2.6530E+01     CG        955

 BOND    =     8602.5312  ANGLE   =      394.5330  DIHED      =     2257.1589
 VDWAALS =    20036.8885  EEL     =  -155858.3120  HBOND      =        0.0000
 1-4 VDW =      593.2659  1-4 EEL =     8396.6981  RESTRAINT  =        0.0000


   NSTEP       ENERGY          RMS            GMAX         NAME    NUMBER
    430      -1.1558E+05     5.6150E-01     2.1280E+01     NE2      1680

 BOND    =     8600.3662  ANGLE   =      393.8054  DIHED      =     2257.0723
 VDWAALS =    20036.8910  EEL     =  -155857.6989  HBOND      =        0.0000
 1-4 VDW =      593.1646  1-4 EEL =     8396.6831  RESTRAINT  =        0.0000


   NSTEP       ENERGY          RMS            GMAX         NAME    NUMBER
    435      -1.1560E+05     3.8326E-01     3.1910E+01     CG        955

 BOND    =     8598.7166  ANGLE   =      382.8858  DIHED      =     2255.8925
 VDWAALS =    20039.0526  EEL     =  -155865.8529  HBOND      =        0.0000
 1-4 VDW =      590.1694  1-4 EEL =     8396.9109  RESTRAINT  =        0.0000


   NSTEP       ENERGY          RMS            GMAX         NAME    NUMBER
    440      -1.1561E+05     3.3566E-01     2.3822E+01     OD       1073

 BOND    =     8602.2841  ANGLE   =      379.0963  DIHED      =     2256.2966
 VDWAALS =    20046.0681  EEL     =  -155886.1957  HBOND      =        0.0000
 1-4 VDW =      587.8739  1-4 EEL =     8399.6358  RESTRAINT  =        0.0000


   NSTEP       ENERGY          RMS            GMAX         NAME    NUMBER
    445      -1.1563E+05     3.0410E-01     1.6998E+01     CD        547

 BOND    =     8601.1676  ANGLE   =      379.7060  DIHED      =     2256.8948
 VDWAALS =    20059.5051  EEL     =  -155912.9271  HBOND      =        0.0000
 1-4 VDW =      586.8301  1-4 EEL =     8399.3278  RESTRAINT  =        0.0000


   NSTEP       ENERGY          RMS            GMAX         NAME    NUMBER
    450      -1.1564E+05     2.6179E-01     1.2408E+01     CD        547

 BOND    =     8603.2214  ANGLE   =      382.8686  DIHED      =     2256.7466
 VDWAALS =    20067.4018  EEL     =  -155930.8209  HBOND      =        0.0000
 1-4 VDW =      586.8101  1-4 EEL =     8397.4064  RESTRAINT  =        0.0000


   NSTEP       ENERGY          RMS            GMAX         NAME    NUMBER
    455      -1.1564E+05     2.0491E-01     6.1919E+00     OD       2634

 BOND    =     8602.0909  ANGLE   =      382.3744  DIHED      =     2256.7295
 VDWAALS =    20067.4497  EEL     =  -155930.5664  HBOND      =        0.0000
 1-4 VDW =      586.7989  1-4 EEL =     8397.5124  RESTRAINT  =        0.0000


   NSTEP       ENERGY          RMS            GMAX         NAME    NUMBER
    460      -1.1565E+05     2.8742E-01     2.3408E+01     OD       1073

 BOND    =     8604.2933  ANGLE   =      379.3040  DIHED      =     2256.7212
 VDWAALS =    20070.7033  EEL     =  -155945.1020  HBOND      =        0.0000
 1-4 VDW =      586.7110  1-4 EEL =     8399.4650  RESTRAINT  =        0.0000


   NSTEP       ENERGY          RMS            GMAX         NAME    NUMBER
    465      -1.1566E+05     2.4878E-01     7.4598E+00     CD       2481

 BOND    =     8607.2283  ANGLE   =      379.8339  DIHED      =     2254.9433
 VDWAALS =    20078.7828  EEL     =  -155968.1906  HBOND      =        0.0000
 1-4 VDW =      587.7509  1-4 EEL =     8397.0571  RESTRAINT  =        0.0000


   NSTEP       ENERGY          RMS            GMAX         NAME    NUMBER
    470      -1.1568E+05     3.7781E-01     3.0285E+01     CG        955

 BOND    =     8612.6180  ANGLE   =      386.5853  DIHED      =     2254.6530
 VDWAALS =    20094.6763  EEL     =  -156008.6601  HBOND      =        0.0000
 1-4 VDW =      590.2690  1-4 EEL =     8393.6244  RESTRAINT  =        0.0000


   NSTEP       ENERGY          RMS            GMAX         NAME    NUMBER
    475      -1.1572E+05     6.3687E-01     2.5179E+01     NE2      1680

 BOND    =     8626.9287  ANGLE   =      395.1124  DIHED      =     2255.0454
 VDWAALS =    20134.5847  EEL     =  -156112.9744  HBOND      =        0.0000
 1-4 VDW =      591.5029  1-4 EEL =     8392.6474  RESTRAINT  =        0.0000


   NSTEP       ENERGY          RMS            GMAX         NAME    NUMBER
    480      -1.1572E+05     5.8451E-01     2.1837E+01     NE2      1680

 BOND    =     8625.2357  ANGLE   =      394.6073  DIHED      =     2254.9772
 VDWAALS =    20134.5920  EEL     =  -156112.3153  HBOND      =        0.0000
 1-4 VDW =      591.4379  1-4 EEL =     8392.6332  RESTRAINT  =        0.0000


   NSTEP       ENERGY          RMS            GMAX         NAME    NUMBER
    485      -1.1574E+05     3.8924E-01     3.6020E+01     CG        955

 BOND    =     8621.4862  ANGLE   =      383.5224  DIHED      =     2253.4596
 VDWAALS =    20136.7703  EEL     =  -156117.5067  HBOND      =        0.0000
 1-4 VDW =      588.5662  1-4 EEL =     8392.6720  RESTRAINT  =        0.0000


   NSTEP       ENERGY          RMS            GMAX         NAME    NUMBER
    490      -1.1575E+05     3.2423E-01     2.3811E+01     OD       1073

 BOND    =     8626.2803  ANGLE   =      380.0734  DIHED      =     2253.8732
 VDWAALS =    20142.9942  EEL     =  -156137.9744  HBOND      =        0.0000
 1-4 VDW =      586.4982  1-4 EEL =     8395.3493  RESTRAINT  =        0.0000


   NSTEP       ENERGY          RMS            GMAX         NAME    NUMBER
    495      -1.1577E+05     2.9891E-01     2.1213E+01     CD        547

 BOND    =     8624.5195  ANGLE   =      380.5404  DIHED      =     2254.2985
 VDWAALS =    20155.4201  EEL     =  -156161.9597  HBOND      =        0.0000
 1-4 VDW =      585.4766  1-4 EEL =     8395.0215  RESTRAINT  =        0.0000


   NSTEP       ENERGY          RMS            GMAX         NAME    NUMBER
    500      -1.1577E+05     2.3705E-01     1.2368E+01     CD        547

 BOND    =     8625.8455  ANGLE   =      382.9057  DIHED      =     2254.0949
 VDWAALS =    20161.9441  EEL     =  -156176.4579  HBOND      =        0.0000
 1-4 VDW =      585.4474  1-4 EEL =     8393.4324  RESTRAINT  =        0.0000


  Maximum number of minimization cycles reached.


                    FINAL RESULTS



   NSTEP       ENERGY          RMS            GMAX         NAME    NUMBER
    500      -1.1577E+05     2.3705E-01     1.2368E+01     CD        547

 BOND    =     8625.8455  ANGLE   =      382.9057  DIHED      =     2254.0949
 VDWAALS =    20161.9441  EEL     =  -156176.4579  HBOND      =        0.0000
 1-4 VDW =      585.4474  1-4 EEL =     8393.4324  RESTRAINT  =        0.0000
--------------------------------------------------------------------------------
   5.  TIMINGS
--------------------------------------------------------------------------------

|  NonSetup CPU Time in Major Routines:
|
|     Routine           Sec        %
|     ------------------------------
|     Nonbond          52.71   96.57
|     Bond              0.18    0.34
|     Angle             0.19    0.34
|     Dihedral          1.26    2.32
|     Shake             0.00    0.00
|     Other             0.24    0.43
|     ------------------------------
|     Total            54.58

|  PME Nonbond Pairlist CPU Time:
|
|     Routine              Sec        %
|     ---------------------------------
|     Set Up Cit           0.00    0.00
|     Build List           0.65    1.19
|     ---------------------------------
|     Total                0.65    1.19

|  PME Direct Force CPU Time:
|
|     Routine              Sec        %
|     ---------------------------------
|     NonBonded Calc      34.87   63.88
|     Exclude Masked       0.73    1.34
|     Other                0.20    0.37
|     ---------------------------------
|     Total               35.80   65.59

|  PME Reciprocal Force CPU Time:
|
|     Routine              Sec        %
|     ---------------------------------
|     1D bspline           0.58    1.06
|     Grid Charges         1.20    2.20
|     Scalar Sum           5.91   10.83
|     Gradient Sum         1.90    3.47
|     FFT                  6.64   12.17
|     ---------------------------------
|     Total               16.23   29.74

|  Setup CPU time:            0.10 seconds
|  NonSetup CPU time:        54.58 seconds
|  Total CPU time:           54.68 seconds     0.02 hours

|  Setup wall time:           0    seconds
|  NonSetup wall time:       54    seconds
|  Total wall time:          54    seconds     0.01 hours
