
          -------------------------------------------------------
          Amber 16 PMEMD                              2016
          -------------------------------------------------------

| PMEMD implementation of SANDER, Release 16

| Run on 11/03/2016 at 18:08:11

|   Executable path: pmemd.cuda
| Working directory: /home/german/exs/run/1xkk/mhe/e
|          Hostname: Unknown
  [-O]verwriting output

File Assignments:
|   MDIN: 12equ.in                                                              
|  MDOUT: 12equ.out                                                             
| INPCRD: 11e1xkk.rst7                                                          
|   PARM: 1xkk.prmtop                                                           
| RESTRT: 12e1xkk.rst7                                                          
|   REFC: 11e1xkk.rst7                                                          
|  MDVEL: mdvel                                                                 
|   MDEN: mden                                                                  
|  MDCRD: 12e1xkk.nc                                                            
| MDINFO: mdinfo                                                                
|  MDFRC: mdfrc                                                                 


 Here is the input file:

Equilibration with solute restrictions                                         
&cntrl                                                                         
imin = 0,                           ! No Minimization                          
nmropt = 0,                         ! No NMR restraints read                   
                                                                               
! Nature and format of the input                                               
ntx = 5,                            ! Coordinates but no velocities will be rea
irest = 1,                          ! Do not run a new simulation              
                                                                               
! Nature and format of the output                                              
ntxo = 1,                           ! rstrt file in ASCII format               
ntpr = 500,                         ! inf in output every ntpr steps           
ntwr = 500,                         ! rstrt file every ntwr steps              
ntwx = 500,                         ! mdcrd file every ntwx steps              
ntwv = 0,                           ! mdvel without velocities                 
ntwe = 0,                           ! Energies and temperatures not written in 
idecomp = 0,                        ! No energy decomposition                  
iwrap = 1,                          ! Coordinates of the restart and mdcrd file
                                                                               
! Frozen or restrained atoms                                                   
ibelly = 0,                         ! No frozen atoms                          
ntr=1,                              ! Harmonic potential restraints            
restraint_wt = 7.0,                ! The weight for the positional restraints  
restraintmask = ':1-277@N,CA,C,O',  ! restrained residues                      
                                                                               
! Molecular dynamics                                                           
nstlim = 50000,                     ! Number of MD-steps                       
dt = 0.002,                         ! Time step                                
                                                                               
! Temperature regulation                                                       
ntt = 3,                            ! Langevin thermostat                      
gamma_ln = 5,                       ! Gamma constant for Langevin              
!temp0 = 300.0,                     ! Reference T at which the system is to be 
tempi = 300.0,                      ! Initial T                                
ig = -1,                            ! Seed for the RNG                         
                                                                               
! P and V regulation                                                           
ntp = 1,                            ! Constant P. Isotropic scaling            
barostat = 1,                       ! Berendsen barostat                       
taup = 1,                           ! Pressure relaxation time                 
nrespa = 1,                         ! Evaluate at each step                    
ntb = 2,                            ! Periodic box for constant P              
                                                                               
! SHAKE variables                                                              
ntc = 2,                            ! Bonds involving H are constrained        
ntf = 2,                            ! Bond interaction involving H are ommited.
                                                                               
cut = 10.0,                         ! Nonbonded cutoff                         
/                                                                              
&end                                                                           


Note: ig = -1. Setting random seed to   115508 based on wallclock time in 
      microseconds.
 
|--------------------- INFORMATION ----------------------
| GPU (CUDA) Version of PMEMD in use: NVIDIA GPU IN USE.
|                    Version 16.0.0
| 
|                      02/25/2016
| 
| Implementation by:
|                    Ross C. Walker     (SDSC)
|                    Scott Le Grand     (nVIDIA)
| 
| Precision model in use:
|      [SPFP] - Single Precision Forces, 64-bit Fixed Point
|               Accumulation. (Default)
| 
|--------------------------------------------------------
 
|----------------- CITATION INFORMATION -----------------
|
|    When publishing work that utilized the CUDA version
|    of AMBER, please cite the following in addition to
|    the regular AMBER citations:
|
|  - Romelia Salomon-Ferrer; Andreas W. Goetz; Duncan
|    Poole; Scott Le Grand; Ross C. Walker "Routine
|    microsecond molecular dynamics simulations with
|    AMBER - Part II: Particle Mesh Ewald", J. Chem.
|    Theory Comput., 2013, 9 (9), pp3878-3888,
|    DOI: 10.1021/ct400314y.
|
|  - Andreas W. Goetz; Mark J. Williamson; Dong Xu;
|    Duncan Poole; Scott Le Grand; Ross C. Walker
|    "Routine microsecond molecular dynamics simulations
|    with AMBER - Part I: Generalized Born", J. Chem.
|    Theory Comput., 2012, 8 (5), pp1542-1555.
|
|  - Scott Le Grand; Andreas W. Goetz; Ross C. Walker
|    "SPFP: Speed without compromise - a mixed precision
|    model for GPU accelerated molecular dynamics
|    simulations.", Comp. Phys. Comm., 2013, 184
|    pp374-380, DOI: 10.1016/j.cpc.2012.09.022
|
|--------------------------------------------------------
 
|------------------- GPU DEVICE INFO --------------------
|
|            CUDA_VISIBLE_DEVICES: 0
|   CUDA Capable Devices Detected:      1
|           CUDA Device ID in use:      0
|                CUDA Device Name: GeForce GTX 1060 6GB
|     CUDA Device Global Mem Size:   6072 MB
| CUDA Device Num Multiprocessors:     10
|           CUDA Device Core Freq:   1.76 GHz
|
|--------------------------------------------------------
 
 
| Conditional Compilation Defines Used:
| PUBFFT
| BINTRAJ
| CUDA
| EMIL

| Largest sphere to fit in unit cell has radius =    32.296

| New format PARM file being parsed.
| Version =    1.000 Date = 11/02/16 Time = 18:58:26

| Note: 1-4 EEL scale factors are being read from the topology file.

| Note: 1-4 VDW scale factors are being read from the topology file.
| Duplicated    0 dihedrals

| Duplicated    0 dihedrals

--------------------------------------------------------------------------------
   1.  RESOURCE   USE: 
--------------------------------------------------------------------------------

 getting new box info from bottom of inpcrd
 NATOM  =   38152 NTYPES =      17 NBONH =   35925 MBONA  =    2274
 NTHETH =    5230 MTHETA =    3076 NPHIH =   10294 MPHIA  =    9770
 NHPARM =       0 NPARM  =       0 NNB   =   69910 NRES   =   11492
 NBONA  =    2274 NTHETA =    3076 NPHIA =    9770 NUMBND =      71
 NUMANG =     161 NPTRA  =     201 NATYP =      37 NPHB   =       1
 IFBOX  =       2 NMXRS  =      24 IFCAP =       0 NEXTRA =       0
 NCOPY  =       0

| Coordinate Index Table dimensions:    12   12   12
| Direct force subcell size =     6.5924    6.5924    6.5924

     BOX TYPE: TRUNCATED OCTAHEDRON

--------------------------------------------------------------------------------
   2.  CONTROL  DATA  FOR  THE  RUN
--------------------------------------------------------------------------------

default_name                                                                    

General flags:
     imin    =       0, nmropt  =       0

Nature and format of input:
     ntx     =       5, irest   =       1, ntrx    =       1

Nature and format of output:
     ntxo    =       1, ntpr    =     500, ntrx    =       1, ntwr    =     500
     iwrap   =       1, ntwx    =     500, ntwv    =       0, ntwe    =       0
     ioutfm  =       1, ntwprt  =       0, idecomp =       0, rbornstat=      0

Potential function:
     ntf     =       2, ntb     =       2, igb     =       0, nsnb    =      25
     ipol    =       0, gbsa    =       0, iesp    =       0
     dielc   =   1.00000, cut     =  10.00000, intdiel =   1.00000

Frozen or restrained atoms:
     ibelly  =       0, ntr     =       1
     restraint_wt =   7.00000

Molecular dynamics:
     nstlim  =     50000, nscm    =         0, nrespa  =         1
     t       =   0.00000, dt      =   0.00200, vlimit  =  -1.00000

Langevin dynamics temperature regulation:
     ig      =  115508
     temp0   = 300.00000, tempi   = 300.00000, gamma_ln=   5.00000

Pressure regulation:
     ntp     =       1
     pres0   =   1.00000, comp    =  44.60000, taup    =   1.00000

SHAKE:
     ntc     =       2, jfastw  =       0
     tol     =   0.00001

| Intermolecular bonds treatment:
|     no_intermolecular_bonds =       1

| Energy averages sample interval:
|     ene_avg_sampling =     500

Ewald parameters:
     verbose =       0, ew_type =       0, nbflag  =       1, use_pme =       1
     vdwmeth =       1, eedmeth =       1, netfrc  =       1
     Box X =   79.108   Box Y =   79.108   Box Z =   79.108
     Alpha =  109.471   Beta  =  109.471   Gamma =  109.471
     NFFT1 =   80       NFFT2 =   80       NFFT3 =   80
     Cutoff=   10.000   Tol   =0.100E-04
     Ewald Coefficient =  0.27511
     Interpolation order =    4

    LOADING THE CONSTRAINED ATOMS AS GROUPS


   5.  REFERENCE ATOM COORDINATES

  default_name                                                                    
     Mask :1-277@N,CA,C,O; matches  1108 atoms

--------------------------------------------------------------------------------
   3.  ATOMIC COORDINATES AND VELOCITIES
--------------------------------------------------------------------------------

default_name                                                                    
 begin time read from input coords =  1240.000 ps

 
 Number of triangulated 3-point waters found:    11212

     Sum of charges from parm topology file =  -0.00000014
     Forcing neutrality...

| Dynamic Memory, Types Used:
| Reals             1766286
| Integers          1385427

| Nonbonded Pairs Initial Allocation:    11540026

| GPU memory information (estimate):
| KB of GPU memory in use:    279976
| KB of CPU memory in use:     54316

--------------------------------------------------------------------------------
   4.  RESULTS
--------------------------------------------------------------------------------

 ---------------------------------------------------
 APPROXIMATING switch and d/dx switch using CUBIC SPLINE INTERPOLATION
 using   5000.0 points per unit in tabled values
 TESTING RELATIVE ERROR over r ranging from 0.0 to cutoff
| CHECK switch(x): max rel err =   0.2738E-14   at   2.422500
| CHECK d/dx switch(x): max rel err =   0.8314E-11   at   2.736960
 ---------------------------------------------------
|---------------------------------------------------
| APPROXIMATING direct energy using CUBIC SPLINE INTERPOLATION
|  with   50.0 points per unit in tabled values
| Relative Error Limit not exceeded for r .gt.   2.33
| APPROXIMATING direct force using CUBIC SPLINE INTERPOLATION
|  with   50.0 points per unit in tabled values
| Relative Error Limit not exceeded for r .gt.   2.80
|---------------------------------------------------
wrapping first mol.:       26.36045       37.27930       64.56964
wrapping first mol.:       26.36045       37.27930       64.56964

 NSTEP =      500   TIME(PS) =    1241.000  TEMP(K) =   300.14  PRESS =   -25.3
 Etot   =    -90488.5355  EKtot   =     23419.1641  EPtot      =   -113907.6995
 BOND   =       846.2033  ANGLE   =      2300.6101  DIHED      =      3496.6262
 1-4 NB =      1028.9108  1-4 EEL =     12323.5463  VDWAALS    =     13019.5672
 EELEC  =   -147144.1076  EHBOND  =         0.0000  RESTRAINT  =       220.9441
 EAMBER (non-restraint)  =   -114128.6437
 EKCMT  =      9975.6821  VIRIAL  =     10183.6509  VOLUME     =    380716.0379
                                                    Density    =         1.0196
 ------------------------------------------------------------------------------

wrapping first mol.:       26.34699       37.26028       64.53669
wrapping first mol.:       26.34699       37.26028       64.53669

 NSTEP =     1000   TIME(PS) =    1242.000  TEMP(K) =   299.15  PRESS =    11.0
 Etot   =    -90532.7060  EKtot   =     23342.3828  EPtot      =   -113875.0888
 BOND   =       892.3381  ANGLE   =      2334.2811  DIHED      =      3526.0606
 1-4 NB =      1025.4982  1-4 EEL =     12339.7531  VDWAALS    =     13263.8490
 EELEC  =   -147490.2247  EHBOND  =         0.0000  RESTRAINT  =       233.3557
 EAMBER (non-restraint)  =   -114108.4445
 EKCMT  =     10051.9205  VIRIAL  =      9961.7918  VOLUME     =    380132.1014
                                                    Density    =         1.0211
 ------------------------------------------------------------------------------

wrapping first mol.:       26.34608       37.25899       64.53446
wrapping first mol.:       26.34608       37.25899       64.53446

 NSTEP =     1500   TIME(PS) =    1243.000  TEMP(K) =   298.27  PRESS =   165.5
 Etot   =    -90640.6961  EKtot   =     23273.1641  EPtot      =   -113913.8602
 BOND   =       826.3867  ANGLE   =      2261.6637  DIHED      =      3474.3773
 1-4 NB =      1038.6244  1-4 EEL =     12316.8186  VDWAALS    =     13080.3131
 EELEC  =   -147125.9837  EHBOND  =         0.0000  RESTRAINT  =       213.9396
 EAMBER (non-restraint)  =   -114127.7998
 EKCMT  =     10045.1434  VIRIAL  =      8687.2162  VOLUME     =    380087.4723
                                                    Density    =         1.0213
 ------------------------------------------------------------------------------

wrapping first mol.:       26.34577       37.25855       64.53369
wrapping first mol.:       26.34577       37.25855       64.53369

 NSTEP =     2000   TIME(PS) =    1244.000  TEMP(K) =   299.19  PRESS =    11.2
 Etot   =    -90875.5753  EKtot   =     23344.9453  EPtot      =   -114220.5206
 BOND   =       825.8317  ANGLE   =      2308.3269  DIHED      =      3495.4500
 1-4 NB =      1058.4375  1-4 EEL =     12359.3340  VDWAALS    =     13271.6951
 EELEC  =   -147765.0645  EHBOND  =         0.0000  RESTRAINT  =       225.4688
 EAMBER (non-restraint)  =   -114445.9894
 EKCMT  =      9982.1999  VIRIAL  =      9890.0502  VOLUME     =    380079.2112
                                                    Density    =         1.0213
 ------------------------------------------------------------------------------

wrapping first mol.:       26.33958       37.24979       64.51853
wrapping first mol.:       26.33958       37.24979       64.51853

 NSTEP =     2500   TIME(PS) =    1245.000  TEMP(K) =   302.15  PRESS =    57.5
 Etot   =    -90469.2480  EKtot   =     23576.0469  EPtot      =   -114045.2949
 BOND   =       830.3440  ANGLE   =      2283.1372  DIHED      =      3515.2346
 1-4 NB =      1038.9806  1-4 EEL =     12308.0489  VDWAALS    =     13172.9452
 EELEC  =   -147411.6721  EHBOND  =         0.0000  RESTRAINT  =       217.6867
 EAMBER (non-restraint)  =   -114262.9816
 EKCMT  =     10160.4112  VIRIAL  =      9689.0116  VOLUME     =    379809.7528
                                                    Density    =         1.0220
 ------------------------------------------------------------------------------

wrapping first mol.:       26.33108       37.23777       64.49771
wrapping first mol.:       26.33108       37.23777       64.49771

 NSTEP =     3000   TIME(PS) =    1246.000  TEMP(K) =   300.36  PRESS =    -5.4
 Etot   =    -90599.7322  EKtot   =     23436.5273  EPtot      =   -114036.2595
 BOND   =       824.5860  ANGLE   =      2343.0989  DIHED      =      3492.5601
 1-4 NB =      1040.4598  1-4 EEL =     12371.4917  VDWAALS    =     13290.9684
 EELEC  =   -147607.2965  EHBOND  =         0.0000  RESTRAINT  =       207.8719
 EAMBER (non-restraint)  =   -114244.1314
 EKCMT  =     10095.9555  VIRIAL  =     10139.8853  VOLUME     =    379444.3192
                                                    Density    =         1.0230
 ------------------------------------------------------------------------------

wrapping first mol.:       26.33775       37.24720       64.51405
wrapping first mol.:       26.33775       37.24720       64.51405

 NSTEP =     3500   TIME(PS) =    1247.000  TEMP(K) =   297.31  PRESS =    17.5
 Etot   =    -90781.0137  EKtot   =     23198.1602  EPtot      =   -113979.1739
 BOND   =       885.1115  ANGLE   =      2286.8809  DIHED      =      3492.7030
 1-4 NB =      1020.9596  1-4 EEL =     12370.9821  VDWAALS    =     13092.0102
 EELEC  =   -147354.4599  EHBOND  =         0.0000  RESTRAINT  =       226.6386
 EAMBER (non-restraint)  =   -114205.8125
 EKCMT  =      9831.4659  VIRIAL  =      9688.1051  VOLUME     =    379731.9647
                                                    Density    =         1.0222
 ------------------------------------------------------------------------------

wrapping first mol.:       26.33850       37.24827       64.51588
wrapping first mol.:       26.33850       37.24827       64.51588

 NSTEP =     4000   TIME(PS) =    1248.000  TEMP(K) =   300.72  PRESS =   103.0
 Etot   =    -90556.7613  EKtot   =     23464.2930  EPtot      =   -114021.0543
 BOND   =       828.4431  ANGLE   =      2331.2432  DIHED      =      3493.3535
 1-4 NB =      1055.3851  1-4 EEL =     12351.7538  VDWAALS    =     13260.4796
 EELEC  =   -147576.4328  EHBOND  =         0.0000  RESTRAINT  =       234.7201
 EAMBER (non-restraint)  =   -114255.7744
 EKCMT  =     10120.5828  VIRIAL  =      9276.3738  VOLUME     =    379761.5356
                                                    Density    =         1.0221
 ------------------------------------------------------------------------------

wrapping first mol.:       26.34194       37.25313       64.52431
wrapping first mol.:       26.34194       37.25313       64.52431

 NSTEP =     4500   TIME(PS) =    1249.000  TEMP(K) =   300.18  PRESS =  -113.1
 Etot   =    -90844.0124  EKtot   =     23422.4805  EPtot      =   -114266.4929
 BOND   =       846.4160  ANGLE   =      2283.8098  DIHED      =      3527.9586
 1-4 NB =      1044.1855  1-4 EEL =     12327.7981  VDWAALS    =     13278.0406
 EELEC  =   -147808.9816  EHBOND  =         0.0000  RESTRAINT  =       234.2802
 EAMBER (non-restraint)  =   -114500.7731
 EKCMT  =     10011.0395  VIRIAL  =     10938.7812  VOLUME     =    379917.7508
                                                    Density    =         1.0217
 ------------------------------------------------------------------------------

wrapping first mol.:       26.33476       37.24298       64.50672
wrapping first mol.:       26.33476       37.24298       64.50672

 NSTEP =     5000   TIME(PS) =    1250.000  TEMP(K) =   303.58  PRESS =  -134.0
 Etot   =    -90656.7665  EKtot   =     23688.0547  EPtot      =   -114344.8212
 BOND   =       865.2099  ANGLE   =      2253.4520  DIHED      =      3510.7128
 1-4 NB =      1041.5048  1-4 EEL =     12389.9084  VDWAALS    =     13333.8321
 EELEC  =   -147974.6241  EHBOND  =         0.0000  RESTRAINT  =       235.1828
 EAMBER (non-restraint)  =   -114580.0040
 EKCMT  =     10008.7241  VIRIAL  =     11106.7834  VOLUME     =    379607.8030
                                                    Density    =         1.0225
 ------------------------------------------------------------------------------

wrapping first mol.:       26.32960       37.23568       64.49408
wrapping first mol.:       26.32960       37.23568       64.49408

 NSTEP =     5500   TIME(PS) =    1251.000  TEMP(K) =   300.88  PRESS =  -117.4
 Etot   =    -90962.4258  EKtot   =     23477.3398  EPtot      =   -114439.7656
 BOND   =       853.5670  ANGLE   =      2279.4149  DIHED      =      3532.7906
 1-4 NB =      1031.4417  1-4 EEL =     12351.0192  VDWAALS    =     13195.9930
 EELEC  =   -147919.3027  EHBOND  =         0.0000  RESTRAINT  =       235.3106
 EAMBER (non-restraint)  =   -114675.0762
 EKCMT  =     10181.7314  VIRIAL  =     11143.0596  VOLUME     =    379384.1327
                                                    Density    =         1.0232
 ------------------------------------------------------------------------------

wrapping first mol.:       26.32802       37.23344       64.49021
wrapping first mol.:       26.32802       37.23344       64.49021

 NSTEP =     6000   TIME(PS) =    1252.000  TEMP(K) =   298.33  PRESS =   119.6
 Etot   =    -90786.6834  EKtot   =     23278.4355  EPtot      =   -114065.1189
 BOND   =       856.6377  ANGLE   =      2343.6838  DIHED      =      3502.6771
 1-4 NB =      1039.8055  1-4 EEL =     12349.5177  VDWAALS    =     13372.3618
 EELEC  =   -147768.5713  EHBOND  =         0.0000  RESTRAINT  =       238.7689
 EAMBER (non-restraint)  =   -114303.8878
 EKCMT  =      9824.8832  VIRIAL  =      8845.3371  VOLUME     =    379307.8005
                                                    Density    =         1.0234
 ------------------------------------------------------------------------------

wrapping first mol.:       26.33114       37.23786       64.49785
wrapping first mol.:       26.33114       37.23786       64.49785

 NSTEP =     6500   TIME(PS) =    1253.000  TEMP(K) =   299.53  PRESS =   -83.4
 Etot   =    -90898.4472  EKtot   =     23371.5312  EPtot      =   -114269.9785
 BOND   =       859.0444  ANGLE   =      2302.6388  DIHED      =      3507.5294
 1-4 NB =      1043.0101  1-4 EEL =     12342.5108  VDWAALS    =     13341.4199
 EELEC  =   -147899.7372  EHBOND  =         0.0000  RESTRAINT  =       233.6053
 EAMBER (non-restraint)  =   -114503.5838
 EKCMT  =     10009.9825  VIRIAL  =     10693.5443  VOLUME     =    379449.5000
                                                    Density    =         1.0230
 ------------------------------------------------------------------------------

wrapping first mol.:       26.34441       37.25662       64.53035
wrapping first mol.:       26.34441       37.25662       64.53035

 NSTEP =     7000   TIME(PS) =    1254.000  TEMP(K) =   300.96  PRESS =   207.9
 Etot   =    -90449.1215  EKtot   =     23483.2441  EPtot      =   -113932.3657
 BOND   =       858.2627  ANGLE   =      2284.5286  DIHED      =      3493.0529
 1-4 NB =      1034.2564  1-4 EEL =     12280.2899  VDWAALS    =     13239.7471
 EELEC  =   -147354.6734  EHBOND  =         0.0000  RESTRAINT  =       232.1703
 EAMBER (non-restraint)  =   -114164.5360
 EKCMT  =     10080.1440  VIRIAL  =      8374.0881  VOLUME     =    380013.4585
                                                    Density    =         1.0215
 ------------------------------------------------------------------------------

wrapping first mol.:       26.34896       37.26305       64.54149
wrapping first mol.:       26.34896       37.26305       64.54149

 NSTEP =     7500   TIME(PS) =    1255.000  TEMP(K) =   299.45  PRESS =    19.5
 Etot   =    -90716.0937  EKtot   =     23365.5273  EPtot      =   -114081.6210
 BOND   =       894.0209  ANGLE   =      2296.8219  DIHED      =      3512.5014
 1-4 NB =      1052.7010  1-4 EEL =     12342.0387  VDWAALS    =     12975.4441
 EELEC  =   -147387.4788  EHBOND  =         0.0000  RESTRAINT  =       232.3298
 EAMBER (non-restraint)  =   -114313.9508
 EKCMT  =     10061.7542  VIRIAL  =      9902.0462  VOLUME     =    380216.7965
                                                    Density    =         1.0209
 ------------------------------------------------------------------------------

wrapping first mol.:       26.35628       37.27340       64.55942
wrapping first mol.:       26.35628       37.27340       64.55942

 NSTEP =     8000   TIME(PS) =    1256.000  TEMP(K) =   302.22  PRESS =    80.3
 Etot   =    -90312.2226  EKtot   =     23581.8828  EPtot      =   -113894.1054
 BOND   =       818.0656  ANGLE   =      2310.6669  DIHED      =      3509.5816
 1-4 NB =      1031.8053  1-4 EEL =     12344.0918  VDWAALS    =     13105.3908
 EELEC  =   -147246.4705  EHBOND  =         0.0000  RESTRAINT  =       232.7632
 EAMBER (non-restraint)  =   -114126.8686
 EKCMT  =     10135.5815  VIRIAL  =      9475.8617  VOLUME     =    380531.6356
                                                    Density    =         1.0201
 ------------------------------------------------------------------------------

wrapping first mol.:       26.32844       37.23404       64.49124
wrapping first mol.:       26.32844       37.23404       64.49124

 NSTEP =     8500   TIME(PS) =    1257.000  TEMP(K) =   300.40  PRESS =   -12.9
 Etot   =    -90827.1404  EKtot   =     23439.4902  EPtot      =   -114266.6306
 BOND   =       846.5127  ANGLE   =      2315.3898  DIHED      =      3491.9099
 1-4 NB =      1053.2776  1-4 EEL =     12356.2172  VDWAALS    =     13192.5574
 EELEC  =   -147741.3864  EHBOND  =         0.0000  RESTRAINT  =       218.8912
 EAMBER (non-restraint)  =   -114485.5217
 EKCMT  =     10117.7408  VIRIAL  =     10223.2644  VOLUME     =    379330.4661
                                                    Density    =         1.0233
 ------------------------------------------------------------------------------

wrapping first mol.:       26.32881       37.23455       64.49213
wrapping first mol.:       26.32881       37.23455       64.49213

 NSTEP =     9000   TIME(PS) =    1258.000  TEMP(K) =   297.75  PRESS =    15.6
 Etot   =    -90902.7411  EKtot   =     23233.2422  EPtot      =   -114135.9833
 BOND   =       852.3039  ANGLE   =      2317.9322  DIHED      =      3487.7229
 1-4 NB =      1037.1066  1-4 EEL =     12325.1385  VDWAALS    =     13131.5098
 EELEC  =   -147512.0820  EHBOND  =         0.0000  RESTRAINT  =       224.3847
 EAMBER (non-restraint)  =   -114360.3680
 EKCMT  =      9974.8668  VIRIAL  =      9846.7667  VOLUME     =    379345.2064
                                                    Density    =         1.0233
 ------------------------------------------------------------------------------

wrapping first mol.:       26.34246       37.25386       64.52557
wrapping first mol.:       26.34246       37.25386       64.52557

 NSTEP =     9500   TIME(PS) =    1259.000  TEMP(K) =   302.32  PRESS =   131.3
 Etot   =    -90534.0969  EKtot   =     23589.6699  EPtot      =   -114123.7668
 BOND   =       796.4669  ANGLE   =      2363.9680  DIHED      =      3517.8313
 1-4 NB =      1046.8352  1-4 EEL =     12303.3606  VDWAALS    =     13314.5976
 EELEC  =   -147700.7856  EHBOND  =         0.0000  RESTRAINT  =       233.9592
 EAMBER (non-restraint)  =   -114357.7260
 EKCMT  =     10124.1665  VIRIAL  =      9046.8222  VOLUME     =    379931.6011
                                                    Density    =         1.0217
 ------------------------------------------------------------------------------

wrapping first mol.:       26.34287       37.25444       64.52658
wrapping first mol.:       26.34287       37.25444       64.52658

 NSTEP =    10000   TIME(PS) =    1260.000  TEMP(K) =   300.98  PRESS =  -182.7
 Etot   =    -90923.0916  EKtot   =     23485.0273  EPtot      =   -114408.1190
 BOND   =       890.4278  ANGLE   =      2323.9537  DIHED      =      3507.6967
 1-4 NB =      1012.8955  1-4 EEL =     12284.8912  VDWAALS    =     13078.2479
 EELEC  =   -147729.1809  EHBOND  =         0.0000  RESTRAINT  =       222.9491
 EAMBER (non-restraint)  =   -114631.0681
 EKCMT  =     10074.8365  VIRIAL  =     11573.9620  VOLUME     =    379960.1663
                                                    Density    =         1.0216
 ------------------------------------------------------------------------------

wrapping first mol.:       26.32991       37.23611       64.49484
wrapping first mol.:       26.32991       37.23611       64.49484

 NSTEP =    10500   TIME(PS) =    1261.000  TEMP(K) =   298.71  PRESS =  -104.5
 Etot   =    -90665.0666  EKtot   =     23307.6191  EPtot      =   -113972.6857
 BOND   =       846.3224  ANGLE   =      2390.6097  DIHED      =      3508.8723
 1-4 NB =      1045.2253  1-4 EEL =     12298.8779  VDWAALS    =     13071.5927
 EELEC  =   -147363.0347  EHBOND  =         0.0000  RESTRAINT  =       228.8486
 EAMBER (non-restraint)  =   -114201.5344
 EKCMT  =     10025.6652  VIRIAL  =     10881.9926  VOLUME     =    379396.9859
                                                    Density    =         1.0231
 ------------------------------------------------------------------------------

wrapping first mol.:       26.34236       37.25372       64.52533
wrapping first mol.:       26.34236       37.25372       64.52533

 NSTEP =    11000   TIME(PS) =    1262.000  TEMP(K) =   300.11  PRESS =   -20.9
 Etot   =    -90768.2222  EKtot   =     23416.6426  EPtot      =   -114184.8648
 BOND   =       850.5419  ANGLE   =      2312.7072  DIHED      =      3514.0705
 1-4 NB =      1031.2665  1-4 EEL =     12308.4729  VDWAALS    =     13390.2633
 EELEC  =   -147806.6442  EHBOND  =         0.0000  RESTRAINT  =       214.4572
 EAMBER (non-restraint)  =   -114399.3220
 EKCMT  =     10094.6931  VIRIAL  =     10266.1263  VOLUME     =    379932.4997
                                                    Density    =         1.0217
 ------------------------------------------------------------------------------

wrapping first mol.:       26.33168       37.23862       64.49917
wrapping first mol.:       26.33168       37.23862       64.49917

 NSTEP =    11500   TIME(PS) =    1263.000  TEMP(K) =   300.52  PRESS =    -1.2
 Etot   =    -90564.1907  EKtot   =     23449.0273  EPtot      =   -114013.2181
 BOND   =       810.6595  ANGLE   =      2276.7187  DIHED      =      3464.8099
 1-4 NB =      1029.1391  1-4 EEL =     12340.2184  VDWAALS    =     12980.9563
 EELEC  =   -147139.4619  EHBOND  =         0.0000  RESTRAINT  =       223.7419
 EAMBER (non-restraint)  =   -114236.9600
 EKCMT  =     10004.6835  VIRIAL  =     10014.5330  VOLUME     =    379470.0168
                                                    Density    =         1.0229
 ------------------------------------------------------------------------------

wrapping first mol.:       26.32916       37.23506       64.49301
wrapping first mol.:       26.32916       37.23506       64.49301

 NSTEP =    12000   TIME(PS) =    1264.000  TEMP(K) =   299.14  PRESS =   260.3
 Etot   =    -90717.5018  EKtot   =     23341.3320  EPtot      =   -114058.8338
 BOND   =       857.6605  ANGLE   =      2338.4577  DIHED      =      3514.6250
 1-4 NB =      1033.9239  1-4 EEL =     12324.0023  VDWAALS    =     13640.5398
 EELEC  =   -147999.6057  EHBOND  =         0.0000  RESTRAINT  =       231.5627
 EAMBER (non-restraint)  =   -114290.3965
 EKCMT  =     10010.5064  VIRIAL  =      7878.5744  VOLUME     =    379352.4224
                                                    Density    =         1.0232
 ------------------------------------------------------------------------------

wrapping first mol.:       26.32011       37.22226       64.47083
wrapping first mol.:       26.32011       37.22226       64.47083

 NSTEP =    12500   TIME(PS) =    1265.000  TEMP(K) =   298.54  PRESS =   247.7
 Etot   =    -90761.0151  EKtot   =     23294.3750  EPtot      =   -114055.3901
 BOND   =       817.4613  ANGLE   =      2305.7991  DIHED      =      3511.5241
 1-4 NB =      1035.1195  1-4 EEL =     12301.9470  VDWAALS    =     13272.0082
 EELEC  =   -147528.6355  EHBOND  =         0.0000  RESTRAINT  =       229.3862
 EAMBER (non-restraint)  =   -114284.7763
 EKCMT  =      9985.0786  VIRIAL  =      7958.6470  VOLUME     =    378961.6487
                                                    Density    =         1.0243
 ------------------------------------------------------------------------------

wrapping first mol.:       26.32054       37.22286       64.47188
wrapping first mol.:       26.32054       37.22286       64.47188

 NSTEP =    13000   TIME(PS) =    1266.000  TEMP(K) =   300.71  PRESS =  -222.4
 Etot   =    -90584.0517  EKtot   =     23463.4512  EPtot      =   -114047.5029
 BOND   =       863.0554  ANGLE   =      2350.7270  DIHED      =      3475.7019
 1-4 NB =      1048.7170  1-4 EEL =     12357.8892  VDWAALS    =     13065.3653
 EELEC  =   -147444.4791  EHBOND  =         0.0000  RESTRAINT  =       235.5205
 EAMBER (non-restraint)  =   -114283.0234
 EKCMT  =     10002.2391  VIRIAL  =     11822.0328  VOLUME     =    378996.0601
                                                    Density    =         1.0242
 ------------------------------------------------------------------------------

wrapping first mol.:       26.33114       37.23785       64.49785
wrapping first mol.:       26.33114       37.23785       64.49785

 NSTEP =    13500   TIME(PS) =    1267.000  TEMP(K) =   301.12  PRESS =   -98.5
 Etot   =    -90679.7401  EKtot   =     23496.1680  EPtot      =   -114175.9081
 BOND   =       819.7676  ANGLE   =      2264.6396  DIHED      =      3495.8837
 1-4 NB =      1051.6314  1-4 EEL =     12308.6274  VDWAALS    =     12879.8667
 EELEC  =   -147215.4704  EHBOND  =         0.0000  RESTRAINT  =       219.1459
 EAMBER (non-restraint)  =   -114395.0540
 EKCMT  =     10074.7822  VIRIAL  =     10881.9006  VOLUME     =    379449.9249
                                                    Density    =         1.0230
 ------------------------------------------------------------------------------

wrapping first mol.:       26.32529       37.22958       64.48352
wrapping first mol.:       26.32529       37.22958       64.48352

 NSTEP =    14000   TIME(PS) =    1268.000  TEMP(K) =   298.79  PRESS =  -116.2
 Etot   =    -90772.4810  EKtot   =     23313.8340  EPtot      =   -114086.3150
 BOND   =       853.6667  ANGLE   =      2305.4473  DIHED      =      3490.4227
 1-4 NB =      1039.0376  1-4 EEL =     12336.6238  VDWAALS    =     13175.6713
 EELEC  =   -147517.3659  EHBOND  =         0.0000  RESTRAINT  =       230.1816
 EAMBER (non-restraint)  =   -114316.4966
 EKCMT  =     10008.1355  VIRIAL  =     10959.1362  VOLUME     =    379197.6358
                                                    Density    =         1.0237
 ------------------------------------------------------------------------------

wrapping first mol.:       26.34741       37.26086       64.53770
wrapping first mol.:       26.34741       37.26086       64.53770

 NSTEP =    14500   TIME(PS) =    1269.000  TEMP(K) =   300.47  PRESS =   -97.8
 Etot   =    -90400.3325  EKtot   =     23445.2129  EPtot      =   -113845.5454
 BOND   =       817.9364  ANGLE   =      2383.1268  DIHED      =      3494.4946
 1-4 NB =      1046.0515  1-4 EEL =     12344.5361  VDWAALS    =     13051.7439
 EELEC  =   -147222.1967  EHBOND  =         0.0000  RESTRAINT  =       238.7619
 EAMBER (non-restraint)  =   -114084.3072
 EKCMT  =     10057.3236  VIRIAL  =     10859.8194  VOLUME     =    380153.7207
                                                    Density    =         1.0211
 ------------------------------------------------------------------------------

wrapping first mol.:       26.35266       37.26829       64.55057
wrapping first mol.:       26.35266       37.26829       64.55057

 NSTEP =    15000   TIME(PS) =    1270.000  TEMP(K) =   299.43  PRESS =    48.2
 Etot   =    -90616.3517  EKtot   =     23363.8242  EPtot      =   -113980.1759
 BOND   =       861.8017  ANGLE   =      2292.9786  DIHED      =      3503.1998
 1-4 NB =      1044.9792  1-4 EEL =     12320.1202  VDWAALS    =     13395.9879
 EELEC  =   -147625.4766  EHBOND  =         0.0000  RESTRAINT  =       226.2333
 EAMBER (non-restraint)  =   -114206.4092
 EKCMT  =      9897.4957  VIRIAL  =      9501.4965  VOLUME     =    380376.2474
                                                    Density    =         1.0205
 ------------------------------------------------------------------------------

wrapping first mol.:       26.35758       37.27525       64.56262
wrapping first mol.:       26.35758       37.27525       64.56262

 NSTEP =    15500   TIME(PS) =    1271.000  TEMP(K) =   302.16  PRESS =    87.4
 Etot   =    -90383.2751  EKtot   =     23576.6211  EPtot      =   -113959.8962
 BOND   =       859.2503  ANGLE   =      2300.7492  DIHED      =      3499.8554
 1-4 NB =      1058.1298  1-4 EEL =     12326.2136  VDWAALS    =     13283.4066
 EELEC  =   -147526.3855  EHBOND  =         0.0000  RESTRAINT  =       238.8844
 EAMBER (non-restraint)  =   -114198.7806
 EKCMT  =     10136.2683  VIRIAL  =      9418.3419  VOLUME     =    380587.9418
                                                    Density    =         1.0199
 ------------------------------------------------------------------------------

wrapping first mol.:       26.35473       37.27122       64.55565
wrapping first mol.:       26.35473       37.27122       64.55565

 NSTEP =    16000   TIME(PS) =    1272.000  TEMP(K) =   300.69  PRESS =   -71.4
 Etot   =    -90390.9009  EKtot   =     23462.1445  EPtot      =   -113853.0454
 BOND   =       871.7810  ANGLE   =      2310.1150  DIHED      =      3512.0296
 1-4 NB =      1016.4286  1-4 EEL =     12309.1314  VDWAALS    =     13078.9303
 EELEC  =   -147196.3473  EHBOND  =         0.0000  RESTRAINT  =       244.8859
 EAMBER (non-restraint)  =   -114097.9313
 EKCMT  =     10056.9722  VIRIAL  =     10643.5107  VOLUME     =    380470.0319
                                                    Density    =         1.0202
 ------------------------------------------------------------------------------

wrapping first mol.:       26.34277       37.25431       64.52635
wrapping first mol.:       26.34277       37.25431       64.52635

 NSTEP =    16500   TIME(PS) =    1273.000  TEMP(K) =   298.27  PRESS =   -82.8
 Etot   =    -90498.1707  EKtot   =     23273.5879  EPtot      =   -113771.7586
 BOND   =       829.9800  ANGLE   =      2279.2920  DIHED      =      3509.4015
 1-4 NB =      1032.3699  1-4 EEL =     12411.4227  VDWAALS    =     12968.3237
 EELEC  =   -147052.7039  EHBOND  =         0.0000  RESTRAINT  =       250.1555
 EAMBER (non-restraint)  =   -114021.9141
 EKCMT  =      9880.1650  VIRIAL  =     10559.4760  VOLUME     =    379952.5914
                                                    Density    =         1.0216
 ------------------------------------------------------------------------------

wrapping first mol.:       26.33164       37.23857       64.49908
wrapping first mol.:       26.33164       37.23857       64.49908

 NSTEP =    17000   TIME(PS) =    1274.000  TEMP(K) =   298.18  PRESS =    69.2
 Etot   =    -90764.1794  EKtot   =     23266.6484  EPtot      =   -114030.8278
 BOND   =       832.7494  ANGLE   =      2316.6150  DIHED      =      3504.2602
 1-4 NB =      1017.6062  1-4 EEL =     12305.0216  VDWAALS    =     13200.1387
 EELEC  =   -147442.7847  EHBOND  =         0.0000  RESTRAINT  =       235.5659
 EAMBER (non-restraint)  =   -114266.3938
 EKCMT  =      9986.9697  VIRIAL  =      9419.8085  VOLUME     =    379466.0511
                                                    Density    =         1.0229
 ------------------------------------------------------------------------------

wrapping first mol.:       26.34682       37.26003       64.53625
wrapping first mol.:       26.34682       37.26003       64.53625

 NSTEP =    17500   TIME(PS) =    1275.000  TEMP(K) =   299.57  PRESS =  -138.5
 Etot   =    -90983.8510  EKtot   =     23375.0645  EPtot      =   -114358.9155
 BOND   =       812.2149  ANGLE   =      2272.4393  DIHED      =      3483.6005
 1-4 NB =      1066.9306  1-4 EEL =     12343.4158  VDWAALS    =     13233.2672
 EELEC  =   -147793.7323  EHBOND  =         0.0000  RESTRAINT  =       222.9486
 EAMBER (non-restraint)  =   -114581.8641
 EKCMT  =     10116.6934  VIRIAL  =     11253.5495  VOLUME     =    380129.4932
                                                    Density    =         1.0211
 ------------------------------------------------------------------------------

wrapping first mol.:       26.33785       37.24734       64.51427
wrapping first mol.:       26.33785       37.24734       64.51427

 NSTEP =    18000   TIME(PS) =    1276.000  TEMP(K) =   298.48  PRESS =    67.0
 Etot   =    -90618.0162  EKtot   =     23289.5312  EPtot      =   -113907.5475
 BOND   =       815.8059  ANGLE   =      2238.9654  DIHED      =      3508.1639
 1-4 NB =      1038.8468  1-4 EEL =     12358.4225  VDWAALS    =     13144.0326
 EELEC  =   -147226.0383  EHBOND  =         0.0000  RESTRAINT  =       214.2537
 EAMBER (non-restraint)  =   -114121.8011
 EKCMT  =      9744.5377  VIRIAL  =      9195.5252  VOLUME     =    379734.3269
                                                    Density    =         1.0222
 ------------------------------------------------------------------------------

wrapping first mol.:       26.33562       37.24418       64.50881
wrapping first mol.:       26.33562       37.24418       64.50881

 NSTEP =    18500   TIME(PS) =    1277.000  TEMP(K) =   301.70  PRESS =  -149.8
 Etot   =    -90460.2448  EKtot   =     23540.7734  EPtot      =   -114001.0183
 BOND   =       824.7471  ANGLE   =      2312.3018  DIHED      =      3504.0099
 1-4 NB =      1052.7643  1-4 EEL =     12415.7156  VDWAALS    =     13263.8816
 EELEC  =   -147616.8504  EHBOND  =         0.0000  RESTRAINT  =       242.4119
 EAMBER (non-restraint)  =   -114243.4302
 EKCMT  =     10123.0362  VIRIAL  =     11350.7473  VOLUME     =    379645.2258
                                                    Density    =         1.0224
 ------------------------------------------------------------------------------

wrapping first mol.:       26.34039       37.25094       64.52051
wrapping first mol.:       26.34039       37.25094       64.52051

 NSTEP =    19000   TIME(PS) =    1278.000  TEMP(K) =   300.60  PRESS =    -2.8
 Etot   =    -90140.2426  EKtot   =     23455.6211  EPtot      =   -113595.8637
 BOND   =       879.8914  ANGLE   =      2310.9427  DIHED      =      3506.7881
 1-4 NB =      1035.9765  1-4 EEL =     12386.0251  VDWAALS    =     13020.1756
 EELEC  =   -146964.1002  EHBOND  =         0.0000  RESTRAINT  =       228.4371
 EAMBER (non-restraint)  =   -113824.3009
 EKCMT  =     10087.3449  VIRIAL  =     10110.0368  VOLUME     =    379846.7628
                                                    Density    =         1.0219
 ------------------------------------------------------------------------------

wrapping first mol.:       26.34311       37.25478       64.52717
wrapping first mol.:       26.34311       37.25478       64.52717

 NSTEP =    19500   TIME(PS) =    1279.000  TEMP(K) =   300.09  PRESS =   192.8
 Etot   =    -90543.6769  EKtot   =     23415.6562  EPtot      =   -113959.3331
 BOND   =       786.2372  ANGLE   =      2333.1550  DIHED      =      3482.8705
 1-4 NB =      1057.4422  1-4 EEL =     12372.5020  VDWAALS    =     13250.2437
 EELEC  =   -147460.6211  EHBOND  =         0.0000  RESTRAINT  =       218.8374
 EAMBER (non-restraint)  =   -114178.1705
 EKCMT  =      9989.5806  VIRIAL  =      8407.9432  VOLUME     =    379957.8679
                                                    Density    =         1.0216
 ------------------------------------------------------------------------------

wrapping first mol.:       26.32166       37.22445       64.47464
wrapping first mol.:       26.32166       37.22445       64.47464

 NSTEP =    20000   TIME(PS) =    1280.000  TEMP(K) =   301.78  PRESS =   -79.8
 Etot   =    -90429.4347  EKtot   =     23547.3633  EPtot      =   -113976.7980
 BOND   =       826.6145  ANGLE   =      2347.9191  DIHED      =      3493.3728
 1-4 NB =      1038.2651  1-4 EEL =     12321.2322  VDWAALS    =     13320.8340
 EELEC  =   -147574.1031  EHBOND  =         0.0000  RESTRAINT  =       249.0673
 EAMBER (non-restraint)  =   -114225.8653
 EKCMT  =     10032.7266  VIRIAL  =     10686.0679  VOLUME     =    379039.8191
                                                    Density    =         1.0241
 ------------------------------------------------------------------------------

wrapping first mol.:       26.31886       37.22048       64.46777
wrapping first mol.:       26.31886       37.22048       64.46777

 NSTEP =    20500   TIME(PS) =    1281.000  TEMP(K) =   298.35  PRESS =   -11.8
 Etot   =    -90723.2701  EKtot   =     23279.9238  EPtot      =   -114003.1940
 BOND   =       829.4381  ANGLE   =      2343.2475  DIHED      =      3472.3097
 1-4 NB =      1037.3789  1-4 EEL =     12299.2371  VDWAALS    =     13110.5264
 EELEC  =   -147325.0677  EHBOND  =         0.0000  RESTRAINT  =       229.7361
 EAMBER (non-restraint)  =   -114232.9301
 EKCMT  =      9983.7555  VIRIAL  =     10079.9405  VOLUME     =    378916.3063
                                                    Density    =         1.0244
 ------------------------------------------------------------------------------

wrapping first mol.:       26.33391       37.24178       64.50464
wrapping first mol.:       26.33391       37.24178       64.50464

 NSTEP =    21000   TIME(PS) =    1282.000  TEMP(K) =   298.11  PRESS =   143.8
 Etot   =    -91238.6803  EKtot   =     23260.7695  EPtot      =   -114499.4498
 BOND   =       816.4586  ANGLE   =      2287.4116  DIHED      =      3496.4597
 1-4 NB =      1021.2676  1-4 EEL =     12305.2974  VDWAALS    =     13619.0782
 EELEC  =   -148310.2084  EHBOND  =         0.0000  RESTRAINT  =       264.7856
 EAMBER (non-restraint)  =   -114764.2354
 EKCMT  =     10065.9071  VIRIAL  =      8887.5620  VOLUME     =    379561.6490
                                                    Density    =         1.0227
 ------------------------------------------------------------------------------

wrapping first mol.:       26.30840       37.20570       64.44215
wrapping first mol.:       26.30840       37.20570       64.44215

 NSTEP =    21500   TIME(PS) =    1283.000  TEMP(K) =   299.02  PRESS =   -47.2
 Etot   =    -90917.4248  EKtot   =     23332.0371  EPtot      =   -114249.4620
 BOND   =       852.4727  ANGLE   =      2328.4231  DIHED      =      3475.5484
 1-4 NB =      1047.6451  1-4 EEL =     12277.1736  VDWAALS    =     13123.5035
 EELEC  =   -147582.0457  EHBOND  =         0.0000  RESTRAINT  =       227.8174
 EAMBER (non-restraint)  =   -114477.2793
 EKCMT  =      9973.6400  VIRIAL  =     10359.1326  VOLUME     =    378466.0252
                                                    Density    =         1.0256
 ------------------------------------------------------------------------------

wrapping first mol.:       26.30796       37.20508       64.44108
wrapping first mol.:       26.30796       37.20508       64.44108

 NSTEP =    22000   TIME(PS) =    1284.000  TEMP(K) =   299.93  PRESS =   -52.3
 Etot   =    -90530.8200  EKtot   =     23403.3203  EPtot      =   -113934.1403
 BOND   =       870.5709  ANGLE   =      2218.2873  DIHED      =      3492.7418
 1-4 NB =      1040.3636  1-4 EEL =     12351.4641  VDWAALS    =     13078.9050
 EELEC  =   -147210.7033  EHBOND  =         0.0000  RESTRAINT  =       224.2303
 EAMBER (non-restraint)  =   -114158.3706
 EKCMT  =     10079.6618  VIRIAL  =     10507.0694  VOLUME     =    378447.3811
                                                    Density    =         1.0257
 ------------------------------------------------------------------------------

wrapping first mol.:       26.34458       37.25686       64.53077
wrapping first mol.:       26.34458       37.25686       64.53077

 NSTEP =    22500   TIME(PS) =    1285.000  TEMP(K) =   302.89  PRESS =   132.3
 Etot   =    -90344.1320  EKtot   =     23633.5723  EPtot      =   -113977.7042
 BOND   =       834.2519  ANGLE   =      2273.6667  DIHED      =      3518.2351
 1-4 NB =      1040.5241  1-4 EEL =     12306.3890  VDWAALS    =     13252.4753
 EELEC  =   -147424.2337  EHBOND  =         0.0000  RESTRAINT  =       220.9874
 EAMBER (non-restraint)  =   -114198.6916
 EKCMT  =     10141.5133  VIRIAL  =      9055.9714  VOLUME     =    380023.4771
                                                    Density    =         1.0214
 ------------------------------------------------------------------------------

wrapping first mol.:       26.34239       37.25376       64.52539
wrapping first mol.:       26.34239       37.25376       64.52539

 NSTEP =    23000   TIME(PS) =    1286.000  TEMP(K) =   302.77  PRESS =  -176.1
 Etot   =    -90804.9322  EKtot   =     23624.6758  EPtot      =   -114429.6080
 BOND   =       809.7182  ANGLE   =      2257.3247  DIHED      =      3503.4254
 1-4 NB =      1049.2745  1-4 EEL =     12341.7181  VDWAALS    =     12975.4177
 EELEC  =   -147591.1499  EHBOND  =         0.0000  RESTRAINT  =       224.6634
 EAMBER (non-restraint)  =   -114654.2714
 EKCMT  =     10136.5931  VIRIAL  =     11580.9311  VOLUME     =    379938.9627
                                                    Density    =         1.0217
 ------------------------------------------------------------------------------

wrapping first mol.:       26.34854       37.26247       64.54048
wrapping first mol.:       26.34854       37.26247       64.54048

 NSTEP =    23500   TIME(PS) =    1287.000  TEMP(K) =   300.98  PRESS =  -145.8
 Etot   =    -90616.2704  EKtot   =     23484.5527  EPtot      =   -114100.8231
 BOND   =       842.0004  ANGLE   =      2347.0709  DIHED      =      3488.4936
 1-4 NB =      1037.7331  1-4 EEL =     12338.5203  VDWAALS    =     13249.3579
 EELEC  =   -147638.4152  EHBOND  =         0.0000  RESTRAINT  =       234.4159
 EAMBER (non-restraint)  =   -114335.2390
 EKCMT  =      9917.8942  VIRIAL  =     11115.1692  VOLUME     =    380204.4780
                                                    Density    =         1.0209
 ------------------------------------------------------------------------------

wrapping first mol.:       26.36587       37.28697       64.58291
wrapping first mol.:       26.36587       37.28697       64.58291

 NSTEP =    24000   TIME(PS) =    1288.000  TEMP(K) =   300.09  PRESS =    47.9
 Etot   =    -90630.5790  EKtot   =     23415.7441  EPtot      =   -114046.3231
 BOND   =       851.0888  ANGLE   =      2245.9994  DIHED      =      3471.9942
 1-4 NB =      1050.6795  1-4 EEL =     12318.4480  VDWAALS    =     13360.9283
 EELEC  =   -147568.5546  EHBOND  =         0.0000  RESTRAINT  =       223.0935
 EAMBER (non-restraint)  =   -114269.4166
 EKCMT  =     10024.5995  VIRIAL  =      9630.5331  VOLUME     =    380948.3262
                                                    Density    =         1.0190
 ------------------------------------------------------------------------------

wrapping first mol.:       26.35391       37.27006       64.55363
wrapping first mol.:       26.35391       37.27006       64.55363

 NSTEP =    24500   TIME(PS) =    1289.000  TEMP(K) =   302.60  PRESS =   -84.6
 Etot   =    -90444.5568  EKtot   =     23611.6855  EPtot      =   -114056.2423
 BOND   =       839.7520  ANGLE   =      2275.9983  DIHED      =      3530.2906
 1-4 NB =      1039.4374  1-4 EEL =     12250.1763  VDWAALS    =     13176.5076
 EELEC  =   -147392.7631  EHBOND  =         0.0000  RESTRAINT  =       224.3585
 EAMBER (non-restraint)  =   -114280.6008
 EKCMT  =     10106.0270  VIRIAL  =     10801.0197  VOLUME     =    380434.9144
                                                    Density    =         1.0203
 ------------------------------------------------------------------------------

wrapping first mol.:       26.35105       37.26600       64.54661
wrapping first mol.:       26.35105       37.26600       64.54661

 NSTEP =    25000   TIME(PS) =    1290.000  TEMP(K) =   300.01  PRESS =    52.5
 Etot   =    -90682.3927  EKtot   =     23409.1348  EPtot      =   -114091.5274
 BOND   =       858.6879  ANGLE   =      2243.0554  DIHED      =      3510.9650
 1-4 NB =      1031.1463  1-4 EEL =     12322.7481  VDWAALS    =     13241.9548
 EELEC  =   -147551.0100  EHBOND  =         0.0000  RESTRAINT  =       250.9251
 EAMBER (non-restraint)  =   -114342.4525
 EKCMT  =     10084.3526  VIRIAL  =      9653.5052  VOLUME     =    380306.0517
                                                    Density    =         1.0207
 ------------------------------------------------------------------------------

wrapping first mol.:       26.33813       37.24774       64.51497
wrapping first mol.:       26.33813       37.24774       64.51497

 NSTEP =    25500   TIME(PS) =    1291.000  TEMP(K) =   299.69  PRESS =    50.9
 Etot   =    -90543.7520  EKtot   =     23384.2656  EPtot      =   -113928.0176
 BOND   =       800.5481  ANGLE   =      2359.3907  DIHED      =      3470.9035
 1-4 NB =      1032.0186  1-4 EEL =     12339.5906  VDWAALS    =     13203.3771
 EELEC  =   -147389.3679  EHBOND  =         0.0000  RESTRAINT  =       255.5216
 EAMBER (non-restraint)  =   -114183.5393
 EKCMT  =     10006.6976  VIRIAL  =      9589.6798  VOLUME     =    379747.2201
                                                    Density    =         1.0222
 ------------------------------------------------------------------------------

wrapping first mol.:       26.33907       37.24907       64.51728
wrapping first mol.:       26.33907       37.24907       64.51728

 NSTEP =    26000   TIME(PS) =    1292.000  TEMP(K) =   299.40  PRESS =  -285.2
 Etot   =    -90626.8764  EKtot   =     23361.7695  EPtot      =   -113988.6460
 BOND   =       857.4301  ANGLE   =      2319.0521  DIHED      =      3490.5390
 1-4 NB =      1031.4237  1-4 EEL =     12272.6737  VDWAALS    =     13152.1624
 EELEC  =   -147343.5782  EHBOND  =         0.0000  RESTRAINT  =       231.6513
 EAMBER (non-restraint)  =   -114220.2972
 EKCMT  =     10106.2667  VIRIAL  =     12445.0959  VOLUME     =    379799.3022
                                                    Density    =         1.0220
 ------------------------------------------------------------------------------

wrapping first mol.:       26.34141       37.25238       64.52302
wrapping first mol.:       26.34141       37.25238       64.52302

 NSTEP =    26500   TIME(PS) =    1293.000  TEMP(K) =   300.26  PRESS =    14.3
 Etot   =    -90746.7654  EKtot   =     23428.5957  EPtot      =   -114175.3611
 BOND   =       805.7023  ANGLE   =      2326.4019  DIHED      =      3454.5098
 1-4 NB =      1039.5406  1-4 EEL =     12333.2691  VDWAALS    =     13196.6675
 EELEC  =   -147566.8957  EHBOND  =         0.0000  RESTRAINT  =       235.4435
 EAMBER (non-restraint)  =   -114410.8046
 EKCMT  =     10072.8896  VIRIAL  =      9955.2081  VOLUME     =    379890.4980
                                                    Density    =         1.0218
 ------------------------------------------------------------------------------

wrapping first mol.:       26.33273       37.24010       64.50175
wrapping first mol.:       26.33273       37.24010       64.50175

 NSTEP =    27000   TIME(PS) =    1294.000  TEMP(K) =   301.76  PRESS =    49.4
 Etot   =    -90432.2009  EKtot   =     23545.9863  EPtot      =   -113978.1872
 BOND   =       854.9619  ANGLE   =      2342.9010  DIHED      =      3500.0963
 1-4 NB =      1046.8896  1-4 EEL =     12292.6165  VDWAALS    =     13143.2013
 EELEC  =   -147388.0982  EHBOND  =         0.0000  RESTRAINT  =       229.2444
 EAMBER (non-restraint)  =   -114207.4316
 EKCMT  =      9985.8029  VIRIAL  =      9580.9616  VOLUME     =    379513.7598
                                                    Density    =         1.0228
 ------------------------------------------------------------------------------

wrapping first mol.:       26.34479       37.25716       64.53129
wrapping first mol.:       26.34479       37.25716       64.53129

 NSTEP =    27500   TIME(PS) =    1295.000  TEMP(K) =   296.71  PRESS =  -210.1
 Etot   =    -90854.9145  EKtot   =     23151.6758  EPtot      =   -114006.5903
 BOND   =       865.3934  ANGLE   =      2315.0594  DIHED      =      3506.7968
 1-4 NB =      1024.9623  1-4 EEL =     12326.0325  VDWAALS    =     13108.5815
 EELEC  =   -147389.1698  EHBOND  =         0.0000  RESTRAINT  =       235.7538
 EAMBER (non-restraint)  =   -114242.3440
 EKCMT  =      9969.0426  VIRIAL  =     11693.0585  VOLUME     =    380044.1892
                                                    Density    =         1.0214
 ------------------------------------------------------------------------------

wrapping first mol.:       26.34693       37.26018       64.53652
wrapping first mol.:       26.34693       37.26018       64.53652

 NSTEP =    28000   TIME(PS) =    1296.000  TEMP(K) =   298.46  PRESS =   -81.6
 Etot   =    -90799.9744  EKtot   =     23288.3652  EPtot      =   -114088.3397
 BOND   =       831.0894  ANGLE   =      2294.5284  DIHED      =      3510.9993
 1-4 NB =      1041.8849  1-4 EEL =     12269.2973  VDWAALS    =     13038.8873
 EELEC  =   -147308.7739  EHBOND  =         0.0000  RESTRAINT  =       233.7475
 EAMBER (non-restraint)  =   -114322.0872
 EKCMT  =     10024.9750  VIRIAL  =     10694.5284  VOLUME     =    380132.3146
                                                    Density    =         1.0211
 ------------------------------------------------------------------------------

wrapping first mol.:       26.34061       37.25125       64.52105
wrapping first mol.:       26.34061       37.25125       64.52105

 NSTEP =    28500   TIME(PS) =    1297.000  TEMP(K) =   301.36  PRESS =    62.2
 Etot   =    -90626.9247  EKtot   =     23514.5605  EPtot      =   -114141.4853
 BOND   =       781.7326  ANGLE   =      2300.1737  DIHED      =      3507.3547
 1-4 NB =      1070.9737  1-4 EEL =     12330.1054  VDWAALS    =     13225.0167
 EELEC  =   -147578.6112  EHBOND  =         0.0000  RESTRAINT  =       221.7691
 EAMBER (non-restraint)  =   -114363.2544
 EKCMT  =     10132.4692  VIRIAL  =      9622.3073  VOLUME     =    379854.1466
                                                    Density    =         1.0219
 ------------------------------------------------------------------------------

wrapping first mol.:       26.34279       37.25433       64.52639
wrapping first mol.:       26.34279       37.25433       64.52639

 NSTEP =    29000   TIME(PS) =    1298.000  TEMP(K) =   298.58  PRESS =   -48.5
 Etot   =    -90882.8171  EKtot   =     23297.5137  EPtot      =   -114180.3308
 BOND   =       850.1629  ANGLE   =      2350.8357  DIHED      =      3505.0064
 1-4 NB =      1034.5295  1-4 EEL =     12299.0407  VDWAALS    =     13270.7710
 EELEC  =   -147733.0496  EHBOND  =         0.0000  RESTRAINT  =       242.3725
 EAMBER (non-restraint)  =   -114422.7033
 EKCMT  =     10068.8417  VIRIAL  =     10467.0858  VOLUME     =    379952.2239
                                                    Density    =         1.0216
 ------------------------------------------------------------------------------

wrapping first mol.:       26.35287       37.26859       64.55108
wrapping first mol.:       26.35287       37.26859       64.55108

 NSTEP =    29500   TIME(PS) =    1299.000  TEMP(K) =   300.89  PRESS =   -90.9
 Etot   =    -90346.9657  EKtot   =     23477.7559  EPtot      =   -113824.7216
 BOND   =       836.1424  ANGLE   =      2327.4313  DIHED      =      3507.3544
 1-4 NB =      1035.5467  1-4 EEL =     12360.9937  VDWAALS    =     13161.5566
 EELEC  =   -147293.8572  EHBOND  =         0.0000  RESTRAINT  =       240.1105
 EAMBER (non-restraint)  =   -114064.8320
 EKCMT  =     10098.2233  VIRIAL  =     10845.1488  VOLUME     =    380389.9909
                                                    Density    =         1.0204
 ------------------------------------------------------------------------------

wrapping first mol.:       26.35279       37.26848       64.55089
wrapping first mol.:       26.35279       37.26848       64.55089

 NSTEP =    30000   TIME(PS) =    1300.000  TEMP(K) =   300.05  PRESS =  -112.8
 Etot   =    -90704.0682  EKtot   =     23412.1094  EPtot      =   -114116.1776
 BOND   =       835.3837  ANGLE   =      2318.7421  DIHED      =      3493.1466
 1-4 NB =      1048.2467  1-4 EEL =     12349.6364  VDWAALS    =     13292.3623
 EELEC  =   -147702.6182  EHBOND  =         0.0000  RESTRAINT  =       248.9229
 EAMBER (non-restraint)  =   -114365.1004
 EKCMT  =     10080.3500  VIRIAL  =     11007.0533  VOLUME     =    380387.3485
                                                    Density    =         1.0205
 ------------------------------------------------------------------------------

wrapping first mol.:       26.34836       37.26221       64.54003
wrapping first mol.:       26.34836       37.26221       64.54003

 NSTEP =    30500   TIME(PS) =    1301.000  TEMP(K) =   301.33  PRESS =     0.2
 Etot   =    -90618.6177  EKtot   =     23512.1738  EPtot      =   -114130.7915
 BOND   =       869.9470  ANGLE   =      2285.4449  DIHED      =      3517.4080
 1-4 NB =      1021.5367  1-4 EEL =     12361.7012  VDWAALS    =     13438.0287
 EELEC  =   -147872.6757  EHBOND  =         0.0000  RESTRAINT  =       247.8177
 EAMBER (non-restraint)  =   -114378.6092
 EKCMT  =     10057.8699  VIRIAL  =     10056.2066  VOLUME     =    380191.6111
                                                    Density    =         1.0210
 ------------------------------------------------------------------------------

wrapping first mol.:       26.34391       37.25591       64.52913
wrapping first mol.:       26.34391       37.25591       64.52913

 NSTEP =    31000   TIME(PS) =    1302.000  TEMP(K) =   298.34  PRESS =   -44.0
 Etot   =    -90875.5782  EKtot   =     23279.1211  EPtot      =   -114154.6993
 BOND   =       848.7697  ANGLE   =      2279.1963  DIHED      =      3527.3556
 1-4 NB =      1050.5039  1-4 EEL =     12321.6642  VDWAALS    =     13208.0687
 EELEC  =   -147618.6016  EHBOND  =         0.0000  RESTRAINT  =       228.3439
 EAMBER (non-restraint)  =   -114383.0432
 EKCMT  =     10155.4568  VIRIAL  =     10516.3774  VOLUME     =    380000.4576
                                                    Density    =         1.0215
 ------------------------------------------------------------------------------

wrapping first mol.:       26.33458       37.24272       64.50628
wrapping first mol.:       26.33458       37.24272       64.50628

 NSTEP =    31500   TIME(PS) =    1303.000  TEMP(K) =   299.98  PRESS =    -3.6
 Etot   =    -90838.1457  EKtot   =     23406.9688  EPtot      =   -114245.1145
 BOND   =       849.1801  ANGLE   =      2276.3124  DIHED      =      3529.6122
 1-4 NB =      1046.5886  1-4 EEL =     12347.6693  VDWAALS    =     13225.3928
 EELEC  =   -147757.1779  EHBOND  =         0.0000  RESTRAINT  =       237.3080
 EAMBER (non-restraint)  =   -114482.4225
 EKCMT  =      9999.4981  VIRIAL  =     10029.1792  VOLUME     =    379595.6064
                                                    Density    =         1.0226
 ------------------------------------------------------------------------------

wrapping first mol.:       26.32411       37.22792       64.48064
wrapping first mol.:       26.32411       37.22792       64.48064

 NSTEP =    32000   TIME(PS) =    1304.000  TEMP(K) =   299.62  PRESS =  -144.2
 Etot   =    -90467.9572  EKtot   =     23378.5879  EPtot      =   -113846.5450
 BOND   =       861.1060  ANGLE   =      2264.8983  DIHED      =      3498.8048
 1-4 NB =      1037.8751  1-4 EEL =     12340.8871  VDWAALS    =     12961.4597
 EELEC  =   -147038.3631  EHBOND  =         0.0000  RESTRAINT  =       226.7871
 EAMBER (non-restraint)  =   -114073.3321
 EKCMT  =     10044.7519  VIRIAL  =     11225.1211  VOLUME     =    379147.8742
                                                    Density    =         1.0238
 ------------------------------------------------------------------------------

wrapping first mol.:       26.33154       37.23841       64.49882
wrapping first mol.:       26.33154       37.23841       64.49882

 NSTEP =    32500   TIME(PS) =    1305.000  TEMP(K) =   296.40  PRESS =  -181.1
 Etot   =    -91036.0677  EKtot   =     23127.5723  EPtot      =   -114163.6399
 BOND   =       854.2415  ANGLE   =      2318.6950  DIHED      =      3507.6154
 1-4 NB =      1035.1999  1-4 EEL =     12328.1719  VDWAALS    =     12945.4340
 EELEC  =   -147388.3789  EHBOND  =         0.0000  RESTRAINT  =       235.3814
 EAMBER (non-restraint)  =   -114399.0214
 EKCMT  =      9849.6641  VIRIAL  =     11333.8029  VOLUME     =    379469.8837
                                                    Density    =         1.0229
 ------------------------------------------------------------------------------

wrapping first mol.:       26.33110       37.23780       64.49776
wrapping first mol.:       26.33110       37.23780       64.49776

 NSTEP =    33000   TIME(PS) =    1306.000  TEMP(K) =   299.15  PRESS =    18.6
 Etot   =    -90915.7358  EKtot   =     23341.9160  EPtot      =   -114257.6518
 BOND   =       846.5628  ANGLE   =      2283.2033  DIHED      =      3511.0306
 1-4 NB =      1030.2433  1-4 EEL =     12319.3623  VDWAALS    =     13308.7370
 EELEC  =   -147788.4605  EHBOND  =         0.0000  RESTRAINT  =       231.6694
 EAMBER (non-restraint)  =   -114489.3212
 EKCMT  =     10051.7668  VIRIAL  =      9899.6124  VOLUME     =    379444.4229
                                                    Density    =         1.0230
 ------------------------------------------------------------------------------

wrapping first mol.:       26.34375       37.25569       64.52874
wrapping first mol.:       26.34375       37.25569       64.52874

 NSTEP =    33500   TIME(PS) =    1307.000  TEMP(K) =   300.85  PRESS =     9.3
 Etot   =    -90444.9514  EKtot   =     23474.7129  EPtot      =   -113919.6642
 BOND   =       792.9640  ANGLE   =      2318.0916  DIHED      =      3508.7678
 1-4 NB =      1043.2219  1-4 EEL =     12329.4359  VDWAALS    =     13048.0728
 EELEC  =   -147197.7818  EHBOND  =         0.0000  RESTRAINT  =       237.5635
 EAMBER (non-restraint)  =   -114157.2278
 EKCMT  =     10054.8375  VIRIAL  =      9978.6690  VOLUME     =    379991.7138
                                                    Density    =         1.0215
 ------------------------------------------------------------------------------

wrapping first mol.:       26.33691       37.24602       64.51199
wrapping first mol.:       26.33691       37.24602       64.51199

 NSTEP =    34000   TIME(PS) =    1308.000  TEMP(K) =   300.45  PRESS =   -17.5
 Etot   =    -90754.9054  EKtot   =     23443.1465  EPtot      =   -114198.0519
 BOND   =       796.0669  ANGLE   =      2336.7492  DIHED      =      3524.2014
 1-4 NB =      1071.3750  1-4 EEL =     12324.1056  VDWAALS    =     13254.3996
 EELEC  =   -147723.1214  EHBOND  =         0.0000  RESTRAINT  =       218.1718
 EAMBER (non-restraint)  =   -114416.2237
 EKCMT  =     10161.0210  VIRIAL  =     10304.7734  VOLUME     =    379696.9075
                                                    Density    =         1.0223
 ------------------------------------------------------------------------------

wrapping first mol.:       26.34006       37.25047       64.51971
wrapping first mol.:       26.34006       37.25047       64.51971

 NSTEP =    34500   TIME(PS) =    1309.000  TEMP(K) =   300.53  PRESS =    69.7
 Etot   =    -90491.7693  EKtot   =     23449.9551  EPtot      =   -113941.7244
 BOND   =       862.5724  ANGLE   =      2322.7670  DIHED      =      3492.9265
 1-4 NB =      1024.9938  1-4 EEL =     12360.7404  VDWAALS    =     13043.0290
 EELEC  =   -147272.8768  EHBOND  =         0.0000  RESTRAINT  =       224.1231
 EAMBER (non-restraint)  =   -114165.8476
 EKCMT  =     10028.4955  VIRIAL  =      9456.9051  VOLUME     =    379830.1789
                                                    Density    =         1.0220
 ------------------------------------------------------------------------------

wrapping first mol.:       26.35387       37.27000       64.55352
wrapping first mol.:       26.35387       37.27000       64.55352

 NSTEP =    35000   TIME(PS) =    1310.000  TEMP(K) =   300.10  PRESS =  -129.0
 Etot   =    -90551.3165  EKtot   =     23416.2109  EPtot      =   -113967.5274
 BOND   =       842.3986  ANGLE   =      2305.6322  DIHED      =      3499.1620
 1-4 NB =      1057.3045  1-4 EEL =     12305.4592  VDWAALS    =     13137.9681
 EELEC  =   -147343.2172  EHBOND  =         0.0000  RESTRAINT  =       227.7652
 EAMBER (non-restraint)  =   -114195.2927
 EKCMT  =     10094.0330  VIRIAL  =     11153.9470  VOLUME     =    380434.4057
                                                    Density    =         1.0203
 ------------------------------------------------------------------------------

wrapping first mol.:       26.34773       37.26132       64.53849
wrapping first mol.:       26.34773       37.26132       64.53849

 NSTEP =    35500   TIME(PS) =    1311.000  TEMP(K) =   301.72  PRESS =  -145.2
 Etot   =    -90734.1395  EKtot   =     23542.9766  EPtot      =   -114277.1161
 BOND   =       839.8052  ANGLE   =      2293.0144  DIHED      =      3497.8164
 1-4 NB =      1020.6094  1-4 EEL =     12350.6302  VDWAALS    =     13164.0548
 EELEC  =   -147669.2011  EHBOND  =         0.0000  RESTRAINT  =       226.1547
 EAMBER (non-restraint)  =   -114503.2708
 EKCMT  =     10187.0460  VIRIAL  =     11378.5984  VOLUME     =    380169.2892
                                                    Density    =         1.0210
 ------------------------------------------------------------------------------

wrapping first mol.:       26.34007       37.25049       64.51973
wrapping first mol.:       26.34007       37.25049       64.51973

 NSTEP =    36000   TIME(PS) =    1312.000  TEMP(K) =   301.20  PRESS =  -267.9
 Etot   =    -90646.1296  EKtot   =     23502.2695  EPtot      =   -114148.3992
 BOND   =       880.2449  ANGLE   =      2297.0205  DIHED      =      3537.6940
 1-4 NB =      1051.6898  1-4 EEL =     12352.7398  VDWAALS    =     13151.7595
 EELEC  =   -147653.7164  EHBOND  =         0.0000  RESTRAINT  =       234.1687
 EAMBER (non-restraint)  =   -114382.5679
 EKCMT  =     10022.7793  VIRIAL  =     12219.8103  VOLUME     =    379842.0968
                                                    Density    =         1.0219
 ------------------------------------------------------------------------------

wrapping first mol.:       26.32628       37.23099       64.48595
wrapping first mol.:       26.32628       37.23099       64.48595

 NSTEP =    36500   TIME(PS) =    1313.000  TEMP(K) =   301.34  PRESS =  -201.4
 Etot   =    -90616.6972  EKtot   =     23512.7637  EPtot      =   -114129.4608
 BOND   =       885.5259  ANGLE   =      2253.3219  DIHED      =      3500.6362
 1-4 NB =      1034.5444  1-4 EEL =     12292.4349  VDWAALS    =     13072.9161
 EELEC  =   -147397.3331  EHBOND  =         0.0000  RESTRAINT  =       228.4929
 EAMBER (non-restraint)  =   -114357.9537
 EKCMT  =     10109.4390  VIRIAL  =     11758.7710  VOLUME     =    379243.5404
                                                    Density    =         1.0235
 ------------------------------------------------------------------------------

wrapping first mol.:       26.33585       37.24452       64.50940
wrapping first mol.:       26.33585       37.24452       64.50940

 NSTEP =    37000   TIME(PS) =    1314.000  TEMP(K) =   300.13  PRESS =    72.3
 Etot   =    -90476.6032  EKtot   =     23418.7402  EPtot      =   -113895.3435
 BOND   =       859.1489  ANGLE   =      2341.6585  DIHED      =      3511.3662
 1-4 NB =      1020.7161  1-4 EEL =     12328.6632  VDWAALS    =     13159.8027
 EELEC  =   -147345.7878  EHBOND  =         0.0000  RESTRAINT  =       229.0887
 EAMBER (non-restraint)  =   -114124.4322
 EKCMT  =     10002.9191  VIRIAL  =      9410.0770  VOLUME     =    379647.9988
                                                    Density    =         1.0224
 ------------------------------------------------------------------------------

wrapping first mol.:       26.33823       37.24788       64.51522
wrapping first mol.:       26.33823       37.24788       64.51522

 NSTEP =    37500   TIME(PS) =    1315.000  TEMP(K) =   300.95  PRESS =    14.0
 Etot   =    -90623.5493  EKtot   =     23482.4707  EPtot      =   -114106.0200
 BOND   =       864.0124  ANGLE   =      2364.2366  DIHED      =      3493.6039
 1-4 NB =      1014.8539  1-4 EEL =     12307.9000  VDWAALS    =     13242.3546
 EELEC  =   -147624.8386  EHBOND  =         0.0000  RESTRAINT  =       231.8573
 EAMBER (non-restraint)  =   -114337.8772
 EKCMT  =     10036.7946  VIRIAL  =      9922.0150  VOLUME     =    379752.8429
                                                    Density    =         1.0222
 ------------------------------------------------------------------------------

wrapping first mol.:       26.33658       37.24554       64.51117
wrapping first mol.:       26.33658       37.24554       64.51117

 NSTEP =    38000   TIME(PS) =    1316.000  TEMP(K) =   301.44  PRESS =   -84.0
 Etot   =    -90184.6069  EKtot   =     23521.0117  EPtot      =   -113705.6186
 BOND   =       863.8753  ANGLE   =      2349.6628  DIHED      =      3516.7330
 1-4 NB =      1019.5148  1-4 EEL =     12310.5619  VDWAALS    =     13146.1997
 EELEC  =   -147144.6922  EHBOND  =         0.0000  RESTRAINT  =       232.5262
 EAMBER (non-restraint)  =   -113938.1448
 EKCMT  =     10122.8829  VIRIAL  =     10811.2886  VOLUME     =    379684.5340
                                                    Density    =         1.0223
 ------------------------------------------------------------------------------

wrapping first mol.:       26.35117       37.26618       64.54692
wrapping first mol.:       26.35117       37.26618       64.54692

 NSTEP =    38500   TIME(PS) =    1317.000  TEMP(K) =   301.30  PRESS =  -117.5
 Etot   =    -90348.3067  EKtot   =     23509.8418  EPtot      =   -113858.1485
 BOND   =       864.6268  ANGLE   =      2349.8861  DIHED      =      3508.5658
 1-4 NB =      1022.1312  1-4 EEL =     12315.4049  VDWAALS    =     13056.1692
 EELEC  =   -147201.5844  EHBOND  =         0.0000  RESTRAINT  =       226.6519
 EAMBER (non-restraint)  =   -114084.8005
 EKCMT  =     10041.6887  VIRIAL  =     11006.9231  VOLUME     =    380317.2891
                                                    Density    =         1.0206
 ------------------------------------------------------------------------------

wrapping first mol.:       26.34888       37.26294       64.54130
wrapping first mol.:       26.34888       37.26294       64.54130

 NSTEP =    39000   TIME(PS) =    1318.000  TEMP(K) =   300.70  PRESS =     4.4
 Etot   =    -90148.0078  EKtot   =     23463.1309  EPtot      =   -113611.1387
 BOND   =       904.3183  ANGLE   =      2335.5146  DIHED      =      3513.1516
 1-4 NB =      1025.8095  1-4 EEL =     12300.8761  VDWAALS    =     13267.3574
 EELEC  =   -147185.2346  EHBOND  =         0.0000  RESTRAINT  =       227.0685
 EAMBER (non-restraint)  =   -113838.2072
 EKCMT  =     10113.4939  VIRIAL  =     10077.1738  VOLUME     =    380213.8441
                                                    Density    =         1.0209
 ------------------------------------------------------------------------------

wrapping first mol.:       26.33439       37.24245       64.50582
wrapping first mol.:       26.33439       37.24245       64.50582

 NSTEP =    39500   TIME(PS) =    1319.000  TEMP(K) =   299.92  PRESS =   144.7
 Etot   =    -90497.8540  EKtot   =     23402.1113  EPtot      =   -113899.9654
 BOND   =       838.5572  ANGLE   =      2290.1233  DIHED      =      3495.2396
 1-4 NB =      1039.7075  1-4 EEL =     12318.6323  VDWAALS    =     13213.7724
 EELEC  =   -147308.7978  EHBOND  =         0.0000  RESTRAINT  =       212.8002
 EAMBER (non-restraint)  =   -114112.7656
 EKCMT  =     10175.8691  VIRIAL  =      8989.6500  VOLUME     =    379582.3836
                                                    Density    =         1.0226
 ------------------------------------------------------------------------------

wrapping first mol.:       26.33933       37.24944       64.51792
wrapping first mol.:       26.33933       37.24944       64.51792

 NSTEP =    40000   TIME(PS) =    1320.000  TEMP(K) =   299.27  PRESS =  -171.1
 Etot   =    -90804.3735  EKtot   =     23351.5195  EPtot      =   -114155.8930
 BOND   =       856.9578  ANGLE   =      2317.8468  DIHED      =      3507.7687
 1-4 NB =      1037.2051  1-4 EEL =     12312.9793  VDWAALS    =     13246.5210
 EELEC  =   -147670.1870  EHBOND  =         0.0000  RESTRAINT  =       235.0153
 EAMBER (non-restraint)  =   -114390.9083
 EKCMT  =     10069.1069  VIRIAL  =     11472.3183  VOLUME     =    379806.6839
                                                    Density    =         1.0220
 ------------------------------------------------------------------------------

wrapping first mol.:       26.34973       37.26414       64.54338
wrapping first mol.:       26.34973       37.26414       64.54338

 NSTEP =    40500   TIME(PS) =    1321.000  TEMP(K) =   300.33  PRESS =   204.5
 Etot   =    -90517.4374  EKtot   =     23433.8359  EPtot      =   -113951.2734
 BOND   =       836.0767  ANGLE   =      2359.7845  DIHED      =      3520.3108
 1-4 NB =      1051.3872  1-4 EEL =     12320.7883  VDWAALS    =     13441.9565
 EELEC  =   -147716.7317  EHBOND  =         0.0000  RESTRAINT  =       235.1544
 EAMBER (non-restraint)  =   -114186.4278
 EKCMT  =     10047.6872  VIRIAL  =      8369.0908  VOLUME     =    380243.9210
                                                    Density    =         1.0208
 ------------------------------------------------------------------------------

wrapping first mol.:       26.36134       37.28057       64.57183
wrapping first mol.:       26.36134       37.28057       64.57183

 NSTEP =    41000   TIME(PS) =    1322.000  TEMP(K) =   300.05  PRESS =    14.2
 Etot   =    -90892.3608  EKtot   =     23412.3496  EPtot      =   -114304.7104
 BOND   =       840.7046  ANGLE   =      2228.2815  DIHED      =      3492.0372
 1-4 NB =      1060.9579  1-4 EEL =     12293.0405  VDWAALS    =     13248.5829
 EELEC  =   -147708.1143  EHBOND  =         0.0000  RESTRAINT  =       239.7992
 EAMBER (non-restraint)  =   -114544.5096
 EKCMT  =     10039.8219  VIRIAL  =      9923.2149  VOLUME     =    380753.3418
                                                    Density    =         1.0195
 ------------------------------------------------------------------------------

wrapping first mol.:       26.35829       37.27625       64.56435
wrapping first mol.:       26.35829       37.27625       64.56435

 NSTEP =    41500   TIME(PS) =    1323.000  TEMP(K) =   301.06  PRESS =   103.7
 Etot   =    -90444.3470  EKtot   =     23491.2285  EPtot      =   -113935.5755
 BOND   =       803.4210  ANGLE   =      2321.8379  DIHED      =      3491.6141
 1-4 NB =      1018.3920  1-4 EEL =     12342.6916  VDWAALS    =     13228.8329
 EELEC  =   -147378.9330  EHBOND  =         0.0000  RESTRAINT  =       236.5679
 EAMBER (non-restraint)  =   -114172.1434
 EKCMT  =     10046.1013  VIRIAL  =      9193.8406  VOLUME     =    380618.0756
                                                    Density    =         1.0198
 ------------------------------------------------------------------------------

wrapping first mol.:       26.34679       37.25999       64.53619
wrapping first mol.:       26.34679       37.25999       64.53619

 NSTEP =    42000   TIME(PS) =    1324.000  TEMP(K) =   299.08  PRESS =  -259.2
 Etot   =    -90750.9359  EKtot   =     23336.8672  EPtot      =   -114087.8030
 BOND   =       887.1196  ANGLE   =      2321.0517  DIHED      =      3487.0303
 1-4 NB =      1030.9434  1-4 EEL =     12368.2364  VDWAALS    =     13090.8761
 EELEC  =   -147499.3336  EHBOND  =         0.0000  RESTRAINT  =       226.2731
 EAMBER (non-restraint)  =   -114314.0761
 EKCMT  =     10150.2976  VIRIAL  =     12277.7040  VOLUME     =    380132.5915
                                                    Density    =         1.0211
 ------------------------------------------------------------------------------

wrapping first mol.:       26.33319       37.24075       64.50286
wrapping first mol.:       26.33319       37.24075       64.50286

 NSTEP =    42500   TIME(PS) =    1325.000  TEMP(K) =   303.55  PRESS =   172.1
 Etot   =    -90303.3680  EKtot   =     23685.2969  EPtot      =   -113988.6649
 BOND   =       872.9780  ANGLE   =      2282.8782  DIHED      =      3521.7903
 1-4 NB =      1025.9268  1-4 EEL =     12286.1359  VDWAALS    =     13284.4198
 EELEC  =   -147503.9184  EHBOND  =         0.0000  RESTRAINT  =       241.1245
 EAMBER (non-restraint)  =   -114229.7894
 EKCMT  =     10280.9153  VIRIAL  =      8870.9367  VOLUME     =    379529.2474
                                                    Density    =         1.0228
 ------------------------------------------------------------------------------

wrapping first mol.:       26.32867       37.23436       64.49180
wrapping first mol.:       26.32867       37.23436       64.49180

 NSTEP =    43000   TIME(PS) =    1326.000  TEMP(K) =   300.76  PRESS =   140.7
 Etot   =    -90485.9323  EKtot   =     23467.3867  EPtot      =   -113953.3190
 BOND   =       850.3918  ANGLE   =      2279.8419  DIHED      =      3493.1382
 1-4 NB =      1027.5603  1-4 EEL =     12341.1430  VDWAALS    =     13141.7111
 EELEC  =   -147330.5382  EHBOND  =         0.0000  RESTRAINT  =       243.4329
 EAMBER (non-restraint)  =   -114196.7519
 EKCMT  =     10254.4815  VIRIAL  =      9102.4720  VOLUME     =    379335.1682
                                                    Density    =         1.0233
 ------------------------------------------------------------------------------

wrapping first mol.:       26.33108       37.23776       64.49769
wrapping first mol.:       26.33108       37.23776       64.49769

 NSTEP =    43500   TIME(PS) =    1327.000  TEMP(K) =   300.97  PRESS =   107.2
 Etot   =    -90547.6095  EKtot   =     23483.8066  EPtot      =   -114031.4161
 BOND   =       776.9317  ANGLE   =      2281.4480  DIHED      =      3505.2366
 1-4 NB =      1030.7731  1-4 EEL =     12336.8571  VDWAALS    =     13236.1875
 EELEC  =   -147442.1384  EHBOND  =         0.0000  RESTRAINT  =       243.2882
 EAMBER (non-restraint)  =   -114274.7043
 EKCMT  =     10121.7106  VIRIAL  =      9243.4609  VOLUME     =    379440.2168
                                                    Density    =         1.0230
 ------------------------------------------------------------------------------

wrapping first mol.:       26.34552       37.25819       64.53308
wrapping first mol.:       26.34552       37.25819       64.53308

 NSTEP =    44000   TIME(PS) =    1328.000  TEMP(K) =   301.11  PRESS =     5.8
 Etot   =    -90624.4672  EKtot   =     23495.4023  EPtot      =   -114119.8695
 BOND   =       839.0449  ANGLE   =      2316.3601  DIHED      =      3488.1353
 1-4 NB =      1025.7413  1-4 EEL =     12319.1326  VDWAALS    =     13119.3321
 EELEC  =   -147454.8486  EHBOND  =         0.0000  RESTRAINT  =       227.2328
 EAMBER (non-restraint)  =   -114347.1024
 EKCMT  =     10060.4242  VIRIAL  =     10012.8626  VOLUME     =    380068.5581
                                                    Density    =         1.0213
 ------------------------------------------------------------------------------

wrapping first mol.:       26.33824       37.24790       64.51525
wrapping first mol.:       26.33824       37.24790       64.51525

 NSTEP =    44500   TIME(PS) =    1329.000  TEMP(K) =   298.73  PRESS =  -356.3
 Etot   =    -90674.6744  EKtot   =     23309.2500  EPtot      =   -113983.9244
 BOND   =       832.1715  ANGLE   =      2304.3478  DIHED      =      3503.1537
 1-4 NB =      1055.1820  1-4 EEL =     12369.0251  VDWAALS    =     13039.8812
 EELEC  =   -147317.8835  EHBOND  =         0.0000  RESTRAINT  =       230.1978
 EAMBER (non-restraint)  =   -114214.1221
 EKCMT  =      9955.3647  VIRIAL  =     12877.1275  VOLUME     =    379765.8220
                                                    Density    =         1.0221
 ------------------------------------------------------------------------------

wrapping first mol.:       26.33131       37.23809       64.49826
wrapping first mol.:       26.33131       37.23809       64.49826

 NSTEP =    45000   TIME(PS) =    1330.000  TEMP(K) =   301.96  PRESS =   -52.4
 Etot   =    -90532.0012  EKtot   =     23561.1113  EPtot      =   -114093.1126
 BOND   =       871.3781  ANGLE   =      2314.8821  DIHED      =      3494.3297
 1-4 NB =      1033.5672  1-4 EEL =     12353.8087  VDWAALS    =     13269.6622
 EELEC  =   -147658.9674  EHBOND  =         0.0000  RESTRAINT  =       228.2270
 EAMBER (non-restraint)  =   -114321.3396
 EKCMT  =     10120.9357  VIRIAL  =     10549.9507  VOLUME     =    379455.7330
                                                    Density    =         1.0230
 ------------------------------------------------------------------------------

wrapping first mol.:       26.35273       37.26839       64.55074
wrapping first mol.:       26.35273       37.26839       64.55074

 NSTEP =    45500   TIME(PS) =    1331.000  TEMP(K) =   297.27  PRESS =   -19.1
 Etot   =    -90411.6541  EKtot   =     23195.7773  EPtot      =   -113607.4314
 BOND   =       837.7663  ANGLE   =      2269.6269  DIHED      =      3503.1471
 1-4 NB =      1041.9718  1-4 EEL =     12358.4474  VDWAALS    =     13221.9573
 EELEC  =   -147076.0820  EHBOND  =         0.0000  RESTRAINT  =       235.7337
 EAMBER (non-restraint)  =   -113843.1651
 EKCMT  =      9892.6238  VIRIAL  =     10049.4035  VOLUME     =    380381.5744
                                                    Density    =         1.0205
 ------------------------------------------------------------------------------

wrapping first mol.:       26.35199       37.26734       64.54892
wrapping first mol.:       26.35199       37.26734       64.54892

 NSTEP =    46000   TIME(PS) =    1332.000  TEMP(K) =   299.66  PRESS =    78.4
 Etot   =    -90300.9504  EKtot   =     23382.1582  EPtot      =   -113683.1086
 BOND   =       849.0919  ANGLE   =      2302.8890  DIHED      =      3481.0155
 1-4 NB =      1070.8455  1-4 EEL =     12308.5594  VDWAALS    =     13298.7962
 EELEC  =   -147226.6247  EHBOND  =         0.0000  RESTRAINT  =       232.3188
 EAMBER (non-restraint)  =   -113915.4274
 EKCMT  =     10032.9831  VIRIAL  =      9388.9523  VOLUME     =    380346.0902
                                                    Density    =         1.0206
 ------------------------------------------------------------------------------

wrapping first mol.:       26.37138       37.29476       64.59642
wrapping first mol.:       26.37138       37.29476       64.59642

 NSTEP =    46500   TIME(PS) =    1333.000  TEMP(K) =   298.99  PRESS =   -34.7
 Etot   =    -90634.7486  EKtot   =     23329.6289  EPtot      =   -113964.3775
 BOND   =       808.2606  ANGLE   =      2339.6040  DIHED      =      3489.0942
 1-4 NB =      1050.6635  1-4 EEL =     12388.6954  VDWAALS    =     13304.5183
 EELEC  =   -147577.0886  EHBOND  =         0.0000  RESTRAINT  =       231.8750
 EAMBER (non-restraint)  =   -114196.2525
 EKCMT  =     10104.0492  VIRIAL  =     10389.6635  VOLUME     =    381190.0816
                                                    Density    =         1.0183
 ------------------------------------------------------------------------------

wrapping first mol.:       26.34686       37.26008       64.53635
wrapping first mol.:       26.34686       37.26008       64.53635

 NSTEP =    47000   TIME(PS) =    1334.000  TEMP(K) =   301.88  PRESS =    -3.5
 Etot   =    -90418.2294  EKtot   =     23555.4668  EPtot      =   -113973.6961
 BOND   =       812.5963  ANGLE   =      2282.4517  DIHED      =      3522.9057
 1-4 NB =      1039.7734  1-4 EEL =     12305.2376  VDWAALS    =     13101.9902
 EELEC  =   -147272.8515  EHBOND  =         0.0000  RESTRAINT  =       234.2004
 EAMBER (non-restraint)  =   -114207.8965
 EKCMT  =     10089.8417  VIRIAL  =     10118.7000  VOLUME     =    380126.6201
                                                    Density    =         1.0212
 ------------------------------------------------------------------------------

wrapping first mol.:       26.36110       37.28022       64.57123
wrapping first mol.:       26.36110       37.28022       64.57123

 NSTEP =    47500   TIME(PS) =    1335.000  TEMP(K) =   297.92  PRESS =    75.3
 Etot   =    -90886.5074  EKtot   =     23245.9922  EPtot      =   -114132.4996
 BOND   =       846.9212  ANGLE   =      2262.7003  DIHED      =      3480.8109
 1-4 NB =      1052.2599  1-4 EEL =     12340.6219  VDWAALS    =     13225.6930
 EELEC  =   -147578.9208  EHBOND  =         0.0000  RESTRAINT  =       237.4140
 EAMBER (non-restraint)  =   -114369.9136
 EKCMT  =     10007.0766  VIRIAL  =      9388.1399  VOLUME     =    380740.5870
                                                    Density    =         1.0195
 ------------------------------------------------------------------------------

wrapping first mol.:       26.34927       37.26350       64.54226
wrapping first mol.:       26.34927       37.26350       64.54226

 NSTEP =    48000   TIME(PS) =    1336.000  TEMP(K) =   302.15  PRESS =  -159.9
 Etot   =    -90518.0492  EKtot   =     23576.0039  EPtot      =   -114094.0531
 BOND   =       799.1579  ANGLE   =      2331.6765  DIHED      =      3494.1143
 1-4 NB =      1054.6996  1-4 EEL =     12294.9127  VDWAALS    =     13220.6041
 EELEC  =   -147513.3824  EHBOND  =         0.0000  RESTRAINT  =       224.1641
 EAMBER (non-restraint)  =   -114318.2172
 EKCMT  =     10099.3622  VIRIAL  =     11412.2776  VOLUME     =    380236.4420
                                                    Density    =         1.0209
 ------------------------------------------------------------------------------

wrapping first mol.:       26.34996       37.26447       64.54396
wrapping first mol.:       26.34996       37.26447       64.54396

 NSTEP =    48500   TIME(PS) =    1337.000  TEMP(K) =   299.19  PRESS =    -1.8
 Etot   =    -90854.9804  EKtot   =     23344.8535  EPtot      =   -114199.8339
 BOND   =       837.0324  ANGLE   =      2314.9790  DIHED      =      3466.6041
 1-4 NB =      1045.5201  1-4 EEL =     12351.5957  VDWAALS    =     13104.1185
 EELEC  =   -147552.3992  EHBOND  =         0.0000  RESTRAINT  =       232.7154
 EAMBER (non-restraint)  =   -114432.5493
 EKCMT  =     10083.8305  VIRIAL  =     10098.2761  VOLUME     =    380261.0404
                                                    Density    =         1.0208
 ------------------------------------------------------------------------------

wrapping first mol.:       26.35592       37.27290       64.55855
wrapping first mol.:       26.35592       37.27290       64.55855

 NSTEP =    49000   TIME(PS) =    1338.000  TEMP(K) =   300.64  PRESS =   -69.0
 Etot   =    -90517.8172  EKtot   =     23458.3496  EPtot      =   -113976.1668
 BOND   =       850.8737  ANGLE   =      2365.3018  DIHED      =      3480.2279
 1-4 NB =      1036.9584  1-4 EEL =     12280.1526  VDWAALS    =     13242.0259
 EELEC  =   -147471.1071  EHBOND  =         0.0000  RESTRAINT  =       239.4001
 EAMBER (non-restraint)  =   -114215.5669
 EKCMT  =     10027.6407  VIRIAL  =     10594.4078  VOLUME     =    380521.3369
                                                    Density    =         1.0201
 ------------------------------------------------------------------------------

wrapping first mol.:       26.35043       37.26513       64.54509
wrapping first mol.:       26.35043       37.26513       64.54509

 NSTEP =    49500   TIME(PS) =    1339.000  TEMP(K) =   299.01  PRESS =   126.8
 Etot   =    -90544.8822  EKtot   =     23331.3770  EPtot      =   -113876.2591
 BOND   =       832.3221  ANGLE   =      2335.4509  DIHED      =      3485.2120
 1-4 NB =      1037.1061  1-4 EEL =     12342.6092  VDWAALS    =     13025.3879
 EELEC  =   -147155.0916  EHBOND  =         0.0000  RESTRAINT  =       220.7443
 EAMBER (non-restraint)  =   -114097.0034
 EKCMT  =      9966.8969  VIRIAL  =      8925.4263  VOLUME     =    380276.7795
                                                    Density    =         1.0208
 ------------------------------------------------------------------------------

wrapping first mol.:       26.34161       37.25265       64.52348
wrapping first mol.:       26.34161       37.25265       64.52348

 NSTEP =    50000   TIME(PS) =    1340.000  TEMP(K) =   300.16  PRESS =    73.0
 Etot   =    -90171.6896  EKtot   =     23421.1230  EPtot      =   -113592.8126
 BOND   =       829.1643  ANGLE   =      2310.5774  DIHED      =      3490.8993
 1-4 NB =      1029.1911  1-4 EEL =     12370.4244  VDWAALS    =     13098.9148
 EELEC  =   -146956.7010  EHBOND  =         0.0000  RESTRAINT  =       234.7171
 EAMBER (non-restraint)  =   -113827.5298
 EKCMT  =     10065.9126  VIRIAL  =      9467.2425  VOLUME     =    379896.7759
                                                    Density    =         1.0218
 ------------------------------------------------------------------------------


      A V E R A G E S   O V E R     100 S T E P S


 NSTEP =    50000   TIME(PS) =    1340.000  TEMP(K) =   300.14  PRESS =   -17.7
 Etot   =    -90621.0433  EKtot   =     23419.3759  EPtot      =   -114040.4192
 BOND   =       842.5160  ANGLE   =      2307.5346  DIHED      =      3500.6372
 1-4 NB =      1039.2244  1-4 EEL =     12330.1549  VDWAALS    =     13189.1638
 EELEC  =   -147481.1641  EHBOND  =         0.0000  RESTRAINT  =       231.5139
 EAMBER (non-restraint)  =   -114271.9331
 EKCMT  =     10050.7058  VIRIAL  =     10195.8100  VOLUME     =    379872.1812
                                                    Density    =         1.0218
 ------------------------------------------------------------------------------


      R M S  F L U C T U A T I O N S


 NSTEP =    50000   TIME(PS) =    1340.000  TEMP(K) =     1.44  PRESS =   120.5
 Etot   =       206.2379  EKtot   =       112.5979  EPtot      =       177.8583
 BOND   =        26.0016  ANGLE   =        33.8392  DIHED      =        15.8132
 1-4 NB =        12.7331  1-4 EEL =        30.1660  VDWAALS    =       130.3540
 EELEC  =       244.9155  EHBOND  =         0.0000  RESTRAINT  =         9.3765
 EAMBER (non-restraint)  =       168.4818
 EKCMT  =        85.1860  VIRIAL  =       990.2967  VOLUME     =       494.3532
                                                    Density    =         0.0013
 ------------------------------------------------------------------------------

--------------------------------------------------------------------------------
   5.  TIMINGS
--------------------------------------------------------------------------------

|  NonSetup CPU Time in Major Routines:
|
|     Routine           Sec        %
|     ------------------------------
|     Nonbond         213.15   88.60
|     Bond              0.00    0.00
|     Angle             0.00    0.00
|     Dihedral          0.00    0.00
|     Shake             0.35    0.15
|     RunMD            27.05   11.24
|     Other             0.03    0.01
|     ------------------------------
|     Total           240.58

|  PME Nonbond Pairlist CPU Time:
|
|     Routine              Sec        %
|     ---------------------------------
|     Set Up Cit           0.00    0.00
|     Build List           0.00    0.00
|     ---------------------------------
|     Total                0.00    0.00

|  PME Direct Force CPU Time:
|
|     Routine              Sec        %
|     ---------------------------------
|     NonBonded Calc       0.00    0.00
|     Exclude Masked       0.00    0.00
|     Other                0.03    0.01
|     ---------------------------------
|     Total                0.03    0.01

|  PME Reciprocal Force CPU Time:
|
|     Routine              Sec        %
|     ---------------------------------
|     1D bspline           0.00    0.00
|     Grid Charges         0.00    0.00
|     Scalar Sum           0.00    0.00
|     Gradient Sum         0.00    0.00
|     FFT                  0.00    0.00
|     ---------------------------------
|     Total                0.00    0.00

|  Final Performance Info:
|     -----------------------------------------------------
|     Average timings for last   10500 steps:
|     Elapsed(s) =      50.52 Per Step(ms) =       4.81
|         ns/day =      35.92   seconds/ns =    2405.51
|
|     Average timings for all steps:
|     Elapsed(s) =     296.09 Per Step(ms) =       5.92
|         ns/day =      29.18   seconds/ns =    2960.93
|     -----------------------------------------------------

|  Setup CPU time:            0.59 seconds
|  NonSetup CPU time:       240.58 seconds
|  Total CPU time:          241.17 seconds     0.07 hours

|  Setup wall time:           1    seconds
|  NonSetup wall time:      296    seconds
|  Total wall time:         297    seconds     0.08 hours
