
          -------------------------------------------------------
          Amber 16 PMEMD                              2016
          -------------------------------------------------------

| PMEMD implementation of SANDER, Release 16

| Run on 11/03/2016 at 18:25:18

|   Executable path: pmemd.cuda
| Working directory: /home/german/exs/run/1xkk/mhe/e
|          Hostname: Unknown
  [-O]verwriting output

File Assignments:
|   MDIN: 15equ.in                                                              
|  MDOUT: 15equ.out                                                             
| INPCRD: 14e1xkk.rst7                                                          
|   PARM: 1xkk.prmtop                                                           
| RESTRT: 15e1xkk.rst7                                                          
|   REFC: 14e1xkk.rst7                                                          
|  MDVEL: mdvel                                                                 
|   MDEN: mden                                                                  
|  MDCRD: 15e1xkk.nc                                                            
| MDINFO: mdinfo                                                                
|  MDFRC: mdfrc                                                                 


 Here is the input file:

Equilibration with solute restrictions                                         
&cntrl                                                                         
imin = 0,                           ! No Minimization                          
nmropt = 0,                         ! No NMR restraints read                   
                                                                               
! Nature and format of the input                                               
ntx = 5,                            ! Coordinates but no velocities will be rea
irest = 1,                          ! Do not run a new simulation              
                                                                               
! Nature and format of the output                                              
ntxo = 1,                           ! rstrt file in ASCII format               
ntpr = 500,                         ! inf in output every ntpr steps           
ntwr = 500,                         ! rstrt file every ntwr steps              
ntwx = 500,                         ! mdcrd file every ntwx steps              
ntwv = 0,                           ! mdvel without velocities                 
ntwe = 0,                           ! Energies and temperatures not written in 
idecomp = 0,                        ! No energy decomposition                  
iwrap = 1,                          ! Coordinates of the restart and mdcrd file
                                                                               
! Frozen or restrained atoms                                                   
ibelly = 0,                         ! No frozen atoms                          
ntr=1,                              ! Harmonic potential restraints            
restraint_wt = 4.0,                ! The weight for the positional restraints  
restraintmask = ':1-277@N,CA,C,O',  ! restrained residues                      
                                                                               
! Molecular dynamics                                                           
nstlim = 50000,                     ! Number of MD-steps                       
dt = 0.002,                         ! Time step                                
                                                                               
! Temperature regulation                                                       
ntt = 3,                            ! Langevin thermostat                      
gamma_ln = 5,                       ! Gamma constant for Langevin              
!temp0 = 300.0,                     ! Reference T at which the system is to be 
tempi = 300.0,                      ! Initial T                                
ig = -1,                            ! Seed for the RNG                         
                                                                               
! P and V regulation                                                           
ntp = 1,                            ! Constant P. Isotropic scaling            
barostat = 1,                       ! Berendsen barostat                       
taup = 1,                           ! Pressure relaxation time                 
nrespa = 1,                         ! Evaluate at each step                    
ntb = 2,                            ! Periodic box for constant P              
                                                                               
! SHAKE variables                                                              
ntc = 2,                            ! Bonds involving H are constrained        
ntf = 2,                            ! Bond interaction involving H are ommited.
                                                                               
cut = 10.0,                         ! Nonbonded cutoff                         
/                                                                              
&end                                                                           


Note: ig = -1. Setting random seed to   884275 based on wallclock time in 
      microseconds.
 
|--------------------- INFORMATION ----------------------
| GPU (CUDA) Version of PMEMD in use: NVIDIA GPU IN USE.
|                    Version 16.0.0
| 
|                      02/25/2016
| 
| Implementation by:
|                    Ross C. Walker     (SDSC)
|                    Scott Le Grand     (nVIDIA)
| 
| Precision model in use:
|      [SPFP] - Single Precision Forces, 64-bit Fixed Point
|               Accumulation. (Default)
| 
|--------------------------------------------------------
 
|----------------- CITATION INFORMATION -----------------
|
|    When publishing work that utilized the CUDA version
|    of AMBER, please cite the following in addition to
|    the regular AMBER citations:
|
|  - Romelia Salomon-Ferrer; Andreas W. Goetz; Duncan
|    Poole; Scott Le Grand; Ross C. Walker "Routine
|    microsecond molecular dynamics simulations with
|    AMBER - Part II: Particle Mesh Ewald", J. Chem.
|    Theory Comput., 2013, 9 (9), pp3878-3888,
|    DOI: 10.1021/ct400314y.
|
|  - Andreas W. Goetz; Mark J. Williamson; Dong Xu;
|    Duncan Poole; Scott Le Grand; Ross C. Walker
|    "Routine microsecond molecular dynamics simulations
|    with AMBER - Part I: Generalized Born", J. Chem.
|    Theory Comput., 2012, 8 (5), pp1542-1555.
|
|  - Scott Le Grand; Andreas W. Goetz; Ross C. Walker
|    "SPFP: Speed without compromise - a mixed precision
|    model for GPU accelerated molecular dynamics
|    simulations.", Comp. Phys. Comm., 2013, 184
|    pp374-380, DOI: 10.1016/j.cpc.2012.09.022
|
|--------------------------------------------------------
 
|------------------- GPU DEVICE INFO --------------------
|
|            CUDA_VISIBLE_DEVICES: 0
|   CUDA Capable Devices Detected:      1
|           CUDA Device ID in use:      0
|                CUDA Device Name: GeForce GTX 1060 6GB
|     CUDA Device Global Mem Size:   6072 MB
| CUDA Device Num Multiprocessors:     10
|           CUDA Device Core Freq:   1.76 GHz
|
|--------------------------------------------------------
 
 
| Conditional Compilation Defines Used:
| PUBFFT
| BINTRAJ
| CUDA
| EMIL

| Largest sphere to fit in unit cell has radius =    32.251

| New format PARM file being parsed.
| Version =    1.000 Date = 11/02/16 Time = 18:58:26

| Note: 1-4 EEL scale factors are being read from the topology file.

| Note: 1-4 VDW scale factors are being read from the topology file.
| Duplicated    0 dihedrals

| Duplicated    0 dihedrals

--------------------------------------------------------------------------------
   1.  RESOURCE   USE: 
--------------------------------------------------------------------------------

 getting new box info from bottom of inpcrd
 NATOM  =   38152 NTYPES =      17 NBONH =   35925 MBONA  =    2274
 NTHETH =    5230 MTHETA =    3076 NPHIH =   10294 MPHIA  =    9770
 NHPARM =       0 NPARM  =       0 NNB   =   69910 NRES   =   11492
 NBONA  =    2274 NTHETA =    3076 NPHIA =    9770 NUMBND =      71
 NUMANG =     161 NPTRA  =     201 NATYP =      37 NPHB   =       1
 IFBOX  =       2 NMXRS  =      24 IFCAP =       0 NEXTRA =       0
 NCOPY  =       0

| Coordinate Index Table dimensions:    12   12   12
| Direct force subcell size =     6.5832    6.5832    6.5832

     BOX TYPE: TRUNCATED OCTAHEDRON

--------------------------------------------------------------------------------
   2.  CONTROL  DATA  FOR  THE  RUN
--------------------------------------------------------------------------------

default_name                                                                    

General flags:
     imin    =       0, nmropt  =       0

Nature and format of input:
     ntx     =       5, irest   =       1, ntrx    =       1

Nature and format of output:
     ntxo    =       1, ntpr    =     500, ntrx    =       1, ntwr    =     500
     iwrap   =       1, ntwx    =     500, ntwv    =       0, ntwe    =       0
     ioutfm  =       1, ntwprt  =       0, idecomp =       0, rbornstat=      0

Potential function:
     ntf     =       2, ntb     =       2, igb     =       0, nsnb    =      25
     ipol    =       0, gbsa    =       0, iesp    =       0
     dielc   =   1.00000, cut     =  10.00000, intdiel =   1.00000

Frozen or restrained atoms:
     ibelly  =       0, ntr     =       1
     restraint_wt =   4.00000

Molecular dynamics:
     nstlim  =     50000, nscm    =         0, nrespa  =         1
     t       =   0.00000, dt      =   0.00200, vlimit  =  -1.00000

Langevin dynamics temperature regulation:
     ig      =  884275
     temp0   = 300.00000, tempi   = 300.00000, gamma_ln=   5.00000

Pressure regulation:
     ntp     =       1
     pres0   =   1.00000, comp    =  44.60000, taup    =   1.00000

SHAKE:
     ntc     =       2, jfastw  =       0
     tol     =   0.00001

| Intermolecular bonds treatment:
|     no_intermolecular_bonds =       1

| Energy averages sample interval:
|     ene_avg_sampling =     500

Ewald parameters:
     verbose =       0, ew_type =       0, nbflag  =       1, use_pme =       1
     vdwmeth =       1, eedmeth =       1, netfrc  =       1
     Box X =   78.998   Box Y =   78.998   Box Z =   78.998
     Alpha =  109.471   Beta  =  109.471   Gamma =  109.471
     NFFT1 =   80       NFFT2 =   80       NFFT3 =   80
     Cutoff=   10.000   Tol   =0.100E-04
     Ewald Coefficient =  0.27511
     Interpolation order =    4

    LOADING THE CONSTRAINED ATOMS AS GROUPS


   5.  REFERENCE ATOM COORDINATES

  default_name                                                                    
     Mask :1-277@N,CA,C,O; matches  1108 atoms

--------------------------------------------------------------------------------
   3.  ATOMIC COORDINATES AND VELOCITIES
--------------------------------------------------------------------------------

default_name                                                                    
 begin time read from input coords =  1540.000 ps

 
 Number of triangulated 3-point waters found:    11212

     Sum of charges from parm topology file =  -0.00000014
     Forcing neutrality...

| Dynamic Memory, Types Used:
| Reals             1766286
| Integers          1385427

| Nonbonded Pairs Initial Allocation:    11540026

| GPU memory information (estimate):
| KB of GPU memory in use:    279976
| KB of CPU memory in use:     54316

--------------------------------------------------------------------------------
   4.  RESULTS
--------------------------------------------------------------------------------

 ---------------------------------------------------
 APPROXIMATING switch and d/dx switch using CUBIC SPLINE INTERPOLATION
 using   5000.0 points per unit in tabled values
 TESTING RELATIVE ERROR over r ranging from 0.0 to cutoff
| CHECK switch(x): max rel err =   0.2738E-14   at   2.422500
| CHECK d/dx switch(x): max rel err =   0.8314E-11   at   2.736960
 ---------------------------------------------------
|---------------------------------------------------
| APPROXIMATING direct energy using CUBIC SPLINE INTERPOLATION
|  with   50.0 points per unit in tabled values
| Relative Error Limit not exceeded for r .gt.   2.33
| APPROXIMATING direct force using CUBIC SPLINE INTERPOLATION
|  with   50.0 points per unit in tabled values
| Relative Error Limit not exceeded for r .gt.   2.80
|---------------------------------------------------
wrapping first mol.:       26.34539       37.25801       64.53276
wrapping first mol.:       26.34539       37.25801       64.53276

 NSTEP =      500   TIME(PS) =    1541.000  TEMP(K) =   301.76  PRESS =    -9.8
 Etot   =    -90324.3923  EKtot   =     23545.5234  EPtot      =   -113869.9157
 BOND   =       811.4952  ANGLE   =      2282.9781  DIHED      =      3510.3176
 1-4 NB =      1034.6353  1-4 EEL =     12261.5446  VDWAALS    =     13159.9361
 EELEC  =   -147117.0072  EHBOND  =         0.0000  RESTRAINT  =       186.1846
 EAMBER (non-restraint)  =   -114056.1003
 EKCMT  =     10094.8895  VIRIAL  =     10175.3517  VOLUME     =    380063.4749
                                                    Density    =         1.0213
 ------------------------------------------------------------------------------

wrapping first mol.:       26.33899       37.24895       64.51707
wrapping first mol.:       26.33899       37.24895       64.51707

 NSTEP =     1000   TIME(PS) =    1542.000  TEMP(K) =   296.27  PRESS =    27.0
 Etot   =    -90909.8199  EKtot   =     23117.0000  EPtot      =   -114026.8199
 BOND   =       888.6040  ANGLE   =      2323.2212  DIHED      =      3511.9905
 1-4 NB =      1027.1967  1-4 EEL =     12329.9848  VDWAALS    =     13134.7187
 EELEC  =   -147435.6724  EHBOND  =         0.0000  RESTRAINT  =       193.1367
 EAMBER (non-restraint)  =   -114219.9565
 EKCMT  =      9968.0800  VIRIAL  =      9747.0158  VOLUME     =    379784.9976
                                                    Density    =         1.0221
 ------------------------------------------------------------------------------

wrapping first mol.:       26.33725       37.24649       64.51281
wrapping first mol.:       26.33725       37.24649       64.51281

 NSTEP =     1500   TIME(PS) =    1543.000  TEMP(K) =   299.07  PRESS =   306.0
 Etot   =    -90640.7185  EKtot   =     23335.6133  EPtot      =   -113976.3317
 BOND   =       832.6518  ANGLE   =      2271.8343  DIHED      =      3481.7155
 1-4 NB =      1037.4701  1-4 EEL =     12346.4265  VDWAALS    =     13193.5481
 EELEC  =   -147310.3927  EHBOND  =         0.0000  RESTRAINT  =       170.4147
 EAMBER (non-restraint)  =   -114146.7464
 EKCMT  =      9994.3211  VIRIAL  =      7485.9528  VOLUME     =    379700.4357
                                                    Density    =         1.0223
 ------------------------------------------------------------------------------

wrapping first mol.:       26.33374       37.24153       64.50422
wrapping first mol.:       26.33374       37.24153       64.50422

 NSTEP =     2000   TIME(PS) =    1544.000  TEMP(K) =   298.06  PRESS =   123.3
 Etot   =    -90756.7890  EKtot   =     23257.0000  EPtot      =   -114013.7890
 BOND   =       826.5131  ANGLE   =      2291.0433  DIHED      =      3508.4494
 1-4 NB =      1037.8325  1-4 EEL =     12371.0678  VDWAALS    =     13364.4855
 EELEC  =   -147600.6253  EHBOND  =         0.0000  RESTRAINT  =       187.4447
 EAMBER (non-restraint)  =   -114201.2336
 EKCMT  =      9935.5825  VIRIAL  =      8924.8040  VOLUME     =    379554.8558
                                                    Density    =         1.0227
 ------------------------------------------------------------------------------

wrapping first mol.:       26.32658       37.23141       64.48669
wrapping first mol.:       26.32658       37.23141       64.48669

 NSTEP =     2500   TIME(PS) =    1545.000  TEMP(K) =   298.87  PRESS =   116.6
 Etot   =    -90707.1960  EKtot   =     23320.5039  EPtot      =   -114027.6999
 BOND   =       809.5270  ANGLE   =      2334.0243  DIHED      =      3485.6283
 1-4 NB =      1041.0179  1-4 EEL =     12312.4107  VDWAALS    =     13382.2390
 EELEC  =   -147590.4147  EHBOND  =         0.0000  RESTRAINT  =       197.8675
 EAMBER (non-restraint)  =   -114225.5674
 EKCMT  =     10018.7895  VIRIAL  =      9063.9786  VOLUME     =    379245.7041
                                                    Density    =         1.0235
 ------------------------------------------------------------------------------

wrapping first mol.:       26.33282       37.24023       64.50197
wrapping first mol.:       26.33282       37.24023       64.50197

 NSTEP =     3000   TIME(PS) =    1546.000  TEMP(K) =   301.69  PRESS =   147.9
 Etot   =    -90689.9278  EKtot   =     23540.3770  EPtot      =   -114230.3047
 BOND   =       844.7295  ANGLE   =      2255.9653  DIHED      =      3500.1384
 1-4 NB =      1059.0208  1-4 EEL =     12337.8733  VDWAALS    =     13216.9433
 EELEC  =   -147632.3234  EHBOND  =         0.0000  RESTRAINT  =       187.3480
 EAMBER (non-restraint)  =   -114417.6527
 EKCMT  =     10052.1638  VIRIAL  =      8839.8678  VOLUME     =    379514.3558
                                                    Density    =         1.0228
 ------------------------------------------------------------------------------

wrapping first mol.:       26.34094       37.25171       64.52185
wrapping first mol.:       26.34094       37.25171       64.52185

 NSTEP =     3500   TIME(PS) =    1547.000  TEMP(K) =   296.78  PRESS =    17.1
 Etot   =    -91124.3429  EKtot   =     23157.0020  EPtot      =   -114281.3449
 BOND   =       814.8723  ANGLE   =      2327.3355  DIHED      =      3485.8100
 1-4 NB =      1037.3555  1-4 EEL =     12313.7908  VDWAALS    =     13348.3954
 EELEC  =   -147784.4359  EHBOND  =         0.0000  RESTRAINT  =       175.5315
 EAMBER (non-restraint)  =   -114456.8763
 EKCMT  =      9999.3856  VIRIAL  =      9858.9141  VOLUME     =    379869.8740
                                                    Density    =         1.0218
 ------------------------------------------------------------------------------

wrapping first mol.:       26.34687       37.26010       64.53638
wrapping first mol.:       26.34687       37.26010       64.53638

 NSTEP =     4000   TIME(PS) =    1548.000  TEMP(K) =   297.76  PRESS =    66.6
 Etot   =    -90590.4811  EKtot   =     23234.0195  EPtot      =   -113824.5006
 BOND   =       831.3937  ANGLE   =      2359.2925  DIHED      =      3524.2755
 1-4 NB =      1037.5672  1-4 EEL =     12322.8092  VDWAALS    =     13255.8616
 EELEC  =   -147356.3200  EHBOND  =         0.0000  RESTRAINT  =       200.6196
 EAMBER (non-restraint)  =   -114025.1202
 EKCMT  =     10015.5945  VIRIAL  =      9469.1542  VOLUME     =    380124.7361
                                                    Density    =         1.0212
 ------------------------------------------------------------------------------

wrapping first mol.:       26.34070       37.25137       64.52127
wrapping first mol.:       26.34070       37.25137       64.52127

 NSTEP =     4500   TIME(PS) =    1549.000  TEMP(K) =   299.96  PRESS =    74.4
 Etot   =    -90693.3855  EKtot   =     23405.3691  EPtot      =   -114098.7546
 BOND   =       826.1843  ANGLE   =      2275.2642  DIHED      =      3492.5766
 1-4 NB =      1037.9153  1-4 EEL =     12300.3310  VDWAALS    =     13090.9999
 EELEC  =   -147318.8965  EHBOND  =         0.0000  RESTRAINT  =       196.8706
 EAMBER (non-restraint)  =   -114295.6252
 EKCMT  =     10116.9260  VIRIAL  =      9506.4823  VOLUME     =    379857.5667
                                                    Density    =         1.0219
 ------------------------------------------------------------------------------

wrapping first mol.:       26.31810       37.21942       64.46592
wrapping first mol.:       26.31810       37.21942       64.46592

 NSTEP =     5000   TIME(PS) =    1550.000  TEMP(K) =   299.00  PRESS =  -291.2
 Etot   =    -90723.5028  EKtot   =     23330.6914  EPtot      =   -114054.1942
 BOND   =       861.5834  ANGLE   =      2297.7755  DIHED      =      3512.1461
 1-4 NB =      1010.9125  1-4 EEL =     12348.0731  VDWAALS    =     12847.1997
 EELEC  =   -147119.0951  EHBOND  =         0.0000  RESTRAINT  =       187.2107
 EAMBER (non-restraint)  =   -114241.4049
 EKCMT  =      9965.3236  VIRIAL  =     12347.7234  VOLUME     =    378893.1375
                                                    Density    =         1.0245
 ------------------------------------------------------------------------------

wrapping first mol.:       26.31612       37.21661       64.46106
wrapping first mol.:       26.31612       37.21661       64.46106

 NSTEP =     5500   TIME(PS) =    1551.000  TEMP(K) =   299.55  PRESS =    -4.1
 Etot   =    -90850.3186  EKtot   =     23373.3184  EPtot      =   -114223.6369
 BOND   =       815.9044  ANGLE   =      2294.5421  DIHED      =      3493.2247
 1-4 NB =      1052.4705  1-4 EEL =     12300.6752  VDWAALS    =     13163.2036
 EELEC  =   -147540.0702  EHBOND  =         0.0000  RESTRAINT  =       196.4127
 EAMBER (non-restraint)  =   -114420.0496
 EKCMT  =     10002.6725  VIRIAL  =     10036.5366  VOLUME     =    378797.7457
                                                    Density    =         1.0247
 ------------------------------------------------------------------------------

wrapping first mol.:       26.32495       37.22910       64.48268
wrapping first mol.:       26.32495       37.22910       64.48268

 NSTEP =     6000   TIME(PS) =    1552.000  TEMP(K) =   299.67  PRESS =   -45.8
 Etot   =    -90567.9291  EKtot   =     23382.6602  EPtot      =   -113950.5893
 BOND   =       839.5042  ANGLE   =      2256.9835  DIHED      =      3492.7702
 1-4 NB =      1019.3710  1-4 EEL =     12305.5190  VDWAALS    =     13187.8480
 EELEC  =   -147235.8039  EHBOND  =         0.0000  RESTRAINT  =       183.2187
 EAMBER (non-restraint)  =   -114133.8080
 EKCMT  =     10048.9817  VIRIAL  =     10423.8463  VOLUME     =    379180.5741
                                                    Density    =         1.0237
 ------------------------------------------------------------------------------

wrapping first mol.:       26.33895       37.24890       64.51698
wrapping first mol.:       26.33895       37.24890       64.51698

 NSTEP =     6500   TIME(PS) =    1553.000  TEMP(K) =   301.03  PRESS =   -28.1
 Etot   =    -90276.5942  EKtot   =     23488.5039  EPtot      =   -113765.0981
 BOND   =       860.1151  ANGLE   =      2324.3269  DIHED      =      3510.9462
 1-4 NB =      1022.3976  1-4 EEL =     12358.5157  VDWAALS    =     13130.7403
 EELEC  =   -147163.9061  EHBOND  =         0.0000  RESTRAINT  =       191.7661
 EAMBER (non-restraint)  =   -113956.8642
 EKCMT  =     10044.4170  VIRIAL  =     10274.8566  VOLUME     =    379785.2689
                                                    Density    =         1.0221
 ------------------------------------------------------------------------------

wrapping first mol.:       26.33385       37.24168       64.50448
wrapping first mol.:       26.33385       37.24168       64.50448

 NSTEP =     7000   TIME(PS) =    1554.000  TEMP(K) =   299.15  PRESS =    46.2
 Etot   =    -90663.1689  EKtot   =     23342.0977  EPtot      =   -114005.2665
 BOND   =       861.0650  ANGLE   =      2344.3484  DIHED      =      3507.7538
 1-4 NB =      1050.1803  1-4 EEL =     12291.1958  VDWAALS    =     13226.6582
 EELEC  =   -147479.8414  EHBOND  =         0.0000  RESTRAINT  =       193.3732
 EAMBER (non-restraint)  =   -114198.6398
 EKCMT  =      9980.2468  VIRIAL  =      9601.5190  VOLUME     =    379562.0638
                                                    Density    =         1.0227
 ------------------------------------------------------------------------------

wrapping first mol.:       26.34506       37.25754       64.53194
wrapping first mol.:       26.34506       37.25754       64.53194

 NSTEP =     7500   TIME(PS) =    1555.000  TEMP(K) =   300.74  PRESS =  -135.2
 Etot   =    -90515.5271  EKtot   =     23466.3457  EPtot      =   -113981.8728
 BOND   =       852.9420  ANGLE   =      2352.0621  DIHED      =      3493.9186
 1-4 NB =      1025.0863  1-4 EEL =     12300.0845  VDWAALS    =     13231.0799
 EELEC  =   -147431.2564  EHBOND  =         0.0000  RESTRAINT  =       194.2102
 EAMBER (non-restraint)  =   -114176.0830
 EKCMT  =     10108.3936  VIRIAL  =     11217.4595  VOLUME     =    380053.2530
                                                    Density    =         1.0214
 ------------------------------------------------------------------------------

wrapping first mol.:       26.34606       37.25896       64.53441
wrapping first mol.:       26.34606       37.25896       64.53441

 NSTEP =     8000   TIME(PS) =    1556.000  TEMP(K) =   302.75  PRESS =    17.4
 Etot   =    -90096.3655  EKtot   =     23622.7344  EPtot      =   -113719.0999
 BOND   =       870.9693  ANGLE   =      2329.6309  DIHED      =      3510.7463
 1-4 NB =      1035.6355  1-4 EEL =     12294.6239  VDWAALS    =     13027.1092
 EELEC  =   -146984.8344  EHBOND  =         0.0000  RESTRAINT  =       197.0195
 EAMBER (non-restraint)  =   -113916.1194
 EKCMT  =     10087.3312  VIRIAL  =      9944.4399  VOLUME     =    380091.6181
                                                    Density    =         1.0212
 ------------------------------------------------------------------------------

wrapping first mol.:       26.34524       37.25779       64.53238
wrapping first mol.:       26.34524       37.25779       64.53238

 NSTEP =     8500   TIME(PS) =    1557.000  TEMP(K) =   299.96  PRESS =   -46.7
 Etot   =    -90768.2141  EKtot   =     23405.1426  EPtot      =   -114173.3567
 BOND   =       838.0182  ANGLE   =      2354.6350  DIHED      =      3513.6532
 1-4 NB =      1043.7080  1-4 EEL =     12310.9164  VDWAALS    =     13346.7407
 EELEC  =   -147773.3841  EHBOND  =         0.0000  RESTRAINT  =       192.3559
 EAMBER (non-restraint)  =   -114365.7127
 EKCMT  =     10068.7239  VIRIAL  =     10452.2123  VOLUME     =    380057.9610
                                                    Density    =         1.0213
 ------------------------------------------------------------------------------

wrapping first mol.:       26.35405       37.27026       64.55397
wrapping first mol.:       26.35405       37.27026       64.55397

 NSTEP =     9000   TIME(PS) =    1558.000  TEMP(K) =   300.94  PRESS =  -144.7
 Etot   =    -90728.0815  EKtot   =     23481.4805  EPtot      =   -114209.5620
 BOND   =       825.0186  ANGLE   =      2303.8688  DIHED      =      3515.9852
 1-4 NB =      1039.2757  1-4 EEL =     12360.0724  VDWAALS    =     13191.1999
 EELEC  =   -147644.3185  EHBOND  =         0.0000  RESTRAINT  =       199.3359
 EAMBER (non-restraint)  =   -114408.8979
 EKCMT  =     10072.5235  VIRIAL  =     11260.8775  VOLUME     =    380442.9213
                                                    Density    =         1.0203
 ------------------------------------------------------------------------------

wrapping first mol.:       26.34638       37.25941       64.53518
wrapping first mol.:       26.34638       37.25941       64.53518

 NSTEP =     9500   TIME(PS) =    1559.000  TEMP(K) =   300.48  PRESS =    97.2
 Etot   =    -90547.0357  EKtot   =     23445.6582  EPtot      =   -113992.6940
 BOND   =       872.9826  ANGLE   =      2370.2908  DIHED      =      3516.3776
 1-4 NB =      1030.8684  1-4 EEL =     12316.1404  VDWAALS    =     13184.9075
 EELEC  =   -147493.5406  EHBOND  =         0.0000  RESTRAINT  =       209.2794
 EAMBER (non-restraint)  =   -114201.9733
 EKCMT  =     10111.5570  VIRIAL  =      9313.7999  VOLUME     =    380102.5754
                                                    Density    =         1.0212
 ------------------------------------------------------------------------------

wrapping first mol.:       26.34985       37.26431       64.54368
wrapping first mol.:       26.34985       37.26431       64.54368

 NSTEP =    10000   TIME(PS) =    1560.000  TEMP(K) =   300.29  PRESS =  -246.6
 Etot   =    -90643.7236  EKtot   =     23431.1348  EPtot      =   -114074.8584
 BOND   =       840.7181  ANGLE   =      2346.9465  DIHED      =      3502.2059
 1-4 NB =      1039.6744  1-4 EEL =     12329.4530  VDWAALS    =     13011.0133
 EELEC  =   -147339.9704  EHBOND  =         0.0000  RESTRAINT  =       195.1008
 EAMBER (non-restraint)  =   -114269.9592
 EKCMT  =     10079.4576  VIRIAL  =     12104.4498  VOLUME     =    380264.3819
                                                    Density    =         1.0208
 ------------------------------------------------------------------------------

wrapping first mol.:       26.34722       37.26059       64.53723
wrapping first mol.:       26.34722       37.26059       64.53723

 NSTEP =    10500   TIME(PS) =    1561.000  TEMP(K) =   300.81  PRESS =   178.4
 Etot   =    -90630.4344  EKtot   =     23471.6172  EPtot      =   -114102.0516
 BOND   =       838.6573  ANGLE   =      2276.0900  DIHED      =      3497.3526
 1-4 NB =      1039.5606  1-4 EEL =     12318.7317  VDWAALS    =     13093.2126
 EELEC  =   -147361.2659  EHBOND  =         0.0000  RESTRAINT  =       195.6096
 EAMBER (non-restraint)  =   -114297.6612
 EKCMT  =      9981.2329  VIRIAL  =      8517.2069  VOLUME     =    380135.9923
                                                    Density    =         1.0211
 ------------------------------------------------------------------------------

wrapping first mol.:       26.34374       37.25568       64.52872
wrapping first mol.:       26.34374       37.25568       64.52872

 NSTEP =    11000   TIME(PS) =    1562.000  TEMP(K) =   303.13  PRESS =    20.9
 Etot   =    -90126.4365  EKtot   =     23652.5098  EPtot      =   -113778.9463
 BOND   =       854.5156  ANGLE   =      2310.2215  DIHED      =      3493.1772
 1-4 NB =      1028.0767  1-4 EEL =     12358.0284  VDWAALS    =     13196.6457
 EELEC  =   -147197.3703  EHBOND  =         0.0000  RESTRAINT  =       177.7588
 EAMBER (non-restraint)  =   -113956.7051
 EKCMT  =     10129.8724  VIRIAL  =      9958.5926  VOLUME     =    379991.1022
                                                    Density    =         1.0215
 ------------------------------------------------------------------------------

wrapping first mol.:       26.34050       37.25110       64.52079
wrapping first mol.:       26.34050       37.25110       64.52079

 NSTEP =    11500   TIME(PS) =    1563.000  TEMP(K) =   303.25  PRESS =    21.5
 Etot   =    -90290.4904  EKtot   =     23661.7148  EPtot      =   -113952.2053
 BOND   =       853.6357  ANGLE   =      2391.4572  DIHED      =      3508.0060
 1-4 NB =      1047.2622  1-4 EEL =     12309.6807  VDWAALS    =     13277.8060
 EELEC  =   -147528.4650  EHBOND  =         0.0000  RESTRAINT  =       188.4119
 EAMBER (non-restraint)  =   -114140.6171
 EKCMT  =     10099.3639  VIRIAL  =      9923.2240  VOLUME     =    379850.8545
                                                    Density    =         1.0219
 ------------------------------------------------------------------------------

wrapping first mol.:       26.34107       37.25190       64.52217
wrapping first mol.:       26.34107       37.25190       64.52217

 NSTEP =    12000   TIME(PS) =    1564.000  TEMP(K) =   300.08  PRESS =   -88.1
 Etot   =    -90753.1251  EKtot   =     23414.5801  EPtot      =   -114167.7051
 BOND   =       848.9020  ANGLE   =      2305.7356  DIHED      =      3504.3478
 1-4 NB =      1044.1244  1-4 EEL =     12300.4455  VDWAALS    =     13121.9617
 EELEC  =   -147483.3151  EHBOND  =         0.0000  RESTRAINT  =       190.0929
 EAMBER (non-restraint)  =   -114357.7980
 EKCMT  =     10116.1833  VIRIAL  =     10838.4848  VOLUME     =    379879.0555
                                                    Density    =         1.0218
 ------------------------------------------------------------------------------

wrapping first mol.:       26.32468       37.22871       64.48202
wrapping first mol.:       26.32468       37.22871       64.48202

 NSTEP =    12500   TIME(PS) =    1565.000  TEMP(K) =   298.05  PRESS =  -179.2
 Etot   =    -90776.1206  EKtot   =     23256.4141  EPtot      =   -114032.5347
 BOND   =       887.1999  ANGLE   =      2316.0964  DIHED      =      3509.5679
 1-4 NB =      1026.4589  1-4 EEL =     12371.6158  VDWAALS    =     13228.5712
 EELEC  =   -147560.7153  EHBOND  =         0.0000  RESTRAINT  =       188.6704
 EAMBER (non-restraint)  =   -114221.2051
 EKCMT  =     10122.8451  VIRIAL  =     11589.9996  VOLUME     =    379173.3317
                                                    Density    =         1.0237
 ------------------------------------------------------------------------------

wrapping first mol.:       26.33759       37.24697       64.51364
wrapping first mol.:       26.33759       37.24697       64.51364

 NSTEP =    13000   TIME(PS) =    1566.000  TEMP(K) =   299.93  PRESS =    84.5
 Etot   =    -90894.4415  EKtot   =     23402.6895  EPtot      =   -114297.1309
 BOND   =       900.9695  ANGLE   =      2321.2613  DIHED      =      3513.6157
 1-4 NB =      1023.8361  1-4 EEL =     12302.7083  VDWAALS    =     13151.4964
 EELEC  =   -147699.7976  EHBOND  =         0.0000  RESTRAINT  =       188.7793
 EAMBER (non-restraint)  =   -114485.9103
 EKCMT  =     10034.8046  VIRIAL  =      9342.2679  VOLUME     =    379722.6106
                                                    Density    =         1.0222
 ------------------------------------------------------------------------------

wrapping first mol.:       26.34198       37.25319       64.52441
wrapping first mol.:       26.34198       37.25319       64.52441

 NSTEP =    13500   TIME(PS) =    1567.000  TEMP(K) =   300.95  PRESS =    80.3
 Etot   =    -90102.8938  EKtot   =     23482.6797  EPtot      =   -113585.5735
 BOND   =       836.6859  ANGLE   =      2297.6255  DIHED      =      3516.5268
 1-4 NB =      1039.5149  1-4 EEL =     12286.5646  VDWAALS    =     13085.8957
 EELEC  =   -146838.0539  EHBOND  =         0.0000  RESTRAINT  =       189.6670
 EAMBER (non-restraint)  =   -113775.2404
 EKCMT  =     10116.3926  VIRIAL  =      9457.7660  VOLUME     =    379912.8056
                                                    Density    =         1.0217
 ------------------------------------------------------------------------------

wrapping first mol.:       26.35079       37.26564       64.54597
wrapping first mol.:       26.35079       37.26564       64.54597

 NSTEP =    14000   TIME(PS) =    1568.000  TEMP(K) =   303.97  PRESS =    -6.0
 Etot   =    -90202.6304  EKtot   =     23718.2656  EPtot      =   -113920.8961
 BOND   =       792.8280  ANGLE   =      2288.1396  DIHED      =      3494.3899
 1-4 NB =      1041.2759  1-4 EEL =     12363.0335  VDWAALS    =     13269.9445
 EELEC  =   -147342.7377  EHBOND  =         0.0000  RESTRAINT  =       172.2302
 EAMBER (non-restraint)  =   -114093.1263
 EKCMT  =     10135.4479  VIRIAL  =     10184.9108  VOLUME     =    380296.8058
                                                    Density    =         1.0207
 ------------------------------------------------------------------------------

wrapping first mol.:       26.34457       37.25684       64.53074
wrapping first mol.:       26.34457       37.25684       64.53074

 NSTEP =    14500   TIME(PS) =    1569.000  TEMP(K) =   301.62  PRESS =  -148.2
 Etot   =    -90494.3108  EKtot   =     23534.4707  EPtot      =   -114028.7816
 BOND   =       875.2035  ANGLE   =      2256.4665  DIHED      =      3529.1442
 1-4 NB =      1033.3377  1-4 EEL =     12338.8217  VDWAALS    =     12944.2902
 EELEC  =   -147192.0236  EHBOND  =         0.0000  RESTRAINT  =       185.9782
 EAMBER (non-restraint)  =   -114214.7598
 EKCMT  =     10104.6666  VIRIAL  =     11320.7729  VOLUME     =    380032.4166
                                                    Density    =         1.0214
 ------------------------------------------------------------------------------

wrapping first mol.:       26.34022       37.25070       64.52009
wrapping first mol.:       26.34022       37.25070       64.52009

 NSTEP =    15000   TIME(PS) =    1570.000  TEMP(K) =   299.53  PRESS =   311.7
 Etot   =    -90642.8044  EKtot   =     23371.5117  EPtot      =   -114014.3162
 BOND   =       882.1599  ANGLE   =      2352.3988  DIHED      =      3504.8614
 1-4 NB =      1033.6691  1-4 EEL =     12278.9309  VDWAALS    =     13298.3912
 EELEC  =   -147546.0429  EHBOND  =         0.0000  RESTRAINT  =       181.3155
 EAMBER (non-restraint)  =   -114195.6316
 EKCMT  =     10085.4214  VIRIAL  =      7529.4743  VOLUME     =    379828.7645
                                                    Density    =         1.0220
 ------------------------------------------------------------------------------

wrapping first mol.:       26.32610       37.23073       64.48550
wrapping first mol.:       26.32610       37.23073       64.48550

 NSTEP =    15500   TIME(PS) =    1571.000  TEMP(K) =   303.10  PRESS =   -33.2
 Etot   =    -90545.0460  EKtot   =     23650.3262  EPtot      =   -114195.3722
 BOND   =       908.2511  ANGLE   =      2292.7073  DIHED      =      3497.4629
 1-4 NB =      1019.0610  1-4 EEL =     12310.9146  VDWAALS    =     13172.5450
 EELEC  =   -147580.7318  EHBOND  =         0.0000  RESTRAINT  =       184.4177
 EAMBER (non-restraint)  =   -114379.7899
 EKCMT  =     10196.6943  VIRIAL  =     10468.1643  VOLUME     =    379229.8738
                                                    Density    =         1.0236
 ------------------------------------------------------------------------------

wrapping first mol.:       26.33799       37.24754       64.51463
wrapping first mol.:       26.33799       37.24754       64.51463

 NSTEP =    16000   TIME(PS) =    1572.000  TEMP(K) =   298.49  PRESS =    66.5
 Etot   =    -90555.6223  EKtot   =     23290.9121  EPtot      =   -113846.5344
 BOND   =       837.1487  ANGLE   =      2352.8516  DIHED      =      3492.9925
 1-4 NB =      1069.1365  1-4 EEL =     12327.7546  VDWAALS    =     13295.2668
 EELEC  =   -147424.5899  EHBOND  =         0.0000  RESTRAINT  =       202.9048
 EAMBER (non-restraint)  =   -114049.4392
 EKCMT  =      9896.8218  VIRIAL  =      9351.5924  VOLUME     =    379740.5419
                                                    Density    =         1.0222
 ------------------------------------------------------------------------------

wrapping first mol.:       26.33361       37.24135       64.50390
wrapping first mol.:       26.33361       37.24135       64.50390

 NSTEP =    16500   TIME(PS) =    1573.000  TEMP(K) =   300.23  PRESS =  -126.7
 Etot   =    -90797.9506  EKtot   =     23426.5059  EPtot      =   -114224.4564
 BOND   =       842.1222  ANGLE   =      2272.6810  DIHED      =      3534.4138
 1-4 NB =      1031.6284  1-4 EEL =     12337.1720  VDWAALS    =     12951.7410
 EELEC  =   -147372.7434  EHBOND  =         0.0000  RESTRAINT  =       178.5285
 EAMBER (non-restraint)  =   -114402.9850
 EKCMT  =     10020.3370  VIRIAL  =     11058.7547  VOLUME     =    379557.6818
                                                    Density    =         1.0227
 ------------------------------------------------------------------------------

wrapping first mol.:       26.33956       37.24976       64.51848
wrapping first mol.:       26.33956       37.24976       64.51848

 NSTEP =    17000   TIME(PS) =    1574.000  TEMP(K) =   300.26  PRESS =   224.2
 Etot   =    -90438.6776  EKtot   =     23429.0977  EPtot      =   -113867.7752
 BOND   =       821.8439  ANGLE   =      2351.9948  DIHED      =      3499.4754
 1-4 NB =      1033.1811  1-4 EEL =     12293.6256  VDWAALS    =     13290.0074
 EELEC  =   -147348.3944  EHBOND  =         0.0000  RESTRAINT  =       190.4910
 EAMBER (non-restraint)  =   -114058.2662
 EKCMT  =     10101.6626  VIRIAL  =      8263.3670  VOLUME     =    379803.2281
                                                    Density    =         1.0220
 ------------------------------------------------------------------------------

wrapping first mol.:       26.33559       37.24415       64.50876
wrapping first mol.:       26.33559       37.24415       64.50876

 NSTEP =    17500   TIME(PS) =    1575.000  TEMP(K) =   299.36  PRESS =     0.3
 Etot   =    -90590.3066  EKtot   =     23358.2617  EPtot      =   -113948.5683
 BOND   =       824.9086  ANGLE   =      2286.5893  DIHED      =      3492.3475
 1-4 NB =      1029.1923  1-4 EEL =     12372.4773  VDWAALS    =     13053.9928
 EELEC  =   -147195.4043  EHBOND  =         0.0000  RESTRAINT  =       187.3281
 EAMBER (non-restraint)  =   -114135.8965
 EKCMT  =     10045.6668  VIRIAL  =     10042.9231  VOLUME     =    379639.1914
                                                    Density    =         1.0225
 ------------------------------------------------------------------------------

wrapping first mol.:       26.33514       37.24351       64.50765
wrapping first mol.:       26.33514       37.24351       64.50765

 NSTEP =    18000   TIME(PS) =    1576.000  TEMP(K) =   299.12  PRESS =   -28.2
 Etot   =    -90637.1688  EKtot   =     23339.6934  EPtot      =   -113976.8622
 BOND   =       835.1022  ANGLE   =      2263.2168  DIHED      =      3466.9557
 1-4 NB =      1035.9585  1-4 EEL =     12314.5635  VDWAALS    =     13154.0215
 EELEC  =   -147224.9689  EHBOND  =         0.0000  RESTRAINT  =       178.2886
 EAMBER (non-restraint)  =   -114155.1508
 EKCMT  =     10078.8717  VIRIAL  =     10309.9250  VOLUME     =    379620.6034
                                                    Density    =         1.0225
 ------------------------------------------------------------------------------

wrapping first mol.:       26.33931       37.24940       64.51786
wrapping first mol.:       26.33931       37.24940       64.51786

 NSTEP =    18500   TIME(PS) =    1577.000  TEMP(K) =   301.29  PRESS =    59.6
 Etot   =    -90654.4485  EKtot   =     23508.8750  EPtot      =   -114163.3235
 BOND   =       873.8362  ANGLE   =      2321.5477  DIHED      =      3494.5153
 1-4 NB =      1031.6866  1-4 EEL =     12331.4578  VDWAALS    =     13336.1690
 EELEC  =   -147738.7243  EHBOND  =         0.0000  RESTRAINT  =       186.1882
 EAMBER (non-restraint)  =   -114349.5117
 EKCMT  =     10144.7505  VIRIAL  =      9655.6842  VOLUME     =    379797.8161
                                                    Density    =         1.0220
 ------------------------------------------------------------------------------

wrapping first mol.:       26.34950       37.26382       64.54283
wrapping first mol.:       26.34950       37.26382       64.54283

 NSTEP =    19000   TIME(PS) =    1578.000  TEMP(K) =   300.07  PRESS =   -66.7
 Etot   =    -90675.9370  EKtot   =     23414.1816  EPtot      =   -114090.1186
 BOND   =       880.6156  ANGLE   =      2281.3509  DIHED      =      3481.7767
 1-4 NB =      1043.4219  1-4 EEL =     12377.4993  VDWAALS    =     13342.0274
 EELEC  =   -147685.5711  EHBOND  =         0.0000  RESTRAINT  =       188.7606
 EAMBER (non-restraint)  =   -114278.8792
 EKCMT  =     10105.2500  VIRIAL  =     10652.8819  VOLUME     =    380243.3628
                                                    Density    =         1.0208
 ------------------------------------------------------------------------------

wrapping first mol.:       26.34661       37.25974       64.53575
wrapping first mol.:       26.34661       37.25974       64.53575

 NSTEP =    19500   TIME(PS) =    1579.000  TEMP(K) =   300.25  PRESS =    48.9
 Etot   =    -90644.1486  EKtot   =     23427.7773  EPtot      =   -114071.9260
 BOND   =       869.2047  ANGLE   =      2247.5450  DIHED      =      3511.0638
 1-4 NB =      1025.7580  1-4 EEL =     12269.7096  VDWAALS    =     13307.4359
 EELEC  =   -147499.3558  EHBOND  =         0.0000  RESTRAINT  =       196.7129
 EAMBER (non-restraint)  =   -114268.6389
 EKCMT  =      9954.9649  VIRIAL  =      9553.2291  VOLUME     =    380114.3620
                                                    Density    =         1.0212
 ------------------------------------------------------------------------------

wrapping first mol.:       26.33554       37.24407       64.50862
wrapping first mol.:       26.33554       37.24407       64.50862

 NSTEP =    20000   TIME(PS) =    1580.000  TEMP(K) =   300.59  PRESS =   -63.8
 Etot   =    -90687.9214  EKtot   =     23454.7559  EPtot      =   -114142.6773
 BOND   =       830.6100  ANGLE   =      2329.3444  DIHED      =      3536.8044
 1-4 NB =      1051.3112  1-4 EEL =     12340.3256  VDWAALS    =     12913.9601
 EELEC  =   -147344.2933  EHBOND  =         0.0000  RESTRAINT  =       199.2602
 EAMBER (non-restraint)  =   -114341.9375
 EKCMT  =     10038.5567  VIRIAL  =     10561.1692  VOLUME     =    379638.8895
                                                    Density    =         1.0225
 ------------------------------------------------------------------------------

wrapping first mol.:       26.34191       37.25309       64.52424
wrapping first mol.:       26.34191       37.25309       64.52424

 NSTEP =    20500   TIME(PS) =    1581.000  TEMP(K) =   299.60  PRESS =    -8.4
 Etot   =    -90796.1640  EKtot   =     23377.1289  EPtot      =   -114173.2929
 BOND   =       858.2721  ANGLE   =      2368.0403  DIHED      =      3508.3027
 1-4 NB =      1038.2024  1-4 EEL =     12294.2492  VDWAALS    =     13186.7908
 EELEC  =   -147618.3672  EHBOND  =         0.0000  RESTRAINT  =       191.2169
 EAMBER (non-restraint)  =   -114364.5098
 EKCMT  =     10095.0258  VIRIAL  =     10163.5597  VOLUME     =    379912.8504
                                                    Density    =         1.0217
 ------------------------------------------------------------------------------

wrapping first mol.:       26.37240       37.29621       64.59892
wrapping first mol.:       26.37240       37.29621       64.59892

 NSTEP =    21000   TIME(PS) =    1582.000  TEMP(K) =   298.82  PRESS =    -7.6
 Etot   =    -90603.9313  EKtot   =     23316.5527  EPtot      =   -113920.4840
 BOND   =       835.2854  ANGLE   =      2265.4493  DIHED      =      3516.6752
 1-4 NB =      1077.2495  1-4 EEL =     12345.9229  VDWAALS    =     13004.9641
 EELEC  =   -147178.7378  EHBOND  =         0.0000  RESTRAINT  =       212.7074
 EAMBER (non-restraint)  =   -114133.1914
 EKCMT  =     10088.1550  VIRIAL  =     10150.3952  VOLUME     =    381233.5714
                                                    Density    =         1.0182
 ------------------------------------------------------------------------------

wrapping first mol.:       26.34739       37.26083       64.53765
wrapping first mol.:       26.34739       37.26083       64.53765

 NSTEP =    21500   TIME(PS) =    1583.000  TEMP(K) =   301.90  PRESS =   -85.7
 Etot   =    -90742.5854  EKtot   =     23557.0605  EPtot      =   -114299.6460
 BOND   =       809.4438  ANGLE   =      2336.5422  DIHED      =      3489.2890
 1-4 NB =      1022.8902  1-4 EEL =     12294.6906  VDWAALS    =     13168.1087
 EELEC  =   -147624.8178  EHBOND  =         0.0000  RESTRAINT  =       204.2072
 EAMBER (non-restraint)  =   -114503.8532
 EKCMT  =     10247.1417  VIRIAL  =     10950.2821  VOLUME     =    380152.3603
                                                    Density    =         1.0211
 ------------------------------------------------------------------------------

wrapping first mol.:       26.34742       37.26087       64.53772
wrapping first mol.:       26.34742       37.26087       64.53772

 NSTEP =    22000   TIME(PS) =    1584.000  TEMP(K) =   299.92  PRESS =    39.3
 Etot   =    -90837.2903  EKtot   =     23402.1367  EPtot      =   -114239.4270
 BOND   =       816.5259  ANGLE   =      2329.0959  DIHED      =      3471.7358
 1-4 NB =      1061.1529  1-4 EEL =     12329.3641  VDWAALS    =     13411.4019
 EELEC  =   -147840.1572  EHBOND  =         0.0000  RESTRAINT  =       181.4538
 EAMBER (non-restraint)  =   -114420.8807
 EKCMT  =      9998.2102  VIRIAL  =      9675.3210  VOLUME     =    380149.3945
                                                    Density    =         1.0211
 ------------------------------------------------------------------------------

wrapping first mol.:       26.35718       37.27468       64.56163
wrapping first mol.:       26.35718       37.27468       64.56163

 NSTEP =    22500   TIME(PS) =    1585.000  TEMP(K) =   302.15  PRESS =   115.3
 Etot   =    -90394.1703  EKtot   =     23575.8438  EPtot      =   -113970.0141
 BOND   =       835.6691  ANGLE   =      2398.2081  DIHED      =      3480.8958
 1-4 NB =      1026.1981  1-4 EEL =     12243.5767  VDWAALS    =     13417.2115
 EELEC  =   -147562.8089  EHBOND  =         0.0000  RESTRAINT  =       191.0355
 EAMBER (non-restraint)  =   -114161.0496
 EKCMT  =     10210.4510  VIRIAL  =      9262.9010  VOLUME     =    380569.5751
                                                    Density    =         1.0200
 ------------------------------------------------------------------------------

wrapping first mol.:       26.34883       37.26287       64.54118
wrapping first mol.:       26.34883       37.26287       64.54118

 NSTEP =    23000   TIME(PS) =    1586.000  TEMP(K) =   298.38  PRESS =  -274.3
 Etot   =    -90526.1283  EKtot   =     23281.8672  EPtot      =   -113807.9955
 BOND   =       866.8956  ANGLE   =      2407.1661  DIHED      =      3513.9731
 1-4 NB =      1039.4134  1-4 EEL =     12294.8809  VDWAALS    =     13056.2260
 EELEC  =   -147174.6581  EHBOND  =         0.0000  RESTRAINT  =       188.1074
 EAMBER (non-restraint)  =   -113996.1029
 EKCMT  =     10037.3502  VIRIAL  =     12289.1488  VOLUME     =    380221.2043
                                                    Density    =         1.0209
 ------------------------------------------------------------------------------

wrapping first mol.:       26.34472       37.25706       64.53111
wrapping first mol.:       26.34472       37.25706       64.53111

 NSTEP =    23500   TIME(PS) =    1587.000  TEMP(K) =   301.19  PRESS =   120.5
 Etot   =    -90600.3969  EKtot   =     23501.3320  EPtot      =   -114101.7289
 BOND   =       829.9791  ANGLE   =      2317.9250  DIHED      =      3514.6301
 1-4 NB =      1031.7851  1-4 EEL =     12347.5772  VDWAALS    =     13328.6511
 EELEC  =   -147656.7537  EHBOND  =         0.0000  RESTRAINT  =       184.4771
 EAMBER (non-restraint)  =   -114286.2060
 EKCMT  =     10052.2063  VIRIAL  =      9063.1726  VOLUME     =    380029.8913
                                                    Density    =         1.0214
 ------------------------------------------------------------------------------

wrapping first mol.:       26.34014       37.25058       64.51989
wrapping first mol.:       26.34014       37.25058       64.51989

 NSTEP =    24000   TIME(PS) =    1588.000  TEMP(K) =   304.60  PRESS =    -4.5
 Etot   =    -90311.9525  EKtot   =     23767.4043  EPtot      =   -114079.3568
 BOND   =       819.0850  ANGLE   =      2309.1865  DIHED      =      3510.5448
 1-4 NB =      1050.0744  1-4 EEL =     12338.3896  VDWAALS    =     13125.0756
 EELEC  =   -147421.2516  EHBOND  =         0.0000  RESTRAINT  =       189.5390
 EAMBER (non-restraint)  =   -114268.8958
 EKCMT  =     10210.8158  VIRIAL  =     10248.0647  VOLUME     =    379835.8281
                                                    Density    =         1.0219
 ------------------------------------------------------------------------------

wrapping first mol.:       26.33741       37.24671       64.51320
wrapping first mol.:       26.33741       37.24671       64.51320

 NSTEP =    24500   TIME(PS) =    1589.000  TEMP(K) =   300.56  PRESS =    62.9
 Etot   =    -90675.2870  EKtot   =     23451.9180  EPtot      =   -114127.2050
 BOND   =       815.7821  ANGLE   =      2288.1947  DIHED      =      3509.3193
 1-4 NB =      1025.2802  1-4 EEL =     12326.2716  VDWAALS    =     13106.4482
 EELEC  =   -147379.7828  EHBOND  =         0.0000  RESTRAINT  =       181.2818
 EAMBER (non-restraint)  =   -114308.4868
 EKCMT  =      9997.2154  VIRIAL  =      9481.1993  VOLUME     =    379715.4423
                                                    Density    =         1.0223
 ------------------------------------------------------------------------------

wrapping first mol.:       26.33538       37.24385       64.50824
wrapping first mol.:       26.33538       37.24385       64.50824

 NSTEP =    25000   TIME(PS) =    1590.000  TEMP(K) =   299.73  PRESS =  -153.3
 Etot   =    -90969.8413  EKtot   =     23387.4590  EPtot      =   -114357.3003
 BOND   =       822.6077  ANGLE   =      2346.6367  DIHED      =      3472.8300
 1-4 NB =      1047.8694  1-4 EEL =     12310.7979  VDWAALS    =     13139.1705
 EELEC  =   -147684.6269  EHBOND  =         0.0000  RESTRAINT  =       187.4143
 EAMBER (non-restraint)  =   -114544.7146
 EKCMT  =     10062.5243  VIRIAL  =     11319.5014  VOLUME     =    379635.2708
                                                    Density    =         1.0225
 ------------------------------------------------------------------------------

wrapping first mol.:       26.33908       37.24908       64.51730
wrapping first mol.:       26.33908       37.24908       64.51730

 NSTEP =    25500   TIME(PS) =    1591.000  TEMP(K) =   299.30  PRESS =  -198.1
 Etot   =    -90896.6197  EKtot   =     23353.6074  EPtot      =   -114250.2271
 BOND   =       827.8519  ANGLE   =      2291.9450  DIHED      =      3500.8018
 1-4 NB =      1015.2499  1-4 EEL =     12343.5799  VDWAALS    =     13020.1854
 EELEC  =   -147439.8164  EHBOND  =         0.0000  RESTRAINT  =       189.9754
 EAMBER (non-restraint)  =   -114440.2025
 EKCMT  =     10084.3584  VIRIAL  =     11708.6516  VOLUME     =    379796.7609
                                                    Density    =         1.0220
 ------------------------------------------------------------------------------

wrapping first mol.:       26.32335       37.22684       64.47877
wrapping first mol.:       26.32335       37.22684       64.47877

 NSTEP =    26000   TIME(PS) =    1592.000  TEMP(K) =   300.73  PRESS =    95.8
 Etot   =    -90673.5128  EKtot   =     23465.3184  EPtot      =   -114138.8312
 BOND   =       830.1936  ANGLE   =      2397.6135  DIHED      =      3494.8411
 1-4 NB =      1041.2591  1-4 EEL =     12335.6062  VDWAALS    =     13341.4545
 EELEC  =   -147768.4784  EHBOND  =         0.0000  RESTRAINT  =       188.6793
 EAMBER (non-restraint)  =   -114327.5104
 EKCMT  =      9999.1323  VIRIAL  =      9215.2059  VOLUME     =    379106.7931
                                                    Density    =         1.0239
 ------------------------------------------------------------------------------

wrapping first mol.:       26.31665       37.21736       64.46236
wrapping first mol.:       26.31665       37.21736       64.46236

 NSTEP =    26500   TIME(PS) =    1593.000  TEMP(K) =   299.26  PRESS =   -42.3
 Etot   =    -90848.1755  EKtot   =     23350.7754  EPtot      =   -114198.9509
 BOND   =       845.5086  ANGLE   =      2296.4651  DIHED      =      3488.0458
 1-4 NB =      1027.2400  1-4 EEL =     12318.7391  VDWAALS    =     13098.1854
 EELEC  =   -147460.3404  EHBOND  =         0.0000  RESTRAINT  =       187.2054
 EAMBER (non-restraint)  =   -114386.1563
 EKCMT  =     10027.8188  VIRIAL  =     10373.5710  VOLUME     =    378822.0307
                                                    Density    =         1.0247
 ------------------------------------------------------------------------------

wrapping first mol.:       26.31489       37.21488       64.45805
wrapping first mol.:       26.31489       37.21488       64.45805

 NSTEP =    27000   TIME(PS) =    1594.000  TEMP(K) =   301.98  PRESS =     9.6
 Etot   =    -90634.6710  EKtot   =     23562.6543  EPtot      =   -114197.3253
 BOND   =       853.9241  ANGLE   =      2297.4178  DIHED      =      3514.4344
 1-4 NB =      1020.3688  1-4 EEL =     12285.1109  VDWAALS    =     13285.9988
 EELEC  =   -147655.6536  EHBOND  =         0.0000  RESTRAINT  =       201.0735
 EAMBER (non-restraint)  =   -114398.3988
 EKCMT  =     10125.3661  VIRIAL  =     10047.1356  VOLUME     =    378744.3251
                                                    Density    =         1.0249
 ------------------------------------------------------------------------------

wrapping first mol.:       26.32806       37.23350       64.49031
wrapping first mol.:       26.32806       37.23350       64.49031

 NSTEP =    27500   TIME(PS) =    1595.000  TEMP(K) =   299.97  PRESS =    31.8
 Etot   =    -90650.5786  EKtot   =     23406.3398  EPtot      =   -114056.9184
 BOND   =       844.9367  ANGLE   =      2305.7095  DIHED      =      3480.0483
 1-4 NB =      1036.0857  1-4 EEL =     12324.1454  VDWAALS    =     13079.8104
 EELEC  =   -147336.7367  EHBOND  =         0.0000  RESTRAINT  =       209.0822
 EAMBER (non-restraint)  =   -114266.0006
 EKCMT  =     10058.8182  VIRIAL  =      9798.4708  VOLUME     =    379312.4608
                                                    Density    =         1.0233
 ------------------------------------------------------------------------------

wrapping first mol.:       26.32993       37.23615       64.49489
wrapping first mol.:       26.32993       37.23615       64.49489

 NSTEP =    28000   TIME(PS) =    1596.000  TEMP(K) =   300.08  PRESS =   -27.9
 Etot   =    -90584.4080  EKtot   =     23414.3867  EPtot      =   -113998.7947
 BOND   =       880.8514  ANGLE   =      2365.2059  DIHED      =      3468.1411
 1-4 NB =      1017.4562  1-4 EEL =     12291.9511  VDWAALS    =     12954.1305
 EELEC  =   -147175.6822  EHBOND  =         0.0000  RESTRAINT  =       199.1513
 EAMBER (non-restraint)  =   -114197.9460
 EKCMT  =     10011.0590  VIRIAL  =     10239.6161  VOLUME     =    379395.3946
                                                    Density    =         1.0231
 ------------------------------------------------------------------------------

wrapping first mol.:       26.33007       37.23633       64.49522
wrapping first mol.:       26.33007       37.23633       64.49522

 NSTEP =    28500   TIME(PS) =    1597.000  TEMP(K) =   295.98  PRESS =   237.1
 Etot   =    -90805.0957  EKtot   =     23094.5977  EPtot      =   -113899.6933
 BOND   =       824.2155  ANGLE   =      2259.6225  DIHED      =      3487.3419
 1-4 NB =      1048.9437  1-4 EEL =     12368.3214  VDWAALS    =     13221.1916
 EELEC  =   -147301.9161  EHBOND  =         0.0000  RESTRAINT  =       192.5862
 EAMBER (non-restraint)  =   -114092.2795
 EKCMT  =     10001.5444  VIRIAL  =      8059.4979  VOLUME     =    379392.1705
                                                    Density    =         1.0231
 ------------------------------------------------------------------------------

wrapping first mol.:       26.33650       37.24543       64.51097
wrapping first mol.:       26.33650       37.24543       64.51097

 NSTEP =    29000   TIME(PS) =    1598.000  TEMP(K) =   300.69  PRESS =   130.6
 Etot   =    -90631.1937  EKtot   =     23462.0645  EPtot      =   -114093.2582
 BOND   =       811.9372  ANGLE   =      2348.0963  DIHED      =      3511.1468
 1-4 NB =      1033.8711  1-4 EEL =     12279.2497  VDWAALS    =     13141.4515
 EELEC  =   -147409.9516  EHBOND  =         0.0000  RESTRAINT  =       190.9408
 EAMBER (non-restraint)  =   -114284.1990
 EKCMT  =     10078.5166  VIRIAL  =      9008.0292  VOLUME     =    379673.7786
                                                    Density    =         1.0224
 ------------------------------------------------------------------------------

wrapping first mol.:       26.33173       37.23869       64.49929
wrapping first mol.:       26.33173       37.23869       64.49929

 NSTEP =    29500   TIME(PS) =    1599.000  TEMP(K) =   294.62  PRESS =    67.0
 Etot   =    -91330.4781  EKtot   =     22988.8457  EPtot      =   -114319.3238
 BOND   =       838.7792  ANGLE   =      2250.5140  DIHED      =      3521.7572
 1-4 NB =      1040.7034  1-4 EEL =     12300.2598  VDWAALS    =     13186.9815
 EELEC  =   -147643.9870  EHBOND  =         0.0000  RESTRAINT  =       185.6681
 EAMBER (non-restraint)  =   -114504.9919
 EKCMT  =      9798.2781  VIRIAL  =      9249.2251  VOLUME     =    379469.8707
                                                    Density    =         1.0229
 ------------------------------------------------------------------------------

wrapping first mol.:       26.35753       37.27518       64.56249
wrapping first mol.:       26.35753       37.27518       64.56249

 NSTEP =    30000   TIME(PS) =    1600.000  TEMP(K) =   298.15  PRESS =   -84.5
 Etot   =    -91095.8544  EKtot   =     23264.0762  EPtot      =   -114359.9305
 BOND   =       840.8131  ANGLE   =      2266.8615  DIHED      =      3518.2468
 1-4 NB =      1050.0550  1-4 EEL =     12363.9803  VDWAALS    =     13459.1646
 EELEC  =   -148056.7748  EHBOND  =         0.0000  RESTRAINT  =       197.7230
 EAMBER (non-restraint)  =   -114557.6535
 EKCMT  =      9929.7163  VIRIAL  =     10623.8024  VOLUME     =    380591.5517
                                                    Density    =         1.0199
 ------------------------------------------------------------------------------

wrapping first mol.:       26.35903       37.27729       64.56616
wrapping first mol.:       26.35903       37.27729       64.56616

 NSTEP =    30500   TIME(PS) =    1601.000  TEMP(K) =   303.59  PRESS =  -136.1
 Etot   =    -90276.4823  EKtot   =     23688.8945  EPtot      =   -113965.3769
 BOND   =       869.3925  ANGLE   =      2323.3949  DIHED      =      3475.8449
 1-4 NB =      1026.0379  1-4 EEL =     12303.5763  VDWAALS    =     13314.4068
 EELEC  =   -147466.0078  EHBOND  =         0.0000  RESTRAINT  =       187.9776
 EAMBER (non-restraint)  =   -114153.3545
 EKCMT  =     10061.7138  VIRIAL  =     11180.6488  VOLUME     =    380658.1443
                                                    Density    =         1.0197
 ------------------------------------------------------------------------------

wrapping first mol.:       26.35135       37.26643       64.54735
wrapping first mol.:       26.35135       37.26643       64.54735

 NSTEP =    31000   TIME(PS) =    1602.000  TEMP(K) =   300.55  PRESS =    40.1
 Etot   =    -90577.5452  EKtot   =     23451.6348  EPtot      =   -114029.1800
 BOND   =       828.3931  ANGLE   =      2302.2979  DIHED      =      3506.8660
 1-4 NB =      1037.3668  1-4 EEL =     12306.8285  VDWAALS    =     13365.0846
 EELEC  =   -147568.8126  EHBOND  =         0.0000  RESTRAINT  =       192.7957
 EAMBER (non-restraint)  =   -114221.9757
 EKCMT  =      9969.1344  VIRIAL  =      9640.1841  VOLUME     =    380319.6151
                                                    Density    =         1.0206
 ------------------------------------------------------------------------------

wrapping first mol.:       26.35908       37.27737       64.56629
wrapping first mol.:       26.35908       37.27737       64.56629

 NSTEP =    31500   TIME(PS) =    1603.000  TEMP(K) =   297.59  PRESS =   165.5
 Etot   =    -90640.1679  EKtot   =     23220.3789  EPtot      =   -113860.5468
 BOND   =       838.0607  ANGLE   =      2325.3949  DIHED      =      3477.8163
 1-4 NB =      1063.6079  1-4 EEL =     12310.4451  VDWAALS    =     13042.9559
 EELEC  =   -147111.0888  EHBOND  =         0.0000  RESTRAINT  =       192.2612
 EAMBER (non-restraint)  =   -114052.8080
 EKCMT  =      9962.1368  VIRIAL  =      8601.9765  VOLUME     =    380650.2897
                                                    Density    =         1.0197
 ------------------------------------------------------------------------------

wrapping first mol.:       26.33429       37.24230       64.50556
wrapping first mol.:       26.33429       37.24230       64.50556

 NSTEP =    32000   TIME(PS) =    1604.000  TEMP(K) =   300.32  PRESS =    69.5
 Etot   =    -90822.1726  EKtot   =     23433.1211  EPtot      =   -114255.2937
 BOND   =       859.4324  ANGLE   =      2225.7090  DIHED      =      3493.2948
 1-4 NB =      1040.8785  1-4 EEL =     12328.8870  VDWAALS    =     13507.2665
 EELEC  =   -147916.1185  EHBOND  =         0.0000  RESTRAINT  =       205.3566
 EAMBER (non-restraint)  =   -114460.6502
 EKCMT  =     10047.6378  VIRIAL  =      9477.8375  VOLUME     =    379580.3083
                                                    Density    =         1.0226
 ------------------------------------------------------------------------------

wrapping first mol.:       26.35828       37.27624       64.56434
wrapping first mol.:       26.35828       37.27624       64.56434

 NSTEP =    32500   TIME(PS) =    1605.000  TEMP(K) =   299.09  PRESS =  -134.7
 Etot   =    -90667.6796  EKtot   =     23337.4941  EPtot      =   -114005.1737
 BOND   =       809.4298  ANGLE   =      2331.8357  DIHED      =      3503.3977
 1-4 NB =      1038.0054  1-4 EEL =     12310.9508  VDWAALS    =     13230.6817
 EELEC  =   -147415.0675  EHBOND  =         0.0000  RESTRAINT  =       185.5926
 EAMBER (non-restraint)  =   -114190.7663
 EKCMT  =     10017.0752  VIRIAL  =     11123.7781  VOLUME     =    380625.8692
                                                    Density    =         1.0198
 ------------------------------------------------------------------------------

wrapping first mol.:       26.35288       37.26859       64.55109
wrapping first mol.:       26.35288       37.26859       64.55109

 NSTEP =    33000   TIME(PS) =    1606.000  TEMP(K) =   301.56  PRESS =   -66.1
 Etot   =    -90169.3750  EKtot   =     23529.7734  EPtot      =   -113699.1484
 BOND   =       823.0875  ANGLE   =      2298.4933  DIHED      =      3499.6985
 1-4 NB =      1046.0344  1-4 EEL =     12291.0964  VDWAALS    =     13128.7979
 EELEC  =   -146984.2907  EHBOND  =         0.0000  RESTRAINT  =       197.9343
 EAMBER (non-restraint)  =   -113897.0828
 EKCMT  =     10124.1051  VIRIAL  =     10667.0042  VOLUME     =    380389.3317
                                                    Density    =         1.0204
 ------------------------------------------------------------------------------

wrapping first mol.:       26.34490       37.25731       64.53156
wrapping first mol.:       26.34490       37.25731       64.53156

 NSTEP =    33500   TIME(PS) =    1607.000  TEMP(K) =   300.49  PRESS =   -22.3
 Etot   =    -90553.1785  EKtot   =     23446.8184  EPtot      =   -113999.9969
 BOND   =       875.0353  ANGLE   =      2299.6319  DIHED      =      3520.4451
 1-4 NB =      1062.7906  1-4 EEL =     12337.3053  VDWAALS    =     13196.1661
 EELEC  =   -147491.4302  EHBOND  =         0.0000  RESTRAINT  =       200.0590
 EAMBER (non-restraint)  =   -114200.0559
 EKCMT  =     10095.8938  VIRIAL  =     10278.5052  VOLUME     =    380042.5780
                                                    Density    =         1.0214
 ------------------------------------------------------------------------------

wrapping first mol.:       26.33960       37.24981       64.51856
wrapping first mol.:       26.33960       37.24981       64.51856

 NSTEP =    34000   TIME(PS) =    1608.000  TEMP(K) =   297.35  PRESS =    55.0
 Etot   =    -91056.0930  EKtot   =     23201.4883  EPtot      =   -114257.5813
 BOND   =       882.3056  ANGLE   =      2345.6146  DIHED      =      3522.1950
 1-4 NB =      1037.6314  1-4 EEL =     12316.4996  VDWAALS    =     13436.4887
 EELEC  =   -147991.6885  EHBOND  =         0.0000  RESTRAINT  =       193.3724
 EAMBER (non-restraint)  =   -114450.9537
 EKCMT  =     10026.4289  VIRIAL  =      9575.5784  VOLUME     =    379810.4475
                                                    Density    =         1.0220
 ------------------------------------------------------------------------------

wrapping first mol.:       26.35563       37.27249       64.55784
wrapping first mol.:       26.35563       37.27249       64.55784

 NSTEP =    34500   TIME(PS) =    1609.000  TEMP(K) =   302.04  PRESS =   114.5
 Etot   =    -90623.2569  EKtot   =     23567.8633  EPtot      =   -114191.1201
 BOND   =       831.7648  ANGLE   =      2309.6971  DIHED      =      3501.3413
 1-4 NB =      1034.1160  1-4 EEL =     12281.3639  VDWAALS    =     13326.0384
 EELEC  =   -147671.1125  EHBOND  =         0.0000  RESTRAINT  =       195.6708
 EAMBER (non-restraint)  =   -114386.7910
 EKCMT  =     10102.5166  VIRIAL  =      9161.7302  VOLUME     =    380502.5795
                                                    Density    =         1.0201
 ------------------------------------------------------------------------------

wrapping first mol.:       26.34334       37.25511       64.52774
wrapping first mol.:       26.34334       37.25511       64.52774

 NSTEP =    35000   TIME(PS) =    1610.000  TEMP(K) =   301.29  PRESS =  -139.2
 Etot   =    -90919.3283  EKtot   =     23508.7305  EPtot      =   -114428.0587
 BOND   =       813.6372  ANGLE   =      2339.7292  DIHED      =      3510.8293
 1-4 NB =      1011.0452  1-4 EEL =     12330.8348  VDWAALS    =     13015.4392
 EELEC  =   -147636.0194  EHBOND  =         0.0000  RESTRAINT  =       186.4456
 EAMBER (non-restraint)  =   -114614.5044
 EKCMT  =     10057.2600  VIRIAL  =     11199.5170  VOLUME     =    379979.0576
                                                    Density    =         1.0215
 ------------------------------------------------------------------------------

wrapping first mol.:       26.33366       37.24141       64.50401
wrapping first mol.:       26.33366       37.24141       64.50401

 NSTEP =    35500   TIME(PS) =    1611.000  TEMP(K) =   299.76  PRESS =   -69.3
 Etot   =    -90686.0828  EKtot   =     23389.3164  EPtot      =   -114075.3992
 BOND   =       828.1740  ANGLE   =      2413.3801  DIHED      =      3488.6592
 1-4 NB =      1050.5188  1-4 EEL =     12321.1026  VDWAALS    =     13429.6226
 EELEC  =   -147792.5259  EHBOND  =         0.0000  RESTRAINT  =       185.6694
 EAMBER (non-restraint)  =   -114261.0686
 EKCMT  =     10034.9262  VIRIAL  =     10603.2525  VOLUME     =    379557.7956
                                                    Density    =         1.0227
 ------------------------------------------------------------------------------

wrapping first mol.:       26.33855       37.24833       64.51600
wrapping first mol.:       26.33855       37.24833       64.51600

 NSTEP =    36000   TIME(PS) =    1612.000  TEMP(K) =   300.18  PRESS =   262.5
 Etot   =    -90615.9170  EKtot   =     23422.7070  EPtot      =   -114038.6240
 BOND   =       881.8546  ANGLE   =      2283.5619  DIHED      =      3486.2652
 1-4 NB =      1022.7409  1-4 EEL =     12310.4352  VDWAALS    =     13640.8429
 EELEC  =   -147853.7399  EHBOND  =         0.0000  RESTRAINT  =       189.4151
 EAMBER (non-restraint)  =   -114228.0391
 EKCMT  =     10096.6053  VIRIAL  =      7944.0934  VOLUME     =    379758.1118
                                                    Density    =         1.0221
 ------------------------------------------------------------------------------

wrapping first mol.:       26.34821       37.26199       64.53966
wrapping first mol.:       26.34821       37.26199       64.53966

 NSTEP =    36500   TIME(PS) =    1613.000  TEMP(K) =   303.60  PRESS =  -174.4
 Etot   =    -90236.8920  EKtot   =     23689.5410  EPtot      =   -113926.4330
 BOND   =       837.6515  ANGLE   =      2368.4016  DIHED      =      3486.4225
 1-4 NB =      1022.7038  1-4 EEL =     12298.1884  VDWAALS    =     13010.9356
 EELEC  =   -147136.5614  EHBOND  =         0.0000  RESTRAINT  =       185.8250
 EAMBER (non-restraint)  =   -114112.2580
 EKCMT  =     10194.1198  VIRIAL  =     11625.9449  VOLUME     =    380190.9065
                                                    Density    =         1.0210
 ------------------------------------------------------------------------------

wrapping first mol.:       26.35902       37.27728       64.56613
wrapping first mol.:       26.35902       37.27728       64.56613

 NSTEP =    37000   TIME(PS) =    1614.000  TEMP(K) =   301.73  PRESS =   156.0
 Etot   =    -90899.8023  EKtot   =     23543.0801  EPtot      =   -114442.8824
 BOND   =       860.7525  ANGLE   =      2253.4480  DIHED      =      3498.5738
 1-4 NB =      1023.9784  1-4 EEL =     12326.3891  VDWAALS    =     13414.5047
 EELEC  =   -148019.0631  EHBOND  =         0.0000  RESTRAINT  =       198.5343
 EAMBER (non-restraint)  =   -114641.4167
 EKCMT  =     10085.5662  VIRIAL  =      8803.2995  VOLUME     =    380647.7930
                                                    Density    =         1.0198
 ------------------------------------------------------------------------------

wrapping first mol.:       26.36650       37.28786       64.58446
wrapping first mol.:       26.36650       37.28786       64.58446

 NSTEP =    37500   TIME(PS) =    1615.000  TEMP(K) =   299.87  PRESS =    32.1
 Etot   =    -90425.8108  EKtot   =     23398.4258  EPtot      =   -113824.2366
 BOND   =       864.6644  ANGLE   =      2256.9068  DIHED      =      3509.0032
 1-4 NB =      1020.7361  1-4 EEL =     12323.8720  VDWAALS    =     13133.3128
 EELEC  =   -147127.2101  EHBOND  =         0.0000  RESTRAINT  =       194.4783
 EAMBER (non-restraint)  =   -114018.7149
 EKCMT  =     10070.4141  VIRIAL  =      9806.3372  VOLUME     =    380976.1975
                                                    Density    =         1.0189
 ------------------------------------------------------------------------------

wrapping first mol.:       26.34306       37.25471       64.52705
wrapping first mol.:       26.34306       37.25471       64.52705

 NSTEP =    38000   TIME(PS) =    1616.000  TEMP(K) =   299.91  PRESS =    -1.9
 Etot   =    -90644.5358  EKtot   =     23401.7852  EPtot      =   -114046.3210
 BOND   =       846.2519  ANGLE   =      2285.4334  DIHED      =      3475.7125
 1-4 NB =      1034.8643  1-4 EEL =     12337.0336  VDWAALS    =     13150.5613
 EELEC  =   -147361.4184  EHBOND  =         0.0000  RESTRAINT  =       185.2404
 EAMBER (non-restraint)  =   -114231.5614
 EKCMT  =     10020.2921  VIRIAL  =     10035.8246  VOLUME     =    379962.3216
                                                    Density    =         1.0216
 ------------------------------------------------------------------------------

wrapping first mol.:       26.36295       37.28284       64.57577
wrapping first mol.:       26.36295       37.28284       64.57577

 NSTEP =    38500   TIME(PS) =    1617.000  TEMP(K) =   297.83  PRESS =     9.9
 Etot   =    -90621.9267  EKtot   =     23239.2637  EPtot      =   -113861.1904
 BOND   =       821.2809  ANGLE   =      2335.4065  DIHED      =      3507.7310
 1-4 NB =      1038.2386  1-4 EEL =     12314.1346  VDWAALS    =     13034.4385
 EELEC  =   -147097.3819  EHBOND  =         0.0000  RESTRAINT  =       184.9614
 EAMBER (non-restraint)  =   -114046.1518
 EKCMT  =      9975.1246  VIRIAL  =      9893.3382  VOLUME     =    380823.2708
                                                    Density    =         1.0193
 ------------------------------------------------------------------------------

wrapping first mol.:       26.34905       37.26318       64.54171
wrapping first mol.:       26.34905       37.26318       64.54171

 NSTEP =    39000   TIME(PS) =    1618.000  TEMP(K) =   300.56  PRESS =   202.3
 Etot   =    -90318.8811  EKtot   =     23452.0312  EPtot      =   -113770.9123
 BOND   =       839.0718  ANGLE   =      2313.8210  DIHED      =      3477.7324
 1-4 NB =      1043.6142  1-4 EEL =     12334.0426  VDWAALS    =     13219.6565
 EELEC  =   -147186.4359  EHBOND  =         0.0000  RESTRAINT  =       187.5850
 EAMBER (non-restraint)  =   -113958.4973
 EKCMT  =      9999.9735  VIRIAL  =      8339.0207  VOLUME     =    380214.4434
                                                    Density    =         1.0209
 ------------------------------------------------------------------------------

wrapping first mol.:       26.34960       37.26396       64.54306
wrapping first mol.:       26.34960       37.26396       64.54306

 NSTEP =    39500   TIME(PS) =    1619.000  TEMP(K) =   299.68  PRESS =   -78.7
 Etot   =    -90696.4304  EKtot   =     23383.4590  EPtot      =   -114079.8894
 BOND   =       858.7548  ANGLE   =      2236.1890  DIHED      =      3520.1524
 1-4 NB =      1023.9283  1-4 EEL =     12302.5635  VDWAALS    =     13012.2555
 EELEC  =   -147228.7893  EHBOND  =         0.0000  RESTRAINT  =       195.0564
 EAMBER (non-restraint)  =   -114274.9458
 EKCMT  =     10024.6753  VIRIAL  =     10670.8133  VOLUME     =    380247.7716
                                                    Density    =         1.0208
 ------------------------------------------------------------------------------

wrapping first mol.:       26.34028       37.25078       64.52024
wrapping first mol.:       26.34028       37.25078       64.52024

 NSTEP =    40000   TIME(PS) =    1620.000  TEMP(K) =   300.40  PRESS =   341.3
 Etot   =    -90800.5632  EKtot   =     23439.9277  EPtot      =   -114240.4910
 BOND   =       853.7696  ANGLE   =      2307.2398  DIHED      =      3508.8860
 1-4 NB =      1055.4045  1-4 EEL =     12343.6429  VDWAALS    =     13468.0545
 EELEC  =   -147974.5131  EHBOND  =         0.0000  RESTRAINT  =       197.0248
 EAMBER (non-restraint)  =   -114437.5158
 EKCMT  =     10168.4459  VIRIAL  =      7369.4450  VOLUME     =    379830.3998
                                                    Density    =         1.0219
 ------------------------------------------------------------------------------

wrapping first mol.:       26.35301       37.26879       64.55142
wrapping first mol.:       26.35301       37.26879       64.55142

 NSTEP =    40500   TIME(PS) =    1621.000  TEMP(K) =   298.17  PRESS =    73.5
 Etot   =    -90888.6715  EKtot   =     23265.9746  EPtot      =   -114154.6461
 BOND   =       856.3882  ANGLE   =      2287.3689  DIHED      =      3535.0418
 1-4 NB =      1050.3821  1-4 EEL =     12326.7040  VDWAALS    =     13225.8529
 EELEC  =   -147633.7099  EHBOND  =         0.0000  RESTRAINT  =       197.3260
 EAMBER (non-restraint)  =   -114351.9721
 EKCMT  =      9936.4641  VIRIAL  =      9332.4082  VOLUME     =    380390.4723
                                                    Density    =         1.0204
 ------------------------------------------------------------------------------

wrapping first mol.:       26.36359       37.28375       64.57734
wrapping first mol.:       26.36359       37.28375       64.57734

 NSTEP =    41000   TIME(PS) =    1622.000  TEMP(K) =   302.21  PRESS =   -79.4
 Etot   =    -90619.0661  EKtot   =     23580.6953  EPtot      =   -114199.7614
 BOND   =       860.4355  ANGLE   =      2318.9848  DIHED      =      3549.3676
 1-4 NB =      1043.8414  1-4 EEL =     12282.3413  VDWAALS    =     13316.1936
 EELEC  =   -147753.0886  EHBOND  =         0.0000  RESTRAINT  =       182.1630
 EAMBER (non-restraint)  =   -114381.9244
 EKCMT  =     10142.5378  VIRIAL  =     10795.3470  VOLUME     =    380853.9315
                                                    Density    =         1.0192
 ------------------------------------------------------------------------------

wrapping first mol.:       26.34879       37.26282       64.54109
wrapping first mol.:       26.34879       37.26282       64.54109

 NSTEP =    41500   TIME(PS) =    1623.000  TEMP(K) =   300.24  PRESS =    89.1
 Etot   =    -90697.7236  EKtot   =     23427.5352  EPtot      =   -114125.2588
 BOND   =       859.2666  ANGLE   =      2347.6553  DIHED      =      3502.2748
 1-4 NB =      1016.0361  1-4 EEL =     12262.8863  VDWAALS    =     13450.7505
 EELEC  =   -147745.9887  EHBOND  =         0.0000  RESTRAINT  =       181.8602
 EAMBER (non-restraint)  =   -114307.1190
 EKCMT  =     10116.8717  VIRIAL  =      9385.2688  VOLUME     =    380207.3070
                                                    Density    =         1.0209
 ------------------------------------------------------------------------------

wrapping first mol.:       26.33616       37.24495       64.51014
wrapping first mol.:       26.33616       37.24495       64.51014

 NSTEP =    42000   TIME(PS) =    1624.000  TEMP(K) =   301.49  PRESS =  -121.8
 Etot   =    -90419.9187  EKtot   =     23524.7070  EPtot      =   -113944.6257
 BOND   =       917.4906  ANGLE   =      2341.5834  DIHED      =      3512.1027
 1-4 NB =      1019.5137  1-4 EEL =     12263.3904  VDWAALS    =     13295.0202
 EELEC  =   -147480.3971  EHBOND  =         0.0000  RESTRAINT  =       186.6705
 EAMBER (non-restraint)  =   -114131.2962
 EKCMT  =     10141.7165  VIRIAL  =     11140.5548  VOLUME     =    379667.6804
                                                    Density    =         1.0224
 ------------------------------------------------------------------------------

wrapping first mol.:       26.33761       37.24700       64.51369
wrapping first mol.:       26.33761       37.24700       64.51369

 NSTEP =    42500   TIME(PS) =    1625.000  TEMP(K) =   300.80  PRESS =    64.4
 Etot   =    -90679.6749  EKtot   =     23471.0098  EPtot      =   -114150.6846
 BOND   =       830.1324  ANGLE   =      2371.0145  DIHED      =      3498.0933
 1-4 NB =      1011.1376  1-4 EEL =     12295.7087  VDWAALS    =     13435.7724
 EELEC  =   -147771.5301  EHBOND  =         0.0000  RESTRAINT  =       178.9865
 EAMBER (non-restraint)  =   -114329.6711
 EKCMT  =     10116.2756  VIRIAL  =      9588.3778  VOLUME     =    379724.0565
                                                    Density    =         1.0222
 ------------------------------------------------------------------------------

wrapping first mol.:       26.34380       37.25576       64.52886
wrapping first mol.:       26.34380       37.25576       64.52886

 NSTEP =    43000   TIME(PS) =    1626.000  TEMP(K) =   300.56  PRESS =   -79.5
 Etot   =    -90760.2342  EKtot   =     23452.2031  EPtot      =   -114212.4373
 BOND   =       837.8465  ANGLE   =      2336.2068  DIHED      =      3506.9268
 1-4 NB =      1023.2461  1-4 EEL =     12292.8216  VDWAALS    =     13294.8120
 EELEC  =   -147687.6271  EHBOND  =         0.0000  RESTRAINT  =       183.3300
 EAMBER (non-restraint)  =   -114395.7673
 EKCMT  =     10039.2527  VIRIAL  =     10691.8196  VOLUME     =    379996.8402
                                                    Density    =         1.0215
 ------------------------------------------------------------------------------

wrapping first mol.:       26.32738       37.23254       64.48864
wrapping first mol.:       26.32738       37.23254       64.48864

 NSTEP =    43500   TIME(PS) =    1627.000  TEMP(K) =   301.14  PRESS =  -195.4
 Etot   =    -90312.9330  EKtot   =     23497.4414  EPtot      =   -113810.3744
 BOND   =       839.5479  ANGLE   =      2362.5379  DIHED      =      3530.5386
 1-4 NB =      1017.7883  1-4 EEL =     12352.2327  VDWAALS    =     12788.9427
 EELEC  =   -146882.3057  EHBOND  =         0.0000  RESTRAINT  =       180.3432
 EAMBER (non-restraint)  =   -113990.7176
 EKCMT  =     10102.5254  VIRIAL  =     11702.8587  VOLUME     =    379290.6831
                                                    Density    =         1.0234
 ------------------------------------------------------------------------------

wrapping first mol.:       26.33615       37.24494       64.51013
wrapping first mol.:       26.33615       37.24494       64.51013

 NSTEP =    44000   TIME(PS) =    1628.000  TEMP(K) =   301.95  PRESS =   -94.9
 Etot   =    -90311.3493  EKtot   =     23560.6387  EPtot      =   -113871.9880
 BOND   =       826.3001  ANGLE   =      2346.3601  DIHED      =      3490.1525
 1-4 NB =      1030.3505  1-4 EEL =     12308.0664  VDWAALS    =     13276.5462
 EELEC  =   -147346.7443  EHBOND  =         0.0000  RESTRAINT  =       196.9806
 EAMBER (non-restraint)  =   -114068.9685
 EKCMT  =     10128.5915  VIRIAL  =     10906.3058  VOLUME     =    379666.6441
                                                    Density    =         1.0224
 ------------------------------------------------------------------------------

wrapping first mol.:       26.33484       37.24309       64.50692
wrapping first mol.:       26.33484       37.24309       64.50692

 NSTEP =    44500   TIME(PS) =    1629.000  TEMP(K) =   301.01  PRESS =    37.8
 Etot   =    -90699.7038  EKtot   =     23487.2324  EPtot      =   -114186.9362
 BOND   =       832.4458  ANGLE   =      2334.4948  DIHED      =      3504.3333
 1-4 NB =      1043.6061  1-4 EEL =     12289.4354  VDWAALS    =     13460.4183
 EELEC  =   -147838.2849  EHBOND  =         0.0000  RESTRAINT  =       186.6151
 EAMBER (non-restraint)  =   -114373.5513
 EKCMT  =     10156.0857  VIRIAL  =      9846.6574  VOLUME     =    379605.3765
                                                    Density    =         1.0226
 ------------------------------------------------------------------------------

wrapping first mol.:       26.34340       37.25520       64.52789
wrapping first mol.:       26.34340       37.25520       64.52789

 NSTEP =    45000   TIME(PS) =    1630.000  TEMP(K) =   301.32  PRESS =   124.6
 Etot   =    -90195.3148  EKtot   =     23511.0566  EPtot      =   -113706.3715
 BOND   =       862.3027  ANGLE   =      2356.4610  DIHED      =      3529.2983
 1-4 NB =      1058.5417  1-4 EEL =     12358.9903  VDWAALS    =     13302.0859
 EELEC  =   -147384.2076  EHBOND  =         0.0000  RESTRAINT  =       210.1563
 EAMBER (non-restraint)  =   -113916.5278
 EKCMT  =     10102.3128  VIRIAL  =      9079.9637  VOLUME     =    379972.7723
                                                    Density    =         1.0216
 ------------------------------------------------------------------------------

wrapping first mol.:       26.35491       37.27147       64.55607
wrapping first mol.:       26.35491       37.27147       64.55607

 NSTEP =    45500   TIME(PS) =    1631.000  TEMP(K) =   300.76  PRESS =    30.1
 Etot   =    -90559.9627  EKtot   =     23467.8809  EPtot      =   -114027.8436
 BOND   =       831.5774  ANGLE   =      2233.5260  DIHED      =      3506.8487
 1-4 NB =      1046.4004  1-4 EEL =     12321.4721  VDWAALS    =     13397.4493
 EELEC  =   -147555.5306  EHBOND  =         0.0000  RESTRAINT  =       190.4132
 EAMBER (non-restraint)  =   -114218.2568
 EKCMT  =     10161.8908  VIRIAL  =      9914.6718  VOLUME     =    380474.1654
                                                    Density    =         1.0202
 ------------------------------------------------------------------------------

wrapping first mol.:       26.35284       37.26855       64.55101
wrapping first mol.:       26.35284       37.26855       64.55101

 NSTEP =    46000   TIME(PS) =    1632.000  TEMP(K) =   299.07  PRESS =   257.4
 Etot   =    -90551.9412  EKtot   =     23335.9414  EPtot      =   -113887.8826
 BOND   =       850.6179  ANGLE   =      2347.6470  DIHED      =      3497.1780
 1-4 NB =      1007.4055  1-4 EEL =     12274.5989  VDWAALS    =     13223.3257
 EELEC  =   -147282.8123  EHBOND  =         0.0000  RESTRAINT  =       194.1567
 EAMBER (non-restraint)  =   -114082.0393
 EKCMT  =     10022.7895  VIRIAL  =      7909.1051  VOLUME     =    380376.9615
                                                    Density    =         1.0205
 ------------------------------------------------------------------------------

wrapping first mol.:       26.34898       37.26308       64.54155
wrapping first mol.:       26.34898       37.26308       64.54155

 NSTEP =    46500   TIME(PS) =    1633.000  TEMP(K) =   301.03  PRESS =    -4.1
 Etot   =    -90306.1176  EKtot   =     23488.7676  EPtot      =   -113794.8852
 BOND   =       839.9877  ANGLE   =      2298.5401  DIHED      =      3522.1094
 1-4 NB =      1040.3596  1-4 EEL =     12275.5115  VDWAALS    =     13105.7786
 EELEC  =   -147069.1794  EHBOND  =         0.0000  RESTRAINT  =       192.0073
 EAMBER (non-restraint)  =   -113986.8925
 EKCMT  =     10011.2941  VIRIAL  =     10045.0020  VOLUME     =    380218.5702
                                                    Density    =         1.0209
 ------------------------------------------------------------------------------

wrapping first mol.:       26.34488       37.25729       64.53151
wrapping first mol.:       26.34488       37.25729       64.53151

 NSTEP =    47000   TIME(PS) =    1634.000  TEMP(K) =   300.80  PRESS =   205.8
 Etot   =    -90633.1744  EKtot   =     23470.6113  EPtot      =   -114103.7857
 BOND   =       824.6436  ANGLE   =      2288.1294  DIHED      =      3499.6528
 1-4 NB =      1047.1468  1-4 EEL =     12358.0856  VDWAALS    =     13241.6892
 EELEC  =   -147558.9444  EHBOND  =         0.0000  RESTRAINT  =       195.8112
 EAMBER (non-restraint)  =   -114299.5969
 EKCMT  =     10050.4576  VIRIAL  =      8361.3907  VOLUME     =    380034.0200
                                                    Density    =         1.0214
 ------------------------------------------------------------------------------

wrapping first mol.:       26.35761       37.27529       64.56269
wrapping first mol.:       26.35761       37.27529       64.56269

 NSTEP =    47500   TIME(PS) =    1635.000  TEMP(K) =   302.63  PRESS =   -42.9
 Etot   =    -90466.4528  EKtot   =     23613.3496  EPtot      =   -114079.8024
 BOND   =       824.9256  ANGLE   =      2290.1751  DIHED      =      3498.0536
 1-4 NB =      1020.3797  1-4 EEL =     12244.3835  VDWAALS    =     13245.3742
 EELEC  =   -147397.0471  EHBOND  =         0.0000  RESTRAINT  =       193.9530
 EAMBER (non-restraint)  =   -114273.7554
 EKCMT  =     10175.1767  VIRIAL  =     10527.4841  VOLUME     =    380593.5752
                                                    Density    =         1.0199
 ------------------------------------------------------------------------------

wrapping first mol.:       26.34896       37.26305       64.54150
wrapping first mol.:       26.34896       37.26305       64.54150

 NSTEP =    48000   TIME(PS) =    1636.000  TEMP(K) =   299.38  PRESS =    16.6
 Etot   =    -90561.5233  EKtot   =     23360.1191  EPtot      =   -113921.6425
 BOND   =       811.5123  ANGLE   =      2345.1084  DIHED      =      3494.5371
 1-4 NB =      1046.0467  1-4 EEL =     12323.3539  VDWAALS    =     13141.3559
 EELEC  =   -147275.1817  EHBOND  =         0.0000  RESTRAINT  =       191.6249
 EAMBER (non-restraint)  =   -114113.2674
 EKCMT  =     10001.3925  VIRIAL  =      9864.8970  VOLUME     =    380216.9497
                                                    Density    =         1.0209
 ------------------------------------------------------------------------------

wrapping first mol.:       26.33132       37.23811       64.49829
wrapping first mol.:       26.33132       37.23811       64.49829

 NSTEP =    48500   TIME(PS) =    1637.000  TEMP(K) =   299.54  PRESS =   125.9
 Etot   =    -90778.9240  EKtot   =     23372.8086  EPtot      =   -114151.7326
 BOND   =       847.1270  ANGLE   =      2384.4355  DIHED      =      3525.0298
 1-4 NB =      1028.6900  1-4 EEL =     12330.0121  VDWAALS    =     13149.0264
 EELEC  =   -147616.4242  EHBOND  =         0.0000  RESTRAINT  =       200.3709
 EAMBER (non-restraint)  =   -114352.1035
 EKCMT  =     10150.1529  VIRIAL  =      9119.0096  VOLUME     =    379450.0844
                                                    Density    =         1.0230
 ------------------------------------------------------------------------------

wrapping first mol.:       26.32415       37.22797       64.48073
wrapping first mol.:       26.32415       37.22797       64.48073

 NSTEP =    49000   TIME(PS) =    1638.000  TEMP(K) =   301.32  PRESS =    58.6
 Etot   =    -90695.9583  EKtot   =     23511.1367  EPtot      =   -114207.0951
 BOND   =       839.0215  ANGLE   =      2286.4105  DIHED      =      3477.8597
 1-4 NB =      1015.8810  1-4 EEL =     12362.7016  VDWAALS    =     13208.6674
 EELEC  =   -147607.0490  EHBOND  =         0.0000  RESTRAINT  =       209.4122
 EAMBER (non-restraint)  =   -114416.5073
 EKCMT  =     10051.8332  VIRIAL  =      9572.4360  VOLUME     =    379142.5977
                                                    Density    =         1.0238
 ------------------------------------------------------------------------------

wrapping first mol.:       26.32953       37.23557       64.49389
wrapping first mol.:       26.32953       37.23557       64.49389

 NSTEP =    49500   TIME(PS) =    1639.000  TEMP(K) =   299.07  PRESS =  -138.0
 Etot   =    -90861.8689  EKtot   =     23336.1094  EPtot      =   -114197.9783
 BOND   =       832.2174  ANGLE   =      2254.1273  DIHED      =      3519.4723
 1-4 NB =      1022.7201  1-4 EEL =     12273.1980  VDWAALS    =     13280.6870
 EELEC  =   -147578.5429  EHBOND  =         0.0000  RESTRAINT  =       198.1425
 EAMBER (non-restraint)  =   -114396.1208
 EKCMT  =      9955.8826  VIRIAL  =     11086.3619  VOLUME     =    379381.5094
                                                    Density    =         1.0232
 ------------------------------------------------------------------------------

wrapping first mol.:       26.34709       37.26041       64.53692
wrapping first mol.:       26.34709       37.26041       64.53692

 NSTEP =    50000   TIME(PS) =    1640.000  TEMP(K) =   299.90  PRESS =  -191.5
 Etot   =    -90550.5745  EKtot   =     23400.5156  EPtot      =   -113951.0902
 BOND   =       839.1542  ANGLE   =      2294.1928  DIHED      =      3494.4875
 1-4 NB =      1055.8850  1-4 EEL =     12301.6057  VDWAALS    =     12823.5875
 EELEC  =   -146952.8444  EHBOND  =         0.0000  RESTRAINT  =       192.8415
 EAMBER (non-restraint)  =   -114143.9316
 EKCMT  =     10046.9430  VIRIAL  =     11618.7409  VOLUME     =    380143.1688
                                                    Density    =         1.0211
 ------------------------------------------------------------------------------


      A V E R A G E S   O V E R     100 S T E P S


 NSTEP =    50000   TIME(PS) =    1640.000  TEMP(K) =   300.25  PRESS =    12.3
 Etot   =    -90623.6997  EKtot   =     23428.1185  EPtot      =   -114051.8183
 BOND   =       844.1346  ANGLE   =      2314.3813  DIHED      =      3502.8665
 1-4 NB =      1035.7799  1-4 EEL =     12316.7893  VDWAALS    =     13206.5366
 EELEC  =   -147463.5469  EHBOND  =         0.0000  RESTRAINT  =       191.2404
 EAMBER (non-restraint)  =   -114243.0587
 EKCMT  =     10061.3336  VIRIAL  =      9960.4317  VOLUME     =    379910.9192
                                                    Density    =         1.0217
 ------------------------------------------------------------------------------


      R M S  F L U C T U A T I O N S


 NSTEP =    50000   TIME(PS) =    1640.000  TEMP(K) =     1.69  PRESS =   126.9
 Etot   =       224.7864  EKtot   =       131.9490  EPtot      =       170.0247
 BOND   =        23.5556  ANGLE   =        40.7503  DIHED      =        16.1732
 1-4 NB =        13.5762  1-4 EEL =        29.3695  VDWAALS    =       155.8413
 EELEC  =       258.5235  EHBOND  =         0.0000  RESTRAINT  =         8.0362
 EAMBER (non-restraint)  =       161.9885
 EKCMT  =        73.2525  VIRIAL  =      1050.5121  VOLUME     =       481.1530
                                                    Density    =         0.0013
 ------------------------------------------------------------------------------

--------------------------------------------------------------------------------
   5.  TIMINGS
--------------------------------------------------------------------------------

|  NonSetup CPU Time in Major Routines:
|
|     Routine           Sec        %
|     ------------------------------
|     Nonbond         212.21   88.65
|     Bond              0.00    0.00
|     Angle             0.00    0.00
|     Dihedral          0.00    0.00
|     Shake             0.38    0.16
|     RunMD            26.77   11.18
|     Other             0.02    0.01
|     ------------------------------
|     Total           239.39

|  PME Nonbond Pairlist CPU Time:
|
|     Routine              Sec        %
|     ---------------------------------
|     Set Up Cit           0.00    0.00
|     Build List           0.00    0.00
|     ---------------------------------
|     Total                0.00    0.00

|  PME Direct Force CPU Time:
|
|     Routine              Sec        %
|     ---------------------------------
|     NonBonded Calc       0.00    0.00
|     Exclude Masked       0.00    0.00
|     Other                0.01    0.01
|     ---------------------------------
|     Total                0.01    0.01

|  PME Reciprocal Force CPU Time:
|
|     Routine              Sec        %
|     ---------------------------------
|     1D bspline           0.00    0.00
|     Grid Charges         0.00    0.00
|     Scalar Sum           0.00    0.00
|     Gradient Sum         0.00    0.00
|     FFT                  0.00    0.00
|     ---------------------------------
|     Total                0.00    0.00

|  Final Performance Info:
|     -----------------------------------------------------
|     Average timings for last    5000 steps:
|     Elapsed(s) =      49.11 Per Step(ms) =       9.82
|         ns/day =      17.59   seconds/ns =    4910.88
|
|     Average timings for all steps:
|     Elapsed(s) =     352.99 Per Step(ms) =       7.06
|         ns/day =      24.48   seconds/ns =    3529.85
|     -----------------------------------------------------

|  Setup CPU time:            0.57 seconds
|  NonSetup CPU time:       239.39 seconds
|  Total CPU time:          239.96 seconds     0.07 hours

|  Setup wall time:           0    seconds
|  NonSetup wall time:      353    seconds
|  Total wall time:         353    seconds     0.10 hours
