
          -------------------------------------------------------
          Amber 16 PMEMD                              2016
          -------------------------------------------------------

| PMEMD implementation of SANDER, Release 16

| Run on 11/03/2016 at 18:41:50

|   Executable path: pmemd.cuda
| Working directory: /home/german/exs/run/1xkk/mhe/e
|          Hostname: Unknown
  [-O]verwriting output

File Assignments:
|   MDIN: 18equ.in                                                              
|  MDOUT: 18equ.out                                                             
| INPCRD: 17e1xkk.rst7                                                          
|   PARM: 1xkk.prmtop                                                           
| RESTRT: 18e1xkk.rst7                                                          
|   REFC: 17e1xkk.rst7                                                          
|  MDVEL: mdvel                                                                 
|   MDEN: mden                                                                  
|  MDCRD: 18e1xkk.nc                                                            
| MDINFO: mdinfo                                                                
|  MDFRC: mdfrc                                                                 


 Here is the input file:

Equilibration with solute restrictions                                         
&cntrl                                                                         
imin = 0,                           ! No Minimization                          
nmropt = 0,                         ! No NMR restraints read                   
                                                                               
! Nature and format of the input                                               
ntx = 5,                            ! Coordinates but no velocities will be rea
irest = 1,                          ! Do not run a new simulation              
                                                                               
! Nature and format of the output                                              
ntxo = 1,                           ! rstrt file in ASCII format               
ntpr = 500,                         ! inf in output every ntpr steps           
ntwr = 500,                         ! rstrt file every ntwr steps              
ntwx = 500,                         ! mdcrd file every ntwx steps              
ntwv = 0,                           ! mdvel without velocities                 
ntwe = 0,                           ! Energies and temperatures not written in 
idecomp = 0,                        ! No energy decomposition                  
iwrap = 1,                          ! Coordinates of the restart and mdcrd file
                                                                               
! Frozen or restrained atoms                                                   
ibelly = 0,                         ! No frozen atoms                          
ntr=1,                              ! Harmonic potential restraints            
restraint_wt = 1.5,                ! The weight for the positional restraints  
restraintmask = ':1-277@N,CA,C,O',  ! restrained residues                      
                                                                               
! Molecular dynamics                                                           
nstlim = 50000,                     ! Number of MD-steps                       
dt = 0.002,                         ! Time step                                
                                                                               
! Temperature regulation                                                       
ntt = 3,                            ! Langevin thermostat                      
gamma_ln = 5,                       ! Gamma constant for Langevin              
!temp0 = 300.0,                     ! Reference T at which the system is to be 
tempi = 300.0,                      ! Initial T                                
ig = -1,                            ! Seed for the RNG                         
                                                                               
! P and V regulation                                                           
ntp = 1,                            ! Constant P. Isotropic scaling            
barostat = 1,                       ! Berendsen barostat                       
taup = 1,                           ! Pressure relaxation time                 
nrespa = 1,                         ! Evaluate at each step                    
ntb = 2,                            ! Periodic box for constant P              
                                                                               
! SHAKE variables                                                              
ntc = 2,                            ! Bonds involving H are constrained        
ntf = 2,                            ! Bond interaction involving H are ommited.
                                                                               
cut = 10.0,                         ! Nonbonded cutoff                         
/                                                                              
&end                                                                           


Note: ig = -1. Setting random seed to   414472 based on wallclock time in 
      microseconds.
 
|--------------------- INFORMATION ----------------------
| GPU (CUDA) Version of PMEMD in use: NVIDIA GPU IN USE.
|                    Version 16.0.0
| 
|                      02/25/2016
| 
| Implementation by:
|                    Ross C. Walker     (SDSC)
|                    Scott Le Grand     (nVIDIA)
| 
| Precision model in use:
|      [SPFP] - Single Precision Forces, 64-bit Fixed Point
|               Accumulation. (Default)
| 
|--------------------------------------------------------
 
|----------------- CITATION INFORMATION -----------------
|
|    When publishing work that utilized the CUDA version
|    of AMBER, please cite the following in addition to
|    the regular AMBER citations:
|
|  - Romelia Salomon-Ferrer; Andreas W. Goetz; Duncan
|    Poole; Scott Le Grand; Ross C. Walker "Routine
|    microsecond molecular dynamics simulations with
|    AMBER - Part II: Particle Mesh Ewald", J. Chem.
|    Theory Comput., 2013, 9 (9), pp3878-3888,
|    DOI: 10.1021/ct400314y.
|
|  - Andreas W. Goetz; Mark J. Williamson; Dong Xu;
|    Duncan Poole; Scott Le Grand; Ross C. Walker
|    "Routine microsecond molecular dynamics simulations
|    with AMBER - Part I: Generalized Born", J. Chem.
|    Theory Comput., 2012, 8 (5), pp1542-1555.
|
|  - Scott Le Grand; Andreas W. Goetz; Ross C. Walker
|    "SPFP: Speed without compromise - a mixed precision
|    model for GPU accelerated molecular dynamics
|    simulations.", Comp. Phys. Comm., 2013, 184
|    pp374-380, DOI: 10.1016/j.cpc.2012.09.022
|
|--------------------------------------------------------
 
|------------------- GPU DEVICE INFO --------------------
|
|            CUDA_VISIBLE_DEVICES: 0
|   CUDA Capable Devices Detected:      1
|           CUDA Device ID in use:      0
|                CUDA Device Name: GeForce GTX 1060 6GB
|     CUDA Device Global Mem Size:   6072 MB
| CUDA Device Num Multiprocessors:     10
|           CUDA Device Core Freq:   1.76 GHz
|
|--------------------------------------------------------
 
 
| Conditional Compilation Defines Used:
| PUBFFT
| BINTRAJ
| CUDA
| EMIL

| Largest sphere to fit in unit cell has radius =    32.237

| New format PARM file being parsed.
| Version =    1.000 Date = 11/02/16 Time = 18:58:26

| Note: 1-4 EEL scale factors are being read from the topology file.

| Note: 1-4 VDW scale factors are being read from the topology file.
| Duplicated    0 dihedrals

| Duplicated    0 dihedrals

--------------------------------------------------------------------------------
   1.  RESOURCE   USE: 
--------------------------------------------------------------------------------

 getting new box info from bottom of inpcrd
 NATOM  =   38152 NTYPES =      17 NBONH =   35925 MBONA  =    2274
 NTHETH =    5230 MTHETA =    3076 NPHIH =   10294 MPHIA  =    9770
 NHPARM =       0 NPARM  =       0 NNB   =   69910 NRES   =   11492
 NBONA  =    2274 NTHETA =    3076 NPHIA =    9770 NUMBND =      71
 NUMANG =     161 NPTRA  =     201 NATYP =      37 NPHB   =       1
 IFBOX  =       2 NMXRS  =      24 IFCAP =       0 NEXTRA =       0
 NCOPY  =       0

| Coordinate Index Table dimensions:    12   12   12
| Direct force subcell size =     6.5804    6.5804    6.5804

     BOX TYPE: TRUNCATED OCTAHEDRON

--------------------------------------------------------------------------------
   2.  CONTROL  DATA  FOR  THE  RUN
--------------------------------------------------------------------------------

default_name                                                                    

General flags:
     imin    =       0, nmropt  =       0

Nature and format of input:
     ntx     =       5, irest   =       1, ntrx    =       1

Nature and format of output:
     ntxo    =       1, ntpr    =     500, ntrx    =       1, ntwr    =     500
     iwrap   =       1, ntwx    =     500, ntwv    =       0, ntwe    =       0
     ioutfm  =       1, ntwprt  =       0, idecomp =       0, rbornstat=      0

Potential function:
     ntf     =       2, ntb     =       2, igb     =       0, nsnb    =      25
     ipol    =       0, gbsa    =       0, iesp    =       0
     dielc   =   1.00000, cut     =  10.00000, intdiel =   1.00000

Frozen or restrained atoms:
     ibelly  =       0, ntr     =       1
     restraint_wt =   1.50000

Molecular dynamics:
     nstlim  =     50000, nscm    =         0, nrespa  =         1
     t       =   0.00000, dt      =   0.00200, vlimit  =  -1.00000

Langevin dynamics temperature regulation:
     ig      =  414472
     temp0   = 300.00000, tempi   = 300.00000, gamma_ln=   5.00000

Pressure regulation:
     ntp     =       1
     pres0   =   1.00000, comp    =  44.60000, taup    =   1.00000

SHAKE:
     ntc     =       2, jfastw  =       0
     tol     =   0.00001

| Intermolecular bonds treatment:
|     no_intermolecular_bonds =       1

| Energy averages sample interval:
|     ene_avg_sampling =     500

Ewald parameters:
     verbose =       0, ew_type =       0, nbflag  =       1, use_pme =       1
     vdwmeth =       1, eedmeth =       1, netfrc  =       1
     Box X =   78.965   Box Y =   78.965   Box Z =   78.965
     Alpha =  109.471   Beta  =  109.471   Gamma =  109.471
     NFFT1 =   80       NFFT2 =   80       NFFT3 =   80
     Cutoff=   10.000   Tol   =0.100E-04
     Ewald Coefficient =  0.27511
     Interpolation order =    4

    LOADING THE CONSTRAINED ATOMS AS GROUPS


   5.  REFERENCE ATOM COORDINATES

  default_name                                                                    
     Mask :1-277@N,CA,C,O; matches  1108 atoms

--------------------------------------------------------------------------------
   3.  ATOMIC COORDINATES AND VELOCITIES
--------------------------------------------------------------------------------

default_name                                                                    
 begin time read from input coords =  1840.000 ps

 
 Number of triangulated 3-point waters found:    11212

     Sum of charges from parm topology file =  -0.00000014
     Forcing neutrality...

| Dynamic Memory, Types Used:
| Reals             1766286
| Integers          1385427

| Nonbonded Pairs Initial Allocation:    11540026

| GPU memory information (estimate):
| KB of GPU memory in use:    279976
| KB of CPU memory in use:     54316

--------------------------------------------------------------------------------
   4.  RESULTS
--------------------------------------------------------------------------------

 ---------------------------------------------------
 APPROXIMATING switch and d/dx switch using CUBIC SPLINE INTERPOLATION
 using   5000.0 points per unit in tabled values
 TESTING RELATIVE ERROR over r ranging from 0.0 to cutoff
| CHECK switch(x): max rel err =   0.2738E-14   at   2.422500
| CHECK d/dx switch(x): max rel err =   0.8314E-11   at   2.736960
 ---------------------------------------------------
|---------------------------------------------------
| APPROXIMATING direct energy using CUBIC SPLINE INTERPOLATION
|  with   50.0 points per unit in tabled values
| Relative Error Limit not exceeded for r .gt.   2.33
| APPROXIMATING direct force using CUBIC SPLINE INTERPOLATION
|  with   50.0 points per unit in tabled values
| Relative Error Limit not exceeded for r .gt.   2.80
|---------------------------------------------------
wrapping first mol.:       26.32302       37.22637       64.47796
wrapping first mol.:       26.32302       37.22637       64.47796

 NSTEP =      500   TIME(PS) =    1841.000  TEMP(K) =   301.32  PRESS =   142.6
 Etot   =    -90967.7477  EKtot   =     23511.6328  EPtot      =   -114479.3805
 BOND   =       855.6037  ANGLE   =      2255.3763  DIHED      =      3497.4527
 1-4 NB =      1050.8405  1-4 EEL =     12355.0267  VDWAALS    =     13204.9627
 EELEC  =   -147805.9207  EHBOND  =         0.0000  RESTRAINT  =       107.2776
 EAMBER (non-restraint)  =   -114586.6581
 EKCMT  =     10093.4320  VIRIAL  =      8926.6036  VOLUME     =    379090.8811
                                                    Density    =         1.0239
 ------------------------------------------------------------------------------

wrapping first mol.:       26.32838       37.23395       64.49109
wrapping first mol.:       26.32838       37.23395       64.49109

 NSTEP =     1000   TIME(PS) =    1842.000  TEMP(K) =   298.00  PRESS =    62.8
 Etot   =    -90923.6401  EKtot   =     23252.7305  EPtot      =   -114176.3706
 BOND   =       876.1442  ANGLE   =      2285.9570  DIHED      =      3493.2177
 1-4 NB =      1032.2955  1-4 EEL =     12324.7215  VDWAALS    =     13378.4333
 EELEC  =   -147695.1528  EHBOND  =         0.0000  RESTRAINT  =       128.0130
 EAMBER (non-restraint)  =   -114304.3836
 EKCMT  =     10011.6203  VIRIAL  =      9497.2900  VOLUME     =    379325.2089
                                                    Density    =         1.0233
 ------------------------------------------------------------------------------

wrapping first mol.:       26.32335       37.22683       64.47876
wrapping first mol.:       26.32335       37.22683       64.47876

 NSTEP =     1500   TIME(PS) =    1843.000  TEMP(K) =   298.42  PRESS =   -98.0
 Etot   =    -91030.8126  EKtot   =     23285.1816  EPtot      =   -114315.9943
 BOND   =       862.8639  ANGLE   =      2386.3458  DIHED      =      3501.4861
 1-4 NB =      1037.6492  1-4 EEL =     12288.7394  VDWAALS    =     13134.1367
 EELEC  =   -147650.1220  EHBOND  =         0.0000  RESTRAINT  =       122.9067
 EAMBER (non-restraint)  =   -114438.9010
 EKCMT  =      9962.5886  VIRIAL  =     10764.9247  VOLUME     =    379113.0872
                                                    Density    =         1.0239
 ------------------------------------------------------------------------------

wrapping first mol.:       26.33966       37.24991       64.51873
wrapping first mol.:       26.33966       37.24991       64.51873

 NSTEP =     2000   TIME(PS) =    1844.000  TEMP(K) =   300.29  PRESS =  -230.3
 Etot   =    -90756.9947  EKtot   =     23431.1660  EPtot      =   -114188.1607
 BOND   =       859.8657  ANGLE   =      2309.8468  DIHED      =      3513.2332
 1-4 NB =      1042.8650  1-4 EEL =     12319.3262  VDWAALS    =     13120.1833
 EELEC  =   -147477.7953  EHBOND  =         0.0000  RESTRAINT  =       124.3143
 EAMBER (non-restraint)  =   -114312.4751
 EKCMT  =     10091.8812  VIRIAL  =     11980.2850  VOLUME     =    379823.0618
                                                    Density    =         1.0220
 ------------------------------------------------------------------------------

wrapping first mol.:       26.35256       37.26815       64.55033
wrapping first mol.:       26.35256       37.26815       64.55033

 NSTEP =     2500   TIME(PS) =    1845.000  TEMP(K) =   298.09  PRESS =    32.3
 Etot   =    -90670.1672  EKtot   =     23259.6406  EPtot      =   -113929.8078
 BOND   =       860.3757  ANGLE   =      2317.7319  DIHED      =      3497.2498
 1-4 NB =      1024.9023  1-4 EEL =     12328.4595  VDWAALS    =     13354.0385
 EELEC  =   -147424.6181  EHBOND  =         0.0000  RESTRAINT  =       112.0525
 EAMBER (non-restraint)  =   -114041.8603
 EKCMT  =     10017.4297  VIRIAL  =      9752.1307  VOLUME     =    380372.5154
                                                    Density    =         1.0205
 ------------------------------------------------------------------------------

wrapping first mol.:       26.35344       37.26940       64.55248
wrapping first mol.:       26.35344       37.26940       64.55248

 NSTEP =     3000   TIME(PS) =    1846.000  TEMP(K) =   301.16  PRESS =   -62.4
 Etot   =    -90635.0822  EKtot   =     23499.1680  EPtot      =   -114134.2502
 BOND   =       882.7552  ANGLE   =      2349.5795  DIHED      =      3463.8150
 1-4 NB =      1028.7043  1-4 EEL =     12259.9153  VDWAALS    =     13296.7221
 EELEC  =   -147539.1194  EHBOND  =         0.0000  RESTRAINT  =       123.3779
 EAMBER (non-restraint)  =   -114257.6281
 EKCMT  =     10029.6387  VIRIAL  =     10541.9595  VOLUME     =    380413.7824
                                                    Density    =         1.0204
 ------------------------------------------------------------------------------

wrapping first mol.:       26.33936       37.24948       64.51798
wrapping first mol.:       26.33936       37.24948       64.51798

 NSTEP =     3500   TIME(PS) =    1847.000  TEMP(K) =   301.42  PRESS =   -59.5
 Etot   =    -90535.4622  EKtot   =     23519.1074  EPtot      =   -114054.5696
 BOND   =       879.2861  ANGLE   =      2333.3880  DIHED      =      3511.6481
 1-4 NB =      1044.4345  1-4 EEL =     12252.2144  VDWAALS    =     13086.8114
 EELEC  =   -147289.5820  EHBOND  =         0.0000  RESTRAINT  =       127.2299
 EAMBER (non-restraint)  =   -114181.7995
 EKCMT  =     10054.8053  VIRIAL  =     10542.9938  VOLUME     =    379804.1261
                                                    Density    =         1.0220
 ------------------------------------------------------------------------------

wrapping first mol.:       26.35041       37.26511       64.54506
wrapping first mol.:       26.35041       37.26511       64.54506

 NSTEP =     4000   TIME(PS) =    1848.000  TEMP(K) =   301.68  PRESS =   123.7
 Etot   =    -90434.1147  EKtot   =     23539.7461  EPtot      =   -113973.8607
 BOND   =       840.9334  ANGLE   =      2386.0578  DIHED      =      3487.4652
 1-4 NB =      1023.2735  1-4 EEL =     12326.7524  VDWAALS    =     13587.1082
 EELEC  =   -147749.2203  EHBOND  =         0.0000  RESTRAINT  =       123.7691
 EAMBER (non-restraint)  =   -114097.6299
 EKCMT  =     10140.8483  VIRIAL  =      9125.5979  VOLUME     =    380276.2307
                                                    Density    =         1.0208
 ------------------------------------------------------------------------------

wrapping first mol.:       26.34591       37.25874       64.53403
wrapping first mol.:       26.34591       37.25874       64.53403

 NSTEP =     4500   TIME(PS) =    1849.000  TEMP(K) =   301.80  PRESS =   -38.1
 Etot   =    -90590.2161  EKtot   =     23548.8457  EPtot      =   -114139.0618
 BOND   =       856.9897  ANGLE   =      2349.1575  DIHED      =      3481.7793
 1-4 NB =      1032.3781  1-4 EEL =     12336.7260  VDWAALS    =     13278.2717
 EELEC  =   -147595.1648  EHBOND  =         0.0000  RESTRAINT  =       120.8007
 EAMBER (non-restraint)  =   -114259.8625
 EKCMT  =     10168.7631  VIRIAL  =     10481.4565  VOLUME     =    380086.8773
                                                    Density    =         1.0213
 ------------------------------------------------------------------------------

wrapping first mol.:       26.36082       37.27982       64.57054
wrapping first mol.:       26.36082       37.27982       64.57054

 NSTEP =     5000   TIME(PS) =    1850.000  TEMP(K) =   300.73  PRESS =    79.7
 Etot   =    -90357.0723  EKtot   =     23465.5938  EPtot      =   -113822.6660
 BOND   =       832.1882  ANGLE   =      2317.4088  DIHED      =      3497.7903
 1-4 NB =      1029.1775  1-4 EEL =     12315.1454  VDWAALS    =     13251.0229
 EELEC  =   -147188.5536  EHBOND  =         0.0000  RESTRAINT  =       123.1545
 EAMBER (non-restraint)  =   -113945.8205
 EKCMT  =     10161.7860  VIRIAL  =      9506.4023  VOLUME     =    380728.3817
                                                    Density    =         1.0195
 ------------------------------------------------------------------------------

wrapping first mol.:       26.35090       37.26579       64.54624
wrapping first mol.:       26.35090       37.26579       64.54624

 NSTEP =     5500   TIME(PS) =    1851.000  TEMP(K) =   300.86  PRESS =    17.3
 Etot   =    -90718.8407  EKtot   =     23475.3594  EPtot      =   -114194.2001
 BOND   =       817.8866  ANGLE   =      2339.5389  DIHED      =      3483.8144
 1-4 NB =      1045.8871  1-4 EEL =     12325.9820  VDWAALS    =     13186.8209
 EELEC  =   -147519.3797  EHBOND  =         0.0000  RESTRAINT  =       125.2497
 EAMBER (non-restraint)  =   -114319.4498
 EKCMT  =     10103.1366  VIRIAL  =      9961.1357  VOLUME     =    380300.7556
                                                    Density    =         1.0207
 ------------------------------------------------------------------------------

wrapping first mol.:       26.36025       37.27902       64.56915
wrapping first mol.:       26.36025       37.27902       64.56915

 NSTEP =     6000   TIME(PS) =    1852.000  TEMP(K) =   301.30  PRESS =   152.8
 Etot   =    -90428.3229  EKtot   =     23509.8945  EPtot      =   -113938.2174
 BOND   =       823.7652  ANGLE   =      2322.5560  DIHED      =      3518.9167
 1-4 NB =      1050.7766  1-4 EEL =     12323.2754  VDWAALS    =     13225.7211
 EELEC  =   -147328.0168  EHBOND  =         0.0000  RESTRAINT  =       124.7884
 EAMBER (non-restraint)  =   -114063.0058
 EKCMT  =     10067.0057  VIRIAL  =      8811.3317  VOLUME     =    380701.1784
                                                    Density    =         1.0196
 ------------------------------------------------------------------------------

wrapping first mol.:       26.36232       37.28195       64.57422
wrapping first mol.:       26.36232       37.28195       64.57422

 NSTEP =     6500   TIME(PS) =    1853.000  TEMP(K) =   302.46  PRESS =    18.9
 Etot   =    -90341.9989  EKtot   =     23600.2969  EPtot      =   -113942.2958
 BOND   =       895.0071  ANGLE   =      2344.4719  DIHED      =      3503.2162
 1-4 NB =      1038.4447  1-4 EEL =     12309.3745  VDWAALS    =     13397.2464
 EELEC  =   -147558.6214  EHBOND  =         0.0000  RESTRAINT  =       128.5649
 EAMBER (non-restraint)  =   -114070.8607
 EKCMT  =     10114.4627  VIRIAL  =      9958.7473  VOLUME     =    380795.5072
                                                    Density    =         1.0194
 ------------------------------------------------------------------------------

wrapping first mol.:       26.35496       37.27154       64.55620
wrapping first mol.:       26.35496       37.27154       64.55620

 NSTEP =     7000   TIME(PS) =    1854.000  TEMP(K) =   300.10  PRESS =    81.9
 Etot   =    -90445.4580  EKtot   =     23416.2090  EPtot      =   -113861.6670
 BOND   =       866.3193  ANGLE   =      2370.2779  DIHED      =      3503.0680
 1-4 NB =      1031.2719  1-4 EEL =     12233.8605  VDWAALS    =     13217.7653
 EELEC  =   -147201.9168  EHBOND  =         0.0000  RESTRAINT  =       117.6868
 EAMBER (non-restraint)  =   -113979.3538
 EKCMT  =      9973.0621  VIRIAL  =      9300.2960  VOLUME     =    380474.6396
                                                    Density    =         1.0202
 ------------------------------------------------------------------------------

wrapping first mol.:       26.34293       37.25453       64.52674
wrapping first mol.:       26.34293       37.25453       64.52674

 NSTEP =     7500   TIME(PS) =    1855.000  TEMP(K) =   301.35  PRESS =   116.1
 Etot   =    -90585.6345  EKtot   =     23513.5410  EPtot      =   -114099.1755
 BOND   =       827.2304  ANGLE   =      2287.9259  DIHED      =      3465.1882
 1-4 NB =      1045.6184  1-4 EEL =     12328.5878  VDWAALS    =     13377.5772
 EELEC  =   -147548.8927  EHBOND  =         0.0000  RESTRAINT  =       117.5893
 EAMBER (non-restraint)  =   -114216.7648
 EKCMT  =      9935.8527  VIRIAL  =      8983.2636  VOLUME     =    379952.7780
                                                    Density    =         1.0216
 ------------------------------------------------------------------------------

wrapping first mol.:       26.32711       37.23215       64.48798
wrapping first mol.:       26.32711       37.23215       64.48798

 NSTEP =     8000   TIME(PS) =    1856.000  TEMP(K) =   300.44  PRESS =     4.6
 Etot   =    -90413.1753  EKtot   =     23442.7285  EPtot      =   -113855.9038
 BOND   =       842.9930  ANGLE   =      2356.6870  DIHED      =      3522.4733
 1-4 NB =      1049.7137  1-4 EEL =     12289.0754  VDWAALS    =     13291.7714
 EELEC  =   -147340.5158  EHBOND  =         0.0000  RESTRAINT  =       131.8983
 EAMBER (non-restraint)  =   -113987.8021
 EKCMT  =     10069.5996  VIRIAL  =     10031.6234  VOLUME     =    379272.2286
                                                    Density    =         1.0235
 ------------------------------------------------------------------------------

wrapping first mol.:       26.33626       37.24509       64.51038
wrapping first mol.:       26.33626       37.24509       64.51038

 NSTEP =     8500   TIME(PS) =    1857.000  TEMP(K) =   300.62  PRESS =  -119.9
 Etot   =    -90508.6608  EKtot   =     23456.7344  EPtot      =   -113965.3951
 BOND   =       890.4450  ANGLE   =      2350.1370  DIHED      =      3481.1381
 1-4 NB =      1020.5431  1-4 EEL =     12341.5139  VDWAALS    =     13377.6783
 EELEC  =   -147553.5355  EHBOND  =         0.0000  RESTRAINT  =       126.6850
 EAMBER (non-restraint)  =   -114092.0801
 EKCMT  =     10026.5858  VIRIAL  =     11009.0763  VOLUME     =    379671.9102
                                                    Density    =         1.0224
 ------------------------------------------------------------------------------

wrapping first mol.:       26.35078       37.26562       64.54595
wrapping first mol.:       26.35078       37.26562       64.54595

 NSTEP =     9000   TIME(PS) =    1858.000  TEMP(K) =   299.91  PRESS =   145.1
 Etot   =    -90385.2046  EKtot   =     23401.6465  EPtot      =   -113786.8511
 BOND   =       885.0529  ANGLE   =      2343.5026  DIHED      =      3488.0083
 1-4 NB =      1022.7986  1-4 EEL =     12253.0316  VDWAALS    =     13200.2415
 EELEC  =   -147103.3551  EHBOND  =         0.0000  RESTRAINT  =       123.8685
 EAMBER (non-restraint)  =   -113910.7196
 EKCMT  =     10092.2332  VIRIAL  =      8900.9388  VOLUME     =    380291.2600
                                                    Density    =         1.0207
 ------------------------------------------------------------------------------

wrapping first mol.:       26.35067       37.26547       64.54568
wrapping first mol.:       26.35067       37.26547       64.54568

 NSTEP =     9500   TIME(PS) =    1859.000  TEMP(K) =   301.37  PRESS =    28.0
 Etot   =    -90744.6104  EKtot   =     23515.1250  EPtot      =   -114259.7354
 BOND   =       836.9053  ANGLE   =      2273.8934  DIHED      =      3489.0070
 1-4 NB =      1021.3231  1-4 EEL =     12296.2554  VDWAALS    =     13295.4634
 EELEC  =   -147600.0719  EHBOND  =         0.0000  RESTRAINT  =       127.4888
 EAMBER (non-restraint)  =   -114387.2243
 EKCMT  =     10100.9098  VIRIAL  =      9870.8751  VOLUME     =    380290.5215
                                                    Density    =         1.0207
 ------------------------------------------------------------------------------

wrapping first mol.:       26.37091       37.29409       64.59526
wrapping first mol.:       26.37091       37.29409       64.59526

 NSTEP =    10000   TIME(PS) =    1860.000  TEMP(K) =   299.95  PRESS =   210.8
 Etot   =    -90578.8347  EKtot   =     23404.5723  EPtot      =   -113983.4070
 BOND   =       854.4239  ANGLE   =      2368.5130  DIHED      =      3512.8411
 1-4 NB =      1063.1049  1-4 EEL =     12315.6058  VDWAALS    =     13366.9562
 EELEC  =   -147606.7433  EHBOND  =         0.0000  RESTRAINT  =       141.8913
 EAMBER (non-restraint)  =   -114125.2983
 EKCMT  =     10077.1675  VIRIAL  =      8342.4583  VOLUME     =    381161.2091
                                                    Density    =         1.0184
 ------------------------------------------------------------------------------

wrapping first mol.:       26.36564       37.28665       64.58237
wrapping first mol.:       26.36564       37.28665       64.58237

 NSTEP =    10500   TIME(PS) =    1861.000  TEMP(K) =   301.64  PRESS =   -26.2
 Etot   =    -90346.0822  EKtot   =     23536.0293  EPtot      =   -113882.1115
 BOND   =       785.7486  ANGLE   =      2380.6928  DIHED      =      3484.4796
 1-4 NB =      1046.2057  1-4 EEL =     12342.0429  VDWAALS    =     12943.3425
 EELEC  =   -146987.8611  EHBOND  =         0.0000  RESTRAINT  =       123.2376
 EAMBER (non-restraint)  =   -114005.3490
 EKCMT  =     10106.9751  VIRIAL  =     10322.1472  VOLUME     =    380941.1433
                                                    Density    =         1.0190
 ------------------------------------------------------------------------------

wrapping first mol.:       26.35454       37.27094       64.55516
wrapping first mol.:       26.35454       37.27094       64.55516

 NSTEP =    11000   TIME(PS) =    1862.000  TEMP(K) =   300.75  PRESS =  -190.4
 Etot   =    -90379.1276  EKtot   =     23466.7441  EPtot      =   -113845.8717
 BOND   =       860.1053  ANGLE   =      2386.2029  DIHED      =      3509.1066
 1-4 NB =      1051.1697  1-4 EEL =     12319.5926  VDWAALS    =     13121.0972
 EELEC  =   -147208.1306  EHBOND  =         0.0000  RESTRAINT  =       114.9846
 EAMBER (non-restraint)  =   -113960.8563
 EKCMT  =      9984.1360  VIRIAL  =     11548.3142  VOLUME     =    380465.5631
                                                    Density    =         1.0202
 ------------------------------------------------------------------------------

wrapping first mol.:       26.34503       37.25750       64.53188
wrapping first mol.:       26.34503       37.25750       64.53188

 NSTEP =    11500   TIME(PS) =    1863.000  TEMP(K) =   299.17  PRESS =    -9.6
 Etot   =    -90576.7640  EKtot   =     23343.8340  EPtot      =   -113920.5979
 BOND   =       880.5433  ANGLE   =      2341.8716  DIHED      =      3510.9381
 1-4 NB =      1029.9174  1-4 EEL =     12258.6774  VDWAALS    =     13342.2315
 EELEC  =   -147400.0199  EHBOND  =         0.0000  RESTRAINT  =       115.2426
 EAMBER (non-restraint)  =   -114035.8406
 EKCMT  =     10045.2070  VIRIAL  =     10124.2172  VOLUME     =    380047.8845
                                                    Density    =         1.0214
 ------------------------------------------------------------------------------

wrapping first mol.:       26.33784       37.24733       64.51426
wrapping first mol.:       26.33784       37.24733       64.51426

 NSTEP =    12000   TIME(PS) =    1864.000  TEMP(K) =   297.57  PRESS =    65.6
 Etot   =    -90635.8428  EKtot   =     23218.7344  EPtot      =   -113854.5772
 BOND   =       865.3486  ANGLE   =      2305.3968  DIHED      =      3520.3214
 1-4 NB =      1010.2490  1-4 EEL =     12261.2175  VDWAALS    =     13004.6490
 EELEC  =   -146940.6653  EHBOND  =         0.0000  RESTRAINT  =       118.9058
 EAMBER (non-restraint)  =   -113973.4829
 EKCMT  =      9877.4257  VIRIAL  =      9339.9211  VOLUME     =    379734.0518
                                                    Density    =         1.0222
 ------------------------------------------------------------------------------

wrapping first mol.:       26.31492       37.21492       64.45812
wrapping first mol.:       26.31492       37.21492       64.45812

 NSTEP =    12500   TIME(PS) =    1865.000  TEMP(K) =   300.37  PRESS =  -223.4
 Etot   =    -90703.0472  EKtot   =     23436.9258  EPtot      =   -114139.9730
 BOND   =       845.9486  ANGLE   =      2473.6758  DIHED      =      3505.3750
 1-4 NB =      1036.9885  1-4 EEL =     12262.4245  VDWAALS    =     12824.3175
 EELEC  =   -147214.8973  EHBOND  =         0.0000  RESTRAINT  =       126.1944
 EAMBER (non-restraint)  =   -114266.1674
 EKCMT  =     10054.3149  VIRIAL  =     11881.1483  VOLUME     =    378753.3878
                                                    Density    =         1.0249
 ------------------------------------------------------------------------------

wrapping first mol.:       26.31284       37.21197       64.45302
wrapping first mol.:       26.31284       37.21197       64.45302

 NSTEP =    13000   TIME(PS) =    1866.000  TEMP(K) =   298.66  PRESS =  -199.4
 Etot   =    -91011.7646  EKtot   =     23303.7051  EPtot      =   -114315.4697
 BOND   =       848.2214  ANGLE   =      2339.2109  DIHED      =      3487.2022
 1-4 NB =      1032.0891  1-4 EEL =     12308.8353  VDWAALS    =     13051.5461
 EELEC  =   -147501.6043  EHBOND  =         0.0000  RESTRAINT  =       119.0294
 EAMBER (non-restraint)  =   -114434.4992
 EKCMT  =     10031.2994  VIRIAL  =     11661.6550  VOLUME     =    378662.7792
                                                    Density    =         1.0251
 ------------------------------------------------------------------------------

wrapping first mol.:       26.31359       37.21304       64.45486
wrapping first mol.:       26.31359       37.21304       64.45486

 NSTEP =    13500   TIME(PS) =    1867.000  TEMP(K) =   299.61  PRESS =    56.5
 Etot   =    -90812.2436  EKtot   =     23377.6699  EPtot      =   -114189.9135
 BOND   =       899.0407  ANGLE   =      2366.6976  DIHED      =      3526.0021
 1-4 NB =      1033.7355  1-4 EEL =     12297.5232  VDWAALS    =     13286.3066
 EELEC  =   -147724.7035  EHBOND  =         0.0000  RESTRAINT  =       125.4843
 EAMBER (non-restraint)  =   -114315.3978
 EKCMT  =      9997.7595  VIRIAL  =      9535.4622  VOLUME     =    378686.5737
                                                    Density    =         1.0250
 ------------------------------------------------------------------------------

wrapping first mol.:       26.31614       37.21665       64.46112
wrapping first mol.:       26.31614       37.21665       64.46112

 NSTEP =    14000   TIME(PS) =    1868.000  TEMP(K) =   302.12  PRESS =   -24.8
 Etot   =    -90538.1199  EKtot   =     23573.8828  EPtot      =   -114112.0027
 BOND   =       864.7859  ANGLE   =      2274.8728  DIHED      =      3502.1599
 1-4 NB =      1042.6291  1-4 EEL =     12339.3810  VDWAALS    =     13179.3622
 EELEC  =   -147452.8379  EHBOND  =         0.0000  RESTRAINT  =       137.6444
 EAMBER (non-restraint)  =   -114249.6471
 EKCMT  =     10117.6766  VIRIAL  =     10320.5038  VOLUME     =    378799.5323
                                                    Density    =         1.0247
 ------------------------------------------------------------------------------

wrapping first mol.:       26.31941       37.22126       64.46911
wrapping first mol.:       26.31941       37.22126       64.46911

 NSTEP =    14500   TIME(PS) =    1869.000  TEMP(K) =   299.17  PRESS =     7.4
 Etot   =    -91021.4771  EKtot   =     23343.6523  EPtot      =   -114365.1294
 BOND   =       809.0120  ANGLE   =      2299.6983  DIHED      =      3507.9485
 1-4 NB =      1042.2903  1-4 EEL =     12321.1204  VDWAALS    =     13243.5327
 EELEC  =   -147712.3657  EHBOND  =         0.0000  RESTRAINT  =       123.6341
 EAMBER (non-restraint)  =   -114488.7635
 EKCMT  =      9999.9674  VIRIAL  =      9939.1128  VOLUME     =    378939.3717
                                                    Density    =         1.0244
 ------------------------------------------------------------------------------

wrapping first mol.:       26.32520       37.22945       64.48330
wrapping first mol.:       26.32520       37.22945       64.48330

 NSTEP =    15000   TIME(PS) =    1870.000  TEMP(K) =   298.72  PRESS =    10.7
 Etot   =    -90633.8699  EKtot   =     23308.8320  EPtot      =   -113942.7019
 BOND   =       844.8809  ANGLE   =      2330.7266  DIHED      =      3502.8833
 1-4 NB =      1051.8583  1-4 EEL =     12343.2068  VDWAALS    =     13177.9940
 EELEC  =   -147322.9876  EHBOND  =         0.0000  RESTRAINT  =       128.7358
 EAMBER (non-restraint)  =   -114071.4377
 EKCMT  =     10090.1621  VIRIAL  =     10002.5192  VOLUME     =    379189.5206
                                                    Density    =         1.0237
 ------------------------------------------------------------------------------

wrapping first mol.:       26.33783       37.24732       64.51425
wrapping first mol.:       26.33783       37.24732       64.51425

 NSTEP =    15500   TIME(PS) =    1871.000  TEMP(K) =   299.68  PRESS =    17.9
 Etot   =    -90773.1583  EKtot   =     23383.7480  EPtot      =   -114156.9064
 BOND   =       893.8656  ANGLE   =      2337.8968  DIHED      =      3511.5342
 1-4 NB =      1024.2090  1-4 EEL =     12323.2808  VDWAALS    =     13346.4819
 EELEC  =   -147726.6678  EHBOND  =         0.0000  RESTRAINT  =       132.4932
 EAMBER (non-restraint)  =   -114289.3995
 EKCMT  =     10065.8023  VIRIAL  =      9919.2742  VOLUME     =    379735.5137
                                                    Density    =         1.0222
 ------------------------------------------------------------------------------

wrapping first mol.:       26.33203       37.23911       64.50003
wrapping first mol.:       26.33203       37.23911       64.50003

 NSTEP =    16000   TIME(PS) =    1872.000  TEMP(K) =   301.81  PRESS =   -71.2
 Etot   =    -90413.4855  EKtot   =     23549.8965  EPtot      =   -113963.3820
 BOND   =       843.1266  ANGLE   =      2351.7109  DIHED      =      3496.4153
 1-4 NB =      1033.3482  1-4 EEL =     12325.8283  VDWAALS    =     12987.2699
 EELEC  =   -147132.7936  EHBOND  =         0.0000  RESTRAINT  =       131.7124
 EAMBER (non-restraint)  =   -114095.0944
 EKCMT  =     10065.6907  VIRIAL  =     10649.2053  VOLUME     =    379487.5318
                                                    Density    =         1.0229
 ------------------------------------------------------------------------------

wrapping first mol.:       26.32085       37.22331       64.47265
wrapping first mol.:       26.32085       37.22331       64.47265

 NSTEP =    16500   TIME(PS) =    1873.000  TEMP(K) =   298.04  PRESS =    36.6
 Etot   =    -90835.7089  EKtot   =     23255.7832  EPtot      =   -114091.4921
 BOND   =       850.8573  ANGLE   =      2315.0261  DIHED      =      3495.1134
 1-4 NB =      1030.8472  1-4 EEL =     12282.1789  VDWAALS    =     13192.9008
 EELEC  =   -147377.9001  EHBOND  =         0.0000  RESTRAINT  =       119.4842
 EAMBER (non-restraint)  =   -114210.9764
 EKCMT  =      9983.8247  VIRIAL  =      9684.3910  VOLUME     =    379000.8930
                                                    Density    =         1.0242
 ------------------------------------------------------------------------------

wrapping first mol.:       26.31927       37.22107       64.46877
wrapping first mol.:       26.31927       37.22107       64.46877

 NSTEP =    17000   TIME(PS) =    1874.000  TEMP(K) =   299.32  PRESS =    97.6
 Etot   =    -90950.5371  EKtot   =     23355.1973  EPtot      =   -114305.7343
 BOND   =       829.6748  ANGLE   =      2340.6699  DIHED      =      3498.5651
 1-4 NB =      1041.8138  1-4 EEL =     12282.7656  VDWAALS    =     13330.2721
 EELEC  =   -147749.0255  EHBOND  =         0.0000  RESTRAINT  =       119.5299
 EAMBER (non-restraint)  =   -114425.2642
 EKCMT  =     10059.5986  VIRIAL  =      9260.7038  VOLUME     =    378930.4039
                                                    Density    =         1.0244
 ------------------------------------------------------------------------------

wrapping first mol.:       26.32907       37.23492       64.49277
wrapping first mol.:       26.32907       37.23492       64.49277

 NSTEP =    17500   TIME(PS) =    1875.000  TEMP(K) =   298.49  PRESS =   -34.0
 Etot   =    -90925.9466  EKtot   =     23290.2969  EPtot      =   -114216.2435
 BOND   =       846.8971  ANGLE   =      2309.2897  DIHED      =      3497.7108
 1-4 NB =      1007.1753  1-4 EEL =     12320.9192  VDWAALS    =     13208.6902
 EELEC  =   -147536.5994  EHBOND  =         0.0000  RESTRAINT  =       129.6735
 EAMBER (non-restraint)  =   -114345.9170
 EKCMT  =      9996.3915  VIRIAL  =     10274.9166  VOLUME     =    379358.1627
                                                    Density    =         1.0232
 ------------------------------------------------------------------------------

wrapping first mol.:       26.34383       37.25580       64.52893
wrapping first mol.:       26.34383       37.25580       64.52893

 NSTEP =    18000   TIME(PS) =    1876.000  TEMP(K) =   299.65  PRESS =  -117.5
 Etot   =    -90411.5986  EKtot   =     23381.2012  EPtot      =   -113792.7998
 BOND   =       848.2274  ANGLE   =      2381.4413  DIHED      =      3471.2556
 1-4 NB =      1034.4515  1-4 EEL =     12343.2249  VDWAALS    =     12949.4943
 EELEC  =   -146949.3130  EHBOND  =         0.0000  RESTRAINT  =       128.4182
 EAMBER (non-restraint)  =   -113921.2180
 EKCMT  =     10093.9879  VIRIAL  =     11058.2941  VOLUME     =    379999.4567
                                                    Density    =         1.0215
 ------------------------------------------------------------------------------

wrapping first mol.:       26.34408       37.25615       64.52954
wrapping first mol.:       26.34408       37.25615       64.52954

 NSTEP =    18500   TIME(PS) =    1877.000  TEMP(K) =   299.90  PRESS =  -111.6
 Etot   =    -90665.2934  EKtot   =     23400.4609  EPtot      =   -114065.7543
 BOND   =       831.3755  ANGLE   =      2345.7123  DIHED      =      3473.0716
 1-4 NB =      1054.0605  1-4 EEL =     12366.8965  VDWAALS    =     13110.4282
 EELEC  =   -147372.3046  EHBOND  =         0.0000  RESTRAINT  =       125.0056
 EAMBER (non-restraint)  =   -114190.7599
 EKCMT  =     10056.2656  VIRIAL  =     10971.6126  VOLUME     =    380010.0486
                                                    Density    =         1.0215
 ------------------------------------------------------------------------------

wrapping first mol.:       26.34861       37.26255       64.54063
wrapping first mol.:       26.34861       37.26255       64.54063

 NSTEP =    19000   TIME(PS) =    1878.000  TEMP(K) =   302.13  PRESS =  -112.0
 Etot   =    -90157.6745  EKtot   =     23574.7305  EPtot      =   -113732.4050
 BOND   =       858.5223  ANGLE   =      2373.7114  DIHED      =      3519.3717
 1-4 NB =      1043.8592  1-4 EEL =     12301.2621  VDWAALS    =     13111.0918
 EELEC  =   -147072.4038  EHBOND  =         0.0000  RESTRAINT  =       132.1804
 EAMBER (non-restraint)  =   -113864.5854
 EKCMT  =     10146.2472  VIRIAL  =     11065.8608  VOLUME     =    380206.0052
                                                    Density    =         1.0209
 ------------------------------------------------------------------------------

wrapping first mol.:       26.34956       37.26391       64.54298
wrapping first mol.:       26.34956       37.26391       64.54298

 NSTEP =    19500   TIME(PS) =    1879.000  TEMP(K) =   300.95  PRESS =   -30.5
 Etot   =    -90545.5013  EKtot   =     23482.4492  EPtot      =   -114027.9505
 BOND   =       842.9692  ANGLE   =      2324.2192  DIHED      =      3503.7221
 1-4 NB =      1055.9051  1-4 EEL =     12318.1761  VDWAALS    =     13232.5398
 EELEC  =   -147429.4580  EHBOND  =         0.0000  RESTRAINT  =       123.9761
 EAMBER (non-restraint)  =   -114151.9266
 EKCMT  =     10125.6186  VIRIAL  =     10376.3782  VOLUME     =    380244.7723
                                                    Density    =         1.0208
 ------------------------------------------------------------------------------

wrapping first mol.:       26.33015       37.23645       64.49542
wrapping first mol.:       26.33015       37.23645       64.49542

 NSTEP =    20000   TIME(PS) =    1880.000  TEMP(K) =   299.90  PRESS =    79.1
 Etot   =    -90630.8237  EKtot   =     23400.9258  EPtot      =   -114031.7495
 BOND   =       832.4422  ANGLE   =      2338.4421  DIHED      =      3517.0877
 1-4 NB =      1053.4228  1-4 EEL =     12305.7965  VDWAALS    =     13117.2441
 EELEC  =   -147340.5642  EHBOND  =         0.0000  RESTRAINT  =       144.3793
 EAMBER (non-restraint)  =   -114176.1287
 EKCMT  =     10077.4793  VIRIAL  =      9429.1968  VOLUME     =    379401.0010
                                                    Density    =         1.0231
 ------------------------------------------------------------------------------

wrapping first mol.:       26.32707       37.23210       64.48789
wrapping first mol.:       26.32707       37.23210       64.48789

 NSTEP =    20500   TIME(PS) =    1881.000  TEMP(K) =   303.01  PRESS =    16.0
 Etot   =    -90247.8809  EKtot   =     23643.4883  EPtot      =   -113891.3692
 BOND   =       830.0967  ANGLE   =      2338.2450  DIHED      =      3505.1191
 1-4 NB =      1078.2465  1-4 EEL =     12417.8757  VDWAALS    =     13168.4120
 EELEC  =   -147353.2068  EHBOND  =         0.0000  RESTRAINT  =       123.8426
 EAMBER (non-restraint)  =   -114015.2118
 EKCMT  =     10110.5088  VIRIAL  =      9979.4730  VOLUME     =    379270.3584
                                                    Density    =         1.0235
 ------------------------------------------------------------------------------

wrapping first mol.:       26.31833       37.21973       64.46646
wrapping first mol.:       26.31833       37.21973       64.46646

 NSTEP =    21000   TIME(PS) =    1882.000  TEMP(K) =   298.84  PRESS =   -54.0
 Etot   =    -90466.1123  EKtot   =     23318.0977  EPtot      =   -113784.2099
 BOND   =       865.0837  ANGLE   =      2305.1053  DIHED      =      3514.6313
 1-4 NB =      1050.8516  1-4 EEL =     12277.5336  VDWAALS    =     13158.1407
 EELEC  =   -147080.6419  EHBOND  =         0.0000  RESTRAINT  =       125.0857
 EAMBER (non-restraint)  =   -113909.2956
 EKCMT  =      9902.3205  VIRIAL  =     10344.2709  VOLUME     =    378894.7617
                                                    Density    =         1.0245
 ------------------------------------------------------------------------------

wrapping first mol.:       26.31008       37.20807       64.44626
wrapping first mol.:       26.31008       37.20807       64.44626

 NSTEP =    21500   TIME(PS) =    1883.000  TEMP(K) =   297.87  PRESS =    -3.6
 Etot   =    -90642.2560  EKtot   =     23241.9141  EPtot      =   -113884.1701
 BOND   =       864.6265  ANGLE   =      2339.2787  DIHED      =      3523.5185
 1-4 NB =      1055.9946  1-4 EEL =     12317.0191  VDWAALS    =     13271.6145
 EELEC  =   -147386.6282  EHBOND  =         0.0000  RESTRAINT  =       130.4062
 EAMBER (non-restraint)  =   -114014.5763
 EKCMT  =     10014.2638  VIRIAL  =     10043.3431  VOLUME     =    378536.8809
                                                    Density    =         1.0254
 ------------------------------------------------------------------------------

wrapping first mol.:       26.31604       37.21649       64.46085
wrapping first mol.:       26.31604       37.21649       64.46085

 NSTEP =    22000   TIME(PS) =    1884.000  TEMP(K) =   298.37  PRESS =   132.7
 Etot   =    -90892.4024  EKtot   =     23280.9395  EPtot      =   -114173.3419
 BOND   =       809.1272  ANGLE   =      2369.1867  DIHED      =      3494.9189
 1-4 NB =      1059.0863  1-4 EEL =     12327.8651  VDWAALS    =     13132.8365
 EELEC  =   -147494.6301  EHBOND  =         0.0000  RESTRAINT  =       128.2675
 EAMBER (non-restraint)  =   -114301.6093
 EKCMT  =      9980.9550  VIRIAL  =      8895.8697  VOLUME     =    378789.5600
                                                    Density    =         1.0248
 ------------------------------------------------------------------------------

wrapping first mol.:       26.32236       37.22543       64.47634
wrapping first mol.:       26.32236       37.22543       64.47634

 NSTEP =    22500   TIME(PS) =    1885.000  TEMP(K) =   299.33  PRESS =   -70.8
 Etot   =    -90789.9193  EKtot   =     23355.8164  EPtot      =   -114145.7357
 BOND   =       812.2152  ANGLE   =      2354.7533  DIHED      =      3504.1695
 1-4 NB =      1041.2765  1-4 EEL =     12355.0146  VDWAALS    =     13091.9640
 EELEC  =   -147429.7744  EHBOND  =         0.0000  RESTRAINT  =       124.6456
 EAMBER (non-restraint)  =   -114270.3814
 EKCMT  =     10099.0414  VIRIAL  =     10678.7231  VOLUME     =    379069.5042
                                                    Density    =         1.0240
 ------------------------------------------------------------------------------

wrapping first mol.:       26.33082       37.23740       64.49707
wrapping first mol.:       26.33082       37.23740       64.49707

 NSTEP =    23000   TIME(PS) =    1886.000  TEMP(K) =   298.46  PRESS =   -10.9
 Etot   =    -91060.6442  EKtot   =     23288.5723  EPtot      =   -114349.2164
 BOND   =       799.2816  ANGLE   =      2295.5590  DIHED      =      3509.2784
 1-4 NB =      1040.8168  1-4 EEL =     12327.0519  VDWAALS    =     13216.1321
 EELEC  =   -147674.5608  EHBOND  =         0.0000  RESTRAINT  =       137.2246
 EAMBER (non-restraint)  =   -114486.4411
 EKCMT  =      9966.1780  VIRIAL  =     10055.1346  VOLUME     =    379433.1888
                                                    Density    =         1.0230
 ------------------------------------------------------------------------------

wrapping first mol.:       26.33176       37.23874       64.49938
wrapping first mol.:       26.33176       37.23874       64.49938

 NSTEP =    23500   TIME(PS) =    1887.000  TEMP(K) =   300.80  PRESS =   112.8
 Etot   =    -90867.3944  EKtot   =     23470.8594  EPtot      =   -114338.2538
 BOND   =       878.1686  ANGLE   =      2353.7508  DIHED      =      3453.3766
 1-4 NB =      1050.2312  1-4 EEL =     12307.6413  VDWAALS    =     13313.6468
 EELEC  =   -147809.7896  EHBOND  =         0.0000  RESTRAINT  =       114.7206
 EAMBER (non-restraint)  =   -114452.9743
 EKCMT  =     10156.7493  VIRIAL  =      9232.1756  VOLUME     =    379469.8409
                                                    Density    =         1.0229
 ------------------------------------------------------------------------------

wrapping first mol.:       26.34854       37.26246       64.54047
wrapping first mol.:       26.34854       37.26246       64.54047

 NSTEP =    24000   TIME(PS) =    1888.000  TEMP(K) =   297.10  PRESS =     0.9
 Etot   =    -91051.9995  EKtot   =     23181.7969  EPtot      =   -114233.7963
 BOND   =       851.0166  ANGLE   =      2298.3364  DIHED      =      3506.8169
 1-4 NB =      1023.5306  1-4 EEL =     12303.9294  VDWAALS    =     13115.6376
 EELEC  =   -147464.5758  EHBOND  =         0.0000  RESTRAINT  =       131.5118
 EAMBER (non-restraint)  =   -114365.3082
 EKCMT  =      9919.7602  VIRIAL  =      9912.3592  VOLUME     =    380199.3203
                                                    Density    =         1.0210
 ------------------------------------------------------------------------------

wrapping first mol.:       26.36912       37.29156       64.59087
wrapping first mol.:       26.36912       37.29156       64.59087

 NSTEP =    24500   TIME(PS) =    1889.000  TEMP(K) =   302.73  PRESS =    -0.0
 Etot   =    -90102.6429  EKtot   =     23621.7852  EPtot      =   -113724.4280
 BOND   =       827.3546  ANGLE   =      2230.3371  DIHED      =      3499.2994
 1-4 NB =      1044.0405  1-4 EEL =     12374.7200  VDWAALS    =     13013.1202
 EELEC  =   -146839.3910  EHBOND  =         0.0000  RESTRAINT  =       126.0912
 EAMBER (non-restraint)  =   -113850.5192
 EKCMT  =     10253.0545  VIRIAL  =     10253.0550  VOLUME     =    381090.8159
                                                    Density    =         1.0186
 ------------------------------------------------------------------------------

wrapping first mol.:       26.36258       37.28232       64.57486
wrapping first mol.:       26.36258       37.28232       64.57486

 NSTEP =    25000   TIME(PS) =    1890.000  TEMP(K) =   299.96  PRESS =  -174.8
 Etot   =    -90798.7133  EKtot   =     23405.5391  EPtot      =   -114204.2524
 BOND   =       858.1576  ANGLE   =      2307.0902  DIHED      =      3476.0124
 1-4 NB =      1033.6318  1-4 EEL =     12279.3376  VDWAALS    =     13175.6776
 EELEC  =   -147451.9217  EHBOND  =         0.0000  RESTRAINT  =       117.7621
 EAMBER (non-restraint)  =   -114322.0145
 EKCMT  =     10070.6745  VIRIAL  =     11508.0850  VOLUME     =    380813.3594
                                                    Density    =         1.0193
 ------------------------------------------------------------------------------

wrapping first mol.:       26.35951       37.27797       64.56733
wrapping first mol.:       26.35951       37.27797       64.56733

 NSTEP =    25500   TIME(PS) =    1891.000  TEMP(K) =   301.55  PRESS =  -133.2
 Etot   =    -90667.4164  EKtot   =     23528.9805  EPtot      =   -114196.3969
 BOND   =       826.6880  ANGLE   =      2359.2497  DIHED      =      3496.8734
 1-4 NB =      1028.8523  1-4 EEL =     12305.3032  VDWAALS    =     13277.4335
 EELEC  =   -147620.5823  EHBOND  =         0.0000  RESTRAINT  =       129.7853
 EAMBER (non-restraint)  =   -114326.1822
 EKCMT  =     10099.1195  VIRIAL  =     11194.1321  VOLUME     =    380678.7877
                                                    Density    =         1.0197
 ------------------------------------------------------------------------------

wrapping first mol.:       26.34476       37.25712       64.53122
wrapping first mol.:       26.34476       37.25712       64.53122

 NSTEP =    26000   TIME(PS) =    1892.000  TEMP(K) =   302.73  PRESS =  -104.4
 Etot   =    -90542.6899  EKtot   =     23621.2188  EPtot      =   -114163.9087
 BOND   =       807.8621  ANGLE   =      2415.0984  DIHED      =      3481.3712
 1-4 NB =      1045.8520  1-4 EEL =     12331.4335  VDWAALS    =     13303.9609
 EELEC  =   -147678.4605  EHBOND  =         0.0000  RESTRAINT  =       128.9736
 EAMBER (non-restraint)  =   -114292.8823
 EKCMT  =     10152.6484  VIRIAL  =     11008.8992  VOLUME     =    380039.3833
                                                    Density    =         1.0214
 ------------------------------------------------------------------------------

wrapping first mol.:       26.34214       37.25341       64.52479
wrapping first mol.:       26.34214       37.25341       64.52479

 NSTEP =    26500   TIME(PS) =    1893.000  TEMP(K) =   301.47  PRESS =    12.0
 Etot   =    -90414.5925  EKtot   =     23523.3535  EPtot      =   -113937.9460
 BOND   =       875.4223  ANGLE   =      2286.9248  DIHED      =      3507.2525
 1-4 NB =      1023.6663  1-4 EEL =     12325.1087  VDWAALS    =     13370.8630
 EELEC  =   -147450.3971  EHBOND  =         0.0000  RESTRAINT  =       123.2134
 EAMBER (non-restraint)  =   -114061.1594
 EKCMT  =     10006.8387  VIRIAL  =      9908.1794  VOLUME     =    379921.8377
                                                    Density    =         1.0217
 ------------------------------------------------------------------------------

wrapping first mol.:       26.34460       37.25689       64.53083
wrapping first mol.:       26.34460       37.25689       64.53083

 NSTEP =    27000   TIME(PS) =    1894.000  TEMP(K) =   297.45  PRESS =   -32.9
 Etot   =    -90583.8915  EKtot   =     23209.3945  EPtot      =   -113793.2861
 BOND   =       803.5981  ANGLE   =      2326.3810  DIHED      =      3528.3809
 1-4 NB =      1034.1647  1-4 EEL =     12328.8034  VDWAALS    =     13113.6230
 EELEC  =   -147046.9119  EHBOND  =         0.0000  RESTRAINT  =       118.6748
 EAMBER (non-restraint)  =   -113911.9609
 EKCMT  =      9913.7288  VIRIAL  =     10183.8776  VOLUME     =    380030.0510
                                                    Density    =         1.0214
 ------------------------------------------------------------------------------

wrapping first mol.:       26.33084       37.23743       64.49711
wrapping first mol.:       26.33084       37.23743       64.49711

 NSTEP =    27500   TIME(PS) =    1895.000  TEMP(K) =   303.68  PRESS =   -22.2
 Etot   =    -90304.7321  EKtot   =     23695.4844  EPtot      =   -114000.2165
 BOND   =       852.1458  ANGLE   =      2351.8940  DIHED      =      3483.6732
 1-4 NB =      1039.6017  1-4 EEL =     12336.1350  VDWAALS    =     13155.0567
 EELEC  =   -147346.2084  EHBOND  =         0.0000  RESTRAINT  =       127.4855
 EAMBER (non-restraint)  =   -114127.7020
 EKCMT  =     10154.1648  VIRIAL  =     10336.3615  VOLUME     =    379434.3920
                                                    Density    =         1.0230
 ------------------------------------------------------------------------------

wrapping first mol.:       26.35860       37.27669       64.56511
wrapping first mol.:       26.35860       37.27669       64.56511

 NSTEP =    28000   TIME(PS) =    1896.000  TEMP(K) =   298.85  PRESS =   116.7
 Etot   =    -90619.9421  EKtot   =     23318.8906  EPtot      =   -113938.8328
 BOND   =       832.7544  ANGLE   =      2367.7162  DIHED      =      3500.8395
 1-4 NB =      1043.8639  1-4 EEL =     12318.5549  VDWAALS    =     13358.5722
 EELEC  =   -147484.8408  EHBOND  =         0.0000  RESTRAINT  =       123.7069
 EAMBER (non-restraint)  =   -114062.5397
 EKCMT  =     10131.0185  VIRIAL  =      9172.3042  VOLUME     =    380631.0424
                                                    Density    =         1.0198
 ------------------------------------------------------------------------------

wrapping first mol.:       26.35962       37.27813       64.56761
wrapping first mol.:       26.35962       37.27813       64.56761

 NSTEP =    28500   TIME(PS) =    1897.000  TEMP(K) =   298.90  PRESS =  -156.1
 Etot   =    -90566.3559  EKtot   =     23322.7480  EPtot      =   -113889.1040
 BOND   =       844.5460  ANGLE   =      2382.4799  DIHED      =      3483.9118
 1-4 NB =      1034.8470  1-4 EEL =     12332.9910  VDWAALS    =     12992.5382
 EELEC  =   -147082.9468  EHBOND  =         0.0000  RESTRAINT  =       122.5289
 EAMBER (non-restraint)  =   -114011.6329
 EKCMT  =      9986.3806  VIRIAL  =     11269.4832  VOLUME     =    380684.4778
                                                    Density    =         1.0197
 ------------------------------------------------------------------------------

wrapping first mol.:       26.35362       37.26965       64.55292
wrapping first mol.:       26.35362       37.26965       64.55292

 NSTEP =    29000   TIME(PS) =    1898.000  TEMP(K) =   299.27  PRESS =     5.0
 Etot   =    -90609.1551  EKtot   =     23351.4590  EPtot      =   -113960.6141
 BOND   =       876.0771  ANGLE   =      2321.3284  DIHED      =      3523.2990
 1-4 NB =      1037.3468  1-4 EEL =     12287.9243  VDWAALS    =     13180.9258
 EELEC  =   -147317.8061  EHBOND  =         0.0000  RESTRAINT  =       130.2906
 EAMBER (non-restraint)  =   -114090.9046
 EKCMT  =      9941.8638  VIRIAL  =      9900.6343  VOLUME     =    380419.2465
                                                    Density    =         1.0204
 ------------------------------------------------------------------------------

wrapping first mol.:       26.35202       37.26738       64.54900
wrapping first mol.:       26.35202       37.26738       64.54900

 NSTEP =    29500   TIME(PS) =    1899.000  TEMP(K) =   301.80  PRESS =   112.3
 Etot   =    -90802.7965  EKtot   =     23548.9941  EPtot      =   -114351.7906
 BOND   =       864.8929  ANGLE   =      2366.1207  DIHED      =      3499.3622
 1-4 NB =       999.7285  1-4 EEL =     12302.7750  VDWAALS    =     13135.3425
 EELEC  =   -147646.4857  EHBOND  =         0.0000  RESTRAINT  =       126.4734
 EAMBER (non-restraint)  =   -114478.2641
 EKCMT  =     10038.9360  VIRIAL  =      9116.7120  VOLUME     =    380346.2485
                                                    Density    =         1.0206
 ------------------------------------------------------------------------------

wrapping first mol.:       26.35984       37.27845       64.56816
wrapping first mol.:       26.35984       37.27845       64.56816

 NSTEP =    30000   TIME(PS) =    1900.000  TEMP(K) =   298.69  PRESS =   237.4
 Etot   =    -90758.2073  EKtot   =     23306.2637  EPtot      =   -114064.4709
 BOND   =       838.4553  ANGLE   =      2378.2668  DIHED      =      3514.8264
 1-4 NB =      1028.5028  1-4 EEL =     12300.6619  VDWAALS    =     13308.2398
 EELEC  =   -147551.5913  EHBOND  =         0.0000  RESTRAINT  =       118.1675
 EAMBER (non-restraint)  =   -114182.6384
 EKCMT  =      9920.4205  VIRIAL  =      7969.0187  VOLUME     =    380680.8567
                                                    Density    =         1.0197
 ------------------------------------------------------------------------------

wrapping first mol.:       26.33781       37.24729       64.51420
wrapping first mol.:       26.33781       37.24729       64.51420

 NSTEP =    30500   TIME(PS) =    1901.000  TEMP(K) =   302.01  PRESS =   -52.0
 Etot   =    -90794.8820  EKtot   =     23565.6445  EPtot      =   -114360.5265
 BOND   =       905.3986  ANGLE   =      2311.0875  DIHED      =      3476.4704
 1-4 NB =      1044.5819  1-4 EEL =     12332.4556  VDWAALS    =     13492.9526
 EELEC  =   -148055.3574  EHBOND  =         0.0000  RESTRAINT  =       131.8842
 EAMBER (non-restraint)  =   -114492.4107
 EKCMT  =     10079.3022  VIRIAL  =     10505.4823  VOLUME     =    379737.0093
                                                    Density    =         1.0222
 ------------------------------------------------------------------------------

wrapping first mol.:       26.33744       37.24676       64.51328
wrapping first mol.:       26.33744       37.24676       64.51328

 NSTEP =    31000   TIME(PS) =    1902.000  TEMP(K) =   299.58  PRESS =    52.4
 Etot   =    -90944.8041  EKtot   =     23375.4336  EPtot      =   -114320.2377
 BOND   =       871.6858  ANGLE   =      2312.4963  DIHED      =      3519.6242
 1-4 NB =      1042.3431  1-4 EEL =     12299.0555  VDWAALS    =     13211.1820
 EELEC  =   -147701.7728  EHBOND  =         0.0000  RESTRAINT  =       125.1482
 EAMBER (non-restraint)  =   -114445.3860
 EKCMT  =     10029.4056  VIRIAL  =      9599.7468  VOLUME     =    379717.2444
                                                    Density    =         1.0223
 ------------------------------------------------------------------------------

wrapping first mol.:       26.35292       37.26866       64.55121
wrapping first mol.:       26.35292       37.26866       64.55121

 NSTEP =    31500   TIME(PS) =    1903.000  TEMP(K) =   304.18  PRESS =   139.4
 Etot   =    -90719.3989  EKtot   =     23734.8184  EPtot      =   -114454.2172
 BOND   =       872.6279  ANGLE   =      2321.0053  DIHED      =      3496.6265
 1-4 NB =      1021.0569  1-4 EEL =     12282.9907  VDWAALS    =     13511.2779
 EELEC  =   -148079.8313  EHBOND  =         0.0000  RESTRAINT  =       120.0287
 EAMBER (non-restraint)  =   -114574.2459
 EKCMT  =     10154.2249  VIRIAL  =      9008.9808  VOLUME     =    380384.4612
                                                    Density    =         1.0205
 ------------------------------------------------------------------------------

wrapping first mol.:       26.33932       37.24943       64.51789
wrapping first mol.:       26.33932       37.24943       64.51789

 NSTEP =    32000   TIME(PS) =    1904.000  TEMP(K) =   299.38  PRESS =   -85.2
 Etot   =    -90729.9043  EKtot   =     23360.1445  EPtot      =   -114090.0489
 BOND   =       835.8066  ANGLE   =      2385.6266  DIHED      =      3521.5505
 1-4 NB =      1057.7046  1-4 EEL =     12310.9230  VDWAALS    =     13095.8873
 EELEC  =   -147418.5731  EHBOND  =         0.0000  RESTRAINT  =       121.0257
 EAMBER (non-restraint)  =   -114211.0746
 EKCMT  =     10089.3579  VIRIAL  =     10787.8858  VOLUME     =    379803.3943
                                                    Density    =         1.0220
 ------------------------------------------------------------------------------

wrapping first mol.:       26.33429       37.24231       64.50557
wrapping first mol.:       26.33429       37.24231       64.50557

 NSTEP =    32500   TIME(PS) =    1905.000  TEMP(K) =   296.88  PRESS =   -73.6
 Etot   =    -91079.7590  EKtot   =     23164.9141  EPtot      =   -114244.6731
 BOND   =       852.3034  ANGLE   =      2361.2979  DIHED      =      3509.9012
 1-4 NB =      1033.9722  1-4 EEL =     12278.6021  VDWAALS    =     13236.4166
 EELEC  =   -147634.3775  EHBOND  =         0.0000  RESTRAINT  =       117.2112
 EAMBER (non-restraint)  =   -114361.8843
 EKCMT  =      9895.5519  VIRIAL  =     10498.8781  VOLUME     =    379585.3189
                                                    Density    =         1.0226
 ------------------------------------------------------------------------------

wrapping first mol.:       26.32851       37.23414       64.49142
wrapping first mol.:       26.32851       37.23414       64.49142

 NSTEP =    33000   TIME(PS) =    1906.000  TEMP(K) =   299.21  PRESS =   -96.4
 Etot   =    -90888.5583  EKtot   =     23347.0977  EPtot      =   -114235.6560
 BOND   =       809.8766  ANGLE   =      2335.9746  DIHED      =      3517.7437
 1-4 NB =      1043.3089  1-4 EEL =     12374.7510  VDWAALS    =     13126.2870
 EELEC  =   -147555.1021  EHBOND  =         0.0000  RESTRAINT  =       111.5043
 EAMBER (non-restraint)  =   -114347.1603
 EKCMT  =     10072.3011  VIRIAL  =     10861.7396  VOLUME     =    379336.3678
                                                    Density    =         1.0233
 ------------------------------------------------------------------------------

wrapping first mol.:       26.32267       37.22588       64.47711
wrapping first mol.:       26.32267       37.22588       64.47711

 NSTEP =    33500   TIME(PS) =    1907.000  TEMP(K) =   299.63  PRESS =  -144.0
 Etot   =    -90496.1051  EKtot   =     23379.9297  EPtot      =   -113876.0348
 BOND   =       869.3192  ANGLE   =      2322.1143  DIHED      =      3527.9056
 1-4 NB =      1040.1843  1-4 EEL =     12319.3511  VDWAALS    =     13111.1454
 EELEC  =   -147200.3554  EHBOND  =         0.0000  RESTRAINT  =       134.3007
 EAMBER (non-restraint)  =   -114010.3355
 EKCMT  =     10049.8186  VIRIAL  =     11228.2788  VOLUME     =    379085.4994
                                                    Density    =         1.0240
 ------------------------------------------------------------------------------

wrapping first mol.:       26.31482       37.21477       64.45788
wrapping first mol.:       26.31482       37.21477       64.45788

 NSTEP =    34000   TIME(PS) =    1908.000  TEMP(K) =   301.93  PRESS =    -8.4
 Etot   =    -90689.8407  EKtot   =     23559.1465  EPtot      =   -114248.9872
 BOND   =       881.2326  ANGLE   =      2302.1365  DIHED      =      3503.8658
 1-4 NB =      1023.3215  1-4 EEL =     12344.6196  VDWAALS    =     13334.6652
 EELEC  =   -147765.2350  EHBOND  =         0.0000  RESTRAINT  =       126.4066
 EAMBER (non-restraint)  =   -114375.3937
 EKCMT  =     10086.7282  VIRIAL  =     10155.3890  VOLUME     =    378741.8443
                                                    Density    =         1.0249
 ------------------------------------------------------------------------------

wrapping first mol.:       26.32134       37.22400       64.47385
wrapping first mol.:       26.32134       37.22400       64.47385

 NSTEP =    34500   TIME(PS) =    1909.000  TEMP(K) =   298.33  PRESS =   -64.7
 Etot   =    -91062.9015  EKtot   =     23278.1875  EPtot      =   -114341.0890
 BOND   =       838.8302  ANGLE   =      2288.1563  DIHED      =      3505.6158
 1-4 NB =      1035.9034  1-4 EEL =     12351.4421  VDWAALS    =     13260.9402
 EELEC  =   -147750.8524  EHBOND  =         0.0000  RESTRAINT  =       128.8756
 EAMBER (non-restraint)  =   -114469.9646
 EKCMT  =     10036.3924  VIRIAL  =     10565.6609  VOLUME     =    379025.4310
                                                    Density    =         1.0241
 ------------------------------------------------------------------------------

wrapping first mol.:       26.33013       37.23642       64.49537
wrapping first mol.:       26.33013       37.23642       64.49537

 NSTEP =    35000   TIME(PS) =    1910.000  TEMP(K) =   300.23  PRESS =   -91.7
 Etot   =    -90598.6994  EKtot   =     23426.5059  EPtot      =   -114025.2052
 BOND   =       831.2322  ANGLE   =      2276.0199  DIHED      =      3495.3588
 1-4 NB =      1050.0962  1-4 EEL =     12313.5508  VDWAALS    =     12973.8811
 EELEC  =   -147088.4958  EHBOND  =         0.0000  RESTRAINT  =       123.1518
 EAMBER (non-restraint)  =   -114148.3570
 EKCMT  =     10075.0410  VIRIAL  =     10825.8730  VOLUME     =    379405.9565
                                                    Density    =         1.0231
 ------------------------------------------------------------------------------

wrapping first mol.:       26.33964       37.24987       64.51867
wrapping first mol.:       26.33964       37.24987       64.51867

 NSTEP =    35500   TIME(PS) =    1911.000  TEMP(K) =   301.14  PRESS =   -65.1
 Etot   =    -90720.2209  EKtot   =     23497.5586  EPtot      =   -114217.7795
 BOND   =       847.7173  ANGLE   =      2321.8444  DIHED      =      3476.4081
 1-4 NB =      1018.8282  1-4 EEL =     12322.7172  VDWAALS    =     13029.9265
 EELEC  =   -147359.9823  EHBOND  =         0.0000  RESTRAINT  =       124.7610
 EAMBER (non-restraint)  =   -114342.5406
 EKCMT  =     10104.8644  VIRIAL  =     10638.7381  VOLUME     =    379816.3695
                                                    Density    =         1.0220
 ------------------------------------------------------------------------------

wrapping first mol.:       26.33774       37.24719       64.51402
wrapping first mol.:       26.33774       37.24719       64.51402

 NSTEP =    36000   TIME(PS) =    1912.000  TEMP(K) =   300.70  PRESS =   -68.9
 Etot   =    -90766.6570  EKtot   =     23462.6582  EPtot      =   -114229.3152
 BOND   =       825.9625  ANGLE   =      2279.3134  DIHED      =      3486.0298
 1-4 NB =      1040.4657  1-4 EEL =     12317.7285  VDWAALS    =     13005.2802
 EELEC  =   -147307.6480  EHBOND  =         0.0000  RESTRAINT  =       123.5528
 EAMBER (non-restraint)  =   -114352.8680
 EKCMT  =     10012.7276  VIRIAL  =     10577.2689  VOLUME     =    379734.4373
                                                    Density    =         1.0222
 ------------------------------------------------------------------------------

wrapping first mol.:       26.33381       37.24164       64.50440
wrapping first mol.:       26.33381       37.24164       64.50440

 NSTEP =    36500   TIME(PS) =    1913.000  TEMP(K) =   297.63  PRESS =   157.4
 Etot   =    -90837.8884  EKtot   =     23223.8086  EPtot      =   -114061.6970
 BOND   =       866.2512  ANGLE   =      2352.9117  DIHED      =      3455.8667
 1-4 NB =      1035.3822  1-4 EEL =     12315.2300  VDWAALS    =     13308.4400
 EELEC  =   -147516.3161  EHBOND  =         0.0000  RESTRAINT  =       120.5373
 EAMBER (non-restraint)  =   -114182.2343
 EKCMT  =      9967.0251  VIRIAL  =      8677.2314  VOLUME     =    379556.9087
                                                    Density    =         1.0227
 ------------------------------------------------------------------------------

wrapping first mol.:       26.33220       37.23935       64.50044
wrapping first mol.:       26.33220       37.23935       64.50044

 NSTEP =    37000   TIME(PS) =    1914.000  TEMP(K) =   301.06  PRESS =    76.3
 Etot   =    -90541.8551  EKtot   =     23490.9531  EPtot      =   -114032.8082
 BOND   =       829.3103  ANGLE   =      2332.1946  DIHED      =      3495.2212
 1-4 NB =      1040.8827  1-4 EEL =     12315.4315  VDWAALS    =     13314.1649
 EELEC  =   -147483.1045  EHBOND  =         0.0000  RESTRAINT  =       123.0912
 EAMBER (non-restraint)  =   -114155.8994
 EKCMT  =     10017.8826  VIRIAL  =      9393.0530  VOLUME     =    379489.8198
                                                    Density    =         1.0229
 ------------------------------------------------------------------------------

wrapping first mol.:       26.34961       37.26397       64.54308
wrapping first mol.:       26.34961       37.26397       64.54308

 NSTEP =    37500   TIME(PS) =    1915.000  TEMP(K) =   298.62  PRESS =   238.4
 Etot   =    -90706.8082  EKtot   =     23300.3887  EPtot      =   -114007.1968
 BOND   =       846.9275  ANGLE   =      2327.5403  DIHED      =      3505.4518
 1-4 NB =      1027.9066  1-4 EEL =     12275.3991  VDWAALS    =     13325.6084
 EELEC  =   -147439.6302  EHBOND  =         0.0000  RESTRAINT  =       123.5996
 EAMBER (non-restraint)  =   -114130.7964
 EKCMT  =     10070.0817  VIRIAL  =      8112.8964  VOLUME     =    380237.4140
                                                    Density    =         1.0209
 ------------------------------------------------------------------------------

wrapping first mol.:       26.35635       37.27351       64.55961
wrapping first mol.:       26.35635       37.27351       64.55961

 NSTEP =    38000   TIME(PS) =    1916.000  TEMP(K) =   298.91  PRESS =    77.7
 Etot   =    -90811.4297  EKtot   =     23323.3027  EPtot      =   -114134.7325
 BOND   =       817.9031  ANGLE   =      2286.9243  DIHED      =      3511.6793
 1-4 NB =      1050.4124  1-4 EEL =     12372.6314  VDWAALS    =     13390.7542
 EELEC  =   -147684.3352  EHBOND  =         0.0000  RESTRAINT  =       119.2980
 EAMBER (non-restraint)  =   -114254.0305
 EKCMT  =      9866.2830  VIRIAL  =      9228.1595  VOLUME     =    380534.9982
                                                    Density    =         1.0201
 ------------------------------------------------------------------------------

wrapping first mol.:       26.35786       37.27564       64.56329
wrapping first mol.:       26.35786       37.27564       64.56329

 NSTEP =    38500   TIME(PS) =    1917.000  TEMP(K) =   298.29  PRESS =    77.1
 Etot   =    -90854.9897  EKtot   =     23274.8711  EPtot      =   -114129.8608
 BOND   =       840.2560  ANGLE   =      2343.0887  DIHED      =      3480.3984
 1-4 NB =      1033.1836  1-4 EEL =     12323.3936  VDWAALS    =     13335.5252
 EELEC  =   -147600.8974  EHBOND  =         0.0000  RESTRAINT  =       115.1912
 EAMBER (non-restraint)  =   -114245.0520
 EKCMT  =     10014.4521  VIRIAL  =      9380.5647  VOLUME     =    380600.2212
                                                    Density    =         1.0199
 ------------------------------------------------------------------------------

wrapping first mol.:       26.35678       37.27412       64.56066
wrapping first mol.:       26.35678       37.27412       64.56066

 NSTEP =    39000   TIME(PS) =    1918.000  TEMP(K) =   301.09  PRESS =   -78.1
 Etot   =    -90567.8825  EKtot   =     23493.6465  EPtot      =   -114061.5290
 BOND   =       817.8564  ANGLE   =      2374.4996  DIHED      =      3485.5694
 1-4 NB =      1040.6084  1-4 EEL =     12338.7906  VDWAALS    =     13073.3759
 EELEC  =   -147323.8813  EHBOND  =         0.0000  RESTRAINT  =       131.6520
 EAMBER (non-restraint)  =   -114193.1810
 EKCMT  =     10109.3299  VIRIAL  =     10751.0362  VOLUME     =    380558.8650
                                                    Density    =         1.0200
 ------------------------------------------------------------------------------

wrapping first mol.:       26.34702       37.26032       64.53676
wrapping first mol.:       26.34702       37.26032       64.53676

 NSTEP =    39500   TIME(PS) =    1919.000  TEMP(K) =   299.42  PRESS =   153.9
 Etot   =    -90426.3491  EKtot   =     23363.4473  EPtot      =   -113789.7964
 BOND   =       851.7537  ANGLE   =      2351.6593  DIHED      =      3490.2358
 1-4 NB =      1032.0439  1-4 EEL =     12329.8154  VDWAALS    =     13083.7552
 EELEC  =   -147058.8290  EHBOND  =         0.0000  RESTRAINT  =       129.7693
 EAMBER (non-restraint)  =   -113919.5657
 EKCMT  =     10039.6936  VIRIAL  =      8776.8586  VOLUME     =    380128.5345
                                                    Density    =         1.0211
 ------------------------------------------------------------------------------

wrapping first mol.:       26.33525       37.24366       64.50791
wrapping first mol.:       26.33525       37.24366       64.50791

 NSTEP =    40000   TIME(PS) =    1920.000  TEMP(K) =   298.44  PRESS =   137.3
 Etot   =    -90543.9191  EKtot   =     23286.4980  EPtot      =   -113830.4171
 BOND   =       857.3319  ANGLE   =      2339.0701  DIHED      =      3504.9189
 1-4 NB =      1046.7801  1-4 EEL =     12345.7949  VDWAALS    =     13253.8667
 EELEC  =   -147298.7352  EHBOND  =         0.0000  RESTRAINT  =       120.5554
 EAMBER (non-restraint)  =   -113950.9726
 EKCMT  =     10062.4674  VIRIAL  =      8937.1196  VOLUME     =    379619.5600
                                                    Density    =         1.0225
 ------------------------------------------------------------------------------

wrapping first mol.:       26.34663       37.25976       64.53579
wrapping first mol.:       26.34663       37.25976       64.53579

 NSTEP =    40500   TIME(PS) =    1921.000  TEMP(K) =   299.96  PRESS =   266.2
 Etot   =    -90755.9500  EKtot   =     23405.6035  EPtot      =   -114161.5535
 BOND   =       834.1212  ANGLE   =      2324.9904  DIHED      =      3496.9893
 1-4 NB =      1041.7149  1-4 EEL =     12325.0576  VDWAALS    =     13385.0590
 EELEC  =   -147692.7538  EHBOND  =         0.0000  RESTRAINT  =       123.2679
 EAMBER (non-restraint)  =   -114284.8214
 EKCMT  =     10062.4937  VIRIAL  =      7878.0491  VOLUME     =    380107.5560
                                                    Density    =         1.0212
 ------------------------------------------------------------------------------

wrapping first mol.:       26.33619       37.24499       64.51021
wrapping first mol.:       26.33619       37.24499       64.51021

 NSTEP =    41000   TIME(PS) =    1922.000  TEMP(K) =   298.16  PRESS =   144.6
 Etot   =    -90696.3331  EKtot   =     23265.0137  EPtot      =   -113961.3468
 BOND   =       845.2491  ANGLE   =      2319.9021  DIHED      =      3498.9940
 1-4 NB =      1033.9910  1-4 EEL =     12330.1053  VDWAALS    =     13084.2041
 EELEC  =   -147197.0383  EHBOND  =         0.0000  RESTRAINT  =       123.2460
 EAMBER (non-restraint)  =   -114084.5928
 EKCMT  =      9970.0210  VIRIAL  =      8784.8074  VOLUME     =    379659.9665
                                                    Density    =         1.0224
 ------------------------------------------------------------------------------

wrapping first mol.:       26.35208       37.26747       64.54915
wrapping first mol.:       26.35208       37.26747       64.54915

 NSTEP =    41500   TIME(PS) =    1923.000  TEMP(K) =   297.70  PRESS =     0.7
 Etot   =    -91207.0492  EKtot   =     23228.8008  EPtot      =   -114435.8500
 BOND   =       813.0994  ANGLE   =      2278.2143  DIHED      =      3523.5791
 1-4 NB =      1024.1710  1-4 EEL =     12298.7102  VDWAALS    =     13375.1436
 EELEC  =   -147879.9811  EHBOND  =         0.0000  RESTRAINT  =       131.2136
 EAMBER (non-restraint)  =   -114567.0636
 EKCMT  =      9946.2146  VIRIAL  =      9940.5693  VOLUME     =    380352.8155
                                                    Density    =         1.0205
 ------------------------------------------------------------------------------

wrapping first mol.:       26.34275       37.25428       64.52629
wrapping first mol.:       26.34275       37.25428       64.52629

 NSTEP =    42000   TIME(PS) =    1924.000  TEMP(K) =   302.20  PRESS =   -60.9
 Etot   =    -90473.3581  EKtot   =     23580.2852  EPtot      =   -114053.6432
 BOND   =       836.3284  ANGLE   =      2327.9446  DIHED      =      3508.6589
 1-4 NB =      1040.0539  1-4 EEL =     12317.4460  VDWAALS    =     13014.5659
 EELEC  =   -147223.4845  EHBOND  =         0.0000  RESTRAINT  =       124.8435
 EAMBER (non-restraint)  =   -114178.4867
 EKCMT  =     10284.2404  VIRIAL  =     10783.9573  VOLUME     =    379950.9134
                                                    Density    =         1.0216
 ------------------------------------------------------------------------------

wrapping first mol.:       26.32879       37.23453       64.49209
wrapping first mol.:       26.32879       37.23453       64.49209

 NSTEP =    42500   TIME(PS) =    1925.000  TEMP(K) =   297.39  PRESS =   -47.8
 Etot   =    -90818.3889  EKtot   =     23205.0898  EPtot      =   -114023.4787
 BOND   =       871.9717  ANGLE   =      2329.2529  DIHED      =      3528.3805
 1-4 NB =      1033.2764  1-4 EEL =     12306.1695  VDWAALS    =     13035.3542
 EELEC  =   -147258.7167  EHBOND  =         0.0000  RESTRAINT  =       130.8327
 EAMBER (non-restraint)  =   -114154.3114
 EKCMT  =      9877.2247  VIRIAL  =     10268.3336  VOLUME     =    379346.6195
                                                    Density    =         1.0233
 ------------------------------------------------------------------------------

wrapping first mol.:       26.34088       37.25163       64.52172
wrapping first mol.:       26.34088       37.25163       64.52172

 NSTEP =    43000   TIME(PS) =    1926.000  TEMP(K) =   301.19  PRESS =    11.2
 Etot   =    -90764.2690  EKtot   =     23501.2051  EPtot      =   -114265.4740
 BOND   =       863.5427  ANGLE   =      2290.6365  DIHED      =      3499.5569
 1-4 NB =      1044.3952  1-4 EEL =     12333.9394  VDWAALS    =     13276.2217
 EELEC  =   -147700.9120  EHBOND  =         0.0000  RESTRAINT  =       127.1456
 EAMBER (non-restraint)  =   -114392.6197
 EKCMT  =     10147.7062  VIRIAL  =     10055.9782  VOLUME     =    379867.6909
                                                    Density    =         1.0218
 ------------------------------------------------------------------------------

wrapping first mol.:       26.32589       37.23043       64.48500
wrapping first mol.:       26.32589       37.23043       64.48500

 NSTEP =    43500   TIME(PS) =    1927.000  TEMP(K) =   301.79  PRESS =  -200.7
 Etot   =    -90675.1132  EKtot   =     23548.4121  EPtot      =   -114223.5254
 BOND   =       831.7264  ANGLE   =      2300.3104  DIHED      =      3461.1267
 1-4 NB =      1020.0301  1-4 EEL =     12298.6534  VDWAALS    =     13036.2511
 EELEC  =   -147319.3979  EHBOND  =         0.0000  RESTRAINT  =       147.7745
 EAMBER (non-restraint)  =   -114371.2999
 EKCMT  =      9999.3382  VIRIAL  =     11642.7426  VOLUME     =    379226.6365
                                                    Density    =         1.0236
 ------------------------------------------------------------------------------

wrapping first mol.:       26.31389       37.21346       64.45560
wrapping first mol.:       26.31389       37.21346       64.45560

 NSTEP =    44000   TIME(PS) =    1928.000  TEMP(K) =   300.56  PRESS =   -17.9
 Etot   =    -90882.1796  EKtot   =     23452.4004  EPtot      =   -114334.5800
 BOND   =       852.4112  ANGLE   =      2255.0603  DIHED      =      3468.8688
 1-4 NB =      1050.5313  1-4 EEL =     12353.9384  VDWAALS    =     13129.9296
 EELEC  =   -147563.0765  EHBOND  =         0.0000  RESTRAINT  =       117.7570
 EAMBER (non-restraint)  =   -114452.3369
 EKCMT  =     10038.0639  VIRIAL  =     10184.7500  VOLUME     =    378702.0476
                                                    Density    =         1.0250
 ------------------------------------------------------------------------------

wrapping first mol.:       26.32307       37.22644       64.47808
wrapping first mol.:       26.32307       37.22644       64.47808

 NSTEP =    44500   TIME(PS) =    1929.000  TEMP(K) =   297.09  PRESS =   217.9
 Etot   =    -90909.9053  EKtot   =     23181.3301  EPtot      =   -114091.2354
 BOND   =       864.3870  ANGLE   =      2297.5645  DIHED      =      3523.4510
 1-4 NB =      1012.1137  1-4 EEL =     12332.4964  VDWAALS    =     13352.7926
 EELEC  =   -147602.2493  EHBOND  =         0.0000  RESTRAINT  =       128.2088
 EAMBER (non-restraint)  =   -114219.4442
 EKCMT  =      9977.0037  VIRIAL  =      8193.2807  VOLUME     =    379090.5049
                                                    Density    =         1.0239
 ------------------------------------------------------------------------------

wrapping first mol.:       26.33098       37.23763       64.49747
wrapping first mol.:       26.33098       37.23763       64.49747

 NSTEP =    45000   TIME(PS) =    1930.000  TEMP(K) =   298.37  PRESS =  -246.1
 Etot   =    -90896.5172  EKtot   =     23281.4805  EPtot      =   -114177.9976
 BOND   =       850.9410  ANGLE   =      2388.8070  DIHED      =      3505.7299
 1-4 NB =      1027.9564  1-4 EEL =     12347.3850  VDWAALS    =     13108.9886
 EELEC  =   -147528.0401  EHBOND  =         0.0000  RESTRAINT  =       120.2347
 EAMBER (non-restraint)  =   -114298.2323
 EKCMT  =     10036.4351  VIRIAL  =     12052.4642  VOLUME     =    379448.2384
                                                    Density    =         1.0230
 ------------------------------------------------------------------------------

wrapping first mol.:       26.32515       37.22938       64.48317
wrapping first mol.:       26.32515       37.22938       64.48317

 NSTEP =    45500   TIME(PS) =    1931.000  TEMP(K) =   299.97  PRESS =  -154.8
 Etot   =    -90754.1873  EKtot   =     23406.4160  EPtot      =   -114160.6033
 BOND   =       842.0351  ANGLE   =      2344.5269  DIHED      =      3526.0753
 1-4 NB =      1030.0936  1-4 EEL =     12385.7502  VDWAALS    =     13135.7482
 EELEC  =   -147551.5946  EHBOND  =         0.0000  RESTRAINT  =       126.7619
 EAMBER (non-restraint)  =   -114287.3652
 EKCMT  =     10020.1628  VIRIAL  =     11287.4031  VOLUME     =    379192.8242
                                                    Density    =         1.0237
 ------------------------------------------------------------------------------

wrapping first mol.:       26.33522       37.24363       64.50786
wrapping first mol.:       26.33522       37.24363       64.50786

 NSTEP =    46000   TIME(PS) =    1932.000  TEMP(K) =   299.97  PRESS =    49.2
 Etot   =    -90526.0241  EKtot   =     23406.0898  EPtot      =   -113932.1139
 BOND   =       822.5610  ANGLE   =      2322.6087  DIHED      =      3513.2243
 1-4 NB =      1026.1259  1-4 EEL =     12303.7305  VDWAALS    =     13561.9329
 EELEC  =   -147621.9622  EHBOND  =         0.0000  RESTRAINT  =       139.6650
 EAMBER (non-restraint)  =   -114071.7790
 EKCMT  =      9982.4296  VIRIAL  =      9579.3754  VOLUME     =    379621.5895
                                                    Density    =         1.0225
 ------------------------------------------------------------------------------

wrapping first mol.:       26.34217       37.25346       64.52488
wrapping first mol.:       26.34217       37.25346       64.52488

 NSTEP =    46500   TIME(PS) =    1933.000  TEMP(K) =   298.65  PRESS =    39.7
 Etot   =    -90776.6013  EKtot   =     23303.2168  EPtot      =   -114079.8181
 BOND   =       871.7748  ANGLE   =      2338.7228  DIHED      =      3526.4652
 1-4 NB =      1023.9525  1-4 EEL =     12271.0212  VDWAALS    =     13346.3082
 EELEC  =   -147590.3956  EHBOND  =         0.0000  RESTRAINT  =       132.3329
 EAMBER (non-restraint)  =   -114212.1510
 EKCMT  =      9986.5992  VIRIAL  =      9660.8781  VOLUME     =    379922.5160
                                                    Density    =         1.0217
 ------------------------------------------------------------------------------

wrapping first mol.:       26.35105       37.26602       64.54663
wrapping first mol.:       26.35105       37.26602       64.54663

 NSTEP =    47000   TIME(PS) =    1934.000  TEMP(K) =   297.87  PRESS =   137.8
 Etot   =    -90840.5694  EKtot   =     23241.8789  EPtot      =   -114082.4483
 BOND   =       824.2259  ANGLE   =      2308.1823  DIHED      =      3503.8521
 1-4 NB =      1046.9551  1-4 EEL =     12283.2158  VDWAALS    =     13170.1142
 EELEC  =   -147335.9401  EHBOND  =         0.0000  RESTRAINT  =       116.9465
 EAMBER (non-restraint)  =   -114199.3948
 EKCMT  =     10007.7741  VIRIAL  =      8875.9141  VOLUME     =    380303.5054
                                                    Density    =         1.0207
 ------------------------------------------------------------------------------

wrapping first mol.:       26.36086       37.27988       64.57064
wrapping first mol.:       26.36086       37.27988       64.57064

 NSTEP =    47500   TIME(PS) =    1935.000  TEMP(K) =   299.83  PRESS =   301.5
 Etot   =    -90349.6368  EKtot   =     23395.3320  EPtot      =   -113744.9688
 BOND   =       797.5855  ANGLE   =      2351.3293  DIHED      =      3527.5743
 1-4 NB =      1048.4721  1-4 EEL =     12297.5794  VDWAALS    =     13297.7664
 EELEC  =   -147187.7436  EHBOND  =         0.0000  RESTRAINT  =       122.4678
 EAMBER (non-restraint)  =   -113867.4367
 EKCMT  =     10120.6094  VIRIAL  =      7642.4819  VOLUME     =    380722.5646
                                                    Density    =         1.0196
 ------------------------------------------------------------------------------

wrapping first mol.:       26.35380       37.26991       64.55336
wrapping first mol.:       26.35380       37.26991       64.55336

 NSTEP =    48000   TIME(PS) =    1936.000  TEMP(K) =   300.38  PRESS =   125.6
 Etot   =    -90628.1855  EKtot   =     23438.3379  EPtot      =   -114066.5234
 BOND   =       818.3531  ANGLE   =      2348.3862  DIHED      =      3536.4481
 1-4 NB =      1040.1966  1-4 EEL =     12292.0499  VDWAALS    =     13275.4774
 EELEC  =   -147506.8884  EHBOND  =         0.0000  RESTRAINT  =       129.4538
 EAMBER (non-restraint)  =   -114195.9772
 EKCMT  =     10029.6599  VIRIAL  =      8997.8305  VOLUME     =    380423.0015
                                                    Density    =         1.0204
 ------------------------------------------------------------------------------

wrapping first mol.:       26.34895       37.26304       64.54147
wrapping first mol.:       26.34895       37.26304       64.54147

 NSTEP =    48500   TIME(PS) =    1937.000  TEMP(K) =   300.02  PRESS =  -143.5
 Etot   =    -90725.6817  EKtot   =     23409.6211  EPtot      =   -114135.3028
 BOND   =       840.4249  ANGLE   =      2342.8631  DIHED      =      3529.9464
 1-4 NB =      1041.9109  1-4 EEL =     12383.8687  VDWAALS    =     13222.0822
 EELEC  =   -147636.1562  EHBOND  =         0.0000  RESTRAINT  =       139.7572
 EAMBER (non-restraint)  =   -114275.0600
 EKCMT  =     10072.4054  VIRIAL  =     11250.3932  VOLUME     =    380221.8847
                                                    Density    =         1.0209
 ------------------------------------------------------------------------------

wrapping first mol.:       26.34841       37.26227       64.54015
wrapping first mol.:       26.34841       37.26227       64.54015

 NSTEP =    49000   TIME(PS) =    1938.000  TEMP(K) =   300.19  PRESS =   -67.2
 Etot   =    -90481.7697  EKtot   =     23423.1719  EPtot      =   -113904.9416
 BOND   =       839.1205  ANGLE   =      2314.2584  DIHED      =      3489.7841
 1-4 NB =      1019.2939  1-4 EEL =     12327.1627  VDWAALS    =     13214.4086
 EELEC  =   -147218.7125  EHBOND  =         0.0000  RESTRAINT  =       109.7427
 EAMBER (non-restraint)  =   -114014.6843
 EKCMT  =      9992.4019  VIRIAL  =     10543.8268  VOLUME     =    380195.8908
                                                    Density    =         1.0210
 ------------------------------------------------------------------------------

wrapping first mol.:       26.34528       37.25785       64.53248
wrapping first mol.:       26.34528       37.25785       64.53248

 NSTEP =    49500   TIME(PS) =    1939.000  TEMP(K) =   300.31  PRESS =   -27.8
 Etot   =    -90928.6302  EKtot   =     23433.0000  EPtot      =   -114361.6302
 BOND   =       846.9524  ANGLE   =      2348.1767  DIHED      =      3476.8669
 1-4 NB =      1043.7107  1-4 EEL =     12335.1444  VDWAALS    =     13165.4949
 EELEC  =   -147694.9775  EHBOND  =         0.0000  RESTRAINT  =       117.0012
 EAMBER (non-restraint)  =   -114478.6314
 EKCMT  =     10062.0948  VIRIAL  =     10290.2637  VOLUME     =    380059.1223
                                                    Density    =         1.0213
 ------------------------------------------------------------------------------

wrapping first mol.:       26.34480       37.25717       64.53130
wrapping first mol.:       26.34480       37.25717       64.53130

 NSTEP =    50000   TIME(PS) =    1940.000  TEMP(K) =   299.79  PRESS =   -72.1
 Etot   =    -90817.4136  EKtot   =     23392.2695  EPtot      =   -114209.6831
 BOND   =       816.2370  ANGLE   =      2329.2294  DIHED      =      3495.6138
 1-4 NB =      1039.3377  1-4 EEL =     12298.4957  VDWAALS    =     13294.5151
 EELEC  =   -147610.1510  EHBOND  =         0.0000  RESTRAINT  =       127.0392
 EAMBER (non-restraint)  =   -114336.7223
 EKCMT  =     10178.2369  VIRIAL  =     10769.8879  VOLUME     =    380039.7886
                                                    Density    =         1.0214
 ------------------------------------------------------------------------------


      A V E R A G E S   O V E R     100 S T E P S


 NSTEP =    50000   TIME(PS) =    1940.000  TEMP(K) =   299.98  PRESS =     3.5
 Etot   =    -90675.0048  EKtot   =     23406.7713  EPtot      =   -114081.7760
 BOND   =       846.9883  ANGLE   =      2332.9855  DIHED      =      3500.6763
 1-4 NB =      1037.3361  1-4 EEL =     12316.9221  VDWAALS    =     13212.0115
 EELEC  =   -147453.8424  EHBOND  =         0.0000  RESTRAINT  =       125.1465
 EAMBER (non-restraint)  =   -114206.9225
 EKCMT  =     10047.1131  VIRIAL  =     10018.1034  VOLUME     =    379825.2898
                                                    Density    =         1.0220
 ------------------------------------------------------------------------------


      R M S  F L U C T U A T I O N S


 NSTEP =    50000   TIME(PS) =    1940.000  TEMP(K) =     1.57  PRESS =   114.7
 Etot   =       216.7936  EKtot   =       122.5763  EPtot      =       180.2669
 BOND   =        24.2438  ANGLE   =        36.4808  DIHED      =        17.8059
 1-4 NB =        12.4882  1-4 EEL =        30.8873  VDWAALS    =       139.4171
 EELEC  =       239.4303  EHBOND  =         0.0000  RESTRAINT  =         6.9823
 EAMBER (non-restraint)  =       173.2846
 EKCMT  =        77.3491  VIRIAL  =       948.5219  VOLUME     =       630.5731
                                                    Density    =         0.0017
 ------------------------------------------------------------------------------

--------------------------------------------------------------------------------
   5.  TIMINGS
--------------------------------------------------------------------------------

|  NonSetup CPU Time in Major Routines:
|
|     Routine           Sec        %
|     ------------------------------
|     Nonbond         213.46   88.62
|     Bond              0.00    0.00
|     Angle             0.00    0.00
|     Dihedral          0.00    0.00
|     Shake             0.30    0.13
|     RunMD            27.05   11.23
|     Other             0.05    0.02
|     ------------------------------
|     Total           240.86

|  PME Nonbond Pairlist CPU Time:
|
|     Routine              Sec        %
|     ---------------------------------
|     Set Up Cit           0.00    0.00
|     Build List           0.00    0.00
|     ---------------------------------
|     Total                0.00    0.00

|  PME Direct Force CPU Time:
|
|     Routine              Sec        %
|     ---------------------------------
|     NonBonded Calc       0.00    0.00
|     Exclude Masked       0.00    0.00
|     Other                0.03    0.01
|     ---------------------------------
|     Total                0.03    0.01

|  PME Reciprocal Force CPU Time:
|
|     Routine              Sec        %
|     ---------------------------------
|     1D bspline           0.00    0.00
|     Grid Charges         0.00    0.00
|     Scalar Sum           0.00    0.00
|     Gradient Sum         0.00    0.00
|     FFT                  0.00    0.00
|     ---------------------------------
|     Total                0.00    0.00

|  Final Performance Info:
|     -----------------------------------------------------
|     Average timings for last    5500 steps:
|     Elapsed(s) =      26.44 Per Step(ms) =       4.81
|         ns/day =      35.95   seconds/ns =    2403.63
|
|     Average timings for all steps:
|     Elapsed(s) =     281.45 Per Step(ms) =       5.63
|         ns/day =      30.70   seconds/ns =    2814.46
|     -----------------------------------------------------

|  Setup CPU time:            0.58 seconds
|  NonSetup CPU time:       240.86 seconds
|  Total CPU time:          241.43 seconds     0.07 hours

|  Setup wall time:           1    seconds
|  NonSetup wall time:      281    seconds
|  Total wall time:         282    seconds     0.08 hours
