
          -------------------------------------------------------
          Amber 16 PMEMD                              2016
          -------------------------------------------------------

| PMEMD implementation of SANDER, Release 16

| Run on 11/03/2016 at 19:39:22

|   Executable path: pmemd.cuda
| Working directory: /home/german/exs/run/1xkk/mhe/e
|          Hostname: Unknown
  [-O]verwriting output

File Assignments:
|   MDIN: 28equ.in                                                              
|  MDOUT: 28equ.out                                                             
| INPCRD: 27e1xkk.rst7                                                          
|   PARM: 1xkk.prmtop                                                           
| RESTRT: 28e1xkk.rst7                                                          
|   REFC: 27e1xkk.rst7                                                          
|  MDVEL: mdvel                                                                 
|   MDEN: mden                                                                  
|  MDCRD: 28e1xkk.nc                                                            
| MDINFO: mdinfo                                                                
|  MDFRC: mdfrc                                                                 


 Here is the input file:

Equilibration with solute restrictions                                         
&cntrl                                                                         
imin = 0,                           ! No Minimization                          
nmropt = 0,                         ! No NMR restraints read                   
                                                                               
! Nature and format of the input                                               
ntx = 5,                            ! Coordinates but no velocities will be rea
irest = 1,                          ! Do not run a new simulation              
                                                                               
! Nature and format of the output                                              
ntxo = 1,                           ! rstrt file in ASCII format               
ntpr = 500,                         ! inf in output every ntpr steps           
ntwr = 500,                         ! rstrt file every ntwr steps              
ntwx = 500,                         ! mdcrd file every ntwx steps              
ntwv = 0,                           ! mdvel without velocities                 
ntwe = 0,                           ! Energies and temperatures not written in 
idecomp = 0,                        ! No energy decomposition                  
iwrap = 1,                          ! Coordinates of the restart and mdcrd file
                                                                               
! Frozen or restrained atoms                                                   
ibelly = 0,                         ! No frozen atoms                          
ntr=1,                              ! Harmonic potential restraints            
restraint_wt = 0.0,                ! The weight for the positional restraints  
restraintmask = ':1-277@N,CA,C,O',  ! restrained residues                      
                                                                               
! Molecular dynamics                                                           
nstlim = 50000,                     ! Number of MD-steps                       
dt = 0.002,                         ! Time step                                
                                                                               
! Temperature regulation                                                       
ntt = 3,                            ! Langevin thermostat                      
gamma_ln = 5,                       ! Gamma constant for Langevin              
!temp0 = 300.0,                     ! Reference T at which the system is to be 
tempi = 300.0,                      ! Initial T                                
ig = -1,                            ! Seed for the RNG                         
                                                                               
! P and V regulation                                                           
ntp = 1,                            ! Constant P. Isotropic scaling            
barostat = 1,                       ! Berendsen barostat                       
taup = 1,                           ! Pressure relaxation time                 
nrespa = 1,                         ! Evaluate at each step                    
ntb = 2,                            ! Periodic box for constant P              
                                                                               
! SHAKE variables                                                              
ntc = 2,                            ! Bonds involving H are constrained        
ntf = 2,                            ! Bond interaction involving H are ommited.
                                                                               
cut = 10.0,                         ! Nonbonded cutoff                         
/                                                                              
&end                                                                           


Note: ig = -1. Setting random seed to   599489 based on wallclock time in 
      microseconds.
 
|--------------------- INFORMATION ----------------------
| GPU (CUDA) Version of PMEMD in use: NVIDIA GPU IN USE.
|                    Version 16.0.0
| 
|                      02/25/2016
| 
| Implementation by:
|                    Ross C. Walker     (SDSC)
|                    Scott Le Grand     (nVIDIA)
| 
| Precision model in use:
|      [SPFP] - Single Precision Forces, 64-bit Fixed Point
|               Accumulation. (Default)
| 
|--------------------------------------------------------
 
|----------------- CITATION INFORMATION -----------------
|
|    When publishing work that utilized the CUDA version
|    of AMBER, please cite the following in addition to
|    the regular AMBER citations:
|
|  - Romelia Salomon-Ferrer; Andreas W. Goetz; Duncan
|    Poole; Scott Le Grand; Ross C. Walker "Routine
|    microsecond molecular dynamics simulations with
|    AMBER - Part II: Particle Mesh Ewald", J. Chem.
|    Theory Comput., 2013, 9 (9), pp3878-3888,
|    DOI: 10.1021/ct400314y.
|
|  - Andreas W. Goetz; Mark J. Williamson; Dong Xu;
|    Duncan Poole; Scott Le Grand; Ross C. Walker
|    "Routine microsecond molecular dynamics simulations
|    with AMBER - Part I: Generalized Born", J. Chem.
|    Theory Comput., 2012, 8 (5), pp1542-1555.
|
|  - Scott Le Grand; Andreas W. Goetz; Ross C. Walker
|    "SPFP: Speed without compromise - a mixed precision
|    model for GPU accelerated molecular dynamics
|    simulations.", Comp. Phys. Comm., 2013, 184
|    pp374-380, DOI: 10.1016/j.cpc.2012.09.022
|
|--------------------------------------------------------
 
|------------------- GPU DEVICE INFO --------------------
|
|            CUDA_VISIBLE_DEVICES: 0
|   CUDA Capable Devices Detected:      1
|           CUDA Device ID in use:      0
|                CUDA Device Name: GeForce GTX 1060 6GB
|     CUDA Device Global Mem Size:   6072 MB
| CUDA Device Num Multiprocessors:     10
|           CUDA Device Core Freq:   1.76 GHz
|
|--------------------------------------------------------
 
 
| Conditional Compilation Defines Used:
| PUBFFT
| BINTRAJ
| CUDA
| EMIL

| Largest sphere to fit in unit cell has radius =    32.280

| New format PARM file being parsed.
| Version =    1.000 Date = 11/02/16 Time = 18:58:26

| Note: 1-4 EEL scale factors are being read from the topology file.

| Note: 1-4 VDW scale factors are being read from the topology file.
| Duplicated    0 dihedrals

| Duplicated    0 dihedrals

--------------------------------------------------------------------------------
   1.  RESOURCE   USE: 
--------------------------------------------------------------------------------

 getting new box info from bottom of inpcrd
 NATOM  =   38152 NTYPES =      17 NBONH =   35925 MBONA  =    2274
 NTHETH =    5230 MTHETA =    3076 NPHIH =   10294 MPHIA  =    9770
 NHPARM =       0 NPARM  =       0 NNB   =   69910 NRES   =   11492
 NBONA  =    2274 NTHETA =    3076 NPHIA =    9770 NUMBND =      71
 NUMANG =     161 NPTRA  =     201 NATYP =      37 NPHB   =       1
 IFBOX  =       2 NMXRS  =      24 IFCAP =       0 NEXTRA =       0
 NCOPY  =       0

| Coordinate Index Table dimensions:    12   12   12
| Direct force subcell size =     6.5891    6.5891    6.5891

     BOX TYPE: TRUNCATED OCTAHEDRON

--------------------------------------------------------------------------------
   2.  CONTROL  DATA  FOR  THE  RUN
--------------------------------------------------------------------------------

default_name                                                                    

General flags:
     imin    =       0, nmropt  =       0

Nature and format of input:
     ntx     =       5, irest   =       1, ntrx    =       1

Nature and format of output:
     ntxo    =       1, ntpr    =     500, ntrx    =       1, ntwr    =     500
     iwrap   =       1, ntwx    =     500, ntwv    =       0, ntwe    =       0
     ioutfm  =       1, ntwprt  =       0, idecomp =       0, rbornstat=      0

Potential function:
     ntf     =       2, ntb     =       2, igb     =       0, nsnb    =      25
     ipol    =       0, gbsa    =       0, iesp    =       0
     dielc   =   1.00000, cut     =  10.00000, intdiel =   1.00000

Frozen or restrained atoms:
     ibelly  =       0, ntr     =       1
     restraint_wt =   0.00000

Molecular dynamics:
     nstlim  =     50000, nscm    =         0, nrespa  =         1
     t       =   0.00000, dt      =   0.00200, vlimit  =  -1.00000

Langevin dynamics temperature regulation:
     ig      =  599489
     temp0   = 300.00000, tempi   = 300.00000, gamma_ln=   5.00000

Pressure regulation:
     ntp     =       1
     pres0   =   1.00000, comp    =  44.60000, taup    =   1.00000

SHAKE:
     ntc     =       2, jfastw  =       0
     tol     =   0.00001

| Intermolecular bonds treatment:
|     no_intermolecular_bonds =       1

| Energy averages sample interval:
|     ene_avg_sampling =     500

Ewald parameters:
     verbose =       0, ew_type =       0, nbflag  =       1, use_pme =       1
     vdwmeth =       1, eedmeth =       1, netfrc  =       1
     Box X =   79.070   Box Y =   79.070   Box Z =   79.070
     Alpha =  109.471   Beta  =  109.471   Gamma =  109.471
     NFFT1 =   80       NFFT2 =   80       NFFT3 =   80
     Cutoff=   10.000   Tol   =0.100E-04
     Ewald Coefficient =  0.27511
     Interpolation order =    4

    LOADING THE CONSTRAINED ATOMS AS GROUPS


   5.  REFERENCE ATOM COORDINATES

  default_name                                                                    
     Mask :1-277@N,CA,C,O; matches  1108 atoms

--------------------------------------------------------------------------------
   3.  ATOMIC COORDINATES AND VELOCITIES
--------------------------------------------------------------------------------

default_name                                                                    
 begin time read from input coords =  2840.000 ps

 
 Number of triangulated 3-point waters found:    11212

     Sum of charges from parm topology file =  -0.00000014
     Forcing neutrality...

| Dynamic Memory, Types Used:
| Reals             1766286
| Integers          1385427

| Nonbonded Pairs Initial Allocation:    11540026

| GPU memory information (estimate):
| KB of GPU memory in use:    279976
| KB of CPU memory in use:     54316

--------------------------------------------------------------------------------
   4.  RESULTS
--------------------------------------------------------------------------------

 ---------------------------------------------------
 APPROXIMATING switch and d/dx switch using CUBIC SPLINE INTERPOLATION
 using   5000.0 points per unit in tabled values
 TESTING RELATIVE ERROR over r ranging from 0.0 to cutoff
| CHECK switch(x): max rel err =   0.2738E-14   at   2.422500
| CHECK d/dx switch(x): max rel err =   0.8314E-11   at   2.736960
 ---------------------------------------------------
|---------------------------------------------------
| APPROXIMATING direct energy using CUBIC SPLINE INTERPOLATION
|  with   50.0 points per unit in tabled values
| Relative Error Limit not exceeded for r .gt.   2.33
| APPROXIMATING direct force using CUBIC SPLINE INTERPOLATION
|  with   50.0 points per unit in tabled values
| Relative Error Limit not exceeded for r .gt.   2.80
|---------------------------------------------------
wrapping first mol.:       26.35756       37.27521       64.56255
wrapping first mol.:       26.35756       37.27521       64.56255

 NSTEP =      500   TIME(PS) =    2841.000  TEMP(K) =   298.96  PRESS =    73.7
 Etot   =    -90700.8432  EKtot   =     23327.1465  EPtot      =   -114027.9897
 BOND   =       880.1220  ANGLE   =      2296.9164  DIHED      =      3536.3509
 1-4 NB =      1025.8949  1-4 EEL =     12291.1085  VDWAALS    =     13370.4821
 EELEC  =   -147428.8645  EHBOND  =         0.0000  RESTRAINT  =         0.0000
 EKCMT  =     10038.8677  VIRIAL  =      9433.3597  VOLUME     =    380587.2649
                                                    Density    =         1.0199
 ------------------------------------------------------------------------------

wrapping first mol.:       26.33442       37.24250       64.50590
wrapping first mol.:       26.33442       37.24250       64.50590

 NSTEP =     1000   TIME(PS) =    2842.000  TEMP(K) =   302.33  PRESS =    80.0
 Etot   =    -90672.6851  EKtot   =     23590.0273  EPtot      =   -114262.7125
 BOND   =       852.5115  ANGLE   =      2345.4030  DIHED      =      3518.7675
 1-4 NB =      1021.5344  1-4 EEL =     12253.0583  VDWAALS    =     13445.6943
 EELEC  =   -147699.6815  EHBOND  =         0.0000  RESTRAINT  =         0.0000
 EKCMT  =     10206.4223  VIRIAL  =      9550.5647  VOLUME     =    379585.9494
                                                    Density    =         1.0226
 ------------------------------------------------------------------------------

wrapping first mol.:       26.31483       37.21478       64.45789
wrapping first mol.:       26.31483       37.21478       64.45789

 NSTEP =     1500   TIME(PS) =    2843.000  TEMP(K) =   301.46  PRESS =   120.3
 Etot   =    -90465.0245  EKtot   =     23522.1543  EPtot      =   -113987.1788
 BOND   =       864.3707  ANGLE   =      2332.2912  DIHED      =      3510.8678
 1-4 NB =      1034.4563  1-4 EEL =     12288.5243  VDWAALS    =     13001.6623
 EELEC  =   -147019.3515  EHBOND  =         0.0000  RESTRAINT  =         0.0000
 EKCMT  =     10106.9431  VIRIAL  =      9123.0104  VOLUME     =    378737.7037
                                                    Density    =         1.0249
 ------------------------------------------------------------------------------

wrapping first mol.:       26.33400       37.24190       64.50486
wrapping first mol.:       26.33400       37.24190       64.50486

 NSTEP =     2000   TIME(PS) =    2844.000  TEMP(K) =   296.82  PRESS =  -106.4
 Etot   =    -91248.4761  EKtot   =     23160.0605  EPtot      =   -114408.5366
 BOND   =       894.6111  ANGLE   =      2343.9780  DIHED      =      3459.2311
 1-4 NB =      1053.0352  1-4 EEL =     12282.1737  VDWAALS    =     13104.3165
 EELEC  =   -147545.8822  EHBOND  =         0.0000  RESTRAINT  =         0.0000
 EKCMT  =      9946.4374  VIRIAL  =     10818.7486  VOLUME     =    379573.8987
                                                    Density    =         1.0226
 ------------------------------------------------------------------------------

wrapping first mol.:       26.34667       37.25982       64.53590
wrapping first mol.:       26.34667       37.25982       64.53590

 NSTEP =     2500   TIME(PS) =    2845.000  TEMP(K) =   300.03  PRESS =   139.6
 Etot   =    -90660.0373  EKtot   =     23410.5879  EPtot      =   -114070.6252
 BOND   =       873.4265  ANGLE   =      2361.4480  DIHED      =      3461.7276
 1-4 NB =      1027.3408  1-4 EEL =     12276.4990  VDWAALS    =     13078.5854
 EELEC  =   -147149.6524  EHBOND  =         0.0000  RESTRAINT  =         0.0000
 EKCMT  =     10112.9186  VIRIAL  =      8967.2133  VOLUME     =    380113.7844
                                                    Density    =         1.0212
 ------------------------------------------------------------------------------

wrapping first mol.:       26.33997       37.25034       64.51947
wrapping first mol.:       26.33997       37.25034       64.51947

 NSTEP =     3000   TIME(PS) =    2846.000  TEMP(K) =   300.68  PRESS =   -45.7
 Etot   =    -90528.6571  EKtot   =     23461.3516  EPtot      =   -113990.0087
 BOND   =       869.3234  ANGLE   =      2287.3576  DIHED      =      3488.4703
 1-4 NB =      1053.3581  1-4 EEL =     12292.6687  VDWAALS    =     12906.4532
 EELEC  =   -146887.6400  EHBOND  =         0.0000  RESTRAINT  =         0.0000
 EKCMT  =     10065.0978  VIRIAL  =     10439.5214  VOLUME     =    379829.9025
                                                    Density    =         1.0220
 ------------------------------------------------------------------------------

wrapping first mol.:       26.33364       37.24139       64.50398
wrapping first mol.:       26.33364       37.24139       64.50398

 NSTEP =     3500   TIME(PS) =    2847.000  TEMP(K) =   301.56  PRESS =   -17.9
 Etot   =    -90645.1556  EKtot   =     23530.3789  EPtot      =   -114175.5345
 BOND   =       863.1859  ANGLE   =      2357.6364  DIHED      =      3496.7389
 1-4 NB =      1046.1401  1-4 EEL =     12275.7679  VDWAALS    =     12957.0112
 EELEC  =   -147172.0149  EHBOND  =         0.0000  RESTRAINT  =         0.0000
 EKCMT  =     10057.4480  VIRIAL  =     10204.4278  VOLUME     =    379555.4218
                                                    Density    =         1.0227
 ------------------------------------------------------------------------------

wrapping first mol.:       26.34515       37.25767       64.53218
wrapping first mol.:       26.34515       37.25767       64.53218

 NSTEP =     4000   TIME(PS) =    2848.000  TEMP(K) =   300.47  PRESS =    69.3
 Etot   =    -90996.5756  EKtot   =     23444.7676  EPtot      =   -114441.3431
 BOND   =       838.1415  ANGLE   =      2260.8129  DIHED      =      3486.3852
 1-4 NB =      1036.3628  1-4 EEL =     12282.1770  VDWAALS    =     13213.2273
 EELEC  =   -147558.4498  EHBOND  =         0.0000  RESTRAINT  =         0.0000
 EKCMT  =     10127.5050  VIRIAL  =      9558.5074  VOLUME     =    380050.4464
                                                    Density    =         1.0214
 ------------------------------------------------------------------------------

wrapping first mol.:       26.35475       37.27124       64.55568
wrapping first mol.:       26.35475       37.27124       64.55568

 NSTEP =     4500   TIME(PS) =    2849.000  TEMP(K) =   298.19  PRESS =  -130.2
 Etot   =    -91047.5466  EKtot   =     23267.3594  EPtot      =   -114314.9060
 BOND   =       842.2558  ANGLE   =      2297.9864  DIHED      =      3501.3740
 1-4 NB =      1028.8493  1-4 EEL =     12236.3091  VDWAALS    =     13126.3067
 EELEC  =   -147347.9873  EHBOND  =         0.0000  RESTRAINT  =         0.0000
 EKCMT  =     10015.3904  VIRIAL  =     11084.9719  VOLUME     =    380472.6451
                                                    Density    =         1.0202
 ------------------------------------------------------------------------------

wrapping first mol.:       26.35327       37.26915       64.55205
wrapping first mol.:       26.35327       37.26915       64.55205

 NSTEP =     5000   TIME(PS) =    2850.000  TEMP(K) =   302.28  PRESS =   -30.8
 Etot   =    -90610.6375  EKtot   =     23586.7031  EPtot      =   -114197.3406
 BOND   =       904.9162  ANGLE   =      2340.0679  DIHED      =      3475.7908
 1-4 NB =      1022.9466  1-4 EEL =     12184.6072  VDWAALS    =     13242.2956
 EELEC  =   -147367.9650  EHBOND  =         0.0000  RESTRAINT  =         0.0000
 EKCMT  =     10169.1435  VIRIAL  =     10421.7120  VOLUME     =    380405.1335
                                                    Density    =         1.0204
 ------------------------------------------------------------------------------

wrapping first mol.:       26.35121       37.26623       64.54700
wrapping first mol.:       26.35121       37.26623       64.54700

 NSTEP =     5500   TIME(PS) =    2851.000  TEMP(K) =   299.77  PRESS =    82.0
 Etot   =    -90342.4642  EKtot   =     23390.6836  EPtot      =   -113733.1478
 BOND   =       881.5812  ANGLE   =      2322.1802  DIHED      =      3506.8330
 1-4 NB =      1035.4531  1-4 EEL =     12258.0481  VDWAALS    =     13272.0898
 EELEC  =   -147009.3333  EHBOND  =         0.0000  RESTRAINT  =         0.0000
 EKCMT  =     10057.6292  VIRIAL  =      9384.5273  VOLUME     =    380312.0143
                                                    Density    =         1.0207
 ------------------------------------------------------------------------------

wrapping first mol.:       26.34477       37.25712       64.53123
wrapping first mol.:       26.34477       37.25712       64.53123

 NSTEP =     6000   TIME(PS) =    2852.000  TEMP(K) =   299.65  PRESS =    41.2
 Etot   =    -90864.7818  EKtot   =     23380.9883  EPtot      =   -114245.7700
 BOND   =       847.2229  ANGLE   =      2371.4170  DIHED      =      3494.9886
 1-4 NB =      1036.2683  1-4 EEL =     12238.9036  VDWAALS    =     13553.7811
 EELEC  =   -147788.3515  EHBOND  =         0.0000  RESTRAINT  =         0.0000
 EKCMT  =     10099.6929  VIRIAL  =      9761.6676  VOLUME     =    380034.6271
                                                    Density    =         1.0214
 ------------------------------------------------------------------------------

wrapping first mol.:       26.35858       37.27666       64.56507
wrapping first mol.:       26.35858       37.27666       64.56507

 NSTEP =     6500   TIME(PS) =    2853.000  TEMP(K) =   298.85  PRESS =    34.4
 Etot   =    -90766.5627  EKtot   =     23318.3203  EPtot      =   -114084.8830
 BOND   =       885.3638  ANGLE   =      2330.6566  DIHED      =      3500.4054
 1-4 NB =      1043.6163  1-4 EEL =     12254.7260  VDWAALS    =     13168.9896
 EELEC  =   -147268.6407  EHBOND  =         0.0000  RESTRAINT  =         0.0000
 EKCMT  =      9999.3450  VIRIAL  =      9716.4774  VOLUME     =    380633.0430
                                                    Density    =         1.0198
 ------------------------------------------------------------------------------

wrapping first mol.:       26.34611       37.25902       64.53451
wrapping first mol.:       26.34611       37.25902       64.53451

 NSTEP =     7000   TIME(PS) =    2854.000  TEMP(K) =   300.06  PRESS =  -221.0
 Etot   =    -90700.2722  EKtot   =     23413.4238  EPtot      =   -114113.6960
 BOND   =       829.6138  ANGLE   =      2353.2301  DIHED      =      3476.6967
 1-4 NB =      1025.1432  1-4 EEL =     12255.9697  VDWAALS    =     13105.9029
 EELEC  =   -147160.2524  EHBOND  =         0.0000  RESTRAINT  =         0.0000
 EKCMT  =     10018.5623  VIRIAL  =     11832.6487  VOLUME     =    380101.4797
                                                    Density    =         1.0212
 ------------------------------------------------------------------------------

wrapping first mol.:       26.34287       37.25444       64.52658
wrapping first mol.:       26.34287       37.25444       64.52658

 NSTEP =     7500   TIME(PS) =    2855.000  TEMP(K) =   299.52  PRESS =  -367.4
 Etot   =    -90658.3070  EKtot   =     23371.1055  EPtot      =   -114029.4124
 BOND   =       866.4631  ANGLE   =      2367.7530  DIHED      =      3493.2394
 1-4 NB =      1041.9086  1-4 EEL =     12242.0512  VDWAALS    =     13025.3166
 EELEC  =   -147066.1444  EHBOND  =         0.0000  RESTRAINT  =         0.0000
 EKCMT  =     10021.1672  VIRIAL  =     13035.6958  VOLUME     =    379966.3747
                                                    Density    =         1.0216
 ------------------------------------------------------------------------------

wrapping first mol.:       26.34983       37.26429       64.54363
wrapping first mol.:       26.34983       37.26429       64.54363

 NSTEP =     8000   TIME(PS) =    2856.000  TEMP(K) =   303.65  PRESS =   -35.8
 Etot   =    -90632.6602  EKtot   =     23693.3359  EPtot      =   -114325.9961
 BOND   =       890.0619  ANGLE   =      2378.6236  DIHED      =      3485.4384
 1-4 NB =      1035.4699  1-4 EEL =     12267.2467  VDWAALS    =     13206.8526
 EELEC  =   -147589.6892  EHBOND  =         0.0000  RESTRAINT  =         0.0000
 EKCMT  =     10157.1081  VIRIAL  =     10450.7638  VOLUME     =    380256.4738
                                                    Density    =         1.0208
 ------------------------------------------------------------------------------

wrapping first mol.:       26.34927       37.26349       64.54226
wrapping first mol.:       26.34927       37.26349       64.54226

 NSTEP =     8500   TIME(PS) =    2857.000  TEMP(K) =   300.24  PRESS =   355.7
 Etot   =    -90940.8275  EKtot   =     23427.0137  EPtot      =   -114367.8412
 BOND   =       899.0426  ANGLE   =      2322.3690  DIHED      =      3499.1057
 1-4 NB =      1027.5320  1-4 EEL =     12236.1073  VDWAALS    =     13616.3507
 EELEC  =   -147968.3486  EHBOND  =         0.0000  RESTRAINT  =         0.0000
 EKCMT  =     10083.2188  VIRIAL  =      7162.8304  VOLUME     =    380218.8894
                                                    Density    =         1.0209
 ------------------------------------------------------------------------------

wrapping first mol.:       26.34738       37.26082       64.53763
wrapping first mol.:       26.34738       37.26082       64.53763

 NSTEP =     9000   TIME(PS) =    2858.000  TEMP(K) =   299.37  PRESS =    44.0
 Etot   =    -90771.4891  EKtot   =     23359.2031  EPtot      =   -114130.6922
 BOND   =       876.9809  ANGLE   =      2270.9159  DIHED      =      3516.4164
 1-4 NB =      1040.5626  1-4 EEL =     12298.8014  VDWAALS    =     13150.6164
 EELEC  =   -147284.9859  EHBOND  =         0.0000  RESTRAINT  =         0.0000
 EKCMT  =     10036.9487  VIRIAL  =      9675.7717  VOLUME     =    380147.6765
                                                    Density    =         1.0211
 ------------------------------------------------------------------------------

wrapping first mol.:       26.35036       37.26504       64.54494
wrapping first mol.:       26.35036       37.26504       64.54494

 NSTEP =     9500   TIME(PS) =    2859.000  TEMP(K) =   300.60  PRESS =   -23.8
 Etot   =    -90656.7011  EKtot   =     23455.5820  EPtot      =   -114112.2832
 BOND   =       861.3431  ANGLE   =      2378.2933  DIHED      =      3514.2390
 1-4 NB =      1055.5408  1-4 EEL =     12234.1999  VDWAALS    =     13274.1712
 EELEC  =   -147430.0705  EHBOND  =         0.0000  RESTRAINT  =         0.0000
 EKCMT  =     10022.9817  VIRIAL  =     10218.7924  VOLUME     =    380279.1484
                                                    Density    =         1.0207
 ------------------------------------------------------------------------------

wrapping first mol.:       26.35296       37.26871       64.55129
wrapping first mol.:       26.35296       37.26871       64.55129

 NSTEP =    10000   TIME(PS) =    2860.000  TEMP(K) =   297.64  PRESS =  -153.6
 Etot   =    -90607.8468  EKtot   =     23224.1680  EPtot      =   -113832.0147
 BOND   =       888.8140  ANGLE   =      2324.6950  DIHED      =      3489.4908
 1-4 NB =      1030.2944  1-4 EEL =     12221.8851  VDWAALS    =     13219.0576
 EELEC  =   -147006.2516  EHBOND  =         0.0000  RESTRAINT  =         0.0000
 EKCMT  =      9995.5033  VIRIAL  =     11256.7597  VOLUME     =    380395.8902
                                                    Density    =         1.0204
 ------------------------------------------------------------------------------

wrapping first mol.:       26.33708       37.24625       64.51239
wrapping first mol.:       26.33708       37.24625       64.51239

 NSTEP =    10500   TIME(PS) =    2861.000  TEMP(K) =   298.49  PRESS =   194.0
 Etot   =    -90915.7366  EKtot   =     23290.2695  EPtot      =   -114206.0062
 BOND   =       828.8376  ANGLE   =      2323.1311  DIHED      =      3488.6239
 1-4 NB =      1027.1974  1-4 EEL =     12266.8725  VDWAALS    =     13175.2828
 EELEC  =   -147315.9515  EHBOND  =         0.0000  RESTRAINT  =         0.0000
 EKCMT  =      9951.0100  VIRIAL  =      8360.8252  VOLUME     =    379696.7395
                                                    Density    =         1.0223
 ------------------------------------------------------------------------------

wrapping first mol.:       26.33989       37.25023       64.51928
wrapping first mol.:       26.33989       37.25023       64.51928

 NSTEP =    11000   TIME(PS) =    2862.000  TEMP(K) =   298.94  PRESS =  -179.9
 Etot   =    -90767.8304  EKtot   =     23325.5156  EPtot      =   -114093.3461
 BOND   =       844.8953  ANGLE   =      2320.7217  DIHED      =      3493.9810
 1-4 NB =      1029.6972  1-4 EEL =     12234.4321  VDWAALS    =     13098.2667
 EELEC  =   -147115.3400  EHBOND  =         0.0000  RESTRAINT  =         0.0000
 EKCMT  =     10017.7635  VIRIAL  =     11493.4916  VOLUME     =    379831.1471
                                                    Density    =         1.0219
 ------------------------------------------------------------------------------

wrapping first mol.:       26.34277       37.25431       64.52635
wrapping first mol.:       26.34277       37.25431       64.52635

 NSTEP =    11500   TIME(PS) =    2863.000  TEMP(K) =   300.96  PRESS =     8.4
 Etot   =    -91074.9515  EKtot   =     23483.5898  EPtot      =   -114558.5413
 BOND   =       821.1575  ANGLE   =      2366.2864  DIHED      =      3492.2069
 1-4 NB =      1024.8886  1-4 EEL =     12226.5010  VDWAALS    =     13359.3794
 EELEC  =   -147848.9612  EHBOND  =         0.0000  RESTRAINT  =         0.0000
 EKCMT  =     10037.2571  VIRIAL  =      9968.1462  VOLUME     =    379949.5444
                                                    Density    =         1.0216
 ------------------------------------------------------------------------------

wrapping first mol.:       26.35044       37.26515       64.54514
wrapping first mol.:       26.35044       37.26515       64.54514

 NSTEP =    12000   TIME(PS) =    2864.000  TEMP(K) =   300.24  PRESS =  -263.8
 Etot   =    -90987.9740  EKtot   =     23426.9238  EPtot      =   -114414.8979
 BOND   =       839.4712  ANGLE   =      2350.1390  DIHED      =      3479.8293
 1-4 NB =      1052.6091  1-4 EEL =     12303.5280  VDWAALS    =     13149.3914
 EELEC  =   -147589.8659  EHBOND  =         0.0000  RESTRAINT  =         0.0000
 EKCMT  =     10038.8895  VIRIAL  =     12205.1789  VOLUME     =    380290.7470
                                                    Density    =         1.0207
 ------------------------------------------------------------------------------

wrapping first mol.:       26.34076       37.25145       64.52141
wrapping first mol.:       26.34076       37.25145       64.52141

 NSTEP =    12500   TIME(PS) =    2865.000  TEMP(K) =   299.29  PRESS =    30.1
 Etot   =    -90691.8344  EKtot   =     23352.9531  EPtot      =   -114044.7875
 BOND   =       887.3481  ANGLE   =      2331.1040  DIHED      =      3466.7320
 1-4 NB =      1030.4412  1-4 EEL =     12252.7043  VDWAALS    =     13113.9872
 EELEC  =   -147127.1043  EHBOND  =         0.0000  RESTRAINT  =         0.0000
 EKCMT  =     10033.9587  VIRIAL  =      9786.9084  VOLUME     =    379861.5246
                                                    Density    =         1.0219
 ------------------------------------------------------------------------------

wrapping first mol.:       26.34092       37.25169       64.52181
wrapping first mol.:       26.34092       37.25169       64.52181

 NSTEP =    13000   TIME(PS) =    2866.000  TEMP(K) =   299.61  PRESS =   264.9
 Etot   =    -90745.2676  EKtot   =     23377.9941  EPtot      =   -114123.2618
 BOND   =       853.7735  ANGLE   =      2395.2516  DIHED      =      3496.1894
 1-4 NB =      1030.3753  1-4 EEL =     12195.5895  VDWAALS    =     13331.8230
 EELEC  =   -147426.2640  EHBOND  =         0.0000  RESTRAINT  =         0.0000
 EKCMT  =     10038.1008  VIRIAL  =      7865.4424  VOLUME     =    379860.7759
                                                    Density    =         1.0219
 ------------------------------------------------------------------------------

wrapping first mol.:       26.35442       37.27078       64.55487
wrapping first mol.:       26.35442       37.27078       64.55487

 NSTEP =    13500   TIME(PS) =    2867.000  TEMP(K) =   300.37  PRESS =  -139.6
 Etot   =    -90638.3367  EKtot   =     23437.6543  EPtot      =   -114075.9910
 BOND   =       858.4707  ANGLE   =      2418.3243  DIHED      =      3525.8421
 1-4 NB =      1026.0755  1-4 EEL =     12184.6357  VDWAALS    =     13145.6696
 EELEC  =   -147235.0088  EHBOND  =         0.0000  RESTRAINT  =         0.0000
 EKCMT  =     10176.8306  VIRIAL  =     11323.7780  VOLUME     =    380458.7041
                                                    Density    =         1.0203
 ------------------------------------------------------------------------------

wrapping first mol.:       26.35778       37.27553       64.56311
wrapping first mol.:       26.35778       37.27553       64.56311

 NSTEP =    14000   TIME(PS) =    2868.000  TEMP(K) =   299.31  PRESS =  -287.7
 Etot   =    -90558.6738  EKtot   =     23354.2344  EPtot      =   -113912.9082
 BOND   =       826.7852  ANGLE   =      2383.3319  DIHED      =      3473.9160
 1-4 NB =      1057.0610  1-4 EEL =     12237.4747  VDWAALS    =     13182.7644
 EELEC  =   -147074.2413  EHBOND  =         0.0000  RESTRAINT  =         0.0000
 EKCMT  =     10038.1320  VIRIAL  =     12402.4032  VOLUME     =    380609.3685
                                                    Density    =         1.0199
 ------------------------------------------------------------------------------

wrapping first mol.:       26.33476       37.24297       64.50672
wrapping first mol.:       26.33476       37.24297       64.50672

 NSTEP =    14500   TIME(PS) =    2869.000  TEMP(K) =   300.07  PRESS =   -22.0
 Etot   =    -90677.4720  EKtot   =     23413.5020  EPtot      =   -114090.9739
 BOND   =       876.8317  ANGLE   =      2352.1701  DIHED      =      3492.7583
 1-4 NB =      1033.7161  1-4 EEL =     12217.5622  VDWAALS    =     13153.3814
 EELEC  =   -147217.3937  EHBOND  =         0.0000  RESTRAINT  =         0.0000
 EKCMT  =     10091.4171  VIRIAL  =     10271.6680  VOLUME     =    379603.9397
                                                    Density    =         1.0226
 ------------------------------------------------------------------------------

wrapping first mol.:       26.33316       37.24071       64.50279
wrapping first mol.:       26.33316       37.24071       64.50279

 NSTEP =    15000   TIME(PS) =    2870.000  TEMP(K) =   301.84  PRESS =   -10.3
 Etot   =    -90587.7248  EKtot   =     23552.0605  EPtot      =   -114139.7853
 BOND   =       902.0724  ANGLE   =      2327.2045  DIHED      =      3487.5315
 1-4 NB =      1018.7779  1-4 EEL =     12203.1444  VDWAALS    =     13266.8740
 EELEC  =   -147345.3901  EHBOND  =         0.0000  RESTRAINT  =         0.0000
 EKCMT  =     10140.1926  VIRIAL  =     10224.5486  VOLUME     =    379534.1684
                                                    Density    =         1.0227
 ------------------------------------------------------------------------------

wrapping first mol.:       26.34806       37.26178       64.53929
wrapping first mol.:       26.34806       37.26178       64.53929

 NSTEP =    15500   TIME(PS) =    2871.000  TEMP(K) =   300.16  PRESS =   -51.3
 Etot   =    -90741.5703  EKtot   =     23420.7383  EPtot      =   -114162.3086
 BOND   =       820.3813  ANGLE   =      2333.6125  DIHED      =      3509.0479
 1-4 NB =      1021.1977  1-4 EEL =     12219.2122  VDWAALS    =     13204.3132
 EELEC  =   -147270.0734  EHBOND  =         0.0000  RESTRAINT  =         0.0000
 EKCMT  =     10141.2114  VIRIAL  =     10562.2710  VOLUME     =    380180.2607
                                                    Density    =         1.0210
 ------------------------------------------------------------------------------

wrapping first mol.:       26.36221       37.28180       64.57396
wrapping first mol.:       26.36221       37.28180       64.57396

 NSTEP =    16000   TIME(PS) =    2872.000  TEMP(K) =   300.26  PRESS =    29.8
 Etot   =    -90636.6787  EKtot   =     23428.8125  EPtot      =   -114065.4912
 BOND   =       833.5576  ANGLE   =      2293.5668  DIHED      =      3510.6620
 1-4 NB =      1056.1340  1-4 EEL =     12302.7391  VDWAALS    =     13234.5749
 EELEC  =   -147296.7256  EHBOND  =         0.0000  RESTRAINT  =         0.0000
 EKCMT  =     10000.0730  VIRIAL  =      9755.1856  VOLUME     =    380790.5511
                                                    Density    =         1.0194
 ------------------------------------------------------------------------------

wrapping first mol.:       26.37012       37.29298       64.59334
wrapping first mol.:       26.37012       37.29298       64.59334

 NSTEP =    16500   TIME(PS) =    2873.000  TEMP(K) =   302.50  PRESS =   -46.7
 Etot   =    -90757.3407  EKtot   =     23603.5879  EPtot      =   -114360.9285
 BOND   =       917.2344  ANGLE   =      2355.9936  DIHED      =      3464.5878
 1-4 NB =      1015.3525  1-4 EEL =     12157.4405  VDWAALS    =     13424.2846
 EELEC  =   -147695.8219  EHBOND  =         0.0000  RESTRAINT  =         0.0000
 EKCMT  =     10121.7094  VIRIAL  =     10506.3152  VOLUME     =    381135.9684
                                                    Density    =         1.0184
 ------------------------------------------------------------------------------

wrapping first mol.:       26.37020       37.29309       64.59352
wrapping first mol.:       26.37020       37.29309       64.59352

 NSTEP =    17000   TIME(PS) =    2874.000  TEMP(K) =   298.91  PRESS =   119.0
 Etot   =    -90886.3461  EKtot   =     23323.4141  EPtot      =   -114209.7601
 BOND   =       912.4568  ANGLE   =      2325.0981  DIHED      =      3456.4758
 1-4 NB =       991.5382  1-4 EEL =     12242.0381  VDWAALS    =     13192.2702
 EELEC  =   -147329.6373  EHBOND  =         0.0000  RESTRAINT  =         0.0000
 EKCMT  =     10004.9586  VIRIAL  =      9025.8074  VOLUME     =    381133.6797
                                                    Density    =         1.0185
 ------------------------------------------------------------------------------

wrapping first mol.:       26.34564       37.25837       64.53338
wrapping first mol.:       26.34564       37.25837       64.53338

 NSTEP =    17500   TIME(PS) =    2875.000  TEMP(K) =   297.87  PRESS =     0.5
 Etot   =    -91096.0275  EKtot   =     23242.4824  EPtot      =   -114338.5099
 BOND   =       859.3475  ANGLE   =      2329.6276  DIHED      =      3498.4303
 1-4 NB =      1026.6734  1-4 EEL =     12273.7582  VDWAALS    =     13204.9398
 EELEC  =   -147531.2868  EHBOND  =         0.0000  RESTRAINT  =         0.0000
 EKCMT  =      9930.9175  VIRIAL  =      9927.1476  VOLUME     =    380073.9948
                                                    Density    =         1.0213
 ------------------------------------------------------------------------------

wrapping first mol.:       26.33809       37.24768       64.51487
wrapping first mol.:       26.33809       37.24768       64.51487

 NSTEP =    18000   TIME(PS) =    2876.000  TEMP(K) =   296.85  PRESS =   352.4
 Etot   =    -90845.0236  EKtot   =     23162.8027  EPtot      =   -114007.8264
 BOND   =       853.6709  ANGLE   =      2345.2299  DIHED      =      3511.1318
 1-4 NB =      1023.1845  1-4 EEL =     12237.7090  VDWAALS    =     13335.9795
 EELEC  =   -147314.7319  EHBOND  =         0.0000  RESTRAINT  =         0.0000
 EKCMT  =      9848.8461  VIRIAL  =      6959.7320  VOLUME     =    379735.0869
                                                    Density    =         1.0222
 ------------------------------------------------------------------------------

wrapping first mol.:       26.34502       37.25749       64.53186
wrapping first mol.:       26.34502       37.25749       64.53186

 NSTEP =    18500   TIME(PS) =    2877.000  TEMP(K) =   297.72  PRESS =  -197.9
 Etot   =    -90785.3986  EKtot   =     23230.7090  EPtot      =   -114016.1076
 BOND   =       904.4782  ANGLE   =      2290.4089  DIHED      =      3450.7764
 1-4 NB =      1029.3913  1-4 EEL =     12205.7071  VDWAALS    =     13220.8322
 EELEC  =   -147117.7018  EHBOND  =         0.0000  RESTRAINT  =         0.0000
 EKCMT  =      9976.6617  VIRIAL  =     11600.6432  VOLUME     =    380053.8752
                                                    Density    =         1.0213
 ------------------------------------------------------------------------------

wrapping first mol.:       26.34928       37.26350       64.54227
wrapping first mol.:       26.34928       37.26350       64.54227

 NSTEP =    19000   TIME(PS) =    2878.000  TEMP(K) =   300.53  PRESS =  -208.8
 Etot   =    -90473.7844  EKtot   =     23449.6523  EPtot      =   -113923.4367
 BOND   =       883.8567  ANGLE   =      2374.5646  DIHED      =      3499.2089
 1-4 NB =      1041.8760  1-4 EEL =     12199.8877  VDWAALS    =     12945.2354
 EELEC  =   -146868.0660  EHBOND  =         0.0000  RESTRAINT  =         0.0000
 EKCMT  =     10004.8305  VIRIAL  =     11718.9455  VOLUME     =    380238.3260
                                                    Density    =         1.0209
 ------------------------------------------------------------------------------

wrapping first mol.:       26.33869       37.24852       64.51633
wrapping first mol.:       26.33869       37.24852       64.51633

 NSTEP =    19500   TIME(PS) =    2879.000  TEMP(K) =   302.47  PRESS =   109.3
 Etot   =    -90710.2167  EKtot   =     23601.1641  EPtot      =   -114311.3808
 BOND   =       819.5971  ANGLE   =      2300.8283  DIHED      =      3483.8106
 1-4 NB =      1061.7523  1-4 EEL =     12218.3401  VDWAALS    =     13171.7425
 EELEC  =   -147367.4517  EHBOND  =         0.0000  RESTRAINT  =         0.0000
 EKCMT  =     10151.7660  VIRIAL  =      9255.6448  VOLUME     =    379769.2240
                                                    Density    =         1.0221
 ------------------------------------------------------------------------------

wrapping first mol.:       26.33914       37.24917       64.51745
wrapping first mol.:       26.33914       37.24917       64.51745

 NSTEP =    20000   TIME(PS) =    2880.000  TEMP(K) =   302.45  PRESS =    54.5
 Etot   =    -90585.6213  EKtot   =     23599.5449  EPtot      =   -114185.1662
 BOND   =       860.0470  ANGLE   =      2407.4355  DIHED      =      3482.4985
 1-4 NB =      1019.4074  1-4 EEL =     12228.5630  VDWAALS    =     13280.3564
 EELEC  =   -147463.4739  EHBOND  =         0.0000  RESTRAINT  =         0.0000
 EKCMT  =     10151.5102  VIRIAL  =      9704.6086  VOLUME     =    379790.7523
                                                    Density    =         1.0221
 ------------------------------------------------------------------------------

wrapping first mol.:       26.32662       37.23146       64.48677
wrapping first mol.:       26.32662       37.23146       64.48677

 NSTEP =    20500   TIME(PS) =    2881.000  TEMP(K) =   300.55  PRESS =   -93.2
 Etot   =    -90643.8051  EKtot   =     23451.6445  EPtot      =   -114095.4497
 BOND   =       845.4057  ANGLE   =      2313.5588  DIHED      =      3486.4500
 1-4 NB =      1050.7818  1-4 EEL =     12293.0217  VDWAALS    =     13120.5553
 EELEC  =   -147205.2230  EHBOND  =         0.0000  RESTRAINT  =         0.0000
 EKCMT  =      9963.0268  VIRIAL  =     10725.9331  VOLUME     =    379254.2495
                                                    Density    =         1.0235
 ------------------------------------------------------------------------------

wrapping first mol.:       26.33869       37.24854       64.51636
wrapping first mol.:       26.33869       37.24854       64.51636

 NSTEP =    21000   TIME(PS) =    2882.000  TEMP(K) =   301.32  PRESS =   -26.0
 Etot   =    -90637.0216  EKtot   =     23511.2734  EPtot      =   -114148.2951
 BOND   =       863.0853  ANGLE   =      2308.4860  DIHED      =      3488.7677
 1-4 NB =      1049.5695  1-4 EEL =     12249.9404  VDWAALS    =     13228.9329
 EELEC  =   -147337.0768  EHBOND  =         0.0000  RESTRAINT  =         0.0000
 EKCMT  =     10016.2546  VIRIAL  =     10229.7762  VOLUME     =    379774.2206
                                                    Density    =         1.0221
 ------------------------------------------------------------------------------

wrapping first mol.:       26.33022       37.23655       64.49559
wrapping first mol.:       26.33022       37.23655       64.49559

 NSTEP =    21500   TIME(PS) =    2883.000  TEMP(K) =   299.07  PRESS =  -124.7
 Etot   =    -90900.7664  EKtot   =     23335.4805  EPtot      =   -114236.2469
 BOND   =       853.1325  ANGLE   =      2333.5813  DIHED      =      3501.1037
 1-4 NB =      1032.7735  1-4 EEL =     12262.4253  VDWAALS    =     13260.1253
 EELEC  =   -147479.3885  EHBOND  =         0.0000  RESTRAINT  =         0.0000
 EKCMT  =     10070.1151  VIRIAL  =     11091.4730  VOLUME     =    379411.0056
                                                    Density    =         1.0231
 ------------------------------------------------------------------------------

wrapping first mol.:       26.33030       37.23667       64.49580
wrapping first mol.:       26.33030       37.23667       64.49580

 NSTEP =    22000   TIME(PS) =    2884.000  TEMP(K) =   301.53  PRESS =    10.2
 Etot   =    -90586.1679  EKtot   =     23528.0430  EPtot      =   -114114.2109
 BOND   =       887.3537  ANGLE   =      2355.7535  DIHED      =      3500.3749
 1-4 NB =      1029.6367  1-4 EEL =     12245.0687  VDWAALS    =     13203.3906
 EELEC  =   -147335.7892  EHBOND  =         0.0000  RESTRAINT  =         0.0000
 EKCMT  =     10121.6658  VIRIAL  =     10038.2594  VOLUME     =    379410.1583
                                                    Density    =         1.0231
 ------------------------------------------------------------------------------

wrapping first mol.:       26.33353       37.24123       64.50371
wrapping first mol.:       26.33353       37.24123       64.50371

 NSTEP =    22500   TIME(PS) =    2885.000  TEMP(K) =   299.77  PRESS =    67.0
 Etot   =    -90708.4079  EKtot   =     23390.1543  EPtot      =   -114098.5622
 BOND   =       879.7353  ANGLE   =      2391.1775  DIHED      =      3490.7966
 1-4 NB =      1027.6889  1-4 EEL =     12259.5079  VDWAALS    =     13382.8666
 EELEC  =   -147530.3350  EHBOND  =         0.0000  RESTRAINT  =         0.0000
 EKCMT  =     10066.5326  VIRIAL  =      9517.2088  VOLUME     =    379547.7251
                                                    Density    =         1.0227
 ------------------------------------------------------------------------------

wrapping first mol.:       26.32547       37.22984       64.48397
wrapping first mol.:       26.32547       37.22984       64.48397

 NSTEP =    23000   TIME(PS) =    2886.000  TEMP(K) =   302.29  PRESS =  -136.4
 Etot   =    -90693.4368  EKtot   =     23586.7812  EPtot      =   -114280.2180
 BOND   =       869.0112  ANGLE   =      2337.7883  DIHED      =      3473.6251
 1-4 NB =      1017.4123  1-4 EEL =     12220.7673  VDWAALS    =     13262.0726
 EELEC  =   -147460.8948  EHBOND  =         0.0000  RESTRAINT  =         0.0000
 EKCMT  =     10033.7214  VIRIAL  =     11150.2646  VOLUME     =    379206.3181
                                                    Density    =         1.0236
 ------------------------------------------------------------------------------

wrapping first mol.:       26.33092       37.23755       64.49732
wrapping first mol.:       26.33092       37.23755       64.49732

 NSTEP =    23500   TIME(PS) =    2887.000  TEMP(K) =   301.48  PRESS =   -10.5
 Etot   =    -90754.1362  EKtot   =     23523.9922  EPtot      =   -114278.1284
 BOND   =       877.9120  ANGLE   =      2362.4734  DIHED      =      3484.0504
 1-4 NB =      1040.7706  1-4 EEL =     12208.6983  VDWAALS    =     13412.9150
 EELEC  =   -147664.9481  EHBOND  =         0.0000  RESTRAINT  =         0.0000
 EKCMT  =     10172.4298  VIRIAL  =     10258.2045  VOLUME     =    379437.6311
                                                    Density    =         1.0230
 ------------------------------------------------------------------------------

wrapping first mol.:       26.34146       37.25244       64.52312
wrapping first mol.:       26.34146       37.25244       64.52312

 NSTEP =    24000   TIME(PS) =    2888.000  TEMP(K) =   298.67  PRESS =   147.4
 Etot   =    -90968.2588  EKtot   =     23304.8613  EPtot      =   -114273.1201
 BOND   =       875.7071  ANGLE   =      2335.4149  DIHED      =      3470.5661
 1-4 NB =      1032.8505  1-4 EEL =     12255.0255  VDWAALS    =     13349.4069
 EELEC  =   -147592.0911  EHBOND  =         0.0000  RESTRAINT  =         0.0000
 EKCMT  =      9939.3899  VIRIAL  =      8730.5976  VOLUME     =    379887.7951
                                                    Density    =         1.0218
 ------------------------------------------------------------------------------

wrapping first mol.:       26.34630       37.25929       64.53497
wrapping first mol.:       26.34630       37.25929       64.53497

 NSTEP =    24500   TIME(PS) =    2889.000  TEMP(K) =   297.01  PRESS =   -30.0
 Etot   =    -91370.6489  EKtot   =     23174.8828  EPtot      =   -114545.5317
 BOND   =       901.2982  ANGLE   =      2289.5304  DIHED      =      3486.5707
 1-4 NB =      1015.6121  1-4 EEL =     12211.3887  VDWAALS    =     13220.0557
 EELEC  =   -147669.9876  EHBOND  =         0.0000  RESTRAINT  =         0.0000
 EKCMT  =     10010.8841  VIRIAL  =     10257.2311  VOLUME     =    380103.2188
                                                    Density    =         1.0212
 ------------------------------------------------------------------------------

wrapping first mol.:       26.35740       37.27499       64.56218
wrapping first mol.:       26.35740       37.27499       64.56218

 NSTEP =    25000   TIME(PS) =    2890.000  TEMP(K) =   299.99  PRESS =   -90.0
 Etot   =    -90720.3299  EKtot   =     23407.9668  EPtot      =   -114128.2967
 BOND   =       871.1575  ANGLE   =      2318.1999  DIHED      =      3507.1421
 1-4 NB =      1033.4640  1-4 EEL =     12222.5451  VDWAALS    =     13213.3672
 EELEC  =   -147294.1724  EHBOND  =         0.0000  RESTRAINT  =         0.0000
 EKCMT  =      9982.0268  VIRIAL  =     10721.9334  VOLUME     =    380586.1295
                                                    Density    =         1.0199
 ------------------------------------------------------------------------------

wrapping first mol.:       26.36904       37.29145       64.59068
wrapping first mol.:       26.36904       37.29145       64.59068

 NSTEP =    25500   TIME(PS) =    2891.000  TEMP(K) =   298.92  PRESS =     9.8
 Etot   =    -90900.8265  EKtot   =     23323.8691  EPtot      =   -114224.6957
 BOND   =       839.9857  ANGLE   =      2387.3974  DIHED      =      3495.0587
 1-4 NB =      1027.1337  1-4 EEL =     12281.1448  VDWAALS    =     13440.0383
 EELEC  =   -147695.4543  EHBOND  =         0.0000  RESTRAINT  =         0.0000
 EKCMT  =      9938.9116  VIRIAL  =      9858.2792  VOLUME     =    381086.9656
                                                    Density    =         1.0186
 ------------------------------------------------------------------------------

wrapping first mol.:       26.37112       37.29439       64.59577
wrapping first mol.:       26.37112       37.29439       64.59577

 NSTEP =    26000   TIME(PS) =    2892.000  TEMP(K) =   302.59  PRESS =  -135.9
 Etot   =    -90343.7723  EKtot   =     23610.1445  EPtot      =   -113953.9168
 BOND   =       857.9465  ANGLE   =      2372.5402  DIHED      =      3466.8820
 1-4 NB =      1044.8839  1-4 EEL =     12297.4286  VDWAALS    =     13132.2575
 EELEC  =   -147125.8554  EHBOND  =         0.0000  RESTRAINT  =         0.0000
 EKCMT  =     10190.7330  VIRIAL  =     11309.1457  VOLUME     =    381182.1703
                                                    Density    =         1.0183
 ------------------------------------------------------------------------------

wrapping first mol.:       26.35135       37.26643       64.54735
wrapping first mol.:       26.35135       37.26643       64.54735

 NSTEP =    26500   TIME(PS) =    2893.000  TEMP(K) =   297.83  PRESS =   186.8
 Etot   =    -90672.5746  EKtot   =     23239.3906  EPtot      =   -113911.9653
 BOND   =       885.7975  ANGLE   =      2283.4315  DIHED      =      3512.5858
 1-4 NB =      1027.1179  1-4 EEL =     12276.6837  VDWAALS    =     13205.0292
 EELEC  =   -147102.6108  EHBOND  =         0.0000  RESTRAINT  =         0.0000
 EKCMT  =      9914.1431  VIRIAL  =      8380.2701  VOLUME     =    380314.5595
                                                    Density    =         1.0206
 ------------------------------------------------------------------------------

wrapping first mol.:       26.33408       37.24201       64.50505
wrapping first mol.:       26.33408       37.24201       64.50505

 NSTEP =    27000   TIME(PS) =    2894.000  TEMP(K) =   300.67  PRESS =  -227.1
 Etot   =    -90706.5654  EKtot   =     23460.5078  EPtot      =   -114167.0733
 BOND   =       914.9993  ANGLE   =      2346.7961  DIHED      =      3476.6795
 1-4 NB =      1034.0124  1-4 EEL =     12237.3319  VDWAALS    =     13239.4699
 EELEC  =   -147416.3623  EHBOND  =         0.0000  RESTRAINT  =         0.0000
 EKCMT  =      9985.0158  VIRIAL  =     11845.9714  VOLUME     =    379581.4625
                                                    Density    =         1.0226
 ------------------------------------------------------------------------------

wrapping first mol.:       26.35052       37.26526       64.54533
wrapping first mol.:       26.35052       37.26526       64.54533

 NSTEP =    27500   TIME(PS) =    2895.000  TEMP(K) =   299.67  PRESS =  -103.4
 Etot   =    -90963.9310  EKtot   =     23382.7988  EPtot      =   -114346.7298
 BOND   =       822.5603  ANGLE   =      2304.2380  DIHED      =      3509.4222
 1-4 NB =      1055.0536  1-4 EEL =     12268.3242  VDWAALS    =     13305.5926
 EELEC  =   -147611.9208  EHBOND  =         0.0000  RESTRAINT  =         0.0000
 EKCMT  =      9974.5086  VIRIAL  =     10823.4556  VOLUME     =    380288.6710
                                                    Density    =         1.0207
 ------------------------------------------------------------------------------

wrapping first mol.:       26.33870       37.24854       64.51636
wrapping first mol.:       26.33870       37.24854       64.51636

 NSTEP =    28000   TIME(PS) =    2896.000  TEMP(K) =   301.70  PRESS =   -69.6
 Etot   =    -90503.7765  EKtot   =     23541.0039  EPtot      =   -114044.7804
 BOND   =       846.3406  ANGLE   =      2359.7840  DIHED      =      3459.6791
 1-4 NB =      1070.1435  1-4 EEL =     12303.2785  VDWAALS    =     12992.4984
 EELEC  =   -147076.5045  EHBOND  =         0.0000  RESTRAINT  =         0.0000
 EKCMT  =     10177.7456  VIRIAL  =     10748.3772  VOLUME     =    379775.8605
                                                    Density    =         1.0221
 ------------------------------------------------------------------------------

wrapping first mol.:       26.34283       37.25439       64.52650
wrapping first mol.:       26.34283       37.25439       64.52650

 NSTEP =    28500   TIME(PS) =    2897.000  TEMP(K) =   298.85  PRESS =   135.4
 Etot   =    -90774.1648  EKtot   =     23318.6504  EPtot      =   -114092.8152
 BOND   =       830.7942  ANGLE   =      2318.7038  DIHED      =      3501.4568
 1-4 NB =      1031.6793  1-4 EEL =     12254.5761  VDWAALS    =     13103.1718
 EELEC  =   -147133.1971  EHBOND  =         0.0000  RESTRAINT  =         0.0000
 EKCMT  =     10058.8214  VIRIAL  =      8948.2946  VOLUME     =    379947.8437
                                                    Density    =         1.0216
 ------------------------------------------------------------------------------

wrapping first mol.:       26.33772       37.24717       64.51398
wrapping first mol.:       26.33772       37.24717       64.51398

 NSTEP =    29000   TIME(PS) =    2898.000  TEMP(K) =   299.99  PRESS =   -17.0
 Etot   =    -90560.9406  EKtot   =     23407.9863  EPtot      =   -113968.9269
 BOND   =       812.3222  ANGLE   =      2381.6057  DIHED      =      3504.2885
 1-4 NB =      1026.3859  1-4 EEL =     12285.5808  VDWAALS    =     13015.4664
 EELEC  =   -146994.5764  EHBOND  =         0.0000  RESTRAINT  =         0.0000
 EKCMT  =      9991.8270  VIRIAL  =     10131.4642  VOLUME     =    379731.9649
                                                    Density    =         1.0222
 ------------------------------------------------------------------------------

wrapping first mol.:       26.34228       37.25362       64.52515
wrapping first mol.:       26.34228       37.25362       64.52515

 NSTEP =    29500   TIME(PS) =    2899.000  TEMP(K) =   302.26  PRESS =    66.2
 Etot   =    -90753.4191  EKtot   =     23584.6836  EPtot      =   -114338.1026
 BOND   =       846.6660  ANGLE   =      2325.7689  DIHED      =      3482.9782
 1-4 NB =      1025.7389  1-4 EEL =     12290.4511  VDWAALS    =     13281.1240
 EELEC  =   -147590.8297  EHBOND  =         0.0000  RESTRAINT  =         0.0000
 EKCMT  =     10081.7279  VIRIAL  =      9538.9188  VOLUME     =    379926.4106
                                                    Density    =         1.0217
 ------------------------------------------------------------------------------

wrapping first mol.:       26.35029       37.26493       64.54475
wrapping first mol.:       26.35029       37.26493       64.54475

 NSTEP =    30000   TIME(PS) =    2900.000  TEMP(K) =   299.29  PRESS =   -15.9
 Etot   =    -91076.4671  EKtot   =     23353.1680  EPtot      =   -114429.6350
 BOND   =       865.9056  ANGLE   =      2365.4251  DIHED      =      3514.6199
 1-4 NB =      1012.9074  1-4 EEL =     12231.7449  VDWAALS    =     13307.4826
 EELEC  =   -147727.7205  EHBOND  =         0.0000  RESTRAINT  =         0.0000
 EKCMT  =     10052.0108  VIRIAL  =     10182.6737  VOLUME     =    380275.5814
                                                    Density    =         1.0208
 ------------------------------------------------------------------------------

wrapping first mol.:       26.36297       37.28287       64.57582
wrapping first mol.:       26.36297       37.28287       64.57582

 NSTEP =    30500   TIME(PS) =    2901.000  TEMP(K) =   300.12  PRESS =   -57.7
 Etot   =    -90730.1545  EKtot   =     23417.5742  EPtot      =   -114147.7288
 BOND   =       876.1751  ANGLE   =      2382.7492  DIHED      =      3452.9858
 1-4 NB =      1029.1991  1-4 EEL =     12272.9327  VDWAALS    =     13093.0495
 EELEC  =   -147254.8202  EHBOND  =         0.0000  RESTRAINT  =         0.0000
 EKCMT  =     10011.1628  VIRIAL  =     10485.3687  VOLUME     =    380826.3455
                                                    Density    =         1.0193
 ------------------------------------------------------------------------------

wrapping first mol.:       26.35125       37.26629       64.54710
wrapping first mol.:       26.35125       37.26629       64.54710

 NSTEP =    31000   TIME(PS) =    2902.000  TEMP(K) =   297.22  PRESS =    81.1
 Etot   =    -91167.9868  EKtot   =     23191.3262  EPtot      =   -114359.3129
 BOND   =       830.1097  ANGLE   =      2332.1254  DIHED      =      3473.6133
 1-4 NB =      1040.8236  1-4 EEL =     12293.1571  VDWAALS    =     13183.4372
 EELEC  =   -147512.5793  EHBOND  =         0.0000  RESTRAINT  =         0.0000
 EKCMT  =      9931.3255  VIRIAL  =      9265.4909  VOLUME     =    380313.8095
                                                    Density    =         1.0207
 ------------------------------------------------------------------------------

wrapping first mol.:       26.35610       37.27316       64.55900
wrapping first mol.:       26.35610       37.27316       64.55900

 NSTEP =    31500   TIME(PS) =    2903.000  TEMP(K) =   298.37  PRESS =   -84.4
 Etot   =    -90927.3315  EKtot   =     23280.9785  EPtot      =   -114208.3101
 BOND   =       897.0220  ANGLE   =      2282.8819  DIHED      =      3501.9849
 1-4 NB =      1043.2979  1-4 EEL =     12338.8623  VDWAALS    =     13154.7252
 EELEC  =   -147427.0842  EHBOND  =         0.0000  RESTRAINT  =         0.0000
 EKCMT  =      9948.3353  VIRIAL  =     10642.1512  VOLUME     =    380529.7786
                                                    Density    =         1.0201
 ------------------------------------------------------------------------------

wrapping first mol.:       26.34683       37.26005       64.53629
wrapping first mol.:       26.34683       37.26005       64.53629

 NSTEP =    32000   TIME(PS) =    2904.000  TEMP(K) =   298.76  PRESS =  -102.5
 Etot   =    -90937.2061  EKtot   =     23311.4316  EPtot      =   -114248.6378
 BOND   =       882.1708  ANGLE   =      2371.9875  DIHED      =      3471.2684
 1-4 NB =      1009.4490  1-4 EEL =     12240.0531  VDWAALS    =     13180.2727
 EELEC  =   -147403.8392  EHBOND  =         0.0000  RESTRAINT  =         0.0000
 EKCMT  =      9990.4093  VIRIAL  =     10831.4300  VOLUME     =    380129.0339
                                                    Density    =         1.0211
 ------------------------------------------------------------------------------

wrapping first mol.:       26.34578       37.25855       64.53370
wrapping first mol.:       26.34578       37.25855       64.53370

 NSTEP =    32500   TIME(PS) =    2905.000  TEMP(K) =   300.62  PRESS =    79.1
 Etot   =    -90661.6618  EKtot   =     23457.1348  EPtot      =   -114118.7965
 BOND   =       839.0089  ANGLE   =      2469.8507  DIHED      =      3501.2100
 1-4 NB =      1033.3801  1-4 EEL =     12219.9260  VDWAALS    =     13260.3193
 EELEC  =   -147442.4915  EHBOND  =         0.0000  RESTRAINT  =         0.0000
 EKCMT  =     10055.9496  VIRIAL  =      9407.0988  VOLUME     =    380077.0316
                                                    Density    =         1.0213
 ------------------------------------------------------------------------------

wrapping first mol.:       26.34857       37.26250       64.54054
wrapping first mol.:       26.34857       37.26250       64.54054

 NSTEP =    33000   TIME(PS) =    2906.000  TEMP(K) =   299.98  PRESS =   -25.4
 Etot   =    -91005.7009  EKtot   =     23406.9316  EPtot      =   -114412.6325
 BOND   =       846.5753  ANGLE   =      2323.3934  DIHED      =      3493.4351
 1-4 NB =      1012.3208  1-4 EEL =     12241.6554  VDWAALS    =     13312.9154
 EELEC  =   -147642.9279  EHBOND  =         0.0000  RESTRAINT  =         0.0000
 EKCMT  =     10078.5938  VIRIAL  =     10286.8438  VOLUME     =    380201.5086
                                                    Density    =         1.0210
 ------------------------------------------------------------------------------

wrapping first mol.:       26.34094       37.25171       64.52185
wrapping first mol.:       26.34094       37.25171       64.52185

 NSTEP =    33500   TIME(PS) =    2907.000  TEMP(K) =   298.06  PRESS =   -61.6
 Etot   =    -91301.0330  EKtot   =     23256.9902  EPtot      =   -114558.0232
 BOND   =       880.4598  ANGLE   =      2335.5080  DIHED      =      3492.6512
 1-4 NB =       995.4653  1-4 EEL =     12251.8635  VDWAALS    =     12994.4886
 EELEC  =   -147508.4596  EHBOND  =         0.0000  RESTRAINT  =         0.0000
 EKCMT  =     10014.6802  VIRIAL  =     10520.0076  VOLUME     =    379872.4592
                                                    Density    =         1.0218
 ------------------------------------------------------------------------------

wrapping first mol.:       26.32037       37.22263       64.47148
wrapping first mol.:       26.32037       37.22263       64.47148

 NSTEP =    34000   TIME(PS) =    2908.000  TEMP(K) =   298.66  PRESS =   -44.5
 Etot   =    -90999.2172  EKtot   =     23303.6719  EPtot      =   -114302.8891
 BOND   =       905.4657  ANGLE   =      2341.5313  DIHED      =      3515.4688
 1-4 NB =      1034.3921  1-4 EEL =     12262.1719  VDWAALS    =     13020.5741
 EELEC  =   -147382.4929  EHBOND  =         0.0000  RESTRAINT  =         0.0000
 EKCMT  =      9991.4354  VIRIAL  =     10355.2580  VOLUME     =    378982.8552
                                                    Density    =         1.0242
 ------------------------------------------------------------------------------

wrapping first mol.:       26.31823       37.21959       64.46622
wrapping first mol.:       26.31823       37.21959       64.46622

 NSTEP =    34500   TIME(PS) =    2909.000  TEMP(K) =   300.18  PRESS =   -13.4
 Etot   =    -91005.7760  EKtot   =     23422.3730  EPtot      =   -114428.1490
 BOND   =       910.8703  ANGLE   =      2355.4664  DIHED      =      3498.4131
 1-4 NB =      1020.1644  1-4 EEL =     12243.0670  VDWAALS    =     13377.9169
 EELEC  =   -147834.0471  EHBOND  =         0.0000  RESTRAINT  =         0.0000
 EKCMT  =     10107.4414  VIRIAL  =     10217.2964  VOLUME     =    378889.0444
                                                    Density    =         1.0245
 ------------------------------------------------------------------------------

wrapping first mol.:       26.33003       37.23629       64.49514
wrapping first mol.:       26.33003       37.23629       64.49514

 NSTEP =    35000   TIME(PS) =    2910.000  TEMP(K) =   298.38  PRESS =   -67.9
 Etot   =    -90885.0328  EKtot   =     23281.6973  EPtot      =   -114166.7301
 BOND   =       818.5824  ANGLE   =      2371.9862  DIHED      =      3493.2053
 1-4 NB =      1039.5048  1-4 EEL =     12249.6556  VDWAALS    =     13264.8365
 EELEC  =   -147404.5009  EHBOND  =         0.0000  RESTRAINT  =         0.0000
 EKCMT  =      9937.7363  VIRIAL  =     10494.2165  VOLUME     =    379401.1296
                                                    Density    =         1.0231
 ------------------------------------------------------------------------------

wrapping first mol.:       26.34166       37.25274       64.52363
wrapping first mol.:       26.34166       37.25274       64.52363

 NSTEP =    35500   TIME(PS) =    2911.000  TEMP(K) =   302.82  PRESS =  -109.0
 Etot   =    -90595.4471  EKtot   =     23628.2578  EPtot      =   -114223.7049
 BOND   =       859.1269  ANGLE   =      2314.3002  DIHED      =      3485.4702
 1-4 NB =      1024.7076  1-4 EEL =     12246.1774  VDWAALS    =     13134.1982
 EELEC  =   -147287.6854  EHBOND  =         0.0000  RESTRAINT  =         0.0000
 EKCMT  =     10090.7538  VIRIAL  =     10985.1070  VOLUME     =    379905.5023
                                                    Density    =         1.0217
 ------------------------------------------------------------------------------

wrapping first mol.:       26.35376       37.26985       64.55326
wrapping first mol.:       26.35376       37.26985       64.55326

 NSTEP =    36000   TIME(PS) =    2912.000  TEMP(K) =   301.10  PRESS =  -386.5
 Etot   =    -90751.2456  EKtot   =     23494.5176  EPtot      =   -114245.7632
 BOND   =       898.8126  ANGLE   =      2438.1640  DIHED      =      3498.9772
 1-4 NB =       997.7044  1-4 EEL =     12237.3221  VDWAALS    =     12885.6180
 EELEC  =   -147202.3614  EHBOND  =         0.0000  RESTRAINT  =         0.0000
 EKCMT  =     10118.3198  VIRIAL  =     13292.6793  VOLUME     =    380438.5851
                                                    Density    =         1.0203
 ------------------------------------------------------------------------------

wrapping first mol.:       26.35588       37.27284       64.55845
wrapping first mol.:       26.35588       37.27284       64.55845

 NSTEP =    36500   TIME(PS) =    2913.000  TEMP(K) =   298.77  PRESS =    58.8
 Etot   =    -90684.4584  EKtot   =     23312.7070  EPtot      =   -113997.1655
 BOND   =       855.2228  ANGLE   =      2269.3028  DIHED      =      3532.8651
 1-4 NB =      1037.0201  1-4 EEL =     12248.0941  VDWAALS    =     13364.2421
 EELEC  =   -147303.9124  EHBOND  =         0.0000  RESTRAINT  =         0.0000
 EKCMT  =     10015.7145  VIRIAL  =      9532.5488  VOLUME     =    380515.2601
                                                    Density    =         1.0201
 ------------------------------------------------------------------------------

wrapping first mol.:       26.33669       37.24570       64.51144
wrapping first mol.:       26.33669       37.24570       64.51144

 NSTEP =    37000   TIME(PS) =    2914.000  TEMP(K) =   300.90  PRESS =   -75.3
 Etot   =    -90676.1332  EKtot   =     23478.8477  EPtot      =   -114154.9809
 BOND   =       825.9936  ANGLE   =      2365.1708  DIHED      =      3499.1512
 1-4 NB =      1041.4299  1-4 EEL =     12226.2821  VDWAALS    =     13170.1344
 EELEC  =   -147283.1428  EHBOND  =         0.0000  RESTRAINT  =         0.0000
 EKCMT  =     10103.8946  VIRIAL  =     10721.1581  VOLUME     =    379689.0524
                                                    Density    =         1.0223
 ------------------------------------------------------------------------------

wrapping first mol.:       26.34244       37.25384       64.52554
wrapping first mol.:       26.34244       37.25384       64.52554

 NSTEP =    37500   TIME(PS) =    2915.000  TEMP(K) =   296.15  PRESS =  -132.6
 Etot   =    -91329.5124  EKtot   =     23107.9023  EPtot      =   -114437.4148
 BOND   =       878.2732  ANGLE   =      2328.0905  DIHED      =      3514.3712
 1-4 NB =      1016.8691  1-4 EEL =     12225.6103  VDWAALS    =     13282.1148
 EELEC  =   -147682.7439  EHBOND  =         0.0000  RESTRAINT  =         0.0000
 EKCMT  =      9960.2915  VIRIAL  =     11047.7723  VOLUME     =    379940.0123
                                                    Density    =         1.0217
 ------------------------------------------------------------------------------

wrapping first mol.:       26.33854       37.24831       64.51597
wrapping first mol.:       26.33854       37.24831       64.51597

 NSTEP =    38000   TIME(PS) =    2916.000  TEMP(K) =   302.14  PRESS =   -31.6
 Etot   =    -90766.9647  EKtot   =     23575.3086  EPtot      =   -114342.2733
 BOND   =       865.8489  ANGLE   =      2344.9474  DIHED      =      3482.3441
 1-4 NB =      1020.2821  1-4 EEL =     12241.1083  VDWAALS    =     13233.8216
 EELEC  =   -147530.6256  EHBOND  =         0.0000  RESTRAINT  =         0.0000
 EKCMT  =     10006.2161  VIRIAL  =     10265.7109  VOLUME     =    379767.5715
                                                    Density    =         1.0221
 ------------------------------------------------------------------------------

wrapping first mol.:       26.32574       37.23021       64.48461
wrapping first mol.:       26.32574       37.23021       64.48461

 NSTEP =    38500   TIME(PS) =    2917.000  TEMP(K) =   299.20  PRESS =   111.8
 Etot   =    -90843.0345  EKtot   =     23346.3770  EPtot      =   -114189.4115
 BOND   =       846.8208  ANGLE   =      2401.2703  DIHED      =      3510.8705
 1-4 NB =      1005.1095  1-4 EEL =     12185.2830  VDWAALS    =     13158.3083
 EELEC  =   -147297.0739  EHBOND  =         0.0000  RESTRAINT  =         0.0000
 EKCMT  =     10052.6589  VIRIAL  =      9137.6303  VOLUME     =    379209.2643
                                                    Density    =         1.0236
 ------------------------------------------------------------------------------

wrapping first mol.:       26.33561       37.24418       64.50881
wrapping first mol.:       26.33561       37.24418       64.50881

 NSTEP =    39000   TIME(PS) =    2918.000  TEMP(K) =   298.60  PRESS =   147.2
 Etot   =    -90863.6306  EKtot   =     23298.8867  EPtot      =   -114162.5173
 BOND   =       836.5762  ANGLE   =      2320.8026  DIHED      =      3457.0833
 1-4 NB =      1029.8943  1-4 EEL =     12263.0159  VDWAALS    =     13370.5319
 EELEC  =   -147440.4215  EHBOND  =         0.0000  RESTRAINT  =         0.0000
 EKCMT  =      9930.1685  VIRIAL  =      8723.2623  VOLUME     =    379635.1137
                                                    Density    =         1.0225
 ------------------------------------------------------------------------------

wrapping first mol.:       26.33084       37.23743       64.49711
wrapping first mol.:       26.33084       37.23743       64.49711

 NSTEP =    39500   TIME(PS) =    2919.000  TEMP(K) =   296.44  PRESS =    49.6
 Etot   =    -91306.1368  EKtot   =     23130.8691  EPtot      =   -114437.0060
 BOND   =       868.3383  ANGLE   =      2373.2978  DIHED      =      3500.4894
 1-4 NB =      1018.5777  1-4 EEL =     12263.2152  VDWAALS    =     13561.7342
 EELEC  =   -148022.6586  EHBOND  =         0.0000  RESTRAINT  =         0.0000
 EKCMT  =      9930.5555  VIRIAL  =      9524.2506  VOLUME     =    379431.9222
                                                    Density    =         1.0230
 ------------------------------------------------------------------------------

wrapping first mol.:       26.32572       37.23019       64.48457
wrapping first mol.:       26.32572       37.23019       64.48457

 NSTEP =    40000   TIME(PS) =    2920.000  TEMP(K) =   299.82  PRESS =    39.3
 Etot   =    -90786.8238  EKtot   =     23394.6602  EPtot      =   -114181.4840
 BOND   =       868.1935  ANGLE   =      2281.0947  DIHED      =      3504.7157
 1-4 NB =      1042.3420  1-4 EEL =     12293.4744  VDWAALS    =     13441.3508
 EELEC  =   -147612.6552  EHBOND  =         0.0000  RESTRAINT  =         0.0000
 EKCMT  =      9915.3123  VIRIAL  =      9593.4210  VOLUME     =    379210.9572
                                                    Density    =         1.0236
 ------------------------------------------------------------------------------

wrapping first mol.:       26.34733       37.26074       64.53750
wrapping first mol.:       26.34733       37.26074       64.53750

 NSTEP =    40500   TIME(PS) =    2921.000  TEMP(K) =   301.71  PRESS =    64.6
 Etot   =    -90355.7876  EKtot   =     23541.9375  EPtot      =   -113897.7251
 BOND   =       859.3741  ANGLE   =      2311.9414  DIHED      =      3505.5134
 1-4 NB =      1028.6527  1-4 EEL =     12250.1211  VDWAALS    =     13096.8131
 EELEC  =   -146950.1409  EHBOND  =         0.0000  RESTRAINT  =         0.0000
 EKCMT  =     10088.3723  VIRIAL  =      9558.1239  VOLUME     =    380144.5906
                                                    Density    =         1.0211
 ------------------------------------------------------------------------------

wrapping first mol.:       26.34301       37.25464       64.52692
wrapping first mol.:       26.34301       37.25464       64.52692

 NSTEP =    41000   TIME(PS) =    2922.000  TEMP(K) =   298.48  PRESS =     3.2
 Etot   =    -90670.7411  EKtot   =     23289.6211  EPtot      =   -113960.3621
 BOND   =       849.1765  ANGLE   =      2324.6013  DIHED      =      3479.5236
 1-4 NB =      1044.0200  1-4 EEL =     12307.3693  VDWAALS    =     13054.3070
 EELEC  =   -147019.3599  EHBOND  =         0.0000  RESTRAINT  =         0.0000
 EKCMT  =      9949.9767  VIRIAL  =      9923.7305  VOLUME     =    379959.8890
                                                    Density    =         1.0216
 ------------------------------------------------------------------------------

wrapping first mol.:       26.33192       37.23895       64.49975
wrapping first mol.:       26.33192       37.23895       64.49975

 NSTEP =    41500   TIME(PS) =    2923.000  TEMP(K) =   295.42  PRESS =     0.3
 Etot   =    -91175.3904  EKtot   =     23051.1152  EPtot      =   -114226.5057
 BOND   =       854.6941  ANGLE   =      2392.1408  DIHED      =      3477.0151
 1-4 NB =      1040.9430  1-4 EEL =     12190.9885  VDWAALS    =     13233.5539
 EELEC  =   -147415.8411  EHBOND  =         0.0000  RESTRAINT  =         0.0000
 EKCMT  =      9955.1329  VIRIAL  =      9953.0146  VOLUME     =    379480.2176
                                                    Density    =         1.0229
 ------------------------------------------------------------------------------

wrapping first mol.:       26.33745       37.24677       64.51330
wrapping first mol.:       26.33745       37.24677       64.51330

 NSTEP =    42000   TIME(PS) =    2924.000  TEMP(K) =   301.50  PRESS =  -132.3
 Etot   =    -90751.4712  EKtot   =     23525.8398  EPtot      =   -114277.3110
 BOND   =       851.8442  ANGLE   =      2355.2338  DIHED      =      3489.3785
 1-4 NB =      1018.3184  1-4 EEL =     12271.7517  VDWAALS    =     13048.7542
 EELEC  =   -147312.5918  EHBOND  =         0.0000  RESTRAINT  =         0.0000
 EKCMT  =     10041.8252  VIRIAL  =     11126.8354  VOLUME     =    379723.8211
                                                    Density    =         1.0222
 ------------------------------------------------------------------------------

wrapping first mol.:       26.33710       37.24629       64.51245
wrapping first mol.:       26.33710       37.24629       64.51245

 NSTEP =    42500   TIME(PS) =    2925.000  TEMP(K) =   298.07  PRESS =  -178.2
 Etot   =    -91037.3357  EKtot   =     23257.5000  EPtot      =   -114294.8357
 BOND   =       875.3355  ANGLE   =      2340.7533  DIHED      =      3490.3879
 1-4 NB =      1041.8235  1-4 EEL =     12213.8938  VDWAALS    =     13286.4804
 EELEC  =   -147543.5101  EHBOND  =         0.0000  RESTRAINT  =         0.0000
 EKCMT  =      9974.8301  VIRIAL  =     11435.7717  VOLUME     =    379710.4660
                                                    Density    =         1.0223
 ------------------------------------------------------------------------------

wrapping first mol.:       26.34552       37.25819       64.53307
wrapping first mol.:       26.34552       37.25819       64.53307

 NSTEP =    43000   TIME(PS) =    2926.000  TEMP(K) =   301.37  PRESS =   206.0
 Etot   =    -90701.9551  EKtot   =     23515.0391  EPtot      =   -114216.9942
 BOND   =       906.9435  ANGLE   =      2364.5190  DIHED      =      3512.5053
 1-4 NB =      1040.5778  1-4 EEL =     12230.6695  VDWAALS    =     13289.1450
 EELEC  =   -147561.3543  EHBOND  =         0.0000  RESTRAINT  =         0.0000
 EKCMT  =     10018.6579  VIRIAL  =      8328.6045  VOLUME     =    380061.6410
                                                    Density    =         1.0213
 ------------------------------------------------------------------------------

wrapping first mol.:       26.33606       37.24482       64.50991
wrapping first mol.:       26.33606       37.24482       64.50991

 NSTEP =    43500   TIME(PS) =    2927.000  TEMP(K) =   302.45  PRESS =   -18.4
 Etot   =    -90394.1069  EKtot   =     23599.2949  EPtot      =   -113993.4018
 BOND   =       891.3607  ANGLE   =      2378.9642  DIHED      =      3486.8943
 1-4 NB =      1038.8215  1-4 EEL =     12223.8368  VDWAALS    =     13192.7260
 EELEC  =   -147206.0053  EHBOND  =         0.0000  RESTRAINT  =         0.0000
 EKCMT  =     10099.4310  VIRIAL  =     10250.5752  VOLUME     =    379660.1584
                                                    Density    =         1.0224
 ------------------------------------------------------------------------------

wrapping first mol.:       26.34634       37.25935       64.53508
wrapping first mol.:       26.34634       37.25935       64.53508

 NSTEP =    44000   TIME(PS) =    2928.000  TEMP(K) =   299.08  PRESS =   -61.1
 Etot   =    -90639.3014  EKtot   =     23336.7520  EPtot      =   -113976.0534
 BOND   =       837.7080  ANGLE   =      2304.2028  DIHED      =      3503.8966
 1-4 NB =      1030.6002  1-4 EEL =     12253.9397  VDWAALS    =     13068.6634
 EELEC  =   -146975.0641  EHBOND  =         0.0000  RESTRAINT  =         0.0000
 EKCMT  =     10033.6814  VIRIAL  =     10534.9628  VOLUME     =    380106.1798
                                                    Density    =         1.0212
 ------------------------------------------------------------------------------

wrapping first mol.:       26.34797       37.26165       64.53907
wrapping first mol.:       26.34797       37.26165       64.53907

 NSTEP =    44500   TIME(PS) =    2929.000  TEMP(K) =   300.45  PRESS =    88.6
 Etot   =    -90678.8736  EKtot   =     23443.8574  EPtot      =   -114122.7310
 BOND   =       827.6677  ANGLE   =      2435.8779  DIHED      =      3513.7404
 1-4 NB =      1028.5020  1-4 EEL =     12206.7470  VDWAALS    =     13422.0245
 EELEC  =   -147557.2904  EHBOND  =         0.0000  RESTRAINT  =         0.0000
 EKCMT  =      9954.4186  VIRIAL  =      9226.7606  VOLUME     =    380171.6450
                                                    Density    =         1.0210
 ------------------------------------------------------------------------------

wrapping first mol.:       26.35264       37.26826       64.55051
wrapping first mol.:       26.35264       37.26826       64.55051

 NSTEP =    45000   TIME(PS) =    2930.000  TEMP(K) =   297.96  PRESS =   -34.7
 Etot   =    -91039.8529  EKtot   =     23249.3438  EPtot      =   -114289.1967
 BOND   =       813.9968  ANGLE   =      2357.1178  DIHED      =      3495.7980
 1-4 NB =      1036.2503  1-4 EEL =     12300.3892  VDWAALS    =     13284.2236
 EELEC  =   -147576.9723  EHBOND  =         0.0000  RESTRAINT  =         0.0000
 EKCMT  =      9949.5585  VIRIAL  =     10234.2345  VOLUME     =    380378.0149
                                                    Density    =         1.0205
 ------------------------------------------------------------------------------

wrapping first mol.:       26.34399       37.25603       64.52934
wrapping first mol.:       26.34399       37.25603       64.52934

 NSTEP =    45500   TIME(PS) =    2931.000  TEMP(K) =   297.55  PRESS =   -32.1
 Etot   =    -91147.0889  EKtot   =     23217.6211  EPtot      =   -114364.7100
 BOND   =       837.6050  ANGLE   =      2356.4936  DIHED      =      3501.7748
 1-4 NB =      1024.1981  1-4 EEL =     12258.7707  VDWAALS    =     13187.2504
 EELEC  =   -147530.8026  EHBOND  =         0.0000  RESTRAINT  =         0.0000
 EKCMT  =      9923.4314  VIRIAL  =     10186.8012  VOLUME     =    380003.7338
                                                    Density    =         1.0215
 ------------------------------------------------------------------------------

wrapping first mol.:       26.33803       37.24760       64.51474
wrapping first mol.:       26.33803       37.24760       64.51474

 NSTEP =    46000   TIME(PS) =    2932.000  TEMP(K) =   301.36  PRESS =  -254.3
 Etot   =    -90815.0793  EKtot   =     23514.6367  EPtot      =   -114329.7160
 BOND   =       870.8892  ANGLE   =      2354.2413  DIHED      =      3466.5401
 1-4 NB =      1025.9478  1-4 EEL =     12289.9011  VDWAALS    =     12966.9354
 EELEC  =   -147304.1710  EHBOND  =         0.0000  RESTRAINT  =         0.0000
 EKCMT  =     10095.2755  VIRIAL  =     12180.5462  VOLUME     =    379753.3790
                                                    Density    =         1.0222
 ------------------------------------------------------------------------------

wrapping first mol.:       26.34783       37.26146       64.53874
wrapping first mol.:       26.34783       37.26146       64.53874

 NSTEP =    46500   TIME(PS) =    2933.000  TEMP(K) =   299.43  PRESS =    -0.1
 Etot   =    -90771.7278  EKtot   =     23363.8594  EPtot      =   -114135.5872
 BOND   =       856.7579  ANGLE   =      2395.7757  DIHED      =      3463.0479
 1-4 NB =      1031.5171  1-4 EEL =     12300.8159  VDWAALS    =     13284.9874
 EELEC  =   -147468.4891  EHBOND  =         0.0000  RESTRAINT  =         0.0000
 EKCMT  =      9927.9255  VIRIAL  =      9928.4722  VOLUME     =    380168.8484
                                                    Density    =         1.0210
 ------------------------------------------------------------------------------

wrapping first mol.:       26.34537       37.25798       64.53272
wrapping first mol.:       26.34537       37.25798       64.53272

 NSTEP =    47000   TIME(PS) =    2934.000  TEMP(K) =   301.45  PRESS =   362.4
 Etot   =    -90409.2483  EKtot   =     23521.9082  EPtot      =   -113931.1565
 BOND   =       903.2186  ANGLE   =      2307.6982  DIHED      =      3464.3264
 1-4 NB =      1036.8102  1-4 EEL =     12267.0594  VDWAALS    =     13560.1648
 EELEC  =   -147470.4342  EHBOND  =         0.0000  RESTRAINT  =         0.0000
 EKCMT  =     10066.4091  VIRIAL  =      7092.3053  VOLUME     =    380050.0285
                                                    Density    =         1.0214
 ------------------------------------------------------------------------------

wrapping first mol.:       26.32792       37.23329       64.48995
wrapping first mol.:       26.32792       37.23329       64.48995

 NSTEP =    47500   TIME(PS) =    2935.000  TEMP(K) =   297.60  PRESS =   -83.5
 Etot   =    -90914.9289  EKtot   =     23221.3262  EPtot      =   -114136.2550
 BOND   =       869.8699  ANGLE   =      2374.1676  DIHED      =      3493.5731
 1-4 NB =      1018.2647  1-4 EEL =     12282.8279  VDWAALS    =     13095.5524
 EELEC  =   -147270.5108  EHBOND  =         0.0000  RESTRAINT  =         0.0000
 EKCMT  =     10029.5384  VIRIAL  =     10713.4982  VOLUME     =    379310.0901
                                                    Density    =         1.0234
 ------------------------------------------------------------------------------

wrapping first mol.:       26.33455       37.24268       64.50621
wrapping first mol.:       26.33455       37.24268       64.50621

 NSTEP =    48000   TIME(PS) =    2936.000  TEMP(K) =   297.66  PRESS =  -154.8
 Etot   =    -90972.8840  EKtot   =     23225.9844  EPtot      =   -114198.8684
 BOND   =       852.5686  ANGLE   =      2386.8053  DIHED      =      3496.9972
 1-4 NB =      1036.8619  1-4 EEL =     12273.5555  VDWAALS    =     13341.2004
 EELEC  =   -147586.8573  EHBOND  =         0.0000  RESTRAINT  =         0.0000
 EKCMT  =     10009.1902  VIRIAL  =     11277.6844  VOLUME     =    379599.4645
                                                    Density    =         1.0226
 ------------------------------------------------------------------------------

wrapping first mol.:       26.34890       37.26296       64.54134
wrapping first mol.:       26.34890       37.26296       64.54134

 NSTEP =    48500   TIME(PS) =    2937.000  TEMP(K) =   298.61  PRESS =   101.3
 Etot   =    -90999.8340  EKtot   =     23299.7012  EPtot      =   -114299.5352
 BOND   =       861.1643  ANGLE   =      2314.5545  DIHED      =      3491.8094
 1-4 NB =      1055.1242  1-4 EEL =     12320.0627  VDWAALS    =     13325.8941
 EELEC  =   -147668.1444  EHBOND  =         0.0000  RESTRAINT  =         0.0000
 EKCMT  =      9959.3816  VIRIAL  =      9127.7927  VOLUME     =    380211.3295
                                                    Density    =         1.0209
 ------------------------------------------------------------------------------

wrapping first mol.:       26.35133       37.26640       64.54730
wrapping first mol.:       26.35133       37.26640       64.54730

 NSTEP =    49000   TIME(PS) =    2938.000  TEMP(K) =   299.80  PRESS =     4.6
 Etot   =    -90664.5471  EKtot   =     23393.2012  EPtot      =   -114057.7483
 BOND   =       880.7495  ANGLE   =      2348.3670  DIHED      =      3498.6496
 1-4 NB =      1024.8314  1-4 EEL =     12305.7981  VDWAALS    =     13075.2170
 EELEC  =   -147191.3609  EHBOND  =         0.0000  RESTRAINT  =         0.0000
 EKCMT  =      9955.2934  VIRIAL  =      9917.9005  VOLUME     =    380319.8428
                                                    Density    =         1.0206
 ------------------------------------------------------------------------------

wrapping first mol.:       26.34067       37.25132       64.52118
wrapping first mol.:       26.34067       37.25132       64.52118

 NSTEP =    49500   TIME(PS) =    2939.000  TEMP(K) =   301.75  PRESS =    63.9
 Etot   =    -90783.4820  EKtot   =     23544.9648  EPtot      =   -114328.4468
 BOND   =       868.2503  ANGLE   =      2401.7000  DIHED      =      3492.9439
 1-4 NB =      1031.3748  1-4 EEL =     12319.9402  VDWAALS    =     13391.1381
 EELEC  =   -147833.7941  EHBOND  =         0.0000  RESTRAINT  =         0.0000
 EKCMT  =     10035.3101  VIRIAL  =      9511.1086  VOLUME     =    379856.4084
                                                    Density    =         1.0219
 ------------------------------------------------------------------------------

wrapping first mol.:       26.34468       37.25701       64.53102
wrapping first mol.:       26.34468       37.25701       64.53102

 NSTEP =    50000   TIME(PS) =    2940.000  TEMP(K) =   298.51  PRESS =   -50.7
 Etot   =    -91130.3282  EKtot   =     23292.0273  EPtot      =   -114422.3556
 BOND   =       824.1249  ANGLE   =      2357.0280  DIHED      =      3525.9743
 1-4 NB =      1035.1617  1-4 EEL =     12342.3176  VDWAALS    =     13073.6389
 EELEC  =   -147580.6010  EHBOND  =         0.0000  RESTRAINT  =         0.0000
 EKCMT  =     10023.2079  VIRIAL  =     10439.2120  VOLUME     =    380034.0966
                                                    Density    =         1.0214
 ------------------------------------------------------------------------------


      A V E R A G E S   O V E R     100 S T E P S


 NSTEP =    50000   TIME(PS) =    2940.000  TEMP(K) =   299.81  PRESS =   -15.3
 Etot   =    -90791.9923  EKtot   =     23393.5322  EPtot      =   -114185.5245
 BOND   =       863.4369  ANGLE   =      2345.2582  DIHED      =      3492.2076
 1-4 NB =      1031.8521  1-4 EEL =     12253.8729  VDWAALS    =     13216.2959
 EELEC  =   -147388.4481  EHBOND  =         0.0000  RESTRAINT  =         0.0000
 EKCMT  =     10032.5766  VIRIAL  =     10157.8103  VOLUME     =    379982.5617
                                                    Density    =         1.0215
 ------------------------------------------------------------------------------


      R M S  F L U C T U A T I O N S


 NSTEP =    50000   TIME(PS) =    2940.000  TEMP(K) =     1.69  PRESS =   134.6
 Etot   =       220.4289  EKtot   =       131.4935  EPtot      =       164.2965
 BOND   =        26.0657  ANGLE   =        38.1188  DIHED      =        17.8190
 1-4 NB =        13.5766  1-4 EEL =        35.7406  VDWAALS    =       144.7100
 EELEC  =       240.9728  EHBOND  =         0.0000  RESTRAINT  =         0.0000
 EKCMT  =        73.8642  VIRIAL  =      1112.6109  VOLUME     =       470.6070
                                                    Density    =         0.0013
 ------------------------------------------------------------------------------

--------------------------------------------------------------------------------
   5.  TIMINGS
--------------------------------------------------------------------------------

|  NonSetup CPU Time in Major Routines:
|
|     Routine           Sec        %
|     ------------------------------
|     Nonbond         212.24   88.67
|     Bond              0.00    0.00
|     Angle             0.00    0.00
|     Dihedral          0.00    0.00
|     Shake             0.34    0.14
|     RunMD            26.72   11.16
|     Other             0.07    0.03
|     ------------------------------
|     Total           239.36

|  PME Nonbond Pairlist CPU Time:
|
|     Routine              Sec        %
|     ---------------------------------
|     Set Up Cit           0.00    0.00
|     Build List           0.00    0.00
|     ---------------------------------
|     Total                0.00    0.00

|  PME Direct Force CPU Time:
|
|     Routine              Sec        %
|     ---------------------------------
|     NonBonded Calc       0.00    0.00
|     Exclude Masked       0.00    0.00
|     Other                0.03    0.01
|     ---------------------------------
|     Total                0.03    0.01

|  PME Reciprocal Force CPU Time:
|
|     Routine              Sec        %
|     ---------------------------------
|     1D bspline           0.00    0.00
|     Grid Charges         0.00    0.00
|     Scalar Sum           0.00    0.00
|     Gradient Sum         0.00    0.00
|     FFT                  0.00    0.00
|     ---------------------------------
|     Total                0.00    0.00

|  Final Performance Info:
|     -----------------------------------------------------
|     Average timings for last    2000 steps:
|     Elapsed(s) =       9.65 Per Step(ms) =       4.82
|         ns/day =      35.82   seconds/ns =    2412.10
|
|     Average timings for all steps:
|     Elapsed(s) =     336.63 Per Step(ms) =       6.73
|         ns/day =      25.67   seconds/ns =    3366.35
|     -----------------------------------------------------

|  Setup CPU time:            0.58 seconds
|  NonSetup CPU time:       239.36 seconds
|  Total CPU time:          239.93 seconds     0.07 hours

|  Setup wall time:           0    seconds
|  NonSetup wall time:      337    seconds
|  Total wall time:         337    seconds     0.09 hours
