\BOOKMARK [1][-]{section.1}{Abstract}{}% 1
\BOOKMARK [1][-]{section.2}{Introduction}{}% 2
\BOOKMARK [1][-]{section.3}{Methods}{}% 3
\BOOKMARK [1][-]{section.4}{Results}{}% 4
\BOOKMARK [2][-]{subsection.4.1}{1HVR\137APO}{section.4}% 5
\BOOKMARK [2][-]{subsection.4.2}{1HVR\137HOLO}{section.4}% 6
\BOOKMARK [2][-]{subsection.4.3}{1XKK}{section.4}% 7
\BOOKMARK [2][-]{subsection.4.4}{1M14}{section.4}% 8
\BOOKMARK [2][-]{subsection.4.5}{1PRN}{section.4}% 9
\BOOKMARK [2][-]{subsection.4.6}{256L}{section.4}% 10
\BOOKMARK [1][-]{section.5}{Results HI PRECISION}{}% 11
\BOOKMARK [2][-]{subsection.5.1}{1HVR\137APO}{section.5}% 12
\BOOKMARK [2][-]{subsection.5.2}{1HVR\137HOLO}{section.5}% 13
\BOOKMARK [2][-]{subsection.5.3}{1XKK}{section.5}% 14
\BOOKMARK [2][-]{subsection.5.4}{1M14}{section.5}% 15
\BOOKMARK [2][-]{subsection.5.5}{1PRN}{section.5}% 16
\BOOKMARK [2][-]{subsection.5.6}{256L}{section.5}% 17
\BOOKMARK [1][-]{section.6}{Discussion}{}% 18
\BOOKMARK [1][-]{section.7}{Supporting Information}{}% 19
\BOOKMARK [2][-]{subsection.7.1}{Molecular Dynamics}{section.7}% 20
