# Log started on 11/25/2016 [mm/dd/yyyy] at 10:19:45
# Log started on 11/25/2016 [mm/dd/yyyy] at 10:21:26
# Command line arguments: -p 256l.prmtop
# Loaded topologies: 256l.prmtop
# Log started on 11/25/2016 [mm/dd/yyyy] at 10:22:33
# Command line arguments: -p 256l.prmtop
# Loaded topologies: 256l.prmtop
strip :WAT
help
outparm 256l_na.prmtop
go
# Log started on 11/25/2016 [mm/dd/yyyy] at 10:25:06
# Command line arguments: -p 1prn.prmtop
# Loaded topologies: 1prn.prmtop
strip :WAT
go
# Log started on 11/25/2016 [mm/dd/yyyy] at 10:25:18
# Command line arguments: -p 1prn.prmtop
# Loaded topologies: 1prn.prmtop
strip :WAT
outparm 1prn_na.prmtop
go
