
          -------------------------------------------------------
          Amber 16 PMEMD                              2016
          -------------------------------------------------------

| PMEMD implementation of SANDER, Release 16

| Run on 11/16/2016 at 00:24:08

|   Executable path: pmemd.cuda
| Working directory: /home/german/exs/run/256l/mhe/e
|          Hostname: Unknown
  [-O]verwriting output

File Assignments:
|   MDIN: 10equ.in                                                              
|  MDOUT: 10equ.out                                                             
| INPCRD: 9e256l.rst7                                                           
|   PARM: 256l.prmtop                                                           
| RESTRT: 10e256l.rst7                                                          
|   REFC: 9e256l.rst7                                                           
|  MDVEL: mdvel                                                                 
|   MDEN: mden                                                                  
|  MDCRD: 10e256l.nc                                                            
| MDINFO: mdinfo                                                                
|  MDFRC: mdfrc                                                                 


 Here is the input file:

Equilibration with solute restrictions                                         
&cntrl                                                                         
imin = 0,                           ! No Minimization                          
nmropt = 0,                         ! No NMR restraints read                   
                                                                               
! Nature and format of the input                                               
ntx = 5,                            ! Coordinates but no velocities will be rea
irest = 1,                          ! Do not run a new simulation              
                                                                               
! Nature and format of the output                                              
ntxo = 1,                           ! rstrt file in ASCII format               
ntpr = 500,                         ! inf in output every ntpr steps           
ntwr = 500,                         ! rstrt file every ntwr steps              
ntwx = 500,                         ! mdcrd file every ntwx steps              
ntwv = 0,                           ! mdvel without velocities                 
ntwe = 0,                           ! Energies and temperatures not written in 
idecomp = 0,                        ! No energy decomposition                  
iwrap = 1,                          ! Coordinates of the restart and mdcrd file
                                                                               
! Frozen or restrained atoms                                                   
ibelly = 0,                         ! No frozen atoms                          
ntr=1,                              ! Harmonic potential restraints            
restraint_wt = 9.0,                ! The weight for the positional restraints  
restraintmask = ':1-164@N,CA,C,O',  ! restrained residues                      
                                                                               
! Molecular dynamics                                                           
nstlim = 50000,                     ! Number of MD-steps                       
dt = 0.002,                         ! Time step                                
                                                                               
! Temperature regulation                                                       
ntt = 3,                            ! Langevin thermostat                      
gamma_ln = 5,                       ! Gamma constant for Langevin              
!temp0 = 300.0,                     ! Reference T at which the system is to be 
tempi = 300.0,                      ! Initial T                                
ig = -1,                            ! Seed for the RNG                         
                                                                               
! P and V regulation                                                           
ntp = 1,                            ! Constant P. Isotropic scaling            
barostat = 1,                       ! Berendsen barostat                       
taup = 1,                           ! Pressure relaxation time                 
nrespa = 1,                         ! Evaluate at each step                    
ntb = 2,                            ! Periodic box for constant P              
                                                                               
! SHAKE variables                                                              
ntc = 2,                            ! Bonds involving H are constrained        
ntf = 2,                            ! Bond interaction involving H are ommited.
                                                                               
cut = 10.0,                         ! Nonbonded cutoff                         
/                                                                              
&end                                                                           


Note: ig = -1. Setting random seed to   766726 based on wallclock time in 
      microseconds.
 
|--------------------- INFORMATION ----------------------
| GPU (CUDA) Version of PMEMD in use: NVIDIA GPU IN USE.
|                    Version 16.0.0
| 
|                      02/25/2016
| 
| Implementation by:
|                    Ross C. Walker     (SDSC)
|                    Scott Le Grand     (nVIDIA)
| 
| Precision model in use:
|      [SPFP] - Single Precision Forces, 64-bit Fixed Point
|               Accumulation. (Default)
| 
|--------------------------------------------------------
 
|----------------- CITATION INFORMATION -----------------
|
|    When publishing work that utilized the CUDA version
|    of AMBER, please cite the following in addition to
|    the regular AMBER citations:
|
|  - Romelia Salomon-Ferrer; Andreas W. Goetz; Duncan
|    Poole; Scott Le Grand; Ross C. Walker "Routine
|    microsecond molecular dynamics simulations with
|    AMBER - Part II: Particle Mesh Ewald", J. Chem.
|    Theory Comput., 2013, 9 (9), pp3878-3888,
|    DOI: 10.1021/ct400314y.
|
|  - Andreas W. Goetz; Mark J. Williamson; Dong Xu;
|    Duncan Poole; Scott Le Grand; Ross C. Walker
|    "Routine microsecond molecular dynamics simulations
|    with AMBER - Part I: Generalized Born", J. Chem.
|    Theory Comput., 2012, 8 (5), pp1542-1555.
|
|  - Scott Le Grand; Andreas W. Goetz; Ross C. Walker
|    "SPFP: Speed without compromise - a mixed precision
|    model for GPU accelerated molecular dynamics
|    simulations.", Comp. Phys. Comm., 2013, 184
|    pp374-380, DOI: 10.1016/j.cpc.2012.09.022
|
|--------------------------------------------------------
 
|------------------- GPU DEVICE INFO --------------------
|
|            CUDA_VISIBLE_DEVICES: 0
|   CUDA Capable Devices Detected:      1
|           CUDA Device ID in use:      0
|                CUDA Device Name: GeForce GTX 1060 6GB
|     CUDA Device Global Mem Size:   6072 MB
| CUDA Device Num Multiprocessors:     10
|           CUDA Device Core Freq:   1.76 GHz
|
|--------------------------------------------------------
 
 
| Conditional Compilation Defines Used:
| PUBFFT
| BINTRAJ
| CUDA
| EMIL

| Largest sphere to fit in unit cell has radius =    28.829

| New format PARM file being parsed.
| Version =    1.000 Date = 11/06/16 Time = 21:27:50

| Note: 1-4 EEL scale factors are being read from the topology file.

| Note: 1-4 VDW scale factors are being read from the topology file.
| Duplicated    0 dihedrals

| Duplicated    0 dihedrals

--------------------------------------------------------------------------------
   1.  RESOURCE   USE: 
--------------------------------------------------------------------------------

 getting new box info from bottom of inpcrd
 NATOM  =   27265 NTYPES =      17 NBONH =   25948 MBONA  =    1329
 NTHETH =    3021 MTHETA =    1791 NPHIH =    6129 MPHIA  =    5620
 NHPARM =       0 NPARM  =       0 NNB   =   47372 NRES   =    8376
 NBONA  =    1329 NTHETA =    1791 NPHIA =    5620 NUMBND =      69
 NUMANG =     154 NPTRA  =     196 NATYP =      37 NPHB   =       1
 IFBOX  =       2 NMXRS  =      24 IFCAP =       0 NEXTRA =       0
 NCOPY  =       0

| Coordinate Index Table dimensions:    11   11   11
| Direct force subcell size =     6.4197    6.4197    6.4197

     BOX TYPE: TRUNCATED OCTAHEDRON

--------------------------------------------------------------------------------
   2.  CONTROL  DATA  FOR  THE  RUN
--------------------------------------------------------------------------------

default_name                                                                    

General flags:
     imin    =       0, nmropt  =       0

Nature and format of input:
     ntx     =       5, irest   =       1, ntrx    =       1

Nature and format of output:
     ntxo    =       1, ntpr    =     500, ntrx    =       1, ntwr    =     500
     iwrap   =       1, ntwx    =     500, ntwv    =       0, ntwe    =       0
     ioutfm  =       1, ntwprt  =       0, idecomp =       0, rbornstat=      0

Potential function:
     ntf     =       2, ntb     =       2, igb     =       0, nsnb    =      25
     ipol    =       0, gbsa    =       0, iesp    =       0
     dielc   =   1.00000, cut     =  10.00000, intdiel =   1.00000

Frozen or restrained atoms:
     ibelly  =       0, ntr     =       1
     restraint_wt =   9.00000

Molecular dynamics:
     nstlim  =     50000, nscm    =         0, nrespa  =         1
     t       =   0.00000, dt      =   0.00200, vlimit  =  -1.00000

Langevin dynamics temperature regulation:
     ig      =  766726
     temp0   = 300.00000, tempi   = 300.00000, gamma_ln=   5.00000

Pressure regulation:
     ntp     =       1
     pres0   =   1.00000, comp    =  44.60000, taup    =   1.00000

SHAKE:
     ntc     =       2, jfastw  =       0
     tol     =   0.00001

| Intermolecular bonds treatment:
|     no_intermolecular_bonds =       1

| Energy averages sample interval:
|     ene_avg_sampling =     500

Ewald parameters:
     verbose =       0, ew_type =       0, nbflag  =       1, use_pme =       1
     vdwmeth =       1, eedmeth =       1, netfrc  =       1
     Box X =   70.617   Box Y =   70.617   Box Z =   70.617
     Alpha =  109.471   Beta  =  109.471   Gamma =  109.471
     NFFT1 =   72       NFFT2 =   72       NFFT3 =   72
     Cutoff=   10.000   Tol   =0.100E-04
     Ewald Coefficient =  0.27511
     Interpolation order =    4

    LOADING THE CONSTRAINED ATOMS AS GROUPS


   5.  REFERENCE ATOM COORDINATES

  default_name                                                                    
     Mask :1-164@N,CA,C,O; matches   656 atoms

--------------------------------------------------------------------------------
   3.  ATOMIC COORDINATES AND VELOCITIES
--------------------------------------------------------------------------------

default_name                                                                    
 begin time read from input coords =  1040.000 ps

 
 Number of triangulated 3-point waters found:     8204

     Sum of charges from parm topology file =  -0.00000007
     Forcing neutrality...

| Dynamic Memory, Types Used:
| Reals             1306492
| Integers           933163

| Nonbonded Pairs Initial Allocation:     8246980

| GPU memory information (estimate):
| KB of GPU memory in use:    206566
| KB of CPU memory in use:     40678

--------------------------------------------------------------------------------
   4.  RESULTS
--------------------------------------------------------------------------------

 ---------------------------------------------------
 APPROXIMATING switch and d/dx switch using CUBIC SPLINE INTERPOLATION
 using   5000.0 points per unit in tabled values
 TESTING RELATIVE ERROR over r ranging from 0.0 to cutoff
| CHECK switch(x): max rel err =   0.2738E-14   at   2.422500
| CHECK d/dx switch(x): max rel err =   0.8314E-11   at   2.736960
 ---------------------------------------------------
|---------------------------------------------------
| APPROXIMATING direct energy using CUBIC SPLINE INTERPOLATION
|  with   50.0 points per unit in tabled values
| Relative Error Limit not exceeded for r .gt.   2.33
| APPROXIMATING direct force using CUBIC SPLINE INTERPOLATION
|  with   50.0 points per unit in tabled values
| Relative Error Limit not exceeded for r .gt.   2.80
|---------------------------------------------------
wrapping first mol.:       23.54468       33.29721       57.67245
wrapping first mol.:       23.54468       33.29721       57.67245

 NSTEP =      500   TIME(PS) =    1041.000  TEMP(K) =   300.60  PRESS =    52.0
 Etot   =    -67945.9409  EKtot   =     16680.1992  EPtot      =    -84626.1402
 BOND   =       501.5753  ANGLE   =      1258.9214  DIHED      =      2069.3639
 1-4 NB =       618.9971  1-4 EEL =      5287.7005  VDWAALS    =      9930.4437
 EELEC  =   -104435.6247  EHBOND  =         0.0000  RESTRAINT  =       142.4827
 EAMBER (non-restraint)  =    -84768.6228
 EKCMT  =      7298.5282  VIRIAL  =      6994.1465  VOLUME     =    271280.2929
                                                    Density    =         1.0205
 ------------------------------------------------------------------------------

wrapping first mol.:       23.55568       33.31276       57.69938
wrapping first mol.:       23.55568       33.31276       57.69938

 NSTEP =     1000   TIME(PS) =    1042.000  TEMP(K) =   301.49  PRESS =    67.6
 Etot   =    -67909.0022  EKtot   =     16729.3652  EPtot      =    -84638.3674
 BOND   =       528.0389  ANGLE   =      1241.3581  DIHED      =      2063.0491
 1-4 NB =       620.5738  1-4 EEL =      5311.8718  VDWAALS    =      9938.8379
 EELEC  =   -104494.7467  EHBOND  =         0.0000  RESTRAINT  =       152.6498
 EAMBER (non-restraint)  =    -84791.0172
 EKCMT  =      7434.6290  VIRIAL  =      7037.8730  VOLUME     =    271660.1253
                                                    Density    =         1.0191
 ------------------------------------------------------------------------------

wrapping first mol.:       23.56326       33.32348       57.71796
wrapping first mol.:       23.56326       33.32348       57.71796

 NSTEP =     1500   TIME(PS) =    1043.000  TEMP(K) =   299.90  PRESS =  -228.7
 Etot   =    -68171.3322  EKtot   =     16641.1543  EPtot      =    -84812.4865
 BOND   =       479.8127  ANGLE   =      1284.6065  DIHED      =      2108.8900
 1-4 NB =       623.9118  1-4 EEL =      5272.3324  VDWAALS    =      9953.9140
 EELEC  =   -104680.4651  EHBOND  =         0.0000  RESTRAINT  =       144.5113
 EAMBER (non-restraint)  =    -84956.9978
 EKCMT  =      7242.8075  VIRIAL  =      8585.4475  VOLUME     =    271929.8128
                                                    Density    =         1.0180
 ------------------------------------------------------------------------------

wrapping first mol.:       23.56533       33.32641       57.72303
wrapping first mol.:       23.56533       33.32641       57.72303

 NSTEP =     2000   TIME(PS) =    1044.000  TEMP(K) =   298.95  PRESS =   -93.7
 Etot   =    -68207.2763  EKtot   =     16588.6895  EPtot      =    -84795.9657
 BOND   =       468.9142  ANGLE   =      1258.2248  DIHED      =      2053.8177
 1-4 NB =       636.8862  1-4 EEL =      5289.1923  VDWAALS    =      9930.2407
 EELEC  =   -104575.0588  EHBOND  =         0.0000  RESTRAINT  =       141.8171
 EAMBER (non-restraint)  =    -84937.7829
 EKCMT  =      7364.9519  VIRIAL  =      7915.3486  VOLUME     =    271998.2409
                                                    Density    =         1.0178
 ------------------------------------------------------------------------------

wrapping first mol.:       23.56567       33.32689       57.72386
wrapping first mol.:       23.56567       33.32689       57.72386

 NSTEP =     2500   TIME(PS) =    1045.000  TEMP(K) =   304.47  PRESS =   -48.8
 Etot   =    -67786.7561  EKtot   =     16894.8711  EPtot      =    -84681.6272
 BOND   =       468.2534  ANGLE   =      1243.3898  DIHED      =      2104.8164
 1-4 NB =       632.1337  1-4 EEL =      5323.2306  VDWAALS    =     10077.6408
 EELEC  =   -104671.5556  EHBOND  =         0.0000  RESTRAINT  =       140.4637
 EAMBER (non-restraint)  =    -84822.0910
 EKCMT  =      7478.6455  VIRIAL  =      7765.3945  VOLUME     =    272008.8064
                                                    Density    =         1.0178
 ------------------------------------------------------------------------------

wrapping first mol.:       23.57852       33.34506       57.75533
wrapping first mol.:       23.57852       33.34506       57.75533

 NSTEP =     3000   TIME(PS) =    1046.000  TEMP(K) =   300.71  PRESS =  -319.7
 Etot   =    -68289.9027  EKtot   =     16686.0391  EPtot      =    -84975.9418
 BOND   =       504.1404  ANGLE   =      1217.5028  DIHED      =      2055.4531
 1-4 NB =       613.4008  1-4 EEL =      5275.0122  VDWAALS    =      9839.8208
 EELEC  =   -104628.8285  EHBOND  =         0.0000  RESTRAINT  =       147.5567
 EAMBER (non-restraint)  =    -85123.4985
 EKCMT  =      7337.3973  VIRIAL  =      9218.3262  VOLUME     =    272460.4657
                                                    Density    =         1.0161
 ------------------------------------------------------------------------------

wrapping first mol.:       23.55855       33.31682       57.70642
wrapping first mol.:       23.55855       33.31682       57.70642

 NSTEP =     3500   TIME(PS) =    1047.000  TEMP(K) =   301.10  PRESS =  -148.1
 Etot   =    -68319.0917  EKtot   =     16707.9648  EPtot      =    -85027.0565
 BOND   =       519.7718  ANGLE   =      1262.1006  DIHED      =      2093.0105
 1-4 NB =       619.4811  1-4 EEL =      5290.2395  VDWAALS    =     10136.0214
 EELEC  =   -105094.5369  EHBOND  =         0.0000  RESTRAINT  =       146.8555
 EAMBER (non-restraint)  =    -85173.9120
 EKCMT  =      7438.6840  VIRIAL  =      8307.7251  VOLUME     =    271764.7638
                                                    Density    =         1.0187
 ------------------------------------------------------------------------------

wrapping first mol.:       23.55092       33.30602       57.68772
wrapping first mol.:       23.55092       33.30602       57.68772

 NSTEP =     4000   TIME(PS) =    1048.000  TEMP(K) =   299.99  PRESS =    48.5
 Etot   =    -68177.7297  EKtot   =     16646.5059  EPtot      =    -84824.2355
 BOND   =       509.8355  ANGLE   =      1221.5743  DIHED      =      2050.1986
 1-4 NB =       635.2564  1-4 EEL =      5313.2316  VDWAALS    =     10113.6009
 EELEC  =   -104816.8967  EHBOND  =         0.0000  RESTRAINT  =       148.9640
 EAMBER (non-restraint)  =    -84973.1995
 EKCMT  =      7304.7257  VIRIAL  =      7020.5329  VOLUME     =    271495.8575
                                                    Density    =         1.0197
 ------------------------------------------------------------------------------

wrapping first mol.:       23.57619       33.34177       57.74963
wrapping first mol.:       23.57619       33.34177       57.74963

 NSTEP =     4500   TIME(PS) =    1049.000  TEMP(K) =   299.65  PRESS =    80.7
 Etot   =    -68120.0595  EKtot   =     16627.1719  EPtot      =    -84747.2314
 BOND   =       470.0730  ANGLE   =      1232.5769  DIHED      =      2070.5255
 1-4 NB =       618.2169  1-4 EEL =      5338.5567  VDWAALS    =     10242.7307
 EELEC  =   -104875.8866  EHBOND  =         0.0000  RESTRAINT  =       155.9755
 EAMBER (non-restraint)  =    -84903.2069
 EKCMT  =      7337.0730  VIRIAL  =      6862.3186  VOLUME     =    272370.2065
                                                    Density    =         1.0164
 ------------------------------------------------------------------------------

wrapping first mol.:       23.57531       33.34052       57.74746
wrapping first mol.:       23.57531       33.34052       57.74746

 NSTEP =     5000   TIME(PS) =    1050.000  TEMP(K) =   300.59  PRESS =    62.3
 Etot   =    -67971.0727  EKtot   =     16679.4355  EPtot      =    -84650.5082
 BOND   =       483.7688  ANGLE   =      1279.5623  DIHED      =      2085.2912
 1-4 NB =       621.7514  1-4 EEL =      5338.9365  VDWAALS    =     10000.2982
 EELEC  =   -104608.0326  EHBOND  =         0.0000  RESTRAINT  =       147.9160
 EAMBER (non-restraint)  =    -84798.4242
 EKCMT  =      7385.4668  VIRIAL  =      7019.1680  VOLUME     =    272339.9040
                                                    Density    =         1.0165
 ------------------------------------------------------------------------------

wrapping first mol.:       23.56085       33.32007       57.71205
wrapping first mol.:       23.56085       33.32007       57.71205

 NSTEP =     5500   TIME(PS) =    1051.000  TEMP(K) =   301.25  PRESS =  -286.7
 Etot   =    -67906.4029  EKtot   =     16716.3340  EPtot      =    -84622.7369
 BOND   =       520.4248  ANGLE   =      1227.0387  DIHED      =      2061.0820
 1-4 NB =       606.6027  1-4 EEL =      5304.9188  VDWAALS    =      9744.5695
 EELEC  =   -104234.9144  EHBOND  =         0.0000  RESTRAINT  =       147.5410
 EAMBER (non-restraint)  =    -84770.2779
 EKCMT  =      7300.9521  VIRIAL  =      8983.5772  VOLUME     =    271847.6473
                                                    Density    =         1.0184
 ------------------------------------------------------------------------------

wrapping first mol.:       23.54379       33.29595       57.67027
wrapping first mol.:       23.54379       33.29595       57.67027

 NSTEP =     6000   TIME(PS) =    1052.000  TEMP(K) =   300.65  PRESS =   182.5
 Etot   =    -68230.1579  EKtot   =     16682.7012  EPtot      =    -84912.8590
 BOND   =       538.9265  ANGLE   =      1239.4570  DIHED      =      2079.3174
 1-4 NB =       591.5179  1-4 EEL =      5297.2349  VDWAALS    =     10045.9800
 EELEC  =   -104844.8432  EHBOND  =         0.0000  RESTRAINT  =       139.5505
 EAMBER (non-restraint)  =    -85052.4095
 EKCMT  =      7375.3231  VIRIAL  =      6306.5676  VOLUME     =    271246.3543
                                                    Density    =         1.0206
 ------------------------------------------------------------------------------

wrapping first mol.:       23.53179       33.27898       57.64088
wrapping first mol.:       23.53179       33.27898       57.64088

 NSTEP =     6500   TIME(PS) =    1053.000  TEMP(K) =   300.97  PRESS =   123.8
 Etot   =    -68073.5223  EKtot   =     16700.4746  EPtot      =    -84773.9969
 BOND   =       507.1739  ANGLE   =      1305.3223  DIHED      =      2074.4675
 1-4 NB =       612.8602  1-4 EEL =      5314.5877  VDWAALS    =     10019.4295
 EELEC  =   -104751.3511  EHBOND  =         0.0000  RESTRAINT  =       143.5131
 EAMBER (non-restraint)  =    -84917.5101
 EKCMT  =      7359.9592  VIRIAL  =      6636.2653  VOLUME     =    270833.2062
                                                    Density    =         1.0222
 ------------------------------------------------------------------------------

wrapping first mol.:       23.55282       33.30872       57.69239
wrapping first mol.:       23.55282       33.30872       57.69239

 NSTEP =     7000   TIME(PS) =    1054.000  TEMP(K) =   300.57  PRESS =   100.0
 Etot   =    -68311.0704  EKtot   =     16678.4980  EPtot      =    -84989.5685
 BOND   =       466.8407  ANGLE   =      1298.7469  DIHED      =      2066.2813
 1-4 NB =       628.2192  1-4 EEL =      5289.5998  VDWAALS    =     10206.9178
 EELEC  =   -105092.1230  EHBOND  =         0.0000  RESTRAINT  =       145.9487
 EAMBER (non-restraint)  =    -85135.5172
 EKCMT  =      7409.2213  VIRIAL  =      6822.9003  VOLUME     =    271560.5461
                                                    Density    =         1.0194
 ------------------------------------------------------------------------------

wrapping first mol.:       23.56024       33.31921       57.71056
wrapping first mol.:       23.56024       33.31921       57.71056

 NSTEP =     7500   TIME(PS) =    1055.000  TEMP(K) =   297.80  PRESS =   -88.9
 Etot   =    -68203.2103  EKtot   =     16524.8945  EPtot      =    -84728.1048
 BOND   =       486.3346  ANGLE   =      1300.4205  DIHED      =      2081.6512
 1-4 NB =       626.5994  1-4 EEL =      5318.4641  VDWAALS    =     10205.7497
 EELEC  =   -104894.8177  EHBOND  =         0.0000  RESTRAINT  =       147.4933
 EAMBER (non-restraint)  =    -84875.5981
 EKCMT  =      7259.8525  VIRIAL  =      7781.4745  VOLUME     =    271821.8555
                                                    Density    =         1.0185
 ------------------------------------------------------------------------------

wrapping first mol.:       23.54498       33.29763       57.67318
wrapping first mol.:       23.54498       33.29763       57.67318

 NSTEP =     8000   TIME(PS) =    1056.000  TEMP(K) =   297.90  PRESS =   -17.2
 Etot   =    -68208.6637  EKtot   =     16530.0020  EPtot      =    -84738.6656
 BOND   =       516.7667  ANGLE   =      1271.3519  DIHED      =      2053.8033
 1-4 NB =       621.5317  1-4 EEL =      5298.8166  VDWAALS    =     10115.9378
 EELEC  =   -104774.7038  EHBOND  =         0.0000  RESTRAINT  =       157.8303
 EAMBER (non-restraint)  =    -84896.4959
 EKCMT  =      7341.5904  VIRIAL  =      7442.1302  VOLUME     =    271292.2248
                                                    Density    =         1.0204
 ------------------------------------------------------------------------------

wrapping first mol.:       23.53547       33.28418       57.64989
wrapping first mol.:       23.53547       33.28418       57.64989

 NSTEP =     8500   TIME(PS) =    1057.000  TEMP(K) =   297.90  PRESS =   100.6
 Etot   =    -68346.4359  EKtot   =     16530.0547  EPtot      =    -84876.4906
 BOND   =       506.6645  ANGLE   =      1214.4667  DIHED      =      2062.7030
 1-4 NB =       626.3575  1-4 EEL =      5323.7562  VDWAALS    =      9999.0611
 EELEC  =   -104738.8202  EHBOND  =         0.0000  RESTRAINT  =       129.3207
 EAMBER (non-restraint)  =    -85005.8112
 EKCMT  =      7291.9954  VIRIAL  =      6703.5554  VOLUME     =    270960.8457
                                                    Density    =         1.0217
 ------------------------------------------------------------------------------

wrapping first mol.:       23.55330       33.30939       57.69356
wrapping first mol.:       23.55330       33.30939       57.69356

 NSTEP =     9000   TIME(PS) =    1058.000  TEMP(K) =   298.44  PRESS =   180.6
 Etot   =    -68119.1299  EKtot   =     16560.1719  EPtot      =    -84679.3018
 BOND   =       485.0831  ANGLE   =      1258.4923  DIHED      =      2069.1534
 1-4 NB =       615.3864  1-4 EEL =      5269.5931  VDWAALS    =     10412.0693
 EELEC  =   -104924.5984  EHBOND  =         0.0000  RESTRAINT  =       135.5191
 EAMBER (non-restraint)  =    -84814.8208
 EKCMT  =      7367.0072  VIRIAL  =      6307.9124  VOLUME     =    271575.0779
                                                    Density    =         1.0194
 ------------------------------------------------------------------------------

wrapping first mol.:       23.57185       33.33563       57.73899
wrapping first mol.:       23.57185       33.33563       57.73899

 NSTEP =     9500   TIME(PS) =    1059.000  TEMP(K) =   297.86  PRESS =  -316.5
 Etot   =    -68404.8138  EKtot   =     16527.8848  EPtot      =    -84932.6985
 BOND   =       507.8174  ANGLE   =      1250.0569  DIHED      =      2087.9214
 1-4 NB =       632.0060  1-4 EEL =      5273.7266  VDWAALS    =      9761.3311
 EELEC  =   -104580.7546  EHBOND  =         0.0000  RESTRAINT  =       135.1967
 EAMBER (non-restraint)  =    -85067.8952
 EKCMT  =      7341.3818  VIRIAL  =      9201.7018  VOLUME     =    272229.3305
                                                    Density    =         1.0169
 ------------------------------------------------------------------------------

wrapping first mol.:       23.57103       33.33447       57.73699
wrapping first mol.:       23.57103       33.33447       57.73699

 NSTEP =    10000   TIME(PS) =    1060.000  TEMP(K) =   297.64  PRESS =    61.0
 Etot   =    -68129.6346  EKtot   =     16515.8457  EPtot      =    -84645.4803
 BOND   =       504.6662  ANGLE   =      1247.4107  DIHED      =      2054.8922
 1-4 NB =       607.7573  1-4 EEL =      5335.4537  VDWAALS    =      9910.4127
 EELEC  =   -104447.0153  EHBOND  =         0.0000  RESTRAINT  =       140.9422
 EAMBER (non-restraint)  =    -84786.4225
 EKCMT  =      7270.6565  VIRIAL  =      6912.2047  VOLUME     =    272191.7922
                                                    Density    =         1.0171
 ------------------------------------------------------------------------------

wrapping first mol.:       23.56735       33.32927       57.72799
wrapping first mol.:       23.56735       33.32927       57.72799

 NSTEP =    10500   TIME(PS) =    1061.000  TEMP(K) =   299.18  PRESS =    63.3
 Etot   =    -68178.2964  EKtot   =     16601.3672  EPtot      =    -84779.6636
 BOND   =       490.0936  ANGLE   =      1263.7839  DIHED      =      2099.4217
 1-4 NB =       621.4371  1-4 EEL =      5300.7408  VDWAALS    =     10041.2223
 EELEC  =   -104759.0899  EHBOND  =         0.0000  RESTRAINT  =       162.7269
 EAMBER (non-restraint)  =    -84942.3906
 EKCMT  =      7368.7312  VIRIAL  =      6996.6740  VOLUME     =    272064.4420
                                                    Density    =         1.0175
 ------------------------------------------------------------------------------

wrapping first mol.:       23.57267       33.33679       57.74100
wrapping first mol.:       23.57267       33.33679       57.74100

 NSTEP =    11000   TIME(PS) =    1062.000  TEMP(K) =   299.09  PRESS =   123.1
 Etot   =    -68276.5214  EKtot   =     16596.3340  EPtot      =    -84872.8554
 BOND   =       529.3726  ANGLE   =      1243.2633  DIHED      =      2064.1868
 1-4 NB =       616.2850  1-4 EEL =      5281.0321  VDWAALS    =     10009.3919
 EELEC  =   -104750.8779  EHBOND  =         0.0000  RESTRAINT  =       134.4909
 EAMBER (non-restraint)  =    -85007.3462
 EKCMT  =      7361.9492  VIRIAL  =      6638.4974  VOLUME     =    272247.0329
                                                    Density    =         1.0169
 ------------------------------------------------------------------------------

wrapping first mol.:       23.57427       33.33905       57.74492
wrapping first mol.:       23.57427       33.33905       57.74492

 NSTEP =    11500   TIME(PS) =    1063.000  TEMP(K) =   300.92  PRESS =   -14.4
 Etot   =    -67848.8525  EKtot   =     16697.8164  EPtot      =    -84546.6689
 BOND   =       485.4302  ANGLE   =      1264.7595  DIHED      =      2078.8525
 1-4 NB =       628.4107  1-4 EEL =      5283.4972  VDWAALS    =     10013.6375
 EELEC  =   -104443.2218  EHBOND  =         0.0000  RESTRAINT  =       141.9654
 EAMBER (non-restraint)  =    -84688.6343
 EKCMT  =      7422.3499  VIRIAL  =      7507.3033  VOLUME     =    272305.8788
                                                    Density    =         1.0166
 ------------------------------------------------------------------------------

wrapping first mol.:       23.56776       33.32984       57.72897
wrapping first mol.:       23.56776       33.32984       57.72897

 NSTEP =    12000   TIME(PS) =    1064.000  TEMP(K) =   296.35  PRESS =   133.3
 Etot   =    -68120.3478  EKtot   =     16444.4297  EPtot      =    -84564.7775
 BOND   =       497.0713  ANGLE   =      1284.6069  DIHED      =      2074.4631
 1-4 NB =       612.7356  1-4 EEL =      5309.1961  VDWAALS    =     10097.7045
 EELEC  =   -104590.0709  EHBOND  =         0.0000  RESTRAINT  =       149.5159
 EAMBER (non-restraint)  =    -84714.2935
 EKCMT  =      7200.6505  VIRIAL  =      6417.4395  VOLUME     =    272076.6169
                                                    Density    =         1.0175
 ------------------------------------------------------------------------------

wrapping first mol.:       23.56997       33.33297       57.73440
wrapping first mol.:       23.56997       33.33297       57.73440

 NSTEP =    12500   TIME(PS) =    1065.000  TEMP(K) =   301.23  PRESS =  -104.1
 Etot   =    -68091.5167  EKtot   =     16714.9902  EPtot      =    -84806.5070
 BOND   =       502.4252  ANGLE   =      1270.9289  DIHED      =      2098.6330
 1-4 NB =       629.6608  1-4 EEL =      5308.1996  VDWAALS    =     10115.7367
 EELEC  =   -104870.2099  EHBOND  =         0.0000  RESTRAINT  =       138.1187
 EAMBER (non-restraint)  =    -84944.6257
 EKCMT  =      7432.8826  VIRIAL  =      8044.8898  VOLUME     =    272159.1776
                                                    Density    =         1.0172
 ------------------------------------------------------------------------------

wrapping first mol.:       23.56127       33.32066       57.71308
wrapping first mol.:       23.56127       33.32066       57.71308

 NSTEP =    13000   TIME(PS) =    1066.000  TEMP(K) =   301.37  PRESS =   258.8
 Etot   =    -68046.4098  EKtot   =     16722.8281  EPtot      =    -84769.2380
 BOND   =       501.0799  ANGLE   =      1237.9630  DIHED      =      2068.3103
 1-4 NB =       619.2121  1-4 EEL =      5268.5141  VDWAALS    =     10183.4636
 EELEC  =   -104799.4304  EHBOND  =         0.0000  RESTRAINT  =       151.6494
 EAMBER (non-restraint)  =    -84920.8873
 EKCMT  =      7404.3884  VIRIAL  =      5885.3495  VOLUME     =    271848.9363
                                                    Density    =         1.0183
 ------------------------------------------------------------------------------

wrapping first mol.:       23.56530       33.32637       57.72296
wrapping first mol.:       23.56530       33.32637       57.72296

 NSTEP =    13500   TIME(PS) =    1067.000  TEMP(K) =   301.42  PRESS =  -202.5
 Etot   =    -67912.1392  EKtot   =     16725.8301  EPtot      =    -84637.9692
 BOND   =       495.2202  ANGLE   =      1264.7523  DIHED      =      2071.3580
 1-4 NB =       620.9176  1-4 EEL =      5289.9223  VDWAALS    =      9718.1112
 EELEC  =   -104240.5486  EHBOND  =         0.0000  RESTRAINT  =       142.2978
 EAMBER (non-restraint)  =    -84780.2670
 EKCMT  =      7416.7750  VIRIAL  =      8605.9505  VOLUME     =    271999.7556
                                                    Density    =         1.0178
 ------------------------------------------------------------------------------

wrapping first mol.:       23.55471       33.31139       57.69701
wrapping first mol.:       23.55471       33.31139       57.69701

 NSTEP =    14000   TIME(PS) =    1068.000  TEMP(K) =   299.86  PRESS =    10.1
 Etot   =    -68042.3987  EKtot   =     16638.7617  EPtot      =    -84681.1604
 BOND   =       463.3662  ANGLE   =      1264.2558  DIHED      =      2103.3929
 1-4 NB =       626.2787  1-4 EEL =      5338.7885  VDWAALS    =      9950.6474
 EELEC  =   -104564.3819  EHBOND  =         0.0000  RESTRAINT  =       136.4920
 EAMBER (non-restraint)  =    -84817.6524
 EKCMT  =      7365.6313  VIRIAL  =      7306.3990  VOLUME     =    271628.0142
                                                    Density    =         1.0192
 ------------------------------------------------------------------------------

wrapping first mol.:       23.55438       33.31093       57.69621
wrapping first mol.:       23.55438       33.31093       57.69621

 NSTEP =    14500   TIME(PS) =    1069.000  TEMP(K) =   302.00  PRESS =    70.6
 Etot   =    -68254.5996  EKtot   =     16757.9551  EPtot      =    -85012.5547
 BOND   =       461.3189  ANGLE   =      1264.8176  DIHED      =      2057.4960
 1-4 NB =       610.1168  1-4 EEL =      5333.9713  VDWAALS    =     10245.0334
 EELEC  =   -105127.1368  EHBOND  =         0.0000  RESTRAINT  =       141.8282
 EAMBER (non-restraint)  =    -85154.3828
 EKCMT  =      7370.4045  VIRIAL  =      6956.5476  VOLUME     =    271615.2345
                                                    Density    =         1.0192
 ------------------------------------------------------------------------------

wrapping first mol.:       23.56839       33.33074       57.73053
wrapping first mol.:       23.56839       33.33074       57.73053

 NSTEP =    15000   TIME(PS) =    1070.000  TEMP(K) =   299.25  PRESS =   127.8
 Etot   =    -68154.6901  EKtot   =     16605.0410  EPtot      =    -84759.7312
 BOND   =       498.1299  ANGLE   =      1294.1751  DIHED      =      2076.6785
 1-4 NB =       620.0587  1-4 EEL =      5317.5977  VDWAALS    =     10179.4828
 EELEC  =   -104892.1027  EHBOND  =         0.0000  RESTRAINT  =       146.2487
 EAMBER (non-restraint)  =    -84905.9799
 EKCMT  =      7348.7849  VIRIAL  =      6598.0934  VOLUME     =    272098.7662
                                                    Density    =         1.0174
 ------------------------------------------------------------------------------

wrapping first mol.:       23.57395       33.33860       57.74414
wrapping first mol.:       23.57395       33.33860       57.74414

 NSTEP =    15500   TIME(PS) =    1071.000  TEMP(K) =   301.25  PRESS =   235.7
 Etot   =    -67883.3983  EKtot   =     16716.2949  EPtot      =    -84599.6933
 BOND   =       483.1093  ANGLE   =      1279.0350  DIHED      =      2087.7716
 1-4 NB =       606.0677  1-4 EEL =      5316.9159  VDWAALS    =     10104.3522
 EELEC  =   -104633.7409  EHBOND  =         0.0000  RESTRAINT  =       156.7959
 EAMBER (non-restraint)  =    -84756.4892
 EKCMT  =      7355.7866  VIRIAL  =      5970.1807  VOLUME     =    272288.7145
                                                    Density    =         1.0167
 ------------------------------------------------------------------------------

wrapping first mol.:       23.57224       33.33618       57.73996
wrapping first mol.:       23.57224       33.33618       57.73996

 NSTEP =    16000   TIME(PS) =    1072.000  TEMP(K) =   302.24  PRESS =   164.9
 Etot   =    -67883.7834  EKtot   =     16771.0078  EPtot      =    -84654.7913
 BOND   =       475.8702  ANGLE   =      1274.5289  DIHED      =      2063.0685
 1-4 NB =       602.8585  1-4 EEL =      5308.5563  VDWAALS    =     10113.6678
 EELEC  =   -104661.4886  EHBOND  =         0.0000  RESTRAINT  =       168.1471
 EAMBER (non-restraint)  =    -84822.9383
 EKCMT  =      7480.7981  VIRIAL  =      6511.6933  VOLUME     =    272231.3062
                                                    Density    =         1.0169
 ------------------------------------------------------------------------------

wrapping first mol.:       23.58340       33.35197       57.76730
wrapping first mol.:       23.58340       33.35197       57.76730

 NSTEP =    16500   TIME(PS) =    1073.000  TEMP(K) =   303.54  PRESS =   -66.7
 Etot   =    -67760.2203  EKtot   =     16843.3242  EPtot      =    -84603.5445
 BOND   =       525.0403  ANGLE   =      1299.9759  DIHED      =      2072.7843
 1-4 NB =       600.6072  1-4 EEL =      5303.6638  VDWAALS    =      9944.9287
 EELEC  =   -104505.3401  EHBOND  =         0.0000  RESTRAINT  =       154.7952
 EAMBER (non-restraint)  =    -84758.3398
 EKCMT  =      7483.3260  VIRIAL  =      7876.0491  VOLUME     =    272623.8271
                                                    Density    =         1.0155
 ------------------------------------------------------------------------------

wrapping first mol.:       23.56705       33.32885       57.72725
wrapping first mol.:       23.56705       33.32885       57.72725

 NSTEP =    17000   TIME(PS) =    1074.000  TEMP(K) =   301.54  PRESS =   -55.2
 Etot   =    -67854.8979  EKtot   =     16732.4746  EPtot      =    -84587.3725
 BOND   =       506.9642  ANGLE   =      1284.0917  DIHED      =      2067.5006
 1-4 NB =       632.5982  1-4 EEL =      5305.7344  VDWAALS    =      9977.9711
 EELEC  =   -104502.0368  EHBOND  =         0.0000  RESTRAINT  =       139.8040
 EAMBER (non-restraint)  =    -84727.1766
 EKCMT  =      7399.8376  VIRIAL  =      7724.2739  VOLUME     =    272056.9344
                                                    Density    =         1.0176
 ------------------------------------------------------------------------------

wrapping first mol.:       23.58217       33.35023       57.76429
wrapping first mol.:       23.58217       33.35023       57.76429

 NSTEP =    17500   TIME(PS) =    1075.000  TEMP(K) =   298.16  PRESS =   -92.2
 Etot   =    -68163.3076  EKtot   =     16544.4980  EPtot      =    -84707.8056
 BOND   =       516.5580  ANGLE   =      1280.0995  DIHED      =      2074.5069
 1-4 NB =       625.3714  1-4 EEL =      5313.5501  VDWAALS    =     10116.3540
 EELEC  =   -104786.6733  EHBOND  =         0.0000  RESTRAINT  =       152.4278
 EAMBER (non-restraint)  =    -84860.2334
 EKCMT  =      7330.2692  VIRIAL  =      7873.0526  VOLUME     =    272581.7545
                                                    Density    =         1.0156
 ------------------------------------------------------------------------------

wrapping first mol.:       23.55470       33.31138       57.69699
wrapping first mol.:       23.55470       33.31138       57.69699

 NSTEP =    18000   TIME(PS) =    1076.000  TEMP(K) =   297.23  PRESS =  -280.7
 Etot   =    -68237.9807  EKtot   =     16492.8496  EPtot      =    -84730.8304
 BOND   =       509.8302  ANGLE   =      1311.6904  DIHED      =      2067.8399
 1-4 NB =       606.6986  1-4 EEL =      5302.2214  VDWAALS    =      9800.4464
 EELEC  =   -104473.2636  EHBOND  =         0.0000  RESTRAINT  =       143.7062
 EAMBER (non-restraint)  =    -84874.5365
 EKCMT  =      7200.5228  VIRIAL  =      8846.9144  VOLUME     =    271634.7965
                                                    Density    =         1.0192
 ------------------------------------------------------------------------------

wrapping first mol.:       23.55876       33.31712       57.70695
wrapping first mol.:       23.55876       33.31712       57.70695

 NSTEP =    18500   TIME(PS) =    1077.000  TEMP(K) =   300.78  PRESS =   -31.4
 Etot   =    -68442.4040  EKtot   =     16690.2949  EPtot      =    -85132.6990
 BOND   =       497.8952  ANGLE   =      1237.9343  DIHED      =      2080.7767
 1-4 NB =       608.0335  1-4 EEL =      5303.5249  VDWAALS    =     10183.0647
 EELEC  =   -105199.7485  EHBOND  =         0.0000  RESTRAINT  =       155.8203
 EAMBER (non-restraint)  =    -85288.5192
 EKCMT  =      7363.9146  VIRIAL  =      7548.3341  VOLUME     =    271769.3496
                                                    Density    =         1.0186
 ------------------------------------------------------------------------------

wrapping first mol.:       23.58071       33.34815       57.76069
wrapping first mol.:       23.58071       33.34815       57.76069

 NSTEP =    19000   TIME(PS) =    1078.000  TEMP(K) =   300.54  PRESS =    -3.0
 Etot   =    -68182.4369  EKtot   =     16676.5156  EPtot      =    -84858.9525
 BOND   =       490.4331  ANGLE   =      1242.6083  DIHED      =      2078.9213
 1-4 NB =       617.0494  1-4 EEL =      5293.0583  VDWAALS    =     10065.6094
 EELEC  =   -104807.2111  EHBOND  =         0.0000  RESTRAINT  =       160.5788
 EAMBER (non-restraint)  =    -85019.5313
 EKCMT  =      7383.5655  VIRIAL  =      7401.1060  VOLUME     =    272528.7038
                                                    Density    =         1.0158
 ------------------------------------------------------------------------------

wrapping first mol.:       23.56115       33.32050       57.71279
wrapping first mol.:       23.56115       33.32050       57.71279

 NSTEP =    19500   TIME(PS) =    1079.000  TEMP(K) =   299.34  PRESS =    81.6
 Etot   =    -68182.8567  EKtot   =     16610.3770  EPtot      =    -84793.2336
 BOND   =       518.1782  ANGLE   =      1260.5226  DIHED      =      2055.1788
 1-4 NB =       598.1985  1-4 EEL =      5304.1048  VDWAALS    =     10205.7921
 EELEC  =   -104878.1222  EHBOND  =         0.0000  RESTRAINT  =       142.9137
 EAMBER (non-restraint)  =    -84936.1473
 EKCMT  =      7331.1279  VIRIAL  =      6851.8810  VOLUME     =    271849.1469
                                                    Density    =         1.0183
 ------------------------------------------------------------------------------

wrapping first mol.:       23.55539       33.31235       57.69867
wrapping first mol.:       23.55539       33.31235       57.69867

 NSTEP =    20000   TIME(PS) =    1080.000  TEMP(K) =   302.10  PRESS =    24.0
 Etot   =    -68000.7721  EKtot   =     16763.1562  EPtot      =    -84763.9284
 BOND   =       483.9373  ANGLE   =      1294.4957  DIHED      =      2099.0860
 1-4 NB =       600.2794  1-4 EEL =      5284.3211  VDWAALS    =     10057.2659
 EELEC  =   -104747.1452  EHBOND  =         0.0000  RESTRAINT  =       163.8315
 EAMBER (non-restraint)  =    -84927.7599
 EKCMT  =      7451.1926  VIRIAL  =      7310.5966  VOLUME     =    271651.1182
                                                    Density    =         1.0191
 ------------------------------------------------------------------------------

wrapping first mol.:       23.56713       33.32896       57.72744
wrapping first mol.:       23.56713       33.32896       57.72744

 NSTEP =    20500   TIME(PS) =    1081.000  TEMP(K) =   301.94  PRESS =     4.0
 Etot   =    -68060.1085  EKtot   =     16754.3301  EPtot      =    -84814.4386
 BOND   =       494.3973  ANGLE   =      1254.6330  DIHED      =      2070.0378
 1-4 NB =       621.5749  1-4 EEL =      5308.4871  VDWAALS    =      9968.7416
 EELEC  =   -104670.5263  EHBOND  =         0.0000  RESTRAINT  =       138.2161
 EAMBER (non-restraint)  =    -84952.6546
 EKCMT  =      7463.9835  VIRIAL  =      7440.3828  VOLUME     =    272058.1600
                                                    Density    =         1.0176
 ------------------------------------------------------------------------------

wrapping first mol.:       23.54346       33.29548       57.66945
wrapping first mol.:       23.54346       33.29548       57.66945

 NSTEP =    21000   TIME(PS) =    1082.000  TEMP(K) =   304.62  PRESS =    -5.2
 Etot   =    -67897.4205  EKtot   =     16903.1953  EPtot      =    -84800.6158
 BOND   =       509.6708  ANGLE   =      1296.3777  DIHED      =      2076.9510
 1-4 NB =       619.8660  1-4 EEL =      5278.1312  VDWAALS    =     10146.9781
 EELEC  =   -104873.0133  EHBOND  =         0.0000  RESTRAINT  =       144.4227
 EAMBER (non-restraint)  =    -84945.0385
 EKCMT  =      7562.6571  VIRIAL  =      7593.2382  VOLUME     =    271239.3758
                                                    Density    =         1.0206
 ------------------------------------------------------------------------------

wrapping first mol.:       23.54519       33.29792       57.67369
wrapping first mol.:       23.54519       33.29792       57.67369

 NSTEP =    21500   TIME(PS) =    1083.000  TEMP(K) =   300.98  PRESS =    -3.2
 Etot   =    -68080.4881  EKtot   =     16701.4180  EPtot      =    -84781.9061
 BOND   =       504.8819  ANGLE   =      1247.0472  DIHED      =      2043.0985
 1-4 NB =       613.7027  1-4 EEL =      5290.1901  VDWAALS    =     10151.3623
 EELEC  =   -104781.9878  EHBOND  =         0.0000  RESTRAINT  =       149.7989
 EAMBER (non-restraint)  =    -84931.7050
 EKCMT  =      7408.4987  VIRIAL  =      7427.4888  VOLUME     =    271299.0239
                                                    Density    =         1.0204
 ------------------------------------------------------------------------------

wrapping first mol.:       23.55961       33.31833       57.70903
wrapping first mol.:       23.55961       33.31833       57.70903

 NSTEP =    22000   TIME(PS) =    1084.000  TEMP(K) =   299.26  PRESS =   202.2
 Etot   =    -68033.5520  EKtot   =     16605.8418  EPtot      =    -84639.3938
 BOND   =       499.5011  ANGLE   =      1206.9570  DIHED      =      2059.4709
 1-4 NB =       625.7932  1-4 EEL =      5273.5708  VDWAALS    =     10048.3107
 EELEC  =   -104507.2173  EHBOND  =         0.0000  RESTRAINT  =       154.2197
 EAMBER (non-restraint)  =    -84793.6135
 EKCMT  =      7347.3504  VIRIAL  =      6160.6083  VOLUME     =    271793.1073
                                                    Density    =         1.0186
 ------------------------------------------------------------------------------

wrapping first mol.:       23.54955       33.30409       57.68437
wrapping first mol.:       23.54955       33.30409       57.68437

 NSTEP =    22500   TIME(PS) =    1085.000  TEMP(K) =   302.88  PRESS =    47.6
 Etot   =    -67960.7860  EKtot   =     16806.6367  EPtot      =    -84767.4227
 BOND   =       527.7045  ANGLE   =      1273.6001  DIHED      =      2049.9035
 1-4 NB =       607.8719  1-4 EEL =      5251.1105  VDWAALS    =     10107.8430
 EELEC  =   -104733.9574  EHBOND  =         0.0000  RESTRAINT  =       148.5011
 EAMBER (non-restraint)  =    -84915.9239
 EKCMT  =      7449.8851  VIRIAL  =      7170.8455  VOLUME     =    271448.6359
                                                    Density    =         1.0199
 ------------------------------------------------------------------------------

wrapping first mol.:       23.55905       33.31753       57.70765
wrapping first mol.:       23.55905       33.31753       57.70765

 NSTEP =    23000   TIME(PS) =    1086.000  TEMP(K) =   297.99  PRESS =   -47.4
 Etot   =    -68172.2628  EKtot   =     16535.1738  EPtot      =    -84707.4366
 BOND   =       542.7212  ANGLE   =      1258.6767  DIHED      =      2075.7069
 1-4 NB =       608.2172  1-4 EEL =      5291.3403  VDWAALS    =      9949.7270
 EELEC  =   -104573.8703  EHBOND  =         0.0000  RESTRAINT  =       140.0444
 EAMBER (non-restraint)  =    -84847.4810
 EKCMT  =      7370.3397  VIRIAL  =      7648.5464  VOLUME     =    271779.7515
                                                    Density    =         1.0186
 ------------------------------------------------------------------------------

wrapping first mol.:       23.56361       33.32397       57.71880
wrapping first mol.:       23.56361       33.32397       57.71880

 NSTEP =    23500   TIME(PS) =    1087.000  TEMP(K) =   301.96  PRESS =  -132.9
 Etot   =    -67943.3844  EKtot   =     16755.7969  EPtot      =    -84699.1812
 BOND   =       456.9804  ANGLE   =      1299.1546  DIHED      =      2069.6711
 1-4 NB =       621.4212  1-4 EEL =      5289.4329  VDWAALS    =      9870.3715
 EELEC  =   -104455.1583  EHBOND  =         0.0000  RESTRAINT  =       148.9453
 EAMBER (non-restraint)  =    -84848.1266
 EKCMT  =      7441.0800  VIRIAL  =      8221.4980  VOLUME     =    271939.3961
                                                    Density    =         1.0180
 ------------------------------------------------------------------------------

wrapping first mol.:       23.56612       33.32753       57.72496
wrapping first mol.:       23.56612       33.32753       57.72496

 NSTEP =    24000   TIME(PS) =    1088.000  TEMP(K) =   298.04  PRESS =    34.9
 Etot   =    -68100.1360  EKtot   =     16538.1484  EPtot      =    -84638.2844
 BOND   =       491.3845  ANGLE   =      1281.9622  DIHED      =      2103.0562
 1-4 NB =       621.6913  1-4 EEL =      5283.2595  VDWAALS    =      9924.4963
 EELEC  =   -104491.4601  EHBOND  =         0.0000  RESTRAINT  =       147.3257
 EAMBER (non-restraint)  =    -84785.6101
 EKCMT  =      7399.2807  VIRIAL  =      7194.4257  VOLUME     =    272022.3737
                                                    Density    =         1.0177
 ------------------------------------------------------------------------------

wrapping first mol.:       23.58594       33.35555       57.77350
wrapping first mol.:       23.58594       33.35555       57.77350

 NSTEP =    24500   TIME(PS) =    1089.000  TEMP(K) =   300.05  PRESS =   173.7
 Etot   =    -67850.4712  EKtot   =     16649.3926  EPtot      =    -84499.8638
 BOND   =       493.7302  ANGLE   =      1269.3869  DIHED      =      2088.6068
 1-4 NB =       602.6567  1-4 EEL =      5313.6814  VDWAALS    =     10095.3015
 EELEC  =   -104511.6550  EHBOND  =         0.0000  RESTRAINT  =       148.4278
 EAMBER (non-restraint)  =    -84648.2915
 EKCMT  =      7396.7305  VIRIAL  =      6374.0800  VOLUME     =    272705.8049
                                                    Density    =         1.0152
 ------------------------------------------------------------------------------

wrapping first mol.:       23.57820       33.34462       57.75456
wrapping first mol.:       23.57820       33.34462       57.75456

 NSTEP =    25000   TIME(PS) =    1090.000  TEMP(K) =   297.77  PRESS =    26.6
 Etot   =    -68230.2428  EKtot   =     16522.8828  EPtot      =    -84753.1256
 BOND   =       518.7811  ANGLE   =      1226.7094  DIHED      =      2094.1993
 1-4 NB =       609.0272  1-4 EEL =      5251.7949  VDWAALS    =      9987.3295
 EELEC  =   -104587.0854  EHBOND  =         0.0000  RESTRAINT  =       146.1184
 EAMBER (non-restraint)  =    -84899.2440
 EKCMT  =      7350.3390  VIRIAL  =      7193.9761  VOLUME     =    272441.2581
                                                    Density    =         1.0161
 ------------------------------------------------------------------------------

wrapping first mol.:       23.59091       33.36258       57.78568
wrapping first mol.:       23.59091       33.36258       57.78568

 NSTEP =    25500   TIME(PS) =    1091.000  TEMP(K) =   295.56  PRESS =   147.3
 Etot   =    -68443.7045  EKtot   =     16400.5215  EPtot      =    -84844.2259
 BOND   =       484.7867  ANGLE   =      1242.2691  DIHED      =      2092.0343
 1-4 NB =       617.1567  1-4 EEL =      5310.6328  VDWAALS    =     10248.8871
 EELEC  =   -104979.1945  EHBOND  =         0.0000  RESTRAINT  =       139.2018
 EAMBER (non-restraint)  =    -84983.4277
 EKCMT  =      7187.0182  VIRIAL  =      6319.3598  VOLUME     =    272878.9693
                                                    Density    =         1.0145
 ------------------------------------------------------------------------------

wrapping first mol.:       23.57966       33.34667       57.75813
wrapping first mol.:       23.57966       33.34667       57.75813

 NSTEP =    26000   TIME(PS) =    1092.000  TEMP(K) =   299.94  PRESS =   -97.1
 Etot   =    -68136.3575  EKtot   =     16643.7344  EPtot      =    -84780.0919
 BOND   =       482.9639  ANGLE   =      1264.4218  DIHED      =      2076.5930
 1-4 NB =       613.3424  1-4 EEL =      5292.7284  VDWAALS    =     10053.2883
 EELEC  =   -104719.7875  EHBOND  =         0.0000  RESTRAINT  =       156.3578
 EAMBER (non-restraint)  =    -84936.4497
 EKCMT  =      7314.1940  VIRIAL  =      7885.2834  VOLUME     =    272494.6951
                                                    Density    =         1.0159
 ------------------------------------------------------------------------------

wrapping first mol.:       23.57676       33.34257       57.75102
wrapping first mol.:       23.57676       33.34257       57.75102

 NSTEP =    26500   TIME(PS) =    1093.000  TEMP(K) =   299.84  PRESS =   111.1
 Etot   =    -68228.9418  EKtot   =     16637.7148  EPtot      =    -84866.6567
 BOND   =       493.8604  ANGLE   =      1279.7898  DIHED      =      2090.4930
 1-4 NB =       629.6347  1-4 EEL =      5349.0423  VDWAALS    =     10116.9050
 EELEC  =   -104966.4828  EHBOND  =         0.0000  RESTRAINT  =       140.1010
 EAMBER (non-restraint)  =    -85006.7577
 EKCMT  =      7337.1715  VIRIAL  =      6683.8665  VOLUME     =    272389.0477
                                                    Density    =         1.0163
 ------------------------------------------------------------------------------

wrapping first mol.:       23.58582       33.35539       57.77322
wrapping first mol.:       23.58582       33.35539       57.77322

 NSTEP =    27000   TIME(PS) =    1094.000  TEMP(K) =   299.16  PRESS =    50.3
 Etot   =    -68160.9317  EKtot   =     16600.2227  EPtot      =    -84761.1543
 BOND   =       484.4106  ANGLE   =      1226.8494  DIHED      =      2078.5581
 1-4 NB =       604.9211  1-4 EEL =      5297.3564  VDWAALS    =     10200.5835
 EELEC  =   -104800.7078  EHBOND  =         0.0000  RESTRAINT  =       146.8744
 EAMBER (non-restraint)  =    -84908.0287
 EKCMT  =      7342.1378  VIRIAL  =      7045.9241  VOLUME     =    272704.7817
                                                    Density    =         1.0152
 ------------------------------------------------------------------------------

wrapping first mol.:       23.55871       33.31705       57.70681
wrapping first mol.:       23.55871       33.31705       57.70681

 NSTEP =    27500   TIME(PS) =    1095.000  TEMP(K) =   300.20  PRESS =    84.0
 Etot   =    -68141.6599  EKtot   =     16657.9629  EPtot      =    -84799.6228
 BOND   =       500.6620  ANGLE   =      1264.3486  DIHED      =      2090.4494
 1-4 NB =       613.6006  1-4 EEL =      5287.1372  VDWAALS    =     10088.3332
 EELEC  =   -104791.1290  EHBOND  =         0.0000  RESTRAINT  =       146.9751
 EAMBER (non-restraint)  =    -84946.5979
 EKCMT  =      7349.9069  VIRIAL  =      6856.9469  VOLUME     =    271764.6486
                                                    Density    =         1.0187
 ------------------------------------------------------------------------------

wrapping first mol.:       23.58320       33.35168       57.76679
wrapping first mol.:       23.58320       33.35168       57.76679

 NSTEP =    28000   TIME(PS) =    1096.000  TEMP(K) =   297.64  PRESS =   156.5
 Etot   =    -67941.0111  EKtot   =     16516.0254  EPtot      =    -84457.0365
 BOND   =       497.6032  ANGLE   =      1239.3128  DIHED      =      2074.5038
 1-4 NB =       616.8856  1-4 EEL =      5255.9315  VDWAALS    =     10132.7394
 EELEC  =   -104425.0109  EHBOND  =         0.0000  RESTRAINT  =       150.9981
 EAMBER (non-restraint)  =    -84608.0346
 EKCMT  =      7285.4686  VIRIAL  =      6364.2498  VOLUME     =    272611.1858
                                                    Density    =         1.0155
 ------------------------------------------------------------------------------

wrapping first mol.:       23.59383       33.36671       57.79283
wrapping first mol.:       23.59383       33.36671       57.79283

 NSTEP =    28500   TIME(PS) =    1097.000  TEMP(K) =   304.00  PRESS =    54.3
 Etot   =    -67756.4877  EKtot   =     16868.7637  EPtot      =    -84625.2513
 BOND   =       513.0774  ANGLE   =      1301.4200  DIHED      =      2054.0356
 1-4 NB =       626.0992  1-4 EEL =      5281.6276  VDWAALS    =      9965.0020
 EELEC  =   -104515.9582  EHBOND  =         0.0000  RESTRAINT  =       149.4452
 EAMBER (non-restraint)  =    -84774.6965
 EKCMT  =      7515.9138  VIRIAL  =      7196.0902  VOLUME     =    272982.4491
                                                    Density    =         1.0141
 ------------------------------------------------------------------------------

wrapping first mol.:       23.57539       33.34063       57.74767
wrapping first mol.:       23.57539       33.34063       57.74767

 NSTEP =    29000   TIME(PS) =    1098.000  TEMP(K) =   302.46  PRESS =   -72.1
 Etot   =    -67871.4289  EKtot   =     16783.2559  EPtot      =    -84654.6847
 BOND   =       490.0360  ANGLE   =      1249.8205  DIHED      =      2078.7615
 1-4 NB =       608.6051  1-4 EEL =      5321.5700  VDWAALS    =      9870.2967
 EELEC  =   -104429.2642  EHBOND  =         0.0000  RESTRAINT  =       155.4896
 EAMBER (non-restraint)  =    -84810.1743
 EKCMT  =      7421.7729  VIRIAL  =      7845.5524  VOLUME     =    272346.0830
                                                    Density    =         1.0165
 ------------------------------------------------------------------------------

wrapping first mol.:       23.57357       33.33806       57.74321
wrapping first mol.:       23.57357       33.33806       57.74321

 NSTEP =    29500   TIME(PS) =    1099.000  TEMP(K) =   300.65  PRESS =    26.2
 Etot   =    -68021.1597  EKtot   =     16683.1367  EPtot      =    -84704.2964
 BOND   =       482.9043  ANGLE   =      1300.3862  DIHED      =      2101.3612
 1-4 NB =       608.7657  1-4 EEL =      5277.8486  VDWAALS    =     10195.9760
 EELEC  =   -104819.7102  EHBOND  =         0.0000  RESTRAINT  =       148.1718
 EAMBER (non-restraint)  =    -84852.4682
 EKCMT  =      7363.1556  VIRIAL  =      7209.1614  VOLUME     =    272280.6797
                                                    Density    =         1.0167
 ------------------------------------------------------------------------------

wrapping first mol.:       23.56147       33.32096       57.71358
wrapping first mol.:       23.56147       33.32096       57.71358

 NSTEP =    30000   TIME(PS) =    1100.000  TEMP(K) =   300.10  PRESS =    33.6
 Etot   =    -68105.3910  EKtot   =     16652.1348  EPtot      =    -84757.5258
 BOND   =       467.5371  ANGLE   =      1251.6310  DIHED      =      2072.1501
 1-4 NB =       641.4745  1-4 EEL =      5310.7722  VDWAALS    =      9973.7866
 EELEC  =   -104625.7326  EHBOND  =         0.0000  RESTRAINT  =       150.8553
 EAMBER (non-restraint)  =    -84908.3811
 EKCMT  =      7361.1859  VIRIAL  =      7164.1855  VOLUME     =    271861.5656
                                                    Density    =         1.0183
 ------------------------------------------------------------------------------

wrapping first mol.:       23.58256       33.35077       57.76523
wrapping first mol.:       23.58256       33.35077       57.76523

 NSTEP =    30500   TIME(PS) =    1101.000  TEMP(K) =   301.62  PRESS =   -20.3
 Etot   =    -67857.6853  EKtot   =     16736.7500  EPtot      =    -84594.4353
 BOND   =       482.7487  ANGLE   =      1268.9245  DIHED      =      2061.4239
 1-4 NB =       633.0522  1-4 EEL =      5290.6537  VDWAALS    =     10107.6783
 EELEC  =   -104584.7668  EHBOND  =         0.0000  RESTRAINT  =       145.8501
 EAMBER (non-restraint)  =    -84740.2854
 EKCMT  =      7442.6472  VIRIAL  =      7561.8660  VOLUME     =    272593.3270
                                                    Density    =         1.0156
 ------------------------------------------------------------------------------

wrapping first mol.:       23.59196       33.36407       57.78826
wrapping first mol.:       23.59196       33.36407       57.78826

 NSTEP =    31000   TIME(PS) =    1102.000  TEMP(K) =   301.47  PRESS =  -149.6
 Etot   =    -68043.2375  EKtot   =     16728.5508  EPtot      =    -84771.7883
 BOND   =       517.1832  ANGLE   =      1253.0087  DIHED      =      2099.5564
 1-4 NB =       617.8805  1-4 EEL =      5270.3871  VDWAALS    =     10054.8829
 EELEC  =   -104742.2763  EHBOND  =         0.0000  RESTRAINT  =       157.5893
 EAMBER (non-restraint)  =    -84929.3776
 EKCMT  =      7326.6454  VIRIAL  =      8208.0960  VOLUME     =    272922.6427
                                                    Density    =         1.0143
 ------------------------------------------------------------------------------

wrapping first mol.:       23.60614       33.38412       57.82299
wrapping first mol.:       23.60614       33.38412       57.82299

 NSTEP =    31500   TIME(PS) =    1103.000  TEMP(K) =   297.35  PRESS =  -139.4
 Etot   =    -68196.0198  EKtot   =     16499.7578  EPtot      =    -84695.7776
 BOND   =       501.7177  ANGLE   =      1259.6051  DIHED      =      2081.0325
 1-4 NB =       609.1405  1-4 EEL =      5319.8137  VDWAALS    =     10201.9132
 EELEC  =   -104814.4642  EHBOND  =         0.0000  RESTRAINT  =       145.4641
 EAMBER (non-restraint)  =    -84841.2416
 EKCMT  =      7255.1037  VIRIAL  =      8078.2591  VOLUME     =    273414.7928
                                                    Density    =         1.0125
 ------------------------------------------------------------------------------

wrapping first mol.:       23.57891       33.34561       57.75629
wrapping first mol.:       23.57891       33.34561       57.75629

 NSTEP =    32000   TIME(PS) =    1104.000  TEMP(K) =   300.64  PRESS =   -85.5
 Etot   =    -68103.4607  EKtot   =     16682.5566  EPtot      =    -84786.0173
 BOND   =       500.8212  ANGLE   =      1262.5197  DIHED      =      2075.9784
 1-4 NB =       630.3250  1-4 EEL =      5303.6295  VDWAALS    =      9974.1694
 EELEC  =   -104680.6141  EHBOND  =         0.0000  RESTRAINT  =       147.1535
 EAMBER (non-restraint)  =    -84933.1708
 EKCMT  =      7416.7599  VIRIAL  =      7919.5182  VOLUME     =    272468.4220
                                                    Density    =         1.0160
 ------------------------------------------------------------------------------

wrapping first mol.:       23.57721       33.34321       57.75213
wrapping first mol.:       23.57721       33.34321       57.75213

 NSTEP =    32500   TIME(PS) =    1105.000  TEMP(K) =   298.20  PRESS =   -53.5
 Etot   =    -68178.4490  EKtot   =     16547.1621  EPtot      =    -84725.6112
 BOND   =       458.9427  ANGLE   =      1243.5221  DIHED      =      2067.6598
 1-4 NB =       627.6227  1-4 EEL =      5300.5891  VDWAALS    =     10111.8926
 EELEC  =   -104684.0627  EHBOND  =         0.0000  RESTRAINT  =       148.2225
 EAMBER (non-restraint)  =    -84873.8336
 EKCMT  =      7305.8366  VIRIAL  =      7620.2636  VOLUME     =    272408.7130
                                                    Density    =         1.0163
 ------------------------------------------------------------------------------

wrapping first mol.:       23.56928       33.33199       57.73270
wrapping first mol.:       23.56928       33.33199       57.73270

 NSTEP =    33000   TIME(PS) =    1106.000  TEMP(K) =   301.89  PRESS =   218.3
 Etot   =    -68034.3541  EKtot   =     16751.4668  EPtot      =    -84785.8209
 BOND   =       466.3481  ANGLE   =      1287.2580  DIHED      =      2078.7863
 1-4 NB =       608.8046  1-4 EEL =      5288.9894  VDWAALS    =     10162.8801
 EELEC  =   -104832.9366  EHBOND  =         0.0000  RESTRAINT  =       154.0490
 EAMBER (non-restraint)  =    -84939.8700
 EKCMT  =      7360.9276  VIRIAL  =      6078.5619  VOLUME     =    272127.3647
                                                    Density    =         1.0173
 ------------------------------------------------------------------------------

wrapping first mol.:       23.57010       33.33315       57.73470
wrapping first mol.:       23.57010       33.33315       57.73470

 NSTEP =    33500   TIME(PS) =    1107.000  TEMP(K) =   300.99  PRESS =   -35.7
 Etot   =    -67856.6041  EKtot   =     16701.4863  EPtot      =    -84558.0904
 BOND   =       515.1914  ANGLE   =      1265.0521  DIHED      =      2079.1725
 1-4 NB =       617.0165  1-4 EEL =      5327.1834  VDWAALS    =     10008.7908
 EELEC  =   -104520.8302  EHBOND  =         0.0000  RESTRAINT  =       150.3331
 EAMBER (non-restraint)  =    -84708.4235
 EKCMT  =      7399.7001  VIRIAL  =      7609.5800  VOLUME     =    272161.8247
                                                    Density    =         1.0172
 ------------------------------------------------------------------------------

wrapping first mol.:       23.58714       33.35725       57.77645
wrapping first mol.:       23.58714       33.35725       57.77645

 NSTEP =    34000   TIME(PS) =    1108.000  TEMP(K) =   302.02  PRESS =   286.5
 Etot   =    -67685.4276  EKtot   =     16758.7500  EPtot      =    -84444.1776
 BOND   =       507.6686  ANGLE   =      1285.2057  DIHED      =      2057.3544
 1-4 NB =       632.2490  1-4 EEL =      5331.2019  VDWAALS    =     10156.5869
 EELEC  =   -104556.7279  EHBOND  =         0.0000  RESTRAINT  =       142.2837
 EAMBER (non-restraint)  =    -84586.4614
 EKCMT  =      7405.7737  VIRIAL  =      5718.8428  VOLUME     =    272744.7321
                                                    Density    =         1.0150
 ------------------------------------------------------------------------------

wrapping first mol.:       23.58258       33.35081       57.76529
wrapping first mol.:       23.58258       33.35081       57.76529

 NSTEP =    34500   TIME(PS) =    1109.000  TEMP(K) =   302.43  PRESS =   106.6
 Etot   =    -67763.5323  EKtot   =     16781.8164  EPtot      =    -84545.3487
 BOND   =       499.1322  ANGLE   =      1269.7638  DIHED      =      2067.8846
 1-4 NB =       609.3040  1-4 EEL =      5303.4917  VDWAALS    =     10048.9492
 EELEC  =   -104484.8289  EHBOND  =         0.0000  RESTRAINT  =       140.9546
 EAMBER (non-restraint)  =    -84686.3033
 EKCMT  =      7342.0829  VIRIAL  =      6714.6373  VOLUME     =    272591.1672
                                                    Density    =         1.0156
 ------------------------------------------------------------------------------

wrapping first mol.:       23.58080       33.34829       57.76092
wrapping first mol.:       23.58080       33.34829       57.76092

 NSTEP =    35000   TIME(PS) =    1110.000  TEMP(K) =   300.37  PRESS =  -118.9
 Etot   =    -68230.4835  EKtot   =     16667.5332  EPtot      =    -84898.0167
 BOND   =       516.4561  ANGLE   =      1272.5451  DIHED      =      2067.1549
 1-4 NB =       612.5916  1-4 EEL =      5306.3188  VDWAALS    =     10100.3539
 EELEC  =   -104925.0907  EHBOND  =         0.0000  RESTRAINT  =       151.6537
 EAMBER (non-restraint)  =    -85049.6704
 EKCMT  =      7333.3863  VIRIAL  =      8033.2781  VOLUME     =    272534.7569
                                                    Density    =         1.0158
 ------------------------------------------------------------------------------

wrapping first mol.:       23.56335       33.32361       57.71818
wrapping first mol.:       23.56335       33.32361       57.71818

 NSTEP =    35500   TIME(PS) =    1111.000  TEMP(K) =   301.01  PRESS =  -170.3
 Etot   =    -68078.5741  EKtot   =     16702.7812  EPtot      =    -84781.3553
 BOND   =       519.4204  ANGLE   =      1316.4707  DIHED      =      2069.7760
 1-4 NB =       611.8588  1-4 EEL =      5317.0752  VDWAALS    =      9859.8151
 EELEC  =   -104622.9743  EHBOND  =         0.0000  RESTRAINT  =       147.2027
 EAMBER (non-restraint)  =    -84928.5580
 EKCMT  =      7401.1277  VIRIAL  =      8401.0999  VOLUME     =    271931.4082
                                                    Density    =         1.0180
 ------------------------------------------------------------------------------

wrapping first mol.:       23.57687       33.34272       57.75129
wrapping first mol.:       23.57687       33.34272       57.75129

 NSTEP =    36000   TIME(PS) =    1112.000  TEMP(K) =   298.83  PRESS =  -176.9
 Etot   =    -68224.7762  EKtot   =     16582.0703  EPtot      =    -84806.8465
 BOND   =       504.1659  ANGLE   =      1250.2170  DIHED      =      2080.4399
 1-4 NB =       612.1059  1-4 EEL =      5307.4317  VDWAALS    =      9997.3911
 EELEC  =   -104715.2880  EHBOND  =         0.0000  RESTRAINT  =       156.6901
 EAMBER (non-restraint)  =    -84963.5366
 EKCMT  =      7353.7153  VIRIAL  =      8394.2948  VOLUME     =    272399.8290
                                                    Density    =         1.0163
 ------------------------------------------------------------------------------

wrapping first mol.:       23.57067       33.33396       57.73612
wrapping first mol.:       23.57067       33.33396       57.73612

 NSTEP =    36500   TIME(PS) =    1113.000  TEMP(K) =   299.90  PRESS =    84.7
 Etot   =    -68113.9891  EKtot   =     16641.1172  EPtot      =    -84755.1062
 BOND   =       500.5294  ANGLE   =      1304.4855  DIHED      =      2086.3168
 1-4 NB =       629.2806  1-4 EEL =      5317.9668  VDWAALS    =     10063.0321
 EELEC  =   -104821.3491  EHBOND  =         0.0000  RESTRAINT  =       164.6317
 EAMBER (non-restraint)  =    -84919.7379
 EKCMT  =      7444.2799  VIRIAL  =      6946.3817  VOLUME     =    272178.8671
                                                    Density    =         1.0171
 ------------------------------------------------------------------------------

wrapping first mol.:       23.55147       33.30680       57.68907
wrapping first mol.:       23.55147       33.30680       57.68907

 NSTEP =    37000   TIME(PS) =    1114.000  TEMP(K) =   298.16  PRESS =     6.0
 Etot   =    -68134.7941  EKtot   =     16544.7500  EPtot      =    -84679.5441
 BOND   =       496.1745  ANGLE   =      1248.0802  DIHED      =      2091.8993
 1-4 NB =       610.8795  1-4 EEL =      5323.5388  VDWAALS    =     10159.7500
 EELEC  =   -104762.9371  EHBOND  =         0.0000  RESTRAINT  =       153.0707
 EAMBER (non-restraint)  =    -84832.6148
 EKCMT  =      7309.4298  VIRIAL  =      7274.5326  VOLUME     =    271515.9435
                                                    Density    =         1.0196
 ------------------------------------------------------------------------------

wrapping first mol.:       23.54400       33.29625       57.67079
wrapping first mol.:       23.54400       33.29625       57.67079

 NSTEP =    37500   TIME(PS) =    1115.000  TEMP(K) =   297.47  PRESS =  -151.7
 Etot   =    -68501.9304  EKtot   =     16506.3574  EPtot      =    -85008.2878
 BOND   =       488.7895  ANGLE   =      1267.5642  DIHED      =      2084.2235
 1-4 NB =       635.3223  1-4 EEL =      5259.5742  VDWAALS    =     10130.7099
 EELEC  =   -105019.1323  EHBOND  =         0.0000  RESTRAINT  =       144.6608
 EAMBER (non-restraint)  =    -85152.9486
 EKCMT  =      7265.0292  VIRIAL  =      8153.6417  VOLUME     =    271261.7783
                                                    Density    =         1.0206
 ------------------------------------------------------------------------------

wrapping first mol.:       23.56673       33.32839       57.72645
wrapping first mol.:       23.56673       33.32839       57.72645

 NSTEP =    38000   TIME(PS) =    1116.000  TEMP(K) =   299.49  PRESS =    55.3
 Etot   =    -68325.9127  EKtot   =     16618.5586  EPtot      =    -84944.4713
 BOND   =       503.7814  ANGLE   =      1226.9895  DIHED      =      2098.4919
 1-4 NB =       623.6933  1-4 EEL =      5295.0347  VDWAALS    =     10304.0018
 EELEC  =   -105151.9240  EHBOND  =         0.0000  RESTRAINT  =       155.4601
 EAMBER (non-restraint)  =    -85099.9315
 EKCMT  =      7308.6127  VIRIAL  =      6983.8392  VOLUME     =    272042.9662
                                                    Density    =         1.0176
 ------------------------------------------------------------------------------

wrapping first mol.:       23.57826       33.34470       57.75471
wrapping first mol.:       23.57826       33.34470       57.75471

 NSTEP =    38500   TIME(PS) =    1117.000  TEMP(K) =   300.99  PRESS =   -48.4
 Etot   =    -67930.0616  EKtot   =     16701.5449  EPtot      =    -84631.6065
 BOND   =       536.0616  ANGLE   =      1293.1709  DIHED      =      2070.5721
 1-4 NB =       617.4094  1-4 EEL =      5237.5924  VDWAALS    =      9861.6826
 EELEC  =   -104415.2606  EHBOND  =         0.0000  RESTRAINT  =       167.1651
 EAMBER (non-restraint)  =    -84798.7716
 EKCMT  =      7393.9240  VIRIAL  =      7678.8590  VOLUME     =    272445.1497
                                                    Density    =         1.0161
 ------------------------------------------------------------------------------

wrapping first mol.:       23.59066       33.36223       57.78507
wrapping first mol.:       23.59066       33.36223       57.78507

 NSTEP =    39000   TIME(PS) =    1118.000  TEMP(K) =   296.65  PRESS =    61.4
 Etot   =    -68378.0368  EKtot   =     16460.8047  EPtot      =    -84838.8415
 BOND   =       487.2971  ANGLE   =      1221.6734  DIHED      =      2064.0498
 1-4 NB =       614.1659  1-4 EEL =      5289.1194  VDWAALS    =     10185.6954
 EELEC  =   -104851.8527  EHBOND  =         0.0000  RESTRAINT  =       151.0103
 EAMBER (non-restraint)  =    -84989.8518
 EKCMT  =      7255.0589  VIRIAL  =      6893.4822  VOLUME     =    272872.3273
                                                    Density    =         1.0145
 ------------------------------------------------------------------------------

wrapping first mol.:       23.57938       33.34627       57.75744
wrapping first mol.:       23.57938       33.34627       57.75744

 NSTEP =    39500   TIME(PS) =    1119.000  TEMP(K) =   300.81  PRESS =  -247.0
 Etot   =    -68067.3126  EKtot   =     16691.8633  EPtot      =    -84759.1759
 BOND   =       509.6022  ANGLE   =      1263.6456  DIHED      =      2081.5179
 1-4 NB =       616.5260  1-4 EEL =      5264.1901  VDWAALS    =      9747.5489
 EELEC  =   -104383.1233  EHBOND  =         0.0000  RESTRAINT  =       140.9168
 EAMBER (non-restraint)  =    -84900.0927
 EKCMT  =      7435.9455  VIRIAL  =      8889.2659  VOLUME     =    272488.5811
                                                    Density    =         1.0160
 ------------------------------------------------------------------------------

wrapping first mol.:       23.56459       33.32536       57.72122
wrapping first mol.:       23.56459       33.32536       57.72122

 NSTEP =    40000   TIME(PS) =    1120.000  TEMP(K) =   300.28  PRESS =  -153.8
 Etot   =    -67999.3224  EKtot   =     16662.0703  EPtot      =    -84661.3927
 BOND   =       488.4992  ANGLE   =      1292.4932  DIHED      =      2112.4406
 1-4 NB =       619.6234  1-4 EEL =      5272.6253  VDWAALS    =      9935.6941
 EELEC  =   -104534.8808  EHBOND  =         0.0000  RESTRAINT  =       152.1125
 EAMBER (non-restraint)  =    -84813.5051
 EKCMT  =      7384.4153  VIRIAL  =      8287.4600  VOLUME     =    271974.0164
                                                    Density    =         1.0179
 ------------------------------------------------------------------------------

wrapping first mol.:       23.56190       33.32156       57.71462
wrapping first mol.:       23.56190       33.32156       57.71462

 NSTEP =    40500   TIME(PS) =    1121.000  TEMP(K) =   298.57  PRESS =  -298.1
 Etot   =    -68250.7081  EKtot   =     16567.4473  EPtot      =    -84818.1554
 BOND   =       481.6133  ANGLE   =      1229.3222  DIHED      =      2079.3982
 1-4 NB =       614.2514  1-4 EEL =      5308.8612  VDWAALS    =     10147.6799
 EELEC  =   -104834.8769  EHBOND  =         0.0000  RESTRAINT  =       155.5954
 EAMBER (non-restraint)  =    -84973.7507
 EKCMT  =      7339.6108  VIRIAL  =      9089.6961  VOLUME     =    271884.3156
                                                    Density    =         1.0182
 ------------------------------------------------------------------------------

wrapping first mol.:       23.57099       33.33442       57.73690
wrapping first mol.:       23.57099       33.33442       57.73690

 NSTEP =    41000   TIME(PS) =    1122.000  TEMP(K) =   301.11  PRESS =    48.9
 Etot   =    -68083.7552  EKtot   =     16708.2227  EPtot      =    -84791.9778
 BOND   =       555.1192  ANGLE   =      1284.2636  DIHED      =      2073.0800
 1-4 NB =       619.9928  1-4 EEL =      5308.2864  VDWAALS    =     10158.3151
 EELEC  =   -104942.7963  EHBOND  =         0.0000  RESTRAINT  =       151.7614
 EAMBER (non-restraint)  =    -84943.7392
 EKCMT  =      7396.5704  VIRIAL  =      7109.1958  VOLUME     =    272190.8311
                                                    Density    =         1.0171
 ------------------------------------------------------------------------------

wrapping first mol.:       23.57257       33.33664       57.74076
wrapping first mol.:       23.57257       33.33664       57.74076

 NSTEP =    41500   TIME(PS) =    1123.000  TEMP(K) =   300.73  PRESS =  -212.3
 Etot   =    -67984.5940  EKtot   =     16687.3672  EPtot      =    -84671.9612
 BOND   =       468.8480  ANGLE   =      1335.3257  DIHED      =      2078.1622
 1-4 NB =       606.3726  1-4 EEL =      5292.7276  VDWAALS    =      9943.0745
 EELEC  =   -104556.5027  EHBOND  =         0.0000  RESTRAINT  =       160.0309
 EAMBER (non-restraint)  =    -84831.9921
 EKCMT  =      7430.3261  VIRIAL  =      8678.5479  VOLUME     =    272251.7408
                                                    Density    =         1.0168
 ------------------------------------------------------------------------------

wrapping first mol.:       23.54845       33.30253       57.68167
wrapping first mol.:       23.54845       33.30253       57.68167

 NSTEP =    42000   TIME(PS) =    1124.000  TEMP(K) =   300.13  PRESS =    -6.5
 Etot   =    -68178.9030  EKtot   =     16653.9473  EPtot      =    -84832.8503
 BOND   =       479.4432  ANGLE   =      1243.0307  DIHED      =      2078.9153
 1-4 NB =       618.7772  1-4 EEL =      5278.4896  VDWAALS    =      9984.5624
 EELEC  =   -104672.1930  EHBOND  =         0.0000  RESTRAINT  =       156.1243
 EAMBER (non-restraint)  =    -84988.9747
 EKCMT  =      7351.1655  VIRIAL  =      7389.5105  VOLUME     =    271411.8163
                                                    Density    =         1.0200
 ------------------------------------------------------------------------------

wrapping first mol.:       23.54610       33.29921       57.67592
wrapping first mol.:       23.54610       33.29921       57.67592

 NSTEP =    42500   TIME(PS) =    1125.000  TEMP(K) =   301.98  PRESS =  -254.7
 Etot   =    -67924.8047  EKtot   =     16756.6953  EPtot      =    -84681.5000
 BOND   =       494.2000  ANGLE   =      1205.6047  DIHED      =      2057.8547
 1-4 NB =       622.0665  1-4 EEL =      5308.4239  VDWAALS    =      9848.9962
 EELEC  =   -104366.3741  EHBOND  =         0.0000  RESTRAINT  =       147.7280
 EAMBER (non-restraint)  =    -84829.2280
 EKCMT  =      7417.8629  VIRIAL  =      8909.8000  VOLUME     =    271336.6927
                                                    Density    =         1.0203
 ------------------------------------------------------------------------------

wrapping first mol.:       23.54168       33.29296       57.66509
wrapping first mol.:       23.54168       33.29296       57.66509

 NSTEP =    43000   TIME(PS) =    1126.000  TEMP(K) =   298.49  PRESS =   -92.0
 Etot   =    -68130.9723  EKtot   =     16563.0879  EPtot      =    -84694.0602
 BOND   =       510.4501  ANGLE   =      1270.2950  DIHED      =      2088.9725
 1-4 NB =       622.9242  1-4 EEL =      5274.7976  VDWAALS    =      9921.2601
 EELEC  =   -104534.2339  EHBOND  =         0.0000  RESTRAINT  =       151.4742
 EAMBER (non-restraint)  =    -84845.5344
 EKCMT  =      7324.3947  VIRIAL  =      7863.0755  VOLUME     =    271179.8876
                                                    Density    =         1.0209
 ------------------------------------------------------------------------------

wrapping first mol.:       23.54539       33.29820       57.67417
wrapping first mol.:       23.54539       33.29820       57.67417

 NSTEP =    43500   TIME(PS) =    1127.000  TEMP(K) =   298.20  PRESS =  -121.5
 Etot   =    -68213.7170  EKtot   =     16546.7812  EPtot      =    -84760.4982
 BOND   =       492.0983  ANGLE   =      1247.0419  DIHED      =      2086.1262
 1-4 NB =       626.7301  1-4 EEL =      5356.1973  VDWAALS    =     10062.5115
 EELEC  =   -104781.1525  EHBOND  =         0.0000  RESTRAINT  =       149.9490
 EAMBER (non-restraint)  =    -84910.4472
 EKCMT  =      7244.1935  VIRIAL  =      7955.7982  VOLUME     =    271308.7704
                                                    Density    =         1.0204
 ------------------------------------------------------------------------------

wrapping first mol.:       23.55968       33.31842       57.70919
wrapping first mol.:       23.55968       33.31842       57.70919

 NSTEP =    44000   TIME(PS) =    1128.000  TEMP(K) =   297.10  PRESS =   -35.5
 Etot   =    -68046.1754  EKtot   =     16485.7500  EPtot      =    -84531.9254
 BOND   =       489.2688  ANGLE   =      1289.9788  DIHED      =      2059.1466
 1-4 NB =       608.1422  1-4 EEL =      5309.7859  VDWAALS    =     10038.9482
 EELEC  =   -104480.2612  EHBOND  =         0.0000  RESTRAINT  =       153.0653
 EAMBER (non-restraint)  =    -84684.9907
 EKCMT  =      7260.4109  VIRIAL  =      7468.9770  VOLUME     =    271801.1633
                                                    Density    =         1.0185
 ------------------------------------------------------------------------------

wrapping first mol.:       23.56152       33.32103       57.71371
wrapping first mol.:       23.56152       33.32103       57.71371

 NSTEP =    44500   TIME(PS) =    1129.000  TEMP(K) =   299.12  PRESS =   117.2
 Etot   =    -68124.9546  EKtot   =     16598.0254  EPtot      =    -84722.9800
 BOND   =       506.0610  ANGLE   =      1249.8376  DIHED      =      2052.0170
 1-4 NB =       615.0939  1-4 EEL =      5299.8540  VDWAALS    =     10173.0199
 EELEC  =   -104780.5101  EHBOND  =         0.0000  RESTRAINT  =       161.6465
 EAMBER (non-restraint)  =    -84884.6265
 EKCMT  =      7354.3084  VIRIAL  =      6666.0982  VOLUME     =    271861.2854
                                                    Density    =         1.0183
 ------------------------------------------------------------------------------

wrapping first mol.:       23.56423       33.32485       57.72034
wrapping first mol.:       23.56423       33.32485       57.72034

 NSTEP =    45000   TIME(PS) =    1130.000  TEMP(K) =   300.07  PRESS =   276.5
 Etot   =    -67975.9121  EKtot   =     16650.6797  EPtot      =    -84626.5917
 BOND   =       526.1028  ANGLE   =      1262.3797  DIHED      =      2039.5657
 1-4 NB =       618.1314  1-4 EEL =      5267.9868  VDWAALS    =     10175.2563
 EELEC  =   -104659.2242  EHBOND  =         0.0000  RESTRAINT  =       143.2098
 EAMBER (non-restraint)  =    -84769.8015
 EKCMT  =      7392.0767  VIRIAL  =      5768.8269  VOLUME     =    271951.1136
                                                    Density    =         1.0180
 ------------------------------------------------------------------------------

wrapping first mol.:       23.55244       33.30818       57.69146
wrapping first mol.:       23.55244       33.30818       57.69146

 NSTEP =    45500   TIME(PS) =    1131.000  TEMP(K) =   301.27  PRESS =   -22.0
 Etot   =    -68083.2126  EKtot   =     16717.2754  EPtot      =    -84800.4880
 BOND   =       500.5744  ANGLE   =      1227.3094  DIHED      =      2062.3631
 1-4 NB =       623.2331  1-4 EEL =      5296.7395  VDWAALS    =     10032.1484
 EELEC  =   -104704.1899  EHBOND  =         0.0000  RESTRAINT  =       161.3340
 EAMBER (non-restraint)  =    -84961.8220
 EKCMT  =      7463.4829  VIRIAL  =      7592.5501  VOLUME     =    271550.4378
                                                    Density    =         1.0195
 ------------------------------------------------------------------------------

wrapping first mol.:       23.55569       33.31277       57.69940
wrapping first mol.:       23.55569       33.31277       57.69940

 NSTEP =    46000   TIME(PS) =    1132.000  TEMP(K) =   300.78  PRESS =   260.7
 Etot   =    -67844.7079  EKtot   =     16690.3184  EPtot      =    -84535.0262
 BOND   =       511.4147  ANGLE   =      1274.7507  DIHED      =      2076.3647
 1-4 NB =       626.9988  1-4 EEL =      5336.0888  VDWAALS    =     10091.6488
 EELEC  =   -104607.5074  EHBOND  =         0.0000  RESTRAINT  =       155.2147
 EAMBER (non-restraint)  =    -84690.2409
 EKCMT  =      7383.7879  VIRIAL  =      5854.6249  VOLUME     =    271655.7313
                                                    Density    =         1.0191
 ------------------------------------------------------------------------------

wrapping first mol.:       23.58202       33.35001       57.76390
wrapping first mol.:       23.58202       33.35001       57.76390

 NSTEP =    46500   TIME(PS) =    1133.000  TEMP(K) =   299.09  PRESS =   -11.5
 Etot   =    -68112.5817  EKtot   =     16596.3574  EPtot      =    -84708.9391
 BOND   =       494.5009  ANGLE   =      1263.5406  DIHED      =      2069.0551
 1-4 NB =       629.5672  1-4 EEL =      5262.0656  VDWAALS    =      9943.7287
 EELEC  =   -104517.0153  EHBOND  =         0.0000  RESTRAINT  =       145.6181
 EAMBER (non-restraint)  =    -84854.5572
 EKCMT  =      7365.4648  VIRIAL  =      7433.1527  VOLUME     =    272574.3814
                                                    Density    =         1.0156
 ------------------------------------------------------------------------------

wrapping first mol.:       23.59670       33.37077       57.79986
wrapping first mol.:       23.59670       33.37077       57.79986

 NSTEP =    47000   TIME(PS) =    1134.000  TEMP(K) =   300.76  PRESS =  -114.0
 Etot   =    -67947.6880  EKtot   =     16689.1348  EPtot      =    -84636.8228
 BOND   =       513.3643  ANGLE   =      1233.9465  DIHED      =      2093.1916
 1-4 NB =       606.8790  1-4 EEL =      5302.8954  VDWAALS    =     10072.7825
 EELEC  =   -104606.3112  EHBOND  =         0.0000  RESTRAINT  =       146.4292
 EAMBER (non-restraint)  =    -84783.2520
 EKCMT  =      7384.9363  VIRIAL  =      8057.0340  VOLUME     =    273086.1773
                                                    Density    =         1.0137
 ------------------------------------------------------------------------------

wrapping first mol.:       23.59479       33.36806       57.79518
wrapping first mol.:       23.59479       33.36806       57.79518

 NSTEP =    47500   TIME(PS) =    1135.000  TEMP(K) =   299.14  PRESS =    13.6
 Etot   =    -67891.7989  EKtot   =     16599.1211  EPtot      =    -84490.9200
 BOND   =       502.4493  ANGLE   =      1263.0692  DIHED      =      2064.0220
 1-4 NB =       617.9394  1-4 EEL =      5280.3785  VDWAALS    =     10046.6569
 EELEC  =   -104422.3902  EHBOND  =         0.0000  RESTRAINT  =       156.9549
 EAMBER (non-restraint)  =    -84647.8749
 EKCMT  =      7292.0603  VIRIAL  =      7212.1473  VOLUME     =    273016.7499
                                                    Density    =         1.0140
 ------------------------------------------------------------------------------

wrapping first mol.:       23.58437       33.35333       57.76966
wrapping first mol.:       23.58437       33.35333       57.76966

 NSTEP =    48000   TIME(PS) =    1136.000  TEMP(K) =   298.66  PRESS =  -123.9
 Etot   =    -68037.1122  EKtot   =     16572.4609  EPtot      =    -84609.5731
 BOND   =       523.1799  ANGLE   =      1231.8761  DIHED      =      2065.1567
 1-4 NB =       597.0017  1-4 EEL =      5319.9959  VDWAALS    =      9722.0827
 EELEC  =   -104214.0943  EHBOND  =         0.0000  RESTRAINT  =       145.2281
 EAMBER (non-restraint)  =    -84754.8013
 EKCMT  =      7377.0144  VIRIAL  =      8106.1889  VOLUME     =    272658.6347
                                                    Density    =         1.0153
 ------------------------------------------------------------------------------

wrapping first mol.:       23.57266       33.33678       57.74099
wrapping first mol.:       23.57266       33.33678       57.74099

 NSTEP =    48500   TIME(PS) =    1137.000  TEMP(K) =   299.14  PRESS =  -135.9
 Etot   =    -68110.5123  EKtot   =     16598.8965  EPtot      =    -84709.4087
 BOND   =       466.0181  ANGLE   =      1202.4255  DIHED      =      2086.0105
 1-4 NB =       639.1054  1-4 EEL =      5400.6509  VDWAALS    =     10049.6777
 EELEC  =   -104691.9904  EHBOND  =         0.0000  RESTRAINT  =       138.6935
 EAMBER (non-restraint)  =    -84848.1022
 EKCMT  =      7342.1190  VIRIAL  =      8140.9853  VOLUME     =    272253.1263
                                                    Density    =         1.0168
 ------------------------------------------------------------------------------

wrapping first mol.:       23.56473       33.32556       57.72155
wrapping first mol.:       23.56473       33.32556       57.72155

 NSTEP =    49000   TIME(PS) =    1138.000  TEMP(K) =   298.00  PRESS =  -268.5
 Etot   =    -68116.3710  EKtot   =     16536.0098  EPtot      =    -84652.3808
 BOND   =       490.1213  ANGLE   =      1261.0335  DIHED      =      2047.8086
 1-4 NB =       625.0884  1-4 EEL =      5319.3216  VDWAALS    =      9770.6107
 EELEC  =   -104317.2267  EHBOND  =         0.0000  RESTRAINT  =       150.8618
 EAMBER (non-restraint)  =    -84803.2426
 EKCMT  =      7283.4680  VIRIAL  =      8860.4716  VOLUME     =    271981.5458
                                                    Density    =         1.0179
 ------------------------------------------------------------------------------

wrapping first mol.:       23.56997       33.33296       57.73438
wrapping first mol.:       23.56997       33.33296       57.73438

 NSTEP =    49500   TIME(PS) =    1139.000  TEMP(K) =   300.54  PRESS =   112.7
 Etot   =    -67967.0200  EKtot   =     16676.9199  EPtot      =    -84643.9400
 BOND   =       488.4860  ANGLE   =      1216.3717  DIHED      =      2081.9574
 1-4 NB =       613.4760  1-4 EEL =      5299.5296  VDWAALS    =     10038.0825
 EELEC  =   -104526.9579  EHBOND  =         0.0000  RESTRAINT  =       145.1148
 EAMBER (non-restraint)  =    -84789.0548
 EKCMT  =      7229.6031  VIRIAL  =      6567.3502  VOLUME     =    272153.6811
                                                    Density    =         1.0172
 ------------------------------------------------------------------------------

wrapping first mol.:       23.56588       33.32718       57.72437
wrapping first mol.:       23.56588       33.32718       57.72437

 NSTEP =    50000   TIME(PS) =    1140.000  TEMP(K) =   297.62  PRESS =   119.5
 Etot   =    -68124.1841  EKtot   =     16514.6504  EPtot      =    -84638.8345
 BOND   =       490.2744  ANGLE   =      1299.5248  DIHED      =      2089.9213
 1-4 NB =       640.1534  1-4 EEL =      5358.6534  VDWAALS    =     10218.1403
 EELEC  =   -104884.9134  EHBOND  =         0.0000  RESTRAINT  =       149.4112
 EAMBER (non-restraint)  =    -84788.2457
 EKCMT  =      7253.1981  VIRIAL  =      6551.2780  VOLUME     =    272011.9485
                                                    Density    =         1.0177
 ------------------------------------------------------------------------------


      A V E R A G E S   O V E R     100 S T E P S


 NSTEP =    50000   TIME(PS) =    1140.000  TEMP(K) =   300.02  PRESS =    -7.3
 Etot   =    -68083.3861  EKtot   =     16647.8759  EPtot      =    -84731.2620
 BOND   =       498.2792  ANGLE   =      1262.0875  DIHED      =      2075.3038
 1-4 NB =       618.2541  1-4 EEL =      5300.5735  VDWAALS    =     10044.1775
 EELEC  =   -104678.6237  EHBOND  =         0.0000  RESTRAINT  =       148.6861
 EAMBER (non-restraint)  =    -84879.9481
 EKCMT  =      7361.0826  VIRIAL  =      7404.1258  VOLUME     =    272063.6650
                                                    Density    =         1.0175
 ------------------------------------------------------------------------------


      R M S  F L U C T U A T I O N S


 NSTEP =    50000   TIME(PS) =    1140.000  TEMP(K) =     1.77  PRESS =   140.3
 Etot   =       164.4368  EKtot   =        98.3804  EPtot      =       127.2534
 BOND   =        19.2239  ANGLE   =        26.8356  DIHED      =        15.2855
 1-4 NB =        10.0856  1-4 EEL =        25.2195  VDWAALS    =       133.9599
 EELEC  =       202.9987  EHBOND  =         0.0000  RESTRAINT  =         7.4674
 EAMBER (non-restraint)  =       119.7861
 EKCMT  =        69.4598  VIRIAL  =       823.6003  VOLUME     =       499.6239
                                                    Density    =         0.0019
 ------------------------------------------------------------------------------

--------------------------------------------------------------------------------
   5.  TIMINGS
--------------------------------------------------------------------------------

|  NonSetup CPU Time in Major Routines:
|
|     Routine           Sec        %
|     ------------------------------
|     Nonbond         159.09   89.79
|     Bond              0.00    0.00
|     Angle             0.00    0.00
|     Dihedral          0.00    0.00
|     Shake             0.29    0.16
|     RunMD            17.74   10.01
|     Other             0.05    0.03
|     ------------------------------
|     Total           177.18

|  PME Nonbond Pairlist CPU Time:
|
|     Routine              Sec        %
|     ---------------------------------
|     Set Up Cit           0.00    0.00
|     Build List           0.00    0.00
|     ---------------------------------
|     Total                0.00    0.00

|  PME Direct Force CPU Time:
|
|     Routine              Sec        %
|     ---------------------------------
|     NonBonded Calc       0.00    0.00
|     Exclude Masked       0.00    0.00
|     Other                0.03    0.02
|     ---------------------------------
|     Total                0.03    0.02

|  PME Reciprocal Force CPU Time:
|
|     Routine              Sec        %
|     ---------------------------------
|     1D bspline           0.00    0.00
|     Grid Charges         0.00    0.00
|     Scalar Sum           0.00    0.00
|     Gradient Sum         0.00    0.00
|     FFT                  0.00    0.00
|     ---------------------------------
|     Total                0.00    0.00

|  Final Performance Info:
|     -----------------------------------------------------
|     Average timings for last   15500 steps:
|     Elapsed(s) =      54.91 Per Step(ms) =       3.54
|         ns/day =      48.77   seconds/ns =    1771.43
|
|     Average timings for all steps:
|     Elapsed(s) =     177.17 Per Step(ms) =       3.54
|         ns/day =      48.77   seconds/ns =    1771.70
|     -----------------------------------------------------

|  Setup CPU time:            0.48 seconds
|  NonSetup CPU time:       177.18 seconds
|  Total CPU time:          177.66 seconds     0.05 hours

|  Setup wall time:           0    seconds
|  NonSetup wall time:      177    seconds
|  Total wall time:         177    seconds     0.05 hours
