
          -------------------------------------------------------
          Amber 16 PMEMD                              2016
          -------------------------------------------------------

| PMEMD implementation of SANDER, Release 16

| Run on 11/16/2016 at 01:11:34

|   Executable path: pmemd.cuda
| Working directory: /home/german/exs/run/256l/mhe/e
|          Hostname: Unknown
  [-O]verwriting output

File Assignments:
|   MDIN: 26equ.in                                                              
|  MDOUT: 26equ.out                                                             
| INPCRD: 25e256l.rst7                                                          
|   PARM: 256l.prmtop                                                           
| RESTRT: 26e256l.rst7                                                          
|   REFC: 25e256l.rst7                                                          
|  MDVEL: mdvel                                                                 
|   MDEN: mden                                                                  
|  MDCRD: 26e256l.nc                                                            
| MDINFO: mdinfo                                                                
|  MDFRC: mdfrc                                                                 


 Here is the input file:

Equilibration with solute restrictions                                         
&cntrl                                                                         
imin = 0,                           ! No Minimization                          
nmropt = 0,                         ! No NMR restraints read                   
                                                                               
! Nature and format of the input                                               
ntx = 5,                            ! Coordinates but no velocities will be rea
irest = 1,                          ! Do not run a new simulation              
                                                                               
! Nature and format of the output                                              
ntxo = 1,                           ! rstrt file in ASCII format               
ntpr = 500,                         ! inf in output every ntpr steps           
ntwr = 500,                         ! rstrt file every ntwr steps              
ntwx = 500,                         ! mdcrd file every ntwx steps              
ntwv = 0,                           ! mdvel without velocities                 
ntwe = 0,                           ! Energies and temperatures not written in 
idecomp = 0,                        ! No energy decomposition                  
iwrap = 1,                          ! Coordinates of the restart and mdcrd file
                                                                               
! Frozen or restrained atoms                                                   
ibelly = 0,                         ! No frozen atoms                          
ntr=1,                              ! Harmonic potential restraints            
restraint_wt = 0.05,                ! The weight for the positional restraints 
restraintmask = ':1-164@N,CA,C,O',  ! restrained residues                      
                                                                               
! Molecular dynamics                                                           
nstlim = 50000,                     ! Number of MD-steps                       
dt = 0.002,                         ! Time step                                
                                                                               
! Temperature regulation                                                       
ntt = 3,                            ! Langevin thermostat                      
gamma_ln = 5,                       ! Gamma constant for Langevin              
!temp0 = 300.0,                     ! Reference T at which the system is to be 
tempi = 300.0,                      ! Initial T                                
ig = -1,                            ! Seed for the RNG                         
                                                                               
! P and V regulation                                                           
ntp = 1,                            ! Constant P. Isotropic scaling            
barostat = 1,                       ! Berendsen barostat                       
taup = 1,                           ! Pressure relaxation time                 
nrespa = 1,                         ! Evaluate at each step                    
ntb = 2,                            ! Periodic box for constant P              
                                                                               
! SHAKE variables                                                              
ntc = 2,                            ! Bonds involving H are constrained        
ntf = 2,                            ! Bond interaction involving H are ommited.
                                                                               
cut = 10.0,                         ! Nonbonded cutoff                         
/                                                                              
&end                                                                           


Note: ig = -1. Setting random seed to   162029 based on wallclock time in 
      microseconds.
 
|--------------------- INFORMATION ----------------------
| GPU (CUDA) Version of PMEMD in use: NVIDIA GPU IN USE.
|                    Version 16.0.0
| 
|                      02/25/2016
| 
| Implementation by:
|                    Ross C. Walker     (SDSC)
|                    Scott Le Grand     (nVIDIA)
| 
| Precision model in use:
|      [SPFP] - Single Precision Forces, 64-bit Fixed Point
|               Accumulation. (Default)
| 
|--------------------------------------------------------
 
|----------------- CITATION INFORMATION -----------------
|
|    When publishing work that utilized the CUDA version
|    of AMBER, please cite the following in addition to
|    the regular AMBER citations:
|
|  - Romelia Salomon-Ferrer; Andreas W. Goetz; Duncan
|    Poole; Scott Le Grand; Ross C. Walker "Routine
|    microsecond molecular dynamics simulations with
|    AMBER - Part II: Particle Mesh Ewald", J. Chem.
|    Theory Comput., 2013, 9 (9), pp3878-3888,
|    DOI: 10.1021/ct400314y.
|
|  - Andreas W. Goetz; Mark J. Williamson; Dong Xu;
|    Duncan Poole; Scott Le Grand; Ross C. Walker
|    "Routine microsecond molecular dynamics simulations
|    with AMBER - Part I: Generalized Born", J. Chem.
|    Theory Comput., 2012, 8 (5), pp1542-1555.
|
|  - Scott Le Grand; Andreas W. Goetz; Ross C. Walker
|    "SPFP: Speed without compromise - a mixed precision
|    model for GPU accelerated molecular dynamics
|    simulations.", Comp. Phys. Comm., 2013, 184
|    pp374-380, DOI: 10.1016/j.cpc.2012.09.022
|
|--------------------------------------------------------
 
|------------------- GPU DEVICE INFO --------------------
|
|            CUDA_VISIBLE_DEVICES: 0
|   CUDA Capable Devices Detected:      1
|           CUDA Device ID in use:      0
|                CUDA Device Name: GeForce GTX 1060 6GB
|     CUDA Device Global Mem Size:   6072 MB
| CUDA Device Num Multiprocessors:     10
|           CUDA Device Core Freq:   1.76 GHz
|
|--------------------------------------------------------
 
 
| Conditional Compilation Defines Used:
| PUBFFT
| BINTRAJ
| CUDA
| EMIL

| Largest sphere to fit in unit cell has radius =    28.878

| New format PARM file being parsed.
| Version =    1.000 Date = 11/06/16 Time = 21:27:50

| Note: 1-4 EEL scale factors are being read from the topology file.

| Note: 1-4 VDW scale factors are being read from the topology file.
| Duplicated    0 dihedrals

| Duplicated    0 dihedrals

--------------------------------------------------------------------------------
   1.  RESOURCE   USE: 
--------------------------------------------------------------------------------

 getting new box info from bottom of inpcrd
 NATOM  =   27265 NTYPES =      17 NBONH =   25948 MBONA  =    1329
 NTHETH =    3021 MTHETA =    1791 NPHIH =    6129 MPHIA  =    5620
 NHPARM =       0 NPARM  =       0 NNB   =   47372 NRES   =    8376
 NBONA  =    1329 NTHETA =    1791 NPHIA =    5620 NUMBND =      69
 NUMANG =     154 NPTRA  =     196 NATYP =      37 NPHB   =       1
 IFBOX  =       2 NMXRS  =      24 IFCAP =       0 NEXTRA =       0
 NCOPY  =       0

| Coordinate Index Table dimensions:    11   11   11
| Direct force subcell size =     6.4306    6.4306    6.4306

     BOX TYPE: TRUNCATED OCTAHEDRON

--------------------------------------------------------------------------------
   2.  CONTROL  DATA  FOR  THE  RUN
--------------------------------------------------------------------------------

default_name                                                                    

General flags:
     imin    =       0, nmropt  =       0

Nature and format of input:
     ntx     =       5, irest   =       1, ntrx    =       1

Nature and format of output:
     ntxo    =       1, ntpr    =     500, ntrx    =       1, ntwr    =     500
     iwrap   =       1, ntwx    =     500, ntwv    =       0, ntwe    =       0
     ioutfm  =       1, ntwprt  =       0, idecomp =       0, rbornstat=      0

Potential function:
     ntf     =       2, ntb     =       2, igb     =       0, nsnb    =      25
     ipol    =       0, gbsa    =       0, iesp    =       0
     dielc   =   1.00000, cut     =  10.00000, intdiel =   1.00000

Frozen or restrained atoms:
     ibelly  =       0, ntr     =       1
     restraint_wt =   0.05000

Molecular dynamics:
     nstlim  =     50000, nscm    =         0, nrespa  =         1
     t       =   0.00000, dt      =   0.00200, vlimit  =  -1.00000

Langevin dynamics temperature regulation:
     ig      =  162029
     temp0   = 300.00000, tempi   = 300.00000, gamma_ln=   5.00000

Pressure regulation:
     ntp     =       1
     pres0   =   1.00000, comp    =  44.60000, taup    =   1.00000

SHAKE:
     ntc     =       2, jfastw  =       0
     tol     =   0.00001

| Intermolecular bonds treatment:
|     no_intermolecular_bonds =       1

| Energy averages sample interval:
|     ene_avg_sampling =     500

Ewald parameters:
     verbose =       0, ew_type =       0, nbflag  =       1, use_pme =       1
     vdwmeth =       1, eedmeth =       1, netfrc  =       1
     Box X =   70.737   Box Y =   70.737   Box Z =   70.737
     Alpha =  109.471   Beta  =  109.471   Gamma =  109.471
     NFFT1 =   72       NFFT2 =   72       NFFT3 =   72
     Cutoff=   10.000   Tol   =0.100E-04
     Ewald Coefficient =  0.27511
     Interpolation order =    4

    LOADING THE CONSTRAINED ATOMS AS GROUPS


   5.  REFERENCE ATOM COORDINATES

  default_name                                                                    
     Mask :1-164@N,CA,C,O; matches   656 atoms

--------------------------------------------------------------------------------
   3.  ATOMIC COORDINATES AND VELOCITIES
--------------------------------------------------------------------------------

default_name                                                                    
 begin time read from input coords =  2640.000 ps

 
 Number of triangulated 3-point waters found:     8204

     Sum of charges from parm topology file =  -0.00000007
     Forcing neutrality...

| Dynamic Memory, Types Used:
| Reals             1306492
| Integers           933163

| Nonbonded Pairs Initial Allocation:     8246980

| GPU memory information (estimate):
| KB of GPU memory in use:    206566
| KB of CPU memory in use:     40678

--------------------------------------------------------------------------------
   4.  RESULTS
--------------------------------------------------------------------------------

 ---------------------------------------------------
 APPROXIMATING switch and d/dx switch using CUBIC SPLINE INTERPOLATION
 using   5000.0 points per unit in tabled values
 TESTING RELATIVE ERROR over r ranging from 0.0 to cutoff
| CHECK switch(x): max rel err =   0.2738E-14   at   2.422500
| CHECK d/dx switch(x): max rel err =   0.8314E-11   at   2.736960
 ---------------------------------------------------
|---------------------------------------------------
| APPROXIMATING direct energy using CUBIC SPLINE INTERPOLATION
|  with   50.0 points per unit in tabled values
| Relative Error Limit not exceeded for r .gt.   2.33
| APPROXIMATING direct force using CUBIC SPLINE INTERPOLATION
|  with   50.0 points per unit in tabled values
| Relative Error Limit not exceeded for r .gt.   2.80
|---------------------------------------------------
wrapping first mol.:       23.57678       33.34260       57.75107
wrapping first mol.:       23.57678       33.34260       57.75107

 NSTEP =      500   TIME(PS) =    2641.000  TEMP(K) =   302.12  PRESS =   -33.4
 Etot   =    -67785.1348  EKtot   =     16764.2148  EPtot      =    -84549.3496
 BOND   =       548.0881  ANGLE   =      1294.7283  DIHED      =      2065.7699
 1-4 NB =       612.3332  1-4 EEL =      5255.1893  VDWAALS    =     10018.1583
 EELEC  =   -104349.8261  EHBOND  =         0.0000  RESTRAINT  =         6.2093
 EAMBER (non-restraint)  =    -84555.5589
 EKCMT  =      7405.2777  VIRIAL  =      7601.5710  VOLUME     =    272393.2579
                                                    Density    =         1.0163
 ------------------------------------------------------------------------------

wrapping first mol.:       23.58182       33.34973       57.76343
wrapping first mol.:       23.58182       33.34973       57.76343

 NSTEP =     1000   TIME(PS) =    2642.000  TEMP(K) =   298.72  PRESS =    27.3
 Etot   =    -68108.3340  EKtot   =     16575.5898  EPtot      =    -84683.9238
 BOND   =       512.2647  ANGLE   =      1285.2067  DIHED      =      2072.1023
 1-4 NB =       622.4225  1-4 EEL =      5269.3958  VDWAALS    =     10196.7764
 EELEC  =   -104649.9815  EHBOND  =         0.0000  RESTRAINT  =         7.8893
 EAMBER (non-restraint)  =    -84691.8132
 EKCMT  =      7299.0923  VIRIAL  =      7138.4678  VOLUME     =    272566.7056
                                                    Density    =         1.0157
 ------------------------------------------------------------------------------

wrapping first mol.:       23.55948       33.31813       57.70869
wrapping first mol.:       23.55948       33.31813       57.70869

 NSTEP =     1500   TIME(PS) =    2643.000  TEMP(K) =   297.67  PRESS =    70.2
 Etot   =    -68372.4587  EKtot   =     16517.2656  EPtot      =    -84889.7244
 BOND   =       499.0368  ANGLE   =      1286.5546  DIHED      =      2085.5873
 1-4 NB =       606.3945  1-4 EEL =      5258.6406  VDWAALS    =     10111.3197
 EELEC  =   -104746.4044  EHBOND  =         0.0000  RESTRAINT  =         9.1466
 EAMBER (non-restraint)  =    -84898.8709
 EKCMT  =      7284.8195  VIRIAL  =      6872.5759  VOLUME     =    271791.5241
                                                    Density    =         1.0186
 ------------------------------------------------------------------------------

wrapping first mol.:       23.54423       33.29657       57.67135
wrapping first mol.:       23.54423       33.29657       57.67135

 NSTEP =     2000   TIME(PS) =    2644.000  TEMP(K) =   299.43  PRESS =  -120.0
 Etot   =    -68327.1151  EKtot   =     16615.2422  EPtot      =    -84942.3573
 BOND   =       522.2697  ANGLE   =      1280.9981  DIHED      =      2071.9678
 1-4 NB =       632.8760  1-4 EEL =      5329.3275  VDWAALS    =     10023.1953
 EELEC  =   -104812.0969  EHBOND  =         0.0000  RESTRAINT  =         9.1053
 EAMBER (non-restraint)  =    -84951.4626
 EKCMT  =      7394.7213  VIRIAL  =      8097.6340  VOLUME     =    271268.9399
                                                    Density    =         1.0205
 ------------------------------------------------------------------------------

wrapping first mol.:       23.54786       33.30169       57.68022
wrapping first mol.:       23.54786       33.30169       57.68022

 NSTEP =     2500   TIME(PS) =    2645.000  TEMP(K) =   299.51  PRESS =   -77.9
 Etot   =    -68312.1453  EKtot   =     16619.6855  EPtot      =    -84931.8309
 BOND   =       509.8204  ANGLE   =      1255.6128  DIHED      =      2049.0164
 1-4 NB =       620.1893  1-4 EEL =      5312.6201  VDWAALS    =      9966.6652
 EELEC  =   -104653.7474  EHBOND  =         0.0000  RESTRAINT  =         7.9924
 EAMBER (non-restraint)  =    -84939.8232
 EKCMT  =      7316.0436  VIRIAL  =      7772.6730  VOLUME     =    271393.1040
                                                    Density    =         1.0201
 ------------------------------------------------------------------------------

wrapping first mol.:       23.57050       33.33373       57.73570
wrapping first mol.:       23.57050       33.33373       57.73570

 NSTEP =     3000   TIME(PS) =    2646.000  TEMP(K) =   301.45  PRESS =   107.2
 Etot   =    -68129.7193  EKtot   =     16727.5410  EPtot      =    -84857.2604
 BOND   =       509.0582  ANGLE   =      1307.2530  DIHED      =      2103.5564
 1-4 NB =       616.3870  1-4 EEL =      5293.0047  VDWAALS    =     10174.4062
 EELEC  =   -104871.0013  EHBOND  =         0.0000  RESTRAINT  =        10.0755
 EAMBER (non-restraint)  =    -84867.3358
 EKCMT  =      7422.3780  VIRIAL  =      6792.3474  VOLUME     =    272172.4876
                                                    Density    =         1.0171
 ------------------------------------------------------------------------------

wrapping first mol.:       23.58333       33.35187       57.76713
wrapping first mol.:       23.58333       33.35187       57.76713

 NSTEP =     3500   TIME(PS) =    2647.000  TEMP(K) =   298.05  PRESS =    19.0
 Etot   =    -68236.2162  EKtot   =     16538.5820  EPtot      =    -84774.7982
 BOND   =       501.8847  ANGLE   =      1297.0932  DIHED      =      2094.1596
 1-4 NB =       623.2855  1-4 EEL =      5289.8018  VDWAALS    =     10103.4648
 EELEC  =   -104695.6825  EHBOND  =         0.0000  RESTRAINT  =        11.1946
 EAMBER (non-restraint)  =    -84785.9928
 EKCMT  =      7355.7857  VIRIAL  =      7244.2397  VOLUME     =    272619.3313
                                                    Density    =         1.0155
 ------------------------------------------------------------------------------

wrapping first mol.:       23.58013       33.34734       57.75928
wrapping first mol.:       23.58013       33.34734       57.75928

 NSTEP =     4000   TIME(PS) =    2648.000  TEMP(K) =   301.34  PRESS =  -150.1
 Etot   =    -68090.6721  EKtot   =     16721.0117  EPtot      =    -84811.6839
 BOND   =       492.9628  ANGLE   =      1324.5458  DIHED      =      2071.7424
 1-4 NB =       627.5181  1-4 EEL =      5236.8753  VDWAALS    =     10088.5778
 EELEC  =   -104664.4691  EHBOND  =         0.0000  RESTRAINT  =        10.5630
 EAMBER (non-restraint)  =    -84822.2468
 EKCMT  =      7483.9717  VIRIAL  =      8366.9816  VOLUME     =    272512.2649
                                                    Density    =         1.0159
 ------------------------------------------------------------------------------

wrapping first mol.:       23.57925       33.34609       57.75712
wrapping first mol.:       23.57925       33.34609       57.75712

 NSTEP =     4500   TIME(PS) =    2649.000  TEMP(K) =   298.77  PRESS =   394.6
 Etot   =    -67978.9471  EKtot   =     16578.5684  EPtot      =    -84557.5154
 BOND   =       535.0077  ANGLE   =      1252.2499  DIHED      =      2087.8015
 1-4 NB =       600.3725  1-4 EEL =      5258.3769  VDWAALS    =     10290.5624
 EELEC  =   -104590.4534  EHBOND  =         0.0000  RESTRAINT  =         8.5672
 EAMBER (non-restraint)  =    -84566.0827
 EKCMT  =      7331.8279  VIRIAL  =      5010.5020  VOLUME     =    272468.5438
                                                    Density    =         1.0160
 ------------------------------------------------------------------------------

wrapping first mol.:       23.57501       33.34009       57.74673
wrapping first mol.:       23.57501       33.34009       57.74673

 NSTEP =     5000   TIME(PS) =    2650.000  TEMP(K) =   299.24  PRESS =    58.3
 Etot   =    -68168.5536  EKtot   =     16604.7539  EPtot      =    -84773.3075
 BOND   =       469.5854  ANGLE   =      1294.3535  DIHED      =      2111.1221
 1-4 NB =       634.0951  1-4 EEL =      5323.8763  VDWAALS    =      9998.8583
 EELEC  =   -104615.6626  EHBOND  =         0.0000  RESTRAINT  =        10.4644
 EAMBER (non-restraint)  =    -84783.7719
 EKCMT  =      7367.3915  VIRIAL  =      7024.7355  VOLUME     =    272329.6982
                                                    Density    =         1.0166
 ------------------------------------------------------------------------------

wrapping first mol.:       23.56137       33.32080       57.71332
wrapping first mol.:       23.56137       33.32080       57.71332

 NSTEP =     5500   TIME(PS) =    2651.000  TEMP(K) =   303.67  PRESS =   118.4
 Etot   =    -68228.2612  EKtot   =     16850.2969  EPtot      =    -85078.5581
 BOND   =       519.2754  ANGLE   =      1304.5367  DIHED      =      2062.2346
 1-4 NB =       619.6607  1-4 EEL =      5293.8839  VDWAALS    =     10202.9022
 EELEC  =   -105091.4958  EHBOND  =         0.0000  RESTRAINT  =        10.4443
 EAMBER (non-restraint)  =    -85089.0024
 EKCMT  =      7469.5154  VIRIAL  =      6774.3120  VOLUME     =    271855.8164
                                                    Density    =         1.0183
 ------------------------------------------------------------------------------

wrapping first mol.:       23.56695       33.32870       57.72700
wrapping first mol.:       23.56695       33.32870       57.72700

 NSTEP =     6000   TIME(PS) =    2652.000  TEMP(K) =   301.92  PRESS =    99.9
 Etot   =    -67914.0783  EKtot   =     16753.2051  EPtot      =    -84667.2834
 BOND   =       507.6146  ANGLE   =      1302.1520  DIHED      =      2090.7932
 1-4 NB =       607.3924  1-4 EEL =      5268.5348  VDWAALS    =     10154.9366
 EELEC  =   -104609.8346  EHBOND  =         0.0000  RESTRAINT  =        11.1276
 EAMBER (non-restraint)  =    -84678.4110
 EKCMT  =      7314.0392  VIRIAL  =      6727.0774  VOLUME     =    272049.5375
                                                    Density    =         1.0176
 ------------------------------------------------------------------------------

wrapping first mol.:       23.55623       33.31353       57.70073
wrapping first mol.:       23.55623       33.31353       57.70073

 NSTEP =     6500   TIME(PS) =    2653.000  TEMP(K) =   301.14  PRESS =   297.0
 Etot   =    -68180.1075  EKtot   =     16709.8672  EPtot      =    -84889.9747
 BOND   =       499.6464  ANGLE   =      1271.6938  DIHED      =      2074.6741
 1-4 NB =       614.4329  1-4 EEL =      5305.7058  VDWAALS    =     10252.0347
 EELEC  =   -104920.4537  EHBOND  =         0.0000  RESTRAINT  =        12.2913
 EAMBER (non-restraint)  =    -84902.2660
 EKCMT  =      7442.4104  VIRIAL  =      5700.4318  VOLUME     =    271673.5577
                                                    Density    =         1.0190
 ------------------------------------------------------------------------------

wrapping first mol.:       23.55777       33.31572       57.70451
wrapping first mol.:       23.55777       33.31572       57.70451

 NSTEP =     7000   TIME(PS) =    2654.000  TEMP(K) =   299.56  PRESS =   -37.7
 Etot   =    -68211.8795  EKtot   =     16622.5156  EPtot      =    -84834.3952
 BOND   =       507.5013  ANGLE   =      1290.1412  DIHED      =      2087.9489
 1-4 NB =       614.8008  1-4 EEL =      5315.4611  VDWAALS    =     10086.2079
 EELEC  =   -104747.2950  EHBOND  =         0.0000  RESTRAINT  =        10.8387
 EAMBER (non-restraint)  =    -84845.2338
 EKCMT  =      7277.1376  VIRIAL  =      7498.4108  VOLUME     =    271735.0768
                                                    Density    =         1.0188
 ------------------------------------------------------------------------------

wrapping first mol.:       23.55742       33.31522       57.70365
wrapping first mol.:       23.55742       33.31522       57.70365

 NSTEP =     7500   TIME(PS) =    2655.000  TEMP(K) =   300.82  PRESS =  -126.3
 Etot   =    -68171.1837  EKtot   =     16692.1074  EPtot      =    -84863.2911
 BOND   =       535.2684  ANGLE   =      1284.9303  DIHED      =      2071.6439
 1-4 NB =       582.4567  1-4 EEL =      5261.4372  VDWAALS    =     10063.9660
 EELEC  =   -104674.1704  EHBOND  =         0.0000  RESTRAINT  =        11.1769
 EAMBER (non-restraint)  =    -84874.4680
 EKCMT  =      7366.0616  VIRIAL  =      8106.9508  VOLUME     =    271725.1602
                                                    Density    =         1.0188
 ------------------------------------------------------------------------------

wrapping first mol.:       23.55109       33.30627       57.68814
wrapping first mol.:       23.55109       33.30627       57.68814

 NSTEP =     8000   TIME(PS) =    2656.000  TEMP(K) =   299.57  PRESS =   246.7
 Etot   =    -68151.9627  EKtot   =     16623.2051  EPtot      =    -84775.1678
 BOND   =       481.5043  ANGLE   =      1258.1957  DIHED      =      2087.2017
 1-4 NB =       625.6348  1-4 EEL =      5310.4866  VDWAALS    =     10090.4087
 EELEC  =   -104638.5473  EHBOND  =         0.0000  RESTRAINT  =         9.9477
 EAMBER (non-restraint)  =    -84785.1155
 EKCMT  =      7363.2672  VIRIAL  =      5916.8741  VOLUME     =    271497.0276
                                                    Density    =         1.0197
 ------------------------------------------------------------------------------

wrapping first mol.:       23.57133       33.33489       57.73771
wrapping first mol.:       23.57133       33.33489       57.73771

 NSTEP =     8500   TIME(PS) =    2657.000  TEMP(K) =   299.40  PRESS =  -113.0
 Etot   =    -68281.7071  EKtot   =     16613.4473  EPtot      =    -84895.1544
 BOND   =       505.3020  ANGLE   =      1308.9064  DIHED      =      2079.4569
 1-4 NB =       619.9246  1-4 EEL =      5274.2720  VDWAALS    =     10122.2071
 EELEC  =   -104814.5233  EHBOND  =         0.0000  RESTRAINT  =         9.3001
 EAMBER (non-restraint)  =    -84904.4545
 EKCMT  =      7418.8665  VIRIAL  =      8083.2602  VOLUME     =    272206.2522
                                                    Density    =         1.0170
 ------------------------------------------------------------------------------

wrapping first mol.:       23.56433       33.32500       57.72058
wrapping first mol.:       23.56433       33.32500       57.72058

 NSTEP =     9000   TIME(PS) =    2658.000  TEMP(K) =   301.90  PRESS =  -139.8
 Etot   =    -68131.6064  EKtot   =     16752.4980  EPtot      =    -84884.1045
 BOND   =       533.9577  ANGLE   =      1283.1974  DIHED      =      2090.2381
 1-4 NB =       605.8877  1-4 EEL =      5286.8923  VDWAALS    =      9897.8435
 EELEC  =   -104594.8395  EHBOND  =         0.0000  RESTRAINT  =        12.7183
 EAMBER (non-restraint)  =    -84896.8228
 EKCMT  =      7413.2968  VIRIAL  =      8233.9456  VOLUME     =    271964.6808
                                                    Density    =         1.0179
 ------------------------------------------------------------------------------

wrapping first mol.:       23.57386       33.33847       57.74392
wrapping first mol.:       23.57386       33.33847       57.74392

 NSTEP =     9500   TIME(PS) =    2659.000  TEMP(K) =   297.24  PRESS =  -119.4
 Etot   =    -68217.7081  EKtot   =     16493.7500  EPtot      =    -84711.4581
 BOND   =       522.7452  ANGLE   =      1307.4607  DIHED      =      2104.3206
 1-4 NB =       595.1319  1-4 EEL =      5234.1642  VDWAALS    =      9952.4394
 EELEC  =   -104438.4486  EHBOND  =         0.0000  RESTRAINT  =        10.7285
 EAMBER (non-restraint)  =    -84722.1866
 EKCMT  =      7217.7386  VIRIAL  =      7919.7638  VOLUME     =    272294.2009
                                                    Density    =         1.0167
 ------------------------------------------------------------------------------

wrapping first mol.:       23.57027       33.33339       57.73512
wrapping first mol.:       23.57027       33.33339       57.73512

 NSTEP =    10000   TIME(PS) =    2660.000  TEMP(K) =   299.02  PRESS =  -214.7
 Etot   =    -68366.2687  EKtot   =     16592.6738  EPtot      =    -84958.9425
 BOND   =       511.1420  ANGLE   =      1290.1042  DIHED      =      2087.6175
 1-4 NB =       605.2416  1-4 EEL =      5220.1673  VDWAALS    =     10030.6115
 EELEC  =   -104714.8079  EHBOND  =         0.0000  RESTRAINT  =        10.9812
 EAMBER (non-restraint)  =    -84969.9238
 EKCMT  =      7371.9341  VIRIAL  =      8633.5237  VOLUME     =    272172.0946
                                                    Density    =         1.0171
 ------------------------------------------------------------------------------

wrapping first mol.:       23.57054       33.33377       57.73578
wrapping first mol.:       23.57054       33.33377       57.73578

 NSTEP =    10500   TIME(PS) =    2661.000  TEMP(K) =   300.82  PRESS =   101.6
 Etot   =    -68167.7829  EKtot   =     16692.3965  EPtot      =    -84860.1794
 BOND   =       500.4604  ANGLE   =      1258.9421  DIHED      =      2104.8289
 1-4 NB =       621.9788  1-4 EEL =      5304.0739  VDWAALS    =     10039.2630
 EELEC  =   -104700.7955  EHBOND  =         0.0000  RESTRAINT  =        11.0691
 EAMBER (non-restraint)  =    -84871.2485
 EKCMT  =      7329.8495  VIRIAL  =      6732.5491  VOLUME     =    272173.7750
                                                    Density    =         1.0171
 ------------------------------------------------------------------------------

wrapping first mol.:       23.58438       33.35334       57.76968
wrapping first mol.:       23.58438       33.35334       57.76968

 NSTEP =    11000   TIME(PS) =    2662.000  TEMP(K) =   299.36  PRESS =   180.9
 Etot   =    -68441.8925  EKtot   =     16611.5156  EPtot      =    -85053.4081
 BOND   =       522.0021  ANGLE   =      1276.7795  DIHED      =      2097.4076
 1-4 NB =       624.0974  1-4 EEL =      5274.4018  VDWAALS    =     10150.6793
 EELEC  =   -105009.6969  EHBOND  =         0.0000  RESTRAINT  =        10.9210
 EAMBER (non-restraint)  =    -85064.3291
 EKCMT  =      7378.3356  VIRIAL  =      6313.4311  VOLUME     =    272651.5260
                                                    Density    =         1.0154
 ------------------------------------------------------------------------------

wrapping first mol.:       23.57515       33.34030       57.74709
wrapping first mol.:       23.57515       33.34030       57.74709

 NSTEP =    11500   TIME(PS) =    2663.000  TEMP(K) =   297.54  PRESS =  -106.1
 Etot   =    -68405.0391  EKtot   =     16510.4844  EPtot      =    -84915.5235
 BOND   =       516.7562  ANGLE   =      1311.8041  DIHED      =      2076.1615
 1-4 NB =       621.4466  1-4 EEL =      5271.3481  VDWAALS    =     10228.4838
 EELEC  =   -104952.3408  EHBOND  =         0.0000  RESTRAINT  =        10.8170
 EAMBER (non-restraint)  =    -84926.3405
 EKCMT  =      7303.0551  VIRIAL  =      7926.6899  VOLUME     =    272338.6928
                                                    Density    =         1.0165
 ------------------------------------------------------------------------------

wrapping first mol.:       23.56699       33.32876       57.72710
wrapping first mol.:       23.56699       33.32876       57.72710

 NSTEP =    12000   TIME(PS) =    2664.000  TEMP(K) =   302.17  PRESS =    64.8
 Etot   =    -68223.4972  EKtot   =     16767.1348  EPtot      =    -84990.6320
 BOND   =       478.0981  ANGLE   =      1277.0110  DIHED      =      2080.0852
 1-4 NB =       615.9313  1-4 EEL =      5346.3906  VDWAALS    =     10047.9517
 EELEC  =   -104849.6082  EHBOND  =         0.0000  RESTRAINT  =        13.5082
 EAMBER (non-restraint)  =    -85004.1402
 EKCMT  =      7391.3216  VIRIAL  =      7010.7904  VOLUME     =    272051.8084
                                                    Density    =         1.0176
 ------------------------------------------------------------------------------

wrapping first mol.:       23.56533       33.32641       57.72303
wrapping first mol.:       23.56533       33.32641       57.72303

 NSTEP =    12500   TIME(PS) =    2665.000  TEMP(K) =   300.65  PRESS =     5.9
 Etot   =    -68270.1635  EKtot   =     16683.1426  EPtot      =    -84953.3061
 BOND   =       511.0647  ANGLE   =      1266.4311  DIHED      =      2103.5504
 1-4 NB =       620.8882  1-4 EEL =      5267.5118  VDWAALS    =     10129.8029
 EELEC  =   -104865.5707  EHBOND  =         0.0000  RESTRAINT  =        13.0154
 EAMBER (non-restraint)  =    -84966.3215
 EKCMT  =      7354.7248  VIRIAL  =      7320.0970  VOLUME     =    271995.7052
                                                    Density    =         1.0178
 ------------------------------------------------------------------------------

wrapping first mol.:       23.57169       33.33540       57.73860
wrapping first mol.:       23.57169       33.33540       57.73860

 NSTEP =    13000   TIME(PS) =    2666.000  TEMP(K) =   298.12  PRESS =   -56.8
 Etot   =    -68205.3219  EKtot   =     16542.5078  EPtot      =    -84747.8297
 BOND   =       508.3125  ANGLE   =      1263.7565  DIHED      =      2091.4519
 1-4 NB =       604.6580  1-4 EEL =      5292.6407  VDWAALS    =     10135.4346
 EELEC  =   -104657.6985  EHBOND  =         0.0000  RESTRAINT  =        13.6146
 EAMBER (non-restraint)  =    -84761.4443
 EKCMT  =      7306.5581  VIRIAL  =      7640.4283  VOLUME     =    272217.3869
                                                    Density    =         1.0170
 ------------------------------------------------------------------------------

wrapping first mol.:       23.57245       33.33648       57.74047
wrapping first mol.:       23.57245       33.33648       57.74047

 NSTEP =    13500   TIME(PS) =    2667.000  TEMP(K) =   300.34  PRESS =   -86.1
 Etot   =    -67955.0221  EKtot   =     16665.8867  EPtot      =    -84620.9088
 BOND   =       497.0669  ANGLE   =      1315.9554  DIHED      =      2065.6092
 1-4 NB =       615.6800  1-4 EEL =      5265.4229  VDWAALS    =     10043.5235
 EELEC  =   -104435.3662  EHBOND  =         0.0000  RESTRAINT  =        11.1995
 EAMBER (non-restraint)  =    -84632.1083
 EKCMT  =      7328.6938  VIRIAL  =      7834.7342  VOLUME     =    272244.6301
                                                    Density    =         1.0169
 ------------------------------------------------------------------------------

wrapping first mol.:       23.57922       33.34605       57.75705
wrapping first mol.:       23.57922       33.34605       57.75705

 NSTEP =    14000   TIME(PS) =    2668.000  TEMP(K) =   301.54  PRESS =    -2.6
 Etot   =    -67974.9722  EKtot   =     16732.3027  EPtot      =    -84707.2749
 BOND   =       525.3864  ANGLE   =      1301.9631  DIHED      =      2093.3983
 1-4 NB =       623.1435  1-4 EEL =      5327.6085  VDWAALS    =     10099.1274
 EELEC  =   -104689.9517  EHBOND  =         0.0000  RESTRAINT  =        12.0495
 EAMBER (non-restraint)  =    -84719.3244
 EKCMT  =      7336.2345  VIRIAL  =      7351.7024  VOLUME     =    272477.2224
                                                    Density    =         1.0160
 ------------------------------------------------------------------------------

wrapping first mol.:       23.57467       33.33962       57.74591
wrapping first mol.:       23.57467       33.33962       57.74591

 NSTEP =    14500   TIME(PS) =    2669.000  TEMP(K) =   298.55  PRESS =  -117.9
 Etot   =    -68321.8489  EKtot   =     16566.4258  EPtot      =    -84888.2747
 BOND   =       483.7717  ANGLE   =      1291.4780  DIHED      =      2108.2870
 1-4 NB =       623.1183  1-4 EEL =      5328.0077  VDWAALS    =     10171.9875
 EELEC  =   -104906.6621  EHBOND  =         0.0000  RESTRAINT  =        11.7372
 EAMBER (non-restraint)  =    -84900.0119
 EKCMT  =      7210.7587  VIRIAL  =      7903.9103  VOLUME     =    272322.3203
                                                    Density    =         1.0166
 ------------------------------------------------------------------------------

wrapping first mol.:       23.55769       33.31560       57.70430
wrapping first mol.:       23.55769       33.31560       57.70430

 NSTEP =    15000   TIME(PS) =    2670.000  TEMP(K) =   299.93  PRESS =   -65.8
 Etot   =    -68331.4478  EKtot   =     16642.7617  EPtot      =    -84974.2096
 BOND   =       512.0402  ANGLE   =      1275.1826  DIHED      =      2083.7001
 1-4 NB =       618.4165  1-4 EEL =      5300.8412  VDWAALS    =     10031.4770
 EELEC  =   -104806.3606  EHBOND  =         0.0000  RESTRAINT  =        10.4934
 EAMBER (non-restraint)  =    -84984.7029
 EKCMT  =      7368.7767  VIRIAL  =      7754.9567  VOLUME     =    271732.8531
                                                    Density    =         1.0188
 ------------------------------------------------------------------------------

wrapping first mol.:       23.56501       33.32596       57.72225
wrapping first mol.:       23.56501       33.32596       57.72225

 NSTEP =    15500   TIME(PS) =    2671.000  TEMP(K) =   299.58  PRESS =  -333.6
 Etot   =    -68032.8487  EKtot   =     16623.5312  EPtot      =    -84656.3800
 BOND   =       505.3674  ANGLE   =      1268.4983  DIHED      =      2087.0279
 1-4 NB =       632.3538  1-4 EEL =      5334.4676  VDWAALS    =      9817.1830
 EELEC  =   -104312.0951  EHBOND  =         0.0000  RESTRAINT  =        10.8170
 EAMBER (non-restraint)  =    -84667.1970
 EKCMT  =      7402.0766  VIRIAL  =      9361.0800  VOLUME     =    271992.9383
                                                    Density    =         1.0178
 ------------------------------------------------------------------------------

wrapping first mol.:       23.57161       33.33530       57.73842
wrapping first mol.:       23.57161       33.33530       57.73842

 NSTEP =    16000   TIME(PS) =    2672.000  TEMP(K) =   301.94  PRESS =   178.4
 Etot   =    -67884.2360  EKtot   =     16754.2500  EPtot      =    -84638.4860
 BOND   =       498.7714  ANGLE   =      1308.1886  DIHED      =      2077.3060
 1-4 NB =       630.1278  1-4 EEL =      5304.6001  VDWAALS    =     10016.2449
 EELEC  =   -104483.7874  EHBOND  =         0.0000  RESTRAINT  =        10.0625
 EAMBER (non-restraint)  =    -84648.5485
 EKCMT  =      7355.9213  VIRIAL  =      6307.2249  VOLUME     =    272209.1894
                                                    Density    =         1.0170
 ------------------------------------------------------------------------------

wrapping first mol.:       23.56649       33.32805       57.72587
wrapping first mol.:       23.56649       33.32805       57.72587

 NSTEP =    16500   TIME(PS) =    2673.000  TEMP(K) =   301.11  PRESS =    50.7
 Etot   =    -67977.4217  EKtot   =     16708.2148  EPtot      =    -84685.6366
 BOND   =       527.3914  ANGLE   =      1278.9316  DIHED      =      2084.5393
 1-4 NB =       631.0937  1-4 EEL =      5320.0081  VDWAALS    =     10035.7540
 EELEC  =   -104572.9064  EHBOND  =         0.0000  RESTRAINT  =         9.5518
 EAMBER (non-restraint)  =    -84695.1883
 EKCMT  =      7389.8553  VIRIAL  =      7091.9939  VOLUME     =    272034.8134
                                                    Density    =         1.0177
 ------------------------------------------------------------------------------

wrapping first mol.:       23.55722       33.31494       57.70317
wrapping first mol.:       23.55722       33.31494       57.70317

 NSTEP =    17000   TIME(PS) =    2674.000  TEMP(K) =   300.73  PRESS =    -1.7
 Etot   =    -68060.3716  EKtot   =     16687.1602  EPtot      =    -84747.5318
 BOND   =       516.1358  ANGLE   =      1288.5816  DIHED      =      2100.0748
 1-4 NB =       616.7840  1-4 EEL =      5292.0613  VDWAALS    =     10180.0537
 EELEC  =   -104750.5316  EHBOND  =         0.0000  RESTRAINT  =         9.3085
 EAMBER (non-restraint)  =    -84756.8403
 EKCMT  =      7336.7488  VIRIAL  =      7346.7440  VOLUME     =    271715.2221
                                                    Density    =         1.0189
 ------------------------------------------------------------------------------

wrapping first mol.:       23.57152       33.33516       57.73818
wrapping first mol.:       23.57152       33.33516       57.73818

 NSTEP =    17500   TIME(PS) =    2675.000  TEMP(K) =   296.91  PRESS =   -38.5
 Etot   =    -68303.7010  EKtot   =     16475.1758  EPtot      =    -84778.8768
 BOND   =       489.2842  ANGLE   =      1331.6040  DIHED      =      2116.1828
 1-4 NB =       615.2126  1-4 EEL =      5279.6761  VDWAALS    =     10033.8516
 EELEC  =   -104652.5535  EHBOND  =         0.0000  RESTRAINT  =         7.8655
 EAMBER (non-restraint)  =    -84786.7423
 EKCMT  =      7291.0545  VIRIAL  =      7517.2482  VOLUME     =    272211.1146
                                                    Density    =         1.0170
 ------------------------------------------------------------------------------

wrapping first mol.:       23.58451       33.35353       57.77000
wrapping first mol.:       23.58451       33.35353       57.77000

 NSTEP =    18000   TIME(PS) =    2676.000  TEMP(K) =   301.04  PRESS =   304.6
 Etot   =    -68143.8713  EKtot   =     16704.3652  EPtot      =    -84848.2366
 BOND   =       517.6467  ANGLE   =      1242.5822  DIHED      =      2080.4876
 1-4 NB =       619.3103  1-4 EEL =      5302.0367  VDWAALS    =     10391.9453
 EELEC  =   -105010.6710  EHBOND  =         0.0000  RESTRAINT  =         8.4256
 EAMBER (non-restraint)  =    -84856.6622
 EKCMT  =      7357.4483  VIRIAL  =      5564.3386  VOLUME     =    272653.0219
                                                    Density    =         1.0153
 ------------------------------------------------------------------------------

wrapping first mol.:       23.58445       33.35345       57.76986
wrapping first mol.:       23.58445       33.35345       57.76986

 NSTEP =    18500   TIME(PS) =    2677.000  TEMP(K) =   300.39  PRESS =   109.8
 Etot   =    -68147.9998  EKtot   =     16668.6484  EPtot      =    -84816.6482
 BOND   =       510.7600  ANGLE   =      1274.3244  DIHED      =      2101.1168
 1-4 NB =       615.0845  1-4 EEL =      5253.6673  VDWAALS    =     10075.6474
 EELEC  =   -104657.9845  EHBOND  =         0.0000  RESTRAINT  =        10.7359
 EAMBER (non-restraint)  =    -84827.3841
 EKCMT  =      7461.7643  VIRIAL  =      6815.3074  VOLUME     =    272655.8250
                                                    Density    =         1.0153
 ------------------------------------------------------------------------------

wrapping first mol.:       23.57279       33.33696       57.74130
wrapping first mol.:       23.57279       33.33696       57.74130

 NSTEP =    19000   TIME(PS) =    2678.000  TEMP(K) =   301.55  PRESS =   -38.8
 Etot   =    -68237.4056  EKtot   =     16732.9863  EPtot      =    -84970.3920
 BOND   =       514.8159  ANGLE   =      1254.5422  DIHED      =      2063.6071
 1-4 NB =       622.7829  1-4 EEL =      5345.2753  VDWAALS    =     10065.5459
 EELEC  =   -104846.2573  EHBOND  =         0.0000  RESTRAINT  =         9.2961
 EAMBER (non-restraint)  =    -84979.6880
 EKCMT  =      7425.1861  VIRIAL  =      7653.4619  VOLUME     =    272255.1275
                                                    Density    =         1.0168
 ------------------------------------------------------------------------------

wrapping first mol.:       23.57442       33.33926       57.74529
wrapping first mol.:       23.57442       33.33926       57.74529

 NSTEP =    19500   TIME(PS) =    2679.000  TEMP(K) =   302.79  PRESS =   137.2
 Etot   =    -67944.0391  EKtot   =     16801.4316  EPtot      =    -84745.4707
 BOND   =       521.9553  ANGLE   =      1258.2016  DIHED      =      2071.4863
 1-4 NB =       619.7149  1-4 EEL =      5309.4058  VDWAALS    =     10085.6354
 EELEC  =   -104621.4810  EHBOND  =         0.0000  RESTRAINT  =         9.6110
 EAMBER (non-restraint)  =    -84755.0817
 EKCMT  =      7458.0452  VIRIAL  =      6651.3392  VOLUME     =    272307.3901
                                                    Density    =         1.0166
 ------------------------------------------------------------------------------

wrapping first mol.:       23.58903       33.35992       57.78108
wrapping first mol.:       23.58903       33.35992       57.78108

 NSTEP =    20000   TIME(PS) =    2680.000  TEMP(K) =   299.19  PRESS =  -280.0
 Etot   =    -68018.4608  EKtot   =     16601.9785  EPtot      =    -84620.4393
 BOND   =       486.7204  ANGLE   =      1270.4930  DIHED      =      2087.1714
 1-4 NB =       628.1457  1-4 EEL =      5292.2969  VDWAALS    =      9953.2610
 EELEC  =   -104346.7754  EHBOND  =         0.0000  RESTRAINT  =         8.2477
 EAMBER (non-restraint)  =    -84628.6871
 EKCMT  =      7435.7291  VIRIAL  =      9085.0373  VOLUME     =    272824.1314
                                                    Density    =         1.0147
 ------------------------------------------------------------------------------

wrapping first mol.:       23.58391       33.35268       57.76853
wrapping first mol.:       23.58391       33.35268       57.76853

 NSTEP =    20500   TIME(PS) =    2681.000  TEMP(K) =   298.18  PRESS =  -132.8
 Etot   =    -68014.0470  EKtot   =     16545.6172  EPtot      =    -84559.6642
 BOND   =       537.1352  ANGLE   =      1349.4208  DIHED      =      2070.5736
 1-4 NB =       604.0535  1-4 EEL =      5218.6153  VDWAALS    =      9913.0473
 EELEC  =   -104261.5077  EHBOND  =         0.0000  RESTRAINT  =         8.9978
 EAMBER (non-restraint)  =    -84568.6620
 EKCMT  =      7307.1405  VIRIAL  =      8089.0074  VOLUME     =    272642.7995
                                                    Density    =         1.0154
 ------------------------------------------------------------------------------

wrapping first mol.:       23.58752       33.35779       57.77738
wrapping first mol.:       23.58752       33.35779       57.77738

 NSTEP =    21000   TIME(PS) =    2682.000  TEMP(K) =   300.05  PRESS =   -70.7
 Etot   =    -68089.3081  EKtot   =     16649.4023  EPtot      =    -84738.7104
 BOND   =       527.8910  ANGLE   =      1321.5805  DIHED      =      2087.4336
 1-4 NB =       633.4828  1-4 EEL =      5267.9428  VDWAALS    =     10183.6514
 EELEC  =   -104771.5351  EHBOND  =         0.0000  RESTRAINT  =        10.8424
 EAMBER (non-restraint)  =    -84749.5529
 EKCMT  =      7304.2628  VIRIAL  =      7720.3928  VOLUME     =    272766.6282
                                                    Density    =         1.0149
 ------------------------------------------------------------------------------

wrapping first mol.:       23.59007       33.36139       57.78362
wrapping first mol.:       23.59007       33.36139       57.78362

 NSTEP =    21500   TIME(PS) =    2683.000  TEMP(K) =   295.16  PRESS =   -86.8
 Etot   =    -68127.4560  EKtot   =     16378.3916  EPtot      =    -84505.8476
 BOND   =       522.3520  ANGLE   =      1301.3967  DIHED      =      2073.0858
 1-4 NB =       619.2531  1-4 EEL =      5286.1849  VDWAALS    =     10024.6057
 EELEC  =   -104343.6769  EHBOND  =         0.0000  RESTRAINT  =        10.9511
 EAMBER (non-restraint)  =    -84516.7987
 EKCMT  =      7256.4298  VIRIAL  =      7767.9022  VOLUME     =    272855.4101
                                                    Density    =         1.0146
 ------------------------------------------------------------------------------

wrapping first mol.:       23.57443       33.33928       57.74532
wrapping first mol.:       23.57443       33.33928       57.74532

 NSTEP =    22000   TIME(PS) =    2684.000  TEMP(K) =   301.59  PRESS =  -100.0
 Etot   =    -67939.7713  EKtot   =     16734.7871  EPtot      =    -84674.5584
 BOND   =       509.8427  ANGLE   =      1349.1423  DIHED      =      2081.3378
 1-4 NB =       606.8041  1-4 EEL =      5256.7074  VDWAALS    =      9987.9221
 EELEC  =   -104477.2466  EHBOND  =         0.0000  RESTRAINT  =        10.9319
 EAMBER (non-restraint)  =    -84685.4903
 EKCMT  =      7433.8505  VIRIAL  =      8022.0169  VOLUME     =    272313.5017
                                                    Density    =         1.0166
 ------------------------------------------------------------------------------

wrapping first mol.:       23.57653       33.34225       57.75047
wrapping first mol.:       23.57653       33.34225       57.75047

 NSTEP =    22500   TIME(PS) =    2685.000  TEMP(K) =   300.92  PRESS =   -99.3
 Etot   =    -68155.2174  EKtot   =     16697.6367  EPtot      =    -84852.8541
 BOND   =       516.2760  ANGLE   =      1284.5106  DIHED      =      2094.5727
 1-4 NB =       606.5534  1-4 EEL =      5287.6258  VDWAALS    =     10159.2303
 EELEC  =   -104811.3366  EHBOND  =         0.0000  RESTRAINT  =         9.7136
 EAMBER (non-restraint)  =    -84862.5678
 EKCMT  =      7364.7901  VIRIAL  =      7948.7161  VOLUME     =    272386.3306
                                                    Density    =         1.0163
 ------------------------------------------------------------------------------

wrapping first mol.:       23.56998       33.33299       57.73443
wrapping first mol.:       23.56998       33.33299       57.73443

 NSTEP =    23000   TIME(PS) =    2686.000  TEMP(K) =   299.42  PRESS =   -17.5
 Etot   =    -68124.0687  EKtot   =     16614.5117  EPtot      =    -84738.5804
 BOND   =       518.8040  ANGLE   =      1275.7070  DIHED      =      2088.5407
 1-4 NB =       596.8722  1-4 EEL =      5255.6498  VDWAALS    =     10070.2819
 EELEC  =   -104554.0131  EHBOND  =         0.0000  RESTRAINT  =         9.5771
 EAMBER (non-restraint)  =    -84748.1575
 EKCMT  =      7356.8136  VIRIAL  =      7459.7344  VOLUME     =    272157.4772
                                                    Density    =         1.0172
 ------------------------------------------------------------------------------

wrapping first mol.:       23.56570       33.32693       57.72393
wrapping first mol.:       23.56570       33.32693       57.72393

 NSTEP =    23500   TIME(PS) =    2687.000  TEMP(K) =   299.93  PRESS =   -40.3
 Etot   =    -68107.4038  EKtot   =     16642.7246  EPtot      =    -84750.1284
 BOND   =       536.5050  ANGLE   =      1291.8726  DIHED      =      2061.2295
 1-4 NB =       630.0245  1-4 EEL =      5314.5237  VDWAALS    =     10004.6427
 EELEC  =   -104601.0865  EHBOND  =         0.0000  RESTRAINT  =        12.1601
 EAMBER (non-restraint)  =    -84762.2886
 EKCMT  =      7399.5846  VIRIAL  =      7636.3404  VOLUME     =    272009.5804
                                                    Density    =         1.0177
 ------------------------------------------------------------------------------

wrapping first mol.:       23.55085       33.30593       57.68755
wrapping first mol.:       23.55085       33.30593       57.68755

 NSTEP =    24000   TIME(PS) =    2688.000  TEMP(K) =   301.44  PRESS =    34.9
 Etot   =    -68183.8412  EKtot   =     16726.7910  EPtot      =    -84910.6322
 BOND   =       502.2360  ANGLE   =      1294.8028  DIHED      =      2087.2130
 1-4 NB =       614.4892  1-4 EEL =      5303.4181  VDWAALS    =     10188.7408
 EELEC  =   -104912.0714  EHBOND  =         0.0000  RESTRAINT  =        10.5393
 EAMBER (non-restraint)  =    -84921.1715
 EKCMT  =      7283.9207  VIRIAL  =      7079.1641  VOLUME     =    271493.8668
                                                    Density    =         1.0197
 ------------------------------------------------------------------------------

wrapping first mol.:       23.53860       33.28861       57.65756
wrapping first mol.:       23.53860       33.28861       57.65756

 NSTEP =    24500   TIME(PS) =    2689.000  TEMP(K) =   296.64  PRESS =    34.8
 Etot   =    -68345.9989  EKtot   =     16460.5566  EPtot      =    -84806.5556
 BOND   =       510.8141  ANGLE   =      1267.5436  DIHED      =      2065.1121
 1-4 NB =       609.1503  1-4 EEL =      5296.7367  VDWAALS    =     10060.1039
 EELEC  =   -104626.3866  EHBOND  =         0.0000  RESTRAINT  =        10.3702
 EAMBER (non-restraint)  =    -84816.9258
 EKCMT  =      7243.4642  VIRIAL  =      7039.9166  VOLUME     =    271070.6290
                                                    Density    =         1.0213
 ------------------------------------------------------------------------------

wrapping first mol.:       23.55048       33.30541       57.68665
wrapping first mol.:       23.55048       33.30541       57.68665

 NSTEP =    25000   TIME(PS) =    2690.000  TEMP(K) =   300.16  PRESS =  -167.4
 Etot   =    -67994.6602  EKtot   =     16655.8359  EPtot      =    -84650.4961
 BOND   =       525.9976  ANGLE   =      1292.0612  DIHED      =      2109.3378
 1-4 NB =       615.9335  1-4 EEL =      5270.4833  VDWAALS    =      9815.9190
 EELEC  =   -104290.9884  EHBOND  =         0.0000  RESTRAINT  =        10.7598
 EAMBER (non-restraint)  =    -84661.2559
 EKCMT  =      7362.5268  VIRIAL  =      8343.5792  VOLUME     =    271486.0115
                                                    Density    =         1.0197
 ------------------------------------------------------------------------------

wrapping first mol.:       23.53614       33.28513       57.65153
wrapping first mol.:       23.53614       33.28513       57.65153

 NSTEP =    25500   TIME(PS) =    2691.000  TEMP(K) =   294.95  PRESS =    26.4
 Etot   =    -68487.0209  EKtot   =     16366.5654  EPtot      =    -84853.5864
 BOND   =       480.8149  ANGLE   =      1276.5092  DIHED      =      2078.9409
 1-4 NB =       628.0383  1-4 EEL =      5279.1795  VDWAALS    =     10230.9527
 EELEC  =   -104837.3710  EHBOND  =         0.0000  RESTRAINT  =         9.3492
 EAMBER (non-restraint)  =    -84862.9355
 EKCMT  =      7225.9579  VIRIAL  =      7071.4938  VOLUME     =    270985.8388
                                                    Density    =         1.0216
 ------------------------------------------------------------------------------

wrapping first mol.:       23.53793       33.28766       57.65591
wrapping first mol.:       23.53793       33.28766       57.65591

 NSTEP =    26000   TIME(PS) =    2692.000  TEMP(K) =   298.22  PRESS =   144.2
 Etot   =    -68267.4541  EKtot   =     16547.7754  EPtot      =    -84815.2295
 BOND   =       512.2679  ANGLE   =      1332.9115  DIHED      =      2096.2004
 1-4 NB =       599.9686  1-4 EEL =      5256.0173  VDWAALS    =     10123.8901
 EELEC  =   -104746.8249  EHBOND  =         0.0000  RESTRAINT  =        10.3395
 EAMBER (non-restraint)  =    -84825.5690
 EKCMT  =      7302.9023  VIRIAL  =      6459.0628  VOLUME     =    271044.6623
                                                    Density    =         1.0214
 ------------------------------------------------------------------------------

wrapping first mol.:       23.54793       33.30180       57.68041
wrapping first mol.:       23.54793       33.30180       57.68041

 NSTEP =    26500   TIME(PS) =    2693.000  TEMP(K) =   298.79  PRESS =   -92.6
 Etot   =    -68062.3469  EKtot   =     16579.4492  EPtot      =    -84641.7961
 BOND   =       504.6574  ANGLE   =      1347.5196  DIHED      =      2085.4142
 1-4 NB =       618.1591  1-4 EEL =      5299.2642  VDWAALS    =      9931.3552
 EELEC  =   -104437.3885  EHBOND  =         0.0000  RESTRAINT  =         9.2227
 EAMBER (non-restraint)  =    -84651.0188
 EKCMT  =      7394.1925  VIRIAL  =      7936.6972  VOLUME     =    271396.1187
                                                    Density    =         1.0200
 ------------------------------------------------------------------------------

wrapping first mol.:       23.54601       33.29909       57.67571
wrapping first mol.:       23.54601       33.29909       57.67571

 NSTEP =    27000   TIME(PS) =    2694.000  TEMP(K) =   296.08  PRESS =     3.3
 Etot   =    -68187.6893  EKtot   =     16429.0625  EPtot      =    -84616.7518
 BOND   =       535.5814  ANGLE   =      1304.0294  DIHED      =      2087.9758
 1-4 NB =       595.8499  1-4 EEL =      5241.5767  VDWAALS    =      9854.5291
 EELEC  =   -104245.7288  EHBOND  =         0.0000  RESTRAINT  =         9.4347
 EAMBER (non-restraint)  =    -84626.1865
 EKCMT  =      7210.1186  VIRIAL  =      7190.8711  VOLUME     =    271327.5025
                                                    Density    =         1.0203
 ------------------------------------------------------------------------------

wrapping first mol.:       23.54667       33.30002       57.67732
wrapping first mol.:       23.54667       33.30002       57.67732

 NSTEP =    27500   TIME(PS) =    2695.000  TEMP(K) =   300.26  PRESS =    20.5
 Etot   =    -68197.3105  EKtot   =     16661.2500  EPtot      =    -84858.5605
 BOND   =       499.4264  ANGLE   =      1287.4046  DIHED      =      2067.3122
 1-4 NB =       627.8957  1-4 EEL =      5291.0332  VDWAALS    =      9983.0937
 EELEC  =   -104624.5844  EHBOND  =         0.0000  RESTRAINT  =         9.8581
 EAMBER (non-restraint)  =    -84868.4185
 EKCMT  =      7297.8575  VIRIAL  =      7177.4878  VOLUME     =    271349.6769
                                                    Density    =         1.0202
 ------------------------------------------------------------------------------

wrapping first mol.:       23.55938       33.31800       57.70846
wrapping first mol.:       23.55938       33.31800       57.70846

 NSTEP =    28000   TIME(PS) =    2696.000  TEMP(K) =   303.74  PRESS =   -81.2
 Etot   =    -68059.4358  EKtot   =     16854.4824  EPtot      =    -84913.9182
 BOND   =       509.4509  ANGLE   =      1286.4522  DIHED      =      2091.8957
 1-4 NB =       613.3423  1-4 EEL =      5274.6386  VDWAALS    =     10023.0473
 EELEC  =   -104720.9559  EHBOND  =         0.0000  RESTRAINT  =         8.2107
 EAMBER (non-restraint)  =    -84922.1288
 EKCMT  =      7442.6761  VIRIAL  =      7919.2675  VOLUME     =    271791.9887
                                                    Density    =         1.0186
 ------------------------------------------------------------------------------

wrapping first mol.:       23.56338       33.32365       57.71826
wrapping first mol.:       23.56338       33.32365       57.71826

 NSTEP =    28500   TIME(PS) =    2697.000  TEMP(K) =   297.33  PRESS =  -300.2
 Etot   =    -68323.4877  EKtot   =     16498.4785  EPtot      =    -84821.9662
 BOND   =       522.1931  ANGLE   =      1291.7358  DIHED      =      2069.5833
 1-4 NB =       602.4049  1-4 EEL =      5271.7490  VDWAALS    =      9913.7745
 EELEC  =   -104502.8706  EHBOND  =         0.0000  RESTRAINT  =         9.4636
 EAMBER (non-restraint)  =    -84831.4298
 EKCMT  =      7246.9731  VIRIAL  =      9009.5695  VOLUME     =    271935.7185
                                                    Density    =         1.0180
 ------------------------------------------------------------------------------

wrapping first mol.:       23.55222       33.30786       57.69090
wrapping first mol.:       23.55222       33.30786       57.69090

 NSTEP =    29000   TIME(PS) =    2698.000  TEMP(K) =   302.86  PRESS =    49.5
 Etot   =    -68162.6445  EKtot   =     16805.2852  EPtot      =    -84967.9296
 BOND   =       483.3683  ANGLE   =      1285.4271  DIHED      =      2057.4367
 1-4 NB =       605.8362  1-4 EEL =      5329.3543  VDWAALS    =     10134.1176
 EELEC  =   -104871.1693  EHBOND  =         0.0000  RESTRAINT  =         7.6995
 EAMBER (non-restraint)  =    -84975.6291
 EKCMT  =      7403.8268  VIRIAL  =      7113.7286  VOLUME     =    271540.8251
                                                    Density    =         1.0195
 ------------------------------------------------------------------------------

wrapping first mol.:       23.57127       33.33481       57.73757
wrapping first mol.:       23.57127       33.33481       57.73757

 NSTEP =    29500   TIME(PS) =    2699.000  TEMP(K) =   298.25  PRESS =    66.3
 Etot   =    -68224.8643  EKtot   =     16549.9453  EPtot      =    -84774.8096
 BOND   =       487.5315  ANGLE   =      1293.3727  DIHED      =      2110.1848
 1-4 NB =       608.1501  1-4 EEL =      5260.2606  VDWAALS    =     10119.2501
 EELEC  =   -104662.4285  EHBOND  =         0.0000  RESTRAINT  =         8.8690
 EAMBER (non-restraint)  =    -84783.6786
 EKCMT  =      7367.6568  VIRIAL  =      6977.8741  VOLUME     =    272199.9091
                                                    Density    =         1.0170
 ------------------------------------------------------------------------------

wrapping first mol.:       23.57830       33.34475       57.75479
wrapping first mol.:       23.57830       33.34475       57.75479

 NSTEP =    30000   TIME(PS) =    2700.000  TEMP(K) =   300.07  PRESS =   -93.8
 Etot   =    -68146.1726  EKtot   =     16650.6465  EPtot      =    -84796.8191
 BOND   =       491.9781  ANGLE   =      1266.0392  DIHED      =      2090.8485
 1-4 NB =       609.6165  1-4 EEL =      5341.8906  VDWAALS    =     10032.6921
 EELEC  =   -104638.4801  EHBOND  =         0.0000  RESTRAINT  =         8.5959
 EAMBER (non-restraint)  =    -84805.4150
 EKCMT  =      7409.4132  VIRIAL  =      7961.2711  VOLUME     =    272447.4022
                                                    Density    =         1.0161
 ------------------------------------------------------------------------------

wrapping first mol.:       23.56954       33.33237       57.73335
wrapping first mol.:       23.56954       33.33237       57.73335

 NSTEP =    30500   TIME(PS) =    2701.000  TEMP(K) =   302.71  PRESS =   -85.3
 Etot   =    -67770.2331  EKtot   =     16797.1816  EPtot      =    -84567.4147
 BOND   =       508.4101  ANGLE   =      1308.2529  DIHED      =      2126.7358
 1-4 NB =       605.0052  1-4 EEL =      5262.8336  VDWAALS    =      9859.4167
 EELEC  =   -104248.4681  EHBOND  =         0.0000  RESTRAINT  =        10.3991
 EAMBER (non-restraint)  =    -84577.8138
 EKCMT  =      7417.4240  VIRIAL  =      7918.7773  VOLUME     =    272143.8372
                                                    Density    =         1.0172
 ------------------------------------------------------------------------------

wrapping first mol.:       23.55758       33.31545       57.70404
wrapping first mol.:       23.55758       33.31545       57.70404

 NSTEP =    31000   TIME(PS) =    2702.000  TEMP(K) =   299.31  PRESS =    89.0
 Etot   =    -68227.1468  EKtot   =     16608.5742  EPtot      =    -84835.7211
 BOND   =       508.2709  ANGLE   =      1321.5200  DIHED      =      2087.5026
 1-4 NB =       625.3862  1-4 EEL =      5241.2848  VDWAALS    =     10106.9551
 EELEC  =   -104736.2944  EHBOND  =         0.0000  RESTRAINT  =         9.6538
 EAMBER (non-restraint)  =    -84845.3749
 EKCMT  =      7383.0722  VIRIAL  =      6860.7447  VOLUME     =    271725.3689
                                                    Density    =         1.0188
 ------------------------------------------------------------------------------

wrapping first mol.:       23.54290       33.29468       57.66808
wrapping first mol.:       23.54290       33.29468       57.66808

 NSTEP =    31500   TIME(PS) =    2703.000  TEMP(K) =   301.87  PRESS =   -43.8
 Etot   =    -68060.9109  EKtot   =     16750.3320  EPtot      =    -84811.2430
 BOND   =       520.8132  ANGLE   =      1272.4205  DIHED      =      2077.8664
 1-4 NB =       608.1622  1-4 EEL =      5298.5389  VDWAALS    =     10089.8555
 EELEC  =   -104690.6708  EHBOND  =         0.0000  RESTRAINT  =        11.7712
 EAMBER (non-restraint)  =    -84823.0141
 EKCMT  =      7263.1910  VIRIAL  =      7519.8933  VOLUME     =    271220.9030
                                                    Density    =         1.0207
 ------------------------------------------------------------------------------

wrapping first mol.:       23.54424       33.29658       57.67137
wrapping first mol.:       23.54424       33.29658       57.67137

 NSTEP =    32000   TIME(PS) =    2704.000  TEMP(K) =   298.28  PRESS =   -50.6
 Etot   =    -68281.1097  EKtot   =     16551.2637  EPtot      =    -84832.3734
 BOND   =       540.6578  ANGLE   =      1267.9869  DIHED      =      2110.2539
 1-4 NB =       609.8125  1-4 EEL =      5284.6740  VDWAALS    =     10049.2410
 EELEC  =   -104705.4044  EHBOND  =         0.0000  RESTRAINT  =        10.4049
 EAMBER (non-restraint)  =    -84842.7783
 EKCMT  =      7349.7255  VIRIAL  =      7646.2245  VOLUME     =    271267.4786
                                                    Density    =         1.0205
 ------------------------------------------------------------------------------

wrapping first mol.:       23.52976       33.27611       57.63590
wrapping first mol.:       23.52976       33.27611       57.63590

 NSTEP =    32500   TIME(PS) =    2705.000  TEMP(K) =   299.89  PRESS =    84.6
 Etot   =    -68113.1041  EKtot   =     16640.8398  EPtot      =    -84753.9440
 BOND   =       500.7845  ANGLE   =      1298.2689  DIHED      =      2115.6468
 1-4 NB =       610.7652  1-4 EEL =      5290.8224  VDWAALS    =     10005.8944
 EELEC  =   -104586.2851  EHBOND  =         0.0000  RESTRAINT  =        10.1590
 EAMBER (non-restraint)  =    -84764.1030
 EKCMT  =      7417.9505  VIRIAL  =      6923.6350  VOLUME     =    270764.0816
                                                    Density    =         1.0224
 ------------------------------------------------------------------------------

wrapping first mol.:       23.54666       33.30000       57.67729
wrapping first mol.:       23.54666       33.30000       57.67729

 NSTEP =    33000   TIME(PS) =    2706.000  TEMP(K) =   299.47  PRESS =   -38.4
 Etot   =    -67935.4944  EKtot   =     16617.3594  EPtot      =    -84552.8537
 BOND   =       529.9147  ANGLE   =      1295.8747  DIHED      =      2101.3045
 1-4 NB =       626.8067  1-4 EEL =      5269.2739  VDWAALS    =     10026.5697
 EELEC  =   -104412.2902  EHBOND  =         0.0000  RESTRAINT  =         9.6922
 EAMBER (non-restraint)  =    -84562.5459
 EKCMT  =      7431.8544  VIRIAL  =      7656.7632  VOLUME     =    271350.7876
                                                    Density    =         1.0202
 ------------------------------------------------------------------------------

wrapping first mol.:       23.54732       33.30094       57.67892
wrapping first mol.:       23.54732       33.30094       57.67892

 NSTEP =    33500   TIME(PS) =    2707.000  TEMP(K) =   300.85  PRESS =  -134.6
 Etot   =    -68013.3407  EKtot   =     16693.8555  EPtot      =    -84707.1961
 BOND   =       514.5830  ANGLE   =      1295.1791  DIHED      =      2078.0552
 1-4 NB =       617.2348  1-4 EEL =      5294.0574  VDWAALS    =      9977.4835
 EELEC  =   -104494.6756  EHBOND  =         0.0000  RESTRAINT  =        10.8865
 EAMBER (non-restraint)  =    -84718.0827
 EKCMT  =      7386.9448  VIRIAL  =      8175.3702  VOLUME     =    271376.1194
                                                    Density    =         1.0201
 ------------------------------------------------------------------------------

wrapping first mol.:       23.54862       33.30278       57.68210
wrapping first mol.:       23.54862       33.30278       57.68210

 NSTEP =    34000   TIME(PS) =    2708.000  TEMP(K) =   300.20  PRESS =   103.8
 Etot   =    -68085.1257  EKtot   =     16657.8984  EPtot      =    -84743.0241
 BOND   =       523.3904  ANGLE   =      1273.1607  DIHED      =      2070.2059
 1-4 NB =       601.9957  1-4 EEL =      5270.1874  VDWAALS    =     10080.8085
 EELEC  =   -104573.2309  EHBOND  =         0.0000  RESTRAINT  =        10.4582
 EAMBER (non-restraint)  =    -84753.4823
 EKCMT  =      7297.5796  VIRIAL  =      6689.4593  VOLUME     =    271415.1709
                                                    Density    =         1.0200
 ------------------------------------------------------------------------------

wrapping first mol.:       23.55111       33.30630       57.68820
wrapping first mol.:       23.55111       33.30630       57.68820

 NSTEP =    34500   TIME(PS) =    2709.000  TEMP(K) =   296.97  PRESS =   -55.6
 Etot   =    -68154.6524  EKtot   =     16478.6387  EPtot      =    -84633.2911
 BOND   =       528.3916  ANGLE   =      1263.5545  DIHED      =      2079.9880
 1-4 NB =       600.9568  1-4 EEL =      5264.2307  VDWAALS    =      9929.0439
 EELEC  =   -104308.6369  EHBOND  =         0.0000  RESTRAINT  =         9.1803
 EAMBER (non-restraint)  =    -84642.4714
 EKCMT  =      7321.5526  VIRIAL  =      7647.2339  VOLUME     =    271505.2427
                                                    Density    =         1.0196
 ------------------------------------------------------------------------------

wrapping first mol.:       23.55506       33.31188       57.69787
wrapping first mol.:       23.55506       33.31188       57.69787

 NSTEP =    35000   TIME(PS) =    2710.000  TEMP(K) =   299.55  PRESS =  -123.4
 Etot   =    -67917.3618  EKtot   =     16621.9824  EPtot      =    -84539.3443
 BOND   =       513.6737  ANGLE   =      1260.4761  DIHED      =      2095.4446
 1-4 NB =       600.7336  1-4 EEL =      5311.4510  VDWAALS    =     10065.0931
 EELEC  =   -104395.8728  EHBOND  =         0.0000  RESTRAINT  =         9.6565
 EAMBER (non-restraint)  =    -84549.0008
 EKCMT  =      7330.5728  VIRIAL  =      8054.2783  VOLUME     =    271643.3514
                                                    Density    =         1.0191
 ------------------------------------------------------------------------------

wrapping first mol.:       23.55566       33.31273       57.69934
wrapping first mol.:       23.55566       33.31273       57.69934

 NSTEP =    35500   TIME(PS) =    2711.000  TEMP(K) =   299.37  PRESS =     3.6
 Etot   =    -68225.3096  EKtot   =     16611.6152  EPtot      =    -84836.9248
 BOND   =       535.6746  ANGLE   =      1316.4389  DIHED      =      2081.1227
 1-4 NB =       617.7081  1-4 EEL =      5294.7657  VDWAALS    =     10060.1699
 EELEC  =   -104753.2635  EHBOND  =         0.0000  RESTRAINT  =        10.4587
 EAMBER (non-restraint)  =    -84847.3836
 EKCMT  =      7326.9882  VIRIAL  =      7305.8082  VOLUME     =    271661.0581
                                                    Density    =         1.0191
 ------------------------------------------------------------------------------

wrapping first mol.:       23.55047       33.30539       57.68662
wrapping first mol.:       23.55047       33.30539       57.68662

 NSTEP =    36000   TIME(PS) =    2712.000  TEMP(K) =   301.49  PRESS =   119.8
 Etot   =    -68223.6422  EKtot   =     16729.2227  EPtot      =    -84952.8648
 BOND   =       535.3058  ANGLE   =      1260.3777  DIHED      =      2095.9362
 1-4 NB =       609.9921  1-4 EEL =      5303.6982  VDWAALS    =     10108.3280
 EELEC  =   -104877.5364  EHBOND  =         0.0000  RESTRAINT  =        11.0336
 EAMBER (non-restraint)  =    -84963.8984
 EKCMT  =      7289.1985  VIRIAL  =      6587.0997  VOLUME     =    271478.6841
                                                    Density    =         1.0197
 ------------------------------------------------------------------------------

wrapping first mol.:       23.55720       33.31492       57.70312
wrapping first mol.:       23.55720       33.31492       57.70312

 NSTEP =    36500   TIME(PS) =    2713.000  TEMP(K) =   295.83  PRESS =    51.3
 Etot   =    -68235.3803  EKtot   =     16415.4062  EPtot      =    -84650.7865
 BOND   =       515.7933  ANGLE   =      1296.3733  DIHED      =      2072.8826
 1-4 NB =       618.7199  1-4 EEL =      5283.8753  VDWAALS    =      9895.6764
 EELEC  =   -104345.1213  EHBOND  =         0.0000  RESTRAINT  =        11.0140
 EAMBER (non-restraint)  =    -84661.8005
 EKCMT  =      7285.1094  VIRIAL  =      6983.9950  VOLUME     =    271713.3110
                                                    Density    =         1.0189
 ------------------------------------------------------------------------------

wrapping first mol.:       23.56222       33.32200       57.71540
wrapping first mol.:       23.56222       33.32200       57.71540

 NSTEP =    37000   TIME(PS) =    2714.000  TEMP(K) =   303.03  PRESS =   159.5
 Etot   =    -68056.1558  EKtot   =     16815.1152  EPtot      =    -84871.2710
 BOND   =       496.8060  ANGLE   =      1276.9822  DIHED      =      2073.5536
 1-4 NB =       611.1114  1-4 EEL =      5282.0460  VDWAALS    =     10244.1837
 EELEC  =   -104867.2960  EHBOND  =         0.0000  RESTRAINT  =        11.3422
 EAMBER (non-restraint)  =    -84882.6132
 EKCMT  =      7449.0281  VIRIAL  =      6512.9854  VOLUME     =    271884.1997
                                                    Density    =         1.0182
 ------------------------------------------------------------------------------

wrapping first mol.:       23.57395       33.33860       57.74415
wrapping first mol.:       23.57395       33.33860       57.74415

 NSTEP =    37500   TIME(PS) =    2715.000  TEMP(K) =   300.37  PRESS =    37.2
 Etot   =    -67923.4623  EKtot   =     16667.6055  EPtot      =    -84591.0678
 BOND   =       511.2074  ANGLE   =      1268.3818  DIHED      =      2104.1518
 1-4 NB =       603.6873  1-4 EEL =      5311.9904  VDWAALS    =     10108.2688
 EELEC  =   -104510.4564  EHBOND  =         0.0000  RESTRAINT  =        11.7011
 EAMBER (non-restraint)  =    -84602.7689
 EKCMT  =      7369.9625  VIRIAL  =      7151.1206  VOLUME     =    272293.6707
                                                    Density    =         1.0167
 ------------------------------------------------------------------------------

wrapping first mol.:       23.56860       33.33103       57.73103
wrapping first mol.:       23.56860       33.33103       57.73103

 NSTEP =    38000   TIME(PS) =    2716.000  TEMP(K) =   302.03  PRESS =  -176.0
 Etot   =    -68197.2034  EKtot   =     16759.5469  EPtot      =    -84956.7503
 BOND   =       490.5566  ANGLE   =      1277.6085  DIHED      =      2057.9179
 1-4 NB =       634.0274  1-4 EEL =      5261.5935  VDWAALS    =     10105.5389
 EELEC  =   -104795.6786  EHBOND  =         0.0000  RESTRAINT  =        11.6855
 EAMBER (non-restraint)  =    -84968.4358
 EKCMT  =      7389.0819  VIRIAL  =      8423.3450  VOLUME     =    272113.2693
                                                    Density    =         1.0174
 ------------------------------------------------------------------------------

wrapping first mol.:       23.56119       33.32056       57.71289
wrapping first mol.:       23.56119       33.32056       57.71289

 NSTEP =    38500   TIME(PS) =    2717.000  TEMP(K) =   298.65  PRESS =  -259.6
 Etot   =    -68239.0133  EKtot   =     16571.8828  EPtot      =    -84810.8962
 BOND   =       499.7824  ANGLE   =      1340.8134  DIHED      =      2084.9624
 1-4 NB =       602.0429  1-4 EEL =      5288.1517  VDWAALS    =     10086.6257
 EELEC  =   -104725.4042  EHBOND  =         0.0000  RESTRAINT  =        12.1295
 EAMBER (non-restraint)  =    -84823.0257
 EKCMT  =      7308.3362  VIRIAL  =      8831.8991  VOLUME     =    271858.9222
                                                    Density    =         1.0183
 ------------------------------------------------------------------------------

wrapping first mol.:       23.56762       33.32965       57.72864
wrapping first mol.:       23.56762       33.32965       57.72864

 NSTEP =    39000   TIME(PS) =    2718.000  TEMP(K) =   299.54  PRESS =    22.7
 Etot   =    -68113.5756  EKtot   =     16621.1973  EPtot      =    -84734.7729
 BOND   =       497.3868  ANGLE   =      1276.3023  DIHED      =      2112.6798
 1-4 NB =       610.0950  1-4 EEL =      5247.3296  VDWAALS    =     10141.7490
 EELEC  =   -104632.5513  EHBOND  =         0.0000  RESTRAINT  =        12.2360
 EAMBER (non-restraint)  =    -84747.0089
 EKCMT  =      7343.6616  VIRIAL  =      7210.4460  VOLUME     =    272074.6336
                                                    Density    =         1.0175
 ------------------------------------------------------------------------------

wrapping first mol.:       23.57025       33.33337       57.73508
wrapping first mol.:       23.57025       33.33337       57.73508

 NSTEP =    39500   TIME(PS) =    2719.000  TEMP(K) =   299.59  PRESS =     4.7
 Etot   =    -68253.1715  EKtot   =     16623.7891  EPtot      =    -84876.9605
 BOND   =       526.0334  ANGLE   =      1296.7557  DIHED      =      2080.6038
 1-4 NB =       594.8444  1-4 EEL =      5268.7377  VDWAALS    =     10107.0390
 EELEC  =   -104763.3088  EHBOND  =         0.0000  RESTRAINT  =        12.3342
 EAMBER (non-restraint)  =    -84889.2947
 EKCMT  =      7389.1751  VIRIAL  =      7361.4823  VOLUME     =    272166.2247
                                                    Density    =         1.0172
 ------------------------------------------------------------------------------

wrapping first mol.:       23.56945       33.33224       57.73313
wrapping first mol.:       23.56945       33.33224       57.73313

 NSTEP =    40000   TIME(PS) =    2720.000  TEMP(K) =   299.47  PRESS =    27.5
 Etot   =    -68103.7108  EKtot   =     16617.1934  EPtot      =    -84720.9042
 BOND   =       517.1786  ANGLE   =      1269.1689  DIHED      =      2088.4954
 1-4 NB =       625.2123  1-4 EEL =      5300.0636  VDWAALS    =     10051.2454
 EELEC  =   -104582.9700  EHBOND  =         0.0000  RESTRAINT  =        10.7015
 EAMBER (non-restraint)  =    -84731.6057
 EKCMT  =      7301.7972  VIRIAL  =      7140.0842  VOLUME     =    272138.0199
                                                    Density    =         1.0173
 ------------------------------------------------------------------------------

wrapping first mol.:       23.56091       33.32016       57.71221
wrapping first mol.:       23.56091       33.32016       57.71221

 NSTEP =    40500   TIME(PS) =    2721.000  TEMP(K) =   300.35  PRESS =   -28.7
 Etot   =    -68094.5871  EKtot   =     16666.2988  EPtot      =    -84760.8860
 BOND   =       487.4249  ANGLE   =      1229.5822  DIHED      =      2084.3074
 1-4 NB =       621.9426  1-4 EEL =      5280.2367  VDWAALS    =     10119.5774
 EELEC  =   -104593.7322  EHBOND  =         0.0000  RESTRAINT  =         9.7750
 EAMBER (non-restraint)  =    -84770.6610
 EKCMT  =      7258.3903  VIRIAL  =      7427.0601  VOLUME     =    271843.6045
                                                    Density    =         1.0184
 ------------------------------------------------------------------------------

wrapping first mol.:       23.57759       33.34374       57.75305
wrapping first mol.:       23.57759       33.34374       57.75305

 NSTEP =    41000   TIME(PS) =    2722.000  TEMP(K) =   299.72  PRESS =   -72.9
 Etot   =    -68260.4940  EKtot   =     16631.0996  EPtot      =    -84891.5936
 BOND   =       520.4919  ANGLE   =      1283.5043  DIHED      =      2097.4171
 1-4 NB =       624.7035  1-4 EEL =      5277.9522  VDWAALS    =     10098.2960
 EELEC  =   -104803.4888  EHBOND  =         0.0000  RESTRAINT  =         9.5303
 EAMBER (non-restraint)  =    -84901.1238
 EKCMT  =      7349.4446  VIRIAL  =      7778.0136  VOLUME     =    272422.2713
                                                    Density    =         1.0162
 ------------------------------------------------------------------------------

wrapping first mol.:       23.60204       33.37832       57.81294
wrapping first mol.:       23.60204       33.37832       57.81294

 NSTEP =    41500   TIME(PS) =    2723.000  TEMP(K) =   300.03  PRESS =   -87.1
 Etot   =    -67985.5560  EKtot   =     16648.2520  EPtot      =    -84633.8080
 BOND   =       547.7609  ANGLE   =      1321.9439  DIHED      =      2069.4868
 1-4 NB =       621.3854  1-4 EEL =      5244.7596  VDWAALS    =     10136.9770
 EELEC  =   -104584.4532  EHBOND  =         0.0000  RESTRAINT  =         8.3316
 EAMBER (non-restraint)  =    -84642.1396
 EKCMT  =      7385.9343  VIRIAL  =      7899.6811  VOLUME     =    273270.9942
                                                    Density    =         1.0131
 ------------------------------------------------------------------------------

wrapping first mol.:       23.59976       33.37510       57.80736
wrapping first mol.:       23.59976       33.37510       57.80736

 NSTEP =    42000   TIME(PS) =    2724.000  TEMP(K) =   298.35  PRESS =   -52.8
 Etot   =    -68294.4151  EKtot   =     16555.3477  EPtot      =    -84849.7627
 BOND   =       521.7225  ANGLE   =      1259.3831  DIHED      =      2057.1426
 1-4 NB =       610.5388  1-4 EEL =      5248.1948  VDWAALS    =     10107.6263
 EELEC  =   -104664.3675  EHBOND  =         0.0000  RESTRAINT  =         9.9967
 EAMBER (non-restraint)  =    -84859.7595
 EKCMT  =      7418.4884  VIRIAL  =      7729.7145  VOLUME     =    273191.0858
                                                    Density    =         1.0133
 ------------------------------------------------------------------------------

wrapping first mol.:       23.59823       33.37293       57.80361
wrapping first mol.:       23.59823       33.37293       57.80361

 NSTEP =    42500   TIME(PS) =    2725.000  TEMP(K) =   297.62  PRESS =   -51.1
 Etot   =    -68231.2597  EKtot   =     16514.7891  EPtot      =    -84746.0488
 BOND   =       485.0302  ANGLE   =      1334.4492  DIHED      =      2100.0952
 1-4 NB =       608.4009  1-4 EEL =      5320.5386  VDWAALS    =      9985.9958
 EELEC  =   -104590.5102  EHBOND  =         0.0000  RESTRAINT  =         9.9515
 EAMBER (non-restraint)  =    -84756.0003
 EKCMT  =      7279.2170  VIRIAL  =      7580.4541  VOLUME     =    273137.7817
                                                    Density    =         1.0135
 ------------------------------------------------------------------------------

wrapping first mol.:       23.58297       33.35136       57.76625
wrapping first mol.:       23.58297       33.35136       57.76625

 NSTEP =    43000   TIME(PS) =    2726.000  TEMP(K) =   301.38  PRESS =    14.5
 Etot   =    -67941.3455  EKtot   =     16723.1855  EPtot      =    -84664.5311
 BOND   =       481.2797  ANGLE   =      1275.6561  DIHED      =      2068.7650
 1-4 NB =       610.9227  1-4 EEL =      5323.5302  VDWAALS    =     10028.3420
 EELEC  =   -104463.1627  EHBOND  =         0.0000  RESTRAINT  =        10.1361
 EAMBER (non-restraint)  =    -84674.6672
 EKCMT  =      7521.4500  VIRIAL  =      7436.3250  VOLUME     =    272606.9295
                                                    Density    =         1.0155
 ------------------------------------------------------------------------------

wrapping first mol.:       23.58073       33.34819       57.76075
wrapping first mol.:       23.58073       33.34819       57.76075

 NSTEP =    43500   TIME(PS) =    2727.000  TEMP(K) =   301.13  PRESS =   -16.7
 Etot   =    -68004.9501  EKtot   =     16709.6074  EPtot      =    -84714.5576
 BOND   =       518.5276  ANGLE   =      1330.6046  DIHED      =      2094.5066
 1-4 NB =       616.6087  1-4 EEL =      5255.9816  VDWAALS    =     10057.5849
 EELEC  =   -104599.5903  EHBOND  =         0.0000  RESTRAINT  =        11.2187
 EAMBER (non-restraint)  =    -84725.7763
 EKCMT  =      7379.2322  VIRIAL  =      7477.5436  VOLUME     =    272529.9257
                                                    Density    =         1.0158
 ------------------------------------------------------------------------------

wrapping first mol.:       23.56805       33.33026       57.72970
wrapping first mol.:       23.56805       33.33026       57.72970

 NSTEP =    44000   TIME(PS) =    2728.000  TEMP(K) =   299.04  PRESS =   -50.7
 Etot   =    -68358.4798  EKtot   =     16593.4160  EPtot      =    -84951.8959
 BOND   =       485.9466  ANGLE   =      1304.9062  DIHED      =      2090.7220
 1-4 NB =       598.3058  1-4 EEL =      5269.1249  VDWAALS    =     10199.6600
 EELEC  =   -104912.4749  EHBOND  =         0.0000  RESTRAINT  =        11.9135
 EAMBER (non-restraint)  =    -84963.8093
 EKCMT  =      7355.5663  VIRIAL  =      7653.7064  VOLUME     =    272091.3952
                                                    Density    =         1.0174
 ------------------------------------------------------------------------------

wrapping first mol.:       23.57915       33.34595       57.75688
wrapping first mol.:       23.57915       33.34595       57.75688

 NSTEP =    44500   TIME(PS) =    2729.000  TEMP(K) =   301.92  PRESS =    34.1
 Etot   =    -68018.5656  EKtot   =     16753.3027  EPtot      =    -84771.8684
 BOND   =       565.5741  ANGLE   =      1310.2324  DIHED      =      2061.2006
 1-4 NB =       596.6503  1-4 EEL =      5272.5344  VDWAALS    =      9961.0940
 EELEC  =   -104550.1138  EHBOND  =         0.0000  RESTRAINT  =        10.9597
 EAMBER (non-restraint)  =    -84782.8281
 EKCMT  =      7359.4867  VIRIAL  =      7158.9862  VOLUME     =    272473.8484
                                                    Density    =         1.0160
 ------------------------------------------------------------------------------

wrapping first mol.:       23.57384       33.33844       57.74386
wrapping first mol.:       23.57384       33.33844       57.74386

 NSTEP =    45000   TIME(PS) =    2730.000  TEMP(K) =   301.15  PRESS =   -17.7
 Etot   =    -68088.3571  EKtot   =     16710.4434  EPtot      =    -84798.8005
 BOND   =       506.6361  ANGLE   =      1285.6032  DIHED      =      2077.2039
 1-4 NB =       594.1132  1-4 EEL =      5319.3795  VDWAALS    =     10035.6422
 EELEC  =   -104627.9944  EHBOND  =         0.0000  RESTRAINT  =        10.6159
 EAMBER (non-restraint)  =    -84809.4164
 EKCMT  =      7316.7883  VIRIAL  =      7421.0330  VOLUME     =    272290.9404
                                                    Density    =         1.0167
 ------------------------------------------------------------------------------

wrapping first mol.:       23.56530       33.32636       57.72294
wrapping first mol.:       23.56530       33.32636       57.72294

 NSTEP =    45500   TIME(PS) =    2731.000  TEMP(K) =   296.08  PRESS =  -164.7
 Etot   =    -68335.0644  EKtot   =     16429.3867  EPtot      =    -84764.4511
 BOND   =       498.3702  ANGLE   =      1264.1165  DIHED      =      2069.1026
 1-4 NB =       590.0403  1-4 EEL =      5334.2629  VDWAALS    =      9953.3799
 EELEC  =   -104485.2948  EHBOND  =         0.0000  RESTRAINT  =        11.5712
 EAMBER (non-restraint)  =    -84776.0223
 EKCMT  =      7263.2917  VIRIAL  =      8230.3596  VOLUME     =    271998.6911
                                                    Density    =         1.0178
 ------------------------------------------------------------------------------

wrapping first mol.:       23.56304       33.32317       57.71742
wrapping first mol.:       23.56304       33.32317       57.71742

 NSTEP =    46000   TIME(PS) =    2732.000  TEMP(K) =   299.33  PRESS =  -105.2
 Etot   =    -68339.7839  EKtot   =     16609.7070  EPtot      =    -84949.4909
 BOND   =       506.5763  ANGLE   =      1350.0907  DIHED      =      2061.9054
 1-4 NB =       621.3755  1-4 EEL =      5221.0623  VDWAALS    =     10034.8125
 EELEC  =   -104759.3049  EHBOND  =         0.0000  RESTRAINT  =        13.9912
 EAMBER (non-restraint)  =    -84963.4821
 EKCMT  =      7419.5368  VIRIAL  =      8037.1749  VOLUME     =    271919.2133
                                                    Density    =         1.0181
 ------------------------------------------------------------------------------

wrapping first mol.:       23.58482       33.35398       57.77078
wrapping first mol.:       23.58482       33.35398       57.77078

 NSTEP =    46500   TIME(PS) =    2733.000  TEMP(K) =   300.97  PRESS =   330.0
 Etot   =    -68260.8847  EKtot   =     16700.6387  EPtot      =    -84961.5234
 BOND   =       500.8555  ANGLE   =      1301.6283  DIHED      =      2078.9792
 1-4 NB =       607.0183  1-4 EEL =      5290.2908  VDWAALS    =     10303.9758
 EELEC  =   -105055.9386  EHBOND  =         0.0000  RESTRAINT  =        11.6673
 EAMBER (non-restraint)  =    -84973.1907
 EKCMT  =      7449.0633  VIRIAL  =      5506.1861  VOLUME     =    272663.4158
                                                    Density    =         1.0153
 ------------------------------------------------------------------------------

wrapping first mol.:       23.57799       33.34432       57.75404
wrapping first mol.:       23.57799       33.34432       57.75404

 NSTEP =    47000   TIME(PS) =    2734.000  TEMP(K) =   299.97  PRESS =    62.0
 Etot   =    -68207.8225  EKtot   =     16645.0332  EPtot      =    -84852.8557
 BOND   =       501.7644  ANGLE   =      1239.7952  DIHED      =      2069.9625
 1-4 NB =       609.7085  1-4 EEL =      5272.0942  VDWAALS    =     10123.6220
 EELEC  =   -104680.3291  EHBOND  =         0.0000  RESTRAINT  =        10.5266
 EAMBER (non-restraint)  =    -84863.3823
 EKCMT  =      7431.8805  VIRIAL  =      7067.2776  VOLUME     =    272433.0461
                                                    Density    =         1.0162
 ------------------------------------------------------------------------------

wrapping first mol.:       23.57268       33.33681       57.74104
wrapping first mol.:       23.57268       33.33681       57.74104

 NSTEP =    47500   TIME(PS) =    2735.000  TEMP(K) =   301.99  PRESS =  -193.5
 Etot   =    -68118.9150  EKtot   =     16757.1797  EPtot      =    -84876.0946
 BOND   =       506.9943  ANGLE   =      1240.4062  DIHED      =      2081.9509
 1-4 NB =       627.1207  1-4 EEL =      5330.3329  VDWAALS    =      9965.9375
 EELEC  =   -104640.7359  EHBOND  =         0.0000  RESTRAINT  =        11.8987
 EAMBER (non-restraint)  =    -84887.9934
 EKCMT  =      7369.9419  VIRIAL  =      8507.5724  VOLUME     =    272255.2115
                                                    Density    =         1.0168
 ------------------------------------------------------------------------------

wrapping first mol.:       23.59771       33.37220       57.80235
wrapping first mol.:       23.59771       33.37220       57.80235

 NSTEP =    48000   TIME(PS) =    2736.000  TEMP(K) =   300.63  PRESS =  -198.8
 Etot   =    -68240.2851  EKtot   =     16681.6973  EPtot      =    -84921.9823
 BOND   =       525.4812  ANGLE   =      1226.1170  DIHED      =      2087.0352
 1-4 NB =       611.1065  1-4 EEL =      5308.1870  VDWAALS    =     10117.1378
 EELEC  =   -104810.3824  EHBOND  =         0.0000  RESTRAINT  =        13.3354
 EAMBER (non-restraint)  =    -84935.3178
 EKCMT  =      7331.4948  VIRIAL  =      8504.0485  VOLUME     =    273123.5241
                                                    Density    =         1.0136
 ------------------------------------------------------------------------------

wrapping first mol.:       23.58948       33.36056       57.78218
wrapping first mol.:       23.58948       33.36056       57.78218

 NSTEP =    48500   TIME(PS) =    2737.000  TEMP(K) =   300.91  PRESS =   -71.6
 Etot   =    -68059.0209  EKtot   =     16697.1992  EPtot      =    -84756.2201
 BOND   =       519.8144  ANGLE   =      1276.9039  DIHED      =      2084.0308
 1-4 NB =       606.7041  1-4 EEL =      5269.9543  VDWAALS    =     10106.7458
 EELEC  =   -104634.2123  EHBOND  =         0.0000  RESTRAINT  =        13.8390
 EAMBER (non-restraint)  =    -84770.0590
 EKCMT  =      7476.5414  VIRIAL  =      7898.3171  VOLUME     =    272834.6259
                                                    Density    =         1.0147
 ------------------------------------------------------------------------------

wrapping first mol.:       23.58343       33.35201       57.76737
wrapping first mol.:       23.58343       33.35201       57.76737

 NSTEP =    49000   TIME(PS) =    2738.000  TEMP(K) =   301.31  PRESS =  -118.2
 Etot   =    -67837.8739  EKtot   =     16719.3008  EPtot      =    -84557.1746
 BOND   =       497.1400  ANGLE   =      1306.3608  DIHED      =      2072.4380
 1-4 NB =       611.0158  1-4 EEL =      5306.7939  VDWAALS    =     10001.7641
 EELEC  =   -104366.9073  EHBOND  =         0.0000  RESTRAINT  =        14.2201
 EAMBER (non-restraint)  =    -84571.3948
 EKCMT  =      7328.8725  VIRIAL  =      8024.6444  VOLUME     =    272625.9909
                                                    Density    =         1.0154
 ------------------------------------------------------------------------------

wrapping first mol.:       23.59567       33.36932       57.79735
wrapping first mol.:       23.59567       33.36932       57.79735

 NSTEP =    49500   TIME(PS) =    2739.000  TEMP(K) =   303.08  PRESS =   143.2
 Etot   =    -67746.7076  EKtot   =     16817.9688  EPtot      =    -84564.6764
 BOND   =       504.7058  ANGLE   =      1279.1442  DIHED      =      2070.6510
 1-4 NB =       612.1338  1-4 EEL =      5257.0889  VDWAALS    =     10212.7798
 EELEC  =   -104514.2800  EHBOND  =         0.0000  RESTRAINT  =        13.1002
 EAMBER (non-restraint)  =    -84577.7766
 EKCMT  =      7514.7558  VIRIAL  =      6670.3705  VOLUME     =    273044.3796
                                                    Density    =         1.0139
 ------------------------------------------------------------------------------

wrapping first mol.:       23.59428       33.36734       57.79393
wrapping first mol.:       23.59428       33.36734       57.79393

 NSTEP =    50000   TIME(PS) =    2740.000  TEMP(K) =   299.17  PRESS =    -9.8
 Etot   =    -68169.6781  EKtot   =     16600.6543  EPtot      =    -84770.3324
 BOND   =       508.5841  ANGLE   =      1312.8606  DIHED      =      2055.7073
 1-4 NB =       608.8681  1-4 EEL =      5262.7902  VDWAALS    =     10209.1589
 EELEC  =   -104740.2904  EHBOND  =         0.0000  RESTRAINT  =        11.9888
 EAMBER (non-restraint)  =    -84782.3212
 EKCMT  =      7369.0714  VIRIAL  =      7426.7897  VOLUME     =    272999.6534
                                                    Density    =         1.0141
 ------------------------------------------------------------------------------


      A V E R A G E S   O V E R     100 S T E P S


 NSTEP =    50000   TIME(PS) =    2740.000  TEMP(K) =   299.91  PRESS =   -15.1
 Etot   =    -68143.3475  EKtot   =     16642.0253  EPtot      =    -84785.3728
 BOND   =       511.0816  ANGLE   =      1288.6379  DIHED      =      2084.0458
 1-4 NB =       613.9525  1-4 EEL =      5285.0740  VDWAALS    =     10071.7254
 EELEC  =   -104650.4347  EHBOND  =         0.0000  RESTRAINT  =        10.5446
 EAMBER (non-restraint)  =    -84795.9174
 EKCMT  =      7357.8273  VIRIAL  =      7446.5934  VOLUME     =    272085.0670
                                                    Density    =         1.0175
 ------------------------------------------------------------------------------


      R M S  F L U C T U A T I O N S


 NSTEP =    50000   TIME(PS) =    2740.000  TEMP(K) =     1.83  PRESS =   128.6
 Etot   =       148.7730  EKtot   =       101.5373  EPtot      =       127.9358
 BOND   =        17.0833  ANGLE   =        26.0674  DIHED      =        15.4878
 1-4 NB =        10.7960  1-4 EEL =        28.6804  VDWAALS    =       103.2126
 EELEC  =       186.0941  EHBOND  =         0.0000  RESTRAINT  =         1.4871
 EAMBER (non-restraint)  =       126.4486
 EKCMT  =        66.7917  VIRIAL  =       750.1552  VOLUME     =       529.0676
                                                    Density    =         0.0020
 ------------------------------------------------------------------------------

--------------------------------------------------------------------------------
   5.  TIMINGS
--------------------------------------------------------------------------------

|  NonSetup CPU Time in Major Routines:
|
|     Routine           Sec        %
|     ------------------------------
|     Nonbond         159.01   89.77
|     Bond              0.00    0.00
|     Angle             0.00    0.00
|     Dihedral          0.00    0.00
|     Shake             0.34    0.19
|     RunMD            17.74   10.02
|     Other             0.04    0.02
|     ------------------------------
|     Total           177.13

|  PME Nonbond Pairlist CPU Time:
|
|     Routine              Sec        %
|     ---------------------------------
|     Set Up Cit           0.00    0.00
|     Build List           0.00    0.00
|     ---------------------------------
|     Total                0.00    0.00

|  PME Direct Force CPU Time:
|
|     Routine              Sec        %
|     ---------------------------------
|     NonBonded Calc       0.00    0.00
|     Exclude Masked       0.00    0.00
|     Other                0.01    0.01
|     ---------------------------------
|     Total                0.01    0.01

|  PME Reciprocal Force CPU Time:
|
|     Routine              Sec        %
|     ---------------------------------
|     1D bspline           0.00    0.00
|     Grid Charges         0.00    0.00
|     Scalar Sum           0.00    0.00
|     Gradient Sum         0.00    0.00
|     FFT                  0.00    0.00
|     ---------------------------------
|     Total                0.00    0.00

|  Final Performance Info:
|     -----------------------------------------------------
|     Average timings for last   15500 steps:
|     Elapsed(s) =      54.88 Per Step(ms) =       3.54
|         ns/day =      48.81   seconds/ns =    1770.27
|
|     Average timings for all steps:
|     Elapsed(s) =     177.14 Per Step(ms) =       3.54
|         ns/day =      48.78   seconds/ns =    1771.36
|     -----------------------------------------------------

|  Setup CPU time:            0.48 seconds
|  NonSetup CPU time:       177.13 seconds
|  Total CPU time:          177.61 seconds     0.05 hours

|  Setup wall time:           1    seconds
|  NonSetup wall time:      177    seconds
|  Total wall time:         178    seconds     0.05 hours
