
          -------------------------------------------------------
          Amber 16 PMEMD                              2016
          -------------------------------------------------------

| PMEMD implementation of SANDER, Release 16

| Run on 11/16/2016 at 08:15:17

|   Executable path: pmemd.cuda
| Working directory: /home/german/exs/run/256l/mhe/e
|          Hostname: Unknown
  [-O]verwriting output

File Assignments:
|   MDIN: 30equ.in                                                              
|  MDOUT: 30equ.out                                                             
| INPCRD: 29e256l.rst7                                                          
|   PARM: 256l.prmtop                                                           
| RESTRT: 30e256l.rst7                                                          
|   REFC: refc                                                                  
|  MDVEL: mdvel                                                                 
|   MDEN: mden                                                                  
|  MDCRD: 30e256l.nc                                                            
| MDINFO: mdinfo                                                                
|  MDFRC: mdfrc                                                                 


 Here is the input file:

Equilibration without solute restrictions                                      
&cntrl                                                                         
imin = 0,                           ! No Minimization                          
nmropt = 0,                         ! No NMR restraints read                   
                                                                               
! Nature and format of the input                                               
ntx = 5,                            ! Coordinates and velocities will be read  
irest = 1,                          ! Do not run a new simulation              
                                                                               
! Nature and format of the output                                              
ntxo = 1,                           ! rstrt file in ASCII format               
ntpr = 500,                         ! inf in output every ntpr steps           
ntwr = 500,                         ! rstrt file every ntwr steps              
ntwx = 500,                         ! mdcrd file every ntwx steps              
ntwv = 0,                           ! mdvel without velocities                 
ntwe = 0,                           ! Energies and temperatures not written in 
idecomp = 0,                        ! No energy decomposition                  
iwrap = 1,                          ! Coordinates of the restart and mdcrd file
                                                                               
! Frozen or restrained atoms                                                   
ibelly = 0,                         ! No frozen atoms                          
ntr=0,                              ! Harmonic potential restraints            
                                                                               
! Molecular dynamics                                                           
nstlim = 50000,                     ! Number of MD-steps                       
dt = 0.002,                         ! Time step                                
                                                                               
! Temperature regulation                                                       
ntt = 3,                            ! Langevin thermostat                      
gamma_ln = 2,                       ! Gamma constant for Langevin              
!temp0 = 300.0,                     ! Reference T at which the system is to be 
tempi = 300.0,                      ! Initial T                                
ig = -1,                            ! Seed for the RNG                         
                                                                               
! P and V regulation                                                           
ntp = 0,                            ! No P control                             
ntb = 1,                            ! constant V                               
                                                                               
! SHAKE variables                                                              
ntc = 2,                            ! Bonds involving H are constrained        
ntf = 2,                            ! Bond interaction involving H are ommited.
                                                                               
cut = 9.0,                         ! Nonbonded cutoff                          
/                                                                              
&end                                                                           


Note: ig = -1. Setting random seed to   218783 based on wallclock time in 
      microseconds.
 
|--------------------- INFORMATION ----------------------
| GPU (CUDA) Version of PMEMD in use: NVIDIA GPU IN USE.
|                    Version 16.0.0
| 
|                      02/25/2016
| 
| Implementation by:
|                    Ross C. Walker     (SDSC)
|                    Scott Le Grand     (nVIDIA)
| 
| Precision model in use:
|      [SPFP] - Single Precision Forces, 64-bit Fixed Point
|               Accumulation. (Default)
| 
|--------------------------------------------------------
 
|----------------- CITATION INFORMATION -----------------
|
|    When publishing work that utilized the CUDA version
|    of AMBER, please cite the following in addition to
|    the regular AMBER citations:
|
|  - Romelia Salomon-Ferrer; Andreas W. Goetz; Duncan
|    Poole; Scott Le Grand; Ross C. Walker "Routine
|    microsecond molecular dynamics simulations with
|    AMBER - Part II: Particle Mesh Ewald", J. Chem.
|    Theory Comput., 2013, 9 (9), pp3878-3888,
|    DOI: 10.1021/ct400314y.
|
|  - Andreas W. Goetz; Mark J. Williamson; Dong Xu;
|    Duncan Poole; Scott Le Grand; Ross C. Walker
|    "Routine microsecond molecular dynamics simulations
|    with AMBER - Part I: Generalized Born", J. Chem.
|    Theory Comput., 2012, 8 (5), pp1542-1555.
|
|  - Scott Le Grand; Andreas W. Goetz; Ross C. Walker
|    "SPFP: Speed without compromise - a mixed precision
|    model for GPU accelerated molecular dynamics
|    simulations.", Comp. Phys. Comm., 2013, 184
|    pp374-380, DOI: 10.1016/j.cpc.2012.09.022
|
|--------------------------------------------------------
 
|------------------- GPU DEVICE INFO --------------------
|
|            CUDA_VISIBLE_DEVICES: 0
|   CUDA Capable Devices Detected:      1
|           CUDA Device ID in use:      0
|                CUDA Device Name: GeForce GTX 1060 6GB
|     CUDA Device Global Mem Size:   6072 MB
| CUDA Device Num Multiprocessors:     10
|           CUDA Device Core Freq:   1.76 GHz
|
|--------------------------------------------------------
 
 
| Conditional Compilation Defines Used:
| PUBFFT
| BINTRAJ
| CUDA
| EMIL

| Largest sphere to fit in unit cell has radius =    28.858

| New format PARM file being parsed.
| Version =    1.000 Date = 11/06/16 Time = 21:27:50

| Note: 1-4 EEL scale factors are being read from the topology file.

| Note: 1-4 VDW scale factors are being read from the topology file.
| Duplicated    0 dihedrals

| Duplicated    0 dihedrals

--------------------------------------------------------------------------------
   1.  RESOURCE   USE: 
--------------------------------------------------------------------------------

 getting new box info from bottom of inpcrd
 NATOM  =   27265 NTYPES =      17 NBONH =   25948 MBONA  =    1329
 NTHETH =    3021 MTHETA =    1791 NPHIH =    6129 MPHIA  =    5620
 NHPARM =       0 NPARM  =       0 NNB   =   47372 NRES   =    8376
 NBONA  =    1329 NTHETA =    1791 NPHIA =    5620 NUMBND =      69
 NUMANG =     154 NPTRA  =     196 NATYP =      37 NPHB   =       1
 IFBOX  =       2 NMXRS  =      24 IFCAP =       0 NEXTRA =       0
 NCOPY  =       0

| Coordinate Index Table dimensions:    12   12   12
| Direct force subcell size =     5.8906    5.8906    5.8906

     BOX TYPE: TRUNCATED OCTAHEDRON

--------------------------------------------------------------------------------
   2.  CONTROL  DATA  FOR  THE  RUN
--------------------------------------------------------------------------------

default_name                                                                    

General flags:
     imin    =       0, nmropt  =       0

Nature and format of input:
     ntx     =       5, irest   =       1, ntrx    =       1

Nature and format of output:
     ntxo    =       1, ntpr    =     500, ntrx    =       1, ntwr    =     500
     iwrap   =       1, ntwx    =     500, ntwv    =       0, ntwe    =       0
     ioutfm  =       1, ntwprt  =       0, idecomp =       0, rbornstat=      0

Potential function:
     ntf     =       2, ntb     =       1, igb     =       0, nsnb    =      25
     ipol    =       0, gbsa    =       0, iesp    =       0
     dielc   =   1.00000, cut     =   9.00000, intdiel =   1.00000

Frozen or restrained atoms:
     ibelly  =       0, ntr     =       0

Molecular dynamics:
     nstlim  =     50000, nscm    =      1000, nrespa  =         1
     t       =   0.00000, dt      =   0.00200, vlimit  =  -1.00000

Langevin dynamics temperature regulation:
     ig      =  218783
     temp0   = 300.00000, tempi   = 300.00000, gamma_ln=   2.00000

SHAKE:
     ntc     =       2, jfastw  =       0
     tol     =   0.00001

| Intermolecular bonds treatment:
|     no_intermolecular_bonds =       1

| Energy averages sample interval:
|     ene_avg_sampling =     500

Ewald parameters:
     verbose =       0, ew_type =       0, nbflag  =       1, use_pme =       1
     vdwmeth =       1, eedmeth =       1, netfrc  =       1
     Box X =   70.687   Box Y =   70.687   Box Z =   70.687
     Alpha =  109.471   Beta  =  109.471   Gamma =  109.471
     NFFT1 =   72       NFFT2 =   72       NFFT3 =   72
     Cutoff=    9.000   Tol   =0.100E-04
     Ewald Coefficient =  0.30768
     Interpolation order =    4

--------------------------------------------------------------------------------
   3.  ATOMIC COORDINATES AND VELOCITIES
--------------------------------------------------------------------------------

default_name                                                                    
 begin time read from input coords =  4900.000 ps

 
 Number of triangulated 3-point waters found:     8204

     Sum of charges from parm topology file =  -0.00000007
     Forcing neutrality...

| Dynamic Memory, Types Used:
| Reals              817996
| Integers           905898

| Nonbonded Pairs Initial Allocation:     6216420

| GPU memory information (estimate):
| KB of GPU memory in use:    174066
| KB of CPU memory in use:     35478

--------------------------------------------------------------------------------
   4.  RESULTS
--------------------------------------------------------------------------------

 ---------------------------------------------------
 APPROXIMATING switch and d/dx switch using CUBIC SPLINE INTERPOLATION
 using   5000.0 points per unit in tabled values
 TESTING RELATIVE ERROR over r ranging from 0.0 to cutoff
| CHECK switch(x): max rel err =   0.2738E-14   at   2.422500
| CHECK d/dx switch(x): max rel err =   0.8314E-11   at   2.736960
 ---------------------------------------------------
|---------------------------------------------------
| APPROXIMATING direct energy using CUBIC SPLINE INTERPOLATION
|  with   50.0 points per unit in tabled values
| Relative Error Limit not exceeded for r .gt.   2.39
| APPROXIMATING direct force using CUBIC SPLINE INTERPOLATION
|  with   50.0 points per unit in tabled values
| Relative Error Limit not exceeded for r .gt.   2.84
|---------------------------------------------------
wrapping first mol.:       23.56238       33.32224       57.71581
wrapping first mol.:       23.56238       33.32224       57.71581

 NSTEP =      500   TIME(PS) =    4901.000  TEMP(K) =   299.67  PRESS =     0.0
 Etot   =    -68319.4116  EKtot   =     16628.6895  EPtot      =    -84948.1010
 BOND   =       521.6164  ANGLE   =      1319.1254  DIHED      =      2088.3440
 1-4 NB =       593.2644  1-4 EEL =      5228.5156  VDWAALS    =     10084.5030
 EELEC  =   -104783.4698  EHBOND  =         0.0000  RESTRAINT  =         0.0000
 ------------------------------------------------------------------------------

wrapping first mol.:       23.56238       33.32224       57.71581
wrapping first mol.:       23.56238       33.32224       57.71581

 NSTEP =     1000   TIME(PS) =    4902.000  TEMP(K) =   299.03  PRESS =     0.0
 Etot   =    -68411.6945  EKtot   =     16592.9570  EPtot      =    -85004.6516
 BOND   =       524.0228  ANGLE   =      1264.7152  DIHED      =      2064.4440
 1-4 NB =       616.6711  1-4 EEL =      5257.3649  VDWAALS    =      9890.9002
 EELEC  =   -104622.7698  EHBOND  =         0.0000  RESTRAINT  =         0.0000
 ------------------------------------------------------------------------------

wrapping first mol.:       23.56238       33.32224       57.71581
wrapping first mol.:       23.56238       33.32224       57.71581

 NSTEP =     1500   TIME(PS) =    4903.000  TEMP(K) =   301.82  PRESS =     0.0
 Etot   =    -67834.6410  EKtot   =     16748.0000  EPtot      =    -84582.6410
 BOND   =       523.0747  ANGLE   =      1294.1788  DIHED      =      2074.4015
 1-4 NB =       623.1581  1-4 EEL =      5288.2832  VDWAALS    =      9936.8449
 EELEC  =   -104322.5822  EHBOND  =         0.0000  RESTRAINT  =         0.0000
 ------------------------------------------------------------------------------

wrapping first mol.:       23.56238       33.32224       57.71581
wrapping first mol.:       23.56238       33.32224       57.71581

 NSTEP =     2000   TIME(PS) =    4904.000  TEMP(K) =   302.07  PRESS =     0.0
 Etot   =    -68321.6927  EKtot   =     16761.4375  EPtot      =    -85083.1302
 BOND   =       501.0105  ANGLE   =      1273.3009  DIHED      =      2078.5393
 1-4 NB =       614.8880  1-4 EEL =      5248.6657  VDWAALS    =     10074.7791
 EELEC  =   -104874.3137  EHBOND  =         0.0000  RESTRAINT  =         0.0000
 ------------------------------------------------------------------------------

wrapping first mol.:       23.56238       33.32224       57.71581
wrapping first mol.:       23.56238       33.32224       57.71581

 NSTEP =     2500   TIME(PS) =    4905.000  TEMP(K) =   301.73  PRESS =     0.0
 Etot   =    -68148.7363  EKtot   =     16742.7422  EPtot      =    -84891.4784
 BOND   =       506.0355  ANGLE   =      1353.7883  DIHED      =      2094.8359
 1-4 NB =       596.1469  1-4 EEL =      5206.5140  VDWAALS    =     10228.1168
 EELEC  =   -104876.9159  EHBOND  =         0.0000  RESTRAINT  =         0.0000
 ------------------------------------------------------------------------------

wrapping first mol.:       23.56238       33.32224       57.71581
wrapping first mol.:       23.56238       33.32224       57.71581

 NSTEP =     3000   TIME(PS) =    4906.000  TEMP(K) =   302.55  PRESS =     0.0
 Etot   =    -68072.4257  EKtot   =     16788.2832  EPtot      =    -84860.7089
 BOND   =       544.4943  ANGLE   =      1322.4517  DIHED      =      2092.4249
 1-4 NB =       618.7285  1-4 EEL =      5244.8375  VDWAALS    =     10255.7730
 EELEC  =   -104939.4188  EHBOND  =         0.0000  RESTRAINT  =         0.0000
 ------------------------------------------------------------------------------

wrapping first mol.:       23.56238       33.32224       57.71581
wrapping first mol.:       23.56238       33.32224       57.71581

 NSTEP =     3500   TIME(PS) =    4907.000  TEMP(K) =   299.94  PRESS =     0.0
 Etot   =    -68263.5357  EKtot   =     16643.2930  EPtot      =    -84906.8286
 BOND   =       501.1283  ANGLE   =      1260.2259  DIHED      =      2075.8220
 1-4 NB =       631.1095  1-4 EEL =      5286.9305  VDWAALS    =     10074.2870
 EELEC  =   -104736.3319  EHBOND  =         0.0000  RESTRAINT  =         0.0000
 ------------------------------------------------------------------------------

wrapping first mol.:       23.56238       33.32224       57.71581
wrapping first mol.:       23.56238       33.32224       57.71581

 NSTEP =     4000   TIME(PS) =    4908.000  TEMP(K) =   299.46  PRESS =     0.0
 Etot   =    -68041.4129  EKtot   =     16616.7129  EPtot      =    -84658.1258
 BOND   =       538.5096  ANGLE   =      1305.0640  DIHED      =      2070.6273
 1-4 NB =       621.5421  1-4 EEL =      5275.0625  VDWAALS    =     10097.6877
 EELEC  =   -104566.6190  EHBOND  =         0.0000  RESTRAINT  =         0.0000
 ------------------------------------------------------------------------------

wrapping first mol.:       23.56238       33.32224       57.71581
wrapping first mol.:       23.56238       33.32224       57.71581

 NSTEP =     4500   TIME(PS) =    4909.000  TEMP(K) =   300.97  PRESS =     0.0
 Etot   =    -67987.1329  EKtot   =     16700.8613  EPtot      =    -84687.9943
 BOND   =       499.9913  ANGLE   =      1327.7729  DIHED      =      2084.8910
 1-4 NB =       608.6797  1-4 EEL =      5219.3918  VDWAALS    =     10015.3232
 EELEC  =   -104444.0440  EHBOND  =         0.0000  RESTRAINT  =         0.0000
 ------------------------------------------------------------------------------

wrapping first mol.:       23.56238       33.32224       57.71581
wrapping first mol.:       23.56238       33.32224       57.71581

 NSTEP =     5000   TIME(PS) =    4910.000  TEMP(K) =   297.76  PRESS =     0.0
 Etot   =    -68111.2513  EKtot   =     16522.3926  EPtot      =    -84633.6439
 BOND   =       505.0343  ANGLE   =      1275.3918  DIHED      =      2083.8199
 1-4 NB =       619.7962  1-4 EEL =      5302.1280  VDWAALS    =     10078.2648
 EELEC  =   -104498.0788  EHBOND  =         0.0000  RESTRAINT  =         0.0000
 ------------------------------------------------------------------------------

wrapping first mol.:       23.56238       33.32224       57.71581
wrapping first mol.:       23.56238       33.32224       57.71581

 NSTEP =     5500   TIME(PS) =    4911.000  TEMP(K) =   299.70  PRESS =     0.0
 Etot   =    -68245.6832  EKtot   =     16630.3477  EPtot      =    -84876.0309
 BOND   =       516.1327  ANGLE   =      1283.9901  DIHED      =      2078.8229
 1-4 NB =       624.2594  1-4 EEL =      5261.2482  VDWAALS    =     10131.6660
 EELEC  =   -104772.1502  EHBOND  =         0.0000  RESTRAINT  =         0.0000
 ------------------------------------------------------------------------------

wrapping first mol.:       23.56238       33.32224       57.71581
wrapping first mol.:       23.56238       33.32224       57.71581

 NSTEP =     6000   TIME(PS) =    4912.000  TEMP(K) =   301.13  PRESS =     0.0
 Etot   =    -68118.6931  EKtot   =     16709.2598  EPtot      =    -84827.9529
 BOND   =       532.9633  ANGLE   =      1281.4846  DIHED      =      2105.7580
 1-4 NB =       611.2656  1-4 EEL =      5276.1317  VDWAALS    =     10216.7809
 EELEC  =   -104852.3369  EHBOND  =         0.0000  RESTRAINT  =         0.0000
 ------------------------------------------------------------------------------

wrapping first mol.:       23.56238       33.32224       57.71581
wrapping first mol.:       23.56238       33.32224       57.71581

 NSTEP =     6500   TIME(PS) =    4913.000  TEMP(K) =   300.32  PRESS =     0.0
 Etot   =    -68187.6979  EKtot   =     16664.7539  EPtot      =    -84852.4518
 BOND   =       477.3412  ANGLE   =      1277.1297  DIHED      =      2085.2251
 1-4 NB =       623.7986  1-4 EEL =      5293.2345  VDWAALS    =      9815.5930
 EELEC  =   -104424.7739  EHBOND  =         0.0000  RESTRAINT  =         0.0000
 ------------------------------------------------------------------------------

wrapping first mol.:       23.56238       33.32224       57.71581
wrapping first mol.:       23.56238       33.32224       57.71581

 NSTEP =     7000   TIME(PS) =    4914.000  TEMP(K) =   302.16  PRESS =     0.0
 Etot   =    -68176.4464  EKtot   =     16766.4902  EPtot      =    -84942.9367
 BOND   =       535.3635  ANGLE   =      1233.9762  DIHED      =      2075.4924
 1-4 NB =       607.3215  1-4 EEL =      5282.3697  VDWAALS    =      9922.3746
 EELEC  =   -104599.8346  EHBOND  =         0.0000  RESTRAINT  =         0.0000
 ------------------------------------------------------------------------------

wrapping first mol.:       23.56238       33.32224       57.71581
wrapping first mol.:       23.56238       33.32224       57.71581

 NSTEP =     7500   TIME(PS) =    4915.000  TEMP(K) =   298.10  PRESS =     0.0
 Etot   =    -68457.8321  EKtot   =     16541.5020  EPtot      =    -84999.3340
 BOND   =       503.8486  ANGLE   =      1277.7491  DIHED      =      2079.9256
 1-4 NB =       593.0989  1-4 EEL =      5268.9020  VDWAALS    =      9898.6130
 EELEC  =   -104621.4712  EHBOND  =         0.0000  RESTRAINT  =         0.0000
 ------------------------------------------------------------------------------

wrapping first mol.:       23.56238       33.32224       57.71581
wrapping first mol.:       23.56238       33.32224       57.71581

 NSTEP =     8000   TIME(PS) =    4916.000  TEMP(K) =   297.95  PRESS =     0.0
 Etot   =    -68615.8886  EKtot   =     16532.9023  EPtot      =    -85148.7910
 BOND   =       513.5190  ANGLE   =      1244.0904  DIHED      =      2101.8559
 1-4 NB =       608.7873  1-4 EEL =      5276.2069  VDWAALS    =     10372.1781
 EELEC  =   -105265.4287  EHBOND  =         0.0000  RESTRAINT  =         0.0000
 ------------------------------------------------------------------------------

wrapping first mol.:       23.56238       33.32224       57.71581
wrapping first mol.:       23.56238       33.32224       57.71581

 NSTEP =     8500   TIME(PS) =    4917.000  TEMP(K) =   296.69  PRESS =     0.0
 Etot   =    -68435.2666  EKtot   =     16463.1504  EPtot      =    -84898.4170
 BOND   =       488.8266  ANGLE   =      1307.8516  DIHED      =      2071.7732
 1-4 NB =       628.0911  1-4 EEL =      5253.6589  VDWAALS    =     10025.2800
 EELEC  =   -104673.8985  EHBOND  =         0.0000  RESTRAINT  =         0.0000
 ------------------------------------------------------------------------------

wrapping first mol.:       23.56238       33.32224       57.71581
wrapping first mol.:       23.56238       33.32224       57.71581

 NSTEP =     9000   TIME(PS) =    4918.000  TEMP(K) =   299.17  PRESS =     0.0
 Etot   =    -68247.0835  EKtot   =     16600.7910  EPtot      =    -84847.8746
 BOND   =       507.5748  ANGLE   =      1282.7996  DIHED      =      2113.2752
 1-4 NB =       617.6919  1-4 EEL =      5266.0234  VDWAALS    =      9949.1239
 EELEC  =   -104584.3634  EHBOND  =         0.0000  RESTRAINT  =         0.0000
 ------------------------------------------------------------------------------

wrapping first mol.:       23.56238       33.32224       57.71581
wrapping first mol.:       23.56238       33.32224       57.71581

 NSTEP =     9500   TIME(PS) =    4919.000  TEMP(K) =   298.75  PRESS =     0.0
 Etot   =    -68196.0597  EKtot   =     16577.2695  EPtot      =    -84773.3292
 BOND   =       530.3347  ANGLE   =      1287.1367  DIHED      =      2076.7224
 1-4 NB =       599.6819  1-4 EEL =      5219.6072  VDWAALS    =      9921.4256
 EELEC  =   -104408.2376  EHBOND  =         0.0000  RESTRAINT  =         0.0000
 ------------------------------------------------------------------------------

wrapping first mol.:       23.56238       33.32224       57.71581
wrapping first mol.:       23.56238       33.32224       57.71581

 NSTEP =    10000   TIME(PS) =    4920.000  TEMP(K) =   295.99  PRESS =     0.0
 Etot   =    -68132.5024  EKtot   =     16424.2383  EPtot      =    -84556.7407
 BOND   =       503.0385  ANGLE   =      1301.7128  DIHED      =      2079.8436
 1-4 NB =       612.9163  1-4 EEL =      5230.8786  VDWAALS    =     10101.5309
 EELEC  =   -104386.6615  EHBOND  =         0.0000  RESTRAINT  =         0.0000
 ------------------------------------------------------------------------------

wrapping first mol.:       23.56238       33.32224       57.71581
wrapping first mol.:       23.56238       33.32224       57.71581

 NSTEP =    10500   TIME(PS) =    4921.000  TEMP(K) =   301.92  PRESS =     0.0
 Etot   =    -67992.7999  EKtot   =     16753.1582  EPtot      =    -84745.9581
 BOND   =       493.9271  ANGLE   =      1280.8298  DIHED      =      2091.6250
 1-4 NB =       607.7013  1-4 EEL =      5274.4508  VDWAALS    =     10247.2064
 EELEC  =   -104741.6985  EHBOND  =         0.0000  RESTRAINT  =         0.0000
 ------------------------------------------------------------------------------

wrapping first mol.:       23.56238       33.32224       57.71581
wrapping first mol.:       23.56238       33.32224       57.71581

 NSTEP =    11000   TIME(PS) =    4922.000  TEMP(K) =   297.90  PRESS =     0.0
 Etot   =    -68193.7590  EKtot   =     16530.0117  EPtot      =    -84723.7707
 BOND   =       535.2002  ANGLE   =      1271.5123  DIHED      =      2063.3450
 1-4 NB =       614.8366  1-4 EEL =      5333.5939  VDWAALS    =     10239.4815
 EELEC  =   -104781.7401  EHBOND  =         0.0000  RESTRAINT  =         0.0000
 ------------------------------------------------------------------------------

wrapping first mol.:       23.56238       33.32224       57.71581
wrapping first mol.:       23.56238       33.32224       57.71581

 NSTEP =    11500   TIME(PS) =    4923.000  TEMP(K) =   300.93  PRESS =     0.0
 Etot   =    -67928.1490  EKtot   =     16698.4707  EPtot      =    -84626.6197
 BOND   =       519.3828  ANGLE   =      1254.9348  DIHED      =      2073.3458
 1-4 NB =       610.8509  1-4 EEL =      5282.4817  VDWAALS    =      9965.6218
 EELEC  =   -104333.2375  EHBOND  =         0.0000  RESTRAINT  =         0.0000
 ------------------------------------------------------------------------------

wrapping first mol.:       23.56238       33.32224       57.71581
wrapping first mol.:       23.56238       33.32224       57.71581

 NSTEP =    12000   TIME(PS) =    4924.000  TEMP(K) =   301.93  PRESS =     0.0
 Etot   =    -68159.5302  EKtot   =     16753.9902  EPtot      =    -84913.5204
 BOND   =       518.5750  ANGLE   =      1277.2624  DIHED      =      2092.5865
 1-4 NB =       627.7976  1-4 EEL =      5272.0167  VDWAALS    =     10007.4889
 EELEC  =   -104709.2475  EHBOND  =         0.0000  RESTRAINT  =         0.0000
 ------------------------------------------------------------------------------

wrapping first mol.:       23.56238       33.32224       57.71581
wrapping first mol.:       23.56238       33.32224       57.71581

 NSTEP =    12500   TIME(PS) =    4925.000  TEMP(K) =   298.80  PRESS =     0.0
 Etot   =    -68295.7577  EKtot   =     16580.0723  EPtot      =    -84875.8300
 BOND   =       547.9032  ANGLE   =      1251.0517  DIHED      =      2088.5336
 1-4 NB =       620.3755  1-4 EEL =      5284.4319  VDWAALS    =     10382.4666
 EELEC  =   -105050.5924  EHBOND  =         0.0000  RESTRAINT  =         0.0000
 ------------------------------------------------------------------------------

wrapping first mol.:       23.56238       33.32224       57.71581
wrapping first mol.:       23.56238       33.32224       57.71581

 NSTEP =    13000   TIME(PS) =    4926.000  TEMP(K) =   296.99  PRESS =     0.0
 Etot   =    -68309.3797  EKtot   =     16479.5977  EPtot      =    -84788.9774
 BOND   =       536.0443  ANGLE   =      1208.7414  DIHED      =      2087.5676
 1-4 NB =       610.9764  1-4 EEL =      5263.7806  VDWAALS    =     10063.1965
 EELEC  =   -104559.2842  EHBOND  =         0.0000  RESTRAINT  =         0.0000
 ------------------------------------------------------------------------------

wrapping first mol.:       23.56238       33.32224       57.71581
wrapping first mol.:       23.56238       33.32224       57.71581

 NSTEP =    13500   TIME(PS) =    4927.000  TEMP(K) =   299.84  PRESS =     0.0
 Etot   =    -68340.6755  EKtot   =     16637.7070  EPtot      =    -84978.3825
 BOND   =       493.8402  ANGLE   =      1324.5349  DIHED      =      2087.2193
 1-4 NB =       601.2822  1-4 EEL =      5249.6771  VDWAALS    =     10091.5588
 EELEC  =   -104826.4950  EHBOND  =         0.0000  RESTRAINT  =         0.0000
 ------------------------------------------------------------------------------

wrapping first mol.:       23.56238       33.32224       57.71581
wrapping first mol.:       23.56238       33.32224       57.71581

 NSTEP =    14000   TIME(PS) =    4928.000  TEMP(K) =   301.21  PRESS =     0.0
 Etot   =    -68358.2142  EKtot   =     16714.1523  EPtot      =    -85072.3665
 BOND   =       531.0909  ANGLE   =      1300.9919  DIHED      =      2092.9715
 1-4 NB =       605.9931  1-4 EEL =      5246.6457  VDWAALS    =     10226.2917
 EELEC  =   -105076.3512  EHBOND  =         0.0000  RESTRAINT  =         0.0000
 ------------------------------------------------------------------------------

wrapping first mol.:       23.56238       33.32224       57.71581
wrapping first mol.:       23.56238       33.32224       57.71581

 NSTEP =    14500   TIME(PS) =    4929.000  TEMP(K) =   299.78  PRESS =     0.0
 Etot   =    -68285.4576  EKtot   =     16634.3477  EPtot      =    -84919.8053
 BOND   =       513.7635  ANGLE   =      1256.1083  DIHED      =      2085.1824
 1-4 NB =       611.8087  1-4 EEL =      5323.0407  VDWAALS    =     10141.9262
 EELEC  =   -104851.6351  EHBOND  =         0.0000  RESTRAINT  =         0.0000
 ------------------------------------------------------------------------------

wrapping first mol.:       23.56238       33.32224       57.71581
wrapping first mol.:       23.56238       33.32224       57.71581

 NSTEP =    15000   TIME(PS) =    4930.000  TEMP(K) =   296.71  PRESS =     0.0
 Etot   =    -68267.1009  EKtot   =     16463.9883  EPtot      =    -84731.0891
 BOND   =       495.5679  ANGLE   =      1297.2008  DIHED      =      2099.4829
 1-4 NB =       606.5211  1-4 EEL =      5263.5593  VDWAALS    =      9981.4241
 EELEC  =   -104474.8453  EHBOND  =         0.0000  RESTRAINT  =         0.0000
 ------------------------------------------------------------------------------

wrapping first mol.:       23.56238       33.32224       57.71581
wrapping first mol.:       23.56238       33.32224       57.71581

 NSTEP =    15500   TIME(PS) =    4931.000  TEMP(K) =   300.61  PRESS =     0.0
 Etot   =    -68284.0711  EKtot   =     16680.6250  EPtot      =    -84964.6961
 BOND   =       481.8742  ANGLE   =      1269.1648  DIHED      =      2079.1819
 1-4 NB =       615.2383  1-4 EEL =      5273.4040  VDWAALS    =     10086.2504
 EELEC  =   -104769.8098  EHBOND  =         0.0000  RESTRAINT  =         0.0000
 ------------------------------------------------------------------------------

wrapping first mol.:       23.56238       33.32224       57.71581
wrapping first mol.:       23.56238       33.32224       57.71581

 NSTEP =    16000   TIME(PS) =    4932.000  TEMP(K) =   301.52  PRESS =     0.0
 Etot   =    -68141.3186  EKtot   =     16731.1973  EPtot      =    -84872.5159
 BOND   =       494.8847  ANGLE   =      1318.6395  DIHED      =      2108.8419
 1-4 NB =       590.2246  1-4 EEL =      5262.0778  VDWAALS    =     10277.3735
 EELEC  =   -104924.5580  EHBOND  =         0.0000  RESTRAINT  =         0.0000
 ------------------------------------------------------------------------------

wrapping first mol.:       23.56238       33.32224       57.71581
wrapping first mol.:       23.56238       33.32224       57.71581

 NSTEP =    16500   TIME(PS) =    4933.000  TEMP(K) =   299.48  PRESS =     0.0
 Etot   =    -68298.1992  EKtot   =     16618.2246  EPtot      =    -84916.4238
 BOND   =       503.3606  ANGLE   =      1291.8652  DIHED      =      2077.2454
 1-4 NB =       592.6100  1-4 EEL =      5296.5068  VDWAALS    =     10102.4644
 EELEC  =   -104780.4761  EHBOND  =         0.0000  RESTRAINT  =         0.0000
 ------------------------------------------------------------------------------

wrapping first mol.:       23.56238       33.32224       57.71581
wrapping first mol.:       23.56238       33.32224       57.71581

 NSTEP =    17000   TIME(PS) =    4934.000  TEMP(K) =   299.99  PRESS =     0.0
 Etot   =    -68330.8834  EKtot   =     16646.2578  EPtot      =    -84977.1412
 BOND   =       508.2258  ANGLE   =      1282.0674  DIHED      =      2077.7354
 1-4 NB =       618.9205  1-4 EEL =      5226.3051  VDWAALS    =      9984.0845
 EELEC  =   -104674.4799  EHBOND  =         0.0000  RESTRAINT  =         0.0000
 ------------------------------------------------------------------------------

wrapping first mol.:       23.56238       33.32224       57.71581
wrapping first mol.:       23.56238       33.32224       57.71581

 NSTEP =    17500   TIME(PS) =    4935.000  TEMP(K) =   300.02  PRESS =     0.0
 Etot   =    -68288.0958  EKtot   =     16647.9043  EPtot      =    -84936.0001
 BOND   =       505.3338  ANGLE   =      1346.0660  DIHED      =      2106.8435
 1-4 NB =       623.2079  1-4 EEL =      5250.5176  VDWAALS    =     10202.9968
 EELEC  =   -104970.9655  EHBOND  =         0.0000  RESTRAINT  =         0.0000
 ------------------------------------------------------------------------------

wrapping first mol.:       23.56238       33.32224       57.71581
wrapping first mol.:       23.56238       33.32224       57.71581

 NSTEP =    18000   TIME(PS) =    4936.000  TEMP(K) =   298.22  PRESS =     0.0
 Etot   =    -68310.5687  EKtot   =     16548.1289  EPtot      =    -84858.6976
 BOND   =       531.6389  ANGLE   =      1238.3799  DIHED      =      2110.9300
 1-4 NB =       615.4388  1-4 EEL =      5321.1134  VDWAALS    =     10110.1207
 EELEC  =   -104786.3192  EHBOND  =         0.0000  RESTRAINT  =         0.0000
 ------------------------------------------------------------------------------

wrapping first mol.:       23.56238       33.32224       57.71581
wrapping first mol.:       23.56238       33.32224       57.71581

 NSTEP =    18500   TIME(PS) =    4937.000  TEMP(K) =   302.21  PRESS =     0.0
 Etot   =    -68140.9222  EKtot   =     16769.3672  EPtot      =    -84910.2894
 BOND   =       509.5098  ANGLE   =      1350.0394  DIHED      =      2099.7353
 1-4 NB =       607.2132  1-4 EEL =      5253.9132  VDWAALS    =     10252.7434
 EELEC  =   -104983.4436  EHBOND  =         0.0000  RESTRAINT  =         0.0000
 ------------------------------------------------------------------------------

wrapping first mol.:       23.56238       33.32224       57.71581
wrapping first mol.:       23.56238       33.32224       57.71581

 NSTEP =    19000   TIME(PS) =    4938.000  TEMP(K) =   299.52  PRESS =     0.0
 Etot   =    -68073.1869  EKtot   =     16620.0723  EPtot      =    -84693.2592
 BOND   =       488.9077  ANGLE   =      1307.6688  DIHED      =      2096.8968
 1-4 NB =       608.6080  1-4 EEL =      5277.4667  VDWAALS    =      9896.1983
 EELEC  =   -104369.0055  EHBOND  =         0.0000  RESTRAINT  =         0.0000
 ------------------------------------------------------------------------------

wrapping first mol.:       23.56238       33.32224       57.71581
wrapping first mol.:       23.56238       33.32224       57.71581

 NSTEP =    19500   TIME(PS) =    4939.000  TEMP(K) =   301.94  PRESS =     0.0
 Etot   =    -67991.8983  EKtot   =     16754.5176  EPtot      =    -84746.4158
 BOND   =       493.4055  ANGLE   =      1275.8549  DIHED      =      2100.0133
 1-4 NB =       639.8335  1-4 EEL =      5297.7217  VDWAALS    =     10060.4231
 EELEC  =   -104613.6678  EHBOND  =         0.0000  RESTRAINT  =         0.0000
 ------------------------------------------------------------------------------

wrapping first mol.:       23.56238       33.32224       57.71581
wrapping first mol.:       23.56238       33.32224       57.71581

 NSTEP =    20000   TIME(PS) =    4940.000  TEMP(K) =   296.19  PRESS =     0.0
 Etot   =    -68415.3043  EKtot   =     16435.5039  EPtot      =    -84850.8082
 BOND   =       543.8485  ANGLE   =      1293.6697  DIHED      =      2071.6821
 1-4 NB =       610.9786  1-4 EEL =      5275.0927  VDWAALS    =      9888.2597
 EELEC  =   -104534.3395  EHBOND  =         0.0000  RESTRAINT  =         0.0000
 ------------------------------------------------------------------------------

wrapping first mol.:       23.56238       33.32224       57.71581
wrapping first mol.:       23.56238       33.32224       57.71581

 NSTEP =    20500   TIME(PS) =    4941.000  TEMP(K) =   300.39  PRESS =     0.0
 Etot   =    -68102.5120  EKtot   =     16668.6973  EPtot      =    -84771.2093
 BOND   =       502.8720  ANGLE   =      1317.8251  DIHED      =      2070.3874
 1-4 NB =       606.4702  1-4 EEL =      5272.1280  VDWAALS    =     10128.5291
 EELEC  =   -104669.4212  EHBOND  =         0.0000  RESTRAINT  =         0.0000
 ------------------------------------------------------------------------------

wrapping first mol.:       23.56238       33.32224       57.71581
wrapping first mol.:       23.56238       33.32224       57.71581

 NSTEP =    21000   TIME(PS) =    4942.000  TEMP(K) =   302.72  PRESS =     0.0
 Etot   =    -68092.3582  EKtot   =     16797.7695  EPtot      =    -84890.1277
 BOND   =       497.9659  ANGLE   =      1268.6999  DIHED      =      2099.1516
 1-4 NB =       615.6393  1-4 EEL =      5331.4326  VDWAALS    =     10112.1978
 EELEC  =   -104815.2150  EHBOND  =         0.0000  RESTRAINT  =         0.0000
 ------------------------------------------------------------------------------

wrapping first mol.:       23.56238       33.32224       57.71581
wrapping first mol.:       23.56238       33.32224       57.71581

 NSTEP =    21500   TIME(PS) =    4943.000  TEMP(K) =   300.25  PRESS =     0.0
 Etot   =    -68147.6989  EKtot   =     16660.5664  EPtot      =    -84808.2653
 BOND   =       496.4366  ANGLE   =      1329.7183  DIHED      =      2081.7113
 1-4 NB =       602.5043  1-4 EEL =      5247.3383  VDWAALS    =     10015.6478
 EELEC  =   -104581.6219  EHBOND  =         0.0000  RESTRAINT  =         0.0000
 ------------------------------------------------------------------------------

wrapping first mol.:       23.56238       33.32224       57.71581
wrapping first mol.:       23.56238       33.32224       57.71581

 NSTEP =    22000   TIME(PS) =    4944.000  TEMP(K) =   302.50  PRESS =     0.0
 Etot   =    -67918.5625  EKtot   =     16785.7773  EPtot      =    -84704.3399
 BOND   =       498.2615  ANGLE   =      1320.0593  DIHED      =      2098.9594
 1-4 NB =       610.8280  1-4 EEL =      5282.3555  VDWAALS    =     10070.4105
 EELEC  =   -104585.2142  EHBOND  =         0.0000  RESTRAINT  =         0.0000
 ------------------------------------------------------------------------------

wrapping first mol.:       23.56238       33.32224       57.71581
wrapping first mol.:       23.56238       33.32224       57.71581

 NSTEP =    22500   TIME(PS) =    4945.000  TEMP(K) =   299.14  PRESS =     0.0
 Etot   =    -68327.1927  EKtot   =     16599.0703  EPtot      =    -84926.2630
 BOND   =       497.5375  ANGLE   =      1328.9078  DIHED      =      2104.7348
 1-4 NB =       599.0550  1-4 EEL =      5230.4749  VDWAALS    =      9845.3593
 EELEC  =   -104532.3325  EHBOND  =         0.0000  RESTRAINT  =         0.0000
 ------------------------------------------------------------------------------

wrapping first mol.:       23.56238       33.32224       57.71581
wrapping first mol.:       23.56238       33.32224       57.71581

 NSTEP =    23000   TIME(PS) =    4946.000  TEMP(K) =   298.92  PRESS =     0.0
 Etot   =    -68361.0271  EKtot   =     16586.6523  EPtot      =    -84947.6794
 BOND   =       525.8954  ANGLE   =      1278.5634  DIHED      =      2074.4385
 1-4 NB =       622.6032  1-4 EEL =      5282.3599  VDWAALS    =     10242.9893
 EELEC  =   -104974.5290  EHBOND  =         0.0000  RESTRAINT  =         0.0000
 ------------------------------------------------------------------------------

wrapping first mol.:       23.56238       33.32224       57.71581
wrapping first mol.:       23.56238       33.32224       57.71581

 NSTEP =    23500   TIME(PS) =    4947.000  TEMP(K) =   302.19  PRESS =     0.0
 Etot   =    -68073.2937  EKtot   =     16768.2969  EPtot      =    -84841.5906
 BOND   =       500.9556  ANGLE   =      1241.8662  DIHED      =      2077.0379
 1-4 NB =       619.3657  1-4 EEL =      5254.0877  VDWAALS    =      9995.8056
 EELEC  =   -104530.7095  EHBOND  =         0.0000  RESTRAINT  =         0.0000
 ------------------------------------------------------------------------------

wrapping first mol.:       23.56238       33.32224       57.71581
wrapping first mol.:       23.56238       33.32224       57.71581

 NSTEP =    24000   TIME(PS) =    4948.000  TEMP(K) =   295.39  PRESS =     0.0
 Etot   =    -68300.9426  EKtot   =     16390.8594  EPtot      =    -84691.8020
 BOND   =       553.7415  ANGLE   =      1286.5561  DIHED      =      2081.9584
 1-4 NB =       625.2982  1-4 EEL =      5266.8870  VDWAALS    =      9896.8537
 EELEC  =   -104403.0969  EHBOND  =         0.0000  RESTRAINT  =         0.0000
 ------------------------------------------------------------------------------

wrapping first mol.:       23.56238       33.32224       57.71581
wrapping first mol.:       23.56238       33.32224       57.71581

 NSTEP =    24500   TIME(PS) =    4949.000  TEMP(K) =   299.48  PRESS =     0.0
 Etot   =    -68198.9094  EKtot   =     16617.7227  EPtot      =    -84816.6321
 BOND   =       490.8072  ANGLE   =      1317.5288  DIHED      =      2090.8931
 1-4 NB =       613.6332  1-4 EEL =      5255.8980  VDWAALS    =     10115.4420
 EELEC  =   -104700.8343  EHBOND  =         0.0000  RESTRAINT  =         0.0000
 ------------------------------------------------------------------------------

wrapping first mol.:       23.56238       33.32224       57.71581
wrapping first mol.:       23.56238       33.32224       57.71581

 NSTEP =    25000   TIME(PS) =    4950.000  TEMP(K) =   292.73  PRESS =     0.0
 Etot   =    -68900.2937  EKtot   =     16243.6465  EPtot      =    -85143.9401
 BOND   =       504.5511  ANGLE   =      1263.3108  DIHED      =      2074.5978
 1-4 NB =       612.6394  1-4 EEL =      5265.1079  VDWAALS    =     10253.5855
 EELEC  =   -105117.7327  EHBOND  =         0.0000  RESTRAINT  =         0.0000
 ------------------------------------------------------------------------------

wrapping first mol.:       23.56238       33.32224       57.71581
wrapping first mol.:       23.56238       33.32224       57.71581

 NSTEP =    25500   TIME(PS) =    4951.000  TEMP(K) =   298.38  PRESS =     0.0
 Etot   =    -68358.7315  EKtot   =     16556.9844  EPtot      =    -84915.7159
 BOND   =       499.1275  ANGLE   =      1304.7903  DIHED      =      2092.8655
 1-4 NB =       624.1631  1-4 EEL =      5270.3902  VDWAALS    =     10330.6013
 EELEC  =   -105037.6537  EHBOND  =         0.0000  RESTRAINT  =         0.0000
 ------------------------------------------------------------------------------

wrapping first mol.:       23.56238       33.32224       57.71581
wrapping first mol.:       23.56238       33.32224       57.71581

 NSTEP =    26000   TIME(PS) =    4952.000  TEMP(K) =   300.03  PRESS =     0.0
 Etot   =    -68121.5141  EKtot   =     16648.3398  EPtot      =    -84769.8539
 BOND   =       510.2215  ANGLE   =      1291.6917  DIHED      =      2087.3462
 1-4 NB =       620.1174  1-4 EEL =      5250.1614  VDWAALS    =     10086.5185
 EELEC  =   -104615.9106  EHBOND  =         0.0000  RESTRAINT  =         0.0000
 ------------------------------------------------------------------------------

wrapping first mol.:       23.56238       33.32224       57.71581
wrapping first mol.:       23.56238       33.32224       57.71581

 NSTEP =    26500   TIME(PS) =    4953.000  TEMP(K) =   299.85  PRESS =     0.0
 Etot   =    -68148.9665  EKtot   =     16638.4922  EPtot      =    -84787.4586
 BOND   =       512.4303  ANGLE   =      1270.0655  DIHED      =      2060.9262
 1-4 NB =       593.9162  1-4 EEL =      5256.7876  VDWAALS    =     10246.6713
 EELEC  =   -104728.2556  EHBOND  =         0.0000  RESTRAINT  =         0.0000
 ------------------------------------------------------------------------------

wrapping first mol.:       23.56238       33.32224       57.71581
wrapping first mol.:       23.56238       33.32224       57.71581

 NSTEP =    27000   TIME(PS) =    4954.000  TEMP(K) =   299.77  PRESS =     0.0
 Etot   =    -68135.3417  EKtot   =     16634.1055  EPtot      =    -84769.4472
 BOND   =       504.5028  ANGLE   =      1308.3333  DIHED      =      2104.1274
 1-4 NB =       618.6864  1-4 EEL =      5269.1319  VDWAALS    =      9952.3669
 EELEC  =   -104526.5958  EHBOND  =         0.0000  RESTRAINT  =         0.0000
 ------------------------------------------------------------------------------

wrapping first mol.:       23.56238       33.32224       57.71581
wrapping first mol.:       23.56238       33.32224       57.71581

 NSTEP =    27500   TIME(PS) =    4955.000  TEMP(K) =   300.57  PRESS =     0.0
 Etot   =    -68198.9801  EKtot   =     16678.6484  EPtot      =    -84877.6285
 BOND   =       536.8894  ANGLE   =      1290.6894  DIHED      =      2100.3177
 1-4 NB =       613.5291  1-4 EEL =      5215.3356  VDWAALS    =     10288.7304
 EELEC  =   -104923.1202  EHBOND  =         0.0000  RESTRAINT  =         0.0000
 ------------------------------------------------------------------------------

wrapping first mol.:       23.56238       33.32224       57.71581
wrapping first mol.:       23.56238       33.32224       57.71581

 NSTEP =    28000   TIME(PS) =    4956.000  TEMP(K) =   300.58  PRESS =     0.0
 Etot   =    -68121.4529  EKtot   =     16678.9980  EPtot      =    -84800.4509
 BOND   =       534.4528  ANGLE   =      1293.1675  DIHED      =      2092.3821
 1-4 NB =       590.4921  1-4 EEL =      5215.8299  VDWAALS    =     10312.2078
 EELEC  =   -104838.9832  EHBOND  =         0.0000  RESTRAINT  =         0.0000
 ------------------------------------------------------------------------------

wrapping first mol.:       23.56238       33.32224       57.71581
wrapping first mol.:       23.56238       33.32224       57.71581

 NSTEP =    28500   TIME(PS) =    4957.000  TEMP(K) =   301.58  PRESS =     0.0
 Etot   =    -67955.9223  EKtot   =     16734.6836  EPtot      =    -84690.6059
 BOND   =       519.2716  ANGLE   =      1300.8678  DIHED      =      2083.8079
 1-4 NB =       575.6472  1-4 EEL =      5245.1182  VDWAALS    =      9881.3911
 EELEC  =   -104296.7097  EHBOND  =         0.0000  RESTRAINT  =         0.0000
 ------------------------------------------------------------------------------

wrapping first mol.:       23.56238       33.32224       57.71581
wrapping first mol.:       23.56238       33.32224       57.71581

 NSTEP =    29000   TIME(PS) =    4958.000  TEMP(K) =   301.02  PRESS =     0.0
 Etot   =    -67970.7865  EKtot   =     16703.3262  EPtot      =    -84674.1126
 BOND   =       502.2942  ANGLE   =      1243.3814  DIHED      =      2112.8257
 1-4 NB =       618.5348  1-4 EEL =      5313.1270  VDWAALS    =     10187.5623
 EELEC  =   -104651.8380  EHBOND  =         0.0000  RESTRAINT  =         0.0000
 ------------------------------------------------------------------------------

wrapping first mol.:       23.56238       33.32224       57.71581
wrapping first mol.:       23.56238       33.32224       57.71581

 NSTEP =    29500   TIME(PS) =    4959.000  TEMP(K) =   298.93  PRESS =     0.0
 Etot   =    -68068.1864  EKtot   =     16587.5391  EPtot      =    -84655.7255
 BOND   =       520.6043  ANGLE   =      1284.0671  DIHED      =      2084.2563
 1-4 NB =       626.2458  1-4 EEL =      5249.1833  VDWAALS    =     10076.8585
 EELEC  =   -104496.9407  EHBOND  =         0.0000  RESTRAINT  =         0.0000
 ------------------------------------------------------------------------------

wrapping first mol.:       23.56238       33.32224       57.71581
wrapping first mol.:       23.56238       33.32224       57.71581

 NSTEP =    30000   TIME(PS) =    4960.000  TEMP(K) =   296.64  PRESS =     0.0
 Etot   =    -68279.7212  EKtot   =     16460.3867  EPtot      =    -84740.1079
 BOND   =       499.6652  ANGLE   =      1267.8847  DIHED      =      2053.9449
 1-4 NB =       607.4005  1-4 EEL =      5268.8048  VDWAALS    =     10011.6704
 EELEC  =   -104449.4785  EHBOND  =         0.0000  RESTRAINT  =         0.0000
 ------------------------------------------------------------------------------

wrapping first mol.:       23.56238       33.32224       57.71581
wrapping first mol.:       23.56238       33.32224       57.71581

 NSTEP =    30500   TIME(PS) =    4961.000  TEMP(K) =   299.73  PRESS =     0.0
 Etot   =    -68150.5919  EKtot   =     16631.6934  EPtot      =    -84782.2852
 BOND   =       530.4628  ANGLE   =      1325.8310  DIHED      =      2087.6837
 1-4 NB =       611.0845  1-4 EEL =      5236.7965  VDWAALS    =     10355.0818
 EELEC  =   -104929.2256  EHBOND  =         0.0000  RESTRAINT  =         0.0000
 ------------------------------------------------------------------------------

wrapping first mol.:       23.56238       33.32224       57.71581
wrapping first mol.:       23.56238       33.32224       57.71581

 NSTEP =    31000   TIME(PS) =    4962.000  TEMP(K) =   299.57  PRESS =     0.0
 Etot   =    -68161.1118  EKtot   =     16622.8848  EPtot      =    -84783.9965
 BOND   =       524.0749  ANGLE   =      1285.9159  DIHED      =      2075.7712
 1-4 NB =       613.7617  1-4 EEL =      5253.9237  VDWAALS    =      9942.0920
 EELEC  =   -104479.5360  EHBOND  =         0.0000  RESTRAINT  =         0.0000
 ------------------------------------------------------------------------------

wrapping first mol.:       23.56238       33.32224       57.71581
wrapping first mol.:       23.56238       33.32224       57.71581

 NSTEP =    31500   TIME(PS) =    4963.000  TEMP(K) =   300.55  PRESS =     0.0
 Etot   =    -68272.2901  EKtot   =     16677.4082  EPtot      =    -84949.6983
 BOND   =       499.4831  ANGLE   =      1330.0438  DIHED      =      2069.4196
 1-4 NB =       617.1258  1-4 EEL =      5262.0965  VDWAALS    =     10109.4022
 EELEC  =   -104837.2693  EHBOND  =         0.0000  RESTRAINT  =         0.0000
 ------------------------------------------------------------------------------

wrapping first mol.:       23.56238       33.32224       57.71581
wrapping first mol.:       23.56238       33.32224       57.71581

 NSTEP =    32000   TIME(PS) =    4964.000  TEMP(K) =   300.53  PRESS =     0.0
 Etot   =    -68225.0187  EKtot   =     16676.3828  EPtot      =    -84901.4015
 BOND   =       488.6722  ANGLE   =      1255.5645  DIHED      =      2093.4806
 1-4 NB =       604.6218  1-4 EEL =      5216.9335  VDWAALS    =     10271.9180
 EELEC  =   -104832.5921  EHBOND  =         0.0000  RESTRAINT  =         0.0000
 ------------------------------------------------------------------------------

wrapping first mol.:       23.56238       33.32224       57.71581
wrapping first mol.:       23.56238       33.32224       57.71581

 NSTEP =    32500   TIME(PS) =    4965.000  TEMP(K) =   300.38  PRESS =     0.0
 Etot   =    -68039.2124  EKtot   =     16667.7930  EPtot      =    -84707.0053
 BOND   =       510.1981  ANGLE   =      1299.8921  DIHED      =      2052.4703
 1-4 NB =       606.2059  1-4 EEL =      5264.6034  VDWAALS    =     10270.1468
 EELEC  =   -104710.5219  EHBOND  =         0.0000  RESTRAINT  =         0.0000
 ------------------------------------------------------------------------------

wrapping first mol.:       23.56238       33.32224       57.71581
wrapping first mol.:       23.56238       33.32224       57.71581

 NSTEP =    33000   TIME(PS) =    4966.000  TEMP(K) =   301.42  PRESS =     0.0
 Etot   =    -68047.0826  EKtot   =     16725.5742  EPtot      =    -84772.6568
 BOND   =       518.4929  ANGLE   =      1293.5362  DIHED      =      2060.5075
 1-4 NB =       597.2776  1-4 EEL =      5240.5471  VDWAALS    =     10185.5800
 EELEC  =   -104668.5983  EHBOND  =         0.0000  RESTRAINT  =         0.0000
 ------------------------------------------------------------------------------

wrapping first mol.:       23.56238       33.32224       57.71581
wrapping first mol.:       23.56238       33.32224       57.71581

 NSTEP =    33500   TIME(PS) =    4967.000  TEMP(K) =   301.21  PRESS =     0.0
 Etot   =    -68117.7285  EKtot   =     16713.9609  EPtot      =    -84831.6895
 BOND   =       522.7845  ANGLE   =      1313.1755  DIHED      =      2083.9511
 1-4 NB =       602.8452  1-4 EEL =      5210.7270  VDWAALS    =      9913.6797
 EELEC  =   -104478.8525  EHBOND  =         0.0000  RESTRAINT  =         0.0000
 ------------------------------------------------------------------------------

wrapping first mol.:       23.56238       33.32224       57.71581
wrapping first mol.:       23.56238       33.32224       57.71581

 NSTEP =    34000   TIME(PS) =    4968.000  TEMP(K) =   300.54  PRESS =     0.0
 Etot   =    -67903.0266  EKtot   =     16676.6621  EPtot      =    -84579.6887
 BOND   =       524.5414  ANGLE   =      1260.5718  DIHED      =      2092.4141
 1-4 NB =       612.9895  1-4 EEL =      5279.6867  VDWAALS    =      9998.4003
 EELEC  =   -104348.2925  EHBOND  =         0.0000  RESTRAINT  =         0.0000
 ------------------------------------------------------------------------------

wrapping first mol.:       23.56238       33.32224       57.71581
wrapping first mol.:       23.56238       33.32224       57.71581

 NSTEP =    34500   TIME(PS) =    4969.000  TEMP(K) =   300.36  PRESS =     0.0
 Etot   =    -68258.0603  EKtot   =     16666.9707  EPtot      =    -84925.0311
 BOND   =       524.7472  ANGLE   =      1284.9887  DIHED      =      2089.2873
 1-4 NB =       604.2157  1-4 EEL =      5262.5860  VDWAALS    =     10258.9269
 EELEC  =   -104949.7831  EHBOND  =         0.0000  RESTRAINT  =         0.0000
 ------------------------------------------------------------------------------

wrapping first mol.:       23.56238       33.32224       57.71581
wrapping first mol.:       23.56238       33.32224       57.71581

 NSTEP =    35000   TIME(PS) =    4970.000  TEMP(K) =   301.24  PRESS =     0.0
 Etot   =    -67998.3618  EKtot   =     16715.5039  EPtot      =    -84713.8657
 BOND   =       513.9925  ANGLE   =      1306.5311  DIHED      =      2072.7015
 1-4 NB =       611.7430  1-4 EEL =      5221.5264  VDWAALS    =     10105.1390
 EELEC  =   -104545.4991  EHBOND  =         0.0000  RESTRAINT  =         0.0000
 ------------------------------------------------------------------------------

wrapping first mol.:       23.56238       33.32224       57.71581
wrapping first mol.:       23.56238       33.32224       57.71581

 NSTEP =    35500   TIME(PS) =    4971.000  TEMP(K) =   298.62  PRESS =     0.0
 Etot   =    -68119.0108  EKtot   =     16570.1973  EPtot      =    -84689.2080
 BOND   =       496.5584  ANGLE   =      1257.8650  DIHED      =      2097.9276
 1-4 NB =       619.5623  1-4 EEL =      5328.6384  VDWAALS    =     10299.0391
 EELEC  =   -104788.7988  EHBOND  =         0.0000  RESTRAINT  =         0.0000
 ------------------------------------------------------------------------------

wrapping first mol.:       23.56238       33.32224       57.71581
wrapping first mol.:       23.56238       33.32224       57.71581

 NSTEP =    36000   TIME(PS) =    4972.000  TEMP(K) =   299.46  PRESS =     0.0
 Etot   =    -68274.0077  EKtot   =     16616.8789  EPtot      =    -84890.8866
 BOND   =       510.8554  ANGLE   =      1291.2353  DIHED      =      2076.5138
 1-4 NB =       602.4064  1-4 EEL =      5218.0994  VDWAALS    =     10281.2747
 EELEC  =   -104871.2715  EHBOND  =         0.0000  RESTRAINT  =         0.0000
 ------------------------------------------------------------------------------

wrapping first mol.:       23.56238       33.32224       57.71581
wrapping first mol.:       23.56238       33.32224       57.71581

 NSTEP =    36500   TIME(PS) =    4973.000  TEMP(K) =   296.35  PRESS =     0.0
 Etot   =    -68287.8950  EKtot   =     16444.1797  EPtot      =    -84732.0747
 BOND   =       506.8975  ANGLE   =      1302.6209  DIHED      =      2069.8760
 1-4 NB =       627.0242  1-4 EEL =      5252.6693  VDWAALS    =      9966.8023
 EELEC  =   -104457.9649  EHBOND  =         0.0000  RESTRAINT  =         0.0000
 ------------------------------------------------------------------------------

wrapping first mol.:       23.56238       33.32224       57.71581
wrapping first mol.:       23.56238       33.32224       57.71581

 NSTEP =    37000   TIME(PS) =    4974.000  TEMP(K) =   298.78  PRESS =     0.0
 Etot   =    -68206.2728  EKtot   =     16579.1484  EPtot      =    -84785.4212
 BOND   =       505.3267  ANGLE   =      1305.5820  DIHED      =      2084.4954
 1-4 NB =       612.8074  1-4 EEL =      5190.7804  VDWAALS    =     10142.4035
 EELEC  =   -104626.8165  EHBOND  =         0.0000  RESTRAINT  =         0.0000
 ------------------------------------------------------------------------------

wrapping first mol.:       23.56238       33.32224       57.71581
wrapping first mol.:       23.56238       33.32224       57.71581

 NSTEP =    37500   TIME(PS) =    4975.000  TEMP(K) =   297.87  PRESS =     0.0
 Etot   =    -68210.1453  EKtot   =     16528.8555  EPtot      =    -84739.0008
 BOND   =       498.4859  ANGLE   =      1331.3654  DIHED      =      2098.5770
 1-4 NB =       609.7173  1-4 EEL =      5247.6194  VDWAALS    =     10128.2519
 EELEC  =   -104653.0179  EHBOND  =         0.0000  RESTRAINT  =         0.0000
 ------------------------------------------------------------------------------

wrapping first mol.:       23.56238       33.32224       57.71581
wrapping first mol.:       23.56238       33.32224       57.71581

 NSTEP =    38000   TIME(PS) =    4976.000  TEMP(K) =   301.53  PRESS =     0.0
 Etot   =    -68128.9341  EKtot   =     16731.8027  EPtot      =    -84860.7369
 BOND   =       510.6242  ANGLE   =      1272.0015  DIHED      =      2105.9554
 1-4 NB =       605.2971  1-4 EEL =      5308.9874  VDWAALS    =     10014.8467
 EELEC  =   -104678.4492  EHBOND  =         0.0000  RESTRAINT  =         0.0000
 ------------------------------------------------------------------------------

wrapping first mol.:       23.56238       33.32224       57.71581
wrapping first mol.:       23.56238       33.32224       57.71581

 NSTEP =    38500   TIME(PS) =    4977.000  TEMP(K) =   297.12  PRESS =     0.0
 Etot   =    -68225.4293  EKtot   =     16487.2520  EPtot      =    -84712.6812
 BOND   =       511.9147  ANGLE   =      1288.0153  DIHED      =      2097.3445
 1-4 NB =       600.1732  1-4 EEL =      5234.2420  VDWAALS    =      9889.9716
 EELEC  =   -104334.3426  EHBOND  =         0.0000  RESTRAINT  =         0.0000
 ------------------------------------------------------------------------------

wrapping first mol.:       23.56238       33.32224       57.71581
wrapping first mol.:       23.56238       33.32224       57.71581

 NSTEP =    39000   TIME(PS) =    4978.000  TEMP(K) =   301.48  PRESS =     0.0
 Etot   =    -68061.0871  EKtot   =     16728.7812  EPtot      =    -84789.8684
 BOND   =       497.1905  ANGLE   =      1311.6304  DIHED      =      2087.4043
 1-4 NB =       626.4526  1-4 EEL =      5250.2695  VDWAALS    =     10073.6325
 EELEC  =   -104636.4482  EHBOND  =         0.0000  RESTRAINT  =         0.0000
 ------------------------------------------------------------------------------

wrapping first mol.:       23.56238       33.32224       57.71581
wrapping first mol.:       23.56238       33.32224       57.71581

 NSTEP =    39500   TIME(PS) =    4979.000  TEMP(K) =   299.97  PRESS =     0.0
 Etot   =    -68454.6546  EKtot   =     16644.9453  EPtot      =    -85099.5999
 BOND   =       521.8449  ANGLE   =      1293.0805  DIHED      =      2095.6620
 1-4 NB =       615.6043  1-4 EEL =      5270.9531  VDWAALS    =     10379.2942
 EELEC  =   -105276.0389  EHBOND  =         0.0000  RESTRAINT  =         0.0000
 ------------------------------------------------------------------------------

wrapping first mol.:       23.56238       33.32224       57.71581
wrapping first mol.:       23.56238       33.32224       57.71581

 NSTEP =    40000   TIME(PS) =    4980.000  TEMP(K) =   300.85  PRESS =     0.0
 Etot   =    -68159.9093  EKtot   =     16693.8926  EPtot      =    -84853.8018
 BOND   =       500.8126  ANGLE   =      1263.9834  DIHED      =      2095.8764
 1-4 NB =       605.0797  1-4 EEL =      5327.8183  VDWAALS    =      9984.4252
 EELEC  =   -104631.7973  EHBOND  =         0.0000  RESTRAINT  =         0.0000
 ------------------------------------------------------------------------------

wrapping first mol.:       23.56238       33.32224       57.71581
wrapping first mol.:       23.56238       33.32224       57.71581

 NSTEP =    40500   TIME(PS) =    4981.000  TEMP(K) =   300.05  PRESS =     0.0
 Etot   =    -67957.4825  EKtot   =     16649.5078  EPtot      =    -84606.9903
 BOND   =       545.8703  ANGLE   =      1278.4590  DIHED      =      2106.5755
 1-4 NB =       597.3734  1-4 EEL =      5263.0923  VDWAALS    =      9892.5956
 EELEC  =   -104290.9564  EHBOND  =         0.0000  RESTRAINT  =         0.0000
 ------------------------------------------------------------------------------

wrapping first mol.:       23.56238       33.32224       57.71581
wrapping first mol.:       23.56238       33.32224       57.71581

 NSTEP =    41000   TIME(PS) =    4982.000  TEMP(K) =   302.02  PRESS =     0.0
 Etot   =    -68104.7677  EKtot   =     16759.1270  EPtot      =    -84863.8946
 BOND   =       489.6264  ANGLE   =      1232.3527  DIHED      =      2097.3259
 1-4 NB =       625.6225  1-4 EEL =      5242.3428  VDWAALS    =     10239.4376
 EELEC  =   -104790.6025  EHBOND  =         0.0000  RESTRAINT  =         0.0000
 ------------------------------------------------------------------------------

wrapping first mol.:       23.56238       33.32224       57.71581
wrapping first mol.:       23.56238       33.32224       57.71581

 NSTEP =    41500   TIME(PS) =    4983.000  TEMP(K) =   300.02  PRESS =     0.0
 Etot   =    -68279.4616  EKtot   =     16648.1191  EPtot      =    -84927.5808
 BOND   =       498.5780  ANGLE   =      1302.6189  DIHED      =      2075.7247
 1-4 NB =       622.8976  1-4 EEL =      5306.7679  VDWAALS    =     10108.6237
 EELEC  =   -104842.7917  EHBOND  =         0.0000  RESTRAINT  =         0.0000
 ------------------------------------------------------------------------------

wrapping first mol.:       23.56238       33.32224       57.71581
wrapping first mol.:       23.56238       33.32224       57.71581

 NSTEP =    42000   TIME(PS) =    4984.000  TEMP(K) =   299.38  PRESS =     0.0
 Etot   =    -68586.6501  EKtot   =     16612.4375  EPtot      =    -85199.0876
 BOND   =       496.8451  ANGLE   =      1235.5547  DIHED      =      2099.3673
 1-4 NB =       623.5127  1-4 EEL =      5298.3119  VDWAALS    =     10235.3780
 EELEC  =   -105188.0573  EHBOND  =         0.0000  RESTRAINT  =         0.0000
 ------------------------------------------------------------------------------

wrapping first mol.:       23.56238       33.32224       57.71581
wrapping first mol.:       23.56238       33.32224       57.71581

 NSTEP =    42500   TIME(PS) =    4985.000  TEMP(K) =   297.78  PRESS =     0.0
 Etot   =    -68358.9649  EKtot   =     16523.8242  EPtot      =    -84882.7891
 BOND   =       528.7039  ANGLE   =      1294.7721  DIHED      =      2086.3779
 1-4 NB =       607.7211  1-4 EEL =      5263.6748  VDWAALS    =     10101.3002
 EELEC  =   -104765.3392  EHBOND  =         0.0000  RESTRAINT  =         0.0000
 ------------------------------------------------------------------------------

wrapping first mol.:       23.56238       33.32224       57.71581
wrapping first mol.:       23.56238       33.32224       57.71581

 NSTEP =    43000   TIME(PS) =    4986.000  TEMP(K) =   298.58  PRESS =     0.0
 Etot   =    -68208.8125  EKtot   =     16567.9160  EPtot      =    -84776.7286
 BOND   =       522.6696  ANGLE   =      1294.9400  DIHED      =      2101.1591
 1-4 NB =       610.4778  1-4 EEL =      5218.5265  VDWAALS    =     10070.7756
 EELEC  =   -104595.2771  EHBOND  =         0.0000  RESTRAINT  =         0.0000
 ------------------------------------------------------------------------------

wrapping first mol.:       23.56238       33.32224       57.71581
wrapping first mol.:       23.56238       33.32224       57.71581

 NSTEP =    43500   TIME(PS) =    4987.000  TEMP(K) =   301.09  PRESS =     0.0
 Etot   =    -68239.0059  EKtot   =     16707.4141  EPtot      =    -84946.4199
 BOND   =       535.1673  ANGLE   =      1253.1155  DIHED      =      2091.3992
 1-4 NB =       620.0142  1-4 EEL =      5242.2252  VDWAALS    =      9905.8842
 EELEC  =   -104594.2256  EHBOND  =         0.0000  RESTRAINT  =         0.0000
 ------------------------------------------------------------------------------

wrapping first mol.:       23.56238       33.32224       57.71581
wrapping first mol.:       23.56238       33.32224       57.71581

 NSTEP =    44000   TIME(PS) =    4988.000  TEMP(K) =   297.07  PRESS =     0.0
 Etot   =    -68623.3447  EKtot   =     16484.1758  EPtot      =    -85107.5205
 BOND   =       521.8632  ANGLE   =      1318.8872  DIHED      =      2057.3360
 1-4 NB =       609.4835  1-4 EEL =      5233.4881  VDWAALS    =      9943.2760
 EELEC  =   -104791.8546  EHBOND  =         0.0000  RESTRAINT  =         0.0000
 ------------------------------------------------------------------------------

wrapping first mol.:       23.56238       33.32224       57.71581
wrapping first mol.:       23.56238       33.32224       57.71581

 NSTEP =    44500   TIME(PS) =    4989.000  TEMP(K) =   296.59  PRESS =     0.0
 Etot   =    -68374.6975  EKtot   =     16457.4980  EPtot      =    -84832.1956
 BOND   =       498.9223  ANGLE   =      1308.9393  DIHED      =      2099.8549
 1-4 NB =       632.4578  1-4 EEL =      5241.5348  VDWAALS    =     10307.6547
 EELEC  =   -104921.5593  EHBOND  =         0.0000  RESTRAINT  =         0.0000
 ------------------------------------------------------------------------------

wrapping first mol.:       23.56238       33.32224       57.71581
wrapping first mol.:       23.56238       33.32224       57.71581

 NSTEP =    45000   TIME(PS) =    4990.000  TEMP(K) =   300.27  PRESS =     0.0
 Etot   =    -68169.1479  EKtot   =     16661.7891  EPtot      =    -84830.9370
 BOND   =       520.9796  ANGLE   =      1277.5460  DIHED      =      2062.9973
 1-4 NB =       596.9398  1-4 EEL =      5222.0454  VDWAALS    =      9775.7873
 EELEC  =   -104287.2323  EHBOND  =         0.0000  RESTRAINT  =         0.0000
 ------------------------------------------------------------------------------

wrapping first mol.:       23.56238       33.32224       57.71581
wrapping first mol.:       23.56238       33.32224       57.71581

 NSTEP =    45500   TIME(PS) =    4991.000  TEMP(K) =   299.45  PRESS =     0.0
 Etot   =    -68135.7797  EKtot   =     16616.4102  EPtot      =    -84752.1899
 BOND   =       519.1872  ANGLE   =      1327.7294  DIHED      =      2103.9971
 1-4 NB =       599.2504  1-4 EEL =      5252.2792  VDWAALS    =     10219.7256
 EELEC  =   -104774.3587  EHBOND  =         0.0000  RESTRAINT  =         0.0000
 ------------------------------------------------------------------------------

wrapping first mol.:       23.56238       33.32224       57.71581
wrapping first mol.:       23.56238       33.32224       57.71581

 NSTEP =    46000   TIME(PS) =    4992.000  TEMP(K) =   300.54  PRESS =     0.0
 Etot   =    -68021.8842  EKtot   =     16676.5742  EPtot      =    -84698.4585
 BOND   =       483.9321  ANGLE   =      1264.6395  DIHED      =      2058.4002
 1-4 NB =       622.0353  1-4 EEL =      5275.2422  VDWAALS    =      9962.9377
 EELEC  =   -104365.6455  EHBOND  =         0.0000  RESTRAINT  =         0.0000
 ------------------------------------------------------------------------------

wrapping first mol.:       23.56238       33.32224       57.71581
wrapping first mol.:       23.56238       33.32224       57.71581

 NSTEP =    46500   TIME(PS) =    4993.000  TEMP(K) =   303.89  PRESS =     0.0
 Etot   =    -67777.1747  EKtot   =     16862.8242  EPtot      =    -84639.9989
 BOND   =       491.9816  ANGLE   =      1258.8429  DIHED      =      2067.3540
 1-4 NB =       609.3664  1-4 EEL =      5238.1677  VDWAALS    =      9928.3733
 EELEC  =   -104234.0848  EHBOND  =         0.0000  RESTRAINT  =         0.0000
 ------------------------------------------------------------------------------

wrapping first mol.:       23.56238       33.32224       57.71581
wrapping first mol.:       23.56238       33.32224       57.71581

 NSTEP =    47000   TIME(PS) =    4994.000  TEMP(K) =   299.17  PRESS =     0.0
 Etot   =    -68136.8347  EKtot   =     16600.6172  EPtot      =    -84737.4519
 BOND   =       504.5180  ANGLE   =      1292.3788  DIHED      =      2069.3521
 1-4 NB =       609.9975  1-4 EEL =      5250.6621  VDWAALS    =      9722.5498
 EELEC  =   -104186.9101  EHBOND  =         0.0000  RESTRAINT  =         0.0000
 ------------------------------------------------------------------------------

wrapping first mol.:       23.56238       33.32224       57.71581
wrapping first mol.:       23.56238       33.32224       57.71581

 NSTEP =    47500   TIME(PS) =    4995.000  TEMP(K) =   302.93  PRESS =     0.0
 Etot   =    -67827.3893  EKtot   =     16809.1113  EPtot      =    -84636.5006
 BOND   =       487.7874  ANGLE   =      1294.5530  DIHED      =      2087.9594
 1-4 NB =       614.5389  1-4 EEL =      5269.9924  VDWAALS    =      9944.5161
 EELEC  =   -104335.8478  EHBOND  =         0.0000  RESTRAINT  =         0.0000
 ------------------------------------------------------------------------------

wrapping first mol.:       23.56238       33.32224       57.71581
wrapping first mol.:       23.56238       33.32224       57.71581

 NSTEP =    48000   TIME(PS) =    4996.000  TEMP(K) =   300.71  PRESS =     0.0
 Etot   =    -68034.9291  EKtot   =     16685.9531  EPtot      =    -84720.8822
 BOND   =       498.8896  ANGLE   =      1266.1212  DIHED      =      2075.1508
 1-4 NB =       612.3531  1-4 EEL =      5279.3032  VDWAALS    =     10127.5500
 EELEC  =   -104580.2502  EHBOND  =         0.0000  RESTRAINT  =         0.0000
 ------------------------------------------------------------------------------

wrapping first mol.:       23.56238       33.32224       57.71581
wrapping first mol.:       23.56238       33.32224       57.71581

 NSTEP =    48500   TIME(PS) =    4997.000  TEMP(K) =   301.24  PRESS =     0.0
 Etot   =    -68188.0344  EKtot   =     16715.3555  EPtot      =    -84903.3898
 BOND   =       472.3501  ANGLE   =      1332.2250  DIHED      =      2098.6461
 1-4 NB =       639.7974  1-4 EEL =      5269.1370  VDWAALS    =     10115.9630
 EELEC  =   -104831.5084  EHBOND  =         0.0000  RESTRAINT  =         0.0000
 ------------------------------------------------------------------------------

wrapping first mol.:       23.56238       33.32224       57.71581
wrapping first mol.:       23.56238       33.32224       57.71581

 NSTEP =    49000   TIME(PS) =    4998.000  TEMP(K) =   299.99  PRESS =     0.0
 Etot   =    -68391.0682  EKtot   =     16646.4961  EPtot      =    -85037.5643
 BOND   =       493.7691  ANGLE   =      1320.4849  DIHED      =      2086.6376
 1-4 NB =       624.9297  1-4 EEL =      5271.5575  VDWAALS    =     10249.8154
 EELEC  =   -105084.7585  EHBOND  =         0.0000  RESTRAINT  =         0.0000
 ------------------------------------------------------------------------------

wrapping first mol.:       23.56238       33.32224       57.71581
wrapping first mol.:       23.56238       33.32224       57.71581

 NSTEP =    49500   TIME(PS) =    4999.000  TEMP(K) =   299.01  PRESS =     0.0
 Etot   =    -68390.7403  EKtot   =     16592.0332  EPtot      =    -84982.7735
 BOND   =       504.6087  ANGLE   =      1286.2731  DIHED      =      2093.1549
 1-4 NB =       633.0100  1-4 EEL =      5309.3850  VDWAALS    =     10194.0827
 EELEC  =   -105003.2879  EHBOND  =         0.0000  RESTRAINT  =         0.0000
 ------------------------------------------------------------------------------

wrapping first mol.:       23.56238       33.32224       57.71581
wrapping first mol.:       23.56238       33.32224       57.71581

 NSTEP =    50000   TIME(PS) =    5000.000  TEMP(K) =   298.95  PRESS =     0.0
 Etot   =    -68410.4677  EKtot   =     16588.6074  EPtot      =    -84999.0752
 BOND   =       498.8249  ANGLE   =      1269.4801  DIHED      =      2087.0047
 1-4 NB =       611.8158  1-4 EEL =      5257.3296  VDWAALS    =     10161.4924
 EELEC  =   -104885.0226  EHBOND  =         0.0000  RESTRAINT  =         0.0000
 ------------------------------------------------------------------------------


      A V E R A G E S   O V E R     100 S T E P S


 NSTEP =    50000   TIME(PS) =    5000.000  TEMP(K) =   299.78  PRESS =     0.0
 Etot   =    -68200.2922  EKtot   =     16634.6049  EPtot      =    -84834.8971
 BOND   =       510.6166  ANGLE   =      1288.6184  DIHED      =      2085.8757
 1-4 NB =       612.5767  1-4 EEL =      5262.4026  VDWAALS    =     10091.2805
 EELEC  =   -104686.2677  EHBOND  =         0.0000  RESTRAINT  =         0.0000
 ------------------------------------------------------------------------------


      R M S  F L U C T U A T I O N S


 NSTEP =    50000   TIME(PS) =    5000.000  TEMP(K) =     1.86  PRESS =     0.0
 Etot   =       175.9839  EKtot   =       103.1680  EPtot      =       133.9661
 BOND   =        16.8502  ANGLE   =        28.0977  DIHED      =        13.9100
 1-4 NB =        11.1623  1-4 EEL =        29.5090  VDWAALS    =       148.1094
 EELEC  =       235.1571  EHBOND  =         0.0000  RESTRAINT  =         0.0000
 ------------------------------------------------------------------------------

--------------------------------------------------------------------------------
   5.  TIMINGS
--------------------------------------------------------------------------------

|  NonSetup CPU Time in Major Routines:
|
|     Routine           Sec        %
|     ------------------------------
|     Nonbond           4.20    4.08
|     Bond              0.00    0.00
|     Angle             0.00    0.00
|     Dihedral          0.00    0.00
|     Shake             0.28    0.27
|     RunMD            98.40   95.61
|     Other             0.04    0.04
|     ------------------------------
|     Total           102.92

|  PME Nonbond Pairlist CPU Time:
|
|     Routine              Sec        %
|     ---------------------------------
|     Set Up Cit           0.00    0.00
|     Build List           0.00    0.00
|     ---------------------------------
|     Total                0.00    0.00

|  PME Direct Force CPU Time:
|
|     Routine              Sec        %
|     ---------------------------------
|     NonBonded Calc       0.00    0.00
|     Exclude Masked       0.00    0.00
|     Other                0.02    0.02
|     ---------------------------------
|     Total                0.02    0.02

|  PME Reciprocal Force CPU Time:
|
|     Routine              Sec        %
|     ---------------------------------
|     1D bspline           0.00    0.00
|     Grid Charges         0.00    0.00
|     Scalar Sum           0.00    0.00
|     Gradient Sum         0.00    0.00
|     FFT                  0.00    0.00
|     ---------------------------------
|     Total                0.00    0.00

|  Final Performance Info:
|     -----------------------------------------------------
|     Average timings for last   20500 steps:
|     Elapsed(s) =      42.53 Per Step(ms) =       2.07
|         ns/day =      83.29   seconds/ns =    1037.28
|
|     Average timings for all steps:
|     Elapsed(s) =     103.00 Per Step(ms) =       2.06
|         ns/day =      83.89   seconds/ns =    1029.96
|     -----------------------------------------------------

|  Setup CPU time:            0.50 seconds
|  NonSetup CPU time:       102.92 seconds
|  Total CPU time:          103.41 seconds     0.03 hours

|  Setup wall time:           1    seconds
|  NonSetup wall time:      103    seconds
|  Total wall time:         104    seconds     0.03 hours
