
          -------------------------------------------------------
          Amber 16 PMEMD                              2016
          -------------------------------------------------------

| PMEMD implementation of SANDER, Release 16

| Run on 11/16/2016 at 00:12:17

|   Executable path: pmemd.cuda
| Working directory: /home/german/exs/run/256l/mhe/e
|          Hostname: Unknown
  [-O]verwriting output

File Assignments:
|   MDIN: 6equ.in                                                               
|  MDOUT: 6equ.out                                                              
| INPCRD: 5e256l.rst7                                                           
|   PARM: 256l.prmtop                                                           
| RESTRT: 6e256l.rst7                                                           
|   REFC: 5e256l.rst7                                                           
|  MDVEL: mdvel                                                                 
|   MDEN: mden                                                                  
|  MDCRD: 6e256l.nc                                                             
| MDINFO: mdinfo                                                                
|  MDFRC: mdfrc                                                                 


 Here is the input file:

Equilibration with solute restrictions                                         
&cntrl                                                                         
imin = 0,                           ! No Minimization                          
nmropt = 0,                         ! No NMR restraints read                   
                                                                               
! Nature and format of the input                                               
ntx = 5,                            ! Coordinates but no velocities will be rea
irest = 1,                          ! Do not run a new simulation              
                                                                               
! Nature and format of the output                                              
ntxo = 1,                           ! rstrt file in ASCII format               
ntpr = 500,                         ! inf in output every ntpr steps           
ntwr = 500,                         ! rstrt file every ntwr steps              
ntwx = 500,                         ! mdcrd file every ntwx steps              
ntwv = 0,                           ! mdvel without velocities                 
ntwe = 0,                           ! Energies and temperatures not written in 
idecomp = 0,                        ! No energy decomposition                  
iwrap = 1,                          ! Coordinates of the restart and mdcrd file
                                                                               
! Frozen or restrained atoms                                                   
ibelly = 0,                         ! No frozen atoms                          
ntr=1,                              ! Harmonic potential restraints            
restraint_wt = 25.0,                ! The weight for the positional restraints 
restraintmask = ':1-164@N,CA,C,O',  ! restrained residues                      
                                                                               
! Molecular dynamics                                                           
nstlim = 50000,                     ! Number of MD-steps                       
dt = 0.002,                         ! Time step                                
                                                                               
! Temperature regulation                                                       
ntt = 3,                            ! Langevin thermostat                      
gamma_ln = 5,                       ! Gamma constant for Langevin              
!temp0 = 300.0,                     ! Reference T at which the system is to be 
tempi = 300.0,                      ! Initial T                                
ig = -1,                            ! Seed for the RNG                         
                                                                               
! P and V regulation                                                           
ntp = 1,                            ! Constant P. Isotropic scaling            
barostat = 1,                       ! Berendsen barostat                       
taup = 1,                           ! Pressure relaxation time                 
nrespa = 1,                         ! Evaluate at each step                    
ntb = 2,                            ! Periodic box for constant P              
                                                                               
! SHAKE variables                                                              
ntc = 2,                            ! Bonds involving H are constrained        
ntf = 2,                            ! Bond interaction involving H are ommited.
                                                                               
cut = 10.0,                         ! Nonbonded cutoff                         
/                                                                              
&end                                                                           


Note: ig = -1. Setting random seed to   317167 based on wallclock time in 
      microseconds.
 
|--------------------- INFORMATION ----------------------
| GPU (CUDA) Version of PMEMD in use: NVIDIA GPU IN USE.
|                    Version 16.0.0
| 
|                      02/25/2016
| 
| Implementation by:
|                    Ross C. Walker     (SDSC)
|                    Scott Le Grand     (nVIDIA)
| 
| Precision model in use:
|      [SPFP] - Single Precision Forces, 64-bit Fixed Point
|               Accumulation. (Default)
| 
|--------------------------------------------------------
 
|----------------- CITATION INFORMATION -----------------
|
|    When publishing work that utilized the CUDA version
|    of AMBER, please cite the following in addition to
|    the regular AMBER citations:
|
|  - Romelia Salomon-Ferrer; Andreas W. Goetz; Duncan
|    Poole; Scott Le Grand; Ross C. Walker "Routine
|    microsecond molecular dynamics simulations with
|    AMBER - Part II: Particle Mesh Ewald", J. Chem.
|    Theory Comput., 2013, 9 (9), pp3878-3888,
|    DOI: 10.1021/ct400314y.
|
|  - Andreas W. Goetz; Mark J. Williamson; Dong Xu;
|    Duncan Poole; Scott Le Grand; Ross C. Walker
|    "Routine microsecond molecular dynamics simulations
|    with AMBER - Part I: Generalized Born", J. Chem.
|    Theory Comput., 2012, 8 (5), pp1542-1555.
|
|  - Scott Le Grand; Andreas W. Goetz; Ross C. Walker
|    "SPFP: Speed without compromise - a mixed precision
|    model for GPU accelerated molecular dynamics
|    simulations.", Comp. Phys. Comm., 2013, 184
|    pp374-380, DOI: 10.1016/j.cpc.2012.09.022
|
|--------------------------------------------------------
 
|------------------- GPU DEVICE INFO --------------------
|
|            CUDA_VISIBLE_DEVICES: 0
|   CUDA Capable Devices Detected:      1
|           CUDA Device ID in use:      0
|                CUDA Device Name: GeForce GTX 1060 6GB
|     CUDA Device Global Mem Size:   6072 MB
| CUDA Device Num Multiprocessors:     10
|           CUDA Device Core Freq:   1.76 GHz
|
|--------------------------------------------------------
 
 
| Conditional Compilation Defines Used:
| PUBFFT
| BINTRAJ
| CUDA
| EMIL

| Largest sphere to fit in unit cell has radius =    28.862

| New format PARM file being parsed.
| Version =    1.000 Date = 11/06/16 Time = 21:27:50

| Note: 1-4 EEL scale factors are being read from the topology file.

| Note: 1-4 VDW scale factors are being read from the topology file.
| Duplicated    0 dihedrals

| Duplicated    0 dihedrals

--------------------------------------------------------------------------------
   1.  RESOURCE   USE: 
--------------------------------------------------------------------------------

 getting new box info from bottom of inpcrd
 NATOM  =   27265 NTYPES =      17 NBONH =   25948 MBONA  =    1329
 NTHETH =    3021 MTHETA =    1791 NPHIH =    6129 MPHIA  =    5620
 NHPARM =       0 NPARM  =       0 NNB   =   47372 NRES   =    8376
 NBONA  =    1329 NTHETA =    1791 NPHIA =    5620 NUMBND =      69
 NUMANG =     154 NPTRA  =     196 NATYP =      37 NPHB   =       1
 IFBOX  =       2 NMXRS  =      24 IFCAP =       0 NEXTRA =       0
 NCOPY  =       0

| Coordinate Index Table dimensions:    11   11   11
| Direct force subcell size =     6.4269    6.4269    6.4269

     BOX TYPE: TRUNCATED OCTAHEDRON

--------------------------------------------------------------------------------
   2.  CONTROL  DATA  FOR  THE  RUN
--------------------------------------------------------------------------------

default_name                                                                    

General flags:
     imin    =       0, nmropt  =       0

Nature and format of input:
     ntx     =       5, irest   =       1, ntrx    =       1

Nature and format of output:
     ntxo    =       1, ntpr    =     500, ntrx    =       1, ntwr    =     500
     iwrap   =       1, ntwx    =     500, ntwv    =       0, ntwe    =       0
     ioutfm  =       1, ntwprt  =       0, idecomp =       0, rbornstat=      0

Potential function:
     ntf     =       2, ntb     =       2, igb     =       0, nsnb    =      25
     ipol    =       0, gbsa    =       0, iesp    =       0
     dielc   =   1.00000, cut     =  10.00000, intdiel =   1.00000

Frozen or restrained atoms:
     ibelly  =       0, ntr     =       1
     restraint_wt =  25.00000

Molecular dynamics:
     nstlim  =     50000, nscm    =         0, nrespa  =         1
     t       =   0.00000, dt      =   0.00200, vlimit  =  -1.00000

Langevin dynamics temperature regulation:
     ig      =  317167
     temp0   = 300.00000, tempi   = 300.00000, gamma_ln=   5.00000

Pressure regulation:
     ntp     =       1
     pres0   =   1.00000, comp    =  44.60000, taup    =   1.00000

SHAKE:
     ntc     =       2, jfastw  =       0
     tol     =   0.00001

| Intermolecular bonds treatment:
|     no_intermolecular_bonds =       1

| Energy averages sample interval:
|     ene_avg_sampling =     500

Ewald parameters:
     verbose =       0, ew_type =       0, nbflag  =       1, use_pme =       1
     vdwmeth =       1, eedmeth =       1, netfrc  =       1
     Box X =   70.696   Box Y =   70.696   Box Z =   70.696
     Alpha =  109.471   Beta  =  109.471   Gamma =  109.471
     NFFT1 =   72       NFFT2 =   72       NFFT3 =   72
     Cutoff=   10.000   Tol   =0.100E-04
     Ewald Coefficient =  0.27511
     Interpolation order =    4

    LOADING THE CONSTRAINED ATOMS AS GROUPS


   5.  REFERENCE ATOM COORDINATES

  default_name                                                                    
     Mask :1-164@N,CA,C,O; matches   656 atoms

--------------------------------------------------------------------------------
   3.  ATOMIC COORDINATES AND VELOCITIES
--------------------------------------------------------------------------------

default_name                                                                    
 begin time read from input coords =   640.000 ps

 
 Number of triangulated 3-point waters found:     8204

     Sum of charges from parm topology file =  -0.00000007
     Forcing neutrality...

| Dynamic Memory, Types Used:
| Reals             1306492
| Integers           933163

| Nonbonded Pairs Initial Allocation:     8246980

| GPU memory information (estimate):
| KB of GPU memory in use:    206566
| KB of CPU memory in use:     40678

--------------------------------------------------------------------------------
   4.  RESULTS
--------------------------------------------------------------------------------

 ---------------------------------------------------
 APPROXIMATING switch and d/dx switch using CUBIC SPLINE INTERPOLATION
 using   5000.0 points per unit in tabled values
 TESTING RELATIVE ERROR over r ranging from 0.0 to cutoff
| CHECK switch(x): max rel err =   0.2738E-14   at   2.422500
| CHECK d/dx switch(x): max rel err =   0.8314E-11   at   2.736960
 ---------------------------------------------------
|---------------------------------------------------
| APPROXIMATING direct energy using CUBIC SPLINE INTERPOLATION
|  with   50.0 points per unit in tabled values
| Relative Error Limit not exceeded for r .gt.   2.33
| APPROXIMATING direct force using CUBIC SPLINE INTERPOLATION
|  with   50.0 points per unit in tabled values
| Relative Error Limit not exceeded for r .gt.   2.80
|---------------------------------------------------
wrapping first mol.:       23.56675       33.32842       57.72652
wrapping first mol.:       23.56675       33.32842       57.72652

 NSTEP =      500   TIME(PS) =     641.000  TEMP(K) =   298.60  PRESS =  -274.2
 Etot   =    -67890.1259  EKtot   =     16568.8770  EPtot      =    -84459.0028
 BOND   =       508.0119  ANGLE   =      1271.1212  DIHED      =      2066.7795
 1-4 NB =       626.0333  1-4 EEL =      5296.1419  VDWAALS    =      9770.8244
 EELEC  =   -104208.3030  EHBOND  =         0.0000  RESTRAINT  =       210.3879
 EAMBER (non-restraint)  =    -84669.3908
 EKCMT  =      7259.0838  VIRIAL  =      8869.4457  VOLUME     =    272051.8402
                                                    Density    =         1.0176
 ------------------------------------------------------------------------------

wrapping first mol.:       23.55800       33.31604       57.70507
wrapping first mol.:       23.55800       33.31604       57.70507

 NSTEP =     1000   TIME(PS) =     642.000  TEMP(K) =   298.34  PRESS =  -160.2
 Etot   =    -68151.0891  EKtot   =     16554.6953  EPtot      =    -84705.7844
 BOND   =       504.7899  ANGLE   =      1267.3568  DIHED      =      2065.4563
 1-4 NB =       616.8228  1-4 EEL =      5283.6684  VDWAALS    =      9966.4846
 EELEC  =   -104634.4532  EHBOND  =         0.0000  RESTRAINT  =       224.0901
 EAMBER (non-restraint)  =    -84929.8745
 EKCMT  =      7352.9233  VIRIAL  =      8292.9650  VOLUME     =    271746.0224
                                                    Density    =         1.0187
 ------------------------------------------------------------------------------

wrapping first mol.:       23.54771       33.30149       57.67987
wrapping first mol.:       23.54771       33.30149       57.67987

 NSTEP =     1500   TIME(PS) =     643.000  TEMP(K) =   300.02  PRESS =    66.5
 Etot   =    -67973.8392  EKtot   =     16648.1816  EPtot      =    -84622.0209
 BOND   =       520.6262  ANGLE   =      1256.6463  DIHED      =      2084.7769
 1-4 NB =       595.8892  1-4 EEL =      5301.0826  VDWAALS    =     10071.6794
 EELEC  =   -104667.5121  EHBOND  =         0.0000  RESTRAINT  =       214.7907
 EAMBER (non-restraint)  =    -84836.8116
 EKCMT  =      7393.6331  VIRIAL  =      7004.0441  VOLUME     =    271384.6931
                                                    Density    =         1.0201
 ------------------------------------------------------------------------------

wrapping first mol.:       23.54788       33.30173       57.68029
wrapping first mol.:       23.54788       33.30173       57.68029

 NSTEP =     2000   TIME(PS) =     644.000  TEMP(K) =   298.13  PRESS =    21.5
 Etot   =    -68015.9997  EKtot   =     16543.1348  EPtot      =    -84559.1345
 BOND   =       483.3516  ANGLE   =      1253.2980  DIHED      =      2093.9516
 1-4 NB =       615.6021  1-4 EEL =      5256.5387  VDWAALS    =      9858.5514
 EELEC  =   -104339.6955  EHBOND  =         0.0000  RESTRAINT  =       219.2677
 EAMBER (non-restraint)  =    -84778.4022
 EKCMT  =      7290.4248  VIRIAL  =      7164.5791  VOLUME     =    271391.6625
                                                    Density    =         1.0201
 ------------------------------------------------------------------------------

wrapping first mol.:       23.56666       33.32829       57.72629
wrapping first mol.:       23.56666       33.32829       57.72629

 NSTEP =     2500   TIME(PS) =     645.000  TEMP(K) =   301.61  PRESS =    61.4
 Etot   =    -67985.2062  EKtot   =     16735.9043  EPtot      =    -84721.1105
 BOND   =       491.0235  ANGLE   =      1256.9141  DIHED      =      2102.2776
 1-4 NB =       607.3598  1-4 EEL =      5252.0073  VDWAALS    =     10064.2186
 EELEC  =   -104706.2746  EHBOND  =         0.0000  RESTRAINT  =       211.3632
 EAMBER (non-restraint)  =    -84932.4737
 EKCMT  =      7417.7627  VIRIAL  =      7057.0729  VOLUME     =    272040.5254
                                                    Density    =         1.0176
 ------------------------------------------------------------------------------

wrapping first mol.:       23.57472       33.33969       57.74603
wrapping first mol.:       23.57472       33.33969       57.74603

 NSTEP =     3000   TIME(PS) =     646.000  TEMP(K) =   305.10  PRESS =    42.8
 Etot   =    -67705.4984  EKtot   =     16929.5586  EPtot      =    -84635.0570
 BOND   =       489.6205  ANGLE   =      1217.4848  DIHED      =      2071.9004
 1-4 NB =       624.5985  1-4 EEL =      5281.5644  VDWAALS    =     10061.0190
 EELEC  =   -104597.7219  EHBOND  =         0.0000  RESTRAINT  =       216.4773
 EAMBER (non-restraint)  =    -84851.5344
 EKCMT  =      7630.4901  VIRIAL  =      7378.9585  VOLUME     =    272320.1463
                                                    Density    =         1.0166
 ------------------------------------------------------------------------------

wrapping first mol.:       23.57451       33.33939       57.74552
wrapping first mol.:       23.57451       33.33939       57.74552

 NSTEP =     3500   TIME(PS) =     647.000  TEMP(K) =   298.38  PRESS =   -27.6
 Etot   =    -68118.7327  EKtot   =     16557.1719  EPtot      =    -84675.9045
 BOND   =       494.0796  ANGLE   =      1206.5559  DIHED      =      2084.3085
 1-4 NB =       619.8030  1-4 EEL =      5289.0574  VDWAALS    =     10030.4267
 EELEC  =   -104622.8066  EHBOND  =         0.0000  RESTRAINT  =       222.6709
 EAMBER (non-restraint)  =    -84898.5754
 EKCMT  =      7268.2830  VIRIAL  =      7430.4590  VOLUME     =    272314.6347
                                                    Density    =         1.0166
 ------------------------------------------------------------------------------

wrapping first mol.:       23.57360       33.33810       57.74328
wrapping first mol.:       23.57360       33.33810       57.74328

 NSTEP =     4000   TIME(PS) =     648.000  TEMP(K) =   299.89  PRESS =  -160.0
 Etot   =    -67878.0008  EKtot   =     16640.8047  EPtot      =    -84518.8055
 BOND   =       494.8963  ANGLE   =      1258.2629  DIHED      =      2084.7573
 1-4 NB =       615.0679  1-4 EEL =      5304.7833  VDWAALS    =      9839.4804
 EELEC  =   -104334.7166  EHBOND  =         0.0000  RESTRAINT  =       218.6630
 EAMBER (non-restraint)  =    -84737.4685
 EKCMT  =      7334.9023  VIRIAL  =      8275.4519  VOLUME     =    272286.1472
                                                    Density    =         1.0167
 ------------------------------------------------------------------------------

wrapping first mol.:       23.57156       33.33522       57.73829
wrapping first mol.:       23.57156       33.33522       57.73829

 NSTEP =     4500   TIME(PS) =     649.000  TEMP(K) =   301.61  PRESS =    56.1
 Etot   =    -67922.0998  EKtot   =     16736.1191  EPtot      =    -84658.2190
 BOND   =       453.3587  ANGLE   =      1206.3086  DIHED      =      2085.1905
 1-4 NB =       621.1082  1-4 EEL =      5311.5534  VDWAALS    =      9826.8725
 EELEC  =   -104377.7320  EHBOND  =         0.0000  RESTRAINT  =       215.1211
 EAMBER (non-restraint)  =    -84873.3400
 EKCMT  =      7450.7051  VIRIAL  =      7120.9797  VOLUME     =    272210.2805
                                                    Density    =         1.0170
 ------------------------------------------------------------------------------

wrapping first mol.:       23.57501       33.34009       57.74673
wrapping first mol.:       23.57501       33.34009       57.74673

 NSTEP =     5000   TIME(PS) =     650.000  TEMP(K) =   300.68  PRESS =  -121.3
 Etot   =    -67846.2962  EKtot   =     16684.6797  EPtot      =    -84530.9759
 BOND   =       470.7366  ANGLE   =      1255.7470  DIHED      =      2080.7336
 1-4 NB =       632.4660  1-4 EEL =      5292.8241  VDWAALS    =      9907.9454
 EELEC  =   -104373.2496  EHBOND  =         0.0000  RESTRAINT  =       201.8211
 EAMBER (non-restraint)  =    -84732.7970
 EKCMT  =      7431.6680  VIRIAL  =      8145.0634  VOLUME     =    272334.0665
                                                    Density    =         1.0165
 ------------------------------------------------------------------------------

wrapping first mol.:       23.58840       33.35903       57.77954
wrapping first mol.:       23.58840       33.35903       57.77954

 NSTEP =     5500   TIME(PS) =     651.000  TEMP(K) =   299.71  PRESS =  -277.5
 Etot   =    -67916.6892  EKtot   =     16630.7285  EPtot      =    -84547.4177
 BOND   =       491.9214  ANGLE   =      1236.4952  DIHED      =      2084.6672
 1-4 NB =       618.0855  1-4 EEL =      5307.1536  VDWAALS    =      9893.5246
 EELEC  =   -104398.9303  EHBOND  =         0.0000  RESTRAINT  =       219.6650
 EAMBER (non-restraint)  =    -84767.0827
 EKCMT  =      7344.9571  VIRIAL  =      8979.6525  VOLUME     =    272802.2445
                                                    Density    =         1.0148
 ------------------------------------------------------------------------------

wrapping first mol.:       23.57641       33.34208       57.75017
wrapping first mol.:       23.57641       33.34208       57.75017

 NSTEP =     6000   TIME(PS) =     652.000  TEMP(K) =   297.43  PRESS =    85.3
 Etot   =    -67937.4862  EKtot   =     16504.0859  EPtot      =    -84441.5721
 BOND   =       464.7108  ANGLE   =      1243.9587  DIHED      =      2084.3240
 1-4 NB =       622.1637  1-4 EEL =      5308.0193  VDWAALS    =     10139.6572
 EELEC  =   -104516.3882  EHBOND  =         0.0000  RESTRAINT  =       211.9824
 EAMBER (non-restraint)  =    -84653.5545
 EKCMT  =      7284.5332  VIRIAL  =      6782.6447  VOLUME     =    272377.6311
                                                    Density    =         1.0164
 ------------------------------------------------------------------------------

wrapping first mol.:       23.57113       33.33461       57.73724
wrapping first mol.:       23.57113       33.33461       57.73724

 NSTEP =     6500   TIME(PS) =     653.000  TEMP(K) =   300.19  PRESS =    73.2
 Etot   =    -67678.6689  EKtot   =     16657.4551  EPtot      =    -84336.1240
 BOND   =       503.4546  ANGLE   =      1304.7930  DIHED      =      2095.3724
 1-4 NB =       614.4483  1-4 EEL =      5258.5630  VDWAALS    =      9884.3542
 EELEC  =   -104198.5529  EHBOND  =         0.0000  RESTRAINT  =       201.4434
 EAMBER (non-restraint)  =    -84537.5674
 EKCMT  =      7459.8946  VIRIAL  =      7029.7873  VOLUME     =    272194.9926
                                                    Density    =         1.0171
 ------------------------------------------------------------------------------

wrapping first mol.:       23.57731       33.34336       57.75238
wrapping first mol.:       23.57731       33.34336       57.75238

 NSTEP =     7000   TIME(PS) =     654.000  TEMP(K) =   302.51  PRESS =   -96.6
 Etot   =    -67723.3423  EKtot   =     16785.9238  EPtot      =    -84509.2661
 BOND   =       520.7507  ANGLE   =      1278.5636  DIHED      =      2078.3833
 1-4 NB =       608.1013  1-4 EEL =      5284.2708  VDWAALS    =      9840.7194
 EELEC  =   -104322.7833  EHBOND  =         0.0000  RESTRAINT  =       202.7279
 EAMBER (non-restraint)  =    -84711.9941
 EKCMT  =      7473.8674  VIRIAL  =      8041.8792  VOLUME     =    272413.4007
                                                    Density    =         1.0162
 ------------------------------------------------------------------------------

wrapping first mol.:       23.57502       33.34011       57.74676
wrapping first mol.:       23.57502       33.34011       57.74676

 NSTEP =     7500   TIME(PS) =     655.000  TEMP(K) =   301.83  PRESS =   -51.3
 Etot   =    -67627.4280  EKtot   =     16748.4766  EPtot      =    -84375.9046
 BOND   =       505.5865  ANGLE   =      1261.9229  DIHED      =      2083.5100
 1-4 NB =       596.7980  1-4 EEL =      5328.5883  VDWAALS    =      9847.9038
 EELEC  =   -104213.7707  EHBOND  =         0.0000  RESTRAINT  =       213.5567
 EAMBER (non-restraint)  =    -84589.4613
 EKCMT  =      7499.4040  VIRIAL  =      7801.2128  VOLUME     =    272332.7846
                                                    Density    =         1.0165
 ------------------------------------------------------------------------------

wrapping first mol.:       23.58152       33.34931       57.76269
wrapping first mol.:       23.58152       33.34931       57.76269

 NSTEP =     8000   TIME(PS) =     656.000  TEMP(K) =   299.49  PRESS =  -125.2
 Etot   =    -67976.1934  EKtot   =     16618.3398  EPtot      =    -84594.5332
 BOND   =       473.0197  ANGLE   =      1254.1787  DIHED      =      2094.4447
 1-4 NB =       622.5210  1-4 EEL =      5304.4251  VDWAALS    =      9935.2587
 EELEC  =   -104497.3397  EHBOND  =         0.0000  RESTRAINT  =       218.9587
 EAMBER (non-restraint)  =    -84813.4920
 EKCMT  =      7285.5433  VIRIAL  =      8022.0981  VOLUME     =    272560.0241
                                                    Density    =         1.0157
 ------------------------------------------------------------------------------

wrapping first mol.:       23.56477       33.32561       57.72165
wrapping first mol.:       23.56477       33.32561       57.72165

 NSTEP =     8500   TIME(PS) =     657.000  TEMP(K) =   299.40  PRESS =  -112.4
 Etot   =    -68003.3968  EKtot   =     16613.2656  EPtot      =    -84616.6624
 BOND   =       497.0470  ANGLE   =      1211.5389  DIHED      =      2093.5975
 1-4 NB =       618.0364  1-4 EEL =      5283.3972  VDWAALS    =      9941.5841
 EELEC  =   -104476.0905  EHBOND  =         0.0000  RESTRAINT  =       214.2270
 EAMBER (non-restraint)  =    -84830.8894
 EKCMT  =      7337.8524  VIRIAL  =      7997.7833  VOLUME     =    271979.1582
                                                    Density    =         1.0179
 ------------------------------------------------------------------------------

wrapping first mol.:       23.55856       33.31683       57.70644
wrapping first mol.:       23.55856       33.31683       57.70644

 NSTEP =     9000   TIME(PS) =     658.000  TEMP(K) =   298.53  PRESS =    19.1
 Etot   =    -68017.0093  EKtot   =     16565.3223  EPtot      =    -84582.3315
 BOND   =       525.3848  ANGLE   =      1250.1468  DIHED      =      2060.0569
 1-4 NB =       621.1212  1-4 EEL =      5247.3009  VDWAALS    =     10109.9556
 EELEC  =   -104592.9135  EHBOND  =         0.0000  RESTRAINT  =       196.6158
 EAMBER (non-restraint)  =    -84778.9473
 EKCMT  =      7281.9837  VIRIAL  =      7169.9135  VOLUME     =    271760.9919
                                                    Density    =         1.0187
 ------------------------------------------------------------------------------

wrapping first mol.:       23.56963       33.33249       57.73356
wrapping first mol.:       23.56963       33.33249       57.73356

 NSTEP =     9500   TIME(PS) =     659.000  TEMP(K) =   302.10  PRESS =    17.8
 Etot   =    -67867.8281  EKtot   =     16763.5996  EPtot      =    -84631.4277
 BOND   =       480.5296  ANGLE   =      1298.6120  DIHED      =      2070.7426
 1-4 NB =       608.9556  1-4 EEL =      5335.4763  VDWAALS    =     10040.1764
 EELEC  =   -104660.0167  EHBOND  =         0.0000  RESTRAINT  =       194.0965
 EAMBER (non-restraint)  =    -84825.5241
 EKCMT  =      7442.9664  VIRIAL  =      7338.3253  VOLUME     =    272144.3981
                                                    Density    =         1.0172
 ------------------------------------------------------------------------------

wrapping first mol.:       23.56968       33.33257       57.73369
wrapping first mol.:       23.56968       33.33257       57.73369

 NSTEP =    10000   TIME(PS) =     660.000  TEMP(K) =   297.10  PRESS =    -5.8
 Etot   =    -68252.6078  EKtot   =     16486.0078  EPtot      =    -84738.6156
 BOND   =       478.8511  ANGLE   =      1237.6415  DIHED      =      2084.3494
 1-4 NB =       609.7407  1-4 EEL =      5286.2336  VDWAALS    =     10050.5817
 EELEC  =   -104706.2300  EHBOND  =         0.0000  RESTRAINT  =       220.2163
 EAMBER (non-restraint)  =    -84958.8320
 EKCMT  =      7224.0090  VIRIAL  =      7258.0035  VOLUME     =    272146.8156
                                                    Density    =         1.0172
 ------------------------------------------------------------------------------

wrapping first mol.:       23.56984       33.33278       57.73407
wrapping first mol.:       23.56984       33.33278       57.73407

 NSTEP =    10500   TIME(PS) =     661.000  TEMP(K) =   299.80  PRESS =   -13.8
 Etot   =    -68073.1523  EKtot   =     16635.6270  EPtot      =    -84708.7793
 BOND   =       502.7417  ANGLE   =      1242.7731  DIHED      =      2100.8064
 1-4 NB =       625.5970  1-4 EEL =      5254.3727  VDWAALS    =     10093.7266
 EELEC  =   -104740.5526  EHBOND  =         0.0000  RESTRAINT  =       211.7558
 EAMBER (non-restraint)  =    -84920.5351
 EKCMT  =      7362.0918  VIRIAL  =      7442.9729  VOLUME     =    272152.3072
                                                    Density    =         1.0172
 ------------------------------------------------------------------------------

wrapping first mol.:       23.56673       33.32839       57.72647
wrapping first mol.:       23.56673       33.32839       57.72647

 NSTEP =    11000   TIME(PS) =     662.000  TEMP(K) =   300.61  PRESS =   184.2
 Etot   =    -67964.9169  EKtot   =     16680.6816  EPtot      =    -84645.5986
 BOND   =       509.8057  ANGLE   =      1229.2452  DIHED      =      2071.2356
 1-4 NB =       620.2901  1-4 EEL =      5314.0324  VDWAALS    =     10299.0659
 EELEC  =   -104903.5920  EHBOND  =         0.0000  RESTRAINT  =       214.3185
 EAMBER (non-restraint)  =    -84859.9171
 EKCMT  =      7471.7681  VIRIAL  =      6389.6556  VOLUME     =    272039.9962
                                                    Density    =         1.0176
 ------------------------------------------------------------------------------

wrapping first mol.:       23.57417       33.33891       57.74469
wrapping first mol.:       23.57417       33.33891       57.74469

 NSTEP =    11500   TIME(PS) =     663.000  TEMP(K) =   302.47  PRESS =    70.0
 Etot   =    -67741.2404  EKtot   =     16783.7012  EPtot      =    -84524.9416
 BOND   =       481.5770  ANGLE   =      1282.5684  DIHED      =      2047.6092
 1-4 NB =       613.4596  1-4 EEL =      5305.1510  VDWAALS    =      9830.1037
 EELEC  =   -104291.2421  EHBOND  =         0.0000  RESTRAINT  =       205.8316
 EAMBER (non-restraint)  =    -84730.7732
 EKCMT  =      7360.5547  VIRIAL  =      6949.0067  VOLUME     =    272300.4355
                                                    Density    =         1.0167
 ------------------------------------------------------------------------------

wrapping first mol.:       23.57438       33.33921       57.74520
wrapping first mol.:       23.57438       33.33921       57.74520

 NSTEP =    12000   TIME(PS) =     664.000  TEMP(K) =   299.96  PRESS =    90.2
 Etot   =    -68052.3979  EKtot   =     16644.7832  EPtot      =    -84697.1811
 BOND   =       513.6468  ANGLE   =      1165.0830  DIHED      =      2042.4160
 1-4 NB =       629.6717  1-4 EEL =      5322.7640  VDWAALS    =     10174.0522
 EELEC  =   -104759.8167  EHBOND  =         0.0000  RESTRAINT  =       215.0018
 EAMBER (non-restraint)  =    -84912.1830
 EKCMT  =      7353.8117  VIRIAL  =      6823.2165  VOLUME     =    272307.2962
                                                    Density    =         1.0166
 ------------------------------------------------------------------------------

wrapping first mol.:       23.56524       33.32628       57.72280
wrapping first mol.:       23.56524       33.32628       57.72280

 NSTEP =    12500   TIME(PS) =     665.000  TEMP(K) =   299.08  PRESS =   202.9
 Etot   =    -67999.9939  EKtot   =     16595.9375  EPtot      =    -84595.9314
 BOND   =       477.8851  ANGLE   =      1239.1969  DIHED      =      2077.5776
 1-4 NB =       612.5437  1-4 EEL =      5322.4175  VDWAALS    =     10067.4430
 EELEC  =   -104598.6798  EHBOND  =         0.0000  RESTRAINT  =       205.6848
 EAMBER (non-restraint)  =    -84801.6161
 EKCMT  =      7353.2729  VIRIAL  =      6161.6330  VOLUME     =    271987.7736
                                                    Density    =         1.0178
 ------------------------------------------------------------------------------

wrapping first mol.:       23.56681       33.32851       57.72666
wrapping first mol.:       23.56681       33.32851       57.72666

 NSTEP =    13000   TIME(PS) =     666.000  TEMP(K) =   301.64  PRESS =   318.3
 Etot   =    -67642.0370  EKtot   =     16738.0215  EPtot      =    -84380.0585
 BOND   =       499.2897  ANGLE   =      1268.0208  DIHED      =      2069.1189
 1-4 NB =       628.6819  1-4 EEL =      5275.9834  VDWAALS    =     10296.8950
 EELEC  =   -104638.4220  EHBOND  =         0.0000  RESTRAINT  =       220.3739
 EAMBER (non-restraint)  =    -84600.4324
 EKCMT  =      7388.6768  VIRIAL  =      5519.2449  VOLUME     =    272039.5028
                                                    Density    =         1.0176
 ------------------------------------------------------------------------------

wrapping first mol.:       23.57345       33.33790       57.74292
wrapping first mol.:       23.57345       33.33790       57.74292

 NSTEP =    13500   TIME(PS) =     667.000  TEMP(K) =   300.63  PRESS =     4.0
 Etot   =    -67932.1640  EKtot   =     16681.5215  EPtot      =    -84613.6855
 BOND   =       502.6338  ANGLE   =      1255.9097  DIHED      =      2087.1233
 1-4 NB =       609.3299  1-4 EEL =      5318.0396  VDWAALS    =     10164.3788
 EELEC  =   -104776.1500  EHBOND  =         0.0000  RESTRAINT  =       225.0494
 EAMBER (non-restraint)  =    -84838.7348
 EKCMT  =      7388.7454  VIRIAL  =      7365.1702  VOLUME     =    272277.1283
                                                    Density    =         1.0167
 ------------------------------------------------------------------------------

wrapping first mol.:       23.56010       33.31901       57.71022
wrapping first mol.:       23.56010       33.31901       57.71022

 NSTEP =    14000   TIME(PS) =     668.000  TEMP(K) =   298.61  PRESS =    38.0
 Etot   =    -68117.0928  EKtot   =     16569.8594  EPtot      =    -84686.9522
 BOND   =       528.1293  ANGLE   =      1257.2668  DIHED      =      2089.1484
 1-4 NB =       624.0245  1-4 EEL =      5271.4096  VDWAALS    =     10174.5132
 EELEC  =   -104839.6760  EHBOND  =         0.0000  RESTRAINT  =       208.2321
 EAMBER (non-restraint)  =    -84895.1842
 EKCMT  =      7349.4628  VIRIAL  =      7126.4162  VOLUME     =    271813.9436
                                                    Density    =         1.0185
 ------------------------------------------------------------------------------

wrapping first mol.:       23.55497       33.31175       57.69764
wrapping first mol.:       23.55497       33.31175       57.69764

 NSTEP =    14500   TIME(PS) =     669.000  TEMP(K) =   302.64  PRESS =  -275.9
 Etot   =    -67874.6478  EKtot   =     16793.2090  EPtot      =    -84667.8568
 BOND   =       472.7411  ANGLE   =      1270.4741  DIHED      =      2088.5912
 1-4 NB =       610.7562  1-4 EEL =      5254.3433  VDWAALS    =      9821.5613
 EELEC  =   -104399.9312  EHBOND  =         0.0000  RESTRAINT  =       213.6072
 EAMBER (non-restraint)  =    -84881.4640
 EKCMT  =      7385.3012  VIRIAL  =      9003.2099  VOLUME     =    271643.8236
                                                    Density    =         1.0191
 ------------------------------------------------------------------------------

wrapping first mol.:       23.55521       33.31210       57.69825
wrapping first mol.:       23.55521       33.31210       57.69825

 NSTEP =    15000   TIME(PS) =     670.000  TEMP(K) =   301.48  PRESS =   279.9
 Etot   =    -68133.6610  EKtot   =     16728.6777  EPtot      =    -84862.3388
 BOND   =       471.0794  ANGLE   =      1281.0515  DIHED      =      2073.6060
 1-4 NB =       608.4150  1-4 EEL =      5307.0271  VDWAALS    =     10227.4322
 EELEC  =   -105046.1630  EHBOND  =         0.0000  RESTRAINT  =       215.2131
 EAMBER (non-restraint)  =    -85077.5519
 EKCMT  =      7301.8860  VIRIAL  =      5660.0422  VOLUME     =    271638.9772
                                                    Density    =         1.0191
 ------------------------------------------------------------------------------

wrapping first mol.:       23.57356       33.33804       57.74318
wrapping first mol.:       23.57356       33.33804       57.74318

 NSTEP =    15500   TIME(PS) =     671.000  TEMP(K) =   299.95  PRESS =    27.1
 Etot   =    -67872.7568  EKtot   =     16643.9609  EPtot      =    -84516.7177
 BOND   =       495.4794  ANGLE   =      1256.4711  DIHED      =      2079.8857
 1-4 NB =       604.5175  1-4 EEL =      5306.1720  VDWAALS    =      9999.7083
 EELEC  =   -104466.4200  EHBOND  =         0.0000  RESTRAINT  =       207.4683
 EAMBER (non-restraint)  =    -84724.1860
 EKCMT  =      7310.7242  VIRIAL  =      7151.2345  VOLUME     =    272280.1174
                                                    Density    =         1.0167
 ------------------------------------------------------------------------------

wrapping first mol.:       23.55767       33.31558       57.70427
wrapping first mol.:       23.55767       33.31558       57.70427

 NSTEP =    16000   TIME(PS) =     672.000  TEMP(K) =   301.59  PRESS =   -79.6
 Etot   =    -68086.9424  EKtot   =     16735.1094  EPtot      =    -84822.0518
 BOND   =       477.4592  ANGLE   =      1248.2846  DIHED      =      2062.4820
 1-4 NB =       612.5306  1-4 EEL =      5301.7134  VDWAALS    =     10029.3583
 EELEC  =   -104754.3633  EHBOND  =         0.0000  RESTRAINT  =       200.4834
 EAMBER (non-restraint)  =    -85022.5352
 EKCMT  =      7423.7495  VIRIAL  =      7890.9048  VOLUME     =    271732.6643
                                                    Density    =         1.0188
 ------------------------------------------------------------------------------

wrapping first mol.:       23.56407       33.32463       57.71995
wrapping first mol.:       23.56407       33.32463       57.71995

 NSTEP =    16500   TIME(PS) =     673.000  TEMP(K) =   297.91  PRESS =    53.7
 Etot   =    -68173.5159  EKtot   =     16531.0332  EPtot      =    -84704.5491
 BOND   =       520.5229  ANGLE   =      1193.9872  DIHED      =      2088.9912
 1-4 NB =       624.1502  1-4 EEL =      5314.1991  VDWAALS    =     10038.7524
 EELEC  =   -104698.8981  EHBOND  =         0.0000  RESTRAINT  =       213.7459
 EAMBER (non-restraint)  =    -84918.2951
 EKCMT  =      7399.6247  VIRIAL  =      7084.1572  VOLUME     =    271951.0221
                                                    Density    =         1.0180
 ------------------------------------------------------------------------------

wrapping first mol.:       23.54401       33.29626       57.67081
wrapping first mol.:       23.54401       33.29626       57.67081

 NSTEP =    17000   TIME(PS) =     674.000  TEMP(K) =   302.85  PRESS =   -68.4
 Etot   =    -68004.0644  EKtot   =     16804.8516  EPtot      =    -84808.9159
 BOND   =       487.8709  ANGLE   =      1245.2427  DIHED      =      2054.8629
 1-4 NB =       610.1292  1-4 EEL =      5276.4099  VDWAALS    =      9844.1641
 EELEC  =   -104546.9369  EHBOND  =         0.0000  RESTRAINT  =       219.3412
 EAMBER (non-restraint)  =    -85028.2571
 EKCMT  =      7382.2169  VIRIAL  =      7782.6035  VOLUME     =    271259.9569
                                                    Density    =         1.0206
 ------------------------------------------------------------------------------

wrapping first mol.:       23.54431       33.29668       57.67154
wrapping first mol.:       23.54431       33.29668       57.67154

 NSTEP =    17500   TIME(PS) =     675.000  TEMP(K) =   299.04  PRESS =   162.7
 Etot   =    -68167.6739  EKtot   =     16593.3086  EPtot      =    -84760.9824
 BOND   =       500.7654  ANGLE   =      1239.8298  DIHED      =      2091.2500
 1-4 NB =       601.6016  1-4 EEL =      5295.8051  VDWAALS    =      9987.3290
 EELEC  =   -104686.4541  EHBOND  =         0.0000  RESTRAINT  =       208.8907
 EAMBER (non-restraint)  =    -84969.8732
 EKCMT  =      7368.2366  VIRIAL  =      6415.5532  VOLUME     =    271264.7403
                                                    Density    =         1.0205
 ------------------------------------------------------------------------------

wrapping first mol.:       23.55795       33.31597       57.70495
wrapping first mol.:       23.55795       33.31597       57.70495

 NSTEP =    18000   TIME(PS) =     676.000  TEMP(K) =   299.36  PRESS =    33.9
 Etot   =    -68168.7130  EKtot   =     16611.2637  EPtot      =    -84779.9767
 BOND   =       488.7504  ANGLE   =      1261.3124  DIHED      =      2074.2240
 1-4 NB =       617.7514  1-4 EEL =      5309.4569  VDWAALS    =     10067.8745
 EELEC  =   -104807.6295  EHBOND  =         0.0000  RESTRAINT  =       208.2832
 EAMBER (non-restraint)  =    -84988.2598
 EKCMT  =      7331.9666  VIRIAL  =      7132.8649  VOLUME     =    271739.5149
                                                    Density    =         1.0188
 ------------------------------------------------------------------------------

wrapping first mol.:       23.56215       33.32191       57.71524
wrapping first mol.:       23.56215       33.32191       57.71524

 NSTEP =    18500   TIME(PS) =     677.000  TEMP(K) =   302.33  PRESS =  -330.8
 Etot   =    -68083.2586  EKtot   =     16776.1230  EPtot      =    -84859.3817
 BOND   =       493.3705  ANGLE   =      1262.4872  DIHED      =      2102.8327
 1-4 NB =       628.0543  1-4 EEL =      5279.2078  VDWAALS    =      9771.6431
 EELEC  =   -104614.6054  EHBOND  =         0.0000  RESTRAINT  =       217.6281
 EAMBER (non-restraint)  =    -85077.0098
 EKCMT  =      7447.6866  VIRIAL  =      9389.4453  VOLUME     =    271893.7711
                                                    Density    =         1.0182
 ------------------------------------------------------------------------------

wrapping first mol.:       23.54626       33.29944       57.67631
wrapping first mol.:       23.54626       33.29944       57.67631

 NSTEP =    19000   TIME(PS) =     678.000  TEMP(K) =   296.38  PRESS =   295.2
 Etot   =    -68365.4638  EKtot   =     16446.0723  EPtot      =    -84811.5361
 BOND   =       473.5587  ANGLE   =      1231.5653  DIHED      =      2097.5860
 1-4 NB =       628.0983  1-4 EEL =      5353.6544  VDWAALS    =     10222.1405
 EELEC  =   -105034.9434  EHBOND  =         0.0000  RESTRAINT  =       216.8041
 EAMBER (non-restraint)  =    -85028.3402
 EKCMT  =      7224.6142  VIRIAL  =      5495.1929  VOLUME     =    271328.8528
                                                    Density    =         1.0203
 ------------------------------------------------------------------------------

wrapping first mol.:       23.57666       33.34243       57.75079
wrapping first mol.:       23.57666       33.34243       57.75079

 NSTEP =    19500   TIME(PS) =     679.000  TEMP(K) =   298.85  PRESS =   114.2
 Etot   =    -67854.3903  EKtot   =     16582.8086  EPtot      =    -84437.1989
 BOND   =       501.6125  ANGLE   =      1213.1091  DIHED      =      2085.7498
 1-4 NB =       608.3000  1-4 EEL =      5269.7603  VDWAALS    =      9946.2589
 EELEC  =   -104278.0852  EHBOND  =         0.0000  RESTRAINT  =       216.0957
 EAMBER (non-restraint)  =    -84653.2946
 EKCMT  =      7375.9974  VIRIAL  =      6704.5565  VOLUME     =    272385.6685
                                                    Density    =         1.0163
 ------------------------------------------------------------------------------

wrapping first mol.:       23.56718       33.32902       57.72755
wrapping first mol.:       23.56718       33.32902       57.72755

 NSTEP =    20000   TIME(PS) =     680.000  TEMP(K) =   300.29  PRESS =    42.4
 Etot   =    -68020.1654  EKtot   =     16662.8613  EPtot      =    -84683.0267
 BOND   =       481.7028  ANGLE   =      1264.4192  DIHED      =      2077.3494
 1-4 NB =       609.3301  1-4 EEL =      5298.2449  VDWAALS    =      9978.7532
 EELEC  =   -104612.1922  EHBOND  =         0.0000  RESTRAINT  =       219.3658
 EAMBER (non-restraint)  =    -84902.3925
 EKCMT  =      7354.5760  VIRIAL  =      7105.4821  VOLUME     =    272058.7773
                                                    Density    =         1.0176
 ------------------------------------------------------------------------------

wrapping first mol.:       23.59339       33.36609       57.79176
wrapping first mol.:       23.59339       33.36609       57.79176

 NSTEP =    20500   TIME(PS) =     681.000  TEMP(K) =   299.99  PRESS =   101.6
 Etot   =    -67936.2581  EKtot   =     16646.2480  EPtot      =    -84582.5061
 BOND   =       455.7696  ANGLE   =      1244.0885  DIHED      =      2095.6995
 1-4 NB =       619.3447  1-4 EEL =      5293.4701  VDWAALS    =     10326.9626
 EELEC  =   -104833.4080  EHBOND  =         0.0000  RESTRAINT  =       215.5669
 EAMBER (non-restraint)  =    -84798.0730
 EKCMT  =      7402.8697  VIRIAL  =      6803.9353  VOLUME     =    272966.1403
                                                    Density    =         1.0142
 ------------------------------------------------------------------------------

wrapping first mol.:       23.58754       33.35782       57.77744
wrapping first mol.:       23.58754       33.35782       57.77744

 NSTEP =    21000   TIME(PS) =     682.000  TEMP(K) =   300.04  PRESS =   220.2
 Etot   =    -67799.5499  EKtot   =     16649.1973  EPtot      =    -84448.7471
 BOND   =       476.4411  ANGLE   =      1280.3774  DIHED      =      2079.2696
 1-4 NB =       627.3931  1-4 EEL =      5293.4598  VDWAALS    =     10068.3430
 EELEC  =   -104468.7718  EHBOND  =         0.0000  RESTRAINT  =       194.7408
 EAMBER (non-restraint)  =    -84643.4879
 EKCMT  =      7364.7646  VIRIAL  =      6067.7157  VOLUME     =    272760.3814
                                                    Density    =         1.0149
 ------------------------------------------------------------------------------

wrapping first mol.:       23.58252       33.35072       57.76514
wrapping first mol.:       23.58252       33.35072       57.76514

 NSTEP =    21500   TIME(PS) =     683.000  TEMP(K) =   299.91  PRESS =   179.0
 Etot   =    -68221.2683  EKtot   =     16641.5801  EPtot      =    -84862.8484
 BOND   =       486.9741  ANGLE   =      1204.2166  DIHED      =      2094.9547
 1-4 NB =       608.1738  1-4 EEL =      5286.0631  VDWAALS    =     10167.0239
 EELEC  =   -104931.5073  EHBOND  =         0.0000  RESTRAINT  =       221.2529
 EAMBER (non-restraint)  =    -85084.1012
 EKCMT  =      7357.2002  VIRIAL  =      6303.6250  VOLUME     =    272587.1902
                                                    Density    =         1.0156
 ------------------------------------------------------------------------------

wrapping first mol.:       23.57358       33.33807       57.74323
wrapping first mol.:       23.57358       33.33807       57.74323

 NSTEP =    22000   TIME(PS) =     684.000  TEMP(K) =   300.07  PRESS =    11.5
 Etot   =    -67966.2621  EKtot   =     16650.6699  EPtot      =    -84616.9320
 BOND   =       493.5298  ANGLE   =      1251.2716  DIHED      =      2062.6420
 1-4 NB =       602.5078  1-4 EEL =      5282.2280  VDWAALS    =      9921.8325
 EELEC  =   -104441.5653  EHBOND  =         0.0000  RESTRAINT  =       210.6216
 EAMBER (non-restraint)  =    -84827.5536
 EKCMT  =      7316.8707  VIRIAL  =      7249.2829  VOLUME     =    272281.2421
                                                    Density    =         1.0167
 ------------------------------------------------------------------------------

wrapping first mol.:       23.57135       33.33492       57.73778
wrapping first mol.:       23.57135       33.33492       57.73778

 NSTEP =    22500   TIME(PS) =     685.000  TEMP(K) =   300.74  PRESS =   -25.5
 Etot   =    -68020.2191  EKtot   =     16687.8652  EPtot      =    -84708.0843
 BOND   =       499.8472  ANGLE   =      1222.7436  DIHED      =      2080.8838
 1-4 NB =       610.0738  1-4 EEL =      5305.4086  VDWAALS    =      9973.6531
 EELEC  =   -104598.8945  EHBOND  =         0.0000  RESTRAINT  =       198.2002
 EAMBER (non-restraint)  =    -84906.2845
 EKCMT  =      7355.4205  VIRIAL  =      7505.3866  VOLUME     =    272205.0420
                                                    Density    =         1.0170
 ------------------------------------------------------------------------------

wrapping first mol.:       23.55661       33.31408       57.70167
wrapping first mol.:       23.55661       33.31408       57.70167

 NSTEP =    23000   TIME(PS) =     686.000  TEMP(K) =   295.86  PRESS =   -14.9
 Etot   =    -68235.1457  EKtot   =     16416.8398  EPtot      =    -84651.9856
 BOND   =       510.1579  ANGLE   =      1228.7540  DIHED      =      2061.3753
 1-4 NB =       607.5309  1-4 EEL =      5275.0523  VDWAALS    =      9927.6696
 EELEC  =   -104472.5939  EHBOND  =         0.0000  RESTRAINT  =       210.0684
 EAMBER (non-restraint)  =    -84862.0540
 EKCMT  =      7285.9956  VIRIAL  =      7373.6545  VOLUME     =    271694.4402
                                                    Density    =         1.0189
 ------------------------------------------------------------------------------

wrapping first mol.:       23.56024       33.31922       57.71057
wrapping first mol.:       23.56024       33.31922       57.71057

 NSTEP =    23500   TIME(PS) =     687.000  TEMP(K) =   297.41  PRESS =   -16.8
 Etot   =    -68257.0475  EKtot   =     16503.3281  EPtot      =    -84760.3756
 BOND   =       496.3395  ANGLE   =      1252.1249  DIHED      =      2080.4898
 1-4 NB =       616.6016  1-4 EEL =      5328.1123  VDWAALS    =     10244.7607
 EELEC  =   -104990.9066  EHBOND  =         0.0000  RESTRAINT  =       212.1021
 EAMBER (non-restraint)  =    -84972.4777
 EKCMT  =      7338.6585  VIRIAL  =      7437.4523  VOLUME     =    271820.2250
                                                    Density    =         1.0185
 ------------------------------------------------------------------------------

wrapping first mol.:       23.56970       33.33258       57.73372
wrapping first mol.:       23.56970       33.33258       57.73372

 NSTEP =    24000   TIME(PS) =     688.000  TEMP(K) =   299.13  PRESS =   122.0
 Etot   =    -68065.9067  EKtot   =     16598.6445  EPtot      =    -84664.5512
 BOND   =       479.0595  ANGLE   =      1219.4717  DIHED      =      2067.3747
 1-4 NB =       620.8982  1-4 EEL =      5317.5947  VDWAALS    =      9954.7233
 EELEC  =   -104515.5407  EHBOND  =         0.0000  RESTRAINT  =       191.8673
 EAMBER (non-restraint)  =    -84856.4185
 EKCMT  =      7365.6029  VIRIAL  =      6648.4763  VOLUME     =    272144.1208
                                                    Density    =         1.0172
 ------------------------------------------------------------------------------

wrapping first mol.:       23.58082       33.34832       57.76097
wrapping first mol.:       23.58082       33.34832       57.76097

 NSTEP =    24500   TIME(PS) =     689.000  TEMP(K) =   305.24  PRESS =  -134.5
 Etot   =    -67856.0228  EKtot   =     16937.8398  EPtot      =    -84793.8626
 BOND   =       496.1734  ANGLE   =      1303.5230  DIHED      =      2064.6703
 1-4 NB =       614.1916  1-4 EEL =      5286.2891  VDWAALS    =     10029.2493
 EELEC  =   -104805.7995  EHBOND  =         0.0000  RESTRAINT  =       217.8403
 EAMBER (non-restraint)  =    -85011.7029
 EKCMT  =      7448.6619  VIRIAL  =      8240.2717  VOLUME     =    272535.9116
                                                    Density    =         1.0158
 ------------------------------------------------------------------------------

wrapping first mol.:       23.57565       33.34101       57.74832
wrapping first mol.:       23.57565       33.34101       57.74832

 NSTEP =    25000   TIME(PS) =     690.000  TEMP(K) =   299.16  PRESS =   154.2
 Etot   =    -68098.6279  EKtot   =     16599.9395  EPtot      =    -84698.5674
 BOND   =       473.0755  ANGLE   =      1268.5858  DIHED      =      2097.5200
 1-4 NB =       605.8879  1-4 EEL =      5302.6266  VDWAALS    =     10089.5802
 EELEC  =   -104749.1417  EHBOND  =         0.0000  RESTRAINT  =       213.2983
 EAMBER (non-restraint)  =    -84911.8657
 EKCMT  =      7458.6009  VIRIAL  =      6551.9215  VOLUME     =    272349.7850
                                                    Density    =         1.0165
 ------------------------------------------------------------------------------

wrapping first mol.:       23.57428       33.33907       57.74496
wrapping first mol.:       23.57428       33.33907       57.74496

 NSTEP =    25500   TIME(PS) =     691.000  TEMP(K) =   299.51  PRESS =   -59.8
 Etot   =    -68078.7401  EKtot   =     16619.5508  EPtot      =    -84698.2909
 BOND   =       495.9889  ANGLE   =      1224.9289  DIHED      =      2089.9380
 1-4 NB =       619.0139  1-4 EEL =      5305.7639  VDWAALS    =      9939.3811
 EELEC  =   -104587.6524  EHBOND  =         0.0000  RESTRAINT  =       214.3468
 EAMBER (non-restraint)  =    -84912.6377
 EKCMT  =      7374.8393  VIRIAL  =      7726.6504  VOLUME     =    272307.4226
                                                    Density    =         1.0166
 ------------------------------------------------------------------------------

wrapping first mol.:       23.56017       33.31911       57.71038
wrapping first mol.:       23.56017       33.31911       57.71038

 NSTEP =    26000   TIME(PS) =     692.000  TEMP(K) =   298.26  PRESS =   -13.6
 Etot   =    -68041.6998  EKtot   =     16550.4297  EPtot      =    -84592.1295
 BOND   =       478.7264  ANGLE   =      1269.3734  DIHED      =      2078.7090
 1-4 NB =       617.0448  1-4 EEL =      5306.7934  VDWAALS    =     10131.8212
 EELEC  =   -104657.9342  EHBOND  =         0.0000  RESTRAINT  =       183.3365
 EAMBER (non-restraint)  =    -84775.4659
 EKCMT  =      7360.3162  VIRIAL  =      7440.2538  VOLUME     =    271817.4939
                                                    Density    =         1.0185
 ------------------------------------------------------------------------------

wrapping first mol.:       23.55893       33.31735       57.70735
wrapping first mol.:       23.55893       33.31735       57.70735

 NSTEP =    26500   TIME(PS) =     693.000  TEMP(K) =   298.88  PRESS =  -249.3
 Etot   =    -68295.1769  EKtot   =     16584.8281  EPtot      =    -84880.0050
 BOND   =       490.1582  ANGLE   =      1252.3029  DIHED      =      2063.2703
 1-4 NB =       603.9336  1-4 EEL =      5301.4620  VDWAALS    =     10040.6996
 EELEC  =   -104844.2891  EHBOND  =         0.0000  RESTRAINT  =       212.4576
 EAMBER (non-restraint)  =    -85092.4626
 EKCMT  =      7373.1725  VIRIAL  =      8836.0304  VOLUME     =    271780.2796
                                                    Density    =         1.0186
 ------------------------------------------------------------------------------

wrapping first mol.:       23.56229       33.32211       57.71559
wrapping first mol.:       23.56229       33.32211       57.71559

 NSTEP =    27000   TIME(PS) =     694.000  TEMP(K) =   298.60  PRESS =    55.3
 Etot   =    -68325.3673  EKtot   =     16569.2051  EPtot      =    -84894.5723
 BOND   =       484.6168  ANGLE   =      1262.4788  DIHED      =      2064.5358
 1-4 NB =       618.4156  1-4 EEL =      5284.0792  VDWAALS    =     10057.8083
 EELEC  =   -104869.9279  EHBOND  =         0.0000  RESTRAINT  =       203.4211
 EAMBER (non-restraint)  =    -85097.9934
 EKCMT  =      7402.2697  VIRIAL  =      7077.3480  VOLUME     =    271889.3354
                                                    Density    =         1.0182
 ------------------------------------------------------------------------------

wrapping first mol.:       23.55908       33.31756       57.70771
wrapping first mol.:       23.55908       33.31756       57.70771

 NSTEP =    27500   TIME(PS) =     695.000  TEMP(K) =   302.70  PRESS =  -216.2
 Etot   =    -68272.7613  EKtot   =     16796.4922  EPtot      =    -85069.2535
 BOND   =       508.1404  ANGLE   =      1241.1046  DIHED      =      2059.7473
 1-4 NB =       616.2075  1-4 EEL =      5288.8814  VDWAALS    =     10126.2405
 EELEC  =   -105129.4527  EHBOND  =         0.0000  RESTRAINT  =       219.8775
 EAMBER (non-restraint)  =    -85289.1310
 EKCMT  =      7419.4154  VIRIAL  =      8688.1018  VOLUME     =    271784.5776
                                                    Density    =         1.0186
 ------------------------------------------------------------------------------

wrapping first mol.:       23.55116       33.30637       57.68832
wrapping first mol.:       23.55116       33.30637       57.68832

 NSTEP =    28000   TIME(PS) =     696.000  TEMP(K) =   299.08  PRESS =   215.2
 Etot   =    -68064.5469  EKtot   =     16595.6270  EPtot      =    -84660.1739
 BOND   =       480.4604  ANGLE   =      1220.2505  DIHED      =      2059.4535
 1-4 NB =       611.9551  1-4 EEL =      5314.3326  VDWAALS    =     10289.3684
 EELEC  =   -104836.7886  EHBOND  =         0.0000  RESTRAINT  =       200.7940
 EAMBER (non-restraint)  =    -84860.9679
 EKCMT  =      7291.0254  VIRIAL  =      6029.7061  VOLUME     =    271500.3797
                                                    Density    =         1.0197
 ------------------------------------------------------------------------------

wrapping first mol.:       23.53480       33.28324       57.64825
wrapping first mol.:       23.53480       33.28324       57.64825

 NSTEP =    28500   TIME(PS) =     697.000  TEMP(K) =   302.35  PRESS =   -80.7
 Etot   =    -67765.4426  EKtot   =     16777.3945  EPtot      =    -84542.8372
 BOND   =       468.0261  ANGLE   =      1235.0557  DIHED      =      2097.0897
 1-4 NB =       600.9746  1-4 EEL =      5284.8603  VDWAALS    =      9885.5949
 EELEC  =   -104333.0097  EHBOND  =         0.0000  RESTRAINT  =       218.5713
 EAMBER (non-restraint)  =    -84761.4084
 EKCMT  =      7387.6933  VIRIAL  =      7860.0777  VOLUME     =    270942.1807
                                                    Density    =         1.0218
 ------------------------------------------------------------------------------

wrapping first mol.:       23.52744       33.27283       57.63022
wrapping first mol.:       23.52744       33.27283       57.63022

 NSTEP =    29000   TIME(PS) =     698.000  TEMP(K) =   298.89  PRESS =   125.2
 Etot   =    -68289.6252  EKtot   =     16585.0586  EPtot      =    -84874.6838
 BOND   =       544.4649  ANGLE   =      1262.7476  DIHED      =      2060.6435
 1-4 NB =       610.0860  1-4 EEL =      5231.3556  VDWAALS    =     10076.0497
 EELEC  =   -104877.6877  EHBOND  =         0.0000  RESTRAINT  =       217.6566
 EAMBER (non-restraint)  =    -85092.3403
 EKCMT  =      7282.6209  VIRIAL  =      6551.0679  VOLUME     =    270683.0373
                                                    Density    =         1.0227
 ------------------------------------------------------------------------------

wrapping first mol.:       23.54389       33.29608       57.67050
wrapping first mol.:       23.54389       33.29608       57.67050

 NSTEP =    29500   TIME(PS) =     699.000  TEMP(K) =   300.48  PRESS =   101.1
 Etot   =    -68019.7391  EKtot   =     16673.6465  EPtot      =    -84693.3856
 BOND   =       509.5860  ANGLE   =      1253.6153  DIHED      =      2070.9781
 1-4 NB =       619.9442  1-4 EEL =      5280.9331  VDWAALS    =     10125.4454
 EELEC  =   -104768.0955  EHBOND  =         0.0000  RESTRAINT  =       214.2077
 EAMBER (non-restraint)  =    -84907.5933
 EKCMT  =      7358.7113  VIRIAL  =      6766.7566  VOLUME     =    271251.5458
                                                    Density    =         1.0206
 ------------------------------------------------------------------------------

wrapping first mol.:       23.55779       33.31574       57.70455
wrapping first mol.:       23.55779       33.31574       57.70455

 NSTEP =    30000   TIME(PS) =     700.000  TEMP(K) =   299.71  PRESS =   117.8
 Etot   =    -68184.0698  EKtot   =     16630.9258  EPtot      =    -84814.9955
 BOND   =       488.1930  ANGLE   =      1257.5097  DIHED      =      2064.4571
 1-4 NB =       608.1407  1-4 EEL =      5301.1841  VDWAALS    =     10081.8875
 EELEC  =   -104830.2292  EHBOND  =         0.0000  RESTRAINT  =       213.8617
 EAMBER (non-restraint)  =    -85028.8572
 EKCMT  =      7328.8731  VIRIAL  =      6637.8719  VOLUME     =    271731.9309
                                                    Density    =         1.0188
 ------------------------------------------------------------------------------

wrapping first mol.:       23.55262       33.30843       57.69189
wrapping first mol.:       23.55262       33.30843       57.69189

 NSTEP =    30500   TIME(PS) =     701.000  TEMP(K) =   300.40  PRESS =   146.9
 Etot   =    -67934.9779  EKtot   =     16669.2148  EPtot      =    -84604.1928
 BOND   =       463.1419  ANGLE   =      1244.3283  DIHED      =      2081.4051
 1-4 NB =       612.6254  1-4 EEL =      5304.8662  VDWAALS    =     10180.3722
 EELEC  =   -104692.8927  EHBOND  =         0.0000  RESTRAINT  =       201.9609
 EAMBER (non-restraint)  =    -84806.1537
 EKCMT  =      7455.5673  VIRIAL  =      6594.4611  VOLUME     =    271552.4204
                                                    Density    =         1.0195
 ------------------------------------------------------------------------------

wrapping first mol.:       23.54966       33.30425       57.68465
wrapping first mol.:       23.54966       33.30425       57.68465

 NSTEP =    31000   TIME(PS) =     702.000  TEMP(K) =   300.94  PRESS =   -49.9
 Etot   =    -68033.9472  EKtot   =     16698.8516  EPtot      =    -84732.7988
 BOND   =       517.7795  ANGLE   =      1221.3540  DIHED      =      2086.7837
 1-4 NB =       607.7253  1-4 EEL =      5312.3699  VDWAALS    =     10014.6789
 EELEC  =   -104712.8573  EHBOND  =         0.0000  RESTRAINT  =       219.3672
 EAMBER (non-restraint)  =    -84952.1660
 EKCMT  =      7307.3093  VIRIAL  =      7599.9776  VOLUME     =    271454.9050
                                                    Density    =         1.0198
 ------------------------------------------------------------------------------

wrapping first mol.:       23.54593       33.29897       57.67551
wrapping first mol.:       23.54593       33.29897       57.67551

 NSTEP =    31500   TIME(PS) =     703.000  TEMP(K) =   299.52  PRESS =   -16.3
 Etot   =    -68284.1367  EKtot   =     16620.4277  EPtot      =    -84904.5645
 BOND   =       462.8197  ANGLE   =      1271.6535  DIHED      =      2061.8556
 1-4 NB =       611.4489  1-4 EEL =      5293.1208  VDWAALS    =      9948.6514
 EELEC  =   -104773.1528  EHBOND  =         0.0000  RESTRAINT  =       219.0383
 EAMBER (non-restraint)  =    -85123.6028
 EKCMT  =      7266.0038  VIRIAL  =      7361.5926  VOLUME     =    271325.0586
                                                    Density    =         1.0203
 ------------------------------------------------------------------------------

wrapping first mol.:       23.54670       33.30007       57.67740
wrapping first mol.:       23.54670       33.30007       57.67740

 NSTEP =    32000   TIME(PS) =     704.000  TEMP(K) =   301.33  PRESS =  -197.5
 Etot   =    -68120.4408  EKtot   =     16720.8809  EPtot      =    -84841.3217
 BOND   =       522.6898  ANGLE   =      1216.8340  DIHED      =      2080.2574
 1-4 NB =       605.6669  1-4 EEL =      5289.9223  VDWAALS    =      9747.2128
 EELEC  =   -104518.3609  EHBOND  =         0.0000  RESTRAINT  =       214.4561
 EAMBER (non-restraint)  =    -85055.7778
 EKCMT  =      7368.3277  VIRIAL  =      8525.7520  VOLUME     =    271356.1706
                                                    Density    =         1.0202
 ------------------------------------------------------------------------------

wrapping first mol.:       23.54538       33.29820       57.67417
wrapping first mol.:       23.54538       33.29820       57.67417

 NSTEP =    32500   TIME(PS) =     705.000  TEMP(K) =   298.08  PRESS =    62.2
 Etot   =    -68304.3990  EKtot   =     16540.0332  EPtot      =    -84844.4322
 BOND   =       485.7265  ANGLE   =      1264.6016  DIHED      =      2071.7590
 1-4 NB =       611.5443  1-4 EEL =      5270.5627  VDWAALS    =     10235.5990
 EELEC  =   -105005.6152  EHBOND  =         0.0000  RESTRAINT  =       221.3898
 EAMBER (non-restraint)  =    -85065.8221
 EKCMT  =      7346.4921  VIRIAL  =      6982.1486  VOLUME     =    271304.2971
                                                    Density    =         1.0204
 ------------------------------------------------------------------------------

wrapping first mol.:       23.56675       33.32841       57.72649
wrapping first mol.:       23.56675       33.32841       57.72649

 NSTEP =    33000   TIME(PS) =     706.000  TEMP(K) =   302.58  PRESS =    25.5
 Etot   =    -68019.5073  EKtot   =     16790.1543  EPtot      =    -84809.6616
 BOND   =       484.7532  ANGLE   =      1286.8360  DIHED      =      2075.3624
 1-4 NB =       606.9425  1-4 EEL =      5257.2967  VDWAALS    =     10090.5355
 EELEC  =   -104828.9060  EHBOND  =         0.0000  RESTRAINT  =       217.5182
 EAMBER (non-restraint)  =    -85027.1798
 EKCMT  =      7400.4643  VIRIAL  =      7250.5505  VOLUME     =    272044.2589
                                                    Density    =         1.0176
 ------------------------------------------------------------------------------

wrapping first mol.:       23.57629       33.34191       57.74987
wrapping first mol.:       23.57629       33.34191       57.74987

 NSTEP =    33500   TIME(PS) =     707.000  TEMP(K) =   296.31  PRESS =    18.0
 Etot   =    -67906.3435  EKtot   =     16442.2031  EPtot      =    -84348.5466
 BOND   =       511.9111  ANGLE   =      1285.4426  DIHED      =      2069.6369
 1-4 NB =       612.9338  1-4 EEL =      5261.6334  VDWAALS    =      9981.0115
 EELEC  =   -104271.2282  EHBOND  =         0.0000  RESTRAINT  =       200.1122
 EAMBER (non-restraint)  =    -84548.6588
 EKCMT  =      7300.5590  VIRIAL  =      7194.9272  VOLUME     =    272375.0728
                                                    Density    =         1.0164
 ------------------------------------------------------------------------------

wrapping first mol.:       23.57522       33.34040       57.74726
wrapping first mol.:       23.57522       33.34040       57.74726

 NSTEP =    34000   TIME(PS) =     708.000  TEMP(K) =   300.62  PRESS =  -144.2
 Etot   =    -68081.4877  EKtot   =     16681.3242  EPtot      =    -84762.8120
 BOND   =       487.4610  ANGLE   =      1265.4620  DIHED      =      2072.0288
 1-4 NB =       622.0197  1-4 EEL =      5291.2193  VDWAALS    =     10032.9452
 EELEC  =   -104731.5955  EHBOND  =         0.0000  RESTRAINT  =       197.6475
 EAMBER (non-restraint)  =    -84960.4595
 EKCMT  =      7330.0316  VIRIAL  =      8177.8606  VOLUME     =    272342.0441
                                                    Density    =         1.0165
 ------------------------------------------------------------------------------

wrapping first mol.:       23.56310       33.32325       57.71755
wrapping first mol.:       23.56310       33.32325       57.71755

 NSTEP =    34500   TIME(PS) =     709.000  TEMP(K) =   299.40  PRESS =     5.3
 Etot   =    -67994.4808  EKtot   =     16613.2383  EPtot      =    -84607.7191
 BOND   =       512.7770  ANGLE   =      1247.1269  DIHED      =      2062.1317
 1-4 NB =       619.3065  1-4 EEL =      5272.5685  VDWAALS    =     10077.1967
 EELEC  =   -104593.5488  EHBOND  =         0.0000  RESTRAINT  =       194.7224
 EAMBER (non-restraint)  =    -84802.4415
 EKCMT  =      7393.3962  VIRIAL  =      7362.3497  VOLUME     =    271918.3668
                                                    Density    =         1.0181
 ------------------------------------------------------------------------------

wrapping first mol.:       23.55927       33.31784       57.70819
wrapping first mol.:       23.55927       33.31784       57.70819

 NSTEP =    35000   TIME(PS) =     710.000  TEMP(K) =   300.90  PRESS =    13.6
 Etot   =    -67959.9910  EKtot   =     16696.7422  EPtot      =    -84656.7332
 BOND   =       516.7325  ANGLE   =      1261.7574  DIHED      =      2088.0165
 1-4 NB =       613.6895  1-4 EEL =      5259.8656  VDWAALS    =     10059.7367
 EELEC  =   -104662.1665  EHBOND  =         0.0000  RESTRAINT  =       205.6351
 EAMBER (non-restraint)  =    -84862.3683
 EKCMT  =      7462.0102  VIRIAL  =      7382.3658  VOLUME     =    271785.8315
                                                    Density    =         1.0186
 ------------------------------------------------------------------------------

wrapping first mol.:       23.57491       33.33995       57.74649
wrapping first mol.:       23.57491       33.33995       57.74649

 NSTEP =    35500   TIME(PS) =     711.000  TEMP(K) =   301.22  PRESS =   102.3
 Etot   =    -68041.3728  EKtot   =     16714.6289  EPtot      =    -84756.0017
 BOND   =       487.7132  ANGLE   =      1227.3868  DIHED      =      2057.5852
 1-4 NB =       618.0210  1-4 EEL =      5322.8314  VDWAALS    =     10157.0836
 EELEC  =   -104844.2141  EHBOND  =         0.0000  RESTRAINT  =       217.5911
 EAMBER (non-restraint)  =    -84973.5929
 EKCMT  =      7429.9997  VIRIAL  =      6828.2630  VOLUME     =    272325.1625
                                                    Density    =         1.0166
 ------------------------------------------------------------------------------

wrapping first mol.:       23.57784       33.34410       57.75367
wrapping first mol.:       23.57784       33.34410       57.75367

 NSTEP =    36000   TIME(PS) =     712.000  TEMP(K) =   299.77  PRESS =    99.2
 Etot   =    -67943.5598  EKtot   =     16633.9219  EPtot      =    -84577.4817
 BOND   =       479.7148  ANGLE   =      1269.4762  DIHED      =      2061.5737
 1-4 NB =       622.4958  1-4 EEL =      5270.1908  VDWAALS    =     10307.8016
 EELEC  =   -104809.6135  EHBOND  =         0.0000  RESTRAINT  =       220.8790
 EAMBER (non-restraint)  =    -84798.3607
 EKCMT  =      7354.8987  VIRIAL  =      6771.2350  VOLUME     =    272426.8073
                                                    Density    =         1.0162
 ------------------------------------------------------------------------------

wrapping first mol.:       23.57074       33.33405       57.73627
wrapping first mol.:       23.57074       33.33405       57.73627

 NSTEP =    36500   TIME(PS) =     713.000  TEMP(K) =   298.76  PRESS =  -152.7
 Etot   =    -68039.9925  EKtot   =     16578.0449  EPtot      =    -84618.0374
 BOND   =       506.3738  ANGLE   =      1304.1301  DIHED      =      2110.2883
 1-4 NB =       619.8522  1-4 EEL =      5258.2519  VDWAALS    =      9956.8019
 EELEC  =   -104571.9747  EHBOND  =         0.0000  RESTRAINT  =       198.2391
 EAMBER (non-restraint)  =    -84816.2765
 EKCMT  =      7429.3454  VIRIAL  =      8326.6114  VOLUME     =    272186.8231
                                                    Density    =         1.0171
 ------------------------------------------------------------------------------

wrapping first mol.:       23.56074       33.31992       57.71178
wrapping first mol.:       23.56074       33.31992       57.71178

 NSTEP =    37000   TIME(PS) =     714.000  TEMP(K) =   301.20  PRESS =    -0.5
 Etot   =    -68029.6300  EKtot   =     16713.2598  EPtot      =    -84742.8897
 BOND   =       496.6533  ANGLE   =      1257.2466  DIHED      =      2098.7785
 1-4 NB =       625.1435  1-4 EEL =      5324.3280  VDWAALS    =      9997.9861
 EELEC  =   -104749.9946  EHBOND  =         0.0000  RESTRAINT  =       206.9688
 EAMBER (non-restraint)  =    -84949.8585
 EKCMT  =      7395.6595  VIRIAL  =      7398.5835  VOLUME     =    271836.9369
                                                    Density    =         1.0184
 ------------------------------------------------------------------------------

wrapping first mol.:       23.57414       33.33886       57.74460
wrapping first mol.:       23.57414       33.33886       57.74460

 NSTEP =    37500   TIME(PS) =     715.000  TEMP(K) =   301.13  PRESS =    39.4
 Etot   =    -67811.7484  EKtot   =     16709.7207  EPtot      =    -84521.4691
 BOND   =       479.0252  ANGLE   =      1287.6624  DIHED      =      2082.7075
 1-4 NB =       606.9927  1-4 EEL =      5304.6624  VDWAALS    =      9925.5582
 EELEC  =   -104426.0481  EHBOND  =         0.0000  RESTRAINT  =       217.9706
 EAMBER (non-restraint)  =    -84739.4397
 EKCMT  =      7349.0893  VIRIAL  =      7117.3315  VOLUME     =    272299.9686
                                                    Density    =         1.0167
 ------------------------------------------------------------------------------

wrapping first mol.:       23.56094       33.32021       57.71228
wrapping first mol.:       23.56094       33.32021       57.71228

 NSTEP =    38000   TIME(PS) =     716.000  TEMP(K) =   298.64  PRESS =    33.7
 Etot   =    -68237.8901  EKtot   =     16571.1660  EPtot      =    -84809.0562
 BOND   =       464.7280  ANGLE   =      1279.7091  DIHED      =      2048.9320
 1-4 NB =       603.3031  1-4 EEL =      5282.2488  VDWAALS    =     10101.9629
 EELEC  =   -104793.9415  EHBOND  =         0.0000  RESTRAINT  =       204.0014
 EAMBER (non-restraint)  =    -85013.0575
 EKCMT  =      7239.4099  VIRIAL  =      7041.7917  VOLUME     =    271843.2030
                                                    Density    =         1.0184
 ------------------------------------------------------------------------------

wrapping first mol.:       23.55940       33.31802       57.70850
wrapping first mol.:       23.55940       33.31802       57.70850

 NSTEP =    38500   TIME(PS) =     717.000  TEMP(K) =   298.00  PRESS =  -198.0
 Etot   =    -68282.7173  EKtot   =     16536.0742  EPtot      =    -84818.7915
 BOND   =       479.4395  ANGLE   =      1213.1803  DIHED      =      2079.4759
 1-4 NB =       617.8007  1-4 EEL =      5270.5155  VDWAALS    =     10016.0296
 EELEC  =   -104701.7766  EHBOND  =         0.0000  RESTRAINT  =       206.5434
 EAMBER (non-restraint)  =    -85025.3349
 EKCMT  =      7278.3160  VIRIAL  =      8440.2243  VOLUME     =    271795.3610
                                                    Density    =         1.0186
 ------------------------------------------------------------------------------

wrapping first mol.:       23.54845       33.30254       57.68168
wrapping first mol.:       23.54845       33.30254       57.68168

 NSTEP =    39000   TIME(PS) =     718.000  TEMP(K) =   302.27  PRESS =   -87.1
 Etot   =    -68054.1452  EKtot   =     16772.9336  EPtot      =    -84827.0788
 BOND   =       485.5291  ANGLE   =      1289.1659  DIHED      =      2082.7362
 1-4 NB =       597.1328  1-4 EEL =      5256.4928  VDWAALS    =     10026.8441
 EELEC  =   -104787.2738  EHBOND  =         0.0000  RESTRAINT  =       222.2941
 EAMBER (non-restraint)  =    -85049.3729
 EKCMT  =      7418.5885  VIRIAL  =      7928.9099  VOLUME     =    271413.9031
                                                    Density    =         1.0200
 ------------------------------------------------------------------------------

wrapping first mol.:       23.55506       33.31189       57.69788
wrapping first mol.:       23.55506       33.31189       57.69788

 NSTEP =    39500   TIME(PS) =     719.000  TEMP(K) =   298.04  PRESS =    57.9
 Etot   =    -68289.2117  EKtot   =     16538.2324  EPtot      =    -84827.4442
 BOND   =       468.1727  ANGLE   =      1235.0625  DIHED      =      2080.9829
 1-4 NB =       620.4031  1-4 EEL =      5320.9062  VDWAALS    =     10102.9155
 EELEC  =   -104876.5998  EHBOND  =         0.0000  RESTRAINT  =       220.7127
 EAMBER (non-restraint)  =    -85048.1569
 EKCMT  =      7391.8203  VIRIAL  =      7052.3751  VOLUME     =    271639.0753
                                                    Density    =         1.0191
 ------------------------------------------------------------------------------

wrapping first mol.:       23.57613       33.34168       57.74947
wrapping first mol.:       23.57613       33.34168       57.74947

 NSTEP =    40000   TIME(PS) =     720.000  TEMP(K) =   301.63  PRESS =   -74.9
 Etot   =    -68003.5898  EKtot   =     16737.4141  EPtot      =    -84741.0039
 BOND   =       511.4091  ANGLE   =      1236.6238  DIHED      =      2069.6467
 1-4 NB =       603.7309  1-4 EEL =      5297.2304  VDWAALS    =     10054.4689
 EELEC  =   -104723.7771  EHBOND  =         0.0000  RESTRAINT  =       209.6634
 EAMBER (non-restraint)  =    -84950.6673
 EKCMT  =      7343.2469  VIRIAL  =      7783.8460  VOLUME     =    272371.6938
                                                    Density    =         1.0164
 ------------------------------------------------------------------------------

wrapping first mol.:       23.58596       33.35558       57.77355
wrapping first mol.:       23.58596       33.35558       57.77355

 NSTEP =    40500   TIME(PS) =     721.000  TEMP(K) =   300.72  PRESS =     5.0
 Etot   =    -67787.0793  EKtot   =     16686.6719  EPtot      =    -84473.7512
 BOND   =       483.1374  ANGLE   =      1249.7121  DIHED      =      2082.8442
 1-4 NB =       609.9068  1-4 EEL =      5331.1675  VDWAALS    =      9992.8093
 EELEC  =   -104439.8553  EHBOND  =         0.0000  RESTRAINT  =       216.5268
 EAMBER (non-restraint)  =    -84690.2779
 EKCMT  =      7342.0305  VIRIAL  =      7312.5069  VOLUME     =    272710.6159
                                                    Density    =         1.0151
 ------------------------------------------------------------------------------

wrapping first mol.:       23.58578       33.35533       57.77312
wrapping first mol.:       23.58578       33.35533       57.77312

 NSTEP =    41000   TIME(PS) =     722.000  TEMP(K) =   302.24  PRESS =    60.7
 Etot   =    -67928.4676  EKtot   =     16771.3594  EPtot      =    -84699.8270
 BOND   =       494.6621  ANGLE   =      1294.9850  DIHED      =      2094.4282
 1-4 NB =       611.6368  1-4 EEL =      5262.6650  VDWAALS    =     10058.3747
 EELEC  =   -104740.4269  EHBOND  =         0.0000  RESTRAINT  =       223.8481
 EAMBER (non-restraint)  =    -84923.6751
 EKCMT  =      7415.5480  VIRIAL  =      7058.4122  VOLUME     =    272703.1325
                                                    Density    =         1.0152
 ------------------------------------------------------------------------------

wrapping first mol.:       23.58589       33.35548       57.77338
wrapping first mol.:       23.58589       33.35548       57.77338

 NSTEP =    41500   TIME(PS) =     723.000  TEMP(K) =   302.47  PRESS =  -331.4
 Etot   =    -67844.6939  EKtot   =     16784.0312  EPtot      =    -84628.7251
 BOND   =       509.9510  ANGLE   =      1249.8405  DIHED      =      2068.3061
 1-4 NB =       604.2562  1-4 EEL =      5272.3210  VDWAALS    =      9990.1236
 EELEC  =   -104538.9232  EHBOND  =         0.0000  RESTRAINT  =       215.3997
 EAMBER (non-restraint)  =    -84844.1248
 EKCMT  =      7422.6487  VIRIAL  =      9373.7479  VOLUME     =    272716.3341
                                                    Density    =         1.0151
 ------------------------------------------------------------------------------

wrapping first mol.:       23.58893       33.35978       57.78084
wrapping first mol.:       23.58893       33.35978       57.78084

 NSTEP =    42000   TIME(PS) =     724.000  TEMP(K) =   302.63  PRESS =  -227.3
 Etot   =    -67859.2097  EKtot   =     16792.4648  EPtot      =    -84651.6745
 BOND   =       512.5679  ANGLE   =      1219.4223  DIHED      =      2078.6038
 1-4 NB =       618.8680  1-4 EEL =      5291.7804  VDWAALS    =     10020.9384
 EELEC  =   -104609.5205  EHBOND  =         0.0000  RESTRAINT  =       215.6652
 EAMBER (non-restraint)  =    -84867.3397
 EKCMT  =      7430.2841  VIRIAL  =      8769.4207  VOLUME     =    272819.4237
                                                    Density    =         1.0147
 ------------------------------------------------------------------------------

wrapping first mol.:       23.58299       33.35138       57.76629
wrapping first mol.:       23.58299       33.35138       57.76629

 NSTEP =    42500   TIME(PS) =     725.000  TEMP(K) =   298.56  PRESS =     8.6
 Etot   =    -68250.2626  EKtot   =     16566.9531  EPtot      =    -84817.2158
 BOND   =       522.4603  ANGLE   =      1237.2674  DIHED      =      2042.6871
 1-4 NB =       628.8480  1-4 EEL =      5310.1460  VDWAALS    =     10160.0102
 EELEC  =   -104909.5267  EHBOND  =         0.0000  RESTRAINT  =       190.8921
 EAMBER (non-restraint)  =    -85008.1078
 EKCMT  =      7345.8177  VIRIAL  =      7295.0082  VOLUME     =    272607.6139
                                                    Density    =         1.0155
 ------------------------------------------------------------------------------

wrapping first mol.:       23.58241       33.35056       57.76486
wrapping first mol.:       23.58241       33.35056       57.76486

 NSTEP =    43000   TIME(PS) =     726.000  TEMP(K) =   302.27  PRESS =   133.7
 Etot   =    -67768.9608  EKtot   =     16772.8828  EPtot      =    -84541.8436
 BOND   =       501.3887  ANGLE   =      1256.8045  DIHED      =      2095.2558
 1-4 NB =       604.5262  1-4 EEL =      5288.7306  VDWAALS    =     10028.0541
 EELEC  =   -104519.6764  EHBOND  =         0.0000  RESTRAINT  =       203.0728
 EAMBER (non-restraint)  =    -84744.9164
 EKCMT  =      7463.3358  VIRIAL  =      6676.1913  VOLUME     =    272584.4536
                                                    Density    =         1.0156
 ------------------------------------------------------------------------------

wrapping first mol.:       23.56749       33.32946       57.72831
wrapping first mol.:       23.56749       33.32946       57.72831

 NSTEP =    43500   TIME(PS) =     727.000  TEMP(K) =   302.35  PRESS =     8.2
 Etot   =    -67801.1192  EKtot   =     16777.2383  EPtot      =    -84578.3575
 BOND   =       514.7043  ANGLE   =      1226.3074  DIHED      =      2101.8231
 1-4 NB =       599.9276  1-4 EEL =      5304.5479  VDWAALS    =      9965.0205
 EELEC  =   -104506.1575  EHBOND  =         0.0000  RESTRAINT  =       215.4692
 EAMBER (non-restraint)  =    -84793.8267
 EKCMT  =      7370.6672  VIRIAL  =      7322.5481  VOLUME     =    272070.3242
                                                    Density    =         1.0175
 ------------------------------------------------------------------------------

wrapping first mol.:       23.55537       33.31232       57.69863
wrapping first mol.:       23.55537       33.31232       57.69863

 NSTEP =    44000   TIME(PS) =     728.000  TEMP(K) =   302.52  PRESS =   -94.0
 Etot   =    -67762.1500  EKtot   =     16786.4766  EPtot      =    -84548.6266
 BOND   =       571.9766  ANGLE   =      1247.5892  DIHED      =      2067.6274
 1-4 NB =       621.2102  1-4 EEL =      5282.9800  VDWAALS    =      9966.7131
 EELEC  =   -104528.6949  EHBOND  =         0.0000  RESTRAINT  =       221.9718
 EAMBER (non-restraint)  =    -84770.5984
 EKCMT  =      7405.6710  VIRIAL  =      7957.2604  VOLUME     =    271653.3331
                                                    Density    =         1.0191
 ------------------------------------------------------------------------------

wrapping first mol.:       23.57215       33.33605       57.73974
wrapping first mol.:       23.57215       33.33605       57.73974

 NSTEP =    44500   TIME(PS) =     729.000  TEMP(K) =   300.62  PRESS =   119.9
 Etot   =    -67986.1037  EKtot   =     16681.3633  EPtot      =    -84667.4670
 BOND   =       512.2966  ANGLE   =      1274.5828  DIHED      =      2080.5778
 1-4 NB =       623.8001  1-4 EEL =      5297.1181  VDWAALS    =     10334.4514
 EELEC  =   -105013.1572  EHBOND  =         0.0000  RESTRAINT  =       222.8634
 EAMBER (non-restraint)  =    -84890.3304
 EKCMT  =      7483.6496  VIRIAL  =      6778.9525  VOLUME     =    272229.2112
                                                    Density    =         1.0169
 ------------------------------------------------------------------------------

wrapping first mol.:       23.57905       33.34581       57.75663
wrapping first mol.:       23.57905       33.34581       57.75663

 NSTEP =    45000   TIME(PS) =     730.000  TEMP(K) =   301.15  PRESS =  -341.3
 Etot   =    -68027.1602  EKtot   =     16710.5371  EPtot      =    -84737.6973
 BOND   =       505.2907  ANGLE   =      1241.5684  DIHED      =      2055.0420
 1-4 NB =       618.7877  1-4 EEL =      5330.3561  VDWAALS    =      9954.5819
 EELEC  =   -104668.6939  EHBOND  =         0.0000  RESTRAINT  =       225.3697
 EAMBER (non-restraint)  =    -84963.0669
 EKCMT  =      7482.2388  VIRIAL  =      9490.2411  VOLUME     =    272479.4608
                                                    Density    =         1.0160
 ------------------------------------------------------------------------------

wrapping first mol.:       23.58121       33.34887       57.76193
wrapping first mol.:       23.58121       33.34887       57.76193

 NSTEP =    45500   TIME(PS) =     731.000  TEMP(K) =   300.38  PRESS =   218.3
 Etot   =    -67945.4277  EKtot   =     16667.7988  EPtot      =    -84613.2265
 BOND   =       496.1172  ANGLE   =      1244.5682  DIHED      =      2086.3426
 1-4 NB =       611.6509  1-4 EEL =      5289.9179  VDWAALS    =     10348.4424
 EELEC  =   -104908.1699  EHBOND  =         0.0000  RESTRAINT  =       217.9043
 EAMBER (non-restraint)  =    -84831.1308
 EKCMT  =      7389.0879  VIRIAL  =      6104.5964  VOLUME     =    272540.9109
                                                    Density    =         1.0158
 ------------------------------------------------------------------------------

wrapping first mol.:       23.58128       33.34897       57.76210
wrapping first mol.:       23.58128       33.34897       57.76210

 NSTEP =    46000   TIME(PS) =     732.000  TEMP(K) =   298.87  PRESS =    23.3
 Etot   =    -68149.9509  EKtot   =     16583.8867  EPtot      =    -84733.8376
 BOND   =       501.6430  ANGLE   =      1224.4738  DIHED      =      2085.6190
 1-4 NB =       628.9243  1-4 EEL =      5318.1299  VDWAALS    =     10084.6365
 EELEC  =   -104800.6076  EHBOND  =         0.0000  RESTRAINT  =       223.3436
 EAMBER (non-restraint)  =    -84957.1811
 EKCMT  =      7377.6532  VIRIAL  =      7240.8147  VOLUME     =    272548.0124
                                                    Density    =         1.0157
 ------------------------------------------------------------------------------

wrapping first mol.:       23.56326       33.32348       57.71796
wrapping first mol.:       23.56326       33.32348       57.71796

 NSTEP =    46500   TIME(PS) =     733.000  TEMP(K) =   299.14  PRESS =  -105.6
 Etot   =    -67825.2358  EKtot   =     16599.0371  EPtot      =    -84424.2730
 BOND   =       518.1891  ANGLE   =      1205.9954  DIHED      =      2085.6914
 1-4 NB =       630.5018  1-4 EEL =      5314.2497  VDWAALS    =      9709.6052
 EELEC  =   -104104.1365  EHBOND  =         0.0000  RESTRAINT  =       215.6309
 EAMBER (non-restraint)  =    -84639.9039
 EKCMT  =      7346.3387  VIRIAL  =      7966.3395  VOLUME     =    271926.7444
                                                    Density    =         1.0181
 ------------------------------------------------------------------------------

wrapping first mol.:       23.57345       33.33789       57.74292
wrapping first mol.:       23.57345       33.33789       57.74292

 NSTEP =    47000   TIME(PS) =     734.000  TEMP(K) =   300.28  PRESS =    53.5
 Etot   =    -68026.0948  EKtot   =     16662.3789  EPtot      =    -84688.4737
 BOND   =       492.2440  ANGLE   =      1271.3288  DIHED      =      2066.3037
 1-4 NB =       618.7182  1-4 EEL =      5283.7768  VDWAALS    =     10108.4627
 EELEC  =   -104738.9195  EHBOND  =         0.0000  RESTRAINT  =       209.6116
 EAMBER (non-restraint)  =    -84898.0852
 EKCMT  =      7273.3588  VIRIAL  =      6958.7737  VOLUME     =    272275.8195
                                                    Density    =         1.0168
 ------------------------------------------------------------------------------

wrapping first mol.:       23.59453       33.36771       57.79456
wrapping first mol.:       23.59453       33.36771       57.79456

 NSTEP =    47500   TIME(PS) =     735.000  TEMP(K) =   299.79  PRESS =    -1.7
 Etot   =    -67830.1001  EKtot   =     16634.9004  EPtot      =    -84465.0005
 BOND   =       493.3847  ANGLE   =      1265.0849  DIHED      =      2099.5338
 1-4 NB =       630.6740  1-4 EEL =      5270.2098  VDWAALS    =      9890.4943
 EELEC  =   -104314.9095  EHBOND  =         0.0000  RESTRAINT  =       200.5275
 EAMBER (non-restraint)  =    -84665.5280
 EKCMT  =      7390.5673  VIRIAL  =      7400.3898  VOLUME     =    273008.3005
                                                    Density    =         1.0140
 ------------------------------------------------------------------------------

wrapping first mol.:       23.56890       33.33145       57.73177
wrapping first mol.:       23.56890       33.33145       57.73177

 NSTEP =    48000   TIME(PS) =     736.000  TEMP(K) =   301.69  PRESS =    70.6
 Etot   =    -67699.9476  EKtot   =     16740.3770  EPtot      =    -84440.3245
 BOND   =       493.6946  ANGLE   =      1281.6169  DIHED      =      2052.5875
 1-4 NB =       599.2814  1-4 EEL =      5275.3209  VDWAALS    =     10053.7782
 EELEC  =   -104398.4569  EHBOND  =         0.0000  RESTRAINT  =       201.8527
 EAMBER (non-restraint)  =    -84642.1772
 EKCMT  =      7366.1461  VIRIAL  =      6951.6124  VOLUME     =    272117.7032
                                                    Density    =         1.0173
 ------------------------------------------------------------------------------

wrapping first mol.:       23.55762       33.31551       57.70414
wrapping first mol.:       23.55762       33.31551       57.70414

 NSTEP =    48500   TIME(PS) =     737.000  TEMP(K) =   298.72  PRESS =   253.2
 Etot   =    -68113.5391  EKtot   =     16575.8906  EPtot      =    -84689.4297
 BOND   =       496.9590  ANGLE   =      1253.1660  DIHED      =      2093.4171
 1-4 NB =       601.7225  1-4 EEL =      5273.3650  VDWAALS    =     10164.1317
 EELEC  =   -104769.4779  EHBOND  =         0.0000  RESTRAINT  =       197.2870
 EAMBER (non-restraint)  =    -84886.7167
 EKCMT  =      7343.6850  VIRIAL  =      5857.9488  VOLUME     =    271722.8568
                                                    Density    =         1.0188
 ------------------------------------------------------------------------------

wrapping first mol.:       23.56637       33.32788       57.72558
wrapping first mol.:       23.56637       33.32788       57.72558

 NSTEP =    49000   TIME(PS) =     738.000  TEMP(K) =   298.17  PRESS =   -72.8
 Etot   =    -67982.5281  EKtot   =     16545.2441  EPtot      =    -84527.7723
 BOND   =       491.3031  ANGLE   =      1250.0204  DIHED      =      2056.1501
 1-4 NB =       626.3437  1-4 EEL =      5330.4204  VDWAALS    =      9969.5306
 EELEC  =   -104461.7636  EHBOND  =         0.0000  RESTRAINT  =       210.2232
 EAMBER (non-restraint)  =    -84737.9955
 EKCMT  =      7354.9099  VIRIAL  =      7782.4730  VOLUME     =    272033.6449
                                                    Density    =         1.0177
 ------------------------------------------------------------------------------

wrapping first mol.:       23.57505       33.34016       57.74684
wrapping first mol.:       23.57505       33.34016       57.74684

 NSTEP =    49500   TIME(PS) =     739.000  TEMP(K) =   300.45  PRESS =  -261.0
 Etot   =    -68079.3474  EKtot   =     16671.9492  EPtot      =    -84751.2966
 BOND   =       475.8586  ANGLE   =      1236.9610  DIHED      =      2083.8386
 1-4 NB =       627.3075  1-4 EEL =      5316.7960  VDWAALS    =     10064.6293
 EELEC  =   -104756.6945  EHBOND  =         0.0000  RESTRAINT  =       200.0069
 EAMBER (non-restraint)  =    -84951.3035
 EKCMT  =      7361.7895  VIRIAL  =      8896.7429  VOLUME     =    272338.9908
                                                    Density    =         1.0165
 ------------------------------------------------------------------------------

wrapping first mol.:       23.56536       33.32644       57.72309
wrapping first mol.:       23.56536       33.32644       57.72309

 NSTEP =    50000   TIME(PS) =     740.000  TEMP(K) =   300.23  PRESS =   301.0
 Etot   =    -67928.2561  EKtot   =     16659.7891  EPtot      =    -84588.0451
 BOND   =       453.5899  ANGLE   =      1275.4100  DIHED      =      2061.6491
 1-4 NB =       616.0753  1-4 EEL =      5351.0630  VDWAALS    =     10070.9512
 EELEC  =   -104631.3144  EHBOND  =         0.0000  RESTRAINT  =       214.5308
 EAMBER (non-restraint)  =    -84802.5759
 EKCMT  =      7285.8054  VIRIAL  =      5518.2001  VOLUME     =    271989.4513
                                                    Density    =         1.0178
 ------------------------------------------------------------------------------


      A V E R A G E S   O V E R     100 S T E P S


 NSTEP =    50000   TIME(PS) =     740.000  TEMP(K) =   300.16  PRESS =     2.8
 Etot   =    -68005.7847  EKtot   =     16655.7675  EPtot      =    -84661.5522
 BOND   =       494.1407  ANGLE   =      1250.6211  DIHED      =      2077.6600
 1-4 NB =       614.9202  1-4 EEL =      5293.4891  VDWAALS    =     10035.2560
 EELEC  =   -104639.1805  EHBOND  =         0.0000  RESTRAINT  =       211.5412
 EAMBER (non-restraint)  =    -84873.0933
 EKCMT  =      7369.8520  VIRIAL  =      7353.8181  VOLUME     =    272045.9509
                                                    Density    =         1.0176
 ------------------------------------------------------------------------------


      R M S  F L U C T U A T I O N S


 NSTEP =    50000   TIME(PS) =     740.000  TEMP(K) =     1.75  PRESS =   143.2
 Etot   =       167.5256  EKtot   =        97.1152  EPtot      =       139.0097
 BOND   =        19.4214  ANGLE   =        25.6401  DIHED      =        14.6668
 1-4 NB =         8.7315  1-4 EEL =        23.4415  VDWAALS    =       134.5291
 EELEC  =       212.4601  EHBOND  =         0.0000  RESTRAINT  =         8.8911
 EAMBER (non-restraint)  =       130.1186
 EKCMT  =        66.1531  VIRIAL  =       851.2619  VOLUME     =       447.7957
                                                    Density    =         0.0017
 ------------------------------------------------------------------------------

--------------------------------------------------------------------------------
   5.  TIMINGS
--------------------------------------------------------------------------------

|  NonSetup CPU Time in Major Routines:
|
|     Routine           Sec        %
|     ------------------------------
|     Nonbond         159.52   89.96
|     Bond              0.00    0.00
|     Angle             0.00    0.00
|     Dihedral          0.00    0.00
|     Shake             0.31    0.17
|     RunMD            17.46    9.84
|     Other             0.03    0.02
|     ------------------------------
|     Total           177.32

|  PME Nonbond Pairlist CPU Time:
|
|     Routine              Sec        %
|     ---------------------------------
|     Set Up Cit           0.00    0.00
|     Build List           0.00    0.00
|     ---------------------------------
|     Total                0.00    0.00

|  PME Direct Force CPU Time:
|
|     Routine              Sec        %
|     ---------------------------------
|     NonBonded Calc       0.00    0.00
|     Exclude Masked       0.00    0.00
|     Other                0.02    0.01
|     ---------------------------------
|     Total                0.02    0.01

|  PME Reciprocal Force CPU Time:
|
|     Routine              Sec        %
|     ---------------------------------
|     1D bspline           0.00    0.00
|     Grid Charges         0.00    0.00
|     Scalar Sum           0.00    0.00
|     Gradient Sum         0.00    0.00
|     FFT                  0.00    0.00
|     ---------------------------------
|     Total                0.00    0.00

|  Final Performance Info:
|     -----------------------------------------------------
|     Average timings for last   15500 steps:
|     Elapsed(s) =      54.95 Per Step(ms) =       3.55
|         ns/day =      48.74   seconds/ns =    1772.72
|
|     Average timings for all steps:
|     Elapsed(s) =     177.33 Per Step(ms) =       3.55
|         ns/day =      48.72   seconds/ns =    1773.33
|     -----------------------------------------------------

|  Setup CPU time:            0.48 seconds
|  NonSetup CPU time:       177.32 seconds
|  Total CPU time:          177.80 seconds     0.05 hours

|  Setup wall time:           1    seconds
|  NonSetup wall time:      177    seconds
|  Total wall time:         178    seconds     0.05 hours
