
          -------------------------------------------------------
          Amber 16 PMEMD                              2016
          -------------------------------------------------------

| PMEMD implementation of SANDER, Release 16

| Run on 11/15/2016 at 23:31:23

|   Executable path: pmemd
| Working directory: /home/german/exs/run/256l/mhe/m
|          Hostname: Unknown
  [-O]verwriting output

File Assignments:
|   MDIN: min.in                                                                
|  MDOUT: min.out                                                               
| INPCRD: 256l.rst7                                                             
|   PARM: 256l.prmtop                                                           
| RESTRT: m256l.rst7                                                            
|   REFC: 256l.rst7                                                             
|  MDVEL: mdvel                                                                 
|   MDEN: mden                                                                  
|  MDCRD: m256l.crd                                                             
| MDINFO: mdinfo                                                                
|  MDFRC: mdfrc                                                                 


 Here is the input file:

Minimization with Cartesian restraints                                         
&cntrl                                                                         
imin=1,                                                                        
ntmin=1,                                ! Steepest Descent, then Conjugate Grad
ncyc=100,                               ! 100 steps of Steepest Descent        
maxcyc=500,                             ! 400 steps of Conjugate Gradient      
ntpr=5,                                                                        
ntr=1,                                  ! Use restraints                       
restraint_wt=100.0,                     ! 100 Kcal/mol                         
restraintmask=':1-164',                 ! Apply restraints on whole molecule. M
&end                                                                           


Note: ig = -1. Setting random seed to   747588 based on wallclock time in 
      microseconds.
 
 
| Conditional Compilation Defines Used:
| PUBFFT
| BINTRAJ
| EMIL

| Largest sphere to fit in unit cell has radius =    30.151

| New format PARM file being parsed.
| Version =    1.000 Date = 11/06/16 Time = 21:27:50

| Note: 1-4 EEL scale factors are being read from the topology file.

| Note: 1-4 VDW scale factors are being read from the topology file.
| Duplicated    0 dihedrals

| Duplicated    0 dihedrals

--------------------------------------------------------------------------------
   1.  RESOURCE   USE: 
--------------------------------------------------------------------------------

 getting new box info from bottom of inpcrd
 NATOM  =   27265 NTYPES =      17 NBONH =   25948 MBONA  =    1329
 NTHETH =    3021 MTHETA =    1791 NPHIH =    6129 MPHIA  =    5620
 NHPARM =       0 NPARM  =       0 NNB   =   47372 NRES   =    8376
 NBONA  =    1329 NTHETA =    1791 NPHIA =    5620 NUMBND =      69
 NUMANG =     154 NPTRA  =     196 NATYP =      37 NPHB   =       1
 IFBOX  =       2 NMXRS  =      24 IFCAP =       0 NEXTRA =       0
 NCOPY  =       0

| Coordinate Index Table dimensions:    14   14   14
| Direct force subcell size =     5.2753    5.2753    5.2753

     BOX TYPE: TRUNCATED OCTAHEDRON

--------------------------------------------------------------------------------
   2.  CONTROL  DATA  FOR  THE  RUN
--------------------------------------------------------------------------------

default_name                                                                    

General flags:
     imin    =       1, nmropt  =       0

Nature and format of input:
     ntx     =       1, irest   =       0, ntrx    =       1

Nature and format of output:
     ntxo    =       2, ntpr    =       5, ntrx    =       1, ntwr    =       1
     iwrap   =       0, ntwx    =       0, ntwv    =       0, ntwe    =       0
     ioutfm  =       1, ntwprt  =       0, idecomp =       0, rbornstat=      0

Potential function:
     ntf     =       1, ntb     =       1, igb     =       0, nsnb    =      25
     ipol    =       0, gbsa    =       0, iesp    =       0
     dielc   =   1.00000, cut     =   8.00000, intdiel =   1.00000

Frozen or restrained atoms:
     ibelly  =       0, ntr     =       1
     restraint_wt = 100.00000

Energy minimization:
     maxcyc  =     500, ncyc    =     100, ntmin   =       1
     dx0     =   0.01000, drms    =   0.00010

| Intermolecular bonds treatment:
|     no_intermolecular_bonds =       1

| Energy averages sample interval:
|     ene_avg_sampling =       1

Ewald parameters:
     verbose =       0, ew_type =       0, nbflag  =       1, use_pme =       1
     vdwmeth =       1, eedmeth =       1, netfrc  =       0
     Box X =   73.854   Box Y =   73.854   Box Z =   73.854
     Alpha =  109.471   Beta  =  109.471   Gamma =  109.471
     NFFT1 =   80       NFFT2 =   75       NFFT3 =   75
     Cutoff=    8.000   Tol   =0.100E-04
     Ewald Coefficient =  0.34864
     Interpolation order =    4

    LOADING THE CONSTRAINED ATOMS AS GROUPS


   5.  REFERENCE ATOM COORDINATES

  default_name                                                                    
     Mask :1-164; matches  2645 atoms

--------------------------------------------------------------------------------
   3.  ATOMIC COORDINATES AND VELOCITIES
--------------------------------------------------------------------------------

default_name                                                                    
 begin time read from input coords =     0.000 ps

 
 Number of triangulated 3-point waters found:     8204

     Sum of charges from parm topology file =  -0.00000007
     Forcing neutrality...

| Dynamic Memory, Types Used:
| Reals              834347
| Integers           862161

| Nonbonded Pairs Initial Allocation:     4553936

--------------------------------------------------------------------------------
   4.  RESULTS
--------------------------------------------------------------------------------

 ---------------------------------------------------
 APPROXIMATING switch and d/dx switch using CUBIC SPLINE INTERPOLATION
 using   5000.0 points per unit in tabled values
 TESTING RELATIVE ERROR over r ranging from 0.0 to cutoff
| CHECK switch(x): max rel err =   0.2738E-14   at   2.422500
| CHECK d/dx switch(x): max rel err =   0.8332E-11   at   2.782960
 ---------------------------------------------------
|---------------------------------------------------
| APPROXIMATING direct energy using CUBIC SPLINE INTERPOLATION
|  with   50.0 points per unit in tabled values
| Relative Error Limit not exceeded for r .gt.   2.47
| APPROXIMATING direct force using CUBIC SPLINE INTERPOLATION
|  with   50.0 points per unit in tabled values
| Relative Error Limit not exceeded for r .gt.   2.89
|---------------------------------------------------


   NSTEP       ENERGY          RMS            GMAX         NAME    NUMBER
      1      -6.9861E+04     2.6975E+01     1.9903E+03     HB2         8

 BOND    =      252.5929  ANGLE   =      568.9004  DIHED      =     1946.9823
 VDWAALS =    10118.3628  EEL     =   -89548.1666  HBOND      =        0.0000
 1-4 VDW =      949.6174  1-4 EEL =     5850.5571  RESTRAINT  =        0.0000


   NSTEP       ENERGY          RMS            GMAX         NAME    NUMBER
      5      -7.0319E+04     2.2983E+01     1.5482E+03     HB2         8

 BOND    =      246.3624  ANGLE   =      565.4602  DIHED      =     1946.7224
 VDWAALS =     9769.8478  EEL     =   -89646.2101  HBOND      =        0.0000
 1-4 VDW =      948.7131  1-4 EEL =     5849.8748  RESTRAINT  =        0.1692
 EAMBER  =   -70319.2294


   NSTEP       ENERGY          RMS            GMAX         NAME    NUMBER
     10      -7.1347E+04     1.6766E+01     8.5806E+02     HB2         8

 BOND    =      245.3843  ANGLE   =      554.0111  DIHED      =     1945.8365
 VDWAALS =     9101.9739  EEL     =   -89990.1782  HBOND      =        0.0000
 1-4 VDW =      945.9001  1-4 EEL =     5847.4694  RESTRAINT  =        2.1943
 EAMBER  =   -71349.6029


   NSTEP       ENERGY          RMS            GMAX         NAME    NUMBER
     15      -7.3133E+04     1.1347E+01     3.2656E+02     HB2         8

 BOND    =      387.5486  ANGLE   =      521.7586  DIHED      =     1943.2293
 VDWAALS =     8300.0697  EEL     =   -91076.4324  HBOND      =        0.0000
 1-4 VDW =      938.0457  1-4 EEL =     5839.8037  RESTRAINT  =       13.2760
 EAMBER  =   -73145.9768


   NSTEP       ENERGY          RMS            GMAX         NAME    NUMBER
     20      -7.5944E+04     6.6193E+00     1.0064E+02     H2       2881

 BOND    =     1409.1898  ANGLE   =      453.2839  DIHED      =     1937.4456
 VDWAALS =     7481.0774  EEL     =   -94016.8954  HBOND      =        0.0000
 1-4 VDW =      916.8181  1-4 EEL =     5817.2312  RESTRAINT  =       57.6694
 EAMBER  =   -76001.8492


   NSTEP       ENERGY          RMS            GMAX         NAME    NUMBER
     25      -7.9519E+04     3.2030E+00     4.9086E+01     H2       2881

 BOND    =     3888.9235  ANGLE   =      364.7236  DIHED      =     1932.9455
 VDWAALS =     6765.9463  EEL     =   -99300.0840  HBOND      =        0.0000
 1-4 VDW =      872.4535  1-4 EEL =     5757.8389  RESTRAINT  =      198.7499
 EAMBER  =   -79717.2527


   NSTEP       ENERGY          RMS            GMAX         NAME    NUMBER
     30      -8.1317E+04     1.5717E+01     6.6705E+02     CG       1142

 BOND    =     4947.3410  ANGLE   =      432.8848  DIHED      =     1930.4004
 VDWAALS =     6659.0821  EEL     =  -102254.4931  HBOND      =        0.0000
 1-4 VDW =      844.0440  1-4 EEL =     5714.6870  RESTRAINT  =      409.3418
 EAMBER  =   -81726.0538


   NSTEP       ENERGY          RMS            GMAX         NAME    NUMBER
     35      -8.4788E+04     5.4751E+00     1.3173E+02     CG       2027

 BOND    =     5695.8402  ANGLE   =      329.3733  DIHED      =     1929.3331
 VDWAALS =     6641.1645  EEL     =  -106257.1412  HBOND      =        0.0000
 1-4 VDW =      838.3027  1-4 EEL =     5712.4646  RESTRAINT  =      322.6576
 EAMBER  =   -85110.6629


   NSTEP       ENERGY          RMS            GMAX         NAME    NUMBER
     40      -8.5665E+04     6.1171E+00     1.3511E+02     H2      25612

 BOND    =     6137.8416  ANGLE   =      324.0290  DIHED      =     1928.8339
 VDWAALS =     6697.1494  EEL     =  -107629.4853  HBOND      =        0.0000
 1-4 VDW =      837.6475  1-4 EEL =     5711.0276  RESTRAINT  =      327.4852
 EAMBER  =   -85992.9564


   NSTEP       ENERGY          RMS            GMAX         NAME    NUMBER
     45      -8.6448E+04     5.7590E+00     1.2934E+02     H2      25612

 BOND    =     6100.2906  ANGLE   =      323.3103  DIHED      =     1928.5727
 VDWAALS =     6750.7382  EEL     =  -108424.0877  HBOND      =        0.0000
 1-4 VDW =      837.1544  1-4 EEL =     5710.7756  RESTRAINT  =      325.1462
 EAMBER  =   -86773.2458


   NSTEP       ENERGY          RMS            GMAX         NAME    NUMBER
     50      -8.7164E+04     5.8802E+00     1.2916E+02     H2      25612

 BOND    =     6245.6378  ANGLE   =      322.3340  DIHED      =     1928.3165
 VDWAALS =     6816.0265  EEL     =  -109345.7088  HBOND      =        0.0000
 1-4 VDW =      836.7553  1-4 EEL =     5711.0991  RESTRAINT  =      321.8642
 EAMBER  =   -87485.5395


   NSTEP       ENERGY          RMS            GMAX         NAME    NUMBER
     55      -8.7769E+04     6.3195E+00     1.6519E+02     CG       2554

 BOND    =     6420.0366  ANGLE   =      322.7957  DIHED      =     1928.0318
 VDWAALS =     6894.8313  EEL     =  -110211.0877  HBOND      =        0.0000
 1-4 VDW =      836.7619  1-4 EEL =     5710.7889  RESTRAINT  =      328.5005
 EAMBER  =   -88097.8415


   NSTEP       ENERGY          RMS            GMAX         NAME    NUMBER
     60      -8.8735E+04     2.2611E+00     3.5276E+01     H2      25612

 BOND    =     4492.9018  ANGLE   =      319.0613  DIHED      =     1928.0174
 VDWAALS =     6975.7840  EEL     =  -109317.9177  HBOND      =        0.0000
 1-4 VDW =      836.5390  1-4 EEL =     5711.6055  RESTRAINT  =      319.1742
 EAMBER  =   -89054.0087


   NSTEP       ENERGY          RMS            GMAX         NAME    NUMBER
     65      -8.9221E+04     1.6846E+00     2.2071E+01     Cl-      2647

 BOND    =     4653.2004  ANGLE   =      319.3252  DIHED      =     1927.8373
 VDWAALS =     7042.8378  EEL     =  -110030.1770  HBOND      =        0.0000
 1-4 VDW =      836.2322  1-4 EEL =     5711.5408  RESTRAINT  =      318.0069
 EAMBER  =   -89539.2034


   NSTEP       ENERGY          RMS            GMAX         NAME    NUMBER
     70      -8.9676E+04     1.8316E+00     3.9531E+01     CG       1142

 BOND    =     4661.3242  ANGLE   =      318.9280  DIHED      =     1927.6724
 VDWAALS =     7121.9864  EEL     =  -110572.3202  HBOND      =        0.0000
 1-4 VDW =      836.1637  1-4 EEL =     5711.3466  RESTRAINT  =      318.9878
 EAMBER  =   -89994.8989


   NSTEP       ENERGY          RMS            GMAX         NAME    NUMBER
     75      -9.0013E+04     2.9492E+00     5.0296E+01     H2      25612

 BOND    =     4482.6658  ANGLE   =      318.9574  DIHED      =     1927.5655
 VDWAALS =     7199.4045  EEL     =  -110807.0329  HBOND      =        0.0000
 1-4 VDW =      836.0419  1-4 EEL =     5711.4311  RESTRAINT  =      317.5018
 EAMBER  =   -90330.9667


   NSTEP       ENERGY          RMS            GMAX         NAME    NUMBER
     80      -9.0397E+04     3.0710E+00     5.0273E+01     H2      25612

 BOND    =     4499.3082  ANGLE   =      319.3256  DIHED      =     1927.4459
 VDWAALS =     7280.4260  EEL     =  -111286.8038  HBOND      =        0.0000
 1-4 VDW =      835.9034  1-4 EEL =     5711.4546  RESTRAINT  =      316.3803
 EAMBER  =   -90712.9401


   NSTEP       ENERGY          RMS            GMAX         NAME    NUMBER
     85      -9.0734E+04     3.4238E+00     5.3702E+01     H2      25612

 BOND    =     4490.3762  ANGLE   =      318.9553  DIHED      =     1927.3304
 VDWAALS =     7364.8915  EEL     =  -111700.9737  HBOND      =        0.0000
 1-4 VDW =      835.9758  1-4 EEL =     5711.2610  RESTRAINT  =      318.2930
 EAMBER  =   -91052.1836


   NSTEP       ENERGY          RMS            GMAX         NAME    NUMBER
     90      -9.1040E+04     3.2544E+00     5.2328E+01     H2      25612

 BOND    =     4529.5047  ANGLE   =      319.1128  DIHED      =     1927.2313
 VDWAALS =     7435.9249  EEL     =  -112114.8913  HBOND      =        0.0000
 1-4 VDW =      835.7243  1-4 EEL =     5711.3972  RESTRAINT  =      316.2095
 EAMBER  =   -91355.9961


   NSTEP       ENERGY          RMS            GMAX         NAME    NUMBER
     95      -9.1352E+04     3.3330E+00     5.1029E+01     H2      25612

 BOND    =     4549.8859  ANGLE   =      318.9987  DIHED      =     1927.1334
 VDWAALS =     7520.7585  EEL     =  -112532.6796  HBOND      =        0.0000
 1-4 VDW =      835.7464  1-4 EEL =     5711.3124  RESTRAINT  =      316.6867
 EAMBER  =   -91668.8443


   NSTEP       ENERGY          RMS            GMAX         NAME    NUMBER
    100      -9.1744E+04     1.0554E+00     1.9801E+01     Cl-      2653

 BOND    =     5232.8629  ANGLE   =      319.0613  DIHED      =     1927.0060
 VDWAALS =     7593.2567  EEL     =  -113678.9476  HBOND      =        0.0000
 1-4 VDW =      835.3232  1-4 EEL =     5711.2540  RESTRAINT  =      316.4673
 EAMBER  =   -92060.1835


   NSTEP       ENERGY          RMS            GMAX         NAME    NUMBER
    105      -9.1914E+04     1.2280E+00     1.9375E+01     Cl-      2653

 BOND    =     5326.8516  ANGLE   =      319.1334  DIHED      =     1926.9534
 VDWAALS =     7645.2159  EEL     =  -113995.2252  HBOND      =        0.0000
 1-4 VDW =      835.2528  1-4 EEL =     5711.2286  RESTRAINT  =      316.4312
 EAMBER  =   -92230.5894


   NSTEP       ENERGY          RMS            GMAX         NAME    NUMBER
    110      -9.2866E+04     2.8445E+01     3.9519E+03     Cl-      2653

 BOND    =     8023.9605  ANGLE   =      329.5320  DIHED      =     1927.2055
 VDWAALS =    10770.6011  EEL     =  -120787.7271  HBOND      =        0.0000
 1-4 VDW =      836.0526  1-4 EEL =     5709.0204  RESTRAINT  =      325.4554
 EAMBER  =   -93191.3551


   NSTEP       ENERGY          RMS            GMAX         NAME    NUMBER
    115      -9.4840E+04     2.1045E+00     1.0181E+02     NH2      1875

 BOND    =     5688.4455  ANGLE   =      343.4457  DIHED      =     1927.7515
 VDWAALS =     9480.3535  EEL     =  -119174.3789  HBOND      =        0.0000
 1-4 VDW =      835.6540  1-4 EEL =     5705.8958  RESTRAINT  =      353.2755
 EAMBER  =   -95192.8330


   NSTEP       ENERGY          RMS            GMAX         NAME    NUMBER
    120      -9.5501E+04     1.8730E+00     1.3603E+02     HH22     1877

 BOND    =     5526.2870  ANGLE   =      335.2757  DIHED      =     1926.9846
 VDWAALS =     9892.0732  EEL     =  -120075.4605  HBOND      =        0.0000
 1-4 VDW =      838.1049  1-4 EEL =     5718.3816  RESTRAINT  =      337.6777
 EAMBER  =   -95838.3535


   NSTEP       ENERGY          RMS            GMAX         NAME    NUMBER
    125      -9.6149E+04     2.3114E+00     1.0777E+02     NE       1869

 BOND    =     5871.8001  ANGLE   =      337.8345  DIHED      =     1925.7862
 VDWAALS =    10729.8361  EEL     =  -121928.5885  HBOND      =        0.0000
 1-4 VDW =      838.4758  1-4 EEL =     5711.4297  RESTRAINT  =      364.7901
 EAMBER  =   -96513.4262


   NSTEP       ENERGY          RMS            GMAX         NAME    NUMBER
    130      -9.6153E+04     2.2628E+00     1.0600E+02     NE       1869

 BOND    =     5875.0395  ANGLE   =      337.5751  DIHED      =     1925.7801
 VDWAALS =    10729.4480  EEL     =  -121935.1559  HBOND      =        0.0000
 1-4 VDW =      838.4530  1-4 EEL =     5711.4761  RESTRAINT  =      364.3967
 EAMBER  =   -96517.3842


   NSTEP       ENERGY          RMS            GMAX         NAME    NUMBER
    135      -9.6476E+04     1.9601E+00     1.2286E+02     CD       1719

 BOND    =     5893.4673  ANGLE   =      332.9381  DIHED      =     1927.1138
 VDWAALS =    10648.3115  EEL     =  -122152.3778  HBOND      =        0.0000
 1-4 VDW =      835.4466  1-4 EEL =     5713.7131  RESTRAINT  =      325.7912
 EAMBER  =   -96801.3874


   NSTEP       ENERGY          RMS            GMAX         NAME    NUMBER
    140      -9.6771E+04     1.6947E+00     8.5895E+01     HZ1       344

 BOND    =     6058.3515  ANGLE   =      354.8330  DIHED      =     1929.0410
 VDWAALS =    10608.9735  EEL     =  -122650.2682  HBOND      =        0.0000
 1-4 VDW =      833.1868  1-4 EEL =     5705.1184  RESTRAINT  =      389.3146
 EAMBER  =   -97160.7640


   NSTEP       ENERGY          RMS            GMAX         NAME    NUMBER
    145      -9.7307E+04     2.1265E+00     8.9016E+01     H2       2917

 BOND    =     5809.0690  ANGLE   =      331.6518  DIHED      =     1928.3278
 VDWAALS =    10693.5002  EEL     =  -122981.9247  HBOND      =        0.0000
 1-4 VDW =      833.9812  1-4 EEL =     5709.3989  RESTRAINT  =      368.6605
 EAMBER  =   -97675.9957


   NSTEP       ENERGY          RMS            GMAX         NAME    NUMBER
    150      -9.7576E+04     1.8185E+00     1.2138E+02     Cl-      2653

 BOND    =     6017.4161  ANGLE   =      331.1498  DIHED      =     1925.4560
 VDWAALS =    10801.3101  EEL     =  -123529.5095  HBOND      =        0.0000
 1-4 VDW =      835.7703  1-4 EEL =     5708.2616  RESTRAINT  =      334.2195
 EAMBER  =   -97910.1455


   NSTEP       ENERGY          RMS            GMAX         NAME    NUMBER
    155      -9.7581E+04     1.7575E+00     1.1888E+02     Cl-      2653

 BOND    =     6016.0628  ANGLE   =      330.5438  DIHED      =     1925.4486
 VDWAALS =    10800.6573  EEL     =  -123531.5287  HBOND      =        0.0000
 1-4 VDW =      835.7825  1-4 EEL =     5708.2814  RESTRAINT  =      333.7308
 EAMBER  =   -97914.7523


   NSTEP       ENERGY          RMS            GMAX         NAME    NUMBER
    160      -9.7792E+04     1.3190E+00     6.0719E+01     CG       2027

 BOND    =     6044.1859  ANGLE   =      324.8520  DIHED      =     1926.3579
 VDWAALS =    10789.5622  EEL     =  -123745.8590  HBOND      =        0.0000
 1-4 VDW =      834.5130  1-4 EEL =     5714.0965  RESTRAINT  =      320.6159
 EAMBER  =   -98112.2915


   NSTEP       ENERGY          RMS            GMAX         NAME    NUMBER
    165      -9.7972E+04     1.4644E+00     9.0187E+01     CE       2139

 BOND    =     6087.2794  ANGLE   =      334.1162  DIHED      =     1925.4866
 VDWAALS =    10894.0889  EEL     =  -124091.6268  HBOND      =        0.0000
 1-4 VDW =      834.1331  1-4 EEL =     5711.0989  RESTRAINT  =      333.1142
 EAMBER  =   -98305.4236


   NSTEP       ENERGY          RMS            GMAX         NAME    NUMBER
    170      -9.8242E+04     1.2487E+00     6.7187E+01     HH22     1877

 BOND    =     6108.0182  ANGLE   =      329.8843  DIHED      =     1925.4421
 VDWAALS =    11179.0892  EEL     =  -124671.9620  HBOND      =        0.0000
 1-4 VDW =      834.4988  1-4 EEL =     5711.7962  RESTRAINT  =      341.0400
 EAMBER  =   -98583.2331


   NSTEP       ENERGY          RMS            GMAX         NAME    NUMBER
    175      -9.8486E+04     2.1865E+00     1.1527E+02     NZ       2142

 BOND    =     6296.8555  ANGLE   =      334.3824  DIHED      =     1927.2671
 VDWAALS =    11561.4322  EEL     =  -125506.9997  HBOND      =        0.0000
 1-4 VDW =      837.1734  1-4 EEL =     5713.2564  RESTRAINT  =      351.0985
 EAMBER  =   -98836.6327


   NSTEP       ENERGY          RMS            GMAX         NAME    NUMBER
    180      -9.8493E+04     2.0985E+00     1.0954E+02     NZ       2142

 BOND    =     6290.5723  ANGLE   =      333.4685  DIHED      =     1927.2117
 VDWAALS =    11561.2276  EEL     =  -125505.8730  HBOND      =        0.0000
 1-4 VDW =      837.1105  1-4 EEL =     5713.2022  RESTRAINT  =      350.2552
 EAMBER  =   -98843.0802


   NSTEP       ENERGY          RMS            GMAX         NAME    NUMBER
    185      -9.8666E+04     1.0376E+00     6.0607E+01     CG       2027

 BOND    =     6211.2611  ANGLE   =      322.3302  DIHED      =     1925.4922
 VDWAALS =    11564.6045  EEL     =  -125552.8145  HBOND      =        0.0000
 1-4 VDW =      835.6110  1-4 EEL =     5711.2313  RESTRAINT  =      315.7985
 EAMBER  =   -98982.2842


   NSTEP       ENERGY          RMS            GMAX         NAME    NUMBER
    190      -9.8775E+04     1.1246E+00     6.6404E+01     CZ       1871

 BOND    =     6261.5424  ANGLE   =      327.0869  DIHED      =     1926.2830
 VDWAALS =    11615.2551  EEL     =  -125785.5654  HBOND      =        0.0000
 1-4 VDW =      834.2860  1-4 EEL =     5714.2552  RESTRAINT  =      331.8656
 EAMBER  =   -99106.8567


   NSTEP       ENERGY          RMS            GMAX         NAME    NUMBER
    195      -9.9047E+04     1.7122E+00     8.1781E+01     CG       1863

 BOND    =     6336.8706  ANGLE   =      334.8590  DIHED      =     1926.4266
 VDWAALS =    11879.7907  EEL     =  -126410.4298  HBOND      =        0.0000
 1-4 VDW =      836.1116  1-4 EEL =     5707.9772  RESTRAINT  =      341.1904
 EAMBER  =   -99388.3941


   NSTEP       ENERGY          RMS            GMAX         NAME    NUMBER
    200      -9.9245E+04     1.7812E+00     9.3755E+01     CG       2027

 BOND    =     6361.7468  ANGLE   =      338.2702  DIHED      =     1925.6965
 VDWAALS =    12118.2749  EEL     =  -126880.0945  HBOND      =        0.0000
 1-4 VDW =      837.0050  1-4 EEL =     5708.2176  RESTRAINT  =      345.4463
 EAMBER  =   -99590.8836


   NSTEP       ENERGY          RMS            GMAX         NAME    NUMBER
    205      -9.9250E+04     1.7231E+00     8.8060E+01     CG       2027

 BOND    =     6358.4846  ANGLE   =      337.7492  DIHED      =     1925.6891
 VDWAALS =    12118.0402  EEL     =  -126879.6670  HBOND      =        0.0000
 1-4 VDW =      837.0066  1-4 EEL =     5708.2294  RESTRAINT  =      344.9428
 EAMBER  =   -99594.4680


   NSTEP       ENERGY          RMS            GMAX         NAME    NUMBER
    210      -9.9435E+04     1.3844E+00     9.1600E+01     CG       2027

 BOND    =     6377.9377  ANGLE   =      326.6631  DIHED      =     1926.3322
 VDWAALS =    12119.8391  EEL     =  -127053.2841  HBOND      =        0.0000
 1-4 VDW =      835.0770  1-4 EEL =     5712.9525  RESTRAINT  =      319.5105
 EAMBER  =   -99754.4826


   NSTEP       ENERGY          RMS            GMAX         NAME    NUMBER
    215      -9.9535E+04     1.1150E+00     5.6404E+01     NZ       2142

 BOND    =     6379.2195  ANGLE   =      331.2136  DIHED      =     1925.8589
 VDWAALS =    12164.8406  EEL     =  -127212.1907  HBOND      =        0.0000
 1-4 VDW =      834.2878  1-4 EEL =     5714.2931  RESTRAINT  =      327.5488
 EAMBER  =   -99862.4773


   NSTEP       ENERGY          RMS            GMAX         NAME    NUMBER
    220      -9.9732E+04     8.6740E-01     3.8040E+01     HH22     1877

 BOND    =     6405.3695  ANGLE   =      322.3062  DIHED      =     1925.3434
 VDWAALS =    12377.4858  EEL     =  -127626.9292  HBOND      =        0.0000
 1-4 VDW =      834.3720  1-4 EEL =     5710.2137  RESTRAINT  =      320.1669
 EAMBER  =  -100051.8388


   NSTEP       ENERGY          RMS            GMAX         NAME    NUMBER
    225      -9.9840E+04     1.6421E+00     8.1488E+01     CG       2554

 BOND    =     6426.5593  ANGLE   =      328.2310  DIHED      =     1926.4176
 VDWAALS =    12551.4010  EEL     =  -127957.0790  HBOND      =        0.0000
 1-4 VDW =      837.1223  1-4 EEL =     5710.0749  RESTRAINT  =      337.4256
 EAMBER  =  -100177.2730


   NSTEP       ENERGY          RMS            GMAX         NAME    NUMBER
    230      -9.9845E+04     1.5467E+00     7.3240E+01     CG       2554

 BOND    =     6425.0498  ANGLE   =      327.5646  DIHED      =     1926.3843
 VDWAALS =    12551.2736  EEL     =  -127959.5989  HBOND      =        0.0000
 1-4 VDW =      837.0853  1-4 EEL =     5710.0608  RESTRAINT  =      336.7315
 EAMBER  =  -100182.1806


   NSTEP       ENERGY          RMS            GMAX         NAME    NUMBER
    235      -9.9960E+04     8.3684E-01     3.7432E+01     CG       2554

 BOND    =     6444.6586  ANGLE   =      319.7598  DIHED      =     1925.5258
 VDWAALS =    12565.8929  EEL     =  -128076.6721  HBOND      =        0.0000
 1-4 VDW =      835.4401  1-4 EEL =     5712.6229  RESTRAINT  =      312.9113
 EAMBER  =  -100272.7720


   NSTEP       ENERGY          RMS            GMAX         NAME    NUMBER
    240      -1.0004E+05     1.0238E+00     5.5591E+01     NH2      1875

 BOND    =     6453.5532  ANGLE   =      329.9195  DIHED      =     1926.4374
 VDWAALS =    12617.0050  EEL     =  -128244.1456  HBOND      =        0.0000
 1-4 VDW =      833.8439  1-4 EEL =     5714.8632  RESTRAINT  =      327.4404
 EAMBER  =  -100368.5233


   NSTEP       ENERGY          RMS            GMAX         NAME    NUMBER
    245      -1.0023E+05     1.6983E+00     1.2391E+02     CD        728

 BOND    =     6570.0668  ANGLE   =      330.2257  DIHED      =     1926.6948
 VDWAALS =    12885.1111  EEL     =  -128813.7385  HBOND      =        0.0000
 1-4 VDW =      835.1720  1-4 EEL =     5710.0033  RESTRAINT  =      324.3284
 EAMBER  =  -100556.4647


   NSTEP       ENERGY          RMS            GMAX         NAME    NUMBER
    250      -1.0037E+05     1.2765E+00     6.3855E+01     CD        728

 BOND    =     6560.3502  ANGLE   =      328.3357  DIHED      =     1926.1661
 VDWAALS =    13028.5170  EEL     =  -129078.4625  HBOND      =        0.0000
 1-4 VDW =      835.8677  1-4 EEL =     5708.9129  RESTRAINT  =      323.9918
 EAMBER  =  -100690.3129


   NSTEP       ENERGY          RMS            GMAX         NAME    NUMBER
    255      -1.0037E+05     1.2295E+00     5.8536E+01     CD        728

 BOND    =     6558.0003  ANGLE   =      327.9505  DIHED      =     1926.1376
 VDWAALS =    13028.3921  EEL     =  -129078.2224  HBOND      =        0.0000
 1-4 VDW =      835.8642  1-4 EEL =     5708.9345  RESTRAINT  =      323.7305
 EAMBER  =  -100692.9431


   NSTEP       ENERGY          RMS            GMAX         NAME    NUMBER
    260      -1.0052E+05     9.9421E-01     5.4015E+01     NZ       2142

 BOND    =     6569.8132  ANGLE   =      322.0589  DIHED      =     1926.1037
 VDWAALS =    13022.1650  EEL     =  -129219.1116  HBOND      =        0.0000
 1-4 VDW =      835.8320  1-4 EEL =     5711.9310  RESTRAINT  =      314.9869
 EAMBER  =  -100831.2079


   NSTEP       ENERGY          RMS            GMAX         NAME    NUMBER
    265      -1.0065E+05     1.0300E+00     6.2595E+01     H2       2683

 BOND    =     6624.3753  ANGLE   =      324.3392  DIHED      =     1925.5379
 VDWAALS =    13077.8002  EEL     =  -129465.1007  HBOND      =        0.0000
 1-4 VDW =      835.1199  1-4 EEL =     5714.7366  RESTRAINT  =      316.1360
 EAMBER  =  -100963.1914


   NSTEP       ENERGY          RMS            GMAX         NAME    NUMBER
    270      -1.0073E+05     7.7582E-01     3.7511E+01     CG       1863

 BOND    =     6576.0868  ANGLE   =      321.9846  DIHED      =     1925.7220
 VDWAALS =    13156.0318  EEL     =  -129570.8271  HBOND      =        0.0000
 1-4 VDW =      835.3018  1-4 EEL =     5709.5131  RESTRAINT  =      317.6697
 EAMBER  =  -101046.1869


   NSTEP       ENERGY          RMS            GMAX         NAME    NUMBER
    275      -1.0084E+05     1.5213E+00     9.3863E+01     NH1      1872

 BOND    =     6660.8053  ANGLE   =      335.2349  DIHED      =     1926.2882
 VDWAALS =    13330.7788  EEL     =  -129972.4875  HBOND      =        0.0000
 1-4 VDW =      835.3178  1-4 EEL =     5704.0214  RESTRAINT  =      344.1445
 EAMBER  =  -101180.0411


   NSTEP       ENERGY          RMS            GMAX         NAME    NUMBER
    280      -1.0084E+05     1.4279E+00     8.6047E+01     NH1      1872

 BOND    =     6656.7828  ANGLE   =      334.3774  DIHED      =     1926.2592
 VDWAALS =    13330.5758  EEL     =  -129972.1835  HBOND      =        0.0000
 1-4 VDW =      835.3171  1-4 EEL =     5704.1128  RESTRAINT  =      343.2078
 EAMBER  =  -101184.7585


   NSTEP       ENERGY          RMS            GMAX         NAME    NUMBER
    285      -1.0094E+05     7.4985E-01     4.2162E+01     CD        728

 BOND    =     6611.5389  ANGLE   =      320.2086  DIHED      =     1925.4526
 VDWAALS =    13347.7174  EEL     =  -130002.7997  HBOND      =        0.0000
 1-4 VDW =      835.3436  1-4 EEL =     5711.8650  RESTRAINT  =      312.0892
 EAMBER  =  -101250.6737


   NSTEP       ENERGY          RMS            GMAX         NAME    NUMBER
    290      -1.0097E+05     7.4788E-01     4.4871E+01     NH2      1875

 BOND    =     6638.7897  ANGLE   =      323.2516  DIHED      =     1925.4990
 VDWAALS =    13370.9495  EEL     =  -130094.9302  HBOND      =        0.0000
 1-4 VDW =      835.2159  1-4 EEL =     5715.0070  RESTRAINT  =      315.1545
 EAMBER  =  -101286.2175


   NSTEP       ENERGY          RMS            GMAX         NAME    NUMBER
    295      -1.0130E+05     1.7577E+00     9.7167E+01     O        2681

 BOND    =     6845.9565  ANGLE   =      340.5707  DIHED      =     1927.6238
 VDWAALS =    13813.0806  EEL     =  -131150.8048  HBOND      =        0.0000
 1-4 VDW =      837.4512  1-4 EEL =     5715.5456  RESTRAINT  =      368.2953
 EAMBER  =  -101670.5764


   NSTEP       ENERGY          RMS            GMAX         NAME    NUMBER
    300      -1.0161E+05     1.8916E+00     9.3151E+01     HH22     1877

 BOND    =     6860.6281  ANGLE   =      340.8184  DIHED      =     1926.4872
 VDWAALS =    14369.5691  EEL     =  -132031.1071  HBOND      =        0.0000
 1-4 VDW =      836.8301  1-4 EEL =     5707.8632  RESTRAINT  =      377.4201
 EAMBER  =  -101988.9110


   NSTEP       ENERGY          RMS            GMAX         NAME    NUMBER
    305      -1.0161E+05     1.8539E+00     9.1782E+01     HH22     1877

 BOND    =     6858.6082  ANGLE   =      340.4149  DIHED      =     1926.4662
 VDWAALS =    14369.3032  EEL     =  -132031.2009  HBOND      =        0.0000
 1-4 VDW =      836.8335  1-4 EEL =     5707.8764  RESTRAINT  =      376.8443
 EAMBER  =  -101991.6986


   NSTEP       ENERGY          RMS            GMAX         NAME    NUMBER
    310      -1.0187E+05     1.4659E+00     1.1753E+02     CG       2554

 BOND    =     6915.4334  ANGLE   =      326.6673  DIHED      =     1926.1497
 VDWAALS =    14354.3052  EEL     =  -132255.5476  HBOND      =        0.0000
 1-4 VDW =      835.7440  1-4 EEL =     5711.8421  RESTRAINT  =      318.1967
 EAMBER  =  -102185.4059


   NSTEP       ENERGY          RMS            GMAX         NAME    NUMBER
    315      -1.0196E+05     9.0446E-01     6.0073E+01     NH2      1875

 BOND    =     6869.2411  ANGLE   =      324.8234  DIHED      =     1925.6756
 VDWAALS =    14372.4112  EEL     =  -132317.4180  HBOND      =        0.0000
 1-4 VDW =      834.9921  1-4 EEL =     5712.8372  RESTRAINT  =      320.2755
 EAMBER  =  -102277.4373


   NSTEP       ENERGY          RMS            GMAX         NAME    NUMBER
    320      -1.0205E+05     5.9910E-01     3.1018E+01     HH22     1877

 BOND    =     6868.0200  ANGLE   =      321.7528  DIHED      =     1925.4355
 VDWAALS =    14439.8552  EEL     =  -132469.0505  HBOND      =        0.0000
 1-4 VDW =      835.3452  1-4 EEL =     5709.7460  RESTRAINT  =      316.9030
 EAMBER  =  -102368.8957


   NSTEP       ENERGY          RMS            GMAX         NAME    NUMBER
    325      -1.0210E+05     9.1776E-01     5.4496E+01     CD        728

 BOND    =     6891.3961  ANGLE   =      322.7822  DIHED      =     1925.5442
 VDWAALS =    14508.4943  EEL     =  -132617.9897  HBOND      =        0.0000
 1-4 VDW =      836.1033  1-4 EEL =     5710.3701  RESTRAINT  =      321.7044
 EAMBER  =  -102423.2994


   NSTEP       ENERGY          RMS            GMAX         NAME    NUMBER
    330      -1.0210E+05     8.4947E-01     4.6186E+01     CD        728

 BOND    =     6890.3460  ANGLE   =      322.3923  DIHED      =     1925.5191
 VDWAALS =    14508.4089  EEL     =  -132618.7910  HBOND      =        0.0000
 1-4 VDW =      836.0889  1-4 EEL =     5710.3902  RESTRAINT  =      321.3004
 EAMBER  =  -102425.6455


   NSTEP       ENERGY          RMS            GMAX         NAME    NUMBER
    335      -1.0215E+05     4.6327E-01     1.8453E+01     CZ       1871

 BOND    =     6870.8458  ANGLE   =      319.2738  DIHED      =     1925.3069
 VDWAALS =    14510.8170  EEL     =  -132634.5294  HBOND      =        0.0000
 1-4 VDW =      835.6963  1-4 EEL =     5711.9251  RESTRAINT  =      311.7297
 EAMBER  =  -102460.6645


   NSTEP       ENERGY          RMS            GMAX         NAME    NUMBER
    340      -1.0219E+05     8.1427E-01     4.9340E+01     NH2      1875

 BOND    =     6899.2492  ANGLE   =      322.0133  DIHED      =     1925.6376
 VDWAALS =    14537.9676  EEL     =  -132740.2369  HBOND      =        0.0000
 1-4 VDW =      834.9843  1-4 EEL =     5713.0404  RESTRAINT  =      319.8302
 EAMBER  =  -102507.3445


   NSTEP       ENERGY          RMS            GMAX         NAME    NUMBER
    345      -1.0237E+05     1.1945E+00     8.0468E+01     O        2681

 BOND    =     6966.7597  ANGLE   =      327.1856  DIHED      =     1926.5316
 VDWAALS =    14746.1281  EEL     =  -133225.5921  HBOND      =        0.0000
 1-4 VDW =      834.7459  1-4 EEL =     5707.8944  RESTRAINT  =      345.0385
 EAMBER  =  -102716.3468


   NSTEP       ENERGY          RMS            GMAX         NAME    NUMBER
    350      -1.0258E+05     1.5220E+00     7.9618E+01     CD        728

 BOND    =     7021.7322  ANGLE   =      335.8832  DIHED      =     1927.0150
 VDWAALS =    15109.0441  EEL     =  -133871.1013  HBOND      =        0.0000
 1-4 VDW =      835.7051  1-4 EEL =     5704.9528  RESTRAINT  =      353.1143
 EAMBER  =  -102936.7689


   NSTEP       ENERGY          RMS            GMAX         NAME    NUMBER
    355      -1.0259E+05     1.4835E+00     7.4558E+01     CD        728

 BOND    =     7019.9144  ANGLE   =      335.4207  DIHED      =     1926.9732
 VDWAALS =    15108.8962  EEL     =  -133871.2392  HBOND      =        0.0000
 1-4 VDW =      835.7102  1-4 EEL =     5704.9921  RESTRAINT  =      352.5459
 EAMBER  =  -102939.3323


   NSTEP       ENERGY          RMS            GMAX         NAME    NUMBER
    360      -1.0276E+05     9.6253E-01     3.8669E+01     HZ3       960

 BOND    =     7051.1819  ANGLE   =      321.1384  DIHED      =     1926.1717
 VDWAALS =    15105.0391  EEL     =  -134027.0843  HBOND      =        0.0000
 1-4 VDW =      835.9666  1-4 EEL =     5712.0983  RESTRAINT  =      316.5530
 EAMBER  =  -103075.4883


   NSTEP       ENERGY          RMS            GMAX         NAME    NUMBER
    365      -1.0285E+05     7.8311E-01     5.2704E+01     NH2      1875

 BOND    =     7046.3255  ANGLE   =      320.9423  DIHED      =     1925.5684
 VDWAALS =    15130.3170  EEL     =  -134139.4365  HBOND      =        0.0000
 1-4 VDW =      835.8010  1-4 EEL =     5715.1311  RESTRAINT  =      317.3311
 EAMBER  =  -103165.3513


   NSTEP       ENERGY          RMS            GMAX         NAME    NUMBER
    370      -1.0290E+05     8.0053E-01     7.6399E+01     CG       2554

 BOND    =     7046.7054  ANGLE   =      320.9066  DIHED      =     1925.2581
 VDWAALS =    15189.5646  EEL     =  -134248.4542  HBOND      =        0.0000
 1-4 VDW =      835.5097  1-4 EEL =     5709.1263  RESTRAINT  =      316.6733
 EAMBER  =  -103221.3834


   NSTEP       ENERGY          RMS            GMAX         NAME    NUMBER
    375      -1.0293E+05     6.9156E-01     4.2971E+01     HH22     1877

 BOND    =     7042.7125  ANGLE   =      321.3672  DIHED      =     1925.3666
 VDWAALS =    15223.7771  EEL     =  -134308.4419  HBOND      =        0.0000
 1-4 VDW =      835.0411  1-4 EEL =     5708.3924  RESTRAINT  =      318.8532
 EAMBER  =  -103251.7851


   NSTEP       ENERGY          RMS            GMAX         NAME    NUMBER
    380      -1.0294E+05     6.2791E-01     4.0454E+01     HH22     1877

 BOND    =     7041.6777  ANGLE   =      321.0299  DIHED      =     1925.3445
 VDWAALS =    15223.7055  EEL     =  -134308.7508  HBOND      =        0.0000
 1-4 VDW =      835.0546  1-4 EEL =     5708.4369  RESTRAINT  =      318.4511
 EAMBER  =  -103253.5018


   NSTEP       ENERGY          RMS            GMAX         NAME    NUMBER
    385      -1.0297E+05     5.1423E-01     4.4874E+01     CG       2554

 BOND    =     7043.4542  ANGLE   =      319.1457  DIHED      =     1925.2736
 VDWAALS =    15233.2356  EEL     =  -134347.5793  HBOND      =        0.0000
 1-4 VDW =      835.7782  1-4 EEL =     5712.5397  RESTRAINT  =      310.7928
 EAMBER  =  -103278.1524


   NSTEP       ENERGY          RMS            GMAX         NAME    NUMBER
    390      -1.0299E+05     6.9202E-01     4.6735E+01     NH2      1875

 BOND    =     7057.1638  ANGLE   =      321.4483  DIHED      =     1925.4896
 VDWAALS =    15249.5588  EEL     =  -134409.5116  HBOND      =        0.0000
 1-4 VDW =      836.0419  1-4 EEL =     5715.1889  RESTRAINT  =      314.8118
 EAMBER  =  -103304.6203


   NSTEP       ENERGY          RMS            GMAX         NAME    NUMBER
    395      -1.0318E+05     1.5448E+00     1.0806E+02     H2       2683

 BOND    =     7159.7668  ANGLE   =      329.6088  DIHED      =     1926.1894
 VDWAALS =    15540.6273  EEL     =  -135029.8175  HBOND      =        0.0000
 1-4 VDW =      837.1138  1-4 EEL =     5711.1978  RESTRAINT  =      346.6000
 EAMBER  =  -103525.3136


   NSTEP       ENERGY          RMS            GMAX         NAME    NUMBER
    400      -1.0334E+05     1.7091E+00     9.3594E+01     CD        728

 BOND    =     7176.7355  ANGLE   =      340.1548  DIHED      =     1926.0112
 VDWAALS =    15774.6271  EEL     =  -135443.0284  HBOND      =        0.0000
 1-4 VDW =      835.6863  1-4 EEL =     5703.8227  RESTRAINT  =      345.0423
 EAMBER  =  -103685.9908


   NSTEP       ENERGY          RMS            GMAX         NAME    NUMBER
    405      -1.0334E+05     1.6537E+00     8.7557E+01     CD        728

 BOND    =     7174.5988  ANGLE   =      339.4695  DIHED      =     1925.9838
 VDWAALS =    15774.4512  EEL     =  -135443.4619  HBOND      =        0.0000
 1-4 VDW =      835.6878  1-4 EEL =     5703.8610  RESTRAINT  =      344.4839
 EAMBER  =  -103689.4099


   NSTEP       ENERGY          RMS            GMAX         NAME    NUMBER
    410      -1.0349E+05     9.8908E-01     6.9503E+01     O        2681

 BOND    =     7192.2632  ANGLE   =      320.0061  DIHED      =     1925.6683
 VDWAALS =    15770.3534  EEL     =  -135562.5594  HBOND      =        0.0000
 1-4 VDW =      835.6783  1-4 EEL =     5711.5527  RESTRAINT  =      314.2410
 EAMBER  =  -103807.0374


   NSTEP       ENERGY          RMS            GMAX         NAME    NUMBER
    415      -1.0355E+05     7.5677E-01     3.6796E+01     CG       2554

 BOND    =     7182.7856  ANGLE   =      322.2367  DIHED      =     1925.7986
 VDWAALS =    15785.3209  EEL     =  -135634.4518  HBOND      =        0.0000
 1-4 VDW =      836.3553  1-4 EEL =     5715.6437  RESTRAINT  =      315.5255
 EAMBER  =  -103866.3109


   NSTEP       ENERGY          RMS            GMAX         NAME    NUMBER
    420      -1.0361E+05     6.3156E-01     4.4737E+01     CG       2554

 BOND    =     7192.3360  ANGLE   =      319.2775  DIHED      =     1925.2501
 VDWAALS =    15840.6200  EEL     =  -135742.5284  HBOND      =        0.0000
 1-4 VDW =      835.9396  1-4 EEL =     5712.4870  RESTRAINT  =      310.8439
 EAMBER  =  -103916.6183


   NSTEP       ENERGY          RMS            GMAX         NAME    NUMBER
    425      -1.0363E+05     5.4795E-01     4.0275E+01     CD        728

 BOND    =     7176.4893  ANGLE   =      318.6819  DIHED      =     1925.2165
 VDWAALS =    15862.6687  EEL     =  -135767.9986  HBOND      =        0.0000
 1-4 VDW =      835.5423  1-4 EEL =     5710.6682  RESTRAINT  =      311.9887
 EAMBER  =  -103938.7318


   NSTEP       ENERGY          RMS            GMAX         NAME    NUMBER
    430      -1.0363E+05     4.7987E-01     2.8731E+01     CD        728

 BOND    =     7176.5504  ANGLE   =      318.4432  DIHED      =     1925.2058
 VDWAALS =    15862.4052  EEL     =  -135769.2451  HBOND      =        0.0000
 1-4 VDW =      835.5483  1-4 EEL =     5710.6798  RESTRAINT  =      311.8545
 EAMBER  =  -103940.4124


   NSTEP       ENERGY          RMS            GMAX         NAME    NUMBER
    435      -1.0366E+05     6.8078E-01     3.7305E+01     NZ       2142

 BOND    =     7187.2223  ANGLE   =      321.1813  DIHED      =     1925.4179
 VDWAALS =    15858.3470  EEL     =  -135814.8470  HBOND      =        0.0000
 1-4 VDW =      836.1446  1-4 EEL =     5712.6367  RESTRAINT  =      311.5880
 EAMBER  =  -103973.8971


   NSTEP       ENERGY          RMS            GMAX         NAME    NUMBER
    440      -1.0371E+05     4.6134E-01     1.5571E+01     CG        334

 BOND    =     7185.4393  ANGLE   =      317.7791  DIHED      =     1925.1689
 VDWAALS =    15876.1455  EEL     =  -135872.5843  HBOND      =        0.0000
 1-4 VDW =      835.6898  1-4 EEL =     5712.5390  RESTRAINT  =      310.9416
 EAMBER  =  -104019.8226


   NSTEP       ENERGY          RMS            GMAX         NAME    NUMBER
    445      -1.0375E+05     1.0021E+00     8.1640E+01     CD       1719

 BOND    =     7220.9973  ANGLE   =      322.9764  DIHED      =     1925.4690
 VDWAALS =    15928.7686  EEL     =  -136014.3298  HBOND      =        0.0000
 1-4 VDW =      835.7124  1-4 EEL =     5707.9421  RESTRAINT  =      318.7686
 EAMBER  =  -104072.4640


   NSTEP       ENERGY          RMS            GMAX         NAME    NUMBER
    450      -1.0405E+05     1.4931E+00     7.4952E+01     CD       1719

 BOND    =     7338.5082  ANGLE   =      335.4543  DIHED      =     1926.3155
 VDWAALS =    16292.3321  EEL     =  -136817.6240  HBOND      =        0.0000
 1-4 VDW =      835.8117  1-4 EEL =     5706.0709  RESTRAINT  =      333.5693
 EAMBER  =  -104383.1313


   NSTEP       ENERGY          RMS            GMAX         NAME    NUMBER
    455      -1.0405E+05     1.4518E+00     7.1011E+01     CD       1719

 BOND    =     7336.1895  ANGLE   =      335.0365  DIHED      =     1926.2831
 VDWAALS =    16292.2030  EEL     =  -136816.9114  HBOND      =        0.0000
 1-4 VDW =      835.8214  1-4 EEL =     5706.1169  RESTRAINT  =      333.2145
 EAMBER  =  -104385.2611


   NSTEP       ENERGY          RMS            GMAX         NAME    NUMBER
    460      -1.0414E+05     6.8057E-01     6.3115E+01     CD       1719

 BOND    =     7276.9341  ANGLE   =      318.2643  DIHED      =     1925.5022
 VDWAALS =    16284.3204  EEL     =  -136800.0382  HBOND      =        0.0000
 1-4 VDW =      835.3656  1-4 EEL =     5711.4241  RESTRAINT  =      312.2829
 EAMBER  =  -104448.2274


   NSTEP       ENERGY          RMS            GMAX         NAME    NUMBER
    465      -1.0417E+05     5.4213E-01     2.5399E+01     H2       2683

 BOND    =     7304.1126  ANGLE   =      318.8407  DIHED      =     1925.2826
 VDWAALS =    16278.8354  EEL     =  -136856.1813  HBOND      =        0.0000
 1-4 VDW =      835.5682  1-4 EEL =     5713.6197  RESTRAINT  =      311.8593
 EAMBER  =  -104479.9222


   NSTEP       ENERGY          RMS            GMAX         NAME    NUMBER
    470      -1.0421E+05     4.8681E-01     2.0417E+01     CD        385

 BOND    =     7284.1779  ANGLE   =      320.3523  DIHED      =     1925.0885
 VDWAALS =    16307.3726  EEL     =  -136904.1802  HBOND      =        0.0000
 1-4 VDW =      835.7133  1-4 EEL =     5710.2410  RESTRAINT  =      314.2330
 EAMBER  =  -104521.2346


   NSTEP       ENERGY          RMS            GMAX         NAME    NUMBER
    475      -1.0424E+05     6.1157E-01     2.9745E+01     CD        385

 BOND    =     7304.2877  ANGLE   =      320.5853  DIHED      =     1925.1260
 VDWAALS =    16360.1331  EEL     =  -137010.7030  HBOND      =        0.0000
 1-4 VDW =      835.7710  1-4 EEL =     5707.6023  RESTRAINT  =      317.3744
 EAMBER  =  -104557.1976


   NSTEP       ENERGY          RMS            GMAX         NAME    NUMBER
    480      -1.0424E+05     5.6149E-01     2.3284E+01     CD        385

 BOND    =     7302.9913  ANGLE   =      320.3980  DIHED      =     1925.1118
 VDWAALS =    16359.9986  EEL     =  -137010.6183  HBOND      =        0.0000
 1-4 VDW =      835.7695  1-4 EEL =     5707.6814  RESTRAINT  =      317.1087
 EAMBER  =  -104558.6678


   NSTEP       ENERGY          RMS            GMAX         NAME    NUMBER
    485      -1.0427E+05     4.6889E-01     2.1676E+01     CD       1719

 BOND    =     7303.3962  ANGLE   =      318.9554  DIHED      =     1925.1882
 VDWAALS =    16364.1875  EEL     =  -137045.5911  HBOND      =        0.0000
 1-4 VDW =      835.7502  1-4 EEL =     5713.1621  RESTRAINT  =      310.3984
 EAMBER  =  -104584.9516


   NSTEP       ENERGY          RMS            GMAX         NAME    NUMBER
    490      -1.0429E+05     5.4063E-01     2.7937E+01     H2       2683

 BOND    =     7317.3684  ANGLE   =      319.9458  DIHED      =     1925.3573
 VDWAALS =    16368.7910  EEL     =  -137084.8135  HBOND      =        0.0000
 1-4 VDW =      835.6408  1-4 EEL =     5714.2603  RESTRAINT  =      311.6044
 EAMBER  =  -104603.4498


   NSTEP       ENERGY          RMS            GMAX         NAME    NUMBER
    495      -1.0434E+05     5.5245E-01     3.8208E+01     CD       1719

 BOND    =     7322.3479  ANGLE   =      318.1643  DIHED      =     1925.0508
 VDWAALS =    16418.3472  EEL     =  -137178.6112  HBOND      =        0.0000
 1-4 VDW =      835.6496  1-4 EEL =     5709.0386  RESTRAINT  =      312.3432
 EAMBER  =  -104650.0126


   NSTEP       ENERGY          RMS            GMAX         NAME    NUMBER
    500      -1.0442E+05     1.3584E+00     4.1031E+01     CD       1719

 BOND    =     7326.2568  ANGLE   =      331.6395  DIHED      =     1926.3076
 VDWAALS =    16527.8909  EEL     =  -137396.5401  HBOND      =        0.0000
 1-4 VDW =      835.9272  1-4 EEL =     5707.7332  RESTRAINT  =      324.6108
 EAMBER  =  -104740.7849


  Maximum number of minimization cycles reached.


                    FINAL RESULTS



   NSTEP       ENERGY          RMS            GMAX         NAME    NUMBER
    500      -1.0442E+05     1.3584E+00     4.1031E+01     CD       1719

 BOND    =     7326.2568  ANGLE   =      331.6395  DIHED      =     1926.3076
 VDWAALS =    16527.8909  EEL     =  -137396.5401  HBOND      =        0.0000
 1-4 VDW =      835.9272  1-4 EEL =     5707.7332  RESTRAINT  =      324.6108
 EAMBER  =  -104740.7849
--------------------------------------------------------------------------------
   5.  TIMINGS
--------------------------------------------------------------------------------

|  NonSetup CPU Time in Major Routines:
|
|     Routine           Sec        %
|     ------------------------------
|     Nonbond          50.82   96.87
|     Bond              0.19    0.36
|     Angle             0.19    0.37
|     Dihedral          0.99    1.89
|     Shake             0.00    0.00
|     Other             0.27    0.51
|     ------------------------------
|     Total            52.46

|  PME Nonbond Pairlist CPU Time:
|
|     Routine              Sec        %
|     ---------------------------------
|     Set Up Cit           0.02    0.03
|     Build List           1.75    3.33
|     ---------------------------------
|     Total                1.76    3.36

|  PME Direct Force CPU Time:
|
|     Routine              Sec        %
|     ---------------------------------
|     NonBonded Calc      33.18   63.25
|     Exclude Masked       0.67    1.27
|     Other                0.15    0.29
|     ---------------------------------
|     Total               34.00   64.82

|  PME Reciprocal Force CPU Time:
|
|     Routine              Sec        %
|     ---------------------------------
|     1D bspline           0.56    1.06
|     Grid Charges         0.90    1.71
|     Scalar Sum           5.34   10.17
|     Gradient Sum         1.84    3.52
|     FFT                  6.39   12.19
|     ---------------------------------
|     Total               15.02   28.64

|  Setup CPU time:            0.14 seconds
|  NonSetup CPU time:        52.46 seconds
|  Total CPU time:           52.60 seconds     0.01 hours

|  Setup wall time:           0    seconds
|  NonSetup wall time:       52    seconds
|  Total wall time:          52    seconds     0.01 hours
