
          -------------------------------------------------------
          Amber 16 PMEMD                              2016
          -------------------------------------------------------

| PMEMD implementation of SANDER, Release 16

| Run on 11/15/2016 at 23:37:07

|   Executable path: pmemd
| Working directory: /home/german/exs/run/256l/mhe/m
|          Hostname: Unknown
  [-O]verwriting output

File Assignments:
|   MDIN: mmin.in                                                               
|  MDOUT: mmin.out                                                              
| INPCRD: m256l.rst7                                                            
|   PARM: 256l.prmtop                                                           
| RESTRT: mm256l.rst7                                                           
|   REFC: 256l.rst7                                                             
|  MDVEL: mdvel                                                                 
|   MDEN: mden                                                                  
|  MDCRD: mm256l.crd                                                            
| MDINFO: mdinfo                                                                
|  MDFRC: mdfrc                                                                 


 Here is the input file:

Minimization with Cartesian restraints                                         
&cntrl                                                                         
imin=1,                                                                        
ntmin=1,                                ! Steepest Descent, then Conjugate Grad
ncyc=100,                               ! 100 steps of Steepest Descent        
maxcyc=500,                             ! 400 steps of Conjugate Gradient      
ntpr=5,                                                                        
&end                                                                           


Note: ig = -1. Setting random seed to   396691 based on wallclock time in 
      microseconds.
 
 
| Conditional Compilation Defines Used:
| PUBFFT
| BINTRAJ
| EMIL

| Largest sphere to fit in unit cell has radius =    30.151

| New format PARM file being parsed.
| Version =    1.000 Date = 11/06/16 Time = 21:27:50

| Note: 1-4 EEL scale factors are being read from the topology file.

| Note: 1-4 VDW scale factors are being read from the topology file.
| Duplicated    0 dihedrals

| Duplicated    0 dihedrals

--------------------------------------------------------------------------------
   1.  RESOURCE   USE: 
--------------------------------------------------------------------------------

 getting box info from netcdf restart file
 NATOM  =   27265 NTYPES =      17 NBONH =   25948 MBONA  =    1329
 NTHETH =    3021 MTHETA =    1791 NPHIH =    6129 MPHIA  =    5620
 NHPARM =       0 NPARM  =       0 NNB   =   47372 NRES   =    8376
 NBONA  =    1329 NTHETA =    1791 NPHIA =    5620 NUMBND =      69
 NUMANG =     154 NPTRA  =     196 NATYP =      37 NPHB   =       1
 IFBOX  =       2 NMXRS  =      24 IFCAP =       0 NEXTRA =       0
 NCOPY  =       0

| Coordinate Index Table dimensions:    14   14   14
| Direct force subcell size =     5.2753    5.2753    5.2753

     BOX TYPE: TRUNCATED OCTAHEDRON

--------------------------------------------------------------------------------
   2.  CONTROL  DATA  FOR  THE  RUN
--------------------------------------------------------------------------------

default_name                                                                    

General flags:
     imin    =       1, nmropt  =       0

Nature and format of input:
     ntx     =       1, irest   =       0, ntrx    =       1

Nature and format of output:
     ntxo    =       2, ntpr    =       5, ntrx    =       1, ntwr    =       1
     iwrap   =       0, ntwx    =       0, ntwv    =       0, ntwe    =       0
     ioutfm  =       1, ntwprt  =       0, idecomp =       0, rbornstat=      0

Potential function:
     ntf     =       1, ntb     =       1, igb     =       0, nsnb    =      25
     ipol    =       0, gbsa    =       0, iesp    =       0
     dielc   =   1.00000, cut     =   8.00000, intdiel =   1.00000

Frozen or restrained atoms:
     ibelly  =       0, ntr     =       0

Energy minimization:
     maxcyc  =     500, ncyc    =     100, ntmin   =       1
     dx0     =   0.01000, drms    =   0.00010

| Intermolecular bonds treatment:
|     no_intermolecular_bonds =       1

| Energy averages sample interval:
|     ene_avg_sampling =       1

Ewald parameters:
     verbose =       0, ew_type =       0, nbflag  =       1, use_pme =       1
     vdwmeth =       1, eedmeth =       1, netfrc  =       0
     Box X =   73.854   Box Y =   73.854   Box Z =   73.854
     Alpha =  109.471   Beta  =  109.471   Gamma =  109.471
     NFFT1 =   80       NFFT2 =   75       NFFT3 =   75
     Cutoff=    8.000   Tol   =0.100E-04
     Ewald Coefficient =  0.34864
     Interpolation order =    4

--------------------------------------------------------------------------------
   3.  ATOMIC COORDINATES AND VELOCITIES
--------------------------------------------------------------------------------

default_name                                                                    
 begin time read from input coords =     0.000 ps

 
 Number of triangulated 3-point waters found:     8204

     Sum of charges from parm topology file =  -0.00000007
     Forcing neutrality...

| Dynamic Memory, Types Used:
| Reals              725287
| Integers           834896

| Nonbonded Pairs Initial Allocation:     4553936

--------------------------------------------------------------------------------
   4.  RESULTS
--------------------------------------------------------------------------------

 ---------------------------------------------------
 APPROXIMATING switch and d/dx switch using CUBIC SPLINE INTERPOLATION
 using   5000.0 points per unit in tabled values
 TESTING RELATIVE ERROR over r ranging from 0.0 to cutoff
| CHECK switch(x): max rel err =   0.2738E-14   at   2.422500
| CHECK d/dx switch(x): max rel err =   0.8332E-11   at   2.782960
 ---------------------------------------------------
|---------------------------------------------------
| APPROXIMATING direct energy using CUBIC SPLINE INTERPOLATION
|  with   50.0 points per unit in tabled values
| Relative Error Limit not exceeded for r .gt.   2.47
| APPROXIMATING direct force using CUBIC SPLINE INTERPOLATION
|  with   50.0 points per unit in tabled values
| Relative Error Limit not exceeded for r .gt.   2.89
|---------------------------------------------------


   NSTEP       ENERGY          RMS            GMAX         NAME    NUMBER
      1      -1.0474E+05     1.7232E+00     5.1827E+01     HB2         8

 BOND    =     7326.2568  ANGLE   =      331.6395  DIHED      =     1926.3076
 VDWAALS =    16527.8909  EEL     =  -137396.5401  HBOND      =        0.0000
 1-4 VDW =      835.9272  1-4 EEL =     5707.7332  RESTRAINT  =        0.0000


   NSTEP       ENERGY          RMS            GMAX         NAME    NUMBER
      5      -1.0477E+05     1.4750E+00     4.4453E+01     HB2         8

 BOND    =     7325.1950  ANGLE   =      326.7940  DIHED      =     1926.0520
 VDWAALS =    16517.8337  EEL     =  -137403.6643  HBOND      =        0.0000
 1-4 VDW =      833.5448  1-4 EEL =     5704.1802  RESTRAINT  =        0.0000


   NSTEP       ENERGY          RMS            GMAX         NAME    NUMBER
     10      -1.0484E+05     1.1298E+00     2.7218E+01     HB2         8

 BOND    =     7330.9783  ANGLE   =      316.3255  DIHED      =     1925.6814
 VDWAALS =    16490.1153  EEL     =  -137417.7965  HBOND      =        0.0000
 1-4 VDW =      825.5599  1-4 EEL =     5691.8614  RESTRAINT  =        0.0000


   NSTEP       ENERGY          RMS            GMAX         NAME    NUMBER
     15      -1.0496E+05     8.4994E-01     1.7213E+01     HE1        15

 BOND    =     7339.2002  ANGLE   =      300.5488  DIHED      =     1926.4146
 VDWAALS =    16440.5836  EEL     =  -137432.1959  HBOND      =        0.0000
 1-4 VDW =      804.0103  1-4 EEL =     5656.6118  RESTRAINT  =        0.0000


   NSTEP       ENERGY          RMS            GMAX         NAME    NUMBER
     20      -1.0519E+05     5.6424E-01     1.1410E+01     HE1        15

 BOND    =     7346.2817  ANGLE   =      278.3356  DIHED      =     1928.9122
 VDWAALS =    16382.0500  EEL     =  -137453.0586  HBOND      =        0.0000
 1-4 VDW =      753.1378  1-4 EEL =     5574.6802  RESTRAINT  =        0.0000


   NSTEP       ENERGY          RMS            GMAX         NAME    NUMBER
     25      -1.0530E+05     2.4829E+00     3.2880E+02     CD       1719

 BOND    =     7421.9029  ANGLE   =      268.3575  DIHED      =     1929.9018
 VDWAALS =    16357.2378  EEL     =  -137487.8851  HBOND      =        0.0000
 1-4 VDW =      704.0801  1-4 EEL =     5510.1194  RESTRAINT  =        0.0000


   NSTEP       ENERGY          RMS            GMAX         NAME    NUMBER
     30      -1.0540E+05     8.8063E-01     7.1410E+01     CD       1719

 BOND    =     7362.4634  ANGLE   =      262.7144  DIHED      =     1929.6882
 VDWAALS =    16355.2339  EEL     =  -137498.9386  HBOND      =        0.0000
 1-4 VDW =      690.9907  1-4 EEL =     5493.8988  RESTRAINT  =        0.0000


   NSTEP       ENERGY          RMS            GMAX         NAME    NUMBER
     35      -1.0545E+05     6.1080E-01     2.9164E+01     CD       1719

 BOND    =     7360.9359  ANGLE   =      259.9078  DIHED      =     1929.4465
 VDWAALS =    16353.3920  EEL     =  -137512.9307  HBOND      =        0.0000
 1-4 VDW =      679.5022  1-4 EEL =     5481.1692  RESTRAINT  =        0.0000


   NSTEP       ENERGY          RMS            GMAX         NAME    NUMBER
     40      -1.0548E+05     9.5604E-01     4.6764E+01     CD       1719

 BOND    =     7369.1950  ANGLE   =      258.4536  DIHED      =     1929.1428
 VDWAALS =    16352.7376  EEL     =  -137526.5157  HBOND      =        0.0000
 1-4 VDW =      669.0875  1-4 EEL =     5469.3861  RESTRAINT  =        0.0000


   NSTEP       ENERGY          RMS            GMAX         NAME    NUMBER
     45      -1.0551E+05     1.0735E+00     3.1742E+01     CZ       2174

 BOND    =     7374.6093  ANGLE   =      257.0785  DIHED      =     1928.7709
 VDWAALS =    16352.8085  EEL     =  -137541.6845  HBOND      =        0.0000
 1-4 VDW =      659.0882  1-4 EEL =     5458.1654  RESTRAINT  =        0.0000


   NSTEP       ENERGY          RMS            GMAX         NAME    NUMBER
     50      -1.0554E+05     1.0300E+00     3.0329E+01     CZ       2174

 BOND    =     7375.9691  ANGLE   =      256.2914  DIHED      =     1928.3729
 VDWAALS =    16353.7006  EEL     =  -137555.5931  HBOND      =        0.0000
 1-4 VDW =      651.5902  1-4 EEL =     5449.6190  RESTRAINT  =        0.0000


   NSTEP       ENERGY          RMS            GMAX         NAME    NUMBER
     55      -1.0558E+05     3.1193E-01     5.7728E+00     O        2625

 BOND    =     7369.2817  ANGLE   =      255.5047  DIHED      =     1927.8700
 VDWAALS =    16355.3985  EEL     =  -137573.2218  HBOND      =        0.0000
 1-4 VDW =      644.5231  1-4 EEL =     5441.7787  RESTRAINT  =        0.0000


   NSTEP       ENERGY          RMS            GMAX         NAME    NUMBER
     60      -1.0559E+05     1.1255E+00     3.5314E+01     CZ       2174

 BOND    =     7383.0982  ANGLE   =      255.6401  DIHED      =     1927.4025
 VDWAALS =    16357.2719  EEL     =  -137585.8640  HBOND      =        0.0000
 1-4 VDW =      637.6175  1-4 EEL =     5433.2295  RESTRAINT  =        0.0000


   NSTEP       ENERGY          RMS            GMAX         NAME    NUMBER
     65      -1.0562E+05     1.1760E+00     3.7516E+01     CZ       2174

 BOND    =     7386.7965  ANGLE   =      255.6033  DIHED      =     1926.8517
 VDWAALS =    16359.8123  EEL     =  -137601.5984  HBOND      =        0.0000
 1-4 VDW =      631.5301  1-4 EEL =     5425.8975  RESTRAINT  =        0.0000


   NSTEP       ENERGY          RMS            GMAX         NAME    NUMBER
     70      -1.0565E+05     3.8456E-01     9.0305E+00     CZ       2174

 BOND    =     7378.0771  ANGLE   =      255.1118  DIHED      =     1926.2135
 VDWAALS =    16362.8050  EEL     =  -137621.3902  HBOND      =        0.0000
 1-4 VDW =      626.2773  1-4 EEL =     5420.0343  RESTRAINT  =        0.0000


   NSTEP       ENERGY          RMS            GMAX         NAME    NUMBER
     75      -1.0567E+05     2.7068E-01     5.2268E+00     O        2625

 BOND    =     7378.6541  ANGLE   =      255.1645  DIHED      =     1925.7346
 VDWAALS =    16365.2688  EEL     =  -137633.7763  HBOND      =        0.0000
 1-4 VDW =      622.2526  1-4 EEL =     5414.9866  RESTRAINT  =        0.0000


   NSTEP       ENERGY          RMS            GMAX         NAME    NUMBER
     80      -1.0569E+05     2.6790E-01     5.0851E+00     O        2625

 BOND    =     7381.2072  ANGLE   =      255.3358  DIHED      =     1925.0897
 VDWAALS =    16368.6843  EEL     =  -137650.5169  HBOND      =        0.0000
 1-4 VDW =      617.5535  1-4 EEL =     5409.1197  RESTRAINT  =        0.0000


   NSTEP       ENERGY          RMS            GMAX         NAME    NUMBER
     85      -1.0571E+05     5.3140E-01     1.6220E+01     CZ       2174

 BOND    =     7387.6327  ANGLE   =      255.6980  DIHED      =     1924.3230
 VDWAALS =    16372.9139  EEL     =  -137670.6532  HBOND      =        0.0000
 1-4 VDW =      612.8153  1-4 EEL =     5403.2952  RESTRAINT  =        0.0000


   NSTEP       ENERGY          RMS            GMAX         NAME    NUMBER
     90      -1.0573E+05     3.3658E-01     8.0039E+00     C        1288

 BOND    =     7387.0974  ANGLE   =      255.8494  DIHED      =     1923.7294
 VDWAALS =    16376.3410  EEL     =  -137684.7973  HBOND      =        0.0000
 1-4 VDW =      609.3878  1-4 EEL =     5398.7987  RESTRAINT  =        0.0000


   NSTEP       ENERGY          RMS            GMAX         NAME    NUMBER
     95      -1.0575E+05     3.6065E-01     9.7130E+00     C        1288

 BOND    =     7389.8651  ANGLE   =      256.1534  DIHED      =     1923.0211
 VDWAALS =    16380.4951  EEL     =  -137702.1061  HBOND      =        0.0000
 1-4 VDW =      605.7971  1-4 EEL =     5394.1812  RESTRAINT  =        0.0000


   NSTEP       ENERGY          RMS            GMAX         NAME    NUMBER
    100      -1.0577E+05     6.2067E-01     2.1040E+01     C        1878

 BOND    =     7396.1961  ANGLE   =      256.6069  DIHED      =     1922.3042
 VDWAALS =    16384.7941  EEL     =  -137720.0083  HBOND      =        0.0000
 1-4 VDW =      602.5985  1-4 EEL =     5390.1712  RESTRAINT  =        0.0000


   NSTEP       ENERGY          RMS            GMAX         NAME    NUMBER
    105      -1.0579E+05     2.4132E-01     4.5131E+00     O        2625

 BOND    =     7392.5882  ANGLE   =      256.6982  DIHED      =     1921.6741
 VDWAALS =    16388.8074  EEL     =  -137733.5308  HBOND      =        0.0000
 1-4 VDW =      599.7670  1-4 EEL =     5386.1682  RESTRAINT  =        0.0000


   NSTEP       ENERGY          RMS            GMAX         NAME    NUMBER
    110      -1.0613E+05     1.4441E+00     1.2960E+02     HG        604

 BOND    =     7589.8184  ANGLE   =      315.6115  DIHED      =     1915.1725
 VDWAALS =    16636.9760  EEL     =  -138356.8007  HBOND      =        0.0000
 1-4 VDW =      505.4808  1-4 EEL =     5258.8552  RESTRAINT  =        0.0000


   NSTEP       ENERGY          RMS            GMAX         NAME    NUMBER
    115      -1.0624E+05     5.1608E-01     3.2506E+01     OG        603

 BOND    =     7525.7505  ANGLE   =      347.9851  DIHED      =     1914.3971
 VDWAALS =    16676.4924  EEL     =  -138434.0333  HBOND      =        0.0000
 1-4 VDW =      498.0561  1-4 EEL =     5232.8715  RESTRAINT  =        0.0000


   NSTEP       ENERGY          RMS            GMAX         NAME    NUMBER
    120      -1.0630E+05     8.5956E-01     7.2191E+01     C        2643

 BOND    =     7592.0092  ANGLE   =      401.8417  DIHED      =     1916.8822
 VDWAALS =    16825.7734  EEL     =  -138720.0317  HBOND      =        0.0000
 1-4 VDW =      482.4161  1-4 EEL =     5196.9445  RESTRAINT  =        0.0000


   NSTEP       ENERGY          RMS            GMAX         NAME    NUMBER
    125      -1.0639E+05     9.1331E-01     6.6781E+01     C        2643

 BOND    =     7628.8361  ANGLE   =      375.2602  DIHED      =     1911.5765
 VDWAALS =    16912.0531  EEL     =  -138905.2740  HBOND      =        0.0000
 1-4 VDW =      481.4801  1-4 EEL =     5203.5024  RESTRAINT  =        0.0000


   NSTEP       ENERGY          RMS            GMAX         NAME    NUMBER
    130      -1.0640E+05     8.4822E-01     5.6799E+01     C        2643

 BOND    =     7624.0181  ANGLE   =      374.7484  DIHED      =     1911.4468
 VDWAALS =    16911.7350  EEL     =  -138902.3905  HBOND      =        0.0000
 1-4 VDW =      481.6240  1-4 EEL =     5203.5096  RESTRAINT  =        0.0000


   NSTEP       ENERGY          RMS            GMAX         NAME    NUMBER
    135      -1.0644E+05     4.7891E-01     3.0379E+01     C        2643

 BOND    =     7584.2927  ANGLE   =      379.7529  DIHED      =     1906.2060
 VDWAALS =    16898.8019  EEL     =  -138907.7851  HBOND      =        0.0000
 1-4 VDW =      489.4301  1-4 EEL =     5208.6056  RESTRAINT  =        0.0000


   NSTEP       ENERGY          RMS            GMAX         NAME    NUMBER
    140      -1.0650E+05     9.9543E-01     6.6917E+01     CB        600

 BOND    =     7611.1284  ANGLE   =      354.4296  DIHED      =     1895.6072
 VDWAALS =    16896.3709  EEL     =  -138997.0620  HBOND      =        0.0000
 1-4 VDW =      506.6485  1-4 EEL =     5237.4786  RESTRAINT  =        0.0000


   NSTEP       ENERGY          RMS            GMAX         NAME    NUMBER
    145      -1.0663E+05     6.2168E-01     3.9023E+01     CD        191

 BOND    =     7562.9071  ANGLE   =      277.7985  DIHED      =     1875.6229
 VDWAALS =    16948.1237  EEL     =  -139160.3686  HBOND      =        0.0000
 1-4 VDW =      546.6462  1-4 EEL =     5323.3335  RESTRAINT  =        0.0000


   NSTEP       ENERGY          RMS            GMAX         NAME    NUMBER
    150      -1.0666E+05     5.9513E-01     3.9507E+01     OG        603

 BOND    =     7562.8047  ANGLE   =      268.5802  DIHED      =     1869.7701
 VDWAALS =    16955.0691  EEL     =  -139210.4376  HBOND      =        0.0000
 1-4 VDW =      556.6942  1-4 EEL =     5337.4656  RESTRAINT  =        0.0000


   NSTEP       ENERGY          RMS            GMAX         NAME    NUMBER
    155      -1.0666E+05     5.2957E-01     3.2909E+01     OG        603

 BOND    =     7559.8506  ANGLE   =      268.2923  DIHED      =     1869.7720
 VDWAALS =    16955.0226  EEL     =  -139208.9330  HBOND      =        0.0000
 1-4 VDW =      556.6914  1-4 EEL =     5337.3627  RESTRAINT  =        0.0000


   NSTEP       ENERGY          RMS            GMAX         NAME    NUMBER
    160      -1.0669E+05     4.5065E-01     3.4491E+01     OG        603

 BOND    =     7550.9064  ANGLE   =      269.9659  DIHED      =     1871.3660
 VDWAALS =    16950.3362  EEL     =  -139215.8937  HBOND      =        0.0000
 1-4 VDW =      555.3642  1-4 EEL =     5332.1605  RESTRAINT  =        0.0000


   NSTEP       ENERGY          RMS            GMAX         NAME    NUMBER
    165      -1.0671E+05     6.7726E-01     4.1581E+01     OG        603

 BOND    =     7576.0310  ANGLE   =      280.6497  DIHED      =     1872.3805
 VDWAALS =    16951.9221  EEL     =  -139262.3683  HBOND      =        0.0000
 1-4 VDW =      548.5526  1-4 EEL =     5318.8984  RESTRAINT  =        0.0000


   NSTEP       ENERGY          RMS            GMAX         NAME    NUMBER
    170      -1.0677E+05     4.5131E-01     2.8392E+01     CB        600

 BOND    =     7572.2322  ANGLE   =      288.4361  DIHED      =     1874.7822
 VDWAALS =    16985.8643  EEL     =  -139319.9278  HBOND      =        0.0000
 1-4 VDW =      532.7258  1-4 EEL =     5300.0893  RESTRAINT  =        0.0000


   NSTEP       ENERGY          RMS            GMAX         NAME    NUMBER
    175      -1.0680E+05     7.4483E-01     3.3141E+01     ND2      2621

 BOND    =     7602.4445  ANGLE   =      291.2083  DIHED      =     1878.2063
 VDWAALS =    17038.2304  EEL     =  -139430.6712  HBOND      =        0.0000
 1-4 VDW =      524.1682  1-4 EEL =     5293.3533  RESTRAINT  =        0.0000


   NSTEP       ENERGY          RMS            GMAX         NAME    NUMBER
    180      -1.0681E+05     6.8005E-01     2.8731E+01     ND2      2621

 BOND    =     7599.2028  ANGLE   =      290.8494  DIHED      =     1878.1009
 VDWAALS =    17038.1173  EEL     =  -139429.1744  HBOND      =        0.0000
 1-4 VDW =      524.2235  1-4 EEL =     5293.3693  RESTRAINT  =        0.0000


   NSTEP       ENERGY          RMS            GMAX         NAME    NUMBER
    185      -1.0684E+05     3.9447E-01     2.3435E+01     CG       2619

 BOND    =     7585.6356  ANGLE   =      291.0872  DIHED      =     1875.2994
 VDWAALS =    17034.8665  EEL     =  -139446.2260  HBOND      =        0.0000
 1-4 VDW =      526.9012  1-4 EEL =     5295.6180  RESTRAINT  =        0.0000


   NSTEP       ENERGY          RMS            GMAX         NAME    NUMBER
    190      -1.0687E+05     5.6898E-01     2.9449E+01     OG        603

 BOND    =     7598.0320  ANGLE   =      283.0194  DIHED      =     1872.4960
 VDWAALS =    17047.1970  EEL     =  -139499.8384  HBOND      =        0.0000
 1-4 VDW =      533.0367  1-4 EEL =     5299.5287  RESTRAINT  =        0.0000


   NSTEP       ENERGY          RMS            GMAX         NAME    NUMBER
    195      -1.0690E+05     4.9422E-01     3.2589E+01     CD        191

 BOND    =     7596.2227  ANGLE   =      271.5273  DIHED      =     1868.6026
 VDWAALS =    17081.5964  EEL     =  -139570.1471  HBOND      =        0.0000
 1-4 VDW =      541.0832  1-4 EEL =     5310.2981  RESTRAINT  =        0.0000


   NSTEP       ENERGY          RMS            GMAX         NAME    NUMBER
    200      -1.0692E+05     5.9984E-01     4.6364E+01     OG        603

 BOND    =     7597.3864  ANGLE   =      272.3155  DIHED      =     1865.8983
 VDWAALS =    17103.4723  EEL     =  -139623.5584  HBOND      =        0.0000
 1-4 VDW =      545.6402  1-4 EEL =     5316.4417  RESTRAINT  =        0.0000


   NSTEP       ENERGY          RMS            GMAX         NAME    NUMBER
    205      -1.0692E+05     5.2243E-01     3.7055E+01     OG        603

 BOND    =     7594.5279  ANGLE   =      271.9234  DIHED      =     1865.8822
 VDWAALS =    17103.4751  EEL     =  -139622.4151  HBOND      =        0.0000
 1-4 VDW =      545.6246  1-4 EEL =     5316.3568  RESTRAINT  =        0.0000


   NSTEP       ENERGY          RMS            GMAX         NAME    NUMBER
    210      -1.0695E+05     4.6284E-01     3.6695E+01     OG        603

 BOND    =     7589.6496  ANGLE   =      269.0655  DIHED      =     1866.0927
 VDWAALS =    17102.3844  EEL     =  -139632.5711  HBOND      =        0.0000
 1-4 VDW =      544.6615  1-4 EEL =     5314.2177  RESTRAINT  =        0.0000


   NSTEP       ENERGY          RMS            GMAX         NAME    NUMBER
    215      -1.0697E+05     5.5378E-01     3.0365E+01     OG        603

 BOND    =     7600.5795  ANGLE   =      274.2812  DIHED      =     1865.5258
 VDWAALS =    17104.7043  EEL     =  -139664.9621  HBOND      =        0.0000
 1-4 VDW =      542.1920  1-4 EEL =     5311.9478  RESTRAINT  =        0.0000


   NSTEP       ENERGY          RMS            GMAX         NAME    NUMBER
    220      -1.0701E+05     3.9289E-01     2.3397E+01     CB        600

 BOND    =     7602.0009  ANGLE   =      278.5045  DIHED      =     1865.6043
 VDWAALS =    17133.8430  EEL     =  -139733.9902  HBOND      =        0.0000
 1-4 VDW =      536.1884  1-4 EEL =     5312.2745  RESTRAINT  =        0.0000


   NSTEP       ENERGY          RMS            GMAX         NAME    NUMBER
    225      -1.0703E+05     7.0832E-01     3.7911E+01     CD        191

 BOND    =     7622.4794  ANGLE   =      278.6075  DIHED      =     1866.0410
 VDWAALS =    17172.7017  EEL     =  -139816.5425  HBOND      =        0.0000
 1-4 VDW =      533.7341  1-4 EEL =     5312.0546  RESTRAINT  =        0.0000


   NSTEP       ENERGY          RMS            GMAX         NAME    NUMBER
    230      -1.0703E+05     6.3204E-01     3.0499E+01     CD        191

 BOND    =     7619.8843  ANGLE   =      278.2695  DIHED      =     1865.9508
 VDWAALS =    17172.5870  EEL     =  -139815.7286  HBOND      =        0.0000
 1-4 VDW =      533.7556  1-4 EEL =     5312.0472  RESTRAINT  =        0.0000


   NSTEP       ENERGY          RMS            GMAX         NAME    NUMBER
    235      -1.0706E+05     4.2830E-01     2.1565E+01     CG       2619

 BOND    =     7612.1482  ANGLE   =      279.8242  DIHED      =     1864.0617
 VDWAALS =    17170.4854  EEL     =  -139836.0861  HBOND      =        0.0000
 1-4 VDW =      535.0322  1-4 EEL =     5311.9880  RESTRAINT  =        0.0000


   NSTEP       ENERGY          RMS            GMAX         NAME    NUMBER
    240      -1.0709E+05     4.9705E-01     2.3151E+01     CG       2554

 BOND    =     7618.4559  ANGLE   =      274.3813  DIHED      =     1862.6521
 VDWAALS =    17184.4887  EEL     =  -139875.1800  HBOND      =        0.0000
 1-4 VDW =      538.2564  1-4 EEL =     5309.1793  RESTRAINT  =        0.0000


   NSTEP       ENERGY          RMS            GMAX         NAME    NUMBER
    245      -1.0711E+05     4.6899E-01     2.7702E+01     CG       2554

 BOND    =     7624.9373  ANGLE   =      268.6686  DIHED      =     1861.3224
 VDWAALS =    17214.1391  EEL     =  -139935.7869  HBOND      =        0.0000
 1-4 VDW =      541.5197  1-4 EEL =     5312.5703  RESTRAINT  =        0.0000


   NSTEP       ENERGY          RMS            GMAX         NAME    NUMBER
    250      -1.0713E+05     5.8184E-01     3.6693E+01     OG        603

 BOND    =     7626.7303  ANGLE   =      273.0694  DIHED      =     1860.4006
 VDWAALS =    17236.2969  EEL     =  -139984.8413  HBOND      =        0.0000
 1-4 VDW =      543.1199  1-4 EEL =     5314.6836  RESTRAINT  =        0.0000


   NSTEP       ENERGY          RMS            GMAX         NAME    NUMBER
    255      -1.0713E+05     5.0110E-01     2.8356E+01     OG        603

 BOND    =     7624.4250  ANGLE   =      272.5394  DIHED      =     1860.3642
 VDWAALS =    17236.3077  EEL     =  -139984.1578  HBOND      =        0.0000
 1-4 VDW =      543.1137  1-4 EEL =     5314.5922  RESTRAINT  =        0.0000


   NSTEP       ENERGY          RMS            GMAX         NAME    NUMBER
    260      -1.0715E+05     4.3914E-01     3.4258E+01     OG        603

 BOND    =     7620.6277  ANGLE   =      269.4170  DIHED      =     1860.2050
 VDWAALS =    17236.7033  EEL     =  -139995.4684  HBOND      =        0.0000
 1-4 VDW =      542.5685  1-4 EEL =     5312.7640  RESTRAINT  =        0.0000


   NSTEP       ENERGY          RMS            GMAX         NAME    NUMBER
    265      -1.0717E+05     4.9630E-01     2.6804E+01     OG        603

 BOND    =     7626.8934  ANGLE   =      273.1574  DIHED      =     1859.6010
 VDWAALS =    17239.8486  EEL     =  -140021.5851  HBOND      =        0.0000
 1-4 VDW =      540.9354  1-4 EEL =     5311.7127  RESTRAINT  =        0.0000


   NSTEP       ENERGY          RMS            GMAX         NAME    NUMBER
    270      -1.0720E+05     4.0489E-01     2.1351E+01     CB        600

 BOND    =     7631.6951  ANGLE   =      275.3886  DIHED      =     1859.6744
 VDWAALS =    17268.5714  EEL     =  -140091.0841  HBOND      =        0.0000
 1-4 VDW =      537.2816  1-4 EEL =     5315.3585  RESTRAINT  =        0.0000


   NSTEP       ENERGY          RMS            GMAX         NAME    NUMBER
    275      -1.0723E+05     7.1028E-01     4.9562E+01     CD        191

 BOND    =     7649.0665  ANGLE   =      275.8881  DIHED      =     1859.6323
 VDWAALS =    17302.7313  EEL     =  -140164.8342  HBOND      =        0.0000
 1-4 VDW =      536.2052  1-4 EEL =     5316.0387  RESTRAINT  =        0.0000


   NSTEP       ENERGY          RMS            GMAX         NAME    NUMBER
    280      -1.0723E+05     6.1899E-01     3.8136E+01     CD        191

 BOND    =     7646.5960  ANGLE   =      275.6421  DIHED      =     1859.5579
 VDWAALS =    17302.6475  EEL     =  -140164.3447  HBOND      =        0.0000
 1-4 VDW =      536.2046  1-4 EEL =     5316.0474  RESTRAINT  =        0.0000


   NSTEP       ENERGY          RMS            GMAX         NAME    NUMBER
    285      -1.0726E+05     4.8120E-01     2.4127E+01     C        2610

 BOND    =     7643.2168  ANGLE   =      276.1854  DIHED      =     1858.1798
 VDWAALS =    17301.0153  EEL     =  -140185.7926  HBOND      =        0.0000
 1-4 VDW =      536.8467  1-4 EEL =     5315.1409  RESTRAINT  =        0.0000


   NSTEP       ENERGY          RMS            GMAX         NAME    NUMBER
    290      -1.0728E+05     4.5611E-01     2.3701E+01     CG       2554

 BOND    =     7644.6221  ANGLE   =      273.5436  DIHED      =     1857.1139
 VDWAALS =    17314.6360  EEL     =  -140218.8060  HBOND      =        0.0000
 1-4 VDW =      539.1525  1-4 EEL =     5311.2545  RESTRAINT  =        0.0000


   NSTEP       ENERGY          RMS            GMAX         NAME    NUMBER
    295      -1.0730E+05     4.9264E-01     3.2527E+01     CD        191

 BOND    =     7652.3223  ANGLE   =      269.7832  DIHED      =     1856.3428
 VDWAALS =    17341.1235  EEL     =  -140272.8079  HBOND      =        0.0000
 1-4 VDW =      541.0762  1-4 EEL =     5313.4222  RESTRAINT  =        0.0000


   NSTEP       ENERGY          RMS            GMAX         NAME    NUMBER
    300      -1.0732E+05     5.8113E-01     3.8542E+01     OG        603

 BOND    =     7657.0019  ANGLE   =      272.2810  DIHED      =     1855.6846
 VDWAALS =    17361.0006  EEL     =  -140317.5923  HBOND      =        0.0000
 1-4 VDW =      541.7323  1-4 EEL =     5314.5152  RESTRAINT  =        0.0000


   NSTEP       ENERGY          RMS            GMAX         NAME    NUMBER
    305      -1.0732E+05     4.9634E-01     2.9602E+01     OG        603

 BOND    =     7654.6474  ANGLE   =      271.9636  DIHED      =     1855.6528
 VDWAALS =    17361.0789  EEL     =  -140317.2132  HBOND      =        0.0000
 1-4 VDW =      541.7259  1-4 EEL =     5314.4530  RESTRAINT  =        0.0000


   NSTEP       ENERGY          RMS            GMAX         NAME    NUMBER
    310      -1.0734E+05     3.9383E-01     3.9185E+01     OG        603

 BOND    =     7650.6580  ANGLE   =      268.2368  DIHED      =     1855.3992
 VDWAALS =    17362.0430  EEL     =  -140327.3055  HBOND      =        0.0000
 1-4 VDW =      541.3934  1-4 EEL =     5312.7524  RESTRAINT  =        0.0000


   NSTEP       ENERGY          RMS            GMAX         NAME    NUMBER
    315      -1.0736E+05     3.3975E-01     1.5835E+01     CG       1400

 BOND    =     7652.7225  ANGLE   =      270.8948  DIHED      =     1854.7385
 VDWAALS =    17368.3606  EEL     =  -140359.1520  HBOND      =        0.0000
 1-4 VDW =      539.5982  1-4 EEL =     5313.3727  RESTRAINT  =        0.0000


   NSTEP       ENERGY          RMS            GMAX         NAME    NUMBER
    320      -1.0738E+05     4.4794E-01     3.3449E+01     CB        600

 BOND    =     7661.1863  ANGLE   =      272.9439  DIHED      =     1854.3621
 VDWAALS =    17390.7175  EEL     =  -140413.2431  HBOND      =        0.0000
 1-4 VDW =      537.5553  1-4 EEL =     5316.3404  RESTRAINT  =        0.0000


   NSTEP       ENERGY          RMS            GMAX         NAME    NUMBER
    325      -1.0742E+05     6.1498E-01     4.0621E+01     OG        603

 BOND    =     7674.3660  ANGLE   =      273.8689  DIHED      =     1853.6061
 VDWAALS =    17429.5983  EEL     =  -140502.2207  HBOND      =        0.0000
 1-4 VDW =      536.8776  1-4 EEL =     5316.6988  RESTRAINT  =        0.0000


   NSTEP       ENERGY          RMS            GMAX         NAME    NUMBER
    330      -1.0742E+05     5.5275E-01     3.6070E+01     OG        603

 BOND    =     7672.8347  ANGLE   =      273.4218  DIHED      =     1853.5742
 VDWAALS =    17429.5011  EEL     =  -140501.6360  HBOND      =        0.0000
 1-4 VDW =      536.8895  1-4 EEL =     5316.6467  RESTRAINT  =        0.0000


   NSTEP       ENERGY          RMS            GMAX         NAME    NUMBER
    335      -1.0744E+05     3.8867E-01     2.2574E+01     OG        603

 BOND    =     7668.6991  ANGLE   =      274.0695  DIHED      =     1853.1626
 VDWAALS =    17429.8220  EEL     =  -140515.4091  HBOND      =        0.0000
 1-4 VDW =      537.0674  1-4 EEL =     5315.9074  RESTRAINT  =        0.0000


   NSTEP       ENERGY          RMS            GMAX         NAME    NUMBER
    340      -1.0746E+05     4.4888E-01     2.0385E+01     CA       2614

 BOND    =     7668.2036  ANGLE   =      271.6377  DIHED      =     1852.6791
 VDWAALS =    17449.6477  EEL     =  -140553.5894  HBOND      =        0.0000
 1-4 VDW =      539.1992  1-4 EEL =     5311.5509  RESTRAINT  =        0.0000


   NSTEP       ENERGY          RMS            GMAX         NAME    NUMBER
    345      -1.0748E+05     4.6717E-01     2.9026E+01     CG       2554

 BOND    =     7683.0083  ANGLE   =      268.4066  DIHED      =     1852.0571
 VDWAALS =    17467.8885  EEL     =  -140600.9794  HBOND      =        0.0000
 1-4 VDW =      540.3506  1-4 EEL =     5312.8709  RESTRAINT  =        0.0000


   NSTEP       ENERGY          RMS            GMAX         NAME    NUMBER
    350      -1.0751E+05     4.7802E-01     2.8589E+01     OG        603

 BOND    =     7689.6519  ANGLE   =      272.1035  DIHED      =     1850.9483
 VDWAALS =    17501.2613  EEL     =  -140678.8450  HBOND      =        0.0000
 1-4 VDW =      540.9144  1-4 EEL =     5314.0831  RESTRAINT  =        0.0000


   NSTEP       ENERGY          RMS            GMAX         NAME    NUMBER
    355      -1.0751E+05     4.1907E-01     2.1318E+01     OG        603

 BOND    =     7687.1896  ANGLE   =      271.9296  DIHED      =     1850.9195
 VDWAALS =    17501.3189  EEL     =  -140677.9046  HBOND      =        0.0000
 1-4 VDW =      540.9129  1-4 EEL =     5314.0526  RESTRAINT  =        0.0000


   NSTEP       ENERGY          RMS            GMAX         NAME    NUMBER
    360      -1.0753E+05     3.6692E-01     3.5772E+01     OG        603

 BOND    =     7683.4616  ANGLE   =      268.1773  DIHED      =     1850.7557
 VDWAALS =    17502.7914  EEL     =  -140687.0426  HBOND      =        0.0000
 1-4 VDW =      540.4502  1-4 EEL =     5312.2470  RESTRAINT  =        0.0000


   NSTEP       ENERGY          RMS            GMAX         NAME    NUMBER
    365      -1.0755E+05     3.2643E-01     1.3468E+01     OG        603

 BOND    =     7687.6377  ANGLE   =      270.1978  DIHED      =     1850.3587
 VDWAALS =    17509.1984  EEL     =  -140718.1031  HBOND      =        0.0000
 1-4 VDW =      538.8518  1-4 EEL =     5313.2342  RESTRAINT  =        0.0000


   NSTEP       ENERGY          RMS            GMAX         NAME    NUMBER
    370      -1.0757E+05     4.3877E-01     2.7649E+01     OG        603

 BOND    =     7701.5495  ANGLE   =      271.6077  DIHED      =     1849.8096
 VDWAALS =    17534.4289  EEL     =  -140780.4227  HBOND      =        0.0000
 1-4 VDW =      536.8371  1-4 EEL =     5315.8059  RESTRAINT  =        0.0000


   NSTEP       ENERGY          RMS            GMAX         NAME    NUMBER
    375      -1.0761E+05     6.0324E-01     3.4852E+01     OG        603

 BOND    =     7715.1069  ANGLE   =      274.1183  DIHED      =     1849.2813
 VDWAALS =    17573.5305  EEL     =  -140871.5062  HBOND      =        0.0000
 1-4 VDW =      536.1492  1-4 EEL =     5316.1615  RESTRAINT  =        0.0000


   NSTEP       ENERGY          RMS            GMAX         NAME    NUMBER
    380      -1.0761E+05     5.3979E-01     3.0969E+01     OG        603

 BOND    =     7711.7776  ANGLE   =      273.5911  DIHED      =     1849.2710
 VDWAALS =    17573.4276  EEL     =  -140869.0406  HBOND      =        0.0000
 1-4 VDW =      536.1627  1-4 EEL =     5316.0747  RESTRAINT  =        0.0000


   NSTEP       ENERGY          RMS            GMAX         NAME    NUMBER
    385      -1.0763E+05     4.2147E-01     2.3060E+01     CD        385

 BOND    =     7701.5364  ANGLE   =      274.7209  DIHED      =     1849.2243
 VDWAALS =    17574.0333  EEL     =  -140877.3240  HBOND      =        0.0000
 1-4 VDW =      536.4004  1-4 EEL =     5315.0784  RESTRAINT  =        0.0000


   NSTEP       ENERGY          RMS            GMAX         NAME    NUMBER
    390      -1.0765E+05     5.6745E-01     2.6588E+01     C        2610

 BOND    =     7688.0732  ANGLE   =      273.1760  DIHED      =     1848.8551
 VDWAALS =    17598.6477  EEL     =  -140906.0686  HBOND      =        0.0000
 1-4 VDW =      538.7754  1-4 EEL =     5310.1440  RESTRAINT  =        0.0000


   NSTEP       ENERGY          RMS            GMAX         NAME    NUMBER
    395      -1.0766E+05     4.1795E-01     1.9283E+01     CG       1400

 BOND    =     7714.3670  ANGLE   =      269.1728  DIHED      =     1848.2468
 VDWAALS =    17608.5208  EEL     =  -140952.8969  HBOND      =        0.0000
 1-4 VDW =      539.6787  1-4 EEL =     5311.3344  RESTRAINT  =        0.0000


   NSTEP       ENERGY          RMS            GMAX         NAME    NUMBER
    400      -1.0770E+05     5.2681E-01     2.3444E+01     CZ       1405

 BOND    =     7726.3559  ANGLE   =      275.8161  DIHED      =     1847.5402
 VDWAALS =    17648.8123  EEL     =  -141049.0795  HBOND      =        0.0000
 1-4 VDW =      540.2288  1-4 EEL =     5312.9542  RESTRAINT  =        0.0000


   NSTEP       ENERGY          RMS            GMAX         NAME    NUMBER
    405      -1.0770E+05     4.7404E-01     1.8371E+01     CZ       1405

 BOND    =     7723.7666  ANGLE   =      275.5495  DIHED      =     1847.4988
 VDWAALS =    17648.9092  EEL     =  -141048.0392  HBOND      =        0.0000
 1-4 VDW =      540.2290  1-4 EEL =     5312.9340  RESTRAINT  =        0.0000


   NSTEP       ENERGY          RMS            GMAX         NAME    NUMBER
    410      -1.0772E+05     4.5696E-01     3.2702E+01     CD        385

 BOND    =     7706.8943  ANGLE   =      269.3475  DIHED      =     1847.2155
 VDWAALS =    17652.3951  EEL     =  -141045.6760  HBOND      =        0.0000
 1-4 VDW =      539.2036  1-4 EEL =     5310.3016  RESTRAINT  =        0.0000


   NSTEP       ENERGY          RMS            GMAX         NAME    NUMBER
    415      -1.0773E+05     3.4421E-01     1.5036E+01     CD        385

 BOND    =     7720.5016  ANGLE   =      271.6697  DIHED      =     1847.1884
 VDWAALS =    17655.1568  EEL     =  -141071.9319  HBOND      =        0.0000
 1-4 VDW =      538.4810  1-4 EEL =     5310.3078  RESTRAINT  =        0.0000


   NSTEP       ENERGY          RMS            GMAX         NAME    NUMBER
    420      -1.0776E+05     3.9212E-01     1.9043E+01     OG        603

 BOND    =     7717.4117  ANGLE   =      274.4126  DIHED      =     1847.0454
 VDWAALS =    17685.8546  EEL     =  -141132.2097  HBOND      =        0.0000
 1-4 VDW =      535.5599  1-4 EEL =     5312.5729  RESTRAINT  =        0.0000


   NSTEP       ENERGY          RMS            GMAX         NAME    NUMBER
    425      -1.0777E+05     5.0440E-01     2.7790E+01     OG        603

 BOND    =     7745.4346  ANGLE   =      275.1369  DIHED      =     1846.9872
 VDWAALS =    17713.8796  EEL     =  -141204.6514  HBOND      =        0.0000
 1-4 VDW =      534.8729  1-4 EEL =     5313.7939  RESTRAINT  =        0.0000


   NSTEP       ENERGY          RMS            GMAX         NAME    NUMBER
    430      -1.0778E+05     4.0873E-01     2.1866E+01     OG        603

 BOND    =     7739.9660  ANGLE   =      274.4374  DIHED      =     1846.9415
 VDWAALS =    17713.7459  EEL     =  -141200.3024  HBOND      =        0.0000
 1-4 VDW =      534.8705  1-4 EEL =     5313.6780  RESTRAINT  =        0.0000


   NSTEP       ENERGY          RMS            GMAX         NAME    NUMBER
    435      -1.0780E+05     4.5909E-01     3.0870E+01     CG       2554

 BOND    =     7744.1575  ANGLE   =      276.7725  DIHED      =     1846.8913
 VDWAALS =    17712.7465  EEL     =  -141226.0710  HBOND      =        0.0000
 1-4 VDW =      535.2851  1-4 EEL =     5312.8841  RESTRAINT  =        0.0000


   NSTEP       ENERGY          RMS            GMAX         NAME    NUMBER
    440      -1.0782E+05     4.7039E-01     2.6839E+01     CG       2554

 BOND    =     7712.7569  ANGLE   =      272.7332  DIHED      =     1845.9968
 VDWAALS =    17733.6376  EEL     =  -141231.3437  HBOND      =        0.0000
 1-4 VDW =      538.1794  1-4 EEL =     5308.1084  RESTRAINT  =        0.0000


   NSTEP       ENERGY          RMS            GMAX         NAME    NUMBER
    445      -1.0783E+05     3.7734E-01     2.7530E+01     CD        385

 BOND    =     7752.0348  ANGLE   =      270.4031  DIHED      =     1845.4895
 VDWAALS =    17743.7494  EEL     =  -141289.8395  HBOND      =        0.0000
 1-4 VDW =      538.9276  1-4 EEL =     5309.1456  RESTRAINT  =        0.0000


   NSTEP       ENERGY          RMS            GMAX         NAME    NUMBER
    450      -1.0787E+05     4.7078E-01     1.6708E+01     CA       2614

 BOND    =     7761.0811  ANGLE   =      279.1237  DIHED      =     1844.9255
 VDWAALS =    17798.0560  EEL     =  -141399.3913  HBOND      =        0.0000
 1-4 VDW =      540.4013  1-4 EEL =     5309.0289  RESTRAINT  =        0.0000


   NSTEP       ENERGY          RMS            GMAX         NAME    NUMBER
    455      -1.0787E+05     4.3151E-01     1.4086E+01     SD         13

 BOND    =     7757.8687  ANGLE   =      278.6602  DIHED      =     1844.8566
 VDWAALS =    17797.9791  EEL     =  -141397.4657  HBOND      =        0.0000
 1-4 VDW =      540.3812  1-4 EEL =     5309.0213  RESTRAINT  =        0.0000


   NSTEP       ENERGY          RMS            GMAX         NAME    NUMBER
    460      -1.0789E+05     3.3325E-01     1.7972E+01     CG        759

 BOND    =     7743.5547  ANGLE   =      271.1985  DIHED      =     1844.7545
 VDWAALS =    17796.9029  EEL     =  -141396.9222  HBOND      =        0.0000
 1-4 VDW =      539.1585  1-4 EEL =     5307.7607  RESTRAINT  =        0.0000


   NSTEP       ENERGY          RMS            GMAX         NAME    NUMBER
    465      -1.0790E+05     4.4216E-01     2.5859E+01     CG       2554

 BOND    =     7770.2805  ANGLE   =      272.6212  DIHED      =     1844.6312
 VDWAALS =    17798.1011  EEL     =  -141436.6297  HBOND      =        0.0000
 1-4 VDW =      537.5682  1-4 EEL =     5308.6626  RESTRAINT  =        0.0000


   NSTEP       ENERGY          RMS            GMAX         NAME    NUMBER
    470      -1.0793E+05     2.7328E-01     1.4848E+01     CG        759

 BOND    =     7755.0417  ANGLE   =      271.5234  DIHED      =     1844.3377
 VDWAALS =    17814.0054  EEL     =  -141458.1676  HBOND      =        0.0000
 1-4 VDW =      535.1058  1-4 EEL =     5310.7116  RESTRAINT  =        0.0000


   NSTEP       ENERGY          RMS            GMAX         NAME    NUMBER
    475      -1.0794E+05     4.2134E-01     3.1016E+01     CG        759

 BOND    =     7765.7569  ANGLE   =      272.7748  DIHED      =     1844.4125
 VDWAALS =    17829.1766  EEL     =  -141493.2894  HBOND      =        0.0000
 1-4 VDW =      534.7797  1-4 EEL =     5310.7032  RESTRAINT  =        0.0000


   NSTEP       ENERGY          RMS            GMAX         NAME    NUMBER
    480      -1.0794E+05     3.1765E-01     1.5939E+01     CG        759

 BOND    =     7761.6407  ANGLE   =      272.0115  DIHED      =     1844.3828
 VDWAALS =    17829.0584  EEL     =  -141490.0503  HBOND      =        0.0000
 1-4 VDW =      534.7888  1-4 EEL =     5310.5961  RESTRAINT  =        0.0000


   NSTEP       ENERGY          RMS            GMAX         NAME    NUMBER
    485      -1.0795E+05     3.5751E-01     1.7565E+01     CG       2554

 BOND    =     7765.2173  ANGLE   =      275.3350  DIHED      =     1844.5991
 VDWAALS =    17831.5876  EEL     =  -141511.3747  HBOND      =        0.0000
 1-4 VDW =      535.0752  1-4 EEL =     5310.3060  RESTRAINT  =        0.0000


   NSTEP       ENERGY          RMS            GMAX         NAME    NUMBER
    490      -1.0797E+05     6.0602E-01     4.3158E+01     CG       2554

 BOND    =     7742.5890  ANGLE   =      275.8091  DIHED      =     1844.2087
 VDWAALS =    17859.1925  EEL     =  -141533.5482  HBOND      =        0.0000
 1-4 VDW =      537.8530  1-4 EEL =     5306.1463  RESTRAINT  =        0.0000


   NSTEP       ENERGY          RMS            GMAX         NAME    NUMBER
    495      -1.0798E+05     3.9605E-01     2.2025E+01     CG       2554

 BOND    =     7781.4391  ANGLE   =      271.1711  DIHED      =     1843.5762
 VDWAALS =    17869.2438  EEL     =  -141592.8542  HBOND      =        0.0000
 1-4 VDW =      538.5516  1-4 EEL =     5307.3601  RESTRAINT  =        0.0000


   NSTEP       ENERGY          RMS            GMAX         NAME    NUMBER
    500      -1.0802E+05     5.0040E-01     2.1021E+01     CA       2614

 BOND    =     7784.8695  ANGLE   =      276.1609  DIHED      =     1843.1177
 VDWAALS =    17909.7029  EEL     =  -141677.7537  HBOND      =        0.0000
 1-4 VDW =      539.1041  1-4 EEL =     5307.8185  RESTRAINT  =        0.0000


  Maximum number of minimization cycles reached.


                    FINAL RESULTS



   NSTEP       ENERGY          RMS            GMAX         NAME    NUMBER
    500      -1.0802E+05     5.0040E-01     2.1021E+01     CA       2614

 BOND    =     7784.8695  ANGLE   =      276.1609  DIHED      =     1843.1177
 VDWAALS =    17909.7029  EEL     =  -141677.7537  HBOND      =        0.0000
 1-4 VDW =      539.1041  1-4 EEL =     5307.8185  RESTRAINT  =        0.0000
--------------------------------------------------------------------------------
   5.  TIMINGS
--------------------------------------------------------------------------------

|  NonSetup CPU Time in Major Routines:
|
|     Routine           Sec        %
|     ------------------------------
|     Nonbond          47.17   96.83
|     Bond              0.13    0.27
|     Angle             0.16    0.32
|     Dihedral          0.98    2.00
|     Shake             0.00    0.00
|     Other             0.28    0.57
|     ------------------------------
|     Total            48.71

|  PME Nonbond Pairlist CPU Time:
|
|     Routine              Sec        %
|     ---------------------------------
|     Set Up Cit           0.00    0.01
|     Build List           0.58    1.20
|     ---------------------------------
|     Total                0.59    1.21

|  PME Direct Force CPU Time:
|
|     Routine              Sec        %
|     ---------------------------------
|     NonBonded Calc      31.46   64.59
|     Exclude Masked       0.60    1.24
|     Other                0.16    0.34
|     ---------------------------------
|     Total               32.23   66.17

|  PME Reciprocal Force CPU Time:
|
|     Routine              Sec        %
|     ---------------------------------
|     1D bspline           0.44    0.90
|     Grid Charges         1.01    2.08
|     Scalar Sum           5.08   10.42
|     Gradient Sum         1.74    3.57
|     FFT                  6.05   12.42
|     ---------------------------------
|     Total               14.32   29.39

|  Setup CPU time:            0.08 seconds
|  NonSetup CPU time:        48.71 seconds
|  Total CPU time:           48.80 seconds     0.01 hours

|  Setup wall time:           1    seconds
|  NonSetup wall time:       48    seconds
|  Total wall time:          49    seconds     0.01 hours
