
          -------------------------------------------------------
          Amber 16 PMEMD                              2016
          -------------------------------------------------------

| PMEMD implementation of SANDER, Release 16

| Run on 11/02/2016 at 19:21:11

|   Executable path: pmemd
| Working directory: /home/german/exs/run/1xkk/mhe/m
|          Hostname: Unknown
  [-O]verwriting output

File Assignments:
|   MDIN: min.in                                                                
|  MDOUT: min.out                                                               
| INPCRD: 1xkk.rst7                                                             
|   PARM: 1xkk.prmtop                                                           
| RESTRT: m1xkk.rst7                                                            
|   REFC: 1xkk.rst7                                                             
|  MDVEL: mdvel                                                                 
|   MDEN: mden                                                                  
|  MDCRD: m1xkk.crd                                                             
| MDINFO: mdinfo                                                                
|  MDFRC: mdfrc                                                                 


 Here is the input file:

Minimization with Cartesian restraints                                         
&cntrl                                                                         
imin=1,                                                                        
ntmin=1,                                ! Steepest Descent, then Conjugate Grad
ncyc=100,                               ! 100 steps of Steepest Descent        
maxcyc=500,                             ! 400 steps of Conjugate Gradient      
ntpr=5,                                                                        
ntr=1,                                  ! Use restraints                       
restraint_wt=100.0,                     ! 100 Kcal/mol                         
restraintmask=':1-277',                 ! Apply restraints on whole molecule. M
&end                                                                           


Note: ig = -1. Setting random seed to   863462 based on wallclock time in 
      microseconds.
 
 
| Conditional Compilation Defines Used:
| PUBFFT
| BINTRAJ
| EMIL

| Largest sphere to fit in unit cell has radius =    33.686

| New format PARM file being parsed.
| Version =    1.000 Date = 11/02/16 Time = 18:58:26

| Note: 1-4 EEL scale factors are being read from the topology file.

| Note: 1-4 VDW scale factors are being read from the topology file.
| Duplicated    0 dihedrals

| Duplicated    0 dihedrals

--------------------------------------------------------------------------------
   1.  RESOURCE   USE: 
--------------------------------------------------------------------------------

 getting new box info from bottom of inpcrd
 NATOM  =   38152 NTYPES =      17 NBONH =   35925 MBONA  =    2274
 NTHETH =    5230 MTHETA =    3076 NPHIH =   10294 MPHIA  =    9770
 NHPARM =       0 NPARM  =       0 NNB   =   69910 NRES   =   11492
 NBONA  =    2274 NTHETA =    3076 NPHIA =    9770 NUMBND =      71
 NUMANG =     161 NPTRA  =     201 NATYP =      37 NPHB   =       1
 IFBOX  =       2 NMXRS  =      24 IFCAP =       0 NEXTRA =       0
 NCOPY  =       0

| Coordinate Index Table dimensions:    16   16   16
| Direct force subcell size =     5.1571    5.1571    5.1571

     BOX TYPE: TRUNCATED OCTAHEDRON

--------------------------------------------------------------------------------
   2.  CONTROL  DATA  FOR  THE  RUN
--------------------------------------------------------------------------------

default_name                                                                    

General flags:
     imin    =       1, nmropt  =       0

Nature and format of input:
     ntx     =       1, irest   =       0, ntrx    =       1

Nature and format of output:
     ntxo    =       2, ntpr    =       5, ntrx    =       1, ntwr    =       1
     iwrap   =       0, ntwx    =       0, ntwv    =       0, ntwe    =       0
     ioutfm  =       1, ntwprt  =       0, idecomp =       0, rbornstat=      0

Potential function:
     ntf     =       1, ntb     =       1, igb     =       0, nsnb    =      25
     ipol    =       0, gbsa    =       0, iesp    =       0
     dielc   =   1.00000, cut     =   8.00000, intdiel =   1.00000

Frozen or restrained atoms:
     ibelly  =       0, ntr     =       1
     restraint_wt = 100.00000

Energy minimization:
     maxcyc  =     500, ncyc    =     100, ntmin   =       1
     dx0     =   0.01000, drms    =   0.00010

| Intermolecular bonds treatment:
|     no_intermolecular_bonds =       1

| Energy averages sample interval:
|     ene_avg_sampling =       1

Ewald parameters:
     verbose =       0, ew_type =       0, nbflag  =       1, use_pme =       1
     vdwmeth =       1, eedmeth =       1, netfrc  =       0
     Box X =   82.514   Box Y =   82.514   Box Z =   82.514
     Alpha =  109.471   Beta  =  109.471   Gamma =  109.471
     NFFT1 =   90       NFFT2 =   90       NFFT3 =   90
     Cutoff=    8.000   Tol   =0.100E-04
     Ewald Coefficient =  0.34864
     Interpolation order =    4

    LOADING THE CONSTRAINED ATOMS AS GROUPS


   5.  REFERENCE ATOM COORDINATES

  default_name                                                                    
     Mask :1-277; matches  4513 atoms

--------------------------------------------------------------------------------
   3.  ATOMIC COORDINATES AND VELOCITIES
--------------------------------------------------------------------------------

default_name                                                                    
 begin time read from input coords =     0.000 ps

 
 Number of triangulated 3-point waters found:    11212

     Sum of charges from parm topology file =  -0.00000014
     Forcing neutrality...

| Dynamic Memory, Types Used:
| Reals             1117517
| Integers          1286617

| Nonbonded Pairs Initial Allocation:     6372337

--------------------------------------------------------------------------------
   4.  RESULTS
--------------------------------------------------------------------------------

 ---------------------------------------------------
 APPROXIMATING switch and d/dx switch using CUBIC SPLINE INTERPOLATION
 using   5000.0 points per unit in tabled values
 TESTING RELATIVE ERROR over r ranging from 0.0 to cutoff
| CHECK switch(x): max rel err =   0.2738E-14   at   2.422500
| CHECK d/dx switch(x): max rel err =   0.8332E-11   at   2.782960
 ---------------------------------------------------
|---------------------------------------------------
| APPROXIMATING direct energy using CUBIC SPLINE INTERPOLATION
|  with   50.0 points per unit in tabled values
| Relative Error Limit not exceeded for r .gt.   2.47
| APPROXIMATING direct force using CUBIC SPLINE INTERPOLATION
|  with   50.0 points per unit in tabled values
| Relative Error Limit not exceeded for r .gt.   2.89
|---------------------------------------------------


   NSTEP       ENERGY          RMS            GMAX         NAME    NUMBER
      1      -9.7569E+04     3.7687E+01     7.0159E+03     HG12     2806

 BOND    =      211.2011  ANGLE   =      645.7927  DIHED      =     3069.0213
 VDWAALS =    13228.1340  EEL     =  -129234.8848  HBOND      =        0.0000
 1-4 VDW =     1403.8853  1-4 EEL =    13107.4255  RESTRAINT  =        0.0000


   NSTEP       ENERGY          RMS            GMAX         NAME    NUMBER
      5      -9.8224E+04     2.4826E+01     3.4613E+03     HG12     2806

 BOND    =      208.3577  ANGLE   =      643.7079  DIHED      =     3068.8664
 VDWAALS =    12671.0313  EEL     =  -129326.6038  HBOND      =        0.0000
 1-4 VDW =     1403.5289  1-4 EEL =    13106.7601  RESTRAINT  =        0.3071
 EAMBER  =   -98224.3514


   NSTEP       ENERGY          RMS            GMAX         NAME    NUMBER
     10      -9.9443E+04     1.6456E+01     1.0767E+03     HG12     2806

 BOND    =      213.5752  ANGLE   =      635.2063  DIHED      =     3068.2825
 VDWAALS =    11858.0644  EEL     =  -129727.0054  HBOND      =        0.0000
 1-4 VDW =     1401.9273  1-4 EEL =    13104.0104  RESTRAINT  =        3.1363
 EAMBER  =   -99445.9393


   NSTEP       ENERGY          RMS            GMAX         NAME    NUMBER
     15      -1.0155E+05     1.1545E+01     3.1027E+02     OD1      1711

 BOND    =      377.7792  ANGLE   =      610.2693  DIHED      =     3066.5980
 VDWAALS =    10914.2743  EEL     =  -131029.3999  HBOND      =        0.0000
 1-4 VDW =     1396.5572  1-4 EEL =    13095.4825  RESTRAINT  =       14.3498
 EAMBER  =  -101568.4394


   NSTEP       ENERGY          RMS            GMAX         NAME    NUMBER
     20      -1.0501E+05     7.0087E+00     1.1275E+02     O       36599

 BOND    =     1554.6517  ANGLE   =      556.3400  DIHED      =     3063.1373
 VDWAALS =     9918.7553  EEL     =  -134611.1449  HBOND      =        0.0000
 1-4 VDW =     1380.5195  1-4 EEL =    13070.6847  RESTRAINT  =       54.4425
 EAMBER  =  -105067.0564


   NSTEP       ENERGY          RMS            GMAX         NAME    NUMBER
     25      -1.0947E+05     3.1978E+00     4.6973E+01     O       36599

 BOND    =     5019.8180  ANGLE   =      487.3061  DIHED      =     3066.1572
 VDWAALS =     9013.6039  EEL     =  -141598.4619  HBOND      =        0.0000
 1-4 VDW =     1341.0074  1-4 EEL =    13000.2091  RESTRAINT  =      198.1765
 EAMBER  =  -109670.3602


   NSTEP       ENERGY          RMS            GMAX         NAME    NUMBER
     30      -1.1527E+05     3.0671E+00     1.3778E+02     CG        885

 BOND    =     6089.7392  ANGLE   =      458.4293  DIHED      =     3069.4096
 VDWAALS =     8764.4734  EEL     =  -148268.7719  HBOND      =        0.0000
 1-4 VDW =     1298.9297  1-4 EEL =    12934.0591  RESTRAINT  =      383.9207
 EAMBER  =  -115653.7316


   NSTEP       ENERGY          RMS            GMAX         NAME    NUMBER
     35      -1.1690E+05     4.4792E+00     2.2515E+02     CG        885

 BOND    =     6817.8975  ANGLE   =      466.0837  DIHED      =     3069.7086
 VDWAALS =     8878.2658  EEL     =  -150750.4028  HBOND      =        0.0000
 1-4 VDW =     1301.3071  1-4 EEL =    12918.6027  RESTRAINT  =      399.4149
 EAMBER  =  -117298.5375


   NSTEP       ENERGY          RMS            GMAX         NAME    NUMBER
     40      -1.1802E+05     4.9479E+00     2.2085E+02     CG        885

 BOND    =     7141.8259  ANGLE   =      467.6516  DIHED      =     3069.6571
 VDWAALS =     8946.6044  EEL     =  -152265.6127  HBOND      =        0.0000
 1-4 VDW =     1301.0562  1-4 EEL =    12919.0088  RESTRAINT  =      400.3716
 EAMBER  =  -118419.8088


   NSTEP       ENERGY          RMS            GMAX         NAME    NUMBER
     45      -1.1894E+05     4.7986E+00     2.1952E+02     H1       6000

 BOND    =     7251.0817  ANGLE   =      464.0890  DIHED      =     3069.3149
 VDWAALS =     9018.3593  EEL     =  -153364.6151  HBOND      =        0.0000
 1-4 VDW =     1299.9702  1-4 EEL =    12919.2532  RESTRAINT  =      400.1878
 EAMBER  =  -119342.5468


   NSTEP       ENERGY          RMS            GMAX         NAME    NUMBER
     50      -1.2008E+05     1.4827E+00     2.9497E+01     H1       6000

 BOND    =     6491.3227  ANGLE   =      449.8845  DIHED      =     3068.5650
 VDWAALS =     9111.5117  EEL     =  -153815.5825  HBOND      =        0.0000
 1-4 VDW =     1297.1315  1-4 EEL =    12927.5950  RESTRAINT  =      392.3147
 EAMBER  =  -120469.5721


   NSTEP       ENERGY          RMS            GMAX         NAME    NUMBER
     55      -1.2037E+05     5.2657E+00     2.5436E+02     H1       6000

 BOND    =     7602.9222  ANGLE   =      461.5977  DIHED      =     3068.9563
 VDWAALS =     9195.8328  EEL     =  -155317.8342  HBOND      =        0.0000
 1-4 VDW =     1299.5269  1-4 EEL =    12919.9302  RESTRAINT  =      399.5587
 EAMBER  =  -120769.0680


   NSTEP       ENERGY          RMS            GMAX         NAME    NUMBER
     60      -1.2147E+05     1.6378E+00     5.6039E+01     H1       6000

 BOND    =     6571.7000  ANGLE   =      449.9103  DIHED      =     3068.3302
 VDWAALS =     9312.2417  EEL     =  -155486.7508  HBOND      =        0.0000
 1-4 VDW =     1296.8503  1-4 EEL =    12927.7061  RESTRAINT  =      392.0135
 EAMBER  =  -121860.0122


   NSTEP       ENERGY          RMS            GMAX         NAME    NUMBER
     65      -1.2198E+05     1.1814E+00     1.8388E+01     H1      12441

 BOND    =     6695.3747  ANGLE   =      449.5266  DIHED      =     3068.4283
 VDWAALS =     9395.8445  EEL     =  -156203.0637  HBOND      =        0.0000
 1-4 VDW =     1297.1901  1-4 EEL =    12927.0348  RESTRAINT  =      391.5125
 EAMBER  =  -122369.6647


   NSTEP       ENERGY          RMS            GMAX         NAME    NUMBER
     70      -1.2254E+05     2.2817E+00     1.0110E+02     H1      12441

 BOND    =     6594.8632  ANGLE   =      450.6502  DIHED      =     3068.1211
 VDWAALS =     9523.8699  EEL     =  -156793.7446  HBOND      =        0.0000
 1-4 VDW =     1296.5110  1-4 EEL =    12927.8103  RESTRAINT  =      392.0583
 EAMBER  =  -122931.9190


   NSTEP       ENERGY          RMS            GMAX         NAME    NUMBER
     75      -1.2304E+05     1.5082E+00     5.6196E+01     H1      12441

 BOND    =     6714.2654  ANGLE   =      449.7519  DIHED      =     3068.2137
 VDWAALS =     9620.9763  EEL     =  -157506.5000  HBOND      =        0.0000
 1-4 VDW =     1296.8444  1-4 EEL =    12927.2109  RESTRAINT  =      391.4282
 EAMBER  =  -123429.2374


   NSTEP       ENERGY          RMS            GMAX         NAME    NUMBER
     80      -1.2342E+05     2.6462E+00     1.2429E+02     H1      12441

 BOND    =     6638.3239  ANGLE   =      450.9299  DIHED      =     3068.0234
 VDWAALS =     9736.1185  EEL     =  -157925.1491  HBOND      =        0.0000
 1-4 VDW =     1296.3892  1-4 EEL =    12927.4851  RESTRAINT  =      391.9561
 EAMBER  =  -123807.8791


   NSTEP       ENERGY          RMS            GMAX         NAME    NUMBER
     85      -1.2382E+05     2.7674E+00     1.3041E+02     H1      12441

 BOND    =     6655.7982  ANGLE   =      451.2284  DIHED      =     3067.9744
 VDWAALS =     9846.4100  EEL     =  -158455.2297  HBOND      =        0.0000
 1-4 VDW =     1296.3339  1-4 EEL =    12927.2631  RESTRAINT  =      392.0658
 EAMBER  =  -124210.2216


   NSTEP       ENERGY          RMS            GMAX         NAME    NUMBER
     90      -1.2418E+05     3.0266E+00     1.4348E+02     H1      12441

 BOND    =     6662.4331  ANGLE   =      451.6979  DIHED      =     3067.9251
 VDWAALS =     9957.9180  EEL     =  -158933.2878  HBOND      =        0.0000
 1-4 VDW =     1296.2437  1-4 EEL =    12927.0964  RESTRAINT  =      392.2187
 EAMBER  =  -124569.9737


   NSTEP       ENERGY          RMS            GMAX         NAME    NUMBER
     95      -1.2451E+05     2.8744E+00     1.3802E+02     H1      12441

 BOND    =     6707.0798  ANGLE   =      450.7019  DIHED      =     3067.9929
 VDWAALS =    10054.0173  EEL     =  -159402.2779  HBOND      =        0.0000
 1-4 VDW =     1296.4202  1-4 EEL =    12927.0369  RESTRAINT  =      391.3927
 EAMBER  =  -124899.0289


   NSTEP       ENERGY          RMS            GMAX         NAME    NUMBER
    100      -1.2485E+05     2.9392E+00     1.3942E+02     H1      12441

 BOND    =     6720.3757  ANGLE   =      451.1758  DIHED      =     3067.9428
 VDWAALS =    10166.6624  EEL     =  -159867.7950  HBOND      =        0.0000
 1-4 VDW =     1296.3335  1-4 EEL =    12926.8338  RESTRAINT  =      391.6374
 EAMBER  =  -125238.4710


   NSTEP       ENERGY          RMS            GMAX         NAME    NUMBER
    105      -1.2510E+05     8.6360E-01     1.3506E+01     Cl-      4516

 BOND    =     7059.7325  ANGLE   =      449.3592  DIHED      =     3068.1442
 VDWAALS =    10199.9927  EEL     =  -160486.6186  HBOND      =        0.0000
 1-4 VDW =     1297.0491  1-4 EEL =    12926.8598  RESTRAINT  =      390.3208
 EAMBER  =  -125485.4811


   NSTEP       ENERGY          RMS            GMAX         NAME    NUMBER
    110      -1.2773E+05     6.1627E+00     2.1351E+02     O       23111

 BOND    =     9199.7031  ANGLE   =      478.6609  DIHED      =     3066.6927
 VDWAALS =    12305.8417  EEL     =  -167402.9952  HBOND      =        0.0000
 1-4 VDW =     1294.4577  1-4 EEL =    12925.8857  RESTRAINT  =      404.4333
 EAMBER  =  -128131.7535


   NSTEP       ENERGY          RMS            GMAX         NAME    NUMBER
    115      -1.2889E+05     1.0987E+00     3.7065E+01     O        6710

 BOND    =     7802.3906  ANGLE   =      449.5050  DIHED      =     3067.8294
 VDWAALS =    12664.6152  EEL     =  -167489.7603  HBOND      =        0.0000
 1-4 VDW =     1297.0226  1-4 EEL =    12927.2328  RESTRAINT  =      388.7161
 EAMBER  =  -129281.1648


   NSTEP       ENERGY          RMS            GMAX         NAME    NUMBER
    120      -1.2974E+05     6.8043E+00     4.0179E+02     O       23111

 BOND    =     9361.8065  ANGLE   =      499.0334  DIHED      =     3066.6810
 VDWAALS =    14439.5655  EEL     =  -171762.1443  HBOND      =        0.0000
 1-4 VDW =     1295.4014  1-4 EEL =    12924.0379  RESTRAINT  =      430.6734
 EAMBER  =  -130175.6187


   NSTEP       ENERGY          RMS            GMAX         NAME    NUMBER
    125      -1.3078E+05     1.5598E+00     1.2500E+02     H2      23113

 BOND    =     8144.5634  ANGLE   =      451.7956  DIHED      =     3067.5872
 VDWAALS =    14779.6721  EEL     =  -171854.6326  HBOND      =        0.0000
 1-4 VDW =     1298.1211  1-4 EEL =    12925.1447  RESTRAINT  =      407.5107
 EAMBER  =  -131187.7485


   NSTEP       ENERGY          RMS            GMAX         NAME    NUMBER
    130      -1.3078E+05     1.5310E+00     1.2216E+02     H2      23113

 BOND    =     8147.7239  ANGLE   =      451.7570  DIHED      =     3067.5830
 VDWAALS =    14779.6414  EEL     =  -171860.2880  HBOND      =        0.0000
 1-4 VDW =     1298.1053  1-4 EEL =    12925.1546  RESTRAINT  =      407.4193
 EAMBER  =  -131190.3228


   NSTEP       ENERGY          RMS            GMAX         NAME    NUMBER
    135      -1.3125E+05     1.5539E+00     9.2376E+01     H1      23112

 BOND    =     8398.5082  ANGLE   =      453.4725  DIHED      =     3068.0296
 VDWAALS =    14699.0454  EEL     =  -172487.7932  HBOND      =        0.0000
 1-4 VDW =     1296.6809  1-4 EEL =    12927.8822  RESTRAINT  =      394.9523
 EAMBER  =  -131644.1743


   NSTEP       ENERGY          RMS            GMAX         NAME    NUMBER
    140      -1.3161E+05     1.3581E+00     9.7931E+01     H2      23113

 BOND    =     8233.4056  ANGLE   =      460.3441  DIHED      =     3067.8765
 VDWAALS =    14704.1677  EEL     =  -172756.8443  HBOND      =        0.0000
 1-4 VDW =     1294.7992  1-4 EEL =    12928.0324  RESTRAINT  =      461.1374
 EAMBER  =  -132068.2188


   NSTEP       ENERGY          RMS            GMAX         NAME    NUMBER
    145      -1.3228E+05     1.2640E+00     1.0786E+02     H1      23112

 BOND    =     8313.7660  ANGLE   =      466.6539  DIHED      =     3067.6791
 VDWAALS =    14879.6680  EEL     =  -173652.8071  HBOND      =        0.0000
 1-4 VDW =     1296.9181  1-4 EEL =    12927.1597  RESTRAINT  =      423.6907
 EAMBER  =  -132700.9622


   NSTEP       ENERGY          RMS            GMAX         NAME    NUMBER
    150      -1.3264E+05     1.8405E+00     1.1209E+02     H2      23113

 BOND    =     8534.3573  ANGLE   =      459.0711  DIHED      =     3067.6810
 VDWAALS =    15071.3064  EEL     =  -174404.2159  HBOND      =        0.0000
 1-4 VDW =     1295.6579  1-4 EEL =    12925.0015  RESTRAINT  =      409.5459
 EAMBER  =  -133051.1407


   NSTEP       ENERGY          RMS            GMAX         NAME    NUMBER
    155      -1.3265E+05     1.7690E+00     1.0550E+02     H2      23113

 BOND    =     8523.3138  ANGLE   =      458.4877  DIHED      =     3067.6860
 VDWAALS =    15071.0003  EEL     =  -174398.8547  HBOND      =        0.0000
 1-4 VDW =     1295.7134  1-4 EEL =    12924.9795  RESTRAINT  =      409.1794
 EAMBER  =  -133057.6741


   NSTEP       ENERGY          RMS            GMAX         NAME    NUMBER
    160      -1.3292E+05     2.2882E+00     1.6505E+02     CG        974

 BOND    =     8530.8449  ANGLE   =      460.7578  DIHED      =     3067.5279
 VDWAALS =    15080.9836  EEL     =  -174681.6052  HBOND      =        0.0000
 1-4 VDW =     1295.2767  1-4 EEL =    12926.0718  RESTRAINT  =      400.0943
 EAMBER  =  -133320.1425


   NSTEP       ENERGY          RMS            GMAX         NAME    NUMBER
    165      -1.3333E+05     1.2441E+00     7.2522E+01     O       23111

 BOND    =     8601.2875  ANGLE   =      465.7614  DIHED      =     3068.3085
 VDWAALS =    15201.7422  EEL     =  -175341.4567  HBOND      =        0.0000
 1-4 VDW =     1295.9974  1-4 EEL =    12930.7525  RESTRAINT  =      445.1980
 EAMBER  =  -133777.6071


   NSTEP       ENERGY          RMS            GMAX         NAME    NUMBER
    170      -1.3363E+05     2.1155E+00     1.3687E+02     CG        974

 BOND    =     8482.4436  ANGLE   =      473.0309  DIHED      =     3068.9266
 VDWAALS =    15586.8061  EEL     =  -175867.5043  HBOND      =        0.0000
 1-4 VDW =     1297.1236  1-4 EEL =    12920.7306  RESTRAINT  =      411.2025
 EAMBER  =  -134038.4430


   NSTEP       ENERGY          RMS            GMAX         NAME    NUMBER
    175      -1.3387E+05     1.5806E+00     1.1090E+02     CA          5

 BOND    =     8773.0776  ANGLE   =      469.4825  DIHED      =     3067.8704
 VDWAALS =    15943.9910  EEL     =  -176766.0421  HBOND      =        0.0000
 1-4 VDW =     1295.2824  1-4 EEL =    12924.1893  RESTRAINT  =      423.9724
 EAMBER  =  -134292.1490


   NSTEP       ENERGY          RMS            GMAX         NAME    NUMBER
    180      -1.3387E+05     1.5266E+00     1.0796E+02     CA          5

 BOND    =     8767.8779  ANGLE   =      468.7709  DIHED      =     3067.8740
 VDWAALS =    15943.9520  EEL     =  -176764.2436  HBOND      =        0.0000
 1-4 VDW =     1295.3507  1-4 EEL =    12924.1934  RESTRAINT  =      423.3792
 EAMBER  =  -134296.2247


   NSTEP       ENERGY          RMS            GMAX         NAME    NUMBER
    185      -1.3405E+05     1.1609E+00     6.1323E+01     O       32231

 BOND    =     8593.5029  ANGLE   =      455.5222  DIHED      =     3067.1898
 VDWAALS =    15974.2803  EEL     =  -176761.4501  HBOND      =        0.0000
 1-4 VDW =     1296.1342  1-4 EEL =    12926.6040  RESTRAINT  =      393.8417
 EAMBER  =  -134448.2167


   NSTEP       ENERGY          RMS            GMAX         NAME    NUMBER
    190      -1.3422E+05     1.0655E+00     6.5725E+01     H1      23112

 BOND    =     8783.0690  ANGLE   =      469.8780  DIHED      =     3068.2074
 VDWAALS =    16081.7531  EEL     =  -177281.9390  HBOND      =        0.0000
 1-4 VDW =     1295.9612  1-4 EEL =    12930.5886  RESTRAINT  =      430.9813
 EAMBER  =  -134652.4816


   NSTEP       ENERGY          RMS            GMAX         NAME    NUMBER
    195      -1.3456E+05     1.4844E+00     1.3234E+02     H3          4

 BOND    =     8776.4715  ANGLE   =      462.8085  DIHED      =     3068.2722
 VDWAALS =    16530.1588  EEL     =  -178043.8315  HBOND      =        0.0000
 1-4 VDW =     1294.5500  1-4 EEL =    12925.8947  RESTRAINT  =      424.2917
 EAMBER  =  -134985.6758


   NSTEP       ENERGY          RMS            GMAX         NAME    NUMBER
    200      -1.3478E+05     1.6991E+00     1.4466E+02     H2          3

 BOND    =     8896.2428  ANGLE   =      466.4493  DIHED      =     3068.6680
 VDWAALS =    16786.6331  EEL     =  -178639.8940  HBOND      =        0.0000
 1-4 VDW =     1296.4967  1-4 EEL =    12923.0317  RESTRAINT  =      418.3516
 EAMBER  =  -135202.3724


   NSTEP       ENERGY          RMS            GMAX         NAME    NUMBER
    205      -1.3479E+05     1.6360E+00     1.4131E+02     H2          3

 BOND    =     8890.3976  ANGLE   =      465.9316  DIHED      =     3068.6360
 VDWAALS =    16786.3720  EEL     =  -178638.1061  HBOND      =        0.0000
 1-4 VDW =     1296.4873  1-4 EEL =    12923.0379  RESTRAINT  =      417.8804
 EAMBER  =  -135207.2436


   NSTEP       ENERGY          RMS            GMAX         NAME    NUMBER
    210      -1.3500E+05     9.5966E-01     6.7189E+01     N           1

 BOND    =     8830.7907  ANGLE   =      452.6585  DIHED      =     3067.8362
 VDWAALS =    16774.3435  EEL     =  -178737.3154  HBOND      =        0.0000
 1-4 VDW =     1297.1902  1-4 EEL =    12927.2324  RESTRAINT  =      391.2415
 EAMBER  =  -135387.2638


   NSTEP       ENERGY          RMS            GMAX         NAME    NUMBER
    215      -1.3515E+05     9.5622E-01     9.7353E+01     H3          4

 BOND    =     8896.2199  ANGLE   =      468.5137  DIHED      =     3068.4576
 VDWAALS =    16786.7261  EEL     =  -179019.3181  HBOND      =        0.0000
 1-4 VDW =     1296.1684  1-4 EEL =    12932.3618  RESTRAINT  =      422.0430
 EAMBER  =  -135570.8706


   NSTEP       ENERGY          RMS            GMAX         NAME    NUMBER
    220      -1.3537E+05     1.5613E+00     1.5017E+02     CG       2494

 BOND    =     8944.9716  ANGLE   =      461.0034  DIHED      =     3068.2474
 VDWAALS =    17039.2722  EEL     =  -179508.0722  HBOND      =        0.0000
 1-4 VDW =     1296.5509  1-4 EEL =    12922.9617  RESTRAINT  =      401.8849
 EAMBER  =  -135775.0650


   NSTEP       ENERGY          RMS            GMAX         NAME    NUMBER
    225      -1.3552E+05     1.4465E+00     1.5110E+02     CA          5

 BOND    =     8942.6202  ANGLE   =      467.6532  DIHED      =     3069.3037
 VDWAALS =    17227.9524  EEL     =  -179864.4250  HBOND      =        0.0000
 1-4 VDW =     1295.4518  1-4 EEL =    12925.8336  RESTRAINT  =      417.2295
 EAMBER  =  -135935.6101


   NSTEP       ENERGY          RMS            GMAX         NAME    NUMBER
    230      -1.3552E+05     1.3818E+00     1.4504E+02     CA          5

 BOND    =     8939.6909  ANGLE   =      466.7427  DIHED      =     3069.2515
 VDWAALS =    17227.8758  EEL     =  -179865.1154  HBOND      =        0.0000
 1-4 VDW =     1295.5149  1-4 EEL =    12925.7944  RESTRAINT  =      416.5677
 EAMBER  =  -135940.2451


   NSTEP       ENERGY          RMS            GMAX         NAME    NUMBER
    235      -1.3568E+05     9.7305E-01     7.9631E+01     N           1

 BOND    =     8983.4871  ANGLE   =      454.1577  DIHED      =     3067.7454
 VDWAALS =    17258.2990  EEL     =  -180054.1346  HBOND      =        0.0000
 1-4 VDW =     1296.0211  1-4 EEL =    12924.9595  RESTRAINT  =      392.3283
 EAMBER  =  -136069.4648


   NSTEP       ENERGY          RMS            GMAX         NAME    NUMBER
    240      -1.3579E+05     9.1926E-01     9.1382E+01     H3          4

 BOND    =     8997.8226  ANGLE   =      462.4033  DIHED      =     3068.5654
 VDWAALS =    17347.5010  EEL     =  -180306.4634  HBOND      =        0.0000
 1-4 VDW =     1295.9122  1-4 EEL =    12930.6415  RESTRAINT  =      413.9866
 EAMBER  =  -136203.6174


   NSTEP       ENERGY          RMS            GMAX         NAME    NUMBER
    245      -1.3604E+05     9.4808E-01     6.4785E+01     CD2        16

 BOND    =     9066.0112  ANGLE   =      453.8274  DIHED      =     3069.4227
 VDWAALS =    17690.9306  EEL     =  -180938.1109  HBOND      =        0.0000
 1-4 VDW =     1297.0586  1-4 EEL =    12928.5794  RESTRAINT  =      396.8328
 EAMBER  =  -136432.2808


   NSTEP       ENERGY          RMS            GMAX         NAME    NUMBER
    250      -1.3616E+05     1.2408E+00     1.0579E+02     CA          5

 BOND    =     9080.6753  ANGLE   =      461.0933  DIHED      =     3068.2804
 VDWAALS =    17902.0340  EEL     =  -181296.7737  HBOND      =        0.0000
 1-4 VDW =     1295.7875  1-4 EEL =    12923.9649  RESTRAINT  =      408.4201
 EAMBER  =  -136564.9384


   NSTEP       ENERGY          RMS            GMAX         NAME    NUMBER
    255      -1.3616E+05     1.1906E+00     1.0135E+02     CA          5

 BOND    =     9078.7653  ANGLE   =      460.6597  DIHED      =     3068.2502
 VDWAALS =    17901.7137  EEL     =  -181297.5563  HBOND      =        0.0000
 1-4 VDW =     1295.7979  1-4 EEL =    12923.9305  RESTRAINT  =      408.0229
 EAMBER  =  -136568.4390


   NSTEP       ENERGY          RMS            GMAX         NAME    NUMBER
    260      -1.3633E+05     8.4368E-01     7.2026E+01     N           1

 BOND    =     9106.5759  ANGLE   =      452.9041  DIHED      =     3068.3832
 VDWAALS =    17874.0031  EEL     =  -181450.5388  HBOND      =        0.0000
 1-4 VDW =     1297.0109  1-4 EEL =    12928.6002  RESTRAINT  =      392.0114
 EAMBER  =  -136723.0614


   NSTEP       ENERGY          RMS            GMAX         NAME    NUMBER
    265      -1.3646E+05     8.8943E-01     1.0002E+02     H3          4

 BOND    =     9127.2553  ANGLE   =      462.6606  DIHED      =     3068.1345
 VDWAALS =    17874.1789  EEL     =  -181631.6922  HBOND      =        0.0000
 1-4 VDW =     1296.2136  1-4 EEL =    12932.7286  RESTRAINT  =      409.8104
 EAMBER  =  -136870.5206


   NSTEP       ENERGY          RMS            GMAX         NAME    NUMBER
    270      -1.3661E+05     1.0318E+00     1.0750E+02     CG       2494

 BOND    =     9136.4092  ANGLE   =      455.4210  DIHED      =     3067.9435
 VDWAALS =    18015.4398  EEL     =  -181903.3107  HBOND      =        0.0000
 1-4 VDW =     1296.6622  1-4 EEL =    12923.7191  RESTRAINT  =      394.6873
 EAMBER  =  -137007.7160


   NSTEP       ENERGY          RMS            GMAX         NAME    NUMBER
    275      -1.3672E+05     1.2365E+00     1.1032E+02     CA          5

 BOND    =     9196.5710  ANGLE   =      466.0616  DIHED      =     3070.0185
 VDWAALS =    18180.0911  EEL     =  -182264.3430  HBOND      =        0.0000
 1-4 VDW =     1295.7380  1-4 EEL =    12926.4476  RESTRAINT  =      413.4072
 EAMBER  =  -137129.4152


   NSTEP       ENERGY          RMS            GMAX         NAME    NUMBER
    280      -1.3672E+05     1.1812E+00     1.0548E+02     CA          5

 BOND    =     9194.2917  ANGLE   =      465.2701  DIHED      =     3069.9371
 VDWAALS =    18180.1849  EEL     =  -182264.7386  HBOND      =        0.0000
 1-4 VDW =     1295.7835  1-4 EEL =    12926.3855  RESTRAINT  =      412.8744
 EAMBER  =  -137132.8857


   NSTEP       ENERGY          RMS            GMAX         NAME    NUMBER
    285      -1.3685E+05     1.0397E+00     9.8601E+01     CG       2494

 BOND    =     9174.8928  ANGLE   =      456.9443  DIHED      =     3068.5009
 VDWAALS =    18222.1727  EEL     =  -182382.8131  HBOND      =        0.0000
 1-4 VDW =     1295.3751  1-4 EEL =    12924.7764  RESTRAINT  =      394.0843
 EAMBER  =  -137240.1508


   NSTEP       ENERGY          RMS            GMAX         NAME    NUMBER
    290      -1.3694E+05     8.5619E-01     9.2911E+01     H3          4

 BOND    =     9230.7603  ANGLE   =      461.6219  DIHED      =     3068.1758
 VDWAALS =    18307.8263  EEL     =  -182645.4379  HBOND      =        0.0000
 1-4 VDW =     1296.0088  1-4 EEL =    12931.0695  RESTRAINT  =      406.7416
 EAMBER  =  -137349.9752


   NSTEP       ENERGY          RMS            GMAX         NAME    NUMBER
    295      -1.3712E+05     8.0168E-01     5.2130E+01     O          21

 BOND    =     9259.5523  ANGLE   =      452.4490  DIHED      =     3068.5036
 VDWAALS =    18585.3536  EEL     =  -183108.5415  HBOND      =        0.0000
 1-4 VDW =     1296.9765  1-4 EEL =    12928.6308  RESTRAINT  =      393.2352
 EAMBER  =  -137517.0757


   NSTEP       ENERGY          RMS            GMAX         NAME    NUMBER
    300      -1.3722E+05     1.1182E+00     9.6554E+01     CA          5

 BOND    =     9288.2020  ANGLE   =      460.3688  DIHED      =     3067.9474
 VDWAALS =    18776.7995  EEL     =  -183439.5080  HBOND      =        0.0000
 1-4 VDW =     1295.9470  1-4 EEL =    12924.1848  RESTRAINT  =      405.0344
 EAMBER  =  -137626.0585


   NSTEP       ENERGY          RMS            GMAX         NAME    NUMBER
    305      -1.3722E+05     1.0707E+00     9.2075E+01     CA          5

 BOND    =     9286.7188  ANGLE   =      459.9224  DIHED      =     3067.9213
 VDWAALS =    18776.4834  EEL     =  -183440.3272  HBOND      =        0.0000
 1-4 VDW =     1295.9534  1-4 EEL =    12924.1497  RESTRAINT  =      404.6589
 EAMBER  =  -137629.1782


   NSTEP       ENERGY          RMS            GMAX         NAME    NUMBER
    310      -1.3737E+05     7.6461E-01     6.6227E+01     N           1

 BOND    =     9312.7680  ANGLE   =      453.2534  DIHED      =     3068.4446
 VDWAALS =    18748.6302  EEL     =  -183568.1394  HBOND      =        0.0000
 1-4 VDW =     1296.8162  1-4 EEL =    12928.7899  RESTRAINT  =      391.9960
 EAMBER  =  -137759.4372


   NSTEP       ENERGY          RMS            GMAX         NAME    NUMBER
    315      -1.3747E+05     8.2117E-01     9.5885E+01     H3          4

 BOND    =     9326.6517  ANGLE   =      461.2130  DIHED      =     3067.8119
 VDWAALS =    18742.1732  EEL     =  -183704.3242  HBOND      =        0.0000
 1-4 VDW =     1295.9562  1-4 EEL =    12932.1262  RESTRAINT  =      403.4155
 EAMBER  =  -137878.3920


   NSTEP       ENERGY          RMS            GMAX         NAME    NUMBER
    320      -1.3759E+05     8.3018E-01     8.1596E+01     CG       2494

 BOND    =     9327.0965  ANGLE   =      454.1231  DIHED      =     3067.7143
 VDWAALS =    18841.3504  EEL     =  -183898.6647  HBOND      =        0.0000
 1-4 VDW =     1296.5308  1-4 EEL =    12924.6078  RESTRAINT  =      392.6886
 EAMBER  =  -137987.2419


   NSTEP       ENERGY          RMS            GMAX         NAME    NUMBER
    325      -1.3768E+05     1.1533E+00     1.0828E+02     CG       2494

 BOND    =     9388.6170  ANGLE   =      465.6045  DIHED      =     3070.0848
 VDWAALS =    18988.8762  EEL     =  -184232.7485  HBOND      =        0.0000
 1-4 VDW =     1296.3545  1-4 EEL =    12926.4947  RESTRAINT  =      411.8361
 EAMBER  =  -138096.7168


   NSTEP       ENERGY          RMS            GMAX         NAME    NUMBER
    330      -1.3769E+05     1.1005E+00     9.8634E+01     CG       2494

 BOND    =     9386.6022  ANGLE   =      464.8747  DIHED      =     3069.9949
 VDWAALS =    18989.0147  EEL     =  -184233.0808  HBOND      =        0.0000
 1-4 VDW =     1296.3784  1-4 EEL =    12926.4391  RESTRAINT  =      411.3198
 EAMBER  =  -138099.7768


   NSTEP       ENERGY          RMS            GMAX         NAME    NUMBER
    335      -1.3780E+05     1.0809E+00     1.2028E+02     CG       2494

 BOND    =     9367.5338  ANGLE   =      458.1123  DIHED      =     3068.6700
 VDWAALS =    19032.4995  EEL     =  -184337.5431  HBOND      =        0.0000
 1-4 VDW =     1295.2948  1-4 EEL =    12924.6061  RESTRAINT  =      394.9016
 EAMBER  =  -138190.8266


   NSTEP       ENERGY          RMS            GMAX         NAME    NUMBER
    340      -1.3788E+05     7.9406E-01     8.8256E+01     H3          4

 BOND    =     9420.6755  ANGLE   =      460.5817  DIHED      =     3067.9412
 VDWAALS =    19108.3402  EEL     =  -184568.2397  HBOND      =        0.0000
 1-4 VDW =     1295.8565  1-4 EEL =    12930.6951  RESTRAINT  =      402.3719
 EAMBER  =  -138284.1496


   NSTEP       ENERGY          RMS            GMAX         NAME    NUMBER
    345      -1.3803E+05     7.1966E-01     5.2462E+01     CA          5

 BOND    =     9433.2843  ANGLE   =      452.0018  DIHED      =     3067.9249
 VDWAALS =    19342.9861  EEL     =  -184940.1427  HBOND      =        0.0000
 1-4 VDW =     1296.8504  1-4 EEL =    12927.9497  RESTRAINT  =      391.6793
 EAMBER  =  -138419.1454


   NSTEP       ENERGY          RMS            GMAX         NAME    NUMBER
    350      -1.3811E+05     1.0296E+00     9.3146E+01     CA          5

 BOND    =     9467.2123  ANGLE   =      459.6476  DIHED      =     3067.7667
 VDWAALS =    19504.3185  EEL     =  -185227.8784  HBOND      =        0.0000
 1-4 VDW =     1296.0420  1-4 EEL =    12924.3076  RESTRAINT  =      402.5227
 EAMBER  =  -138508.5837


   NSTEP       ENERGY          RMS            GMAX         NAME    NUMBER
    355      -1.3811E+05     9.8088E-01     8.8277E+01     CA          5

 BOND    =     9465.7448  ANGLE   =      459.1807  DIHED      =     3067.7401
 VDWAALS =    19504.0488  EEL     =  -185228.5176  HBOND      =        0.0000
 1-4 VDW =     1296.0501  1-4 EEL =    12924.2736  RESTRAINT  =      402.1549
 EAMBER  =  -138511.4795


   NSTEP       ENERGY          RMS            GMAX         NAME    NUMBER
    360      -1.3823E+05     6.8558E-01     5.4384E+01     N           1

 BOND    =     9481.2275  ANGLE   =      453.1922  DIHED      =     3068.3669
 VDWAALS =    19480.8008  EEL     =  -185325.8271  HBOND      =        0.0000
 1-4 VDW =     1296.6859  1-4 EEL =    12928.5626  RESTRAINT  =      391.3960
 EAMBER  =  -138616.9913


   NSTEP       ENERGY          RMS            GMAX         NAME    NUMBER
    365      -1.3831E+05     7.6224E-01     8.3688E+01     H3          4

 BOND    =     9495.9144  ANGLE   =      459.4995  DIHED      =     3067.5922
 VDWAALS =    19475.7057  EEL     =  -185439.0827  HBOND      =        0.0000
 1-4 VDW =     1295.9671  1-4 EEL =    12931.0876  RESTRAINT  =      399.9615
 EAMBER  =  -138713.3163


   NSTEP       ENERGY          RMS            GMAX         NAME    NUMBER
    370      -1.3841E+05     7.4951E-01     7.5474E+01     CG       2494

 BOND    =     9496.2950  ANGLE   =      453.6904  DIHED      =     3067.5765
 VDWAALS =    19555.9517  EEL     =  -185598.7750  HBOND      =        0.0000
 1-4 VDW =     1296.5608  1-4 EEL =    12924.7208  RESTRAINT  =      391.9542
 EAMBER  =  -138803.9798


   NSTEP       ENERGY          RMS            GMAX         NAME    NUMBER
    375      -1.3849E+05     1.0535E+00     1.0243E+02     CG       2494

 BOND    =     9538.7177  ANGLE   =      464.5750  DIHED      =     3069.7654
 VDWAALS =    19681.9409  EEL     =  -185876.7083  HBOND      =        0.0000
 1-4 VDW =     1296.6465  1-4 EEL =    12926.2220  RESTRAINT  =      409.7429
 EAMBER  =  -138898.8408


   NSTEP       ENERGY          RMS            GMAX         NAME    NUMBER
    380      -1.3849E+05     1.0015E+00     9.2525E+01     CG       2494

 BOND    =     9537.1813  ANGLE   =      463.8848  DIHED      =     3069.6763
 VDWAALS =    19682.1329  EEL     =  -185877.2802  HBOND      =        0.0000
 1-4 VDW =     1296.6644  1-4 EEL =    12926.1696  RESTRAINT  =      409.2336
 EAMBER  =  -138901.5709


   NSTEP       ENERGY          RMS            GMAX         NAME    NUMBER
    385      -1.3858E+05     1.0160E+00     1.1175E+02     CG       2494

 BOND    =     9539.3860  ANGLE   =      458.0674  DIHED      =     3068.4659
 VDWAALS =    19724.1087  EEL     =  -185987.7240  HBOND      =        0.0000
 1-4 VDW =     1295.2854  1-4 EEL =    12924.7237  RESTRAINT  =      394.3822
 EAMBER  =  -138977.6869


   NSTEP       ENERGY          RMS            GMAX         NAME    NUMBER
    390      -1.3865E+05     7.3467E-01     7.8451E+01     H3          4

 BOND    =     9569.9976  ANGLE   =      459.2704  DIHED      =     3067.7882
 VDWAALS =    19789.0622  EEL     =  -186164.9429  HBOND      =        0.0000
 1-4 VDW =     1295.9271  1-4 EEL =    12930.0599  RESTRAINT  =      399.2017
 EAMBER  =  -139052.8374


   NSTEP       ENERGY          RMS            GMAX         NAME    NUMBER
    395      -1.3877E+05     6.5660E-01     4.9186E+01     CA          5

 BOND    =     9590.1684  ANGLE   =      452.0602  DIHED      =     3067.6517
 VDWAALS =    19993.0947  EEL     =  -186491.9376  HBOND      =        0.0000
 1-4 VDW =     1296.6547  1-4 EEL =    12927.2174  RESTRAINT  =      390.7794
 EAMBER  =  -139165.0906


   NSTEP       ENERGY          RMS            GMAX         NAME    NUMBER
    400      -1.3884E+05     9.5137E-01     8.2497E+01     CA          5

 BOND    =     9615.7809  ANGLE   =      458.5347  DIHED      =     3067.5472
 VDWAALS =    20127.1446  EEL     =  -186727.1872  HBOND      =        0.0000
 1-4 VDW =     1296.3117  1-4 EEL =    12924.3836  RESTRAINT  =      399.7974
 EAMBER  =  -139237.4844


   NSTEP       ENERGY          RMS            GMAX         NAME    NUMBER
    405      -1.3884E+05     8.9998E-01     7.7607E+01     CA          5

 BOND    =     9614.3585  ANGLE   =      458.0707  DIHED      =     3067.5253
 VDWAALS =    20126.8946  EEL     =  -186727.7687  HBOND      =        0.0000
 1-4 VDW =     1296.3110  1-4 EEL =    12924.3527  RESTRAINT  =      399.4472
 EAMBER  =  -139240.2561


   NSTEP       ENERGY          RMS            GMAX         NAME    NUMBER
    410      -1.3894E+05     6.1996E-01     4.6275E+01     N           1

 BOND    =     9624.5737  ANGLE   =      453.0022  DIHED      =     3068.2037
 VDWAALS =    20106.9257  EEL     =  -186803.9200  HBOND      =        0.0000
 1-4 VDW =     1296.6879  1-4 EEL =    12928.0720  RESTRAINT  =      390.6233
 EAMBER  =  -139326.4548


   NSTEP       ENERGY          RMS            GMAX         NAME    NUMBER
    415      -1.3901E+05     7.0063E-01     7.6162E+01     H3          4

 BOND    =     9637.9502  ANGLE   =      458.6977  DIHED      =     3067.5095
 VDWAALS =    20100.2996  EEL     =  -186897.7269  HBOND      =        0.0000
 1-4 VDW =     1295.9447  1-4 EEL =    12930.1312  RESTRAINT  =      397.3347
 EAMBER  =  -139407.1938


   NSTEP       ENERGY          RMS            GMAX         NAME    NUMBER
    420      -1.3909E+05     6.7939E-01     6.5263E+01     CG       2494

 BOND    =     9635.7728  ANGLE   =      453.4190  DIHED      =     3067.5017
 VDWAALS =    20163.4812  EEL     =  -187024.5240  HBOND      =        0.0000
 1-4 VDW =     1296.5796  1-4 EEL =    12924.7351  RESTRAINT  =      391.3754
 EAMBER  =  -139483.0348


   NSTEP       ENERGY          RMS            GMAX         NAME    NUMBER
    425      -1.3916E+05     9.8318E-01     9.6152E+01     CG       2494

 BOND    =     9672.9971  ANGLE   =      463.5308  DIHED      =     3069.4314
 VDWAALS =    20270.8808  EEL     =  -187266.5346  HBOND      =        0.0000
 1-4 VDW =     1296.9843  1-4 EEL =    12925.7706  RESTRAINT  =      407.9513
 EAMBER  =  -139566.9396


   NSTEP       ENERGY          RMS            GMAX         NAME    NUMBER
    430      -1.3916E+05     9.3127E-01     8.6141E+01     CG       2494

 BOND    =     9671.5846  ANGLE   =      462.8908  DIHED      =     3069.3464
 VDWAALS =    20271.0937  EEL     =  -187267.0969  HBOND      =        0.0000
 1-4 VDW =     1296.9915  1-4 EEL =    12925.7323  RESTRAINT  =      407.4461
 EAMBER  =  -139569.4575


   NSTEP       ENERGY          RMS            GMAX         NAME    NUMBER
    435      -1.3924E+05     9.3500E-01     1.0226E+02     CG       2494

 BOND    =     9676.4315  ANGLE   =      457.0146  DIHED      =     3068.1343
 VDWAALS =    20308.5064  EEL     =  -187363.6812  HBOND      =        0.0000
 1-4 VDW =     1295.5008  1-4 EEL =    12924.7746  RESTRAINT  =      393.3242
 EAMBER  =  -139633.3189


   NSTEP       ENERGY          RMS            GMAX         NAME    NUMBER
    440      -1.3930E+05     6.7779E-01     6.9857E+01     H3          4

 BOND    =     9697.9972  ANGLE   =      458.4212  DIHED      =     3067.6825
 VDWAALS =    20363.8695  EEL     =  -187508.1015  HBOND      =        0.0000
 1-4 VDW =     1295.9606  1-4 EEL =    12929.3732  RESTRAINT  =      396.9479
 EAMBER  =  -139694.7972


   NSTEP       ENERGY          RMS            GMAX         NAME    NUMBER
    445      -1.3940E+05     6.0606E-01     4.3476E+01     CA          5

 BOND    =     9721.9546  ANGLE   =      451.9707  DIHED      =     3067.4909
 VDWAALS =    20547.3224  EEL     =  -187804.4889  HBOND      =        0.0000
 1-4 VDW =     1296.7219  1-4 EEL =    12926.7532  RESTRAINT  =      390.2438
 EAMBER  =  -139792.2751


   NSTEP       ENERGY          RMS            GMAX         NAME    NUMBER
    450      -1.3945E+05     8.8752E-01     7.3905E+01     CA          5

 BOND    =     9740.4343  ANGLE   =      457.2779  DIHED      =     3067.4313
 VDWAALS =    20662.6615  EEL     =  -188001.1323  HBOND      =        0.0000
 1-4 VDW =     1296.3562  1-4 EEL =    12924.5834  RESTRAINT  =      397.4873
 EAMBER  =  -139852.3876


   NSTEP       ENERGY          RMS            GMAX         NAME    NUMBER
    455      -1.3946E+05     8.3330E-01     6.8976E+01     CA          5

 BOND    =     9739.0744  ANGLE   =      456.8320  DIHED      =     3067.4098
 VDWAALS =    20662.4120  EEL     =  -188001.7093  HBOND      =        0.0000
 1-4 VDW =     1296.3578  1-4 EEL =    12924.5518  RESTRAINT  =      397.1608
 EAMBER  =  -139855.0715


   NSTEP       ENERGY          RMS            GMAX         NAME    NUMBER
    460      -1.3954E+05     5.7357E-01     4.0523E+01     CA          5

 BOND    =     9749.1895  ANGLE   =      452.9691  DIHED      =     3068.0949
 VDWAALS =    20642.9715  EEL     =  -188066.4544  HBOND      =        0.0000
 1-4 VDW =     1296.7012  1-4 EEL =    12927.6981  RESTRAINT  =      390.2571
 EAMBER  =  -139928.8301


   NSTEP       ENERGY          RMS            GMAX         NAME    NUMBER
    465      -1.3960E+05     6.3982E-01     6.4525E+01     H3          4

 BOND    =     9759.1543  ANGLE   =      457.4188  DIHED      =     3067.4096
 VDWAALS =    20634.1332  EEL     =  -188142.5134  HBOND      =        0.0000
 1-4 VDW =     1296.0993  1-4 EEL =    12929.3056  RESTRAINT  =      395.4804
 EAMBER  =  -139998.9926


   NSTEP       ENERGY          RMS            GMAX         NAME    NUMBER
    470      -1.3967E+05     6.1700E-01     5.9823E+01     CG       2494

 BOND    =     9754.5797  ANGLE   =      453.0649  DIHED      =     3067.4206
 VDWAALS =    20684.0319  EEL     =  -188240.4093  HBOND      =        0.0000
 1-4 VDW =     1296.6264  1-4 EEL =    12924.7714  RESTRAINT  =      390.9189
 EAMBER  =  -140059.9144


   NSTEP       ENERGY          RMS            GMAX         NAME    NUMBER
    475      -1.3973E+05     9.0069E-01     8.6295E+01     CG       2494

 BOND    =     9790.1355  ANGLE   =      462.2283  DIHED      =     3069.0868
 VDWAALS =    20778.1633  EEL     =  -188454.7012  HBOND      =        0.0000
 1-4 VDW =     1297.0520  1-4 EEL =    12925.4437  RESTRAINT  =      405.8884
 EAMBER  =  -140132.5916


   NSTEP       ENERGY          RMS            GMAX         NAME    NUMBER
    480      -1.3973E+05     8.4934E-01     7.6390E+01     CG       2494

 BOND    =     9788.7819  ANGLE   =      461.6261  DIHED      =     3069.0060
 VDWAALS =    20778.3959  EEL     =  -188455.1836  HBOND      =        0.0000
 1-4 VDW =     1297.0584  1-4 EEL =    12925.4157  RESTRAINT  =      405.3952
 EAMBER  =  -140134.8996


   NSTEP       ENERGY          RMS            GMAX         NAME    NUMBER
    485      -1.3980E+05     8.3331E-01     8.6805E+01     CG       2494

 BOND    =     9788.8512  ANGLE   =      456.1436  DIHED      =     3067.9014
 VDWAALS =    20811.9311  EEL     =  -188534.1421  HBOND      =        0.0000
 1-4 VDW =     1295.5674  1-4 EEL =    12925.0131  RESTRAINT  =      392.3489
 EAMBER  =  -140188.7343


   NSTEP       ENERGY          RMS            GMAX         NAME    NUMBER
    490      -1.3984E+05     6.2165E-01     5.9939E+01     H3          4

 BOND    =     9810.1356  ANGLE   =      457.2628  DIHED      =     3067.5813
 VDWAALS =    20859.9925  EEL     =  -188657.9985  HBOND      =        0.0000
 1-4 VDW =     1296.0833  1-4 EEL =    12928.7347  RESTRAINT  =      395.1721
 EAMBER  =  -140238.2083


   NSTEP       ENERGY          RMS            GMAX         NAME    NUMBER
    495      -1.3993E+05     5.7538E-01     4.1643E+01     CG       4073

 BOND    =     9830.8693  ANGLE   =      452.0876  DIHED      =     3067.4308
 VDWAALS =    21024.7330  EEL     =  -188918.9706  HBOND      =        0.0000
 1-4 VDW =     1296.5932  1-4 EEL =    12926.3458  RESTRAINT  =      390.0025
 EAMBER  =  -140320.9108


   NSTEP       ENERGY          RMS            GMAX         NAME    NUMBER
    500      -1.3997E+05     8.1617E-01     6.5433E+01     CA          5

 BOND    =     9845.7458  ANGLE   =      456.1955  DIHED      =     3067.3255
 VDWAALS =    21119.2201  EEL     =  -189079.1573  HBOND      =        0.0000
 1-4 VDW =     1296.4985  1-4 EEL =    12924.7092  RESTRAINT  =      395.7183
 EAMBER  =  -140369.4628


  Maximum number of minimization cycles reached.


                    FINAL RESULTS



   NSTEP       ENERGY          RMS            GMAX         NAME    NUMBER
    500      -1.3997E+05     8.1617E-01     6.5433E+01     CA          5

 BOND    =     9845.7458  ANGLE   =      456.1955  DIHED      =     3067.3255
 VDWAALS =    21119.2201  EEL     =  -189079.1573  HBOND      =        0.0000
 1-4 VDW =     1296.4985  1-4 EEL =    12924.7092  RESTRAINT  =      395.7183
 EAMBER  =  -140369.4628
--------------------------------------------------------------------------------
   5.  TIMINGS
--------------------------------------------------------------------------------

|  NonSetup CPU Time in Major Routines:
|
|     Routine           Sec        %
|     ------------------------------
|     Nonbond          75.06   96.52
|     Bond              0.26    0.33
|     Angle             0.33    0.42
|     Dihedral          1.79    2.30
|     Shake             0.00    0.00
|     Other             0.32    0.42
|     ------------------------------
|     Total            77.76

|  PME Nonbond Pairlist CPU Time:
|
|     Routine              Sec        %
|     ---------------------------------
|     Set Up Cit           0.03    0.04
|     Build List           1.45    1.86
|     ---------------------------------
|     Total                1.48    1.90

|  PME Direct Force CPU Time:
|
|     Routine              Sec        %
|     ---------------------------------
|     NonBonded Calc      46.09   59.27
|     Exclude Masked       0.94    1.21
|     Other                0.30    0.39
|     ---------------------------------
|     Total               47.33   60.86

|  PME Reciprocal Force CPU Time:
|
|     Routine              Sec        %
|     ---------------------------------
|     1D bspline           0.63    0.81
|     Grid Charges         1.72    2.22
|     Scalar Sum           8.80   11.32
|     Gradient Sum         2.75    3.53
|     FFT                 12.30   15.82
|     ---------------------------------
|     Total               26.20   33.70

|  Setup CPU time:            0.19 seconds
|  NonSetup CPU time:        77.76 seconds
|  Total CPU time:           77.95 seconds     0.02 hours

|  Setup wall time:           0    seconds
|  NonSetup wall time:       78    seconds
|  Total wall time:          78    seconds     0.02 hours
