
          -------------------------------------------------------
          Amber 16 PMEMD                              2016
          -------------------------------------------------------

| PMEMD implementation of SANDER, Release 16

| Run on 11/02/2016 at 19:24:59

|   Executable path: pmemd
| Working directory: /home/german/exs/run/1xkk/mhe/m
|          Hostname: Unknown
  [-O]verwriting output

File Assignments:
|   MDIN: mmin.in                                                               
|  MDOUT: mmin.out                                                              
| INPCRD: m1xkk.rst7                                                            
|   PARM: 1xkk.prmtop                                                           
| RESTRT: mm1xkk.rst7                                                           
|   REFC: 1xkk.rst7                                                             
|  MDVEL: mdvel                                                                 
|   MDEN: mden                                                                  
|  MDCRD: mm1xkk.crd                                                            
| MDINFO: mdinfo                                                                
|  MDFRC: mdfrc                                                                 


 Here is the input file:

Minimization with Cartesian restraints                                         
&cntrl                                                                         
imin=1,                                                                        
ntmin=1,                                ! Steepest Descent, then Conjugate Grad
ncyc=100,                               ! 100 steps of Steepest Descent        
maxcyc=500,                             ! 400 steps of Conjugate Gradient      
ntpr=5,                                                                        
&end                                                                           


Note: ig = -1. Setting random seed to   259825 based on wallclock time in 
      microseconds.
 
 
| Conditional Compilation Defines Used:
| PUBFFT
| BINTRAJ
| EMIL

| Largest sphere to fit in unit cell has radius =    33.686

| New format PARM file being parsed.
| Version =    1.000 Date = 11/02/16 Time = 18:58:26

| Note: 1-4 EEL scale factors are being read from the topology file.

| Note: 1-4 VDW scale factors are being read from the topology file.
| Duplicated    0 dihedrals

| Duplicated    0 dihedrals

--------------------------------------------------------------------------------
   1.  RESOURCE   USE: 
--------------------------------------------------------------------------------

 getting box info from netcdf restart file
 NATOM  =   38152 NTYPES =      17 NBONH =   35925 MBONA  =    2274
 NTHETH =    5230 MTHETA =    3076 NPHIH =   10294 MPHIA  =    9770
 NHPARM =       0 NPARM  =       0 NNB   =   69910 NRES   =   11492
 NBONA  =    2274 NTHETA =    3076 NPHIA =    9770 NUMBND =      71
 NUMANG =     161 NPTRA  =     201 NATYP =      37 NPHB   =       1
 IFBOX  =       2 NMXRS  =      24 IFCAP =       0 NEXTRA =       0
 NCOPY  =       0

| Coordinate Index Table dimensions:    16   16   16
| Direct force subcell size =     5.1571    5.1571    5.1571

     BOX TYPE: TRUNCATED OCTAHEDRON

--------------------------------------------------------------------------------
   2.  CONTROL  DATA  FOR  THE  RUN
--------------------------------------------------------------------------------

default_name                                                                    

General flags:
     imin    =       1, nmropt  =       0

Nature and format of input:
     ntx     =       1, irest   =       0, ntrx    =       1

Nature and format of output:
     ntxo    =       2, ntpr    =       5, ntrx    =       1, ntwr    =       1
     iwrap   =       0, ntwx    =       0, ntwv    =       0, ntwe    =       0
     ioutfm  =       1, ntwprt  =       0, idecomp =       0, rbornstat=      0

Potential function:
     ntf     =       1, ntb     =       1, igb     =       0, nsnb    =      25
     ipol    =       0, gbsa    =       0, iesp    =       0
     dielc   =   1.00000, cut     =   8.00000, intdiel =   1.00000

Frozen or restrained atoms:
     ibelly  =       0, ntr     =       0

Energy minimization:
     maxcyc  =     500, ncyc    =     100, ntmin   =       1
     dx0     =   0.01000, drms    =   0.00010

| Intermolecular bonds treatment:
|     no_intermolecular_bonds =       1

| Energy averages sample interval:
|     ene_avg_sampling =       1

Ewald parameters:
     verbose =       0, ew_type =       0, nbflag  =       1, use_pme =       1
     vdwmeth =       1, eedmeth =       1, netfrc  =       0
     Box X =   82.514   Box Y =   82.514   Box Z =   82.514
     Alpha =  109.471   Beta  =  109.471   Gamma =  109.471
     NFFT1 =   90       NFFT2 =   90       NFFT3 =   90
     Cutoff=    8.000   Tol   =0.100E-04
     Ewald Coefficient =  0.34864
     Interpolation order =    4

--------------------------------------------------------------------------------
   3.  ATOMIC COORDINATES AND VELOCITIES
--------------------------------------------------------------------------------

default_name                                                                    
 begin time read from input coords =     0.000 ps

 
 Number of triangulated 3-point waters found:    11212

     Sum of charges from parm topology file =  -0.00000014
     Forcing neutrality...

| Dynamic Memory, Types Used:
| Reals              964909
| Integers          1248465

| Nonbonded Pairs Initial Allocation:     6372337

--------------------------------------------------------------------------------
   4.  RESULTS
--------------------------------------------------------------------------------

 ---------------------------------------------------
 APPROXIMATING switch and d/dx switch using CUBIC SPLINE INTERPOLATION
 using   5000.0 points per unit in tabled values
 TESTING RELATIVE ERROR over r ranging from 0.0 to cutoff
| CHECK switch(x): max rel err =   0.2738E-14   at   2.422500
| CHECK d/dx switch(x): max rel err =   0.8332E-11   at   2.782960
 ---------------------------------------------------
|---------------------------------------------------
| APPROXIMATING direct energy using CUBIC SPLINE INTERPOLATION
|  with   50.0 points per unit in tabled values
| Relative Error Limit not exceeded for r .gt.   2.47
| APPROXIMATING direct force using CUBIC SPLINE INTERPOLATION
|  with   50.0 points per unit in tabled values
| Relative Error Limit not exceeded for r .gt.   2.89
|---------------------------------------------------


   NSTEP       ENERGY          RMS            GMAX         NAME    NUMBER
      1      -1.4037E+05     1.3819E+00     5.5239E+01     CA          5

 BOND    =     9845.7458  ANGLE   =      456.1955  DIHED      =     3067.3255
 VDWAALS =    21119.2201  EEL     =  -189079.1573  HBOND      =        0.0000
 1-4 VDW =     1296.4985  1-4 EEL =    12924.7092  RESTRAINT  =        0.0000


   NSTEP       ENERGY          RMS            GMAX         NAME    NUMBER
      5      -1.4040E+05     1.2518E+00     4.1809E+01     CA          5

 BOND    =     9843.2458  ANGLE   =      455.1531  DIHED      =     3068.0126
 VDWAALS =    21103.3367  EEL     =  -189081.1957  HBOND      =        0.0000
 1-4 VDW =     1293.9289  1-4 EEL =    12919.4433  RESTRAINT  =        0.0000


   NSTEP       ENERGY          RMS            GMAX         NAME    NUMBER
     10      -1.4047E+05     1.0578E+00     3.2639E+01     OD1      1711

 BOND    =     9843.2595  ANGLE   =      454.3654  DIHED      =     3070.3740
 VDWAALS =    21060.2842  EEL     =  -189087.3435  HBOND      =        0.0000
 1-4 VDW =     1286.1111  1-4 EEL =    12903.4401  RESTRAINT  =        0.0000


   NSTEP       ENERGY          RMS            GMAX         NAME    NUMBER
     15      -1.4062E+05     8.5167E-01     2.2689E+01     OD1      1711

 BOND    =     9848.2027  ANGLE   =      457.2109  DIHED      =     3076.8445
 VDWAALS =    20974.7258  EEL     =  -189101.7117  HBOND      =        0.0000
 1-4 VDW =     1265.9350  1-4 EEL =    12862.4323  RESTRAINT  =        0.0000


   NSTEP       ENERGY          RMS            GMAX         NAME    NUMBER
     20      -1.4089E+05     6.1131E-01     1.3520E+01     OD1      1711

 BOND    =     9858.7376  ANGLE   =      467.8036  DIHED      =     3088.6072
 VDWAALS =    20843.1812  EEL     =  -189136.6925  HBOND      =        0.0000
 1-4 VDW =     1215.5946  1-4 EEL =    12769.0536  RESTRAINT  =        0.0000


   NSTEP       ENERGY          RMS            GMAX         NAME    NUMBER
     25      -1.4116E+05     1.5935E+00     1.2431E+02     CD       3547

 BOND    =     9912.3092  ANGLE   =      483.3610  DIHED      =     3097.0482
 VDWAALS =    20745.6386  EEL     =  -189215.1231  HBOND      =        0.0000
 1-4 VDW =     1144.8322  1-4 EEL =    12668.4881  RESTRAINT  =        0.0000


   NSTEP       ENERGY          RMS            GMAX         NAME    NUMBER
     30      -1.4127E+05     4.4873E-01     7.0921E+00     O         563

 BOND    =     9879.3710  ANGLE   =      484.2809  DIHED      =     3098.0569
 VDWAALS =    20734.2943  EEL     =  -189245.5087  HBOND      =        0.0000
 1-4 VDW =     1127.7833  1-4 EEL =    12650.6544  RESTRAINT  =        0.0000


   NSTEP       ENERGY          RMS            GMAX         NAME    NUMBER
     35      -1.4134E+05     4.1609E-01     6.7138E+00     OE1      3548

 BOND    =     9884.1075  ANGLE   =      487.3006  DIHED      =     3099.1176
 VDWAALS =    20725.1236  EEL     =  -189279.4083  HBOND      =        0.0000
 1-4 VDW =     1111.1820  1-4 EEL =    12632.9088  RESTRAINT  =        0.0000


   NSTEP       ENERGY          RMS            GMAX         NAME    NUMBER
     40      -1.4140E+05     7.6188E-01     2.2893E+01     CZ       4464

 BOND    =     9896.6653  ANGLE   =      491.3584  DIHED      =     3100.1901
 VDWAALS =    20719.1075  EEL     =  -189320.5872  HBOND      =        0.0000
 1-4 VDW =     1093.8876  1-4 EEL =    12615.1509  RESTRAINT  =        0.0000


   NSTEP       ENERGY          RMS            GMAX         NAME    NUMBER
     45      -1.4146E+05     5.0225E-01     1.3163E+01     CZ       4464

 BOND    =     9896.3459  ANGLE   =      494.0188  DIHED      =     3100.9513
 VDWAALS =    20716.5600  EEL     =  -189354.2971  HBOND      =        0.0000
 1-4 VDW =     1081.6776  1-4 EEL =    12602.0992  RESTRAINT  =        0.0000


   NSTEP       ENERGY          RMS            GMAX         NAME    NUMBER
     50      -1.4152E+05     5.6362E-01     1.7486E+01     CZ       4464

 BOND    =     9902.8952  ANGLE   =      497.3932  DIHED      =     3101.7116
 VDWAALS =    20716.2750  EEL     =  -189392.8441  HBOND      =        0.0000
 1-4 VDW =     1069.2686  1-4 EEL =    12589.0879  RESTRAINT  =        0.0000


   NSTEP       ENERGY          RMS            GMAX         NAME    NUMBER
     55      -1.4155E+05     8.9230E-01     3.1483E+01     CZ       4464

 BOND    =     9915.6039  ANGLE   =      500.7095  DIHED      =     3102.3268
 VDWAALS =    20717.8651  EEL     =  -189428.4487  HBOND      =        0.0000
 1-4 VDW =     1059.0062  1-4 EEL =    12578.4436  RESTRAINT  =        0.0000


   NSTEP       ENERGY          RMS            GMAX         NAME    NUMBER
     60      -1.4160E+05     9.6346E-01     3.7856E+01     CZ       4464

 BOND    =     9923.0914  ANGLE   =      504.0801  DIHED      =     3102.9296
 VDWAALS =    20720.9255  EEL     =  -189467.4761  HBOND      =        0.0000
 1-4 VDW =     1048.9790  1-4 EEL =    12567.7227  RESTRAINT  =        0.0000


   NSTEP       ENERGY          RMS            GMAX         NAME    NUMBER
     65      -1.4164E+05     1.0747E+00     4.5067E+01     CZ       4464

 BOND    =     9931.8716  ANGLE   =      507.3261  DIHED      =     3103.4496
 VDWAALS =    20725.1242  EEL     =  -189505.4363  HBOND      =        0.0000
 1-4 VDW =     1040.1990  1-4 EEL =    12558.2122  RESTRAINT  =        0.0000


   NSTEP       ENERGY          RMS            GMAX         NAME    NUMBER
     70      -1.4168E+05     1.0087E+00     4.0851E+01     CZ       4464

 BOND    =     9933.9126  ANGLE   =      509.5480  DIHED      =     3103.8384
 VDWAALS =    20729.2505  EEL     =  -189537.1992  HBOND      =        0.0000
 1-4 VDW =     1033.5122  1-4 EEL =    12550.6352  RESTRAINT  =        0.0000


   NSTEP       ENERGY          RMS            GMAX         NAME    NUMBER
     75      -1.4172E+05     1.0190E+00     4.5263E+01     CZ       4464

 BOND    =     9939.3308  ANGLE   =      512.4830  DIHED      =     3104.2700
 VDWAALS =    20735.2380  EEL     =  -189575.9313  HBOND      =        0.0000
 1-4 VDW =     1026.0217  1-4 EEL =    12542.2228  RESTRAINT  =        0.0000


   NSTEP       ENERGY          RMS            GMAX         NAME    NUMBER
     80      -1.4177E+05     3.2285E-01     8.5828E+00     CZ       4464

 BOND    =     9928.9493  ANGLE   =      513.9675  DIHED      =     3104.6072
 VDWAALS =    20740.4880  EEL     =  -189609.3383  HBOND      =        0.0000
 1-4 VDW =     1020.3233  1-4 EEL =    12534.4489  RESTRAINT  =        0.0000


   NSTEP       ENERGY          RMS            GMAX         NAME    NUMBER
     85      -1.4178E+05     1.1174E+00     5.1580E+01     CZ       4464

 BOND    =     9951.6895  ANGLE   =      517.4740  DIHED      =     3104.9233
 VDWAALS =    20747.8582  EEL     =  -189645.6231  HBOND      =        0.0000
 1-4 VDW =     1014.1431  1-4 EEL =    12528.5595  RESTRAINT  =        0.0000


   NSTEP       ENERGY          RMS            GMAX         NAME    NUMBER
     90      -1.4181E+05     1.1717E+00     5.8785E+01     CZ       4464

 BOND    =     9958.4292  ANGLE   =      520.2708  DIHED      =     3105.2300
 VDWAALS =    20755.6765  EEL     =  -189684.0449  HBOND      =        0.0000
 1-4 VDW =     1008.3185  1-4 EEL =    12521.8034  RESTRAINT  =        0.0000


   NSTEP       ENERGY          RMS            GMAX         NAME    NUMBER
     95      -1.4187E+05     3.8233E-01     1.6522E+01     CZ       4464

 BOND    =     9943.5633  ANGLE   =      521.1026  DIHED      =     3105.4779
 VDWAALS =    20762.7904  EEL     =  -189719.3783  HBOND      =        0.0000
 1-4 VDW =     1003.6813  1-4 EEL =    12514.5406  RESTRAINT  =        0.0000


   NSTEP       ENERGY          RMS            GMAX         NAME    NUMBER
    100      -1.4190E+05     2.7482E-01     5.4535E+00     OE2       926

 BOND    =     9945.9758  ANGLE   =      522.7795  DIHED      =     3105.6638
 VDWAALS =    20769.6235  EEL     =  -189749.1774  HBOND      =        0.0000
 1-4 VDW =      999.7432  1-4 EEL =    12510.0031  RESTRAINT  =        0.0000


   NSTEP       ENERGY          RMS            GMAX         NAME    NUMBER
    105      -1.4202E+05     4.5262E-01     2.9596E+01     CZ       4464

 BOND    =     9968.6155  ANGLE   =      532.4634  DIHED      =     3106.9375
 VDWAALS =    20807.5090  EEL     =  -189904.9192  HBOND      =        0.0000
 1-4 VDW =      980.9758  1-4 EEL =    12486.4309  RESTRAINT  =        0.0000


   NSTEP       ENERGY          RMS            GMAX         NAME    NUMBER
    110      -1.4267E+05     7.6705E-01     3.5557E+01     H        2663

 BOND    =    10201.5417  ANGLE   =      685.2785  DIHED      =     3155.8552
 VDWAALS =    21317.8397  EEL     =  -191165.6581  HBOND      =        0.0000
 1-4 VDW =      837.2698  1-4 EEL =    12301.8627  RESTRAINT  =        0.0000


   NSTEP       ENERGY          RMS            GMAX         NAME    NUMBER
    115      -1.4279E+05     8.9000E-01     4.8340E+01     H2      29596

 BOND    =    10192.6721  ANGLE   =      795.6947  DIHED      =     3173.0780
 VDWAALS =    21450.6611  EEL     =  -191462.5901  HBOND      =        0.0000
 1-4 VDW =      822.2107  1-4 EEL =    12241.0574  RESTRAINT  =        0.0000


   NSTEP       ENERGY          RMS            GMAX         NAME    NUMBER
    120      -1.4297E+05     1.0651E+00     3.4145E+01     H2      29596

 BOND    =    10287.3022  ANGLE   =      839.3005  DIHED      =     3197.7769
 VDWAALS =    21724.5512  EEL     =  -192015.8515  HBOND      =        0.0000
 1-4 VDW =      810.2032  1-4 EEL =    12182.1985  RESTRAINT  =        0.0000


   NSTEP       ENERGY          RMS            GMAX         NAME    NUMBER
    125      -1.4310E+05     9.6345E-01     6.0519E+01     H1       8376

 BOND    =    10372.4922  ANGLE   =      833.1751  DIHED      =     3205.3763
 VDWAALS =    21936.0633  EEL     =  -192420.4083  HBOND      =        0.0000
 1-4 VDW =      803.8546  1-4 EEL =    12168.8566  RESTRAINT  =        0.0000


   NSTEP       ENERGY          RMS            GMAX         NAME    NUMBER
    130      -1.4310E+05     9.1490E-01     5.5083E+01     H1       8376

 BOND    =    10371.4249  ANGLE   =      832.5040  DIHED      =     3205.2649
 VDWAALS =    21935.8103  EEL     =  -192421.5927  HBOND      =        0.0000
 1-4 VDW =      803.9813  1-4 EEL =    12168.9144  RESTRAINT  =        0.0000


   NSTEP       ENERGY          RMS            GMAX         NAME    NUMBER
    135      -1.4321E+05     7.6911E-01     4.0980E+01     OG        828

 BOND    =    10337.8520  ANGLE   =      835.3354  DIHED      =     3193.1438
 VDWAALS =    21916.4834  EEL     =  -192500.1508  HBOND      =        0.0000
 1-4 VDW =      818.1424  1-4 EEL =    12191.2228  RESTRAINT  =        0.0000


   NSTEP       ENERGY          RMS            GMAX         NAME    NUMBER
    140      -1.4332E+05     1.0209E+00     6.0762E+01     CD       2642

 BOND    =    10326.7408  ANGLE   =      776.9667  DIHED      =     3175.0696
 VDWAALS =    21933.5535  EEL     =  -192617.9115  HBOND      =        0.0000
 1-4 VDW =      839.1108  1-4 EEL =    12247.6363  RESTRAINT  =        0.0000


   NSTEP       ENERGY          RMS            GMAX         NAME    NUMBER
    145      -1.4347E+05     9.0054E-01     5.8419E+01     H1       8376

 BOND    =    10332.3074  ANGLE   =      654.1318  DIHED      =     3150.0016
 VDWAALS =    21991.0497  EEL     =  -192793.2715  HBOND      =        0.0000
 1-4 VDW =      871.8060  1-4 EEL =    12321.2994  RESTRAINT  =        0.0000


   NSTEP       ENERGY          RMS            GMAX         NAME    NUMBER
    150      -1.4360E+05     7.8983E-01     4.0673E+01     H2       8377

 BOND    =    10298.2789  ANGLE   =      619.4552  DIHED      =     3128.3078
 VDWAALS =    22008.0033  EEL     =  -192924.8899  HBOND      =        0.0000
 1-4 VDW =      916.8629  1-4 EEL =    12357.8644  RESTRAINT  =        0.0000


   NSTEP       ENERGY          RMS            GMAX         NAME    NUMBER
    155      -1.4360E+05     7.4595E-01     3.6441E+01     H2       8377

 BOND    =    10296.6369  ANGLE   =      619.0794  DIHED      =     3128.2371
 VDWAALS =    22008.0341  EEL     =  -192925.1594  HBOND      =        0.0000
 1-4 VDW =      916.8018  1-4 EEL =    12357.8919  RESTRAINT  =        0.0000


   NSTEP       ENERGY          RMS            GMAX         NAME    NUMBER
    160      -1.4366E+05     5.2881E-01     3.1723E+01     CD       2642

 BOND    =    10287.2669  ANGLE   =      597.6329  DIHED      =     3127.5614
 VDWAALS =    22002.6724  EEL     =  -192941.3611  HBOND      =        0.0000
 1-4 VDW =      912.1833  1-4 EEL =    12359.0105  RESTRAINT  =        0.0000


   NSTEP       ENERGY          RMS            GMAX         NAME    NUMBER
    165      -1.4371E+05     6.3036E-01     4.7130E+01     H1       8376

 BOND    =    10295.6779  ANGLE   =      610.2734  DIHED      =     3125.9869
 VDWAALS =    21993.3131  EEL     =  -192990.2341  HBOND      =        0.0000
 1-4 VDW =      905.1509  1-4 EEL =    12351.4309  RESTRAINT  =        0.0000


   NSTEP       ENERGY          RMS            GMAX         NAME    NUMBER
    170      -1.4377E+05     8.0577E-01     5.9705E+01     OG        828

 BOND    =    10307.8454  ANGLE   =      629.1226  DIHED      =     3120.1776
 VDWAALS =    22013.8762  EEL     =  -193071.6679  HBOND      =        0.0000
 1-4 VDW =      893.8251  1-4 EEL =    12333.8916  RESTRAINT  =        0.0000


   NSTEP       ENERGY          RMS            GMAX         NAME    NUMBER
    175      -1.4383E+05     6.9974E-01     5.2117E+01     CD       2757

 BOND    =    10333.1353  ANGLE   =      625.2354  DIHED      =     3121.4497
 VDWAALS =    22059.4333  EEL     =  -193192.9804  HBOND      =        0.0000
 1-4 VDW =      886.9169  1-4 EEL =    12333.3614  RESTRAINT  =        0.0000


   NSTEP       ENERGY          RMS            GMAX         NAME    NUMBER
    180      -1.4384E+05     6.4937E-01     4.4367E+01     CD       2757

 BOND    =    10331.4551  ANGLE   =      624.7231  DIHED      =     3121.4087
 VDWAALS =    22059.4733  EEL     =  -193193.1329  HBOND      =        0.0000
 1-4 VDW =      886.9381  1-4 EEL =    12333.3912  RESTRAINT  =        0.0000


   NSTEP       ENERGY          RMS            GMAX         NAME    NUMBER
    185      -1.4389E+05     4.8446E-01     2.5422E+01     OG        828

 BOND    =    10313.7844  ANGLE   =      620.6598  DIHED      =     3120.1967
 VDWAALS =    22066.4713  EEL     =  -193233.1525  HBOND      =        0.0000
 1-4 VDW =      888.5809  1-4 EEL =    12337.1189  RESTRAINT  =        0.0000


   NSTEP       ENERGY          RMS            GMAX         NAME    NUMBER
    190      -1.4392E+05     5.3958E-01     2.9890E+01     OG        828

 BOND    =    10325.7222  ANGLE   =      614.5722  DIHED      =     3119.7197
 VDWAALS =    22094.2171  EEL     =  -193312.0444  HBOND      =        0.0000
 1-4 VDW =      890.2319  1-4 EEL =    12343.3466  RESTRAINT  =        0.0000


   NSTEP       ENERGY          RMS            GMAX         NAME    NUMBER
    195      -1.4398E+05     5.0024E-01     3.2693E+01     CD       2642

 BOND    =    10334.3923  ANGLE   =      596.2364  DIHED      =     3116.9432
 VDWAALS =    22161.2469  EEL     =  -193431.9363  HBOND      =        0.0000
 1-4 VDW =      895.0580  1-4 EEL =    12349.6219  RESTRAINT  =        0.0000


   NSTEP       ENERGY          RMS            GMAX         NAME    NUMBER
    200      -1.4402E+05     6.2930E-01     2.6639E+01     OG        828

 BOND    =    10343.9156  ANGLE   =      611.4884  DIHED      =     3115.4328
 VDWAALS =    22205.1585  EEL     =  -193545.6411  HBOND      =        0.0000
 1-4 VDW =      901.9405  1-4 EEL =    12350.2947  RESTRAINT  =        0.0000


   NSTEP       ENERGY          RMS            GMAX         NAME    NUMBER
    205      -1.4402E+05     5.7667E-01     2.3971E+01     OG        828

 BOND    =    10342.1665  ANGLE   =      610.9370  DIHED      =     3115.3717
 VDWAALS =    22205.1282  EEL     =  -193545.5217  HBOND      =        0.0000
 1-4 VDW =      901.9215  1-4 EEL =    12350.3110  RESTRAINT  =        0.0000


   NSTEP       ENERGY          RMS            GMAX         NAME    NUMBER
    210      -1.4406E+05     5.5504E-01     5.0670E+01     CG       1102

 BOND    =    10343.4265  ANGLE   =      594.9034  DIHED      =     3114.2173
 VDWAALS =    22201.9944  EEL     =  -193569.2931  HBOND      =        0.0000
 1-4 VDW =      899.7893  1-4 EEL =    12353.6190  RESTRAINT  =        0.0000


   NSTEP       ENERGY          RMS            GMAX         NAME    NUMBER
    215      -1.4409E+05     4.9135E-01     3.7297E+01     CG       1102

 BOND    =    10344.0411  ANGLE   =      599.8099  DIHED      =     3113.2364
 VDWAALS =    22202.5540  EEL     =  -193603.1403  HBOND      =        0.0000
 1-4 VDW =      898.4703  1-4 EEL =    12352.9132  RESTRAINT  =        0.0000


   NSTEP       ENERGY          RMS            GMAX         NAME    NUMBER
    220      -1.4414E+05     6.2200E-01     5.7115E+01     CG       1102

 BOND    =    10357.3593  ANGLE   =      606.7265  DIHED      =     3109.4816
 VDWAALS =    22234.7405  EEL     =  -193698.6611  HBOND      =        0.0000
 1-4 VDW =      897.0982  1-4 EEL =    12349.4216  RESTRAINT  =        0.0000


   NSTEP       ENERGY          RMS            GMAX         NAME    NUMBER
    225      -1.4418E+05     6.1205E-01     3.6009E+01     CG       1102

 BOND    =    10370.8996  ANGLE   =      609.0708  DIHED      =     3110.1881
 VDWAALS =    22274.3271  EEL     =  -193790.1426  HBOND      =        0.0000
 1-4 VDW =      896.9527  1-4 EEL =    12349.2188  RESTRAINT  =        0.0000


   NSTEP       ENERGY          RMS            GMAX         NAME    NUMBER
    230      -1.4418E+05     5.6370E-01     2.9258E+01     CD       2642

 BOND    =    10369.3850  ANGLE   =      608.5106  DIHED      =     3110.1431
 VDWAALS =    22274.3733  EEL     =  -193790.3055  HBOND      =        0.0000
 1-4 VDW =      896.9486  1-4 EEL =    12349.2486  RESTRAINT  =        0.0000


   NSTEP       ENERGY          RMS            GMAX         NAME    NUMBER
    235      -1.4423E+05     4.7478E-01     3.0136E+01     CG       1102

 BOND    =    10361.3525  ANGLE   =      603.8151  DIHED      =     3109.2895
 VDWAALS =    22281.9913  EEL     =  -193830.6419  HBOND      =        0.0000
 1-4 VDW =      896.6212  1-4 EEL =    12351.8811  RESTRAINT  =        0.0000


   NSTEP       ENERGY          RMS            GMAX         NAME    NUMBER
    240      -1.4426E+05     4.8044E-01     4.0939E+01     CG       1102

 BOND    =    10371.3273  ANGLE   =      600.9140  DIHED      =     3109.8162
 VDWAALS =    22306.7545  EEL     =  -193897.8776  HBOND      =        0.0000
 1-4 VDW =      896.2832  1-4 EEL =    12354.4020  RESTRAINT  =        0.0000


   NSTEP       ENERGY          RMS            GMAX         NAME    NUMBER
    245      -1.4430E+05     4.5272E-01     3.1515E+01     CG       1102

 BOND    =    10378.4555  ANGLE   =      592.6709  DIHED      =     3109.7733
 VDWAALS =    22363.9663  EEL     =  -193998.5505  HBOND      =        0.0000
 1-4 VDW =      898.4836  1-4 EEL =    12355.1550  RESTRAINT  =        0.0000


   NSTEP       ENERGY          RMS            GMAX         NAME    NUMBER
    250      -1.4433E+05     5.9707E-01     2.8765E+01     CG       1102

 BOND    =    10390.7563  ANGLE   =      605.9847  DIHED      =     3109.7352
 VDWAALS =    22404.1192  EEL     =  -194093.8530  HBOND      =        0.0000
 1-4 VDW =      901.1333  1-4 EEL =    12353.2193  RESTRAINT  =        0.0000


   NSTEP       ENERGY          RMS            GMAX         NAME    NUMBER
    255      -1.4433E+05     5.4078E-01     2.4944E+01     OG        828

 BOND    =    10388.7871  ANGLE   =      605.4962  DIHED      =     3109.6747
 VDWAALS =    22404.0997  EEL     =  -194093.5866  HBOND      =        0.0000
 1-4 VDW =      901.1116  1-4 EEL =    12353.2602  RESTRAINT  =        0.0000


   NSTEP       ENERGY          RMS            GMAX         NAME    NUMBER
    260      -1.4437E+05     5.0125E-01     4.8834E+01     CG       1102

 BOND    =    10387.9313  ANGLE   =      592.8327  DIHED      =     3108.5594
 VDWAALS =    22402.5827  EEL     =  -194114.9392  HBOND      =        0.0000
 1-4 VDW =      899.3063  1-4 EEL =    12356.1668  RESTRAINT  =        0.0000


   NSTEP       ENERGY          RMS            GMAX         NAME    NUMBER
    265      -1.4439E+05     4.5633E-01     3.8072E+01     CG       1102

 BOND    =    10392.1957  ANGLE   =      596.5485  DIHED      =     3107.9307
 VDWAALS =    22405.0870  EEL     =  -194149.6120  HBOND      =        0.0000
 1-4 VDW =      898.4867  1-4 EEL =    12355.6661  RESTRAINT  =        0.0000


   NSTEP       ENERGY          RMS            GMAX         NAME    NUMBER
    270      -1.4444E+05     5.5977E-01     5.4473E+01     CG       1102

 BOND    =    10402.5355  ANGLE   =      602.1080  DIHED      =     3105.2982
 VDWAALS =    22439.7826  EEL     =  -194239.8522  HBOND      =        0.0000
 1-4 VDW =      898.5636  1-4 EEL =    12352.3446  RESTRAINT  =        0.0000


   NSTEP       ENERGY          RMS            GMAX         NAME    NUMBER
    275      -1.4447E+05     5.9080E-01     3.3128E+01     CG       1102

 BOND    =    10415.1273  ANGLE   =      605.3718  DIHED      =     3106.0194
 VDWAALS =    22476.2993  EEL     =  -194321.3077  HBOND      =        0.0000
 1-4 VDW =      898.9066  1-4 EEL =    12350.9167  RESTRAINT  =        0.0000


   NSTEP       ENERGY          RMS            GMAX         NAME    NUMBER
    280      -1.4447E+05     5.4034E-01     2.6797E+01     CD       2642

 BOND    =    10413.5660  ANGLE   =      604.8150  DIHED      =     3105.9757
 VDWAALS =    22476.3411  EEL     =  -194321.4138  HBOND      =        0.0000
 1-4 VDW =      898.8898  1-4 EEL =    12350.9499  RESTRAINT  =        0.0000


   NSTEP       ENERGY          RMS            GMAX         NAME    NUMBER
    285      -1.4451E+05     4.5116E-01     3.0439E+01     CG       1102

 BOND    =    10407.3364  ANGLE   =      598.9600  DIHED      =     3105.2693
 VDWAALS =    22484.1038  EEL     =  -194357.3793  HBOND      =        0.0000
 1-4 VDW =      898.0444  1-4 EEL =    12353.3736  RESTRAINT  =        0.0000


   NSTEP       ENERGY          RMS            GMAX         NAME    NUMBER
    290      -1.4454E+05     4.5478E-01     3.8112E+01     CG       1102

 BOND    =    10416.4191  ANGLE   =      597.6648  DIHED      =     3105.9472
 VDWAALS =    22504.4805  EEL     =  -194414.8518  HBOND      =        0.0000
 1-4 VDW =      897.2737  1-4 EEL =    12354.9182  RESTRAINT  =        0.0000


   NSTEP       ENERGY          RMS            GMAX         NAME    NUMBER
    295      -1.4458E+05     4.3619E-01     3.3412E+01     CG       1102

 BOND    =    10422.5470  ANGLE   =      592.9573  DIHED      =     3106.5922
 VDWAALS =    22556.9493  EEL     =  -194508.6356  HBOND      =        0.0000
 1-4 VDW =      898.8800  1-4 EEL =    12354.5261  RESTRAINT  =        0.0000


   NSTEP       ENERGY          RMS            GMAX         NAME    NUMBER
    300      -1.4460E+05     5.7802E-01     3.1546E+01     CD       2642

 BOND    =    10433.3336  ANGLE   =      603.5820  DIHED      =     3106.8757
 VDWAALS =    22592.1107  EEL     =  -194589.8293  HBOND      =        0.0000
 1-4 VDW =      900.3978  1-4 EEL =    12352.4902  RESTRAINT  =        0.0000


   NSTEP       ENERGY          RMS            GMAX         NAME    NUMBER
    305      -1.4460E+05     5.1863E-01     2.5001E+01     CD       2642

 BOND    =    10431.4485  ANGLE   =      603.1069  DIHED      =     3106.8165
 VDWAALS =    22592.0914  EEL     =  -194589.6490  HBOND      =        0.0000
 1-4 VDW =      900.3773  1-4 EEL =    12352.5426  RESTRAINT  =        0.0000


   NSTEP       ENERGY          RMS            GMAX         NAME    NUMBER
    310      -1.4464E+05     4.5811E-01     4.0761E+01     CG       1102

 BOND    =    10430.7183  ANGLE   =      592.9003  DIHED      =     3105.9157
 VDWAALS =    22591.4149  EEL     =  -194610.3396  HBOND      =        0.0000
 1-4 VDW =      898.8470  1-4 EEL =    12354.9889  RESTRAINT  =        0.0000


   NSTEP       ENERGY          RMS            GMAX         NAME    NUMBER
    315      -1.4466E+05     4.3673E-01     3.5757E+01     CG       1102

 BOND    =    10436.3841  ANGLE   =      595.8245  DIHED      =     3105.4270
 VDWAALS =    22594.6860  EEL     =  -194644.4982  HBOND      =        0.0000
 1-4 VDW =      898.1704  1-4 EEL =    12354.3495  RESTRAINT  =        0.0000


   NSTEP       ENERGY          RMS            GMAX         NAME    NUMBER
    320      -1.4470E+05     5.1199E-01     4.9481E+01     CG       1102

 BOND    =    10444.5810  ANGLE   =      600.5000  DIHED      =     3103.4992
 VDWAALS =    22627.5994  EEL     =  -194726.5214  HBOND      =        0.0000
 1-4 VDW =      898.6764  1-4 EEL =    12351.1157  RESTRAINT  =        0.0000


   NSTEP       ENERGY          RMS            GMAX         NAME    NUMBER
    325      -1.4473E+05     5.7628E-01     3.2056E+01     CG       1102

 BOND    =    10457.1724  ANGLE   =      605.1008  DIHED      =     3104.3369
 VDWAALS =    22662.3652  EEL     =  -194804.7654  HBOND      =        0.0000
 1-4 VDW =      899.1463  1-4 EEL =    12349.2296  RESTRAINT  =        0.0000


   NSTEP       ENERGY          RMS            GMAX         NAME    NUMBER
    330      -1.4473E+05     5.2463E-01     2.5712E+01     CD       2642

 BOND    =    10455.6160  ANGLE   =      604.5529  DIHED      =     3104.2950
 VDWAALS =    22662.4075  EEL     =  -194804.8536  HBOND      =        0.0000
 1-4 VDW =      899.1234  1-4 EEL =    12349.2610  RESTRAINT  =        0.0000


   NSTEP       ENERGY          RMS            GMAX         NAME    NUMBER
    335      -1.4477E+05     4.3469E-01     3.0091E+01     CG       1102

 BOND    =    10449.7332  ANGLE   =      598.2805  DIHED      =     3103.7232
 VDWAALS =    22669.6657  EEL     =  -194837.4947  HBOND      =        0.0000
 1-4 VDW =      898.1227  1-4 EEL =    12351.4516  RESTRAINT  =        0.0000


   NSTEP       ENERGY          RMS            GMAX         NAME    NUMBER
    340      -1.4479E+05     4.3573E-01     3.6558E+01     CG       1102

 BOND    =    10458.5412  ANGLE   =      597.5289  DIHED      =     3104.4267
 VDWAALS =    22687.7274  EEL     =  -194890.3744  HBOND      =        0.0000
 1-4 VDW =      897.2207  1-4 EEL =    12352.6545  RESTRAINT  =        0.0000


   NSTEP       ENERGY          RMS            GMAX         NAME    NUMBER
    345      -1.4483E+05     4.1746E-01     3.2539E+01     CG       1102

 BOND    =    10462.7892  ANGLE   =      594.2891  DIHED      =     3105.3797
 VDWAALS =    22734.0449  EEL     =  -194973.5362  HBOND      =        0.0000
 1-4 VDW =      898.5897  1-4 EEL =    12351.9419  RESTRAINT  =        0.0000


   NSTEP       ENERGY          RMS            GMAX         NAME    NUMBER
    350      -1.4485E+05     5.6388E-01     3.3960E+01     CD       2642

 BOND    =    10472.9848  ANGLE   =      603.2572  DIHED      =     3105.8175
 VDWAALS =    22765.2390  EEL     =  -195045.9029  HBOND      =        0.0000
 1-4 VDW =      899.6550  1-4 EEL =    12350.0941  RESTRAINT  =        0.0000


   NSTEP       ENERGY          RMS            GMAX         NAME    NUMBER
    355      -1.4485E+05     5.0156E-01     2.6509E+01     CD       2642

 BOND    =    10471.1363  ANGLE   =      602.7846  DIHED      =     3105.7600
 VDWAALS =    22765.2185  EEL     =  -195045.7622  HBOND      =        0.0000
 1-4 VDW =      899.6372  1-4 EEL =    12350.1489  RESTRAINT  =        0.0000


   NSTEP       ENERGY          RMS            GMAX         NAME    NUMBER
    360      -1.4488E+05     4.3336E-01     3.6274E+01     CG       1102

 BOND    =    10470.2086  ANGLE   =      594.2834  DIHED      =     3105.0845
 VDWAALS =    22765.4499  EEL     =  -195065.7324  HBOND      =        0.0000
 1-4 VDW =      898.3041  1-4 EEL =    12352.2790  RESTRAINT  =        0.0000


   NSTEP       ENERGY          RMS            GMAX         NAME    NUMBER
    365      -1.4490E+05     4.2083E-01     3.3932E+01     CG       1102

 BOND    =    10476.6030  ANGLE   =      596.6898  DIHED      =     3104.7231
 VDWAALS =    22769.3488  EEL     =  -195098.9000  HBOND      =        0.0000
 1-4 VDW =      897.7346  1-4 EEL =    12351.5492  RESTRAINT  =        0.0000


   NSTEP       ENERGY          RMS            GMAX         NAME    NUMBER
    370      -1.4494E+05     4.8416E-01     4.7771E+01     CG       1102

 BOND    =    10483.6720  ANGLE   =      600.8092  DIHED      =     3103.3511
 VDWAALS =    22801.8336  EEL     =  -195176.9493  HBOND      =        0.0000
 1-4 VDW =      898.4327  1-4 EEL =    12348.4466  RESTRAINT  =        0.0000


   NSTEP       ENERGY          RMS            GMAX         NAME    NUMBER
    375      -1.4497E+05     5.5738E-01     3.1764E+01     CG       1102

 BOND    =    10495.3298  ANGLE   =      605.6936  DIHED      =     3104.1936
 VDWAALS =    22835.3180  EEL     =  -195251.2541  HBOND      =        0.0000
 1-4 VDW =      898.9901  1-4 EEL =    12346.5329  RESTRAINT  =        0.0000


   NSTEP       ENERGY          RMS            GMAX         NAME    NUMBER
    380      -1.4497E+05     5.0434E-01     2.5485E+01     CB        825

 BOND    =    10493.8184  ANGLE   =      605.1639  DIHED      =     3104.1567
 VDWAALS =    22835.3424  EEL     =  -195251.3605  HBOND      =        0.0000
 1-4 VDW =      898.9642  1-4 EEL =    12346.5616  RESTRAINT  =        0.0000


   NSTEP       ENERGY          RMS            GMAX         NAME    NUMBER
    385      -1.4500E+05     4.1350E-01     2.9285E+01     CG       1102

 BOND    =    10488.6118  ANGLE   =      598.7354  DIHED      =     3103.7701
 VDWAALS =    22842.2200  EEL     =  -195281.6654  HBOND      =        0.0000
 1-4 VDW =      897.9191  1-4 EEL =    12348.5685  RESTRAINT  =        0.0000


   NSTEP       ENERGY          RMS            GMAX         NAME    NUMBER
    390      -1.4503E+05     4.1595E-01     3.5182E+01     CG       1102

 BOND    =    10496.8805  ANGLE   =      598.0898  DIHED      =     3104.4198
 VDWAALS =    22858.6230  EEL     =  -195330.3741  HBOND      =        0.0000
 1-4 VDW =      896.9880  1-4 EEL =    12349.6386  RESTRAINT  =        0.0000


   NSTEP       ENERGY          RMS            GMAX         NAME    NUMBER
    395      -1.4506E+05     4.0137E-01     3.1029E+01     CG       1102

 BOND    =    10499.8413  ANGLE   =      595.3919  DIHED      =     3105.4248
 VDWAALS =    22900.2233  EEL     =  -195403.8650  HBOND      =        0.0000
 1-4 VDW =      898.2225  1-4 EEL =    12348.9086  RESTRAINT  =        0.0000


   NSTEP       ENERGY          RMS            GMAX         NAME    NUMBER
    400      -1.4508E+05     5.4156E-01     3.5527E+01     CD       2642

 BOND    =    10509.4433  ANGLE   =      602.7367  DIHED      =     3105.9582
 VDWAALS =    22929.1770  EEL     =  -195469.3798  HBOND      =        0.0000
 1-4 VDW =      899.0292  1-4 EEL =    12347.3915  RESTRAINT  =        0.0000


   NSTEP       ENERGY          RMS            GMAX         NAME    NUMBER
    405      -1.4508E+05     4.7621E-01     2.7145E+01     CD       2642

 BOND    =    10507.6656  ANGLE   =      602.2713  DIHED      =     3105.9025
 VDWAALS =    22929.1493  EEL     =  -195469.2742  HBOND      =        0.0000
 1-4 VDW =      899.0132  1-4 EEL =    12347.4470  RESTRAINT  =        0.0000


   NSTEP       ENERGY          RMS            GMAX         NAME    NUMBER
    410      -1.4510E+05     4.1463E-01     3.3583E+01     CG       1102

 BOND    =    10506.4167  ANGLE   =      595.1974  DIHED      =     3105.3569
 VDWAALS =    22929.8916  EEL     =  -195487.7408  HBOND      =        0.0000
 1-4 VDW =      897.8089  1-4 EEL =    12349.3120  RESTRAINT  =        0.0000


   NSTEP       ENERGY          RMS            GMAX         NAME    NUMBER
    415      -1.4512E+05     3.9901E-01     3.1671E+01     CG       1102

 BOND    =    10513.3555  ANGLE   =      597.0671  DIHED      =     3105.0502
 VDWAALS =    22934.4020  EEL     =  -195519.3237  HBOND      =        0.0000
 1-4 VDW =      897.3232  1-4 EEL =    12348.5524  RESTRAINT  =        0.0000


   NSTEP       ENERGY          RMS            GMAX         NAME    NUMBER
    420      -1.4516E+05     4.5692E-01     4.6882E+01     CG       1102

 BOND    =    10519.7005  ANGLE   =      600.2743  DIHED      =     3103.9586
 VDWAALS =    22966.2255  EEL     =  -195591.8940  HBOND      =        0.0000
 1-4 VDW =      898.0757  1-4 EEL =    12345.6439  RESTRAINT  =        0.0000


   NSTEP       ENERGY          RMS            GMAX         NAME    NUMBER
    425      -1.4518E+05     5.3744E-01     3.2190E+01     CG       1102

 BOND    =    10530.9474  ANGLE   =      604.6655  DIHED      =     3104.6783
 VDWAALS =    22997.3371  EEL     =  -195660.3084  HBOND      =        0.0000
 1-4 VDW =      898.5935  1-4 EEL =    12343.9451  RESTRAINT  =        0.0000


   NSTEP       ENERGY          RMS            GMAX         NAME    NUMBER
    430      -1.4518E+05     4.8210E-01     2.4739E+01     CB        825

 BOND    =    10529.4258  ANGLE   =      604.1585  DIHED      =     3104.6456
 VDWAALS =    22997.3846  EEL     =  -195660.4226  HBOND      =        0.0000
 1-4 VDW =      898.5664  1-4 EEL =    12343.9720  RESTRAINT  =        0.0000


   NSTEP       ENERGY          RMS            GMAX         NAME    NUMBER
    435      -1.4521E+05     3.9171E-01     2.8713E+01     CG       1102

 BOND    =    10524.7140  ANGLE   =      598.2010  DIHED      =     3104.4390
 VDWAALS =    23004.2095  EEL     =  -195688.1884  HBOND      =        0.0000
 1-4 VDW =      897.5540  1-4 EEL =    12345.7530  RESTRAINT  =        0.0000


   NSTEP       ENERGY          RMS            GMAX         NAME    NUMBER
    440      -1.4523E+05     3.9514E-01     3.3358E+01     CG       1102

 BOND    =    10532.4393  ANGLE   =      597.6198  DIHED      =     3104.9894
 VDWAALS =    23018.5396  EEL     =  -195731.6722  HBOND      =        0.0000
 1-4 VDW =      896.6465  1-4 EEL =    12346.6415  RESTRAINT  =        0.0000


   NSTEP       ENERGY          RMS            GMAX         NAME    NUMBER
    445      -1.4526E+05     3.9266E-01     3.1377E+01     CD       2642

 BOND    =    10535.4076  ANGLE   =      595.5688  DIHED      =     3106.0502
 VDWAALS =    23056.7637  EEL     =  -195799.3436  HBOND      =        0.0000
 1-4 VDW =      897.7727  1-4 EEL =    12345.9782  RESTRAINT  =        0.0000


   NSTEP       ENERGY          RMS            GMAX         NAME    NUMBER
    450      -1.4528E+05     5.2372E-01     3.8142E+01     CD       2642

 BOND    =    10543.8202  ANGLE   =      601.8150  DIHED      =     3106.6484
 VDWAALS =    23083.1292  EEL     =  -195858.1824  HBOND      =        0.0000
 1-4 VDW =      898.4004  1-4 EEL =    12344.6974  RESTRAINT  =        0.0000


   NSTEP       ENERGY          RMS            GMAX         NAME    NUMBER
    455      -1.4528E+05     4.5518E-01     2.8564E+01     CD       2642

 BOND    =    10542.1287  ANGLE   =      601.3518  DIHED      =     3106.5930
 VDWAALS =    23083.1038  EEL     =  -195858.1363  HBOND      =        0.0000
 1-4 VDW =      898.3870  1-4 EEL =    12344.7522  RESTRAINT  =        0.0000


   NSTEP       ENERGY          RMS            GMAX         NAME    NUMBER
    460      -1.4530E+05     3.9156E-01     1.7286E+01     OG        828

 BOND    =    10541.1902  ANGLE   =      595.2584  DIHED      =     3106.0650
 VDWAALS =    23084.1722  EEL     =  -195875.1899  HBOND      =        0.0000
 1-4 VDW =      897.3367  1-4 EEL =    12346.2535  RESTRAINT  =        0.0000


   NSTEP       ENERGY          RMS            GMAX         NAME    NUMBER
    465      -1.4533E+05     4.2296E-01     2.9310E+01     CG       1102

 BOND    =    10543.7676  ANGLE   =      595.9714  DIHED      =     3105.3257
 VDWAALS =    23092.5779  EEL     =  -195909.7059  HBOND      =        0.0000
 1-4 VDW =      897.2911  1-4 EEL =    12344.5307  RESTRAINT  =        0.0000


   NSTEP       ENERGY          RMS            GMAX         NAME    NUMBER
    470      -1.4535E+05     4.2400E-01     3.9411E+01     CG       1102

 BOND    =    10551.7947  ANGLE   =      597.2014  DIHED      =     3104.4443
 VDWAALS =    23109.7579  EEL     =  -195954.7458  HBOND      =        0.0000
 1-4 VDW =      897.5661  1-4 EEL =    12343.2549  RESTRAINT  =        0.0000


   NSTEP       ENERGY          RMS            GMAX         NAME    NUMBER
    475      -1.4539E+05     5.0270E-01     3.1199E+01     CB        825

 BOND    =    10565.5982  ANGLE   =      598.5090  DIHED      =     3105.2804
 VDWAALS =    23148.6623  EEL     =  -196048.0540  HBOND      =        0.0000
 1-4 VDW =      897.7386  1-4 EEL =    12341.6092  RESTRAINT  =        0.0000


   NSTEP       ENERGY          RMS            GMAX         NAME    NUMBER
    480      -1.4539E+05     4.4997E-01     2.7345E+01     CB        825

 BOND    =    10564.0150  ANGLE   =      598.2080  DIHED      =     3105.2525
 VDWAALS =    23148.6893  EEL     =  -196047.8660  HBOND      =        0.0000
 1-4 VDW =      897.7180  1-4 EEL =    12341.6411  RESTRAINT  =        0.0000


   NSTEP       ENERGY          RMS            GMAX         NAME    NUMBER
    485      -1.4541E+05     3.0424E-01     3.0822E+01     CG       1102

 BOND    =    10556.5206  ANGLE   =      595.7343  DIHED      =     3104.9756
 VDWAALS =    23154.4601  EEL     =  -196063.8628  HBOND      =        0.0000
 1-4 VDW =      896.8478  1-4 EEL =    12343.3356  RESTRAINT  =        0.0000


   NSTEP       ENERGY          RMS            GMAX         NAME    NUMBER
    490      -1.4542E+05     3.5832E-01     3.3637E+01     CG       1102

 BOND    =    10564.7303  ANGLE   =      597.5626  DIHED      =     3105.9931
 VDWAALS =    23166.1587  EEL     =  -196099.2129  HBOND      =        0.0000
 1-4 VDW =      896.2268  1-4 EEL =    12343.7510  RESTRAINT  =        0.0000


   NSTEP       ENERGY          RMS            GMAX         NAME    NUMBER
    495      -1.4547E+05     5.4851E-01     3.5436E+01     CD       2642

 BOND    =    10581.2469  ANGLE   =      600.4648  DIHED      =     3109.4147
 VDWAALS =    23237.7986  EEL     =  -196237.3396  HBOND      =        0.0000
 1-4 VDW =      897.7863  1-4 EEL =    12343.0808  RESTRAINT  =        0.0000


   NSTEP       ENERGY          RMS            GMAX         NAME    NUMBER
    500      -1.4550E+05     6.2057E-01     8.3023E+01     CD       2642

 BOND    =    10587.2776  ANGLE   =      612.4062  DIHED      =     3110.3514
 VDWAALS =    23279.9792  EEL     =  -196327.7977  HBOND      =        0.0000
 1-4 VDW =      898.5573  1-4 EEL =    12341.3175  RESTRAINT  =        0.0000


  Maximum number of minimization cycles reached.


                    FINAL RESULTS



   NSTEP       ENERGY          RMS            GMAX         NAME    NUMBER
    500      -1.4550E+05     6.2057E-01     8.3023E+01     CD       2642

 BOND    =    10587.2776  ANGLE   =      612.4062  DIHED      =     3110.3514
 VDWAALS =    23279.9792  EEL     =  -196327.7977  HBOND      =        0.0000
 1-4 VDW =      898.5573  1-4 EEL =    12341.3175  RESTRAINT  =        0.0000
--------------------------------------------------------------------------------
   5.  TIMINGS
--------------------------------------------------------------------------------

|  NonSetup CPU Time in Major Routines:
|
|     Routine           Sec        %
|     ------------------------------
|     Nonbond          74.45   96.52
|     Bond              0.21    0.27
|     Angle             0.32    0.41
|     Dihedral          1.82    2.35
|     Shake             0.00    0.00
|     Other             0.34    0.44
|     ------------------------------
|     Total            77.13

|  PME Nonbond Pairlist CPU Time:
|
|     Routine              Sec        %
|     ---------------------------------
|     Set Up Cit           0.01    0.01
|     Build List           0.84    1.08
|     ---------------------------------
|     Total                0.84    1.09

|  PME Direct Force CPU Time:
|
|     Routine              Sec        %
|     ---------------------------------
|     NonBonded Calc      46.05   59.71
|     Exclude Masked       0.92    1.19
|     Other                0.31    0.40
|     ---------------------------------
|     Total               47.28   61.30

|  PME Reciprocal Force CPU Time:
|
|     Routine              Sec        %
|     ---------------------------------
|     1D bspline           0.71    0.92
|     Grid Charges         1.71    2.22
|     Scalar Sum           8.73   11.32
|     Gradient Sum         2.80    3.63
|     FFT                 12.34   16.00
|     ---------------------------------
|     Total               26.29   34.09

|  Setup CPU time:            0.12 seconds
|  NonSetup CPU time:        77.13 seconds
|  Total CPU time:           77.25 seconds     0.02 hours

|  Setup wall time:           0    seconds
|  NonSetup wall time:       78    seconds
|  Total wall time:          78    seconds     0.02 hours
