
          -------------------------------------------------------
          Amber 16 PMEMD                              2016
          -------------------------------------------------------

| PMEMD implementation of SANDER, Release 16

| Run on 10/22/2016 at 23:52:49

|   Executable path: pmemd.cuda
| Working directory: /home/german/exs/run/1hvr_hol/mhe/e
|          Hostname: Unknown
  [-O]verwriting output

File Assignments:
|   MDIN: 13equ.in                                                              
|  MDOUT: 13equ.out                                                             
| INPCRD: 12e1hvr_hol.rst7                                                      
|   PARM: 1hvr_hol.prmtop                                                       
| RESTRT: 13e1hvr_hol.rst7                                                      
|   REFC: 12e1hvr_hol.rst7                                                      
|  MDVEL: mdvel                                                                 
|   MDEN: mden                                                                  
|  MDCRD: 13e1hvr_hol.nc                                                        
| MDINFO: mdinfo                                                                
|  MDFRC: mdfrc                                                                 


 Here is the input file:

Equilibration with solute restrictions                                         
&cntrl                                                                         
imin = 0,                           ! No Minimization                          
nmropt = 0,                         ! No NMR restraints read                   
                                                                               
! Nature and format of the input                                               
ntx = 5,                            ! Coordinates but no velocities will be rea
irest = 1,                          ! Do not run a new simulation              
                                                                               
! Nature and format of the output                                              
ntxo = 1,                           ! rstrt file in ASCII format               
ntpr = 500,                         ! inf in output every ntpr steps           
ntwr = 500,                         ! rstrt file every ntwr steps              
ntwx = 500,                         ! mdcrd file every ntwx steps              
ntwv = 0,                           ! mdvel without velocities                 
ntwe = 0,                           ! Energies and temperatures not written in 
idecomp = 0,                        ! No energy decomposition                  
iwrap = 1,                          ! Coordinates of the restart and mdcrd file
                                                                               
! Frozen or restrained atoms                                                   
ibelly = 0,                         ! No frozen atoms                          
ntr=1,                              ! Harmonic potential restraints            
restraint_wt = 6.0,                ! The weight for the positional restraints  
restraintmask = ':1-199@N,CA,C,O',  ! restrained residues                      
                                                                               
! Molecular dynamics                                                           
nstlim = 50000,                     ! Number of MD-steps                       
dt = 0.002,                         ! Time step                                
                                                                               
! Temperature regulation                                                       
ntt = 3,                            ! Langevin thermostat                      
gamma_ln = 5,                       ! Gamma constant for Langevin              
!temp0 = 300.0,                     ! Reference T at which the system is to be 
tempi = 300.0,                      ! Initial T                                
ig = -1,                            ! Seed for the RNG                         
                                                                               
! P and V regulation                                                           
ntp = 1,                            ! Constant P. Isotropic scaling            
barostat = 1,                       ! Berendsen barostat                       
taup = 1,                           ! Pressure relaxation time                 
nrespa = 1,                         ! Evaluate at each step                    
ntb = 2,                            ! Periodic box for constant P              
                                                                               
! SHAKE variables                                                              
ntc = 2,                            ! Bonds involving H are constrained        
ntf = 2,                            ! Bond interaction involving H are ommited.
                                                                               
cut = 10.0,                         ! Nonbonded cutoff                         
/                                                                              
&end                                                                           


Note: ig = -1. Setting random seed to   145586 based on wallclock time in 
      microseconds.
 
|--------------------- INFORMATION ----------------------
| GPU (CUDA) Version of PMEMD in use: NVIDIA GPU IN USE.
|                    Version 16.0.0
| 
|                      02/25/2016
| 
| Implementation by:
|                    Ross C. Walker     (SDSC)
|                    Scott Le Grand     (nVIDIA)
| 
| Precision model in use:
|      [SPFP] - Single Precision Forces, 64-bit Fixed Point
|               Accumulation. (Default)
| 
|--------------------------------------------------------
 
|----------------- CITATION INFORMATION -----------------
|
|    When publishing work that utilized the CUDA version
|    of AMBER, please cite the following in addition to
|    the regular AMBER citations:
|
|  - Romelia Salomon-Ferrer; Andreas W. Goetz; Duncan
|    Poole; Scott Le Grand; Ross C. Walker "Routine
|    microsecond molecular dynamics simulations with
|    AMBER - Part II: Particle Mesh Ewald", J. Chem.
|    Theory Comput., 2013, 9 (9), pp3878-3888,
|    DOI: 10.1021/ct400314y.
|
|  - Andreas W. Goetz; Mark J. Williamson; Dong Xu;
|    Duncan Poole; Scott Le Grand; Ross C. Walker
|    "Routine microsecond molecular dynamics simulations
|    with AMBER - Part I: Generalized Born", J. Chem.
|    Theory Comput., 2012, 8 (5), pp1542-1555.
|
|  - Scott Le Grand; Andreas W. Goetz; Ross C. Walker
|    "SPFP: Speed without compromise - a mixed precision
|    model for GPU accelerated molecular dynamics
|    simulations.", Comp. Phys. Comm., 2013, 184
|    pp374-380, DOI: 10.1016/j.cpc.2012.09.022
|
|--------------------------------------------------------
 
|------------------- GPU DEVICE INFO --------------------
|
|            CUDA_VISIBLE_DEVICES: 1
|   CUDA Capable Devices Detected:      1
|           CUDA Device ID in use:      0
|                CUDA Device Name: GeForce GTX 1060 6GB
|     CUDA Device Global Mem Size:   6072 MB
| CUDA Device Num Multiprocessors:     10
|           CUDA Device Core Freq:   1.76 GHz
|
|--------------------------------------------------------
 
 
| Conditional Compilation Defines Used:
| PUBFFT
| BINTRAJ
| CUDA
| EMIL

| Largest sphere to fit in unit cell has radius =    29.841

| New format PARM file being parsed.
| Version =    1.000 Date = 10/21/16 Time = 15:54:12

| Note: 1-4 EEL scale factors are being read from the topology file.

| Note: 1-4 VDW scale factors are being read from the topology file.
| Duplicated    0 dihedrals

| Duplicated    0 dihedrals

--------------------------------------------------------------------------------
   1.  RESOURCE   USE: 
--------------------------------------------------------------------------------

 getting new box info from bottom of inpcrd
 NATOM  =   29895 NTYPES =      17 NBONH =   28331 MBONA  =    1592
 NTHETH =    3754 MTHETA =    2161 NPHIH =    7401 MPHIA  =    6841
 NHPARM =       0 NPARM  =       0 NNB   =   53417 NRES   =    9098
 NBONA  =    1592 NTHETA =    2161 NPHIA =    6841 NUMBND =      84
 NUMANG =     194 NPTRA  =     195 NATYP =      45 NPHB   =       1
 IFBOX  =       2 NMXRS  =      84 IFCAP =       0 NEXTRA =       0
 NCOPY  =       0

| Coordinate Index Table dimensions:    11   11   11
| Direct force subcell size =     6.6449    6.6449    6.6449

     BOX TYPE: TRUNCATED OCTAHEDRON

--------------------------------------------------------------------------------
   2.  CONTROL  DATA  FOR  THE  RUN
--------------------------------------------------------------------------------

default_name                                                                    

General flags:
     imin    =       0, nmropt  =       0

Nature and format of input:
     ntx     =       5, irest   =       1, ntrx    =       1

Nature and format of output:
     ntxo    =       1, ntpr    =     500, ntrx    =       1, ntwr    =     500
     iwrap   =       1, ntwx    =     500, ntwv    =       0, ntwe    =       0
     ioutfm  =       1, ntwprt  =       0, idecomp =       0, rbornstat=      0

Potential function:
     ntf     =       2, ntb     =       2, igb     =       0, nsnb    =      25
     ipol    =       0, gbsa    =       0, iesp    =       0
     dielc   =   1.00000, cut     =  10.00000, intdiel =   1.00000

Frozen or restrained atoms:
     ibelly  =       0, ntr     =       1
     restraint_wt =   6.00000

Molecular dynamics:
     nstlim  =     50000, nscm    =         0, nrespa  =         1
     t       =   0.00000, dt      =   0.00200, vlimit  =  -1.00000

Langevin dynamics temperature regulation:
     ig      =  145586
     temp0   = 300.00000, tempi   = 300.00000, gamma_ln=   5.00000

Pressure regulation:
     ntp     =       1
     pres0   =   1.00000, comp    =  44.60000, taup    =   1.00000

SHAKE:
     ntc     =       2, jfastw  =       0
     tol     =   0.00001

| Intermolecular bonds treatment:
|     no_intermolecular_bonds =       1

| Energy averages sample interval:
|     ene_avg_sampling =     500

Ewald parameters:
     verbose =       0, ew_type =       0, nbflag  =       1, use_pme =       1
     vdwmeth =       1, eedmeth =       1, netfrc  =       1
     Box X =   73.094   Box Y =   73.094   Box Z =   73.094
     Alpha =  109.471   Beta  =  109.471   Gamma =  109.471
     NFFT1 =   80       NFFT2 =   80       NFFT3 =   80
     Cutoff=   10.000   Tol   =0.100E-04
     Ewald Coefficient =  0.27511
     Interpolation order =    4

    LOADING THE CONSTRAINED ATOMS AS GROUPS


   5.  REFERENCE ATOM COORDINATES

  default_name                                                                    
     Mask :1-199@N,CA,C,O; matches   792 atoms

--------------------------------------------------------------------------------
   3.  ATOMIC COORDINATES AND VELOCITIES
--------------------------------------------------------------------------------

default_name                                                                    
 begin time read from input coords =  1340.000 ps

 
 Number of triangulated 3-point waters found:     8895

     Sum of charges from parm topology file =  -0.00100209
     Forcing neutrality...

| Dynamic Memory, Types Used:
| Reals             1417211
| Integers          1054403

| Nonbonded Pairs Initial Allocation:     9042490

| GPU memory information (estimate):
| KB of GPU memory in use:    244714
| KB of CPU memory in use:     48641

--------------------------------------------------------------------------------
   4.  RESULTS
--------------------------------------------------------------------------------

 ---------------------------------------------------
 APPROXIMATING switch and d/dx switch using CUBIC SPLINE INTERPOLATION
 using   5000.0 points per unit in tabled values
 TESTING RELATIVE ERROR over r ranging from 0.0 to cutoff
| CHECK switch(x): max rel err =   0.2738E-14   at   2.422500
| CHECK d/dx switch(x): max rel err =   0.8314E-11   at   2.736960
 ---------------------------------------------------
|---------------------------------------------------
| APPROXIMATING direct energy using CUBIC SPLINE INTERPOLATION
|  with   50.0 points per unit in tabled values
| Relative Error Limit not exceeded for r .gt.   2.33
| APPROXIMATING direct force using CUBIC SPLINE INTERPOLATION
|  with   50.0 points per unit in tabled values
| Relative Error Limit not exceeded for r .gt.   2.80
|---------------------------------------------------
wrapping first mol.:       24.37794       34.47561       59.71350
wrapping first mol.:       24.37794       34.47561       59.71350

 NSTEP =      500   TIME(PS) =    1341.000  TEMP(K) =   300.78  PRESS =  -170.2
 Etot   =    -71437.6043  EKtot   =     18335.6562  EPtot      =    -89773.2605
 BOND   =       589.1982  ANGLE   =      1577.9877  DIHED      =      2485.0903
 1-4 NB =       737.4152  1-4 EEL =      8475.7512  VDWAALS    =     10631.9087
 EELEC  =   -114432.1130  EHBOND  =         0.0000  RESTRAINT  =       161.5013
 EAMBER (non-restraint)  =    -89934.7618
 EKCMT  =      8128.5985  VIRIAL  =      9234.8475  VOLUME     =    301119.6494
                                                    Density    =         1.0066
 ------------------------------------------------------------------------------

wrapping first mol.:       24.37378       34.46974       59.70333
wrapping first mol.:       24.37378       34.46974       59.70333

 NSTEP =     1000   TIME(PS) =    1342.000  TEMP(K) =   300.34  PRESS =  -142.2
 Etot   =    -71281.3409  EKtot   =     18308.9297  EPtot      =    -89590.2706
 BOND   =       605.2826  ANGLE   =      1571.6630  DIHED      =      2485.2357
 1-4 NB =       704.6618  1-4 EEL =      8426.9762  VDWAALS    =     10620.6532
 EELEC  =   -114165.1203  EHBOND  =         0.0000  RESTRAINT  =       160.3773
 EAMBER (non-restraint)  =    -89750.6479
 EKCMT  =      8033.5357  VIRIAL  =      8957.7990  VOLUME     =    300965.1126
                                                    Density    =         1.0071
 ------------------------------------------------------------------------------

wrapping first mol.:       24.37019       34.46465       59.69451
wrapping first mol.:       24.37019       34.46465       59.69451

 NSTEP =     1500   TIME(PS) =    1343.000  TEMP(K) =   300.85  PRESS =  -137.7
 Etot   =    -71066.0607  EKtot   =     18340.0938  EPtot      =    -89406.1545
 BOND   =       613.9606  ANGLE   =      1628.5506  DIHED      =      2450.0432
 1-4 NB =       704.5465  1-4 EEL =      8435.5082  VDWAALS    =     10670.5932
 EELEC  =   -114076.0592  EHBOND  =         0.0000  RESTRAINT  =       166.7024
 EAMBER (non-restraint)  =    -89572.8568
 EKCMT  =      7996.6341  VIRIAL  =      8891.1536  VOLUME     =    300831.6697
                                                    Density    =         1.0076
 ------------------------------------------------------------------------------

wrapping first mol.:       24.38308       34.48288       59.72609
wrapping first mol.:       24.38308       34.48288       59.72609

 NSTEP =     2000   TIME(PS) =    1344.000  TEMP(K) =   298.34  PRESS =    21.4
 Etot   =    -71095.2799  EKtot   =     18187.1465  EPtot      =    -89282.4264
 BOND   =       587.4611  ANGLE   =      1647.4027  DIHED      =      2480.5301
 1-4 NB =       720.2989  1-4 EEL =      8373.4240  VDWAALS    =     10637.5804
 EELEC  =   -113899.6372  EHBOND  =         0.0000  RESTRAINT  =       170.5137
 EAMBER (non-restraint)  =    -89452.9400
 EKCMT  =      7995.1977  VIRIAL  =      7855.7792  VOLUME     =    301305.0749
                                                    Density    =         1.0060
 ------------------------------------------------------------------------------

wrapping first mol.:       24.39384       34.49809       59.75245
wrapping first mol.:       24.39384       34.49809       59.75245

 NSTEP =     2500   TIME(PS) =    1345.000  TEMP(K) =   299.37  PRESS =   -71.5
 Etot   =    -71353.9915  EKtot   =     18250.0566  EPtot      =    -89604.0482
 BOND   =       562.9439  ANGLE   =      1656.8707  DIHED      =      2483.1545
 1-4 NB =       727.9701  1-4 EEL =      8390.1257  VDWAALS    =     10783.4399
 EELEC  =   -114364.3142  EHBOND  =         0.0000  RESTRAINT  =       155.7612
 EAMBER (non-restraint)  =    -89759.8094
 EKCMT  =      7946.6173  VIRIAL  =      8412.3850  VOLUME     =    301706.6409
                                                    Density    =         1.0046
 ------------------------------------------------------------------------------

wrapping first mol.:       24.38716       34.48865       59.73609
wrapping first mol.:       24.38716       34.48865       59.73609

 NSTEP =     3000   TIME(PS) =    1346.000  TEMP(K) =   298.58  PRESS =    10.1
 Etot   =    -71533.2803  EKtot   =     18202.0605  EPtot      =    -89735.3409
 BOND   =       584.0063  ANGLE   =      1616.6129  DIHED      =      2458.9483
 1-4 NB =       706.1453  1-4 EEL =      8387.3692  VDWAALS    =     10779.4441
 EELEC  =   -114424.0034  EHBOND  =         0.0000  RESTRAINT  =       156.1366
 EAMBER (non-restraint)  =    -89891.4774
 EKCMT  =      7949.8500  VIRIAL  =      7883.9230  VOLUME     =    301456.7847
                                                    Density    =         1.0055
 ------------------------------------------------------------------------------

wrapping first mol.:       24.38762       34.48931       59.73723
wrapping first mol.:       24.38762       34.48931       59.73723

 NSTEP =     3500   TIME(PS) =    1347.000  TEMP(K) =   299.15  PRESS =  -177.1
 Etot   =    -71142.8905  EKtot   =     18236.4844  EPtot      =    -89379.3749
 BOND   =       587.3968  ANGLE   =      1531.6644  DIHED      =      2502.8058
 1-4 NB =       736.1316  1-4 EEL =      8462.2943  VDWAALS    =     10632.4030
 EELEC  =   -113993.3652  EHBOND  =         0.0000  RESTRAINT  =       161.2945
 EAMBER (non-restraint)  =    -89540.6694
 EKCMT  =      7972.3559  VIRIAL  =      9124.8940  VOLUME     =    301479.0292
                                                    Density    =         1.0054
 ------------------------------------------------------------------------------

wrapping first mol.:       24.38362       34.48365       59.72743
wrapping first mol.:       24.38362       34.48365       59.72743

 NSTEP =     4000   TIME(PS) =    1348.000  TEMP(K) =   301.38  PRESS =  -188.3
 Etot   =    -70936.7419  EKtot   =     18372.1641  EPtot      =    -89308.9060
 BOND   =       574.1037  ANGLE   =      1611.4445  DIHED      =      2488.1366
 1-4 NB =       725.2835  1-4 EEL =      8477.1471  VDWAALS    =     10673.8372
 EELEC  =   -114011.6107  EHBOND  =         0.0000  RESTRAINT  =       152.7520
 EAMBER (non-restraint)  =    -89461.6580
 EKCMT  =      8030.6316  VIRIAL  =      9256.0102  VOLUME     =    301330.9254
                                                    Density    =         1.0059
 ------------------------------------------------------------------------------

wrapping first mol.:       24.35928       34.44922       59.66779
wrapping first mol.:       24.35928       34.44922       59.66779

 NSTEP =     4500   TIME(PS) =    1349.000  TEMP(K) =   300.72  PRESS =   125.2
 Etot   =    -71136.4403  EKtot   =     18332.2441  EPtot      =    -89468.6845
 BOND   =       629.3176  ANGLE   =      1648.5539  DIHED      =      2463.8654
 1-4 NB =       710.9935  1-4 EEL =      8379.4355  VDWAALS    =     10849.9606
 EELEC  =   -114317.2239  EHBOND  =         0.0000  RESTRAINT  =       166.4128
 EAMBER (non-restraint)  =    -89635.0972
 EKCMT  =      8008.9281  VIRIAL  =      7197.0280  VOLUME     =    300420.7935
                                                    Density    =         1.0089
 ------------------------------------------------------------------------------

wrapping first mol.:       24.34714       34.43205       59.63805
wrapping first mol.:       24.34714       34.43205       59.63805

 NSTEP =     5000   TIME(PS) =    1350.000  TEMP(K) =   300.36  PRESS =   -12.8
 Etot   =    -71085.7641  EKtot   =     18310.3125  EPtot      =    -89396.0766
 BOND   =       595.9943  ANGLE   =      1680.1677  DIHED      =      2474.9044
 1-4 NB =       717.0305  1-4 EEL =      8421.7967  VDWAALS    =     10655.3447
 EELEC  =   -114097.2781  EHBOND  =         0.0000  RESTRAINT  =       155.9632
 EAMBER (non-restraint)  =    -89552.0397
 EKCMT  =      7928.9308  VIRIAL  =      8012.0817  VOLUME     =    299975.5509
                                                    Density    =         1.0104
 ------------------------------------------------------------------------------

wrapping first mol.:       24.33510       34.41503       59.60857
wrapping first mol.:       24.33510       34.41503       59.60857

 NSTEP =     5500   TIME(PS) =    1351.000  TEMP(K) =   300.13  PRESS =  -209.6
 Etot   =    -71058.3674  EKtot   =     18296.4941  EPtot      =    -89354.8615
 BOND   =       610.1201  ANGLE   =      1655.4750  DIHED      =      2454.0493
 1-4 NB =       714.5709  1-4 EEL =      8432.1062  VDWAALS    =     10546.9744
 EELEC  =   -113924.3323  EHBOND  =         0.0000  RESTRAINT  =       156.1749
 EAMBER (non-restraint)  =    -89511.0365
 EKCMT  =      7935.2233  VIRIAL  =      9290.9339  VOLUME     =    299536.1023
                                                    Density    =         1.0119
 ------------------------------------------------------------------------------

wrapping first mol.:       24.33353       34.41280       59.60472
wrapping first mol.:       24.33353       34.41280       59.60472

 NSTEP =     6000   TIME(PS) =    1352.000  TEMP(K) =   302.69  PRESS =   -81.6
 Etot   =    -71131.9500  EKtot   =     18452.3730  EPtot      =    -89584.3231
 BOND   =       617.3978  ANGLE   =      1626.6269  DIHED      =      2468.6865
 1-4 NB =       711.4796  1-4 EEL =      8412.0297  VDWAALS    =     10668.5766
 EELEC  =   -114245.1133  EHBOND  =         0.0000  RESTRAINT  =       155.9932
 EAMBER (non-restraint)  =    -89740.3163
 EKCMT  =      8023.2833  VIRIAL  =      8550.9531  VOLUME     =    299474.6673
                                                    Density    =         1.0121
 ------------------------------------------------------------------------------

wrapping first mol.:       24.33369       34.41303       59.60511
wrapping first mol.:       24.33369       34.41303       59.60511

 NSTEP =     6500   TIME(PS) =    1353.000  TEMP(K) =   301.51  PRESS =   157.5
 Etot   =    -71402.2406  EKtot   =     18380.5176  EPtot      =    -89782.7582
 BOND   =       607.5941  ANGLE   =      1585.9719  DIHED      =      2483.7712
 1-4 NB =       717.0286  1-4 EEL =      8388.2335  VDWAALS    =     10802.4344
 EELEC  =   -114534.6988  EHBOND  =         0.0000  RESTRAINT  =       166.9068
 EAMBER (non-restraint)  =    -89949.6650
 EKCMT  =      7919.3681  VIRIAL  =      6901.2814  VOLUME     =    299474.1211
                                                    Density    =         1.0121
 ------------------------------------------------------------------------------

wrapping first mol.:       24.33425       34.41382       59.60649
wrapping first mol.:       24.33425       34.41382       59.60649

 NSTEP =     7000   TIME(PS) =    1354.000  TEMP(K) =   304.62  PRESS =   -83.5
 Etot   =    -71027.2544  EKtot   =     18570.1074  EPtot      =    -89597.3618
 BOND   =       574.9324  ANGLE   =      1607.6022  DIHED      =      2465.3851
 1-4 NB =       731.5921  1-4 EEL =      8430.3324  VDWAALS    =     10506.9146
 EELEC  =   -114067.1089  EHBOND  =         0.0000  RESTRAINT  =       152.9883
 EAMBER (non-restraint)  =    -89750.3500
 EKCMT  =      8138.6306  VIRIAL  =      8678.4557  VOLUME     =    299501.3605
                                                    Density    =         1.0120
 ------------------------------------------------------------------------------

wrapping first mol.:       24.33531       34.41532       59.60908
wrapping first mol.:       24.33531       34.41532       59.60908

 NSTEP =     7500   TIME(PS) =    1355.000  TEMP(K) =   298.34  PRESS =   112.1
 Etot   =    -71349.7924  EKtot   =     18186.9121  EPtot      =    -89536.7045
 BOND   =       583.6326  ANGLE   =      1596.8669  DIHED      =      2487.5293
 1-4 NB =       731.3202  1-4 EEL =      8414.5217  VDWAALS    =     10855.7040
 EELEC  =   -114382.3761  EHBOND  =         0.0000  RESTRAINT  =       176.0970
 EAMBER (non-restraint)  =    -89712.8015
 EKCMT  =      7905.0114  VIRIAL  =      7180.2473  VOLUME     =    299535.2458
                                                    Density    =         1.0119
 ------------------------------------------------------------------------------

wrapping first mol.:       24.33204       34.41070       59.60107
wrapping first mol.:       24.33204       34.41070       59.60107

 NSTEP =     8000   TIME(PS) =    1356.000  TEMP(K) =   297.94  PRESS =   194.8
 Etot   =    -71526.4470  EKtot   =     18162.9199  EPtot      =    -89689.3669
 BOND   =       598.6847  ANGLE   =      1577.1115  DIHED      =      2519.3237
 1-4 NB =       712.2391  1-4 EEL =      8394.6185  VDWAALS    =     10855.5594
 EELEC  =   -114509.0338  EHBOND  =         0.0000  RESTRAINT  =       162.1301
 EAMBER (non-restraint)  =    -89851.4970
 EKCMT  =      7919.4476  VIRIAL  =      6660.0389  VOLUME     =    299412.3426
                                                    Density    =         1.0123
 ------------------------------------------------------------------------------

wrapping first mol.:       24.33066       34.40875       59.59770
wrapping first mol.:       24.33066       34.40875       59.59770

 NSTEP =     8500   TIME(PS) =    1357.000  TEMP(K) =   300.13  PRESS =   -91.1
 Etot   =    -71524.5349  EKtot   =     18296.3223  EPtot      =    -89820.8572
 BOND   =       603.9276  ANGLE   =      1576.5171  DIHED      =      2498.4025
 1-4 NB =       712.7142  1-4 EEL =      8388.0799  VDWAALS    =     10588.8620
 EELEC  =   -114342.0097  EHBOND  =         0.0000  RESTRAINT  =       152.6491
 EAMBER (non-restraint)  =    -89973.5063
 EKCMT  =      7894.4928  VIRIAL  =      8483.2572  VOLUME     =    299369.1028
                                                    Density    =         1.0125
 ------------------------------------------------------------------------------

wrapping first mol.:       24.35536       34.44368       59.65820
wrapping first mol.:       24.35536       34.44368       59.65820

 NSTEP =     9000   TIME(PS) =    1358.000  TEMP(K) =   301.36  PRESS =   177.2
 Etot   =    -71447.0147  EKtot   =     18371.3613  EPtot      =    -89818.3760
 BOND   =       562.6688  ANGLE   =      1591.9296  DIHED      =      2488.1058
 1-4 NB =       713.3723  1-4 EEL =      8418.4408  VDWAALS    =     10875.7660
 EELEC  =   -114638.5876  EHBOND  =         0.0000  RESTRAINT  =       169.9282
 EAMBER (non-restraint)  =    -89988.3042
 EKCMT  =      8011.4413  VIRIAL  =      6862.3613  VOLUME     =    300274.6215
                                                    Density    =         1.0094
 ------------------------------------------------------------------------------

wrapping first mol.:       24.35871       34.44842       59.66641
wrapping first mol.:       24.35871       34.44842       59.66641

 NSTEP =     9500   TIME(PS) =    1359.000  TEMP(K) =   299.97  PRESS =   228.5
 Etot   =    -71370.2252  EKtot   =     18286.4551  EPtot      =    -89656.6803
 BOND   =       574.4783  ANGLE   =      1626.5094  DIHED      =      2494.7324
 1-4 NB =       686.8149  1-4 EEL =      8388.5174  VDWAALS    =     10987.2833
 EELEC  =   -114583.4492  EHBOND  =         0.0000  RESTRAINT  =       168.4332
 EAMBER (non-restraint)  =    -89825.1135
 EKCMT  =      8049.4255  VIRIAL  =      6567.4095  VOLUME     =    300397.1533
                                                    Density    =         1.0090
 ------------------------------------------------------------------------------

wrapping first mol.:       24.35152       34.43825       59.64879
wrapping first mol.:       24.35152       34.43825       59.64879

 NSTEP =    10000   TIME(PS) =    1360.000  TEMP(K) =   297.30  PRESS =   -91.1
 Etot   =    -71523.1497  EKtot   =     18123.6699  EPtot      =    -89646.8196
 BOND   =       582.4251  ANGLE   =      1642.8209  DIHED      =      2469.9720
 1-4 NB =       722.9315  1-4 EEL =      8442.6089  VDWAALS    =     10682.5863
 EELEC  =   -114354.3262  EHBOND  =         0.0000  RESTRAINT  =       164.1620
 EAMBER (non-restraint)  =    -89810.9816
 EKCMT  =      7953.0888  VIRIAL  =      8543.4661  VOLUME     =    300139.6986
                                                    Density    =         1.0099
 ------------------------------------------------------------------------------

wrapping first mol.:       24.34705       34.43193       59.63785
wrapping first mol.:       24.34705       34.43193       59.63785

 NSTEP =    10500   TIME(PS) =    1361.000  TEMP(K) =   301.82  PRESS =   -45.3
 Etot   =    -71232.1543  EKtot   =     18398.9922  EPtot      =    -89631.1465
 BOND   =       612.2450  ANGLE   =      1595.0466  DIHED      =      2476.1479
 1-4 NB =       699.5669  1-4 EEL =      8387.7010  VDWAALS    =     10702.8019
 EELEC  =   -114279.6882  EHBOND  =         0.0000  RESTRAINT  =       175.0325
 EAMBER (non-restraint)  =    -89806.1790
 EKCMT  =      8105.9392  VIRIAL  =      8399.4002  VOLUME     =    299973.3120
                                                    Density    =         1.0104
 ------------------------------------------------------------------------------

wrapping first mol.:       24.34918       34.43494       59.64307
wrapping first mol.:       24.34918       34.43494       59.64307

 NSTEP =    11000   TIME(PS) =    1362.000  TEMP(K) =   297.39  PRESS =   -46.6
 Etot   =    -71346.6983  EKtot   =     18129.5039  EPtot      =    -89476.2023
 BOND   =       605.1369  ANGLE   =      1633.3965  DIHED      =      2462.1180
 1-4 NB =       713.8105  1-4 EEL =      8400.3647  VDWAALS    =     10414.7114
 EELEC  =   -113885.4400  EHBOND  =         0.0000  RESTRAINT  =       179.6998
 EAMBER (non-restraint)  =    -89655.9020
 EKCMT  =      7892.8440  VIRIAL  =      8194.9319  VOLUME     =    300052.1241
                                                    Density    =         1.0102
 ------------------------------------------------------------------------------

wrapping first mol.:       24.34646       34.43110       59.63641
wrapping first mol.:       24.34646       34.43110       59.63641

 NSTEP =    11500   TIME(PS) =    1363.000  TEMP(K) =   298.30  PRESS =   -45.0
 Etot   =    -71533.0746  EKtot   =     18184.8789  EPtot      =    -89717.9535
 BOND   =       593.6767  ANGLE   =      1542.6994  DIHED      =      2500.4256
 1-4 NB =       714.9484  1-4 EEL =      8402.4910  VDWAALS    =     10650.3253
 EELEC  =   -114285.2747  EHBOND  =         0.0000  RESTRAINT  =       162.7548
 EAMBER (non-restraint)  =    -89880.7083
 EKCMT  =      8007.7226  VIRIAL  =      8299.3130  VOLUME     =    299951.5576
                                                    Density    =         1.0105
 ------------------------------------------------------------------------------

wrapping first mol.:       24.34708       34.43197       59.63791
wrapping first mol.:       24.34708       34.43197       59.63791

 NSTEP =    12000   TIME(PS) =    1364.000  TEMP(K) =   301.73  PRESS =   -45.6
 Etot   =    -71000.2956  EKtot   =     18393.7676  EPtot      =    -89394.0632
 BOND   =       579.9910  ANGLE   =      1678.8505  DIHED      =      2469.3730
 1-4 NB =       721.2312  1-4 EEL =      8427.4396  VDWAALS    =     10710.5902
 EELEC  =   -114143.7018  EHBOND  =         0.0000  RESTRAINT  =       162.1630
 EAMBER (non-restraint)  =    -89556.2262
 EKCMT  =      8049.7656  VIRIAL  =      8344.9313  VOLUME     =    299974.2575
                                                    Density    =         1.0104
 ------------------------------------------------------------------------------

wrapping first mol.:       24.36218       34.45332       59.67490
wrapping first mol.:       24.36218       34.45332       59.67490

 NSTEP =    12500   TIME(PS) =    1365.000  TEMP(K) =   297.50  PRESS =   -21.9
 Etot   =    -71514.3584  EKtot   =     18135.8340  EPtot      =    -89650.1924
 BOND   =       596.3694  ANGLE   =      1558.3619  DIHED      =      2471.9239
 1-4 NB =       717.7191  1-4 EEL =      8441.5561  VDWAALS    =     10643.9087
 EELEC  =   -114237.3748  EHBOND  =         0.0000  RESTRAINT  =       157.3434
 EAMBER (non-restraint)  =    -89807.5358
 EKCMT  =      7923.1533  VIRIAL  =      8065.1613  VOLUME     =    300532.1859
                                                    Density    =         1.0086
 ------------------------------------------------------------------------------

wrapping first mol.:       24.36184       34.45284       59.67406
wrapping first mol.:       24.36184       34.45284       59.67406

 NSTEP =    13000   TIME(PS) =    1366.000  TEMP(K) =   300.50  PRESS =    65.4
 Etot   =    -71282.4459  EKtot   =     18318.6035  EPtot      =    -89601.0494
 BOND   =       574.1887  ANGLE   =      1577.2129  DIHED      =      2499.9548
 1-4 NB =       713.1223  1-4 EEL =      8418.1249  VDWAALS    =     10932.6213
 EELEC  =   -114477.8853  EHBOND  =         0.0000  RESTRAINT  =       161.6108
 EAMBER (non-restraint)  =    -89762.6602
 EKCMT  =      7995.6603  VIRIAL  =      7571.4341  VOLUME     =    300517.1428
                                                    Density    =         1.0086
 ------------------------------------------------------------------------------

wrapping first mol.:       24.36368       34.45544       59.67857
wrapping first mol.:       24.36368       34.45544       59.67857

 NSTEP =    13500   TIME(PS) =    1367.000  TEMP(K) =   299.08  PRESS =  -266.1
 Etot   =    -70947.4827  EKtot   =     18232.0801  EPtot      =    -89179.5628
 BOND   =       584.1586  ANGLE   =      1642.7408  DIHED      =      2482.6399
 1-4 NB =       699.8319  1-4 EEL =      8414.5758  VDWAALS    =     10274.4774
 EELEC  =   -113438.4031  EHBOND  =         0.0000  RESTRAINT  =       160.4158
 EAMBER (non-restraint)  =    -89339.9786
 EKCMT  =      7919.8482  VIRIAL  =      9646.6391  VOLUME     =    300594.2145
                                                    Density    =         1.0083
 ------------------------------------------------------------------------------

wrapping first mol.:       24.34901       34.43470       59.64264
wrapping first mol.:       24.34901       34.43470       59.64264

 NSTEP =    14000   TIME(PS) =    1368.000  TEMP(K) =   299.18  PRESS =  -204.0
 Etot   =    -71123.6192  EKtot   =     18238.5898  EPtot      =    -89362.2091
 BOND   =       537.8380  ANGLE   =      1637.1761  DIHED      =      2513.0181
 1-4 NB =       709.9535  1-4 EEL =      8381.4743  VDWAALS    =     10582.0916
 EELEC  =   -113881.2423  EHBOND  =         0.0000  RESTRAINT  =       157.4817
 EAMBER (non-restraint)  =    -89519.6908
 EKCMT  =      7921.9844  VIRIAL  =      9243.5658  VOLUME     =    300049.8682
                                                    Density    =         1.0102
 ------------------------------------------------------------------------------

wrapping first mol.:       24.36045       34.45088       59.67068
wrapping first mol.:       24.36045       34.45088       59.67068

 NSTEP =    14500   TIME(PS) =    1369.000  TEMP(K) =   301.10  PRESS =   -17.1
 Etot   =    -71170.8315  EKtot   =     18355.5820  EPtot      =    -89526.4135
 BOND   =       582.2472  ANGLE   =      1613.7006  DIHED      =      2481.7844
 1-4 NB =       686.6706  1-4 EEL =      8391.0108  VDWAALS    =     10613.6768
 EELEC  =   -114057.0175  EHBOND  =         0.0000  RESTRAINT  =       161.5135
 EAMBER (non-restraint)  =    -89687.9271
 EKCMT  =      7972.3859  VIRIAL  =      8083.1498  VOLUME     =    300468.2266
                                                    Density    =         1.0088
 ------------------------------------------------------------------------------

wrapping first mol.:       24.35565       34.44409       59.65891
wrapping first mol.:       24.35565       34.44409       59.65891

 NSTEP =    15000   TIME(PS) =    1370.000  TEMP(K) =   299.10  PRESS =   103.2
 Etot   =    -71444.1073  EKtot   =     18233.2578  EPtot      =    -89677.3652
 BOND   =       585.4064  ANGLE   =      1589.2571  DIHED      =      2485.3436
 1-4 NB =       714.3020  1-4 EEL =      8435.7116  VDWAALS    =     10735.8840
 EELEC  =   -114390.2475  EHBOND  =         0.0000  RESTRAINT  =       166.9776
 EAMBER (non-restraint)  =    -89844.3428
 EKCMT  =      7985.7363  VIRIAL  =      7316.9280  VOLUME     =    300287.2645
                                                    Density    =         1.0094
 ------------------------------------------------------------------------------

wrapping first mol.:       24.36123       34.45198       59.67257
wrapping first mol.:       24.36123       34.45198       59.67257

 NSTEP =    15500   TIME(PS) =    1371.000  TEMP(K) =   298.98  PRESS =   -82.6
 Etot   =    -71242.1996  EKtot   =     18226.1602  EPtot      =    -89468.3598
 BOND   =       590.5251  ANGLE   =      1625.2246  DIHED      =      2467.7524
 1-4 NB =       727.8586  1-4 EEL =      8416.2251  VDWAALS    =     10674.1982
 EELEC  =   -114128.8335  EHBOND  =         0.0000  RESTRAINT  =       158.6898
 EAMBER (non-restraint)  =    -89627.0496
 EKCMT  =      7997.6625  VIRIAL  =      8533.8199  VOLUME     =    300498.6212
                                                    Density    =         1.0087
 ------------------------------------------------------------------------------

wrapping first mol.:       24.36228       34.45347       59.67516
wrapping first mol.:       24.36228       34.45347       59.67516

 NSTEP =    16000   TIME(PS) =    1372.000  TEMP(K) =   298.66  PRESS =  -150.8
 Etot   =    -71299.3700  EKtot   =     18206.3945  EPtot      =    -89505.7645
 BOND   =       587.0881  ANGLE   =      1618.2892  DIHED      =      2484.5786
 1-4 NB =       730.0672  1-4 EEL =      8452.2952  VDWAALS    =     10651.2293
 EELEC  =   -114199.1671  EHBOND  =         0.0000  RESTRAINT  =       169.8551
 EAMBER (non-restraint)  =    -89675.6196
 EKCMT  =      7872.6367  VIRIAL  =      8851.3127  VOLUME     =    300539.4944
                                                    Density    =         1.0085
 ------------------------------------------------------------------------------

wrapping first mol.:       24.34701       34.43187       59.63774
wrapping first mol.:       24.34701       34.43187       59.63774

 NSTEP =    16500   TIME(PS) =    1373.000  TEMP(K) =   302.30  PRESS =   -42.0
 Etot   =    -71191.7711  EKtot   =     18428.5098  EPtot      =    -89620.2809
 BOND   =       596.3087  ANGLE   =      1621.0761  DIHED      =      2499.7226
 1-4 NB =       713.0089  1-4 EEL =      8414.8272  VDWAALS    =     10546.9090
 EELEC  =   -114163.8934  EHBOND  =         0.0000  RESTRAINT  =       151.7601
 EAMBER (non-restraint)  =    -89772.0409
 EKCMT  =      8090.2496  VIRIAL  =      8362.3624  VOLUME     =    299971.6123
                                                    Density    =         1.0104
 ------------------------------------------------------------------------------

wrapping first mol.:       24.35858       34.44824       59.66610
wrapping first mol.:       24.35858       34.44824       59.66610

 NSTEP =    17000   TIME(PS) =    1374.000  TEMP(K) =   300.95  PRESS =    71.3
 Etot   =    -71304.6328  EKtot   =     18346.0898  EPtot      =    -89650.7226
 BOND   =       597.6718  ANGLE   =      1614.6943  DIHED      =      2447.1155
 1-4 NB =       718.4446  1-4 EEL =      8422.0481  VDWAALS    =     10838.9594
 EELEC  =   -114433.2482  EHBOND  =         0.0000  RESTRAINT  =       143.5918
 EAMBER (non-restraint)  =    -89794.3144
 EKCMT  =      7985.7273  VIRIAL  =      7523.5925  VOLUME     =    300396.6748
                                                    Density    =         1.0090
 ------------------------------------------------------------------------------

wrapping first mol.:       24.34482       34.42877       59.63238
wrapping first mol.:       24.34482       34.42877       59.63238

 NSTEP =    17500   TIME(PS) =    1375.000  TEMP(K) =   299.54  PRESS =    79.4
 Etot   =    -71246.1428  EKtot   =     18260.1914  EPtot      =    -89506.3342
 BOND   =       575.8869  ANGLE   =      1610.9981  DIHED      =      2501.3615
 1-4 NB =       715.9774  1-4 EEL =      8365.1719  VDWAALS    =     10745.2997
 EELEC  =   -114190.8428  EHBOND  =         0.0000  RESTRAINT  =       169.8132
 EAMBER (non-restraint)  =    -89676.1473
 EKCMT  =      7947.1098  VIRIAL  =      7433.1512  VOLUME     =    299887.5222
                                                    Density    =         1.0107
 ------------------------------------------------------------------------------

wrapping first mol.:       24.33537       34.41540       59.60922
wrapping first mol.:       24.33537       34.41540       59.60922

 NSTEP =    18000   TIME(PS) =    1376.000  TEMP(K) =   296.70  PRESS =    63.3
 Etot   =    -71475.6421  EKtot   =     18087.0918  EPtot      =    -89562.7339
 BOND   =       568.3798  ANGLE   =      1591.4433  DIHED      =      2493.9876
 1-4 NB =       733.1288  1-4 EEL =      8428.7838  VDWAALS    =     10706.2813
 EELEC  =   -114241.4667  EHBOND  =         0.0000  RESTRAINT  =       156.7282
 EAMBER (non-restraint)  =    -89719.4621
 EKCMT  =      7812.1584  VIRIAL  =      7403.0045  VOLUME     =    299538.6978
                                                    Density    =         1.0119
 ------------------------------------------------------------------------------

wrapping first mol.:       24.34723       34.43219       59.63829
wrapping first mol.:       24.34723       34.43219       59.63829

 NSTEP =    18500   TIME(PS) =    1377.000  TEMP(K) =   301.31  PRESS =    40.2
 Etot   =    -71030.6863  EKtot   =     18368.4238  EPtot      =    -89399.1101
 BOND   =       574.5577  ANGLE   =      1639.7266  DIHED      =      2484.7565
 1-4 NB =       739.3427  1-4 EEL =      8458.2705  VDWAALS    =     10578.0962
 EELEC  =   -114041.3305  EHBOND  =         0.0000  RESTRAINT  =       167.4702
 EAMBER (non-restraint)  =    -89566.5803
 EKCMT  =      7957.0189  VIRIAL  =      7696.3278  VOLUME     =    299977.7307
                                                    Density    =         1.0104
 ------------------------------------------------------------------------------

wrapping first mol.:       24.35059       34.43693       59.64651
wrapping first mol.:       24.35059       34.43693       59.64651

 NSTEP =    19000   TIME(PS) =    1378.000  TEMP(K) =   300.41  PRESS =   234.5
 Etot   =    -71260.7492  EKtot   =     18313.1367  EPtot      =    -89573.8860
 BOND   =       607.5970  ANGLE   =      1608.1605  DIHED      =      2438.6143
 1-4 NB =       715.3621  1-4 EEL =      8365.8556  VDWAALS    =     10846.2600
 EELEC  =   -114327.8649  EHBOND  =         0.0000  RESTRAINT  =       172.1293
 EAMBER (non-restraint)  =    -89746.0153
 EKCMT  =      7919.9463  VIRIAL  =      6400.4316  VOLUME     =    300096.5371
                                                    Density    =         1.0100
 ------------------------------------------------------------------------------

wrapping first mol.:       24.36554       34.45808       59.68314
wrapping first mol.:       24.36554       34.45808       59.68314

 NSTEP =    19500   TIME(PS) =    1379.000  TEMP(K) =   298.33  PRESS =   -54.9
 Etot   =    -71269.6119  EKtot   =     18186.3887  EPtot      =    -89456.0006
 BOND   =       582.7571  ANGLE   =      1567.5851  DIHED      =      2476.8968
 1-4 NB =       735.6628  1-4 EEL =      8440.8698  VDWAALS    =     10639.8967
 EELEC  =   -114065.2531  EHBOND  =         0.0000  RESTRAINT  =       165.5842
 EAMBER (non-restraint)  =    -89621.5847
 EKCMT  =      7842.3926  VIRIAL  =      8198.8690  VOLUME     =    300657.5513
                                                    Density    =         1.0081
 ------------------------------------------------------------------------------

wrapping first mol.:       24.37444       34.47066       59.70494
wrapping first mol.:       24.37444       34.47066       59.70494

 NSTEP =    20000   TIME(PS) =    1380.000  TEMP(K) =   301.59  PRESS =   129.2
 Etot   =    -71052.6700  EKtot   =     18385.3066  EPtot      =    -89437.9766
 BOND   =       622.4897  ANGLE   =      1599.9600  DIHED      =      2497.1306
 1-4 NB =       705.7720  1-4 EEL =      8461.2122  VDWAALS    =     10913.3309
 EELEC  =   -114408.7112  EHBOND  =         0.0000  RESTRAINT  =       170.8392
 EAMBER (non-restraint)  =    -89608.8159
 EKCMT  =      8017.0928  VIRIAL  =      7177.7294  VOLUME     =    300982.1530
                                                    Density    =         1.0070
 ------------------------------------------------------------------------------

wrapping first mol.:       24.35968       34.44978       59.66877
wrapping first mol.:       24.35968       34.44978       59.66877

 NSTEP =    20500   TIME(PS) =    1381.000  TEMP(K) =   297.71  PRESS =   -21.0
 Etot   =    -71249.5805  EKtot   =     18148.8672  EPtot      =    -89398.4477
 BOND   =       628.7702  ANGLE   =      1642.3377  DIHED      =      2485.2998
 1-4 NB =       713.8272  1-4 EEL =      8361.6492  VDWAALS    =     10619.2118
 EELEC  =   -114016.4015  EHBOND  =         0.0000  RESTRAINT  =       166.8580
 EAMBER (non-restraint)  =    -89565.3057
 EKCMT  =      7911.7000  VIRIAL  =      8047.6010  VOLUME     =    300439.5470
                                                    Density    =         1.0089
 ------------------------------------------------------------------------------

wrapping first mol.:       24.37182       34.46696       59.69852
wrapping first mol.:       24.37182       34.46696       59.69852

 NSTEP =    21000   TIME(PS) =    1382.000  TEMP(K) =   300.22  PRESS =  -172.0
 Etot   =    -71514.9542  EKtot   =     18301.9062  EPtot      =    -89816.8604
 BOND   =       594.1870  ANGLE   =      1599.9077  DIHED      =      2462.8458
 1-4 NB =       702.4449  1-4 EEL =      8394.0798  VDWAALS    =     10741.4407
 EELEC  =   -114460.7870  EHBOND  =         0.0000  RESTRAINT  =       149.0207
 EAMBER (non-restraint)  =    -89965.8811
 EKCMT  =      7960.7453  VIRIAL  =      9078.3021  VOLUME     =    300893.2110
                                                    Density    =         1.0073
 ------------------------------------------------------------------------------

wrapping first mol.:       24.36984       34.46416       59.69367
wrapping first mol.:       24.36984       34.46416       59.69367

 NSTEP =    21500   TIME(PS) =    1383.000  TEMP(K) =   299.88  PRESS =   189.0
 Etot   =    -71574.2611  EKtot   =     18281.1660  EPtot      =    -89855.4271
 BOND   =       581.4655  ANGLE   =      1611.0248  DIHED      =      2468.7542
 1-4 NB =       699.9697  1-4 EEL =      8397.9372  VDWAALS    =     10912.1506
 EELEC  =   -114680.6651  EHBOND  =         0.0000  RESTRAINT  =       153.9360
 EAMBER (non-restraint)  =    -90009.3631
 EKCMT  =      8027.6657  VIRIAL  =      6800.0976  VOLUME     =    300810.1455
                                                    Density    =         1.0076
 ------------------------------------------------------------------------------

wrapping first mol.:       24.36094       34.45158       59.67188
wrapping first mol.:       24.36094       34.45158       59.67188

 NSTEP =    22000   TIME(PS) =    1384.000  TEMP(K) =   298.80  PRESS =   -62.0
 Etot   =    -71291.3156  EKtot   =     18214.9863  EPtot      =    -89506.3019
 BOND   =       584.1962  ANGLE   =      1601.5153  DIHED      =      2474.3614
 1-4 NB =       718.0077  1-4 EEL =      8430.2737  VDWAALS    =     10579.2105
 EELEC  =   -114056.0188  EHBOND  =         0.0000  RESTRAINT  =       162.1521
 EAMBER (non-restraint)  =    -89668.4540
 EKCMT  =      7911.3697  VIRIAL  =      8313.6715  VOLUME     =    300487.5451
                                                    Density    =         1.0087
 ------------------------------------------------------------------------------

wrapping first mol.:       24.35470       34.44275       59.65659
wrapping first mol.:       24.35470       34.44275       59.65659

 NSTEP =    22500   TIME(PS) =    1385.000  TEMP(K) =   297.31  PRESS =   172.5
 Etot   =    -71705.6002  EKtot   =     18124.6211  EPtot      =    -89830.2212
 BOND   =       564.2149  ANGLE   =      1562.2661  DIHED      =      2478.7484
 1-4 NB =       744.7801  1-4 EEL =      8485.8079  VDWAALS    =     10928.6258
 EELEC  =   -114757.4432  EHBOND  =         0.0000  RESTRAINT  =       162.7787
 EAMBER (non-restraint)  =    -89993.0000
 EKCMT  =      7923.3355  VIRIAL  =      6805.3547  VOLUME     =    300250.3644
                                                    Density    =         1.0095
 ------------------------------------------------------------------------------

wrapping first mol.:       24.35113       34.43770       59.64783
wrapping first mol.:       24.35113       34.43770       59.64783

 NSTEP =    23000   TIME(PS) =    1386.000  TEMP(K) =   299.57  PRESS =  -160.6
 Etot   =    -71350.3575  EKtot   =     18262.3828  EPtot      =    -89612.7403
 BOND   =       591.0556  ANGLE   =      1610.1985  DIHED      =      2512.6176
 1-4 NB =       718.5374  1-4 EEL =      8416.1554  VDWAALS    =     10384.8959
 EELEC  =   -114014.4939  EHBOND  =         0.0000  RESTRAINT  =       168.2932
 EAMBER (non-restraint)  =    -89781.0335
 EKCMT  =      7972.5919  VIRIAL  =      9013.2386  VOLUME     =    300127.1164
                                                    Density    =         1.0099
 ------------------------------------------------------------------------------

wrapping first mol.:       24.34390       34.42747       59.63013
wrapping first mol.:       24.34390       34.42747       59.63013

 NSTEP =    23500   TIME(PS) =    1387.000  TEMP(K) =   299.97  PRESS =    19.7
 Etot   =    -71202.1801  EKtot   =     18286.2500  EPtot      =    -89488.4301
 BOND   =       575.1779  ANGLE   =      1610.2765  DIHED      =      2481.5385
 1-4 NB =       726.2857  1-4 EEL =      8432.8341  VDWAALS    =     10503.5558
 EELEC  =   -113978.4705  EHBOND  =         0.0000  RESTRAINT  =       160.3719
 EAMBER (non-restraint)  =    -89648.8020
 EKCMT  =      8030.8396  VIRIAL  =      7903.0522  VOLUME     =    299855.0839
                                                    Density    =         1.0108
 ------------------------------------------------------------------------------

wrapping first mol.:       24.35551       34.44388       59.65855
wrapping first mol.:       24.35551       34.44388       59.65855

 NSTEP =    24000   TIME(PS) =    1388.000  TEMP(K) =   300.95  PRESS =   126.3
 Etot   =    -71033.1331  EKtot   =     18346.5059  EPtot      =    -89379.6389
 BOND   =       605.0993  ANGLE   =      1634.0445  DIHED      =      2465.6736
 1-4 NB =       724.5882  1-4 EEL =      8436.3678  VDWAALS    =     10721.2960
 EELEC  =   -114135.6277  EHBOND  =         0.0000  RESTRAINT  =       168.9195
 EAMBER (non-restraint)  =    -89548.5584
 EKCMT  =      7893.6980  VIRIAL  =      7074.8808  VOLUME     =    300281.2784
                                                    Density    =         1.0094
 ------------------------------------------------------------------------------

wrapping first mol.:       24.34497       34.42898       59.63274
wrapping first mol.:       24.34497       34.42898       59.63274

 NSTEP =    24500   TIME(PS) =    1389.000  TEMP(K) =   299.98  PRESS =   164.8
 Etot   =    -71122.6052  EKtot   =     18287.3027  EPtot      =    -89409.9080
 BOND   =       564.8860  ANGLE   =      1637.5949  DIHED      =      2477.5825
 1-4 NB =       720.7797  1-4 EEL =      8470.5431  VDWAALS    =     10747.5259
 EELEC  =   -114176.3830  EHBOND  =         0.0000  RESTRAINT  =       147.5630
 EAMBER (non-restraint)  =    -89557.4710
 EKCMT  =      8035.1787  VIRIAL  =      6968.0941  VOLUME     =    299890.6461
                                                    Density    =         1.0107
 ------------------------------------------------------------------------------

wrapping first mol.:       24.36460       34.45675       59.68083
wrapping first mol.:       24.36460       34.45675       59.68083

 NSTEP =    25000   TIME(PS) =    1390.000  TEMP(K) =   298.89  PRESS =  -159.7
 Etot   =    -70953.4181  EKtot   =     18220.7852  EPtot      =    -89174.2032
 BOND   =       617.6803  ANGLE   =      1586.7828  DIHED      =      2450.8377
 1-4 NB =       702.5546  1-4 EEL =      8393.1824  VDWAALS    =     10621.1910
 EELEC  =   -113710.5723  EHBOND  =         0.0000  RESTRAINT  =       164.1402
 EAMBER (non-restraint)  =    -89338.3434
 EKCMT  =      7825.6620  VIRIAL  =      8862.0449  VOLUME     =    300625.4263
                                                    Density    =         1.0082
 ------------------------------------------------------------------------------

wrapping first mol.:       24.37998       34.47850       59.71850
wrapping first mol.:       24.37998       34.47850       59.71850

 NSTEP =    25500   TIME(PS) =    1391.000  TEMP(K) =   299.31  PRESS =     7.8
 Etot   =    -71188.9335  EKtot   =     18246.1582  EPtot      =    -89435.0917
 BOND   =       617.2243  ANGLE   =      1611.5371  DIHED      =      2464.3626
 1-4 NB =       701.2207  1-4 EEL =      8381.0455  VDWAALS    =     10723.3500
 EELEC  =   -114101.1190  EHBOND  =         0.0000  RESTRAINT  =       167.2872
 EAMBER (non-restraint)  =    -89602.3789
 EKCMT  =      7996.2301  VIRIAL  =      7945.7838  VOLUME     =    301190.5893
                                                    Density    =         1.0064
 ------------------------------------------------------------------------------

wrapping first mol.:       24.36780       34.46127       59.68867
wrapping first mol.:       24.36780       34.46127       59.68867

 NSTEP =    26000   TIME(PS) =    1392.000  TEMP(K) =   301.17  PRESS =   364.0
 Etot   =    -70941.9215  EKtot   =     18359.9473  EPtot      =    -89301.8688
 BOND   =       579.9438  ANGLE   =      1634.6710  DIHED      =      2484.4185
 1-4 NB =       719.8252  1-4 EEL =      8414.2040  VDWAALS    =     10906.4309
 EELEC  =   -114207.1379  EHBOND  =         0.0000  RESTRAINT  =       165.7758
 EAMBER (non-restraint)  =    -89467.6446
 EKCMT  =      8013.0332  VIRIAL  =      5649.7879  VOLUME     =    300729.9042
                                                    Density    =         1.0079
 ------------------------------------------------------------------------------

wrapping first mol.:       24.38411       34.48433       59.72861
wrapping first mol.:       24.38411       34.48433       59.72861

 NSTEP =    26500   TIME(PS) =    1393.000  TEMP(K) =   298.15  PRESS =   -79.8
 Etot   =    -71229.3826  EKtot   =     18175.6230  EPtot      =    -89405.0057
 BOND   =       564.7818  ANGLE   =      1593.9774  DIHED      =      2480.7170
 1-4 NB =       735.8542  1-4 EEL =      8395.8684  VDWAALS    =     10605.3945
 EELEC  =   -113957.2472  EHBOND  =         0.0000  RESTRAINT  =       175.6483
 EAMBER (non-restraint)  =    -89580.6540
 EKCMT  =      7916.6629  VIRIAL  =      8435.5705  VOLUME     =    301345.9637
                                                    Density    =         1.0058
 ------------------------------------------------------------------------------

wrapping first mol.:       24.38190       34.48121       59.72320
wrapping first mol.:       24.38190       34.48121       59.72320

 NSTEP =    27000   TIME(PS) =    1394.000  TEMP(K) =   301.48  PRESS =    68.4
 Etot   =    -71040.7199  EKtot   =     18378.7285  EPtot      =    -89419.4484
 BOND   =       536.3652  ANGLE   =      1622.0175  DIHED      =      2481.4156
 1-4 NB =       741.7269  1-4 EEL =      8447.8055  VDWAALS    =     10755.9650
 EELEC  =   -114165.9696  EHBOND  =         0.0000  RESTRAINT  =       161.2256
 EAMBER (non-restraint)  =    -89580.6740
 EKCMT  =      7953.1401  VIRIAL  =      7508.4971  VOLUME     =    301260.1335
                                                    Density    =         1.0061
 ------------------------------------------------------------------------------

wrapping first mol.:       24.37408       34.47015       59.70405
wrapping first mol.:       24.37408       34.47015       59.70405

 NSTEP =    27500   TIME(PS) =    1395.000  TEMP(K) =   298.07  PRESS =    -3.0
 Etot   =    -71249.1267  EKtot   =     18170.5039  EPtot      =    -89419.6306
 BOND   =       572.8416  ANGLE   =      1679.3463  DIHED      =      2500.1435
 1-4 NB =       703.6798  1-4 EEL =      8398.3180  VDWAALS    =     10557.6201
 EELEC  =   -114000.5397  EHBOND  =         0.0000  RESTRAINT  =       168.9598
 EAMBER (non-restraint)  =    -89588.5904
 EKCMT  =      7869.8649  VIRIAL  =      7889.2543  VOLUME     =    300972.3229
                                                    Density    =         1.0071
 ------------------------------------------------------------------------------

wrapping first mol.:       24.36599       34.45871       59.68423
wrapping first mol.:       24.36599       34.45871       59.68423

 NSTEP =    28000   TIME(PS) =    1396.000  TEMP(K) =   299.22  PRESS =   133.6
 Etot   =    -71247.0236  EKtot   =     18240.7324  EPtot      =    -89487.7560
 BOND   =       595.3302  ANGLE   =      1596.9155  DIHED      =      2470.9467
 1-4 NB =       695.2401  1-4 EEL =      8403.4327  VDWAALS    =     10851.4761
 EELEC  =   -114262.5228  EHBOND  =         0.0000  RESTRAINT  =       161.4255
 EAMBER (non-restraint)  =    -89649.1815
 EKCMT  =      7988.3770  VIRIAL  =      7121.2142  VOLUME     =    300669.0227
                                                    Density    =         1.0081
 ------------------------------------------------------------------------------

wrapping first mol.:       24.37022       34.46469       59.69460
wrapping first mol.:       24.37022       34.46469       59.69460

 NSTEP =    28500   TIME(PS) =    1397.000  TEMP(K) =   303.87  PRESS =    -8.4
 Etot   =    -70947.5294  EKtot   =     18524.4062  EPtot      =    -89471.9357
 BOND   =       585.0060  ANGLE   =      1637.8611  DIHED      =      2492.6408
 1-4 NB =       714.8205  1-4 EEL =      8439.7174  VDWAALS    =     10624.8612
 EELEC  =   -114123.6100  EHBOND  =         0.0000  RESTRAINT  =       156.7674
 EAMBER (non-restraint)  =    -89628.7031
 EKCMT  =      8016.5462  VIRIAL  =      8070.8466  VOLUME     =    300829.4603
                                                    Density    =         1.0076
 ------------------------------------------------------------------------------

wrapping first mol.:       24.37793       34.47560       59.71349
wrapping first mol.:       24.37793       34.47560       59.71349

 NSTEP =    29000   TIME(PS) =    1398.000  TEMP(K) =   299.38  PRESS =   128.8
 Etot   =    -70957.8385  EKtot   =     18250.3047  EPtot      =    -89208.1431
 BOND   =       564.5791  ANGLE   =      1673.4959  DIHED      =      2472.7079
 1-4 NB =       723.1524  1-4 EEL =      8432.3862  VDWAALS    =     10839.0099
 EELEC  =   -114075.0446  EHBOND  =         0.0000  RESTRAINT  =       161.5701
 EAMBER (non-restraint)  =    -89369.7132
 EKCMT  =      7945.0661  VIRIAL  =      7107.4028  VOLUME     =    301111.4755
                                                    Density    =         1.0066
 ------------------------------------------------------------------------------

wrapping first mol.:       24.37000       34.46438       59.69405
wrapping first mol.:       24.37000       34.46438       59.69405

 NSTEP =    29500   TIME(PS) =    1399.000  TEMP(K) =   297.84  PRESS =  -103.6
 Etot   =    -71133.2321  EKtot   =     18156.6445  EPtot      =    -89289.8767
 BOND   =       582.9871  ANGLE   =      1694.2345  DIHED      =      2474.9377
 1-4 NB =       716.8755  1-4 EEL =      8372.3663  VDWAALS    =     10640.7776
 EELEC  =   -113935.5259  EHBOND  =         0.0000  RESTRAINT  =       163.4706
 EAMBER (non-restraint)  =    -89453.3472
 EKCMT  =      7988.4989  VIRIAL  =      8661.5597  VOLUME     =    300823.7672
                                                    Density    =         1.0076
 ------------------------------------------------------------------------------

wrapping first mol.:       24.35790       34.44727       59.66442
wrapping first mol.:       24.35790       34.44727       59.66442

 NSTEP =    30000   TIME(PS) =    1400.000  TEMP(K) =   297.58  PRESS =   -42.4
 Etot   =    -71237.4645  EKtot   =     18140.4980  EPtot      =    -89377.9625
 BOND   =       593.5876  ANGLE   =      1540.6080  DIHED      =      2498.1184
 1-4 NB =       722.0465  1-4 EEL =      8423.4319  VDWAALS    =     10693.4997
 EELEC  =   -114016.8291  EHBOND  =         0.0000  RESTRAINT  =       167.5745
 EAMBER (non-restraint)  =    -89545.5371
 EKCMT  =      7883.1535  VIRIAL  =      8158.1367  VOLUME     =    300374.4692
                                                    Density    =         1.0091
 ------------------------------------------------------------------------------

wrapping first mol.:       24.35299       34.44032       59.65238
wrapping first mol.:       24.35299       34.44032       59.65238

 NSTEP =    30500   TIME(PS) =    1401.000  TEMP(K) =   302.28  PRESS =  -164.4
 Etot   =    -71012.7394  EKtot   =     18427.3457  EPtot      =    -89440.0851
 BOND   =       603.8971  ANGLE   =      1615.6354  DIHED      =      2479.9557
 1-4 NB =       718.2795  1-4 EEL =      8389.4294  VDWAALS    =     10477.1305
 EELEC  =   -113899.0957  EHBOND  =         0.0000  RESTRAINT  =       174.6829
 EAMBER (non-restraint)  =    -89614.7680
 EKCMT  =      7937.7133  VIRIAL  =      9003.4418  VOLUME     =    300195.8717
                                                    Density    =         1.0097
 ------------------------------------------------------------------------------

wrapping first mol.:       24.35487       34.44299       59.65700
wrapping first mol.:       24.35487       34.44299       59.65700

 NSTEP =    31000   TIME(PS) =    1402.000  TEMP(K) =   302.48  PRESS =    90.6
 Etot   =    -71027.8024  EKtot   =     18439.6191  EPtot      =    -89467.4215
 BOND   =       614.1412  ANGLE   =      1596.1760  DIHED      =      2495.3152
 1-4 NB =       705.2326  1-4 EEL =      8364.9650  VDWAALS    =     10696.4941
 EELEC  =   -114104.6213  EHBOND  =         0.0000  RESTRAINT  =       164.8757
 EAMBER (non-restraint)  =    -89632.2972
 EKCMT  =      7958.0831  VIRIAL  =      7370.9925  VOLUME     =    300258.7848
                                                    Density    =         1.0095
 ------------------------------------------------------------------------------

wrapping first mol.:       24.35073       34.43714       59.64687
wrapping first mol.:       24.35073       34.43714       59.64687

 NSTEP =    31500   TIME(PS) =    1403.000  TEMP(K) =   298.81  PRESS =   -75.4
 Etot   =    -71376.0537  EKtot   =     18215.8828  EPtot      =    -89591.9365
 BOND   =       569.7827  ANGLE   =      1543.8443  DIHED      =      2483.5692
 1-4 NB =       702.3360  1-4 EEL =      8398.6267  VDWAALS    =     10642.9718
 EELEC  =   -114105.5510  EHBOND  =         0.0000  RESTRAINT  =       172.4838
 EAMBER (non-restraint)  =    -89764.4203
 EKCMT  =      7960.6846  VIRIAL  =      8449.3575  VOLUME     =    300110.2678
                                                    Density    =         1.0100
 ------------------------------------------------------------------------------

wrapping first mol.:       24.34475       34.42868       59.63222
wrapping first mol.:       24.34475       34.42868       59.63222

 NSTEP =    32000   TIME(PS) =    1404.000  TEMP(K) =   301.41  PRESS =    63.0
 Etot   =    -71130.4325  EKtot   =     18374.1855  EPtot      =    -89504.6181
 BOND   =       609.3509  ANGLE   =      1616.5441  DIHED      =      2523.4569
 1-4 NB =       694.7208  1-4 EEL =      8391.6097  VDWAALS    =     10698.0538
 EELEC  =   -114206.5804  EHBOND  =         0.0000  RESTRAINT  =       168.2262
 EAMBER (non-restraint)  =    -89672.8443
 EKCMT  =      8057.6491  VIRIAL  =      7650.0042  VOLUME     =    299885.4877
                                                    Density    =         1.0107
 ------------------------------------------------------------------------------

wrapping first mol.:       24.34979       34.43581       59.64456
wrapping first mol.:       24.34979       34.43581       59.64456

 NSTEP =    32500   TIME(PS) =    1405.000  TEMP(K) =   301.25  PRESS =  -282.1
 Etot   =    -71322.5685  EKtot   =     18364.6035  EPtot      =    -89687.1720
 BOND   =       603.5473  ANGLE   =      1592.9589  DIHED      =      2476.4584
 1-4 NB =       715.1877  1-4 EEL =      8397.4311  VDWAALS    =     10271.8203
 EELEC  =   -113902.7003  EHBOND  =         0.0000  RESTRAINT  =       158.1247
 EAMBER (non-restraint)  =    -89845.2967
 EKCMT  =      8038.7572  VIRIAL  =      9866.5026  VOLUME     =    300081.0073
                                                    Density    =         1.0101
 ------------------------------------------------------------------------------

wrapping first mol.:       24.34978       34.43578       59.64452
wrapping first mol.:       24.34978       34.43578       59.64452

 NSTEP =    33000   TIME(PS) =    1406.000  TEMP(K) =   302.32  PRESS =  -122.4
 Etot   =    -71203.7850  EKtot   =     18429.8652  EPtot      =    -89633.6502
 BOND   =       591.5924  ANGLE   =      1594.4446  DIHED      =      2474.6286
 1-4 NB =       717.0859  1-4 EEL =      8421.2220  VDWAALS    =     10740.6030
 EELEC  =   -114334.9339  EHBOND  =         0.0000  RESTRAINT  =       161.7071
 EAMBER (non-restraint)  =    -89795.3573
 EKCMT  =      7936.5028  VIRIAL  =      8729.6515  VOLUME     =    300076.0890
                                                    Density    =         1.0101
 ------------------------------------------------------------------------------

wrapping first mol.:       24.36197       34.45303       59.67439
wrapping first mol.:       24.36197       34.45303       59.67439

 NSTEP =    33500   TIME(PS) =    1407.000  TEMP(K) =   300.03  PRESS =   115.4
 Etot   =    -71402.4044  EKtot   =     18290.3301  EPtot      =    -89692.7344
 BOND   =       637.6033  ANGLE   =      1557.2254  DIHED      =      2496.9094
 1-4 NB =       705.0110  1-4 EEL =      8421.3176  VDWAALS    =     10929.8680
 EELEC  =   -114607.0328  EHBOND  =         0.0000  RESTRAINT  =       166.3638
 EAMBER (non-restraint)  =    -89859.0982
 EKCMT  =      8091.3937  VIRIAL  =      7342.9236  VOLUME     =    300520.7286
                                                    Density    =         1.0086
 ------------------------------------------------------------------------------

wrapping first mol.:       24.36883       34.46274       59.69120
wrapping first mol.:       24.36883       34.46274       59.69120

 NSTEP =    34000   TIME(PS) =    1408.000  TEMP(K) =   301.22  PRESS =   -74.1
 Etot   =    -71534.1707  EKtot   =     18362.6914  EPtot      =    -89896.8621
 BOND   =       568.5629  ANGLE   =      1623.6102  DIHED      =      2491.7053
 1-4 NB =       719.2951  1-4 EEL =      8375.1229  VDWAALS    =     10787.3550
 EELEC  =   -114625.6473  EHBOND  =         0.0000  RESTRAINT  =       163.1338
 EAMBER (non-restraint)  =    -90059.9959
 EKCMT  =      8016.2054  VIRIAL  =      8497.3388  VOLUME     =    300779.9572
                                                    Density    =         1.0077
 ------------------------------------------------------------------------------

wrapping first mol.:       24.35032       34.43656       59.64586
wrapping first mol.:       24.35032       34.43656       59.64586

 NSTEP =    34500   TIME(PS) =    1409.000  TEMP(K) =   297.87  PRESS =  -114.6
 Etot   =    -71378.9812  EKtot   =     18158.7402  EPtot      =    -89537.7215
 BOND   =       598.5467  ANGLE   =      1629.0895  DIHED      =      2492.1117
 1-4 NB =       719.8165  1-4 EEL =      8432.2627  VDWAALS    =     10685.2428
 EELEC  =   -114265.2923  EHBOND  =         0.0000  RESTRAINT  =       170.5009
 EAMBER (non-restraint)  =    -89708.2224
 EKCMT  =      7900.0113  VIRIAL  =      8642.7583  VOLUME     =    300096.1221
                                                    Density    =         1.0100
 ------------------------------------------------------------------------------

wrapping first mol.:       24.34336       34.42670       59.62879
wrapping first mol.:       24.34336       34.42670       59.62879

 NSTEP =    35000   TIME(PS) =    1410.000  TEMP(K) =   299.05  PRESS =     1.4
 Etot   =    -71248.7554  EKtot   =     18230.5039  EPtot      =    -89479.2594
 BOND   =       553.4329  ANGLE   =      1609.8662  DIHED      =      2502.3486
 1-4 NB =       715.3114  1-4 EEL =      8383.5925  VDWAALS    =     10688.8487
 EELEC  =   -114088.6975  EHBOND  =         0.0000  RESTRAINT  =       156.0378
 EAMBER (non-restraint)  =    -89635.2971
 EKCMT  =      7827.4309  VIRIAL  =      7818.1637  VOLUME     =    299835.4459
                                                    Density    =         1.0109
 ------------------------------------------------------------------------------

wrapping first mol.:       24.35212       34.43909       59.65026
wrapping first mol.:       24.35212       34.43909       59.65026

 NSTEP =    35500   TIME(PS) =    1411.000  TEMP(K) =   299.70  PRESS =    53.3
 Etot   =    -71152.3108  EKtot   =     18270.2500  EPtot      =    -89422.5608
 BOND   =       569.1880  ANGLE   =      1638.6807  DIHED      =      2518.2105
 1-4 NB =       714.1137  1-4 EEL =      8412.6563  VDWAALS    =     10585.3709
 EELEC  =   -114013.9560  EHBOND  =         0.0000  RESTRAINT  =       153.1751
 EAMBER (non-restraint)  =    -89575.7359
 EKCMT  =      7980.5743  VIRIAL  =      7634.9920  VOLUME     =    300157.9511
                                                    Density    =         1.0098
 ------------------------------------------------------------------------------

wrapping first mol.:       24.34417       34.42785       59.63079
wrapping first mol.:       24.34417       34.42785       59.63079

 NSTEP =    36000   TIME(PS) =    1412.000  TEMP(K) =   299.66  PRESS =   -17.5
 Etot   =    -71393.3045  EKtot   =     18267.6270  EPtot      =    -89660.9315
 BOND   =       591.5546  ANGLE   =      1644.4492  DIHED      =      2493.9464
 1-4 NB =       704.3182  1-4 EEL =      8412.2799  VDWAALS    =     10812.3928
 EELEC  =   -114486.1601  EHBOND  =         0.0000  RESTRAINT  =       166.2874
 EAMBER (non-restraint)  =    -89827.2189
 EKCMT  =      8049.7551  VIRIAL  =      8163.3123  VOLUME     =    299866.0374
                                                    Density    =         1.0108
 ------------------------------------------------------------------------------

wrapping first mol.:       24.34268       34.42574       59.62713
wrapping first mol.:       24.34268       34.42574       59.62713

 NSTEP =    36500   TIME(PS) =    1413.000  TEMP(K) =   298.70  PRESS =     9.5
 Etot   =    -71338.0445  EKtot   =     18208.9727  EPtot      =    -89547.0171
 BOND   =       577.9770  ANGLE   =      1636.8475  DIHED      =      2512.7807
 1-4 NB =       717.2226  1-4 EEL =      8392.9387  VDWAALS    =     10670.5481
 EELEC  =   -114209.0429  EHBOND  =         0.0000  RESTRAINT  =       153.7113
 EAMBER (non-restraint)  =    -89700.7284
 EKCMT  =      7900.6682  VIRIAL  =      7838.8578  VOLUME     =    299810.1482
                                                    Density    =         1.0110
 ------------------------------------------------------------------------------

wrapping first mol.:       24.31456       34.38597       59.55825
wrapping first mol.:       24.31456       34.38597       59.55825

 NSTEP =    37000   TIME(PS) =    1414.000  TEMP(K) =   299.19  PRESS =  -194.8
 Etot   =    -71408.4981  EKtot   =     18239.1367  EPtot      =    -89647.6349
 BOND   =       568.2581  ANGLE   =      1594.1606  DIHED      =      2509.6461
 1-4 NB =       726.3374  1-4 EEL =      8461.0355  VDWAALS    =     10406.7327
 EELEC  =   -114087.2767  EHBOND  =         0.0000  RESTRAINT  =       173.4714
 EAMBER (non-restraint)  =    -89821.1063
 EKCMT  =      7926.1070  VIRIAL  =      9183.0536  VOLUME     =    298777.7606
                                                    Density    =         1.0145
 ------------------------------------------------------------------------------

wrapping first mol.:       24.32847       34.40566       59.59234
wrapping first mol.:       24.32847       34.40566       59.59234

 NSTEP =    37500   TIME(PS) =    1415.000  TEMP(K) =   299.57  PRESS =   325.3
 Etot   =    -71226.8397  EKtot   =     18262.3457  EPtot      =    -89489.1854
 BOND   =       578.8322  ANGLE   =      1636.0238  DIHED      =      2481.3673
 1-4 NB =       728.9777  1-4 EEL =      8467.1942  VDWAALS    =     10824.6494
 EELEC  =   -114361.2875  EHBOND  =         0.0000  RESTRAINT  =       155.0575
 EAMBER (non-restraint)  =    -89644.2429
 EKCMT  =      8025.4375  VIRIAL  =      5923.4868  VOLUME     =    299277.2222
                                                    Density    =         1.0128
 ------------------------------------------------------------------------------

wrapping first mol.:       24.34641       34.43102       59.63627
wrapping first mol.:       24.34641       34.43102       59.63627

 NSTEP =    38000   TIME(PS) =    1416.000  TEMP(K) =   300.15  PRESS =  -159.9
 Etot   =    -71145.5260  EKtot   =     18297.4609  EPtot      =    -89442.9869
 BOND   =       613.5010  ANGLE   =      1625.6297  DIHED      =      2501.4939
 1-4 NB =       723.3548  1-4 EEL =      8427.0287  VDWAALS    =     10555.0484
 EELEC  =   -114050.4173  EHBOND  =         0.0000  RESTRAINT  =       161.3738
 EAMBER (non-restraint)  =    -89604.3607
 EKCMT  =      7941.7671  VIRIAL  =      8977.3886  VOLUME     =    299952.6019
                                                    Density    =         1.0105
 ------------------------------------------------------------------------------

wrapping first mol.:       24.33075       34.40887       59.59791
wrapping first mol.:       24.33075       34.40887       59.59791

 NSTEP =    38500   TIME(PS) =    1417.000  TEMP(K) =   300.32  PRESS =  -244.3
 Etot   =    -71262.7973  EKtot   =     18307.5508  EPtot      =    -89570.3481
 BOND   =       638.1172  ANGLE   =      1607.9375  DIHED      =      2484.1630
 1-4 NB =       698.2377  1-4 EEL =      8443.5549  VDWAALS    =     10492.7805
 EELEC  =   -114106.0342  EHBOND  =         0.0000  RESTRAINT  =       170.8954
 EAMBER (non-restraint)  =    -89741.2435
 EKCMT  =      8046.6473  VIRIAL  =      9625.5295  VOLUME     =    299376.3615
                                                    Density    =         1.0125
 ------------------------------------------------------------------------------

wrapping first mol.:       24.33095       34.40915       59.59840
wrapping first mol.:       24.33095       34.40915       59.59840

 NSTEP =    39000   TIME(PS) =    1418.000  TEMP(K) =   299.91  PRESS =    97.2
 Etot   =    -71143.9822  EKtot   =     18282.6250  EPtot      =    -89426.6072
 BOND   =       616.9857  ANGLE   =      1612.8593  DIHED      =      2506.8937
 1-4 NB =       709.7882  1-4 EEL =      8369.7046  VDWAALS    =     10880.5451
 EELEC  =   -114278.5138  EHBOND  =         0.0000  RESTRAINT  =       155.1300
 EAMBER (non-restraint)  =    -89581.7372
 EKCMT  =      7958.6279  VIRIAL  =      7330.5798  VOLUME     =    299374.6116
                                                    Density    =         1.0125
 ------------------------------------------------------------------------------

wrapping first mol.:       24.33481       34.41462       59.60787
wrapping first mol.:       24.33481       34.41462       59.60787

 NSTEP =    39500   TIME(PS) =    1419.000  TEMP(K) =   297.84  PRESS =    47.2
 Etot   =    -71417.9150  EKtot   =     18156.4805  EPtot      =    -89574.3955
 BOND   =       608.7791  ANGLE   =      1632.1995  DIHED      =      2490.4014
 1-4 NB =       707.5095  1-4 EEL =      8373.3258  VDWAALS    =     10828.1472
 EELEC  =   -114372.9372  EHBOND  =         0.0000  RESTRAINT  =       158.1792
 EAMBER (non-restraint)  =    -89732.5747
 EKCMT  =      7783.7576  VIRIAL  =      7478.7568  VOLUME     =    299518.6686
                                                    Density    =         1.0120
 ------------------------------------------------------------------------------

wrapping first mol.:       24.33256       34.41143       59.60234
wrapping first mol.:       24.33256       34.41143       59.60234

 NSTEP =    40000   TIME(PS) =    1420.000  TEMP(K) =   301.68  PRESS =   -38.0
 Etot   =    -71298.4176  EKtot   =     18390.5820  EPtot      =    -89688.9996
 BOND   =       556.8679  ANGLE   =      1551.1949  DIHED      =      2503.5109
 1-4 NB =       706.8798  1-4 EEL =      8410.0864  VDWAALS    =     10772.7108
 EELEC  =   -114355.2215  EHBOND  =         0.0000  RESTRAINT  =       164.9710
 EAMBER (non-restraint)  =    -89853.9707
 EKCMT  =      8029.9645  VIRIAL  =      8275.8779  VOLUME     =    299437.7057
                                                    Density    =         1.0122
 ------------------------------------------------------------------------------

wrapping first mol.:       24.33068       34.40878       59.59775
wrapping first mol.:       24.33068       34.40878       59.59775

 NSTEP =    40500   TIME(PS) =    1421.000  TEMP(K) =   300.81  PRESS =  -257.5
 Etot   =    -71130.4695  EKtot   =     18338.0039  EPtot      =    -89468.4734
 BOND   =       581.3494  ANGLE   =      1634.8278  DIHED      =      2492.6209
 1-4 NB =       715.5258  1-4 EEL =      8406.6142  VDWAALS    =     10440.3427
 EELEC  =   -113912.2370  EHBOND  =         0.0000  RESTRAINT  =       172.4829
 EAMBER (non-restraint)  =    -89640.9562
 EKCMT  =      8026.1566  VIRIAL  =      9690.3808  VOLUME     =    299374.2673
                                                    Density    =         1.0125
 ------------------------------------------------------------------------------

wrapping first mol.:       24.34499       34.42902       59.63281
wrapping first mol.:       24.34499       34.42902       59.63281

 NSTEP =    41000   TIME(PS) =    1422.000  TEMP(K) =   298.78  PRESS =   134.0
 Etot   =    -71267.7979  EKtot   =     18214.1016  EPtot      =    -89481.8995
 BOND   =       595.3757  ANGLE   =      1622.1519  DIHED      =      2484.1462
 1-4 NB =       706.6655  1-4 EEL =      8373.0203  VDWAALS    =     10582.3887
 EELEC  =   -113999.8489  EHBOND  =         0.0000  RESTRAINT  =       154.2010
 EAMBER (non-restraint)  =    -89636.1005
 EKCMT  =      7962.2386  VIRIAL  =      7094.2747  VOLUME     =    299892.4493
                                                    Density    =         1.0107
 ------------------------------------------------------------------------------

wrapping first mol.:       24.35792       34.44730       59.66447
wrapping first mol.:       24.35792       34.44730       59.66447

 NSTEP =    41500   TIME(PS) =    1423.000  TEMP(K) =   301.59  PRESS =    78.0
 Etot   =    -71244.8811  EKtot   =     18385.2910  EPtot      =    -89630.1721
 BOND   =       571.2502  ANGLE   =      1573.8491  DIHED      =      2481.9939
 1-4 NB =       720.1236  1-4 EEL =      8424.6390  VDWAALS    =     10835.3519
 EELEC  =   -114414.4606  EHBOND  =         0.0000  RESTRAINT  =       177.0808
 EAMBER (non-restraint)  =    -89807.2529
 EKCMT  =      8007.3349  VIRIAL  =      7501.7119  VOLUME     =    300371.9604
                                                    Density    =         1.0091
 ------------------------------------------------------------------------------

wrapping first mol.:       24.35701       34.44601       59.66224
wrapping first mol.:       24.35701       34.44601       59.66224

 NSTEP =    42000   TIME(PS) =    1424.000  TEMP(K) =   300.76  PRESS =  -142.2
 Etot   =    -71005.1387  EKtot   =     18334.4121  EPtot      =    -89339.5508
 BOND   =       566.9415  ANGLE   =      1576.9987  DIHED      =      2518.8634
 1-4 NB =       733.5245  1-4 EEL =      8392.3223  VDWAALS    =     10379.2144
 EELEC  =   -113673.8766  EHBOND  =         0.0000  RESTRAINT  =       166.4610
 EAMBER (non-restraint)  =    -89506.0118
 EKCMT  =      8008.4130  VIRIAL  =      8930.7800  VOLUME     =    300344.1513
                                                    Density    =         1.0092
 ------------------------------------------------------------------------------

wrapping first mol.:       24.36045       34.45087       59.67066
wrapping first mol.:       24.36045       34.45087       59.67066

 NSTEP =    42500   TIME(PS) =    1425.000  TEMP(K) =   299.70  PRESS =    47.4
 Etot   =    -70915.8940  EKtot   =     18270.2539  EPtot      =    -89186.1479
 BOND   =       590.2889  ANGLE   =      1626.0878  DIHED      =      2500.9916
 1-4 NB =       709.2016  1-4 EEL =      8383.5228  VDWAALS    =     10466.9541
 EELEC  =   -113620.2727  EHBOND  =         0.0000  RESTRAINT  =       157.0782
 EAMBER (non-restraint)  =    -89343.2260
 EKCMT  =      7964.2164  VIRIAL  =      7656.7844  VOLUME     =    300466.2440
                                                    Density    =         1.0088
 ------------------------------------------------------------------------------

wrapping first mol.:       24.35310       34.44049       59.65267
wrapping first mol.:       24.35310       34.44049       59.65267

 NSTEP =    43000   TIME(PS) =    1426.000  TEMP(K) =   301.21  PRESS =  -143.2
 Etot   =    -70888.9060  EKtot   =     18362.3809  EPtot      =    -89251.2869
 BOND   =       565.5527  ANGLE   =      1613.5737  DIHED      =      2449.0556
 1-4 NB =       734.2719  1-4 EEL =      8426.3603  VDWAALS    =     10490.4460
 EELEC  =   -113683.7000  EHBOND  =         0.0000  RESTRAINT  =       153.1530
 EAMBER (non-restraint)  =    -89404.4399
 EKCMT  =      8088.8234  VIRIAL  =      9016.7117  VOLUME     =    300199.6155
                                                    Density    =         1.0097
 ------------------------------------------------------------------------------

wrapping first mol.:       24.36206       34.45316       59.67462
wrapping first mol.:       24.36206       34.45316       59.67462

 NSTEP =    43500   TIME(PS) =    1427.000  TEMP(K) =   298.90  PRESS =   -81.9
 Etot   =    -71124.0651  EKtot   =     18220.9844  EPtot      =    -89345.0495
 BOND   =       614.5349  ANGLE   =      1608.3606  DIHED      =      2508.4003
 1-4 NB =       714.8274  1-4 EEL =      8415.1404  VDWAALS    =     10648.2998
 EELEC  =   -114003.0431  EHBOND  =         0.0000  RESTRAINT  =       148.4302
 EAMBER (non-restraint)  =    -89493.4797
 EKCMT  =      7912.5465  VIRIAL  =      8444.0562  VOLUME     =    300529.4968
                                                    Density    =         1.0086
 ------------------------------------------------------------------------------

wrapping first mol.:       24.35689       34.44585       59.66195
wrapping first mol.:       24.35689       34.44585       59.66195

 NSTEP =    44000   TIME(PS) =    1428.000  TEMP(K) =   296.98  PRESS =    57.8
 Etot   =    -71661.4958  EKtot   =     18104.1973  EPtot      =    -89765.6930
 BOND   =       541.2423  ANGLE   =      1568.5678  DIHED      =      2491.3497
 1-4 NB =       735.9764  1-4 EEL =      8391.6265  VDWAALS    =     10835.6202
 EELEC  =   -114490.9213  EHBOND  =         0.0000  RESTRAINT  =       160.8453
 EAMBER (non-restraint)  =    -89926.5383
 EKCMT  =      7940.3747  VIRIAL  =      7565.3537  VOLUME     =    300334.4358
                                                    Density    =         1.0092
 ------------------------------------------------------------------------------

wrapping first mol.:       24.34797       34.43324       59.64011
wrapping first mol.:       24.34797       34.43324       59.64011

 NSTEP =    44500   TIME(PS) =    1429.000  TEMP(K) =   297.91  PRESS =   -16.3
 Etot   =    -71332.7785  EKtot   =     18160.7930  EPtot      =    -89493.5715
 BOND   =       563.8119  ANGLE   =      1667.8412  DIHED      =      2495.2022
 1-4 NB =       719.2621  1-4 EEL =      8428.6751  VDWAALS    =     10695.3806
 EELEC  =   -114223.2441  EHBOND  =         0.0000  RESTRAINT  =       159.4996
 EAMBER (non-restraint)  =    -89653.0710
 EKCMT  =      8047.3176  VIRIAL  =      8152.8715  VOLUME     =    300006.6592
                                                    Density    =         1.0103
 ------------------------------------------------------------------------------

wrapping first mol.:       24.34653       34.43119       59.63656
wrapping first mol.:       24.34653       34.43119       59.63656

 NSTEP =    45000   TIME(PS) =    1430.000  TEMP(K) =   298.10  PRESS =     7.3
 Etot   =    -71372.8059  EKtot   =     18172.7617  EPtot      =    -89545.5676
 BOND   =       591.2925  ANGLE   =      1613.4157  DIHED      =      2481.3145
 1-4 NB =       720.4931  1-4 EEL =      8449.0047  VDWAALS    =     10580.8049
 EELEC  =   -114147.9224  EHBOND  =         0.0000  RESTRAINT  =       166.0293
 EAMBER (non-restraint)  =    -89711.5970
 EKCMT  =      7937.2415  VIRIAL  =      7890.0428  VOLUME     =    299952.4539
                                                    Density    =         1.0105
 ------------------------------------------------------------------------------

wrapping first mol.:       24.35206       34.43901       59.65011
wrapping first mol.:       24.35206       34.43901       59.65011

 NSTEP =    45500   TIME(PS) =    1431.000  TEMP(K) =   301.50  PRESS =   269.2
 Etot   =    -70985.6471  EKtot   =     18379.7617  EPtot      =    -89365.4088
 BOND   =       606.3271  ANGLE   =      1580.3036  DIHED      =      2503.5615
 1-4 NB =       713.8409  1-4 EEL =      8412.9355  VDWAALS    =     10807.9543
 EELEC  =   -114145.8052  EHBOND  =         0.0000  RESTRAINT  =       155.4735
 EAMBER (non-restraint)  =    -89520.8823
 EKCMT  =      8010.9600  VIRIAL  =      6266.2872  VOLUME     =    300150.0439
                                                    Density    =         1.0098
 ------------------------------------------------------------------------------

wrapping first mol.:       24.35866       34.44835       59.66628
wrapping first mol.:       24.35866       34.44835       59.66628

 NSTEP =    46000   TIME(PS) =    1432.000  TEMP(K) =   301.14  PRESS =   -72.7
 Etot   =    -71122.5081  EKtot   =     18357.5469  EPtot      =    -89480.0549
 BOND   =       569.3030  ANGLE   =      1612.5327  DIHED      =      2492.0615
 1-4 NB =       715.0865  1-4 EEL =      8421.0827  VDWAALS    =     10757.0478
 EELEC  =   -114218.1393  EHBOND  =         0.0000  RESTRAINT  =       170.9701
 EAMBER (non-restraint)  =    -89651.0251
 EKCMT  =      7977.7959  VIRIAL  =      8449.4211  VOLUME     =    300403.3078
                                                    Density    =         1.0090
 ------------------------------------------------------------------------------

wrapping first mol.:       24.35350       34.44104       59.65363
wrapping first mol.:       24.35350       34.44104       59.65363

 NSTEP =    46500   TIME(PS) =    1433.000  TEMP(K) =   302.49  PRESS =    60.2
 Etot   =    -71136.1766  EKtot   =     18440.2871  EPtot      =    -89576.4637
 BOND   =       581.4033  ANGLE   =      1589.8833  DIHED      =      2487.3290
 1-4 NB =       725.8927  1-4 EEL =      8480.7808  VDWAALS    =     10844.3816
 EELEC  =   -114457.1843  EHBOND  =         0.0000  RESTRAINT  =       171.0499
 EAMBER (non-restraint)  =    -89747.5137
 EKCMT  =      7998.7669  VIRIAL  =      7608.2642  VOLUME     =    300208.7870
                                                    Density    =         1.0096
 ------------------------------------------------------------------------------

wrapping first mol.:       24.35895       34.44876       59.66699
wrapping first mol.:       24.35895       34.44876       59.66699

 NSTEP =    47000   TIME(PS) =    1434.000  TEMP(K) =   301.19  PRESS =    36.8
 Etot   =    -70949.3664  EKtot   =     18360.7734  EPtot      =    -89310.1399
 BOND   =       648.5313  ANGLE   =      1620.8326  DIHED      =      2475.7913
 1-4 NB =       717.8243  1-4 EEL =      8444.8248  VDWAALS    =     10732.5925
 EELEC  =   -114122.3815  EHBOND  =         0.0000  RESTRAINT  =       171.8449
 EAMBER (non-restraint)  =    -89481.9847
 EKCMT  =      8038.4451  VIRIAL  =      7799.6580  VOLUME     =    300411.1253
                                                    Density    =         1.0090
 ------------------------------------------------------------------------------

wrapping first mol.:       24.36419       34.45617       59.67983
wrapping first mol.:       24.36419       34.45617       59.67983

 NSTEP =    47500   TIME(PS) =    1435.000  TEMP(K) =   302.40  PRESS =  -169.3
 Etot   =    -70955.2464  EKtot   =     18434.3887  EPtot      =    -89389.6351
 BOND   =       573.1011  ANGLE   =      1610.4294  DIHED      =      2473.2614
 1-4 NB =       732.9382  1-4 EEL =      8418.0947  VDWAALS    =     10554.8283
 EELEC  =   -113922.9430  EHBOND  =         0.0000  RESTRAINT  =       170.6547
 EAMBER (non-restraint)  =    -89560.2898
 EKCMT  =      8091.5762  VIRIAL  =      9190.2063  VOLUME     =    300610.5378
                                                    Density    =         1.0083
 ------------------------------------------------------------------------------

wrapping first mol.:       24.36925       34.46333       59.69223
wrapping first mol.:       24.36925       34.46333       59.69223

 NSTEP =    48000   TIME(PS) =    1436.000  TEMP(K) =   298.50  PRESS =   124.7
 Etot   =    -71244.1060  EKtot   =     18196.9570  EPtot      =    -89441.0630
 BOND   =       585.9545  ANGLE   =      1597.2632  DIHED      =      2485.4541
 1-4 NB =       725.0665  1-4 EEL =      8400.3791  VDWAALS    =     10862.5090
 EELEC  =   -114261.6773  EHBOND  =         0.0000  RESTRAINT  =       163.9879
 EAMBER (non-restraint)  =    -89605.0510
 EKCMT  =      7953.0286  VIRIAL  =      7143.1544  VOLUME     =    300790.1058
                                                    Density    =         1.0077
 ------------------------------------------------------------------------------

wrapping first mol.:       24.37299       34.46861       59.70138
wrapping first mol.:       24.37299       34.46861       59.70138

 NSTEP =    48500   TIME(PS) =    1437.000  TEMP(K) =   301.33  PRESS =   -85.6
 Etot   =    -71320.4245  EKtot   =     18369.3008  EPtot      =    -89689.7253
 BOND   =       575.9585  ANGLE   =      1601.4657  DIHED      =      2496.6684
 1-4 NB =       723.5313  1-4 EEL =      8440.2865  VDWAALS    =     10753.8347
 EELEC  =   -114433.6909  EHBOND  =         0.0000  RESTRAINT  =       152.2205
 EAMBER (non-restraint)  =    -89841.9458
 EKCMT  =      8043.8513  VIRIAL  =      8599.8673  VOLUME     =    300934.1174
                                                    Density    =         1.0072
 ------------------------------------------------------------------------------

wrapping first mol.:       24.36161       34.45252       59.67352
wrapping first mol.:       24.36161       34.45252       59.67352

 NSTEP =    49000   TIME(PS) =    1438.000  TEMP(K) =   299.54  PRESS =   -85.6
 Etot   =    -71443.4225  EKtot   =     18260.2793  EPtot      =    -89703.7018
 BOND   =       569.0169  ANGLE   =      1594.8002  DIHED      =      2474.8437
 1-4 NB =       706.4077  1-4 EEL =      8393.3422  VDWAALS    =     10651.3589
 EELEC  =   -114264.8487  EHBOND  =         0.0000  RESTRAINT  =       171.3773
 EAMBER (non-restraint)  =    -89875.0791
 EKCMT  =      7891.9746  VIRIAL  =      8447.3335  VOLUME     =    300512.9659
                                                    Density    =         1.0086
 ------------------------------------------------------------------------------

wrapping first mol.:       24.36006       34.45033       59.66971
wrapping first mol.:       24.36006       34.45033       59.66971

 NSTEP =    49500   TIME(PS) =    1439.000  TEMP(K) =   299.78  PRESS =   -43.6
 Etot   =    -71140.8900  EKtot   =     18274.8145  EPtot      =    -89415.7045
 BOND   =       604.0733  ANGLE   =      1626.1147  DIHED      =      2492.4324
 1-4 NB =       707.8654  1-4 EEL =      8406.9408  VDWAALS    =     10603.4464
 EELEC  =   -114017.9981  EHBOND  =         0.0000  RESTRAINT  =       161.4207
 EAMBER (non-restraint)  =    -89577.1252
 EKCMT  =      8008.0040  VIRIAL  =      8290.5574  VOLUME     =    300454.3342
                                                    Density    =         1.0088
 ------------------------------------------------------------------------------

wrapping first mol.:       24.36500       34.45731       59.68181
wrapping first mol.:       24.36500       34.45731       59.68181

 NSTEP =    50000   TIME(PS) =    1440.000  TEMP(K) =   300.77  PRESS =   143.4
 Etot   =    -71234.4675  EKtot   =     18335.1289  EPtot      =    -89569.5964
 BOND   =       587.0043  ANGLE   =      1599.9253  DIHED      =      2498.3527
 1-4 NB =       706.7342  1-4 EEL =      8400.5671  VDWAALS    =     10642.3414
 EELEC  =   -114169.1860  EHBOND  =         0.0000  RESTRAINT  =       164.6646
 EAMBER (non-restraint)  =    -89734.2609
 EKCMT  =      8011.1447  VIRIAL  =      7080.4746  VOLUME     =    300632.0942
                                                    Density    =         1.0082
 ------------------------------------------------------------------------------


      A V E R A G E S   O V E R     100 S T E P S


 NSTEP =    50000   TIME(PS) =    1440.000  TEMP(K) =   299.95  PRESS =    -9.3
 Etot   =    -71234.7131  EKtot   =     18284.9860  EPtot      =    -89519.6991
 BOND   =       588.5226  ANGLE   =      1611.0317  DIHED      =      2485.1855
 1-4 NB =       716.5061  1-4 EEL =      8414.4828  VDWAALS    =     10682.7728
 EELEC  =   -114181.1544  EHBOND  =         0.0000  RESTRAINT  =       162.9538
 EAMBER (non-restraint)  =    -89682.6529
 EKCMT  =      7973.0903  VIRIAL  =      8033.2591  VOLUME     =    300295.8785
                                                    Density    =         1.0094
 ------------------------------------------------------------------------------


      R M S  F L U C T U A T I O N S


 NSTEP =    50000   TIME(PS) =    1440.000  TEMP(K) =     1.58  PRESS =   132.3
 Etot   =       183.3747  EKtot   =        96.3682  EPtot      =       158.0963
 BOND   =        21.1881  ANGLE   =        31.7370  DIHED      =        16.8173
 1-4 NB =        11.6529  1-4 EEL =        28.7351  VDWAALS    =       145.9866
 EELEC  =       236.7043  EHBOND  =         0.0000  RESTRAINT  =         7.3007
 EAMBER (non-restraint)  =       150.7956
 EKCMT  =        68.2229  VIRIAL  =       859.8822  VOLUME     =       562.6214
                                                    Density    =         0.0019
 ------------------------------------------------------------------------------

--------------------------------------------------------------------------------
   5.  TIMINGS
--------------------------------------------------------------------------------

|  NonSetup CPU Time in Major Routines:
|
|     Routine           Sec        %
|     ------------------------------
|     Nonbond         181.80   90.01
|     Bond              0.00    0.00
|     Angle             0.00    0.00
|     Dihedral          0.00    0.00
|     Shake             0.31    0.15
|     RunMD            19.84    9.82
|     Other             0.03    0.02
|     ------------------------------
|     Total           201.98

|  PME Nonbond Pairlist CPU Time:
|
|     Routine              Sec        %
|     ---------------------------------
|     Set Up Cit           0.00    0.00
|     Build List           0.00    0.00
|     ---------------------------------
|     Total                0.00    0.00

|  PME Direct Force CPU Time:
|
|     Routine              Sec        %
|     ---------------------------------
|     NonBonded Calc       0.00    0.00
|     Exclude Masked       0.00    0.00
|     Other                0.01    0.00
|     ---------------------------------
|     Total                0.01    0.00

|  PME Reciprocal Force CPU Time:
|
|     Routine              Sec        %
|     ---------------------------------
|     1D bspline           0.00    0.00
|     Grid Charges         0.00    0.00
|     Scalar Sum           0.00    0.00
|     Gradient Sum         0.00    0.00
|     FFT                  0.00    0.00
|     ---------------------------------
|     Total                0.00    0.00

|  Final Performance Info:
|     -----------------------------------------------------
|     Average timings for last    4500 steps:
|     Elapsed(s) =      18.17 Per Step(ms) =       4.04
|         ns/day =      42.80   seconds/ns =    2018.90
|
|     Average timings for all steps:
|     Elapsed(s) =     201.98 Per Step(ms) =       4.04
|         ns/day =      42.78   seconds/ns =    2019.82
|     -----------------------------------------------------

|  Setup CPU time:            0.56 seconds
|  NonSetup CPU time:       201.98 seconds
|  Total CPU time:          202.54 seconds     0.06 hours

|  Setup wall time:           1    seconds
|  NonSetup wall time:      202    seconds
|  Total wall time:         203    seconds     0.06 hours
