
          -------------------------------------------------------
          Amber 16 PMEMD                              2016
          -------------------------------------------------------

| PMEMD implementation of SANDER, Release 16

| Run on 10/23/2016 at 00:06:20

|   Executable path: pmemd.cuda
| Working directory: /home/german/exs/run/1hvr_hol/mhe/e
|          Hostname: Unknown
  [-O]verwriting output

File Assignments:
|   MDIN: 17equ.in                                                              
|  MDOUT: 17equ.out                                                             
| INPCRD: 16e1hvr_hol.rst7                                                      
|   PARM: 1hvr_hol.prmtop                                                       
| RESTRT: 17e1hvr_hol.rst7                                                      
|   REFC: 16e1hvr_hol.rst7                                                      
|  MDVEL: mdvel                                                                 
|   MDEN: mden                                                                  
|  MDCRD: 17e1hvr_hol.nc                                                        
| MDINFO: mdinfo                                                                
|  MDFRC: mdfrc                                                                 


 Here is the input file:

Equilibration with solute restrictions                                         
&cntrl                                                                         
imin = 0,                           ! No Minimization                          
nmropt = 0,                         ! No NMR restraints read                   
                                                                               
! Nature and format of the input                                               
ntx = 5,                            ! Coordinates but no velocities will be rea
irest = 1,                          ! Do not run a new simulation              
                                                                               
! Nature and format of the output                                              
ntxo = 1,                           ! rstrt file in ASCII format               
ntpr = 500,                         ! inf in output every ntpr steps           
ntwr = 500,                         ! rstrt file every ntwr steps              
ntwx = 500,                         ! mdcrd file every ntwx steps              
ntwv = 0,                           ! mdvel without velocities                 
ntwe = 0,                           ! Energies and temperatures not written in 
idecomp = 0,                        ! No energy decomposition                  
iwrap = 1,                          ! Coordinates of the restart and mdcrd file
                                                                               
! Frozen or restrained atoms                                                   
ibelly = 0,                         ! No frozen atoms                          
ntr=1,                              ! Harmonic potential restraints            
restraint_wt = 2.0,                ! The weight for the positional restraints  
restraintmask = ':1-199@N,CA,C,O',  ! restrained residues                      
                                                                               
! Molecular dynamics                                                           
nstlim = 50000,                     ! Number of MD-steps                       
dt = 0.002,                         ! Time step                                
                                                                               
! Temperature regulation                                                       
ntt = 3,                            ! Langevin thermostat                      
gamma_ln = 5,                       ! Gamma constant for Langevin              
!temp0 = 300.0,                     ! Reference T at which the system is to be 
tempi = 300.0,                      ! Initial T                                
ig = -1,                            ! Seed for the RNG                         
                                                                               
! P and V regulation                                                           
ntp = 1,                            ! Constant P. Isotropic scaling            
barostat = 1,                       ! Berendsen barostat                       
taup = 1,                           ! Pressure relaxation time                 
nrespa = 1,                         ! Evaluate at each step                    
ntb = 2,                            ! Periodic box for constant P              
                                                                               
! SHAKE variables                                                              
ntc = 2,                            ! Bonds involving H are constrained        
ntf = 2,                            ! Bond interaction involving H are ommited.
                                                                               
cut = 10.0,                         ! Nonbonded cutoff                         
/                                                                              
&end                                                                           


Note: ig = -1. Setting random seed to   500153 based on wallclock time in 
      microseconds.
 
|--------------------- INFORMATION ----------------------
| GPU (CUDA) Version of PMEMD in use: NVIDIA GPU IN USE.
|                    Version 16.0.0
| 
|                      02/25/2016
| 
| Implementation by:
|                    Ross C. Walker     (SDSC)
|                    Scott Le Grand     (nVIDIA)
| 
| Precision model in use:
|      [SPFP] - Single Precision Forces, 64-bit Fixed Point
|               Accumulation. (Default)
| 
|--------------------------------------------------------
 
|----------------- CITATION INFORMATION -----------------
|
|    When publishing work that utilized the CUDA version
|    of AMBER, please cite the following in addition to
|    the regular AMBER citations:
|
|  - Romelia Salomon-Ferrer; Andreas W. Goetz; Duncan
|    Poole; Scott Le Grand; Ross C. Walker "Routine
|    microsecond molecular dynamics simulations with
|    AMBER - Part II: Particle Mesh Ewald", J. Chem.
|    Theory Comput., 2013, 9 (9), pp3878-3888,
|    DOI: 10.1021/ct400314y.
|
|  - Andreas W. Goetz; Mark J. Williamson; Dong Xu;
|    Duncan Poole; Scott Le Grand; Ross C. Walker
|    "Routine microsecond molecular dynamics simulations
|    with AMBER - Part I: Generalized Born", J. Chem.
|    Theory Comput., 2012, 8 (5), pp1542-1555.
|
|  - Scott Le Grand; Andreas W. Goetz; Ross C. Walker
|    "SPFP: Speed without compromise - a mixed precision
|    model for GPU accelerated molecular dynamics
|    simulations.", Comp. Phys. Comm., 2013, 184
|    pp374-380, DOI: 10.1016/j.cpc.2012.09.022
|
|--------------------------------------------------------
 
|------------------- GPU DEVICE INFO --------------------
|
|            CUDA_VISIBLE_DEVICES: 1
|   CUDA Capable Devices Detected:      1
|           CUDA Device ID in use:      0
|                CUDA Device Name: GeForce GTX 1060 6GB
|     CUDA Device Global Mem Size:   6072 MB
| CUDA Device Num Multiprocessors:     10
|           CUDA Device Core Freq:   1.76 GHz
|
|--------------------------------------------------------
 
 
| Conditional Compilation Defines Used:
| PUBFFT
| BINTRAJ
| CUDA
| EMIL

| Largest sphere to fit in unit cell has radius =    29.815

| New format PARM file being parsed.
| Version =    1.000 Date = 10/21/16 Time = 15:54:12

| Note: 1-4 EEL scale factors are being read from the topology file.

| Note: 1-4 VDW scale factors are being read from the topology file.
| Duplicated    0 dihedrals

| Duplicated    0 dihedrals

--------------------------------------------------------------------------------
   1.  RESOURCE   USE: 
--------------------------------------------------------------------------------

 getting new box info from bottom of inpcrd
 NATOM  =   29895 NTYPES =      17 NBONH =   28331 MBONA  =    1592
 NTHETH =    3754 MTHETA =    2161 NPHIH =    7401 MPHIA  =    6841
 NHPARM =       0 NPARM  =       0 NNB   =   53417 NRES   =    9098
 NBONA  =    1592 NTHETA =    2161 NPHIA =    6841 NUMBND =      84
 NUMANG =     194 NPTRA  =     195 NATYP =      45 NPHB   =       1
 IFBOX  =       2 NMXRS  =      84 IFCAP =       0 NEXTRA =       0
 NCOPY  =       0

| Coordinate Index Table dimensions:    11   11   11
| Direct force subcell size =     6.6392    6.6392    6.6392

     BOX TYPE: TRUNCATED OCTAHEDRON

--------------------------------------------------------------------------------
   2.  CONTROL  DATA  FOR  THE  RUN
--------------------------------------------------------------------------------

default_name                                                                    

General flags:
     imin    =       0, nmropt  =       0

Nature and format of input:
     ntx     =       5, irest   =       1, ntrx    =       1

Nature and format of output:
     ntxo    =       1, ntpr    =     500, ntrx    =       1, ntwr    =     500
     iwrap   =       1, ntwx    =     500, ntwv    =       0, ntwe    =       0
     ioutfm  =       1, ntwprt  =       0, idecomp =       0, rbornstat=      0

Potential function:
     ntf     =       2, ntb     =       2, igb     =       0, nsnb    =      25
     ipol    =       0, gbsa    =       0, iesp    =       0
     dielc   =   1.00000, cut     =  10.00000, intdiel =   1.00000

Frozen or restrained atoms:
     ibelly  =       0, ntr     =       1
     restraint_wt =   2.00000

Molecular dynamics:
     nstlim  =     50000, nscm    =         0, nrespa  =         1
     t       =   0.00000, dt      =   0.00200, vlimit  =  -1.00000

Langevin dynamics temperature regulation:
     ig      =  500153
     temp0   = 300.00000, tempi   = 300.00000, gamma_ln=   5.00000

Pressure regulation:
     ntp     =       1
     pres0   =   1.00000, comp    =  44.60000, taup    =   1.00000

SHAKE:
     ntc     =       2, jfastw  =       0
     tol     =   0.00001

| Intermolecular bonds treatment:
|     no_intermolecular_bonds =       1

| Energy averages sample interval:
|     ene_avg_sampling =     500

Ewald parameters:
     verbose =       0, ew_type =       0, nbflag  =       1, use_pme =       1
     vdwmeth =       1, eedmeth =       1, netfrc  =       1
     Box X =   73.031   Box Y =   73.031   Box Z =   73.031
     Alpha =  109.471   Beta  =  109.471   Gamma =  109.471
     NFFT1 =   80       NFFT2 =   80       NFFT3 =   80
     Cutoff=   10.000   Tol   =0.100E-04
     Ewald Coefficient =  0.27511
     Interpolation order =    4

    LOADING THE CONSTRAINED ATOMS AS GROUPS


   5.  REFERENCE ATOM COORDINATES

  default_name                                                                    
     Mask :1-199@N,CA,C,O; matches   792 atoms

--------------------------------------------------------------------------------
   3.  ATOMIC COORDINATES AND VELOCITIES
--------------------------------------------------------------------------------

default_name                                                                    
 begin time read from input coords =  1740.000 ps

 
 Number of triangulated 3-point waters found:     8895

     Sum of charges from parm topology file =  -0.00100209
     Forcing neutrality...

| Dynamic Memory, Types Used:
| Reals             1417211
| Integers          1054403

| Nonbonded Pairs Initial Allocation:     9042490

| GPU memory information (estimate):
| KB of GPU memory in use:    244714
| KB of CPU memory in use:     48641

--------------------------------------------------------------------------------
   4.  RESULTS
--------------------------------------------------------------------------------

 ---------------------------------------------------
 APPROXIMATING switch and d/dx switch using CUBIC SPLINE INTERPOLATION
 using   5000.0 points per unit in tabled values
 TESTING RELATIVE ERROR over r ranging from 0.0 to cutoff
| CHECK switch(x): max rel err =   0.2738E-14   at   2.422500
| CHECK d/dx switch(x): max rel err =   0.8314E-11   at   2.736960
 ---------------------------------------------------
|---------------------------------------------------
| APPROXIMATING direct energy using CUBIC SPLINE INTERPOLATION
|  with   50.0 points per unit in tabled values
| Relative Error Limit not exceeded for r .gt.   2.33
| APPROXIMATING direct force using CUBIC SPLINE INTERPOLATION
|  with   50.0 points per unit in tabled values
| Relative Error Limit not exceeded for r .gt.   2.80
|---------------------------------------------------
wrapping first mol.:       24.34785       34.43306       59.63980
wrapping first mol.:       24.34785       34.43306       59.63980

 NSTEP =      500   TIME(PS) =    1741.000  TEMP(K) =   299.56  PRESS =   -30.5
 Etot   =    -71232.8354  EKtot   =     18261.6406  EPtot      =    -89494.4760
 BOND   =       592.0120  ANGLE   =      1616.0489  DIHED      =      2484.2855
 1-4 NB =       699.1042  1-4 EEL =      8386.2360  VDWAALS    =     10564.1613
 EELEC  =   -113930.8843  EHBOND  =         0.0000  RESTRAINT  =        94.5604
 EAMBER (non-restraint)  =    -89589.0364
 EKCMT  =      8049.9774  VIRIAL  =      8247.3448  VOLUME     =    300002.4215
                                                    Density    =         1.0103
 ------------------------------------------------------------------------------

wrapping first mol.:       24.35038       34.43663       59.64599
wrapping first mol.:       24.35038       34.43663       59.64599

 NSTEP =     1000   TIME(PS) =    1742.000  TEMP(K) =   299.65  PRESS =   -54.0
 Etot   =    -71308.3930  EKtot   =     18267.1699  EPtot      =    -89575.5629
 BOND   =       598.1889  ANGLE   =      1608.0041  DIHED      =      2496.8317
 1-4 NB =       732.2569  1-4 EEL =      8423.4783  VDWAALS    =     10840.8579
 EELEC  =   -114377.4071  EHBOND  =         0.0000  RESTRAINT  =       102.2264
 EAMBER (non-restraint)  =    -89677.7893
 EKCMT  =      8006.6670  VIRIAL  =      8356.3000  VOLUME     =    300096.4160
                                                    Density    =         1.0100
 ------------------------------------------------------------------------------

wrapping first mol.:       24.35284       34.44011       59.65202
wrapping first mol.:       24.35284       34.44011       59.65202

 NSTEP =     1500   TIME(PS) =    1743.000  TEMP(K) =   300.70  PRESS =   149.2
 Etot   =    -71293.8071  EKtot   =     18331.0664  EPtot      =    -89624.8735
 BOND   =       600.6574  ANGLE   =      1604.2766  DIHED      =      2480.2071
 1-4 NB =       716.6189  1-4 EEL =      8428.2821  VDWAALS    =     10825.9998
 EELEC  =   -114381.2027  EHBOND  =         0.0000  RESTRAINT  =       100.2874
 EAMBER (non-restraint)  =    -89725.1608
 EKCMT  =      8020.8859  VIRIAL  =      7053.7396  VOLUME     =    300182.0775
                                                    Density    =         1.0097
 ------------------------------------------------------------------------------

wrapping first mol.:       24.35076       34.43718       59.64693
wrapping first mol.:       24.35076       34.43718       59.64693

 NSTEP =     2000   TIME(PS) =    1744.000  TEMP(K) =   298.60  PRESS =   118.3
 Etot   =    -71519.5568  EKtot   =     18203.1172  EPtot      =    -89722.6740
 BOND   =       625.1162  ANGLE   =      1614.1560  DIHED      =      2498.3340
 1-4 NB =       727.5931  1-4 EEL =      8418.7600  VDWAALS    =     10960.6446
 EELEC  =   -114666.7977  EHBOND  =         0.0000  RESTRAINT  =        99.5198
 EAMBER (non-restraint)  =    -89822.1938
 EKCMT  =      7986.5387  VIRIAL  =      7219.9889  VOLUME     =    300106.0874
                                                    Density    =         1.0100
 ------------------------------------------------------------------------------

wrapping first mol.:       24.35526       34.44354       59.65795
wrapping first mol.:       24.35526       34.44354       59.65795

 NSTEP =     2500   TIME(PS) =    1745.000  TEMP(K) =   301.74  PRESS =   143.0
 Etot   =    -71027.8331  EKtot   =     18394.5234  EPtot      =    -89422.3565
 BOND   =       574.1530  ANGLE   =      1657.6792  DIHED      =      2482.6517
 1-4 NB =       713.9618  1-4 EEL =      8404.4041  VDWAALS    =     10756.7745
 EELEC  =   -114111.2308  EHBOND  =         0.0000  RESTRAINT  =        99.2500
 EAMBER (non-restraint)  =    -89521.6065
 EKCMT  =      8079.4374  VIRIAL  =      7152.3453  VOLUME     =    300271.7697
                                                    Density    =         1.0094
 ------------------------------------------------------------------------------

wrapping first mol.:       24.34348       34.42688       59.62910
wrapping first mol.:       24.34348       34.42688       59.62910

 NSTEP =     3000   TIME(PS) =    1746.000  TEMP(K) =   298.21  PRESS =  -229.3
 Etot   =    -71355.5637  EKtot   =     18179.1113  EPtot      =    -89534.6751
 BOND   =       612.8648  ANGLE   =      1608.2938  DIHED      =      2468.0939
 1-4 NB =       719.8918  1-4 EEL =      8411.3921  VDWAALS    =     10517.3295
 EELEC  =   -113969.5273  EHBOND  =         0.0000  RESTRAINT  =        96.9864
 EAMBER (non-restraint)  =    -89631.6615
 EKCMT  =      7905.4998  VIRIAL  =      9389.7131  VOLUME     =    299846.3241
                                                    Density    =         1.0109
 ------------------------------------------------------------------------------

wrapping first mol.:       24.32875       34.40605       59.59301
wrapping first mol.:       24.32875       34.40605       59.59301

 NSTEP =     3500   TIME(PS) =    1747.000  TEMP(K) =   298.28  PRESS =    18.1
 Etot   =    -71476.1610  EKtot   =     18183.2637  EPtot      =    -89659.4247
 BOND   =       593.1746  ANGLE   =      1656.7116  DIHED      =      2467.1050
 1-4 NB =       704.3120  1-4 EEL =      8350.2377  VDWAALS    =     10634.3617
 EELEC  =   -114167.8709  EHBOND  =         0.0000  RESTRAINT  =       102.5436
 EAMBER (non-restraint)  =    -89761.9683
 EKCMT  =      7924.1986  VIRIAL  =      7807.1902  VOLUME     =    299295.6068
                                                    Density    =         1.0127
 ------------------------------------------------------------------------------

wrapping first mol.:       24.32852       34.40572       59.59244
wrapping first mol.:       24.32852       34.40572       59.59244

 NSTEP =     4000   TIME(PS) =    1748.000  TEMP(K) =   299.05  PRESS =   137.6
 Etot   =    -71226.3774  EKtot   =     18230.5273  EPtot      =    -89456.9047
 BOND   =       616.2338  ANGLE   =      1630.7080  DIHED      =      2520.5847
 1-4 NB =       712.7367  1-4 EEL =      8366.8299  VDWAALS    =     10772.3714
 EELEC  =   -114194.0074  EHBOND  =         0.0000  RESTRAINT  =       117.6381
 EAMBER (non-restraint)  =    -89574.5429
 EKCMT  =      7925.2117  VIRIAL  =      7035.9002  VOLUME     =    299283.8138
                                                    Density    =         1.0128
 ------------------------------------------------------------------------------

wrapping first mol.:       24.32985       34.40761       59.59572
wrapping first mol.:       24.32985       34.40761       59.59572

 NSTEP =     4500   TIME(PS) =    1749.000  TEMP(K) =   299.81  PRESS =     2.7
 Etot   =    -71436.9597  EKtot   =     18276.8418  EPtot      =    -89713.8015
 BOND   =       595.5967  ANGLE   =      1607.4691  DIHED      =      2468.8824
 1-4 NB =       712.7744  1-4 EEL =      8424.9273  VDWAALS    =     10728.4566
 EELEC  =   -114356.0045  EHBOND  =         0.0000  RESTRAINT  =       104.0965
 EAMBER (non-restraint)  =    -89817.8980
 EKCMT  =      7911.4652  VIRIAL  =      7894.0018  VOLUME     =    299336.7777
                                                    Density    =         1.0126
 ------------------------------------------------------------------------------

wrapping first mol.:       24.33391       34.41334       59.60566
wrapping first mol.:       24.33391       34.41334       59.60566

 NSTEP =     5000   TIME(PS) =    1750.000  TEMP(K) =   301.38  PRESS =   142.8
 Etot   =    -71285.1755  EKtot   =     18372.6055  EPtot      =    -89657.7810
 BOND   =       568.0822  ANGLE   =      1603.8370  DIHED      =      2496.5863
 1-4 NB =       710.0568  1-4 EEL =      8428.9248  VDWAALS    =     10805.6183
 EELEC  =   -114386.3415  EHBOND  =         0.0000  RESTRAINT  =       115.4552
 EAMBER (non-restraint)  =    -89773.2361
 EKCMT  =      8059.8394  VIRIAL  =      7136.5312  VOLUME     =    299482.7961
                                                    Density    =         1.0121
 ------------------------------------------------------------------------------

wrapping first mol.:       24.33696       34.41766       59.61314
wrapping first mol.:       24.33696       34.41766       59.61314

 NSTEP =     5500   TIME(PS) =    1751.000  TEMP(K) =   300.82  PRESS =   -85.1
 Etot   =    -71071.2899  EKtot   =     18338.1426  EPtot      =    -89409.4325
 BOND   =       588.3901  ANGLE   =      1656.1612  DIHED      =      2508.4954
 1-4 NB =       697.8257  1-4 EEL =      8350.7561  VDWAALS    =     10415.0276
 EELEC  =   -113734.2924  EHBOND  =         0.0000  RESTRAINT  =       108.2039
 EAMBER (non-restraint)  =    -89517.6364
 EKCMT  =      7937.8757  VIRIAL  =      8488.4404  VOLUME     =    299601.6490
                                                    Density    =         1.0117
 ------------------------------------------------------------------------------

wrapping first mol.:       24.34155       34.42415       59.62438
wrapping first mol.:       24.34155       34.42415       59.62438

 NSTEP =     6000   TIME(PS) =    1752.000  TEMP(K) =   300.08  PRESS =  -194.6
 Etot   =    -71187.7645  EKtot   =     18293.0352  EPtot      =    -89480.7997
 BOND   =       567.9037  ANGLE   =      1633.6207  DIHED      =      2488.8400
 1-4 NB =       716.8349  1-4 EEL =      8396.8067  VDWAALS    =     10539.1362
 EELEC  =   -113919.8944  EHBOND  =         0.0000  RESTRAINT  =        95.9525
 EAMBER (non-restraint)  =    -89576.7522
 EKCMT  =      7919.8338  VIRIAL  =      9179.3475  VOLUME     =    299774.0682
                                                    Density    =         1.0111
 ------------------------------------------------------------------------------

wrapping first mol.:       24.35984       34.45002       59.66917
wrapping first mol.:       24.35984       34.45002       59.66917

 NSTEP =     6500   TIME(PS) =    1753.000  TEMP(K) =   301.47  PRESS =    19.2
 Etot   =    -70910.3359  EKtot   =     18378.1289  EPtot      =    -89288.4648
 BOND   =       637.3630  ANGLE   =      1613.1716  DIHED      =      2489.5613
 1-4 NB =       694.1778  1-4 EEL =      8406.1010  VDWAALS    =     10794.1248
 EELEC  =   -114035.6564  EHBOND  =         0.0000  RESTRAINT  =       112.6921
 EAMBER (non-restraint)  =    -89401.1569
 EKCMT  =      7991.3602  VIRIAL  =      7867.0112  VOLUME     =    300444.5541
                                                    Density    =         1.0089
 ------------------------------------------------------------------------------

wrapping first mol.:       24.35783       34.44718       59.66425
wrapping first mol.:       24.35783       34.44718       59.66425

 NSTEP =     7000   TIME(PS) =    1754.000  TEMP(K) =   300.78  PRESS =    28.5
 Etot   =    -71386.1024  EKtot   =     18335.8398  EPtot      =    -89721.9422
 BOND   =       604.6967  ANGLE   =      1582.8953  DIHED      =      2486.5097
 1-4 NB =       704.7673  1-4 EEL =      8401.1723  VDWAALS    =     10690.0220
 EELEC  =   -114291.3831  EHBOND  =         0.0000  RESTRAINT  =        99.3775
 EAMBER (non-restraint)  =    -89821.3197
 EKCMT  =      8027.8813  VIRIAL  =      7843.0483  VOLUME     =    300369.9928
                                                    Density    =         1.0091
 ------------------------------------------------------------------------------

wrapping first mol.:       24.34450       34.42832       59.63160
wrapping first mol.:       24.34450       34.42832       59.63160

 NSTEP =     7500   TIME(PS) =    1755.000  TEMP(K) =   299.80  PRESS =    50.4
 Etot   =    -71347.5609  EKtot   =     18275.9141  EPtot      =    -89623.4749
 BOND   =       550.6507  ANGLE   =      1590.1720  DIHED      =      2465.9116
 1-4 NB =       702.1720  1-4 EEL =      8404.5515  VDWAALS    =     10641.7079
 EELEC  =   -114092.7633  EHBOND  =         0.0000  RESTRAINT  =       114.1226
 EAMBER (non-restraint)  =    -89737.5975
 EKCMT  =      8026.5831  VIRIAL  =      7700.1180  VOLUME     =    299876.4268
                                                    Density    =         1.0108
 ------------------------------------------------------------------------------

wrapping first mol.:       24.34603       34.43048       59.63534
wrapping first mol.:       24.34603       34.43048       59.63534

 NSTEP =     8000   TIME(PS) =    1756.000  TEMP(K) =   300.34  PRESS =    14.7
 Etot   =    -71302.4933  EKtot   =     18308.9160  EPtot      =    -89611.4093
 BOND   =       625.5998  ANGLE   =      1617.1707  DIHED      =      2453.2726
 1-4 NB =       711.0777  1-4 EEL =      8350.1865  VDWAALS    =     10871.1970
 EELEC  =   -114350.3016  EHBOND  =         0.0000  RESTRAINT  =       110.3879
 EAMBER (non-restraint)  =    -89721.7972
 EKCMT  =      7968.0084  VIRIAL  =      7872.6149  VOLUME     =    299933.9366
                                                    Density    =         1.0106
 ------------------------------------------------------------------------------

wrapping first mol.:       24.33270       34.41164       59.60270
wrapping first mol.:       24.33270       34.41164       59.60270

 NSTEP =     8500   TIME(PS) =    1757.000  TEMP(K) =   299.78  PRESS =   -62.8
 Etot   =    -71429.2681  EKtot   =     18274.7871  EPtot      =    -89704.0552
 BOND   =       566.5861  ANGLE   =      1604.4971  DIHED      =      2479.8574
 1-4 NB =       740.3530  1-4 EEL =      8417.6423  VDWAALS    =     10605.0886
 EELEC  =   -114210.3268  EHBOND  =         0.0000  RESTRAINT  =        92.2471
 EAMBER (non-restraint)  =    -89796.3023
 EKCMT  =      7909.9687  VIRIAL  =      8316.2303  VOLUME     =    299443.7460
                                                    Density    =         1.0122
 ------------------------------------------------------------------------------

wrapping first mol.:       24.34881       34.43441       59.64215
wrapping first mol.:       24.34881       34.43441       59.64215

 NSTEP =     9000   TIME(PS) =    1758.000  TEMP(K) =   302.87  PRESS =   -92.1
 Etot   =    -71082.0054  EKtot   =     18463.0410  EPtot      =    -89545.0464
 BOND   =       599.4663  ANGLE   =      1668.2955  DIHED      =      2492.6979
 1-4 NB =       707.9090  1-4 EEL =      8395.9827  VDWAALS    =     10679.3810
 EELEC  =   -114206.1448  EHBOND  =         0.0000  RESTRAINT  =       117.3659
 EAMBER (non-restraint)  =    -89662.4123
 EKCMT  =      8035.5091  VIRIAL  =      8632.3896  VOLUME     =    300039.5007
                                                    Density    =         1.0102
 ------------------------------------------------------------------------------

wrapping first mol.:       24.31863       34.39173       59.56823
wrapping first mol.:       24.31863       34.39173       59.56823

 NSTEP =     9500   TIME(PS) =    1759.000  TEMP(K) =   302.20  PRESS =    35.5
 Etot   =    -71331.6142  EKtot   =     18422.3008  EPtot      =    -89753.9150
 BOND   =       581.4236  ANGLE   =      1624.6517  DIHED      =      2470.3314
 1-4 NB =       725.3807  1-4 EEL =      8389.7361  VDWAALS    =     10738.7040
 EELEC  =   -114385.4752  EHBOND  =         0.0000  RESTRAINT  =       101.3328
 EAMBER (non-restraint)  =    -89855.2477
 EKCMT  =      7997.4843  VIRIAL  =      7768.6377  VOLUME     =    298921.8418
                                                    Density    =         1.0140
 ------------------------------------------------------------------------------

wrapping first mol.:       24.32211       34.39666       59.57675
wrapping first mol.:       24.32211       34.39666       59.57675

 NSTEP =    10000   TIME(PS) =    1760.000  TEMP(K) =   300.82  PRESS =  -115.1
 Etot   =    -71357.2668  EKtot   =     18338.5488  EPtot      =    -89695.8156
 BOND   =       605.9614  ANGLE   =      1599.5407  DIHED      =      2478.3484
 1-4 NB =       716.4284  1-4 EEL =      8407.0876  VDWAALS    =     10633.2463
 EELEC  =   -114241.4963  EHBOND  =         0.0000  RESTRAINT  =       105.0679
 EAMBER (non-restraint)  =    -89800.8835
 EKCMT  =      8025.4996  VIRIAL  =      8768.8713  VOLUME     =    299054.2277
                                                    Density    =         1.0135
 ------------------------------------------------------------------------------

wrapping first mol.:       24.31228       34.38276       59.55268
wrapping first mol.:       24.31228       34.38276       59.55268

 NSTEP =    10500   TIME(PS) =    1761.000  TEMP(K) =   297.44  PRESS =  -243.1
 Etot   =    -71643.8036  EKtot   =     18132.2129  EPtot      =    -89776.0164
 BOND   =       574.9814  ANGLE   =      1625.1091  DIHED      =      2504.6791
 1-4 NB =       706.2926  1-4 EEL =      8358.7000  VDWAALS    =     10751.5972
 EELEC  =   -114396.3350  EHBOND  =         0.0000  RESTRAINT  =        98.9592
 EAMBER (non-restraint)  =    -89874.9756
 EKCMT  =      7877.1796  VIRIAL  =      9444.6717  VOLUME     =    298695.2557
                                                    Density    =         1.0148
 ------------------------------------------------------------------------------

wrapping first mol.:       24.30996       34.37947       59.54698
wrapping first mol.:       24.30996       34.37947       59.54698

 NSTEP =    11000   TIME(PS) =    1762.000  TEMP(K) =   296.76  PRESS =   -46.9
 Etot   =    -71758.5930  EKtot   =     18090.8418  EPtot      =    -89849.4348
 BOND   =       596.7851  ANGLE   =      1586.0895  DIHED      =      2499.7242
 1-4 NB =       707.2244  1-4 EEL =      8429.2190  VDWAALS    =     10865.6474
 EELEC  =   -114642.6678  EHBOND  =         0.0000  RESTRAINT  =       108.5434
 EAMBER (non-restraint)  =    -89957.9782
 EKCMT  =      7873.3038  VIRIAL  =      8175.4830  VOLUME     =    298604.2713
                                                    Density    =         1.0151
 ------------------------------------------------------------------------------

wrapping first mol.:       24.31444       34.38581       59.55797
wrapping first mol.:       24.31444       34.38581       59.55797

 NSTEP =    11500   TIME(PS) =    1763.000  TEMP(K) =   298.57  PRESS =  -253.0
 Etot   =    -71584.6853  EKtot   =     18201.2598  EPtot      =    -89785.9450
 BOND   =       569.6483  ANGLE   =      1636.2155  DIHED      =      2486.6737
 1-4 NB =       718.3345  1-4 EEL =      8446.2594  VDWAALS    =     10592.5615
 EELEC  =   -114335.1240  EHBOND  =         0.0000  RESTRAINT  =        99.4860
 EAMBER (non-restraint)  =    -89885.4311
 EKCMT  =      7919.3291  VIRIAL  =      9551.3041  VOLUME     =    298775.0650
                                                    Density    =         1.0145
 ------------------------------------------------------------------------------

wrapping first mol.:       24.31422       34.38550       59.55743
wrapping first mol.:       24.31422       34.38550       59.55743

 NSTEP =    12000   TIME(PS) =    1764.000  TEMP(K) =   300.38  PRESS =    80.0
 Etot   =    -71338.5138  EKtot   =     18311.2559  EPtot      =    -89649.7697
 BOND   =       575.6059  ANGLE   =      1624.8016  DIHED      =      2518.9911
 1-4 NB =       722.8011  1-4 EEL =      8437.5047  VDWAALS    =     10658.1468
 EELEC  =   -114282.9330  EHBOND  =         0.0000  RESTRAINT  =        95.3121
 EAMBER (non-restraint)  =    -89745.0818
 EKCMT  =      8027.1122  VIRIAL  =      7511.0989  VOLUME     =    298758.1296
                                                    Density    =         1.0145
 ------------------------------------------------------------------------------

wrapping first mol.:       24.30741       34.37587       59.54076
wrapping first mol.:       24.30741       34.37587       59.54076

 NSTEP =    12500   TIME(PS) =    1765.000  TEMP(K) =   299.25  PRESS =  -188.7
 Etot   =    -71383.2378  EKtot   =     18242.7949  EPtot      =    -89626.0327
 BOND   =       600.3365  ANGLE   =      1620.8728  DIHED      =      2487.7759
 1-4 NB =       721.8120  1-4 EEL =      8395.1804  VDWAALS    =     10525.8642
 EELEC  =   -114078.2742  EHBOND  =         0.0000  RESTRAINT  =       100.3996
 EAMBER (non-restraint)  =    -89726.4323
 EKCMT  =      7938.9804  VIRIAL  =      9154.9448  VOLUME     =    298514.4400
                                                    Density    =         1.0154
 ------------------------------------------------------------------------------

wrapping first mol.:       24.30650       34.37458       59.53851
wrapping first mol.:       24.30650       34.37458       59.53851

 NSTEP =    13000   TIME(PS) =    1766.000  TEMP(K) =   301.28  PRESS =  -137.0
 Etot   =    -71348.1650  EKtot   =     18366.3184  EPtot      =    -89714.4834
 BOND   =       578.6282  ANGLE   =      1619.7553  DIHED      =      2516.9061
 1-4 NB =       704.4416  1-4 EEL =      8387.1902  VDWAALS    =     10653.9223
 EELEC  =   -114274.9446  EHBOND  =         0.0000  RESTRAINT  =        99.6176
 EAMBER (non-restraint)  =    -89814.1010
 EKCMT  =      8000.2465  VIRIAL  =      8883.0857  VOLUME     =    298479.3491
                                                    Density    =         1.0155
 ------------------------------------------------------------------------------

wrapping first mol.:       24.31323       34.38410       59.55500
wrapping first mol.:       24.31323       34.38410       59.55500

 NSTEP =    13500   TIME(PS) =    1767.000  TEMP(K) =   299.94  PRESS =   -49.6
 Etot   =    -71720.1403  EKtot   =     18284.5859  EPtot      =    -90004.7262
 BOND   =       561.2047  ANGLE   =      1630.3642  DIHED      =      2464.8699
 1-4 NB =       727.6369  1-4 EEL =      8422.8392  VDWAALS    =     10770.2146
 EELEC  =   -114682.2536  EHBOND  =         0.0000  RESTRAINT  =       100.3978
 EAMBER (non-restraint)  =    -90105.1240
 EKCMT  =      7971.5748  VIRIAL  =      8291.2511  VOLUME     =    298725.0403
                                                    Density    =         1.0147
 ------------------------------------------------------------------------------

wrapping first mol.:       24.32709       34.40371       59.58896
wrapping first mol.:       24.32709       34.40371       59.58896

 NSTEP =    14000   TIME(PS) =    1768.000  TEMP(K) =   298.63  PRESS =   -18.7
 Etot   =    -71362.2036  EKtot   =     18205.0059  EPtot      =    -89567.2094
 BOND   =       571.0821  ANGLE   =      1666.2199  DIHED      =      2497.9638
 1-4 NB =       725.8238  1-4 EEL =      8394.9130  VDWAALS    =     10645.3772
 EELEC  =   -114173.6315  EHBOND  =         0.0000  RESTRAINT  =       105.0424
 EAMBER (non-restraint)  =    -89672.2518
 EKCMT  =      7850.6020  VIRIAL  =      7971.4887  VOLUME     =    299235.5411
                                                    Density    =         1.0129
 ------------------------------------------------------------------------------

wrapping first mol.:       24.33152       34.40997       59.59981
wrapping first mol.:       24.33152       34.40997       59.59981

 NSTEP =    14500   TIME(PS) =    1769.000  TEMP(K) =   301.28  PRESS =    89.2
 Etot   =    -71494.2862  EKtot   =     18366.5020  EPtot      =    -89860.7882
 BOND   =       582.7356  ANGLE   =      1560.3762  DIHED      =      2456.4655
 1-4 NB =       719.1977  1-4 EEL =      8396.9125  VDWAALS    =     10796.4279
 EELEC  =   -114464.8176  EHBOND  =         0.0000  RESTRAINT  =        91.9141
 EAMBER (non-restraint)  =    -89952.7022
 EKCMT  =      8021.5697  VIRIAL  =      7444.9569  VOLUME     =    299396.1305
                                                    Density    =         1.0124
 ------------------------------------------------------------------------------

wrapping first mol.:       24.33390       34.41333       59.60563
wrapping first mol.:       24.33390       34.41333       59.60563

 NSTEP =    15000   TIME(PS) =    1770.000  TEMP(K) =   301.03  PRESS =    78.1
 Etot   =    -70996.4320  EKtot   =     18351.1016  EPtot      =    -89347.5336
 BOND   =       562.0920  ANGLE   =      1596.1216  DIHED      =      2505.9262
 1-4 NB =       728.3290  1-4 EEL =      8405.0208  VDWAALS    =     10726.8949
 EELEC  =   -113986.4783  EHBOND  =         0.0000  RESTRAINT  =       114.5602
 EAMBER (non-restraint)  =    -89462.0938
 EKCMT  =      7933.9941  VIRIAL  =      7429.0408  VOLUME     =    299484.1763
                                                    Density    =         1.0121
 ------------------------------------------------------------------------------

wrapping first mol.:       24.33712       34.41789       59.61353
wrapping first mol.:       24.33712       34.41789       59.61353

 NSTEP =    15500   TIME(PS) =    1771.000  TEMP(K) =   300.95  PRESS =   145.0
 Etot   =    -71371.8594  EKtot   =     18346.0879  EPtot      =    -89717.9473
 BOND   =       610.8817  ANGLE   =      1579.8821  DIHED      =      2485.0730
 1-4 NB =       709.9866  1-4 EEL =      8382.0634  VDWAALS    =     10821.1672
 EELEC  =   -114414.4622  EHBOND  =         0.0000  RESTRAINT  =       107.4610
 EAMBER (non-restraint)  =    -89825.4083
 EKCMT  =      8041.2771  VIRIAL  =      7103.2514  VOLUME     =    299601.4253
                                                    Density    =         1.0117
 ------------------------------------------------------------------------------

wrapping first mol.:       24.32028       34.39407       59.57226
wrapping first mol.:       24.32028       34.39407       59.57226

 NSTEP =    16000   TIME(PS) =    1772.000  TEMP(K) =   300.60  PRESS =    75.4
 Etot   =    -71155.4555  EKtot   =     18324.7109  EPtot      =    -89480.1665
 BOND   =       632.4460  ANGLE   =      1630.8032  DIHED      =      2496.9857
 1-4 NB =       736.1669  1-4 EEL =      8462.4798  VDWAALS    =     10556.0620
 EELEC  =   -114101.0790  EHBOND  =         0.0000  RESTRAINT  =       105.9690
 EAMBER (non-restraint)  =    -89586.1355
 EKCMT  =      8101.6866  VIRIAL  =      7614.6810  VOLUME     =    298981.5433
                                                    Density    =         1.0138
 ------------------------------------------------------------------------------

wrapping first mol.:       24.34307       34.42630       59.62810
wrapping first mol.:       24.34307       34.42630       59.62810

 NSTEP =    16500   TIME(PS) =    1773.000  TEMP(K) =   299.73  PRESS =   204.8
 Etot   =    -71189.0561  EKtot   =     18271.8945  EPtot      =    -89460.9506
 BOND   =       590.4970  ANGLE   =      1640.4235  DIHED      =      2479.4016
 1-4 NB =       720.7099  1-4 EEL =      8356.5102  VDWAALS    =     10831.1347
 EELEC  =   -114188.3677  EHBOND  =         0.0000  RESTRAINT  =       108.7402
 EAMBER (non-restraint)  =    -89569.6908
 EKCMT  =      7999.1462  VIRIAL  =      6673.3799  VOLUME     =    299819.4985
                                                    Density    =         1.0110
 ------------------------------------------------------------------------------

wrapping first mol.:       24.34643       34.43105       59.63632
wrapping first mol.:       24.34643       34.43105       59.63632

 NSTEP =    17000   TIME(PS) =    1774.000  TEMP(K) =   301.26  PRESS =  -325.3
 Etot   =    -71370.8986  EKtot   =     18364.8340  EPtot      =    -89735.7326
 BOND   =       592.8025  ANGLE   =      1604.1902  DIHED      =      2462.3814
 1-4 NB =       712.8620  1-4 EEL =      8362.4694  VDWAALS    =     10556.1434
 EELEC  =   -114127.6635  EHBOND  =         0.0000  RESTRAINT  =       101.0821
 EAMBER (non-restraint)  =    -89836.8146
 EKCMT  =      8071.1335  VIRIAL  =     10178.1593  VOLUME     =    299957.7433
                                                    Density    =         1.0105
 ------------------------------------------------------------------------------

wrapping first mol.:       24.34137       34.42389       59.62392
wrapping first mol.:       24.34137       34.42389       59.62392

 NSTEP =    17500   TIME(PS) =    1775.000  TEMP(K) =   301.14  PRESS =    45.9
 Etot   =    -71288.8160  EKtot   =     18357.6523  EPtot      =    -89646.4684
 BOND   =       566.1107  ANGLE   =      1649.5688  DIHED      =      2487.7131
 1-4 NB =       716.5894  1-4 EEL =      8421.7027  VDWAALS    =     10698.6766
 EELEC  =   -114292.3593  EHBOND  =         0.0000  RESTRAINT  =       105.5296
 EAMBER (non-restraint)  =    -89751.9980
 EKCMT  =      8046.5073  VIRIAL  =      7749.6512  VOLUME     =    299760.7468
                                                    Density    =         1.0112
 ------------------------------------------------------------------------------

wrapping first mol.:       24.33524       34.41522       59.60890
wrapping first mol.:       24.33524       34.41522       59.60890

 NSTEP =    18000   TIME(PS) =    1776.000  TEMP(K) =   299.91  PRESS =  -230.5
 Etot   =    -71317.0846  EKtot   =     18283.0645  EPtot      =    -89600.1490
 BOND   =       577.0008  ANGLE   =      1572.8326  DIHED      =      2489.3089
 1-4 NB =       718.4747  1-4 EEL =      8404.1543  VDWAALS    =     10676.4740
 EELEC  =   -114140.2681  EHBOND  =         0.0000  RESTRAINT  =       101.8737
 EAMBER (non-restraint)  =    -89702.0227
 EKCMT  =      7932.5737  VIRIAL  =      9423.2143  VOLUME     =    299541.7388
                                                    Density    =         1.0119
 ------------------------------------------------------------------------------

wrapping first mol.:       24.32346       34.39857       59.58007
wrapping first mol.:       24.32346       34.39857       59.58007

 NSTEP =    18500   TIME(PS) =    1777.000  TEMP(K) =   300.53  PRESS =  -140.1
 Etot   =    -71301.0946  EKtot   =     18320.5820  EPtot      =    -89621.6766
 BOND   =       611.3540  ANGLE   =      1584.0433  DIHED      =      2465.7292
 1-4 NB =       713.5346  1-4 EEL =      8412.4110  VDWAALS    =     10583.6110
 EELEC  =   -114096.6866  EHBOND  =         0.0000  RESTRAINT  =       104.3269
 EAMBER (non-restraint)  =    -89726.0035
 EKCMT  =      7956.6074  VIRIAL  =      8861.6204  VOLUME     =    299104.8005
                                                    Density    =         1.0134
 ------------------------------------------------------------------------------

wrapping first mol.:       24.33463       34.41436       59.60742
wrapping first mol.:       24.33463       34.41436       59.60742

 NSTEP =    19000   TIME(PS) =    1778.000  TEMP(K) =   298.34  PRESS =   138.1
 Etot   =    -71422.6854  EKtot   =     18187.0195  EPtot      =    -89609.7049
 BOND   =       588.5357  ANGLE   =      1614.4750  DIHED      =      2499.3428
 1-4 NB =       719.3858  1-4 EEL =      8391.6600  VDWAALS    =     10907.1129
 EELEC  =   -114443.3553  EHBOND  =         0.0000  RESTRAINT  =       113.1382
 EAMBER (non-restraint)  =    -89722.8431
 EKCMT  =      7919.5953  VIRIAL  =      7026.5088  VOLUME     =    299509.4858
                                                    Density    =         1.0120
 ------------------------------------------------------------------------------

wrapping first mol.:       24.32600       34.40216       59.58629
wrapping first mol.:       24.32600       34.40216       59.58629

 NSTEP =    19500   TIME(PS) =    1779.000  TEMP(K) =   300.10  PRESS =   144.2
 Etot   =    -71502.1030  EKtot   =     18294.6582  EPtot      =    -89796.7612
 BOND   =       591.0722  ANGLE   =      1636.4301  DIHED      =      2502.0889
 1-4 NB =       704.8868  1-4 EEL =      8346.2980  VDWAALS    =     10838.8635
 EELEC  =   -114524.6303  EHBOND  =         0.0000  RESTRAINT  =       108.2295
 EAMBER (non-restraint)  =    -89904.9907
 EKCMT  =      8006.2056  VIRIAL  =      7074.4435  VOLUME     =    299190.9677
                                                    Density    =         1.0131
 ------------------------------------------------------------------------------

wrapping first mol.:       24.32612       34.40233       59.58658
wrapping first mol.:       24.32612       34.40233       59.58658

 NSTEP =    20000   TIME(PS) =    1780.000  TEMP(K) =   301.72  PRESS =   232.8
 Etot   =    -71164.4999  EKtot   =     18393.2891  EPtot      =    -89557.7890
 BOND   =       589.8821  ANGLE   =      1636.7281  DIHED      =      2488.2075
 1-4 NB =       709.0974  1-4 EEL =      8434.8894  VDWAALS    =     10814.9869
 EELEC  =   -114332.6575  EHBOND  =         0.0000  RESTRAINT  =       101.0772
 EAMBER (non-restraint)  =    -89658.8662
 EKCMT  =      8026.4293  VIRIAL  =      6522.6941  VOLUME     =    299192.9423
                                                    Density    =         1.0131
 ------------------------------------------------------------------------------

wrapping first mol.:       24.32013       34.39386       59.57191
wrapping first mol.:       24.32013       34.39386       59.57191

 NSTEP =    20500   TIME(PS) =    1781.000  TEMP(K) =   301.07  PRESS =  -193.0
 Etot   =    -71547.6925  EKtot   =     18353.6953  EPtot      =    -89901.3878
 BOND   =       562.8092  ANGLE   =      1608.3300  DIHED      =      2484.8772
 1-4 NB =       714.4845  1-4 EEL =      8378.0427  VDWAALS    =     10700.5214
 EELEC  =   -114452.2606  EHBOND  =         0.0000  RESTRAINT  =       101.8078
 EAMBER (non-restraint)  =    -90003.1956
 EKCMT  =      7985.5545  VIRIAL  =      9231.5949  VOLUME     =    298983.3660
                                                    Density    =         1.0138
 ------------------------------------------------------------------------------

wrapping first mol.:       24.32091       34.39497       59.57382
wrapping first mol.:       24.32091       34.39497       59.57382

 NSTEP =    21000   TIME(PS) =    1782.000  TEMP(K) =   298.09  PRESS =  -187.9
 Etot   =    -71626.4853  EKtot   =     18171.7754  EPtot      =    -89798.2607
 BOND   =       590.6411  ANGLE   =      1607.1022  DIHED      =      2507.9766
 1-4 NB =       716.5149  1-4 EEL =      8390.2441  VDWAALS    =     10719.8135
 EELEC  =   -114437.5793  EHBOND  =         0.0000  RESTRAINT  =       107.0263
 EAMBER (non-restraint)  =    -89905.2870
 EKCMT  =      7912.6919  VIRIAL  =      9125.7497  VOLUME     =    299012.0604
                                                    Density    =         1.0137
 ------------------------------------------------------------------------------

wrapping first mol.:       24.30949       34.37882       59.54585
wrapping first mol.:       24.30949       34.37882       59.54585

 NSTEP =    21500   TIME(PS) =    1783.000  TEMP(K) =   300.73  PRESS =  -111.9
 Etot   =    -71339.1078  EKtot   =     18332.5762  EPtot      =    -89671.6840
 BOND   =       613.6943  ANGLE   =      1680.5046  DIHED      =      2489.3665
 1-4 NB =       716.0747  1-4 EEL =      8378.9645  VDWAALS    =     10611.0422
 EELEC  =   -114275.2341  EHBOND  =         0.0000  RESTRAINT  =       113.9032
 EAMBER (non-restraint)  =    -89785.5872
 EKCMT  =      7960.6323  VIRIAL  =      8682.0124  VOLUME     =    298589.0340
                                                    Density    =         1.0151
 ------------------------------------------------------------------------------

wrapping first mol.:       24.30881       34.37785       59.54418
wrapping first mol.:       24.30881       34.37785       59.54418

 NSTEP =    22000   TIME(PS) =    1784.000  TEMP(K) =   298.25  PRESS =  -213.5
 Etot   =    -71764.7678  EKtot   =     18181.6992  EPtot      =    -89946.4671
 BOND   =       628.7338  ANGLE   =      1624.4701  DIHED      =      2451.9088
 1-4 NB =       716.7654  1-4 EEL =      8423.2213  VDWAALS    =     10637.2021
 EELEC  =   -114548.4724  EHBOND  =         0.0000  RESTRAINT  =       119.7037
 EAMBER (non-restraint)  =    -90066.1708
 EKCMT  =      7983.7851  VIRIAL  =      9360.1520  VOLUME     =    298566.5519
                                                    Density    =         1.0152
 ------------------------------------------------------------------------------

wrapping first mol.:       24.31973       34.39329       59.57093
wrapping first mol.:       24.31973       34.39329       59.57093

 NSTEP =    22500   TIME(PS) =    1785.000  TEMP(K) =   301.28  PRESS =   -64.7
 Etot   =    -71443.2273  EKtot   =     18366.2207  EPtot      =    -89809.4480
 BOND   =       596.9690  ANGLE   =      1614.4663  DIHED      =      2478.3247
 1-4 NB =       719.8505  1-4 EEL =      8421.7562  VDWAALS    =     10779.9107
 EELEC  =   -114521.7642  EHBOND  =         0.0000  RESTRAINT  =       101.0388
 EAMBER (non-restraint)  =    -89910.4868
 EKCMT  =      7996.7242  VIRIAL  =      8414.5859  VOLUME     =    298965.1854
                                                    Density    =         1.0138
 ------------------------------------------------------------------------------

wrapping first mol.:       24.31690       34.38929       59.56399
wrapping first mol.:       24.31690       34.38929       59.56399

 NSTEP =    23000   TIME(PS) =    1786.000  TEMP(K) =   298.78  PRESS =   -30.8
 Etot   =    -71413.1401  EKtot   =     18214.0117  EPtot      =    -89627.1518
 BOND   =       607.0490  ANGLE   =      1662.7447  DIHED      =      2475.4980
 1-4 NB =       700.9405  1-4 EEL =      8406.0652  VDWAALS    =     10669.6060
 EELEC  =   -114256.0021  EHBOND  =         0.0000  RESTRAINT  =       106.9469
 EAMBER (non-restraint)  =    -89734.0987
 EKCMT  =      7915.6763  VIRIAL  =      8114.3658  VOLUME     =    298859.7791
                                                    Density    =         1.0142
 ------------------------------------------------------------------------------

wrapping first mol.:       24.32839       34.40553       59.59213
wrapping first mol.:       24.32839       34.40553       59.59213

 NSTEP =    23500   TIME(PS) =    1787.000  TEMP(K) =   300.96  PRESS =   111.9
 Etot   =    -71537.7138  EKtot   =     18346.7383  EPtot      =    -89884.4521
 BOND   =       557.6795  ANGLE   =      1646.7424  DIHED      =      2481.0613
 1-4 NB =       690.8827  1-4 EEL =      8376.0830  VDWAALS    =     10937.9744
 EELEC  =   -114681.3637  EHBOND  =         0.0000  RESTRAINT  =       106.4883
 EAMBER (non-restraint)  =    -89990.9404
 EKCMT  =      8024.9032  VIRIAL  =      7301.7768  VOLUME     =    299279.7812
                                                    Density    =         1.0128
 ------------------------------------------------------------------------------

wrapping first mol.:       24.33272       34.41166       59.60274
wrapping first mol.:       24.33272       34.41166       59.60274

 NSTEP =    24000   TIME(PS) =    1788.000  TEMP(K) =   303.26  PRESS =  -114.1
 Etot   =    -71338.4803  EKtot   =     18487.1602  EPtot      =    -89825.6405
 BOND   =       606.5470  ANGLE   =      1617.9473  DIHED      =      2489.6237
 1-4 NB =       713.4867  1-4 EEL =      8394.6748  VDWAALS    =     10668.2691
 EELEC  =   -114425.5222  EHBOND  =         0.0000  RESTRAINT  =       109.3332
 EAMBER (non-restraint)  =    -89934.9736
 EKCMT  =      8010.4044  VIRIAL  =      8747.8595  VOLUME     =    299445.7031
                                                    Density    =         1.0122
 ------------------------------------------------------------------------------

wrapping first mol.:       24.33284       34.41184       59.60305
wrapping first mol.:       24.33284       34.41184       59.60305

 NSTEP =    24500   TIME(PS) =    1789.000  TEMP(K) =   300.22  PRESS =   135.7
 Etot   =    -71242.5546  EKtot   =     18301.6758  EPtot      =    -89544.2304
 BOND   =       577.9132  ANGLE   =      1662.5704  DIHED      =      2517.4879
 1-4 NB =       717.2268  1-4 EEL =      8436.8057  VDWAALS    =     10692.9560
 EELEC  =   -114244.1715  EHBOND  =         0.0000  RESTRAINT  =        94.9811
 EAMBER (non-restraint)  =    -89639.2115
 EKCMT  =      8017.5933  VIRIAL  =      7140.2762  VOLUME     =    299443.6569
                                                    Density    =         1.0122
 ------------------------------------------------------------------------------

wrapping first mol.:       24.34409       34.42774       59.63058
wrapping first mol.:       24.34409       34.42774       59.63058

 NSTEP =    25000   TIME(PS) =    1790.000  TEMP(K) =   301.39  PRESS =    59.1
 Etot   =    -71200.0042  EKtot   =     18373.3242  EPtot      =    -89573.3284
 BOND   =       594.9662  ANGLE   =      1585.6685  DIHED      =      2500.9402
 1-4 NB =       712.1257  1-4 EEL =      8378.2604  VDWAALS    =     10727.0652
 EELEC  =   -114180.8026  EHBOND  =         0.0000  RESTRAINT  =       108.4480
 EAMBER (non-restraint)  =    -89681.7764
 EKCMT  =      8039.1803  VIRIAL  =      7656.7420  VOLUME     =    299860.9165
                                                    Density    =         1.0108
 ------------------------------------------------------------------------------

wrapping first mol.:       24.34092       34.42326       59.62283
wrapping first mol.:       24.34092       34.42326       59.62283

 NSTEP =    25500   TIME(PS) =    1791.000  TEMP(K) =   300.87  PRESS =    15.6
 Etot   =    -71484.5675  EKtot   =     18341.5098  EPtot      =    -89826.0773
 BOND   =       596.3385  ANGLE   =      1578.6102  DIHED      =      2500.3709
 1-4 NB =       704.7517  1-4 EEL =      8363.1517  VDWAALS    =     10920.1553
 EELEC  =   -114604.0552  EHBOND  =         0.0000  RESTRAINT  =       114.5993
 EAMBER (non-restraint)  =    -89940.6766
 EKCMT  =      7966.5841  VIRIAL  =      7865.7322  VOLUME     =    299745.1182
                                                    Density    =         1.0112
 ------------------------------------------------------------------------------

wrapping first mol.:       24.34561       34.42989       59.63432
wrapping first mol.:       24.34561       34.42989       59.63432

 NSTEP =    26000   TIME(PS) =    1792.000  TEMP(K) =   299.31  PRESS =    68.9
 Etot   =    -71642.7932  EKtot   =     18246.2891  EPtot      =    -89889.0823
 BOND   =       576.7558  ANGLE   =      1607.1275  DIHED      =      2509.4884
 1-4 NB =       728.3677  1-4 EEL =      8407.2012  VDWAALS    =     10827.8613
 EELEC  =   -114645.8176  EHBOND  =         0.0000  RESTRAINT  =        99.9332
 EAMBER (non-restraint)  =    -89989.0155
 EKCMT  =      7881.0648  VIRIAL  =      7434.7010  VOLUME     =    299916.9860
                                                    Density    =         1.0106
 ------------------------------------------------------------------------------

wrapping first mol.:       24.31592       34.38791       59.56160
wrapping first mol.:       24.31592       34.38791       59.56160

 NSTEP =    26500   TIME(PS) =    1793.000  TEMP(K) =   295.92  PRESS =   -44.4
 Etot   =    -71807.8586  EKtot   =     18039.3691  EPtot      =    -89847.2278
 BOND   =       595.9907  ANGLE   =      1592.2063  DIHED      =      2496.3657
 1-4 NB =       716.6595  1-4 EEL =      8315.7426  VDWAALS    =     10842.1609
 EELEC  =   -114521.1093  EHBOND  =         0.0000  RESTRAINT  =       114.7558
 EAMBER (non-restraint)  =    -89961.9836
 EKCMT  =      7891.8762  VIRIAL  =      8178.5832  VOLUME     =    298824.2080
                                                    Density    =         1.0143
 ------------------------------------------------------------------------------

wrapping first mol.:       24.33009       34.40794       59.59629
wrapping first mol.:       24.33009       34.40794       59.59629

 NSTEP =    27000   TIME(PS) =    1794.000  TEMP(K) =   299.57  PRESS =    -5.2
 Etot   =    -71385.8453  EKtot   =     18262.3633  EPtot      =    -89648.2085
 BOND   =       597.0209  ANGLE   =      1677.1441  DIHED      =      2523.3173
 1-4 NB =       719.9004  1-4 EEL =      8387.5865  VDWAALS    =     10744.2309
 EELEC  =   -114416.3696  EHBOND  =         0.0000  RESTRAINT  =       118.9610
 EAMBER (non-restraint)  =    -89767.1695
 EKCMT  =      7995.2462  VIRIAL  =      8028.8649  VOLUME     =    299345.6545
                                                    Density    =         1.0126
 ------------------------------------------------------------------------------

wrapping first mol.:       24.34232       34.42524       59.62626
wrapping first mol.:       24.34232       34.42524       59.62626

 NSTEP =    27500   TIME(PS) =    1795.000  TEMP(K) =   300.43  PRESS =    46.3
 Etot   =    -71473.0998  EKtot   =     18314.6133  EPtot      =    -89787.7131
 BOND   =       586.8973  ANGLE   =      1631.2702  DIHED      =      2482.7564
 1-4 NB =       723.7259  1-4 EEL =      8402.2615  VDWAALS    =     10724.4432
 EELEC  =   -114441.7770  EHBOND  =         0.0000  RESTRAINT  =       102.7094
 EAMBER (non-restraint)  =    -89890.4225
 EKCMT  =      7970.1037  VIRIAL  =      7670.3449  VOLUME     =    299796.0414
                                                    Density    =         1.0110
 ------------------------------------------------------------------------------

wrapping first mol.:       24.33073       34.40885       59.59786
wrapping first mol.:       24.33073       34.40885       59.59786

 NSTEP =    28000   TIME(PS) =    1796.000  TEMP(K) =   296.37  PRESS =    91.7
 Etot   =    -71525.3892  EKtot   =     18066.9863  EPtot      =    -89592.3756
 BOND   =       561.3642  ANGLE   =      1577.6115  DIHED      =      2491.5225
 1-4 NB =       721.5559  1-4 EEL =      8371.9925  VDWAALS    =     10647.1654
 EELEC  =   -114074.3249  EHBOND  =         0.0000  RESTRAINT  =       110.7375
 EAMBER (non-restraint)  =    -89703.1131
 EKCMT  =      7878.3802  VIRIAL  =      7285.5735  VOLUME     =    299366.7278
                                                    Density    =         1.0125
 ------------------------------------------------------------------------------

wrapping first mol.:       24.33706       34.41780       59.61337
wrapping first mol.:       24.33706       34.41780       59.61337

 NSTEP =    28500   TIME(PS) =    1797.000  TEMP(K) =   301.32  PRESS =  -201.1
 Etot   =    -71352.3084  EKtot   =     18368.7480  EPtot      =    -89721.0565
 BOND   =       573.3985  ANGLE   =      1581.8567  DIHED      =      2485.4636
 1-4 NB =       732.6442  1-4 EEL =      8385.9989  VDWAALS    =     10654.3421
 EELEC  =   -114242.3726  EHBOND  =         0.0000  RESTRAINT  =       107.6120
 EAMBER (non-restraint)  =    -89828.6685
 EKCMT  =      7991.9466  VIRIAL  =      9293.1312  VOLUME     =    299608.3020
                                                    Density    =         1.0117
 ------------------------------------------------------------------------------

wrapping first mol.:       24.33424       34.41381       59.60647
wrapping first mol.:       24.33424       34.41381       59.60647

 NSTEP =    29000   TIME(PS) =    1798.000  TEMP(K) =   298.36  PRESS =    87.6
 Etot   =    -71443.8387  EKtot   =     18188.4707  EPtot      =    -89632.3095
 BOND   =       611.6563  ANGLE   =      1592.5742  DIHED      =      2484.9207
 1-4 NB =       715.9700  1-4 EEL =      8402.9030  VDWAALS    =     10686.9634
 EELEC  =   -114243.5857  EHBOND  =         0.0000  RESTRAINT  =       116.2887
 EAMBER (non-restraint)  =    -89748.5981
 EKCMT  =      7957.8874  VIRIAL  =      7391.6090  VOLUME     =    299496.4949
                                                    Density    =         1.0120
 ------------------------------------------------------------------------------

wrapping first mol.:       24.32634       34.40264       59.58712
wrapping first mol.:       24.32634       34.40264       59.58712

 NSTEP =    29500   TIME(PS) =    1799.000  TEMP(K) =   302.04  PRESS =    71.0
 Etot   =    -71219.1086  EKtot   =     18412.8145  EPtot      =    -89631.9231
 BOND   =       608.8690  ANGLE   =      1621.7694  DIHED      =      2503.6398
 1-4 NB =       718.3252  1-4 EEL =      8388.0407  VDWAALS    =     10781.8567
 EELEC  =   -114363.1790  EHBOND  =         0.0000  RESTRAINT  =       108.7551
 EAMBER (non-restraint)  =    -89740.6782
 EKCMT  =      7923.3924  VIRIAL  =      7464.8364  VOLUME     =    299205.4424
                                                    Density    =         1.0130
 ------------------------------------------------------------------------------

wrapping first mol.:       24.33061       34.40868       59.59758
wrapping first mol.:       24.33061       34.40868       59.59758

 NSTEP =    30000   TIME(PS) =    1800.000  TEMP(K) =   301.92  PRESS =   362.9
 Etot   =    -71098.0841  EKtot   =     18405.3418  EPtot      =    -89503.4259
 BOND   =       619.2040  ANGLE   =      1641.0427  DIHED      =      2511.9082
 1-4 NB =       713.6641  1-4 EEL =      8437.3468  VDWAALS    =     10839.2408
 EELEC  =   -114374.3459  EHBOND  =         0.0000  RESTRAINT  =       108.5133
 EAMBER (non-restraint)  =    -89611.9392
 EKCMT  =      8023.2704  VIRIAL  =      5677.4311  VOLUME     =    299355.2299
                                                    Density    =         1.0125
 ------------------------------------------------------------------------------

wrapping first mol.:       24.35000       34.43610       59.64508
wrapping first mol.:       24.35000       34.43610       59.64508

 NSTEP =    30500   TIME(PS) =    1801.000  TEMP(K) =   299.39  PRESS =   102.4
 Etot   =    -71145.6975  EKtot   =     18251.0527  EPtot      =    -89396.7502
 BOND   =       615.4644  ANGLE   =      1594.4385  DIHED      =      2493.2200
 1-4 NB =       717.9588  1-4 EEL =      8380.4675  VDWAALS    =     10845.6504
 EELEC  =   -114143.2185  EHBOND  =         0.0000  RESTRAINT  =        99.2686
 EAMBER (non-restraint)  =    -89496.0188
 EKCMT  =      8030.6629  VIRIAL  =      7367.2418  VOLUME     =    300078.4597
                                                    Density    =         1.0101
 ------------------------------------------------------------------------------

wrapping first mol.:       24.34095       34.42330       59.62289
wrapping first mol.:       24.34095       34.42330       59.62289

 NSTEP =    31000   TIME(PS) =    1802.000  TEMP(K) =   298.11  PRESS =   -68.9
 Etot   =    -71340.0584  EKtot   =     18172.9805  EPtot      =    -89513.0389
 BOND   =       568.2354  ANGLE   =      1652.5913  DIHED      =      2466.7171
 1-4 NB =       715.9643  1-4 EEL =      8407.4047  VDWAALS    =     10600.6487
 EELEC  =   -114022.4407  EHBOND  =         0.0000  RESTRAINT  =        97.8402
 EAMBER (non-restraint)  =    -89610.8791
 EKCMT  =      7945.8419  VIRIAL  =      8391.9205  VOLUME     =    299748.3533
                                                    Density    =         1.0112
 ------------------------------------------------------------------------------

wrapping first mol.:       24.33199       34.41063       59.60096
wrapping first mol.:       24.33199       34.41063       59.60096

 NSTEP =    31500   TIME(PS) =    1803.000  TEMP(K) =   298.35  PRESS =  -130.8
 Etot   =    -71439.2329  EKtot   =     18187.6953  EPtot      =    -89626.9282
 BOND   =       611.2467  ANGLE   =      1634.6981  DIHED      =      2477.1994
 1-4 NB =       707.7881  1-4 EEL =      8378.2201  VDWAALS    =     10843.9482
 EELEC  =   -114378.5577  EHBOND  =         0.0000  RESTRAINT  =        98.5290
 EAMBER (non-restraint)  =    -89725.4572
 EKCMT  =      7924.6363  VIRIAL  =      8769.9160  VOLUME     =    299419.3371
                                                    Density    =         1.0123
 ------------------------------------------------------------------------------

wrapping first mol.:       24.32814       34.40519       59.59152
wrapping first mol.:       24.32814       34.40519       59.59152

 NSTEP =    32000   TIME(PS) =    1804.000  TEMP(K) =   298.08  PRESS =   -50.6
 Etot   =    -71518.6500  EKtot   =     18171.5781  EPtot      =    -89690.2281
 BOND   =       609.6289  ANGLE   =      1618.4863  DIHED      =      2508.2569
 1-4 NB =       723.7325  1-4 EEL =      8391.9615  VDWAALS    =     10682.0635
 EELEC  =   -114332.5372  EHBOND  =         0.0000  RESTRAINT  =       108.1796
 EAMBER (non-restraint)  =    -89798.4077
 EKCMT  =      7927.3428  VIRIAL  =      8254.1369  VOLUME     =    299275.0012
                                                    Density    =         1.0128
 ------------------------------------------------------------------------------

wrapping first mol.:       24.33559       34.41572       59.60977
wrapping first mol.:       24.33559       34.41572       59.60977

 NSTEP =    32500   TIME(PS) =    1805.000  TEMP(K) =   299.24  PRESS =   160.5
 Etot   =    -71199.8178  EKtot   =     18241.8457  EPtot      =    -89441.6635
 BOND   =       565.1544  ANGLE   =      1625.3148  DIHED      =      2488.1862
 1-4 NB =       724.6588  1-4 EEL =      8444.5248  VDWAALS    =     10837.0475
 EELEC  =   -114234.2177  EHBOND  =         0.0000  RESTRAINT  =       107.6677
 EAMBER (non-restraint)  =    -89549.3311
 EKCMT  =      7932.4373  VIRIAL  =      6894.0995  VOLUME     =    299544.3976
                                                    Density    =         1.0119
 ------------------------------------------------------------------------------

wrapping first mol.:       24.32583       34.40191       59.58586
wrapping first mol.:       24.32583       34.40191       59.58586

 NSTEP =    33000   TIME(PS) =    1806.000  TEMP(K) =   300.41  PRESS =    84.6
 Etot   =    -71380.0200  EKtot   =     18313.4531  EPtot      =    -89693.4732
 BOND   =       611.2431  ANGLE   =      1604.9098  DIHED      =      2470.3019
 1-4 NB =       735.0209  1-4 EEL =      8430.0343  VDWAALS    =     10742.5067
 EELEC  =   -114401.3347  EHBOND  =         0.0000  RESTRAINT  =       113.8448
 EAMBER (non-restraint)  =    -89807.3179
 EKCMT  =      7882.3425  VIRIAL  =      7336.0700  VOLUME     =    299186.0298
                                                    Density    =         1.0131
 ------------------------------------------------------------------------------

wrapping first mol.:       24.33683       34.41748       59.61282
wrapping first mol.:       24.33683       34.41748       59.61282

 NSTEP =    33500   TIME(PS) =    1807.000  TEMP(K) =   303.27  PRESS =    94.3
 Etot   =    -71288.9450  EKtot   =     18487.4121  EPtot      =    -89776.3571
 BOND   =       588.8637  ANGLE   =      1629.2439  DIHED      =      2486.2843
 1-4 NB =       710.9589  1-4 EEL =      8431.4696  VDWAALS    =     10858.4258
 EELEC  =   -114582.4956  EHBOND  =         0.0000  RESTRAINT  =       100.8924
 EAMBER (non-restraint)  =    -89877.2495
 EKCMT  =      8060.5159  VIRIAL  =      7450.8475  VOLUME     =    299592.0393
                                                    Density    =         1.0117
 ------------------------------------------------------------------------------

wrapping first mol.:       24.34298       34.42618       59.62788
wrapping first mol.:       24.34298       34.42618       59.62788

 NSTEP =    34000   TIME(PS) =    1808.000  TEMP(K) =   299.00  PRESS =  -131.6
 Etot   =    -71388.5267  EKtot   =     18227.1738  EPtot      =    -89615.7005
 BOND   =       573.7654  ANGLE   =      1645.0623  DIHED      =      2494.4153
 1-4 NB =       719.1597  1-4 EEL =      8397.9413  VDWAALS    =     10657.1665
 EELEC  =   -114221.5101  EHBOND  =         0.0000  RESTRAINT  =       118.2990
 EAMBER (non-restraint)  =    -89733.9995
 EKCMT  =      7962.6907  VIRIAL  =      8814.8289  VOLUME     =    299825.2742
                                                    Density    =         1.0109
 ------------------------------------------------------------------------------

wrapping first mol.:       24.33751       34.41843       59.61447
wrapping first mol.:       24.33751       34.41843       59.61447

 NSTEP =    34500   TIME(PS) =    1809.000  TEMP(K) =   296.27  PRESS =  -235.1
 Etot   =    -71724.3568  EKtot   =     18060.7363  EPtot      =    -89785.0931
 BOND   =       579.6799  ANGLE   =      1634.5141  DIHED      =      2445.3161
 1-4 NB =       715.4787  1-4 EEL =      8390.4409  VDWAALS    =     10597.5579
 EELEC  =   -114250.9051  EHBOND  =         0.0000  RESTRAINT  =       102.8244
 EAMBER (non-restraint)  =    -89887.9175
 EKCMT  =      7933.0524  VIRIAL  =      9453.8305  VOLUME     =    299625.7246
                                                    Density    =         1.0116
 ------------------------------------------------------------------------------

wrapping first mol.:       24.32395       34.39925       59.58125
wrapping first mol.:       24.32395       34.39925       59.58125

 NSTEP =    35000   TIME(PS) =    1810.000  TEMP(K) =   301.41  PRESS =    70.0
 Etot   =    -71543.6093  EKtot   =     18374.5508  EPtot      =    -89918.1601
 BOND   =       600.7412  ANGLE   =      1618.7147  DIHED      =      2466.4377
 1-4 NB =       699.8484  1-4 EEL =      8341.3097  VDWAALS    =     10816.4518
 EELEC  =   -114555.4371  EHBOND  =         0.0000  RESTRAINT  =        93.7736
 EAMBER (non-restraint)  =    -90011.9336
 EKCMT  =      8097.4798  VIRIAL  =      7645.2532  VOLUME     =    299117.0506
                                                    Density    =         1.0133
 ------------------------------------------------------------------------------

wrapping first mol.:       24.33429       34.41388       59.60658
wrapping first mol.:       24.33429       34.41388       59.60658

 NSTEP =    35500   TIME(PS) =    1811.000  TEMP(K) =   301.63  PRESS =   -13.5
 Etot   =    -71442.4796  EKtot   =     18387.8125  EPtot      =    -89830.2921
 BOND   =       586.2738  ANGLE   =      1541.7176  DIHED      =      2480.2573
 1-4 NB =       725.7420  1-4 EEL =      8375.9202  VDWAALS    =     10716.9745
 EELEC  =   -114351.8665  EHBOND  =         0.0000  RESTRAINT  =        94.6889
 EAMBER (non-restraint)  =    -89924.9809
 EKCMT  =      8147.2305  VIRIAL  =      8234.2902  VOLUME     =    299500.8921
                                                    Density    =         1.0120
 ------------------------------------------------------------------------------

wrapping first mol.:       24.33185       34.41043       59.60062
wrapping first mol.:       24.33185       34.41043       59.60062

 NSTEP =    36000   TIME(PS) =    1812.000  TEMP(K) =   297.34  PRESS =   -39.9
 Etot   =    -71430.1903  EKtot   =     18126.1602  EPtot      =    -89556.3504
 BOND   =       593.4727  ANGLE   =      1547.0596  DIHED      =      2461.0475
 1-4 NB =       726.3624  1-4 EEL =      8378.9564  VDWAALS    =     10684.5398
 EELEC  =   -114055.0227  EHBOND  =         0.0000  RESTRAINT  =       107.2338
 EAMBER (non-restraint)  =    -89663.5842
 EKCMT  =      7870.8182  VIRIAL  =      8128.5888  VOLUME     =    299411.7079
                                                    Density    =         1.0123
 ------------------------------------------------------------------------------

wrapping first mol.:       24.35009       34.43623       59.64530
wrapping first mol.:       24.35009       34.43623       59.64530

 NSTEP =    36500   TIME(PS) =    1813.000  TEMP(K) =   298.96  PRESS =   188.3
 Etot   =    -71182.2421  EKtot   =     18225.1777  EPtot      =    -89407.4198
 BOND   =       624.5529  ANGLE   =      1624.5501  DIHED      =      2485.1673
 1-4 NB =       729.8002  1-4 EEL =      8327.4080  VDWAALS    =     10899.0406
 EELEC  =   -114197.9411  EHBOND  =         0.0000  RESTRAINT  =       100.0022
 EAMBER (non-restraint)  =    -89507.4220
 EKCMT  =      8026.0438  VIRIAL  =      6805.8487  VOLUME     =    300079.4912
                                                    Density    =         1.0101
 ------------------------------------------------------------------------------

wrapping first mol.:       24.32905       34.40646       59.59374
wrapping first mol.:       24.32905       34.40646       59.59374

 NSTEP =    37000   TIME(PS) =    1814.000  TEMP(K) =   299.31  PRESS =    31.2
 Etot   =    -71744.5213  EKtot   =     18246.1641  EPtot      =    -89990.6854
 BOND   =       569.7599  ANGLE   =      1637.0180  DIHED      =      2487.9483
 1-4 NB =       713.6539  1-4 EEL =      8396.1044  VDWAALS    =     10972.9744
 EELEC  =   -114867.7650  EHBOND  =         0.0000  RESTRAINT  =        99.6208
 EAMBER (non-restraint)  =    -90090.3062
 EKCMT  =      7930.2297  VIRIAL  =      7728.9173  VOLUME     =    299306.2044
                                                    Density    =         1.0127
 ------------------------------------------------------------------------------

wrapping first mol.:       24.31897       34.39221       59.56906
wrapping first mol.:       24.31897       34.39221       59.56906

 NSTEP =    37500   TIME(PS) =    1815.000  TEMP(K) =   299.58  PRESS =    49.3
 Etot   =    -71443.4799  EKtot   =     18262.9980  EPtot      =    -89706.4780
 BOND   =       547.0871  ANGLE   =      1595.5653  DIHED      =      2494.0798
 1-4 NB =       715.9473  1-4 EEL =      8392.4666  VDWAALS    =     10695.9674
 EELEC  =   -114252.5221  EHBOND  =         0.0000  RESTRAINT  =       104.9307
 EAMBER (non-restraint)  =    -89811.4087
 EKCMT  =      8017.0239  VIRIAL  =      7699.0044  VOLUME     =    298933.9772
                                                    Density    =         1.0139
 ------------------------------------------------------------------------------

wrapping first mol.:       24.31346       34.38442       59.55556
wrapping first mol.:       24.31346       34.38442       59.55556

 NSTEP =    38000   TIME(PS) =    1816.000  TEMP(K) =   297.32  PRESS =    -4.0
 Etot   =    -71666.8153  EKtot   =     18124.7891  EPtot      =    -89791.6044
 BOND   =       603.2381  ANGLE   =      1548.1832  DIHED      =      2484.9553
 1-4 NB =       706.9675  1-4 EEL =      8431.5288  VDWAALS    =     10704.7162
 EELEC  =   -114390.0457  EHBOND  =         0.0000  RESTRAINT  =       118.8522
 EAMBER (non-restraint)  =    -89910.4566
 EKCMT  =      7929.5166  VIRIAL  =      7955.0003  VOLUME     =    298732.1884
                                                    Density    =         1.0146
 ------------------------------------------------------------------------------

wrapping first mol.:       24.31394       34.38510       59.55674
wrapping first mol.:       24.31394       34.38510       59.55674

 NSTEP =    38500   TIME(PS) =    1817.000  TEMP(K) =   299.49  PRESS =    43.5
 Etot   =    -71392.5411  EKtot   =     18257.2773  EPtot      =    -89649.8184
 BOND   =       556.6693  ANGLE   =      1598.1074  DIHED      =      2505.9809
 1-4 NB =       731.3959  1-4 EEL =      8411.2677  VDWAALS    =     10768.4672
 EELEC  =   -114322.6105  EHBOND  =         0.0000  RESTRAINT  =       100.9037
 EAMBER (non-restraint)  =    -89750.7221
 EKCMT  =      7959.3217  VIRIAL  =      7678.7891  VOLUME     =    298748.6946
                                                    Density    =         1.0146
 ------------------------------------------------------------------------------

wrapping first mol.:       24.31963       34.39315       59.57068
wrapping first mol.:       24.31963       34.39315       59.57068

 NSTEP =    39000   TIME(PS) =    1818.000  TEMP(K) =   303.53  PRESS =    32.6
 Etot   =    -71216.3225  EKtot   =     18503.7500  EPtot      =    -89720.0725
 BOND   =       563.5046  ANGLE   =      1624.8596  DIHED      =      2518.6522
 1-4 NB =       720.9314  1-4 EEL =      8432.9187  VDWAALS    =     11004.7373
 EELEC  =   -114690.3677  EHBOND  =         0.0000  RESTRAINT  =       104.6913
 EAMBER (non-restraint)  =    -89824.7638
 EKCMT  =      8121.3062  VIRIAL  =      7910.8414  VOLUME     =    298958.8702
                                                    Density    =         1.0139
 ------------------------------------------------------------------------------

wrapping first mol.:       24.31240       34.38293       59.55298
wrapping first mol.:       24.31240       34.38293       59.55298

 NSTEP =    39500   TIME(PS) =    1819.000  TEMP(K) =   300.69  PRESS =   -16.0
 Etot   =    -71278.6431  EKtot   =     18330.1074  EPtot      =    -89608.7505
 BOND   =       584.3116  ANGLE   =      1599.4915  DIHED      =      2511.6505
 1-4 NB =       730.2990  1-4 EEL =      8440.1566  VDWAALS    =     10649.8716
 EELEC  =   -114233.0843  EHBOND  =         0.0000  RESTRAINT  =       108.5530
 EAMBER (non-restraint)  =    -89717.3035
 EKCMT  =      7983.5348  VIRIAL  =      8086.5290  VOLUME     =    298693.6679
                                                    Density    =         1.0148
 ------------------------------------------------------------------------------

wrapping first mol.:       24.30723       34.37562       59.54031
wrapping first mol.:       24.30723       34.37562       59.54031

 NSTEP =    40000   TIME(PS) =    1820.000  TEMP(K) =   300.29  PRESS =    99.6
 Etot   =    -71220.2724  EKtot   =     18306.1992  EPtot      =    -89526.4717
 BOND   =       600.4972  ANGLE   =      1643.6378  DIHED      =      2515.5645
 1-4 NB =       731.6568  1-4 EEL =      8386.3962  VDWAALS    =     10665.1480
 EELEC  =   -114175.7897  EHBOND  =         0.0000  RESTRAINT  =       106.4177
 EAMBER (non-restraint)  =    -89632.8893
 EKCMT  =      7863.7310  VIRIAL  =      7221.7493  VOLUME     =    298500.0483
                                                    Density    =         1.0154
 ------------------------------------------------------------------------------

wrapping first mol.:       24.31553       34.38735       59.56064
wrapping first mol.:       24.31553       34.38735       59.56064

 NSTEP =    40500   TIME(PS) =    1821.000  TEMP(K) =   297.55  PRESS =    34.8
 Etot   =    -71554.0653  EKtot   =     18138.9258  EPtot      =    -89692.9911
 BOND   =       590.5427  ANGLE   =      1605.7285  DIHED      =      2497.4528
 1-4 NB =       708.3604  1-4 EEL =      8406.8762  VDWAALS    =     10774.4628
 EELEC  =   -114389.0715  EHBOND  =         0.0000  RESTRAINT  =       112.6570
 EAMBER (non-restraint)  =    -89805.6481
 EKCMT  =      7902.1417  VIRIAL  =      7677.3299  VOLUME     =    298807.5946
                                                    Density    =         1.0144
 ------------------------------------------------------------------------------

wrapping first mol.:       24.31647       34.38868       59.56293
wrapping first mol.:       24.31647       34.38868       59.56293

 NSTEP =    41000   TIME(PS) =    1822.000  TEMP(K) =   298.73  PRESS =    53.6
 Etot   =    -71622.6974  EKtot   =     18211.1836  EPtot      =    -89833.8810
 BOND   =       576.5975  ANGLE   =      1587.5863  DIHED      =      2469.7766
 1-4 NB =       703.9602  1-4 EEL =      8447.0269  VDWAALS    =     10844.7771
 EELEC  =   -114570.7605  EHBOND  =         0.0000  RESTRAINT  =       107.1550
 EAMBER (non-restraint)  =    -89941.0360
 EKCMT  =      7898.6891  VIRIAL  =      7553.0424  VOLUME     =    298841.6818
                                                    Density    =         1.0143
 ------------------------------------------------------------------------------

wrapping first mol.:       24.32910       34.40655       59.59388
wrapping first mol.:       24.32910       34.40655       59.59388

 NSTEP =    41500   TIME(PS) =    1823.000  TEMP(K) =   304.09  PRESS =  -271.7
 Etot   =    -71235.3672  EKtot   =     18537.5137  EPtot      =    -89772.8809
 BOND   =       579.2847  ANGLE   =      1640.1857  DIHED      =      2479.1976
 1-4 NB =       719.9747  1-4 EEL =      8380.9994  VDWAALS    =     10580.5283
 EELEC  =   -114264.1153  EHBOND  =         0.0000  RESTRAINT  =       111.0639
 EAMBER (non-restraint)  =    -89883.9448
 EKCMT  =      8061.1831  VIRIAL  =      9817.3963  VOLUME     =    299316.3938
                                                    Density    =         1.0127
 ------------------------------------------------------------------------------

wrapping first mol.:       24.33478       34.41457       59.60778
wrapping first mol.:       24.33478       34.41457       59.60778

 NSTEP =    42000   TIME(PS) =    1824.000  TEMP(K) =   298.56  PRESS =   -50.5
 Etot   =    -71461.1784  EKtot   =     18200.5859  EPtot      =    -89661.7644
 BOND   =       538.9985  ANGLE   =      1577.7950  DIHED      =      2484.4263
 1-4 NB =       714.3080  1-4 EEL =      8403.3786  VDWAALS    =     10626.7661
 EELEC  =   -114114.8061  EHBOND  =         0.0000  RESTRAINT  =       107.3694
 EAMBER (non-restraint)  =    -89769.1337
 EKCMT  =      7961.2616  VIRIAL  =      8287.5528  VOLUME     =    299520.0339
                                                    Density    =         1.0120
 ------------------------------------------------------------------------------

wrapping first mol.:       24.33317       34.41229       59.60383
wrapping first mol.:       24.33317       34.41229       59.60383

 NSTEP =    42500   TIME(PS) =    1825.000  TEMP(K) =   299.60  PRESS =   -77.6
 Etot   =    -71679.4781  EKtot   =     18264.0195  EPtot      =    -89943.4976
 BOND   =       562.3349  ANGLE   =      1633.7273  DIHED      =      2500.9374
 1-4 NB =       736.1236  1-4 EEL =      8426.8697  VDWAALS    =     10665.7185
 EELEC  =   -114582.1919  EHBOND  =         0.0000  RESTRAINT  =       112.9828
 EAMBER (non-restraint)  =    -90056.4804
 EKCMT  =      8016.6821  VIRIAL  =      8518.4727  VOLUME     =    299461.2261
                                                    Density    =         1.0122
 ------------------------------------------------------------------------------

wrapping first mol.:       24.33545       34.41553       59.60944
wrapping first mol.:       24.33545       34.41553       59.60944

 NSTEP =    43000   TIME(PS) =    1826.000  TEMP(K) =   297.73  PRESS =   -12.8
 Etot   =    -71500.9010  EKtot   =     18149.8926  EPtot      =    -89650.7935
 BOND   =       588.7454  ANGLE   =      1658.1996  DIHED      =      2501.4648
 1-4 NB =       728.1433  1-4 EEL =      8395.2331  VDWAALS    =     10726.8967
 EELEC  =   -114351.8841  EHBOND  =         0.0000  RESTRAINT  =       102.4077
 EAMBER (non-restraint)  =    -89753.2013
 EKCMT  =      7969.9590  VIRIAL  =      8053.0621  VOLUME     =    299543.9919
                                                    Density    =         1.0119
 ------------------------------------------------------------------------------

wrapping first mol.:       24.33245       34.41128       59.60209
wrapping first mol.:       24.33245       34.41128       59.60209

 NSTEP =    43500   TIME(PS) =    1827.000  TEMP(K) =   299.34  PRESS =    45.9
 Etot   =    -71536.0531  EKtot   =     18248.1387  EPtot      =    -89784.1917
 BOND   =       572.2849  ANGLE   =      1601.2468  DIHED      =      2482.4432
 1-4 NB =       700.5699  1-4 EEL =      8419.0729  VDWAALS    =     10827.8685
 EELEC  =   -114495.4878  EHBOND  =         0.0000  RESTRAINT  =       107.8098
 EAMBER (non-restraint)  =    -89892.0016
 EKCMT  =      8055.2192  VIRIAL  =      7758.1892  VOLUME     =    299431.6200
                                                    Density    =         1.0123
 ------------------------------------------------------------------------------

wrapping first mol.:       24.34872       34.43429       59.64194
wrapping first mol.:       24.34872       34.43429       59.64194

 NSTEP =    44000   TIME(PS) =    1828.000  TEMP(K) =   301.15  PRESS =    13.2
 Etot   =    -71093.4231  EKtot   =     18358.5605  EPtot      =    -89451.9836
 BOND   =       589.8619  ANGLE   =      1654.1992  DIHED      =      2518.1383
 1-4 NB =       714.3123  1-4 EEL =      8400.4185  VDWAALS    =     10683.4429
 EELEC  =   -114119.4044  EHBOND  =         0.0000  RESTRAINT  =       107.0477
 EAMBER (non-restraint)  =    -89559.0313
 EKCMT  =      8005.7683  VIRIAL  =      7919.9626  VOLUME     =    300033.5500
                                                    Density    =         1.0102
 ------------------------------------------------------------------------------

wrapping first mol.:       24.31828       34.39124       59.56737
wrapping first mol.:       24.31828       34.39124       59.56737

 NSTEP =    44500   TIME(PS) =    1829.000  TEMP(K) =   300.04  PRESS =   112.9
 Etot   =    -71533.8096  EKtot   =     18290.6328  EPtot      =    -89824.4424
 BOND   =       614.4499  ANGLE   =      1634.7023  DIHED      =      2471.2834
 1-4 NB =       708.9283  1-4 EEL =      8389.6844  VDWAALS    =     10798.8116
 EELEC  =   -114560.0453  EHBOND  =         0.0000  RESTRAINT  =       117.7430
 EAMBER (non-restraint)  =    -89942.1854
 EKCMT  =      7908.9833  VIRIAL  =      7180.1458  VOLUME     =    298906.8221
                                                    Density    =         1.0140
 ------------------------------------------------------------------------------

wrapping first mol.:       24.31217       34.38260       59.55240
wrapping first mol.:       24.31217       34.38260       59.55240

 NSTEP =    45000   TIME(PS) =    1830.000  TEMP(K) =   298.23  PRESS =  -157.5
 Etot   =    -71456.9140  EKtot   =     18180.5723  EPtot      =    -89637.4862
 BOND   =       585.2763  ANGLE   =      1641.0602  DIHED      =      2472.6922
 1-4 NB =       718.2757  1-4 EEL =      8404.3505  VDWAALS    =     10685.2824
 EELEC  =   -114249.6954  EHBOND  =         0.0000  RESTRAINT  =       105.2719
 EAMBER (non-restraint)  =    -89742.7581
 EKCMT  =      7916.0674  VIRIAL  =      8931.7838  VOLUME     =    298688.8121
                                                    Density    =         1.0148
 ------------------------------------------------------------------------------

wrapping first mol.:       24.31392       34.38508       59.55670
wrapping first mol.:       24.31392       34.38508       59.55670

 NSTEP =    45500   TIME(PS) =    1831.000  TEMP(K) =   298.95  PRESS =    67.0
 Etot   =    -71499.7641  EKtot   =     18224.3789  EPtot      =    -89724.1430
 BOND   =       584.7607  ANGLE   =      1614.2924  DIHED      =      2480.6621
 1-4 NB =       712.4276  1-4 EEL =      8407.4271  VDWAALS    =     10807.7906
 EELEC  =   -114429.8907  EHBOND  =         0.0000  RESTRAINT  =        98.3872
 EAMBER (non-restraint)  =    -89822.5303
 EKCMT  =      7980.2959  VIRIAL  =      7548.4202  VOLUME     =    298747.5181
                                                    Density    =         1.0146
 ------------------------------------------------------------------------------

wrapping first mol.:       24.32573       34.40178       59.58563
wrapping first mol.:       24.32573       34.40178       59.58563

 NSTEP =    46000   TIME(PS) =    1832.000  TEMP(K) =   298.78  PRESS =   163.3
 Etot   =    -71372.6811  EKtot   =     18214.1055  EPtot      =    -89586.7865
 BOND   =       613.2968  ANGLE   =      1599.1339  DIHED      =      2491.9391
 1-4 NB =       694.4889  1-4 EEL =      8404.2824  VDWAALS    =     10749.7135
 EELEC  =   -114243.8164  EHBOND  =         0.0000  RESTRAINT  =       104.1753
 EAMBER (non-restraint)  =    -89690.9619
 EKCMT  =      7929.9984  VIRIAL  =      6874.8870  VOLUME     =    299180.5116
                                                    Density    =         1.0131
 ------------------------------------------------------------------------------

wrapping first mol.:       24.32603       34.40220       59.58635
wrapping first mol.:       24.32603       34.40220       59.58635

 NSTEP =    46500   TIME(PS) =    1833.000  TEMP(K) =   297.32  PRESS =   -97.6
 Etot   =    -71409.2237  EKtot   =     18125.1465  EPtot      =    -89534.3702
 BOND   =       599.7198  ANGLE   =      1634.2348  DIHED      =      2499.8503
 1-4 NB =       724.7540  1-4 EEL =      8388.0012  VDWAALS    =     10480.7350
 EELEC  =   -113973.0592  EHBOND  =         0.0000  RESTRAINT  =       111.3940
 EAMBER (non-restraint)  =    -89645.7642
 EKCMT  =      7964.3187  VIRIAL  =      8594.9148  VOLUME     =    299198.3681
                                                    Density    =         1.0131
 ------------------------------------------------------------------------------

wrapping first mol.:       24.31972       34.39327       59.57089
wrapping first mol.:       24.31972       34.39327       59.57089

 NSTEP =    47000   TIME(PS) =    1834.000  TEMP(K) =   298.39  PRESS =   158.8
 Etot   =    -71393.5892  EKtot   =     18190.4102  EPtot      =    -89583.9993
 BOND   =       595.6373  ANGLE   =      1602.2683  DIHED      =      2484.6098
 1-4 NB =       719.9834  1-4 EEL =      8432.8598  VDWAALS    =     10792.6260
 EELEC  =   -114309.2647  EHBOND  =         0.0000  RESTRAINT  =        97.2806
 EAMBER (non-restraint)  =    -89681.2800
 EKCMT  =      7948.2858  VIRIAL  =      6923.4011  VOLUME     =    298958.6722
                                                    Density    =         1.0139
 ------------------------------------------------------------------------------

wrapping first mol.:       24.32993       34.40771       59.59590
wrapping first mol.:       24.32993       34.40771       59.59590

 NSTEP =    47500   TIME(PS) =    1835.000  TEMP(K) =   299.43  PRESS =   177.9
 Etot   =    -71474.8791  EKtot   =     18253.8633  EPtot      =    -89728.7423
 BOND   =       614.3219  ANGLE   =      1590.7979  DIHED      =      2484.7921
 1-4 NB =       717.9042  1-4 EEL =      8390.9975  VDWAALS    =     10893.7895
 EELEC  =   -114527.1620  EHBOND  =         0.0000  RESTRAINT  =       105.8167
 EAMBER (non-restraint)  =    -89834.5590
 EKCMT  =      7983.3912  VIRIAL  =      6833.2986  VOLUME     =    299334.7911
                                                    Density    =         1.0126
 ------------------------------------------------------------------------------

wrapping first mol.:       24.32894       34.40631       59.59348
wrapping first mol.:       24.32894       34.40631       59.59348

 NSTEP =    48000   TIME(PS) =    1836.000  TEMP(K) =   302.39  PRESS =    94.0
 Etot   =    -71153.8503  EKtot   =     18433.9785  EPtot      =    -89587.8288
 BOND   =       582.9072  ANGLE   =      1625.4584  DIHED      =      2499.0257
 1-4 NB =       711.8664  1-4 EEL =      8406.5157  VDWAALS    =     10539.6852
 EELEC  =   -114064.0780  EHBOND  =         0.0000  RESTRAINT  =       110.7908
 EAMBER (non-restraint)  =    -89698.6195
 EKCMT  =      8090.7982  VIRIAL  =      7483.3116  VOLUME     =    299300.5311
                                                    Density    =         1.0127
 ------------------------------------------------------------------------------

wrapping first mol.:       24.34430       34.42805       59.63112
wrapping first mol.:       24.34430       34.42805       59.63112

 NSTEP =    48500   TIME(PS) =    1837.000  TEMP(K) =   300.55  PRESS =   -81.2
 Etot   =    -71270.3835  EKtot   =     18321.9453  EPtot      =    -89592.3288
 BOND   =       596.8960  ANGLE   =      1605.2174  DIHED      =      2494.6408
 1-4 NB =       711.9685  1-4 EEL =      8399.5017  VDWAALS    =     10609.1865
 EELEC  =   -114123.8654  EHBOND  =         0.0000  RESTRAINT  =       114.1255
 EAMBER (non-restraint)  =    -89706.4544
 EKCMT  =      8056.0303  VIRIAL  =      8581.9245  VOLUME     =    299872.7552
                                                    Density    =         1.0108
 ------------------------------------------------------------------------------

wrapping first mol.:       24.33256       34.41144       59.60235
wrapping first mol.:       24.33256       34.41144       59.60235

 NSTEP =    49000   TIME(PS) =    1838.000  TEMP(K) =   303.35  PRESS =   103.1
 Etot   =    -71119.4196  EKtot   =     18492.8066  EPtot      =    -89612.2262
 BOND   =       578.7980  ANGLE   =      1655.6388  DIHED      =      2478.7090
 1-4 NB =       721.5500  1-4 EEL =      8398.5109  VDWAALS    =     10774.7665
 EELEC  =   -114329.9070  EHBOND  =         0.0000  RESTRAINT  =       109.7075
 EAMBER (non-restraint)  =    -89721.9337
 EKCMT  =      8120.3313  VIRIAL  =      7453.5643  VOLUME     =    299434.0278
                                                    Density    =         1.0123
 ------------------------------------------------------------------------------

wrapping first mol.:       24.33879       34.42025       59.61761
wrapping first mol.:       24.33879       34.42025       59.61761

 NSTEP =    49500   TIME(PS) =    1839.000  TEMP(K) =   301.03  PRESS =    22.9
 Etot   =    -71494.0266  EKtot   =     18350.9355  EPtot      =    -89844.9621
 BOND   =       569.5028  ANGLE   =      1638.1714  DIHED      =      2471.7301
 1-4 NB =       731.6014  1-4 EEL =      8422.0567  VDWAALS    =     10782.2623
 EELEC  =   -114575.2135  EHBOND  =         0.0000  RESTRAINT  =       114.9267
 EAMBER (non-restraint)  =    -89959.8888
 EKCMT  =      7970.8077  VIRIAL  =      7822.3819  VOLUME     =    299666.2046
                                                    Density    =         1.0115
 ------------------------------------------------------------------------------

wrapping first mol.:       24.34308       34.42631       59.62811
wrapping first mol.:       24.34308       34.42631       59.62811

 NSTEP =    50000   TIME(PS) =    1840.000  TEMP(K) =   297.42  PRESS =    -1.6
 Etot   =    -71606.9487  EKtot   =     18131.3008  EPtot      =    -89738.2495
 BOND   =       592.3444  ANGLE   =      1606.0435  DIHED      =      2478.7113
 1-4 NB =       717.3748  1-4 EEL =      8399.2511  VDWAALS    =     10905.4360
 EELEC  =   -114530.6093  EHBOND  =         0.0000  RESTRAINT  =        93.1988
 EAMBER (non-restraint)  =    -89831.4483
 EKCMT  =      7932.7634  VIRIAL  =      7943.3225  VOLUME     =    299825.2374
                                                    Density    =         1.0109
 ------------------------------------------------------------------------------


      A V E R A G E S   O V E R     100 S T E P S


 NSTEP =    50000   TIME(PS) =    1840.000  TEMP(K) =   299.89  PRESS =     0.4
 Etot   =    -71386.2312  EKtot   =     18281.7739  EPtot      =    -89668.0051
 BOND   =       589.7225  ANGLE   =      1617.4827  DIHED      =      2488.2454
 1-4 NB =       716.4394  1-4 EEL =      8399.4843  VDWAALS    =     10728.9233
 EELEC  =   -114314.0211  EHBOND  =         0.0000  RESTRAINT  =       105.7184
 EAMBER (non-restraint)  =    -89773.7235
 EKCMT  =      7977.7041  VIRIAL  =      7974.6468  VOLUME     =    299367.0632
                                                    Density    =         1.0125
 ------------------------------------------------------------------------------


      R M S  F L U C T U A T I O N S


 NSTEP =    50000   TIME(PS) =    1840.000  TEMP(K) =     1.68  PRESS =   127.3
 Etot   =       180.8476  EKtot   =       102.1769  EPtot      =       145.2846
 BOND   =        20.0205  ANGLE   =        28.0318  DIHED      =        16.4663
 1-4 NB =         9.9027  1-4 EEL =        26.8228  VDWAALS    =       115.1128
 EELEC  =       201.0303  EHBOND  =         0.0000  RESTRAINT  =         6.8100
 EAMBER (non-restraint)  =       138.4746
 EKCMT  =        64.0016  VIRIAL  =       812.4804  VOLUME     =       468.2340
                                                    Density    =         0.0016
 ------------------------------------------------------------------------------

--------------------------------------------------------------------------------
   5.  TIMINGS
--------------------------------------------------------------------------------

|  NonSetup CPU Time in Major Routines:
|
|     Routine           Sec        %
|     ------------------------------
|     Nonbond         182.21   89.96
|     Bond              0.00    0.00
|     Angle             0.00    0.00
|     Dihedral          0.00    0.00
|     Shake             0.24    0.12
|     RunMD            20.06    9.90
|     Other             0.04    0.02
|     ------------------------------
|     Total           202.55

|  PME Nonbond Pairlist CPU Time:
|
|     Routine              Sec        %
|     ---------------------------------
|     Set Up Cit           0.00    0.00
|     Build List           0.00    0.00
|     ---------------------------------
|     Total                0.00    0.00

|  PME Direct Force CPU Time:
|
|     Routine              Sec        %
|     ---------------------------------
|     NonBonded Calc       0.00    0.00
|     Exclude Masked       0.00    0.00
|     Other                0.01    0.00
|     ---------------------------------
|     Total                0.01    0.00

|  PME Reciprocal Force CPU Time:
|
|     Routine              Sec        %
|     ---------------------------------
|     1D bspline           0.00    0.00
|     Grid Charges         0.00    0.00
|     Scalar Sum           0.00    0.00
|     Gradient Sum         0.00    0.00
|     FFT                  0.00    0.00
|     ---------------------------------
|     Total                0.00    0.00

|  Final Performance Info:
|     -----------------------------------------------------
|     Average timings for last    4500 steps:
|     Elapsed(s) =      18.22 Per Step(ms) =       4.05
|         ns/day =      42.68   seconds/ns =    2024.46
|
|     Average timings for all steps:
|     Elapsed(s) =     202.55 Per Step(ms) =       4.05
|         ns/day =      42.66   seconds/ns =    2025.47
|     -----------------------------------------------------

|  Setup CPU time:            0.55 seconds
|  NonSetup CPU time:       202.55 seconds
|  Total CPU time:          203.10 seconds     0.06 hours

|  Setup wall time:           1    seconds
|  NonSetup wall time:      203    seconds
|  Total wall time:         204    seconds     0.06 hours
