
          -------------------------------------------------------
          Amber 16 PMEMD                              2016
          -------------------------------------------------------

| PMEMD implementation of SANDER, Release 16

| Run on 10/22/2016 at 23:29:10

|   Executable path: pmemd.cuda
| Working directory: /home/german/exs/run/1hvr_hol/mhe/e
|          Hostname: Unknown
  [-O]verwriting output

File Assignments:
|   MDIN: 6equ.in                                                               
|  MDOUT: 6equ.out                                                              
| INPCRD: 5e1hvr_hol.rst7                                                       
|   PARM: 1hvr_hol.prmtop                                                       
| RESTRT: 6e1hvr_hol.rst7                                                       
|   REFC: 5e1hvr_hol.rst7                                                       
|  MDVEL: mdvel                                                                 
|   MDEN: mden                                                                  
|  MDCRD: 6e1hvr_hol.nc                                                         
| MDINFO: mdinfo                                                                
|  MDFRC: mdfrc                                                                 


 Here is the input file:

Equilibration with solute restrictions                                         
&cntrl                                                                         
imin = 0,                           ! No Minimization                          
nmropt = 0,                         ! No NMR restraints read                   
                                                                               
! Nature and format of the input                                               
ntx = 5,                            ! Coordinates but no velocities will be rea
irest = 1,                          ! Do not run a new simulation              
                                                                               
! Nature and format of the output                                              
ntxo = 1,                           ! rstrt file in ASCII format               
ntpr = 500,                         ! inf in output every ntpr steps           
ntwr = 500,                         ! rstrt file every ntwr steps              
ntwx = 500,                         ! mdcrd file every ntwx steps              
ntwv = 0,                           ! mdvel without velocities                 
ntwe = 0,                           ! Energies and temperatures not written in 
idecomp = 0,                        ! No energy decomposition                  
iwrap = 1,                          ! Coordinates of the restart and mdcrd file
                                                                               
! Frozen or restrained atoms                                                   
ibelly = 0,                         ! No frozen atoms                          
ntr=1,                              ! Harmonic potential restraints            
restraint_wt = 25.0,                ! The weight for the positional restraints 
restraintmask = ':1-199@N,CA,C,O',  ! restrained residues                      
                                                                               
! Molecular dynamics                                                           
nstlim = 50000,                     ! Number of MD-steps                       
dt = 0.002,                         ! Time step                                
                                                                               
! Temperature regulation                                                       
ntt = 3,                            ! Langevin thermostat                      
gamma_ln = 5,                       ! Gamma constant for Langevin              
!temp0 = 300.0,                     ! Reference T at which the system is to be 
tempi = 300.0,                      ! Initial T                                
ig = -1,                            ! Seed for the RNG                         
                                                                               
! P and V regulation                                                           
ntp = 1,                            ! Constant P. Isotropic scaling            
barostat = 1,                       ! Berendsen barostat                       
taup = 1,                           ! Pressure relaxation time                 
nrespa = 1,                         ! Evaluate at each step                    
ntb = 2,                            ! Periodic box for constant P              
                                                                               
! SHAKE variables                                                              
ntc = 2,                            ! Bonds involving H are constrained        
ntf = 2,                            ! Bond interaction involving H are ommited.
                                                                               
cut = 10.0,                         ! Nonbonded cutoff                         
/                                                                              
&end                                                                           


Note: ig = -1. Setting random seed to   714436 based on wallclock time in 
      microseconds.
 
|--------------------- INFORMATION ----------------------
| GPU (CUDA) Version of PMEMD in use: NVIDIA GPU IN USE.
|                    Version 16.0.0
| 
|                      02/25/2016
| 
| Implementation by:
|                    Ross C. Walker     (SDSC)
|                    Scott Le Grand     (nVIDIA)
| 
| Precision model in use:
|      [SPFP] - Single Precision Forces, 64-bit Fixed Point
|               Accumulation. (Default)
| 
|--------------------------------------------------------
 
|----------------- CITATION INFORMATION -----------------
|
|    When publishing work that utilized the CUDA version
|    of AMBER, please cite the following in addition to
|    the regular AMBER citations:
|
|  - Romelia Salomon-Ferrer; Andreas W. Goetz; Duncan
|    Poole; Scott Le Grand; Ross C. Walker "Routine
|    microsecond molecular dynamics simulations with
|    AMBER - Part II: Particle Mesh Ewald", J. Chem.
|    Theory Comput., 2013, 9 (9), pp3878-3888,
|    DOI: 10.1021/ct400314y.
|
|  - Andreas W. Goetz; Mark J. Williamson; Dong Xu;
|    Duncan Poole; Scott Le Grand; Ross C. Walker
|    "Routine microsecond molecular dynamics simulations
|    with AMBER - Part I: Generalized Born", J. Chem.
|    Theory Comput., 2012, 8 (5), pp1542-1555.
|
|  - Scott Le Grand; Andreas W. Goetz; Ross C. Walker
|    "SPFP: Speed without compromise - a mixed precision
|    model for GPU accelerated molecular dynamics
|    simulations.", Comp. Phys. Comm., 2013, 184
|    pp374-380, DOI: 10.1016/j.cpc.2012.09.022
|
|--------------------------------------------------------
 
|------------------- GPU DEVICE INFO --------------------
|
|            CUDA_VISIBLE_DEVICES: 1
|   CUDA Capable Devices Detected:      1
|           CUDA Device ID in use:      0
|                CUDA Device Name: GeForce GTX 1060 6GB
|     CUDA Device Global Mem Size:   6072 MB
| CUDA Device Num Multiprocessors:     10
|           CUDA Device Core Freq:   1.76 GHz
|
|--------------------------------------------------------
 
 
| Conditional Compilation Defines Used:
| PUBFFT
| BINTRAJ
| CUDA
| EMIL

| Largest sphere to fit in unit cell has radius =    29.901

| New format PARM file being parsed.
| Version =    1.000 Date = 10/21/16 Time = 15:54:12

| Note: 1-4 EEL scale factors are being read from the topology file.

| Note: 1-4 VDW scale factors are being read from the topology file.
| Duplicated    0 dihedrals

| Duplicated    0 dihedrals

--------------------------------------------------------------------------------
   1.  RESOURCE   USE: 
--------------------------------------------------------------------------------

 getting new box info from bottom of inpcrd
 NATOM  =   29895 NTYPES =      17 NBONH =   28331 MBONA  =    1592
 NTHETH =    3754 MTHETA =    2161 NPHIH =    7401 MPHIA  =    6841
 NHPARM =       0 NPARM  =       0 NNB   =   53417 NRES   =    9098
 NBONA  =    1592 NTHETA =    2161 NPHIA =    6841 NUMBND =      84
 NUMANG =     194 NPTRA  =     195 NATYP =      45 NPHB   =       1
 IFBOX  =       2 NMXRS  =      84 IFCAP =       0 NEXTRA =       0
 NCOPY  =       0

| Coordinate Index Table dimensions:    11   11   11
| Direct force subcell size =     6.6584    6.6584    6.6584

     BOX TYPE: TRUNCATED OCTAHEDRON

--------------------------------------------------------------------------------
   2.  CONTROL  DATA  FOR  THE  RUN
--------------------------------------------------------------------------------

default_name                                                                    

General flags:
     imin    =       0, nmropt  =       0

Nature and format of input:
     ntx     =       5, irest   =       1, ntrx    =       1

Nature and format of output:
     ntxo    =       1, ntpr    =     500, ntrx    =       1, ntwr    =     500
     iwrap   =       1, ntwx    =     500, ntwv    =       0, ntwe    =       0
     ioutfm  =       1, ntwprt  =       0, idecomp =       0, rbornstat=      0

Potential function:
     ntf     =       2, ntb     =       2, igb     =       0, nsnb    =      25
     ipol    =       0, gbsa    =       0, iesp    =       0
     dielc   =   1.00000, cut     =  10.00000, intdiel =   1.00000

Frozen or restrained atoms:
     ibelly  =       0, ntr     =       1
     restraint_wt =  25.00000

Molecular dynamics:
     nstlim  =     50000, nscm    =         0, nrespa  =         1
     t       =   0.00000, dt      =   0.00200, vlimit  =  -1.00000

Langevin dynamics temperature regulation:
     ig      =  714436
     temp0   = 300.00000, tempi   = 300.00000, gamma_ln=   5.00000

Pressure regulation:
     ntp     =       1
     pres0   =   1.00000, comp    =  44.60000, taup    =   1.00000

SHAKE:
     ntc     =       2, jfastw  =       0
     tol     =   0.00001

| Intermolecular bonds treatment:
|     no_intermolecular_bonds =       1

| Energy averages sample interval:
|     ene_avg_sampling =     500

Ewald parameters:
     verbose =       0, ew_type =       0, nbflag  =       1, use_pme =       1
     vdwmeth =       1, eedmeth =       1, netfrc  =       1
     Box X =   73.242   Box Y =   73.242   Box Z =   73.242
     Alpha =  109.471   Beta  =  109.471   Gamma =  109.471
     NFFT1 =   80       NFFT2 =   80       NFFT3 =   80
     Cutoff=   10.000   Tol   =0.100E-04
     Ewald Coefficient =  0.27511
     Interpolation order =    4

    LOADING THE CONSTRAINED ATOMS AS GROUPS


   5.  REFERENCE ATOM COORDINATES

  default_name                                                                    
     Mask :1-199@N,CA,C,O; matches   792 atoms

--------------------------------------------------------------------------------
   3.  ATOMIC COORDINATES AND VELOCITIES
--------------------------------------------------------------------------------

default_name                                                                    
 begin time read from input coords =   640.000 ps

 
 Number of triangulated 3-point waters found:     8895

     Sum of charges from parm topology file =  -0.00100209
     Forcing neutrality...

| Dynamic Memory, Types Used:
| Reals             1417211
| Integers          1054403

| Nonbonded Pairs Initial Allocation:     9042490

| GPU memory information (estimate):
| KB of GPU memory in use:    244714
| KB of CPU memory in use:     48641

--------------------------------------------------------------------------------
   4.  RESULTS
--------------------------------------------------------------------------------

 ---------------------------------------------------
 APPROXIMATING switch and d/dx switch using CUBIC SPLINE INTERPOLATION
 using   5000.0 points per unit in tabled values
 TESTING RELATIVE ERROR over r ranging from 0.0 to cutoff
| CHECK switch(x): max rel err =   0.2738E-14   at   2.422500
| CHECK d/dx switch(x): max rel err =   0.8314E-11   at   2.736960
 ---------------------------------------------------
|---------------------------------------------------
| APPROXIMATING direct energy using CUBIC SPLINE INTERPOLATION
|  with   50.0 points per unit in tabled values
| Relative Error Limit not exceeded for r .gt.   2.33
| APPROXIMATING direct force using CUBIC SPLINE INTERPOLATION
|  with   50.0 points per unit in tabled values
| Relative Error Limit not exceeded for r .gt.   2.80
|---------------------------------------------------
wrapping first mol.:       24.40830       34.51854       59.78787
wrapping first mol.:       24.40830       34.51854       59.78787

 NSTEP =      500   TIME(PS) =     641.000  TEMP(K) =   299.25  PRESS =    -1.8
 Etot   =    -70867.3273  EKtot   =     18242.7734  EPtot      =    -89110.1007
 BOND   =       591.8549  ANGLE   =      1692.3699  DIHED      =      2506.7548
 1-4 NB =       719.4668  1-4 EEL =      8433.9184  VDWAALS    =     10581.5515
 EELEC  =   -113899.4940  EHBOND  =         0.0000  RESTRAINT  =       263.4771
 EAMBER (non-restraint)  =    -89373.5778
 EKCMT  =      7847.2971  VIRIAL  =      7859.0372  VOLUME     =    302241.5851
                                                    Density    =         1.0029
 ------------------------------------------------------------------------------

wrapping first mol.:       24.40253       34.51039       59.77374
wrapping first mol.:       24.40253       34.51039       59.77374

 NSTEP =     1000   TIME(PS) =     642.000  TEMP(K) =   298.16  PRESS =   -26.9
 Etot   =    -71195.7427  EKtot   =     18176.3047  EPtot      =    -89372.0474
 BOND   =       592.4294  ANGLE   =      1598.1804  DIHED      =      2487.4284
 1-4 NB =       711.8758  1-4 EEL =      8432.7328  VDWAALS    =     10486.4029
 EELEC  =   -113936.6021  EHBOND  =         0.0000  RESTRAINT  =       255.5050
 EAMBER (non-restraint)  =    -89627.5524
 EKCMT  =      7957.6199  VIRIAL  =      8132.8402  VOLUME     =    302028.1411
                                                    Density    =         1.0036
 ------------------------------------------------------------------------------

wrapping first mol.:       24.41308       34.52531       59.79959
wrapping first mol.:       24.41308       34.52531       59.79959

 NSTEP =     1500   TIME(PS) =     643.000  TEMP(K) =   299.61  PRESS =   161.8
 Etot   =    -70863.5258  EKtot   =     18264.4180  EPtot      =    -89127.9438
 BOND   =       580.0596  ANGLE   =      1611.1587  DIHED      =      2490.4659
 1-4 NB =       713.7149  1-4 EEL =      8379.1444  VDWAALS    =     10692.7670
 EELEC  =   -113860.9514  EHBOND  =         0.0000  RESTRAINT  =       265.6972
 EAMBER (non-restraint)  =    -89393.6409
 EKCMT  =      8034.8280  VIRIAL  =      6978.2031  VOLUME     =    302414.9952
                                                    Density    =         1.0023
 ------------------------------------------------------------------------------

wrapping first mol.:       24.40384       34.51224       59.77694
wrapping first mol.:       24.40384       34.51224       59.77694

 NSTEP =     2000   TIME(PS) =     644.000  TEMP(K) =   300.24  PRESS =  -104.8
 Etot   =    -71194.8044  EKtot   =     18302.7188  EPtot      =    -89497.5232
 BOND   =       555.9830  ANGLE   =      1596.3326  DIHED      =      2487.4530
 1-4 NB =       718.9529  1-4 EEL =      8378.0187  VDWAALS    =     10549.8944
 EELEC  =   -114055.3674  EHBOND  =         0.0000  RESTRAINT  =       271.2096
 EAMBER (non-restraint)  =    -89768.7328
 EKCMT  =      7965.9401  VIRIAL  =      8649.6411  VOLUME     =    302078.7432
                                                    Density    =         1.0034
 ------------------------------------------------------------------------------

wrapping first mol.:       24.41780       34.53198       59.81113
wrapping first mol.:       24.41780       34.53198       59.81113

 NSTEP =     2500   TIME(PS) =     645.000  TEMP(K) =   301.42  PRESS =    93.6
 Etot   =    -70933.7431  EKtot   =     18375.1562  EPtot      =    -89308.8994
 BOND   =       595.5787  ANGLE   =      1564.7796  DIHED      =      2494.5570
 1-4 NB =       700.6551  1-4 EEL =      8436.8684  VDWAALS    =     10759.3911
 EELEC  =   -114132.1443  EHBOND  =         0.0000  RESTRAINT  =       271.4149
 EAMBER (non-restraint)  =    -89580.3143
 EKCMT  =      8037.0620  VIRIAL  =      7425.6619  VOLUME     =    302592.0395
                                                    Density    =         1.0017
 ------------------------------------------------------------------------------

wrapping first mol.:       24.41336       34.52570       59.80026
wrapping first mol.:       24.41336       34.52570       59.80026

 NSTEP =     3000   TIME(PS) =     646.000  TEMP(K) =   300.95  PRESS =   125.6
 Etot   =    -70873.0291  EKtot   =     18346.5234  EPtot      =    -89219.5526
 BOND   =       573.3459  ANGLE   =      1617.8774  DIHED      =      2482.7468
 1-4 NB =       723.9471  1-4 EEL =      8382.1617  VDWAALS    =     10771.1823
 EELEC  =   -114039.7486  EHBOND  =         0.0000  RESTRAINT  =       268.9348
 EAMBER (non-restraint)  =    -89488.4874
 EKCMT  =      8062.9225  VIRIAL  =      7242.5246  VOLUME     =    302426.1040
                                                    Density    =         1.0022
 ------------------------------------------------------------------------------

wrapping first mol.:       24.42992       34.54912       59.84082
wrapping first mol.:       24.42992       34.54912       59.84082

 NSTEP =     3500   TIME(PS) =     647.000  TEMP(K) =   298.39  PRESS =   156.9
 Etot   =    -71103.3725  EKtot   =     18190.1543  EPtot      =    -89293.5268
 BOND   =       572.9771  ANGLE   =      1559.9212  DIHED      =      2497.8622
 1-4 NB =       697.2287  1-4 EEL =      8413.1082  VDWAALS    =     10774.0835
 EELEC  =   -114062.1695  EHBOND  =         0.0000  RESTRAINT  =       253.4618
 EAMBER (non-restraint)  =    -89546.9886
 EKCMT  =      7904.6642  VIRIAL  =      6878.0025  VOLUME     =    303041.1370
                                                    Density    =         1.0002
 ------------------------------------------------------------------------------

wrapping first mol.:       24.41972       34.53470       59.81584
wrapping first mol.:       24.41972       34.53470       59.81584

 NSTEP =     4000   TIME(PS) =     648.000  TEMP(K) =   301.28  PRESS =  -213.3
 Etot   =    -71083.6258  EKtot   =     18366.5625  EPtot      =    -89450.1883
 BOND   =       535.6074  ANGLE   =      1558.2854  DIHED      =      2522.0799
 1-4 NB =       714.7796  1-4 EEL =      8417.3322  VDWAALS    =     10655.8883
 EELEC  =   -114121.5662  EHBOND  =         0.0000  RESTRAINT  =       267.4051
 EAMBER (non-restraint)  =    -89717.5935
 EKCMT  =      8041.4730  VIRIAL  =      9435.1630  VOLUME     =    302671.8004
                                                    Density    =         1.0014
 ------------------------------------------------------------------------------

wrapping first mol.:       24.41191       34.52365       59.79671
wrapping first mol.:       24.41191       34.52365       59.79671

 NSTEP =     4500   TIME(PS) =     649.000  TEMP(K) =   299.14  PRESS =    46.3
 Etot   =    -71084.8682  EKtot   =     18235.8125  EPtot      =    -89320.6807
 BOND   =       605.5118  ANGLE   =      1615.5398  DIHED      =      2502.6507
 1-4 NB =       695.3591  1-4 EEL =      8373.1704  VDWAALS    =     10672.7228
 EELEC  =   -114032.4316  EHBOND  =         0.0000  RESTRAINT  =       246.7962
 EAMBER (non-restraint)  =    -89567.4769
 EKCMT  =      7915.1763  VIRIAL  =      7612.7178  VOLUME     =    302374.4398
                                                    Density    =         1.0024
 ------------------------------------------------------------------------------

wrapping first mol.:       24.41842       34.53285       59.81265
wrapping first mol.:       24.41842       34.53285       59.81265

 NSTEP =     5000   TIME(PS) =     650.000  TEMP(K) =   301.29  PRESS =   266.7
 Etot   =    -70858.5916  EKtot   =     18367.0684  EPtot      =    -89225.6600
 BOND   =       588.9071  ANGLE   =      1606.8738  DIHED      =      2530.9514
 1-4 NB =       719.4386  1-4 EEL =      8405.8696  VDWAALS    =     10680.2702
 EELEC  =   -114007.1187  EHBOND  =         0.0000  RESTRAINT  =       249.1480
 EAMBER (non-restraint)  =    -89474.8079
 EKCMT  =      8051.1930  VIRIAL  =      6308.7807  VOLUME     =    302610.3877
                                                    Density    =         1.0016
 ------------------------------------------------------------------------------

wrapping first mol.:       24.42518       34.54242       59.82923
wrapping first mol.:       24.42518       34.54242       59.82923

 NSTEP =     5500   TIME(PS) =     651.000  TEMP(K) =   298.83  PRESS =   -44.7
 Etot   =    -71136.8646  EKtot   =     18216.8203  EPtot      =    -89353.6849
 BOND   =       554.9384  ANGLE   =      1569.8171  DIHED      =      2521.8809
 1-4 NB =       717.6588  1-4 EEL =      8427.7589  VDWAALS    =     10517.5942
 EELEC  =   -113901.9554  EHBOND  =         0.0000  RESTRAINT  =       238.6222
 EAMBER (non-restraint)  =    -89592.3071
 EKCMT  =      7963.4046  VIRIAL  =      8255.9552  VOLUME     =    302870.4286
                                                    Density    =         1.0008
 ------------------------------------------------------------------------------

wrapping first mol.:       24.42654       34.54435       59.83256
wrapping first mol.:       24.42654       34.54435       59.83256

 NSTEP =     6000   TIME(PS) =     652.000  TEMP(K) =   300.24  PRESS =   184.4
 Etot   =    -70842.3559  EKtot   =     18303.0059  EPtot      =    -89145.3618
 BOND   =       569.2782  ANGLE   =      1611.2374  DIHED      =      2472.6747
 1-4 NB =       743.2864  1-4 EEL =      8459.3334  VDWAALS    =     10662.0300
 EELEC  =   -113948.9204  EHBOND  =         0.0000  RESTRAINT  =       285.7185
 EAMBER (non-restraint)  =    -89431.0803
 EKCMT  =      8083.3549  VIRIAL  =      6877.1265  VOLUME     =    302914.9175
                                                    Density    =         1.0006
 ------------------------------------------------------------------------------

wrapping first mol.:       24.41938       34.53421       59.81500
wrapping first mol.:       24.41938       34.53421       59.81500

 NSTEP =     6500   TIME(PS) =     653.000  TEMP(K) =   303.32  PRESS =   -53.4
 Etot   =    -70773.1271  EKtot   =     18490.5332  EPtot      =    -89263.6603
 BOND   =       566.3960  ANGLE   =      1570.7102  DIHED      =      2514.8151
 1-4 NB =       702.2958  1-4 EEL =      8422.4621  VDWAALS    =     10655.9701
 EELEC  =   -113987.6234  EHBOND  =         0.0000  RESTRAINT  =       291.3138
 EAMBER (non-restraint)  =    -89554.9741
 EKCMT  =      8078.1925  VIRIAL  =      8427.3778  VOLUME     =    302654.7221
                                                    Density    =         1.0015
 ------------------------------------------------------------------------------

wrapping first mol.:       24.40854       34.51889       59.78847
wrapping first mol.:       24.40854       34.51889       59.78847

 NSTEP =     7000   TIME(PS) =     654.000  TEMP(K) =   301.97  PRESS =  -446.1
 Etot   =    -70610.2748  EKtot   =     18408.3320  EPtot      =    -89018.6069
 BOND   =       605.5588  ANGLE   =      1624.6447  DIHED      =      2512.6274
 1-4 NB =       721.1679  1-4 EEL =      8413.8637  VDWAALS    =     10248.5498
 EELEC  =   -113422.1725  EHBOND  =         0.0000  RESTRAINT  =       277.1533
 EAMBER (non-restraint)  =    -89295.7602
 EKCMT  =      8021.4612  VIRIAL  =     10933.0277  VOLUME     =    302262.7514
                                                    Density    =         1.0028
 ------------------------------------------------------------------------------

wrapping first mol.:       24.41342       34.52579       59.80043
wrapping first mol.:       24.41342       34.52579       59.80043

 NSTEP =     7500   TIME(PS) =     655.000  TEMP(K) =   299.09  PRESS =   100.3
 Etot   =    -70872.0693  EKtot   =     18232.9688  EPtot      =    -89105.0381
 BOND   =       559.3434  ANGLE   =      1630.7814  DIHED      =      2500.2733
 1-4 NB =       703.9631  1-4 EEL =      8453.0752  VDWAALS    =     10569.7977
 EELEC  =   -113785.0348  EHBOND  =         0.0000  RESTRAINT  =       262.7627
 EAMBER (non-restraint)  =    -89367.8008
 EKCMT  =      7898.4085  VIRIAL  =      7243.4389  VOLUME     =    302429.3455
                                                    Density    =         1.0022
 ------------------------------------------------------------------------------

wrapping first mol.:       24.40924       34.51988       59.79018
wrapping first mol.:       24.40924       34.51988       59.79018

 NSTEP =     8000   TIME(PS) =     656.000  TEMP(K) =   300.79  PRESS =    15.5
 Etot   =    -71064.3622  EKtot   =     18336.7422  EPtot      =    -89401.1044
 BOND   =       550.4626  ANGLE   =      1604.9066  DIHED      =      2511.2272
 1-4 NB =       714.1315  1-4 EEL =      8476.6837  VDWAALS    =     10626.6558
 EELEC  =   -114158.2679  EHBOND  =         0.0000  RESTRAINT  =       273.0963
 EAMBER (non-restraint)  =    -89674.2007
 EKCMT  =      7978.5050  VIRIAL  =      7877.2348  VOLUME     =    302276.2892
                                                    Density    =         1.0027
 ------------------------------------------------------------------------------

wrapping first mol.:       24.41493       34.52792       59.80411
wrapping first mol.:       24.41493       34.52792       59.80411

 NSTEP =     8500   TIME(PS) =     657.000  TEMP(K) =   298.35  PRESS =    85.7
 Etot   =    -71175.7449  EKtot   =     18187.9551  EPtot      =    -89363.7000
 BOND   =       607.3527  ANGLE   =      1586.2737  DIHED      =      2472.3777
 1-4 NB =       706.8238  1-4 EEL =      8388.7214  VDWAALS    =     10763.0393
 EELEC  =   -114147.2359  EHBOND  =         0.0000  RESTRAINT  =       258.9471
 EAMBER (non-restraint)  =    -89622.6472
 EKCMT  =      7939.8604  VIRIAL  =      7379.9410  VOLUME     =    302485.6933
                                                    Density    =         1.0020
 ------------------------------------------------------------------------------

wrapping first mol.:       24.40664       34.51620       59.78381
wrapping first mol.:       24.40664       34.51620       59.78381

 NSTEP =     9000   TIME(PS) =     658.000  TEMP(K) =   301.30  PRESS =  -173.1
 Etot   =    -71011.5443  EKtot   =     18367.6914  EPtot      =    -89379.2357
 BOND   =       570.6735  ANGLE   =      1614.9581  DIHED      =      2498.3361
 1-4 NB =       719.1959  1-4 EEL =      8376.5441  VDWAALS    =     10608.9199
 EELEC  =   -114042.5492  EHBOND  =         0.0000  RESTRAINT  =       274.6859
 EAMBER (non-restraint)  =    -89653.9216
 EKCMT  =      7934.0550  VIRIAL  =      9063.1489  VOLUME     =    302184.6836
                                                    Density    =         1.0030
 ------------------------------------------------------------------------------

wrapping first mol.:       24.40171       34.50923       59.77173
wrapping first mol.:       24.40171       34.50923       59.77173

 NSTEP =     9500   TIME(PS) =     659.000  TEMP(K) =   300.30  PRESS =    28.3
 Etot   =    -70969.7642  EKtot   =     18306.4297  EPtot      =    -89276.1939
 BOND   =       559.2092  ANGLE   =      1611.0314  DIHED      =      2499.5180
 1-4 NB =       714.5158  1-4 EEL =      8391.6829  VDWAALS    =     10816.7289
 EELEC  =   -114147.0505  EHBOND  =         0.0000  RESTRAINT  =       278.1706
 EAMBER (non-restraint)  =    -89554.3644
 EKCMT  =      8058.9430  VIRIAL  =      7874.5240  VOLUME     =    301996.1042
                                                    Density    =         1.0037
 ------------------------------------------------------------------------------

wrapping first mol.:       24.40248       34.51031       59.77361
wrapping first mol.:       24.40248       34.51031       59.77361

 NSTEP =    10000   TIME(PS) =     660.000  TEMP(K) =   303.17  PRESS =   132.4
 Etot   =    -70708.2347  EKtot   =     18481.7246  EPtot      =    -89189.9593
 BOND   =       573.1869  ANGLE   =      1599.1376  DIHED      =      2514.5554
 1-4 NB =       695.4445  1-4 EEL =      8419.4271  VDWAALS    =     10565.8761
 EELEC  =   -113835.4665  EHBOND  =         0.0000  RESTRAINT  =       277.8796
 EAMBER (non-restraint)  =    -89467.8389
 EKCMT  =      8019.1358  VIRIAL  =      7155.5783  VOLUME     =    302021.8607
                                                    Density    =         1.0036
 ------------------------------------------------------------------------------

wrapping first mol.:       24.41930       34.53410       59.81481
wrapping first mol.:       24.41930       34.53410       59.81481

 NSTEP =    10500   TIME(PS) =     661.000  TEMP(K) =   300.06  PRESS =    14.0
 Etot   =    -70574.5037  EKtot   =     18291.8047  EPtot      =    -88866.3084
 BOND   =       605.2863  ANGLE   =      1638.7359  DIHED      =      2497.2803
 1-4 NB =       723.3950  1-4 EEL =      8424.0104  VDWAALS    =     10643.8798
 EELEC  =   -113676.8180  EHBOND  =         0.0000  RESTRAINT  =       277.9219
 EAMBER (non-restraint)  =    -89144.2303
 EKCMT  =      7924.1915  VIRIAL  =      7832.6036  VOLUME     =    302649.9378
                                                    Density    =         1.0015
 ------------------------------------------------------------------------------

wrapping first mol.:       24.43160       34.55150       59.84494
wrapping first mol.:       24.43160       34.55150       59.84494

 NSTEP =    11000   TIME(PS) =     662.000  TEMP(K) =   301.08  PRESS =  -103.5
 Etot   =    -70785.9562  EKtot   =     18354.2754  EPtot      =    -89140.2316
 BOND   =       556.8756  ANGLE   =      1585.5809  DIHED      =      2512.5149
 1-4 NB =       728.4324  1-4 EEL =      8431.6670  VDWAALS    =     10541.1961
 EELEC  =   -113753.9604  EHBOND  =         0.0000  RESTRAINT  =       257.4620
 EAMBER (non-restraint)  =    -89397.6935
 EKCMT  =      7940.4065  VIRIAL  =      8617.7728  VOLUME     =    303110.7845
                                                    Density    =         1.0000
 ------------------------------------------------------------------------------

wrapping first mol.:       24.42792       34.54629       59.83593
wrapping first mol.:       24.42792       34.54629       59.83593

 NSTEP =    11500   TIME(PS) =     663.000  TEMP(K) =   297.71  PRESS =   362.5
 Etot   =    -70902.5714  EKtot   =     18148.8047  EPtot      =    -89051.3761
 BOND   =       595.0854  ANGLE   =      1614.7228  DIHED      =      2491.5408
 1-4 NB =       703.9006  1-4 EEL =      8390.1989  VDWAALS    =     10968.3948
 EELEC  =   -114067.6800  EHBOND  =         0.0000  RESTRAINT  =       252.4606
 EAMBER (non-restraint)  =    -89303.8366
 EKCMT  =      8005.7210  VIRIAL  =      5634.4399  VOLUME     =    302961.2884
                                                    Density    =         1.0005
 ------------------------------------------------------------------------------

wrapping first mol.:       24.42280       34.53905       59.82338
wrapping first mol.:       24.42280       34.53905       59.82338

 NSTEP =    12000   TIME(PS) =     664.000  TEMP(K) =   298.29  PRESS =   -41.6
 Etot   =    -71184.6428  EKtot   =     18184.2656  EPtot      =    -89368.9085
 BOND   =       550.6085  ANGLE   =      1626.6989  DIHED      =      2495.4052
 1-4 NB =       719.7175  1-4 EEL =      8446.0346  VDWAALS    =     10625.4806
 EELEC  =   -114087.6198  EHBOND  =         0.0000  RESTRAINT  =       254.7659
 EAMBER (non-restraint)  =    -89623.6744
 EKCMT  =      7908.2969  VIRIAL  =      8180.5043  VOLUME     =    302781.6310
                                                    Density    =         1.0011
 ------------------------------------------------------------------------------

wrapping first mol.:       24.42116       34.53673       59.81936
wrapping first mol.:       24.42116       34.53673       59.81936

 NSTEP =    12500   TIME(PS) =     665.000  TEMP(K) =   300.52  PRESS =    49.2
 Etot   =    -70841.5925  EKtot   =     18320.0234  EPtot      =    -89161.6160
 BOND   =       570.6371  ANGLE   =      1560.5167  DIHED      =      2487.2136
 1-4 NB =       709.7583  1-4 EEL =      8415.0104  VDWAALS    =     10617.5690
 EELEC  =   -113782.4175  EHBOND  =         0.0000  RESTRAINT  =       260.0965
 EAMBER (non-restraint)  =    -89421.7125
 EKCMT  =      7942.1526  VIRIAL  =      7620.3814  VOLUME     =    302718.1299
                                                    Density    =         1.0013
 ------------------------------------------------------------------------------

wrapping first mol.:       24.41670       34.53043       59.80845
wrapping first mol.:       24.41670       34.53043       59.80845

 NSTEP =    13000   TIME(PS) =     666.000  TEMP(K) =   299.44  PRESS =   132.2
 Etot   =    -70901.2585  EKtot   =     18253.8887  EPtot      =    -89155.1472
 BOND   =       537.9846  ANGLE   =      1594.6599  DIHED      =      2497.5756
 1-4 NB =       709.5539  1-4 EEL =      8416.7238  VDWAALS    =     10690.2525
 EELEC  =   -113853.6540  EHBOND  =         0.0000  RESTRAINT  =       251.7565
 EAMBER (non-restraint)  =    -89406.9037
 EKCMT  =      8006.3903  VIRIAL  =      7142.8197  VOLUME     =    302550.2114
                                                    Density    =         1.0018
 ------------------------------------------------------------------------------

wrapping first mol.:       24.40609       34.51543       59.78247
wrapping first mol.:       24.40609       34.51543       59.78247

 NSTEP =    13500   TIME(PS) =     667.000  TEMP(K) =   301.52  PRESS =  -105.7
 Etot   =    -70953.6655  EKtot   =     18380.8477  EPtot      =    -89334.5132
 BOND   =       593.8107  ANGLE   =      1580.9991  DIHED      =      2502.3429
 1-4 NB =       716.0964  1-4 EEL =      8394.6182  VDWAALS    =     10590.2485
 EELEC  =   -113984.3512  EHBOND  =         0.0000  RESTRAINT  =       271.7222
 EAMBER (non-restraint)  =    -89606.2354
 EKCMT  =      7955.3064  VIRIAL  =      8645.0500  VOLUME     =    302162.5668
                                                    Density    =         1.0031
 ------------------------------------------------------------------------------

wrapping first mol.:       24.40539       34.51443       59.78074
wrapping first mol.:       24.40539       34.51443       59.78074

 NSTEP =    14000   TIME(PS) =     668.000  TEMP(K) =   301.62  PRESS =    68.7
 Etot   =    -70817.2169  EKtot   =     18386.8457  EPtot      =    -89204.0626
 BOND   =       544.7345  ANGLE   =      1590.0593  DIHED      =      2504.3961
 1-4 NB =       714.9395  1-4 EEL =      8425.1833  VDWAALS    =     10675.0093
 EELEC  =   -113926.5690  EHBOND  =         0.0000  RESTRAINT  =       268.1844
 EAMBER (non-restraint)  =    -89472.2469
 EKCMT  =      7984.3676  VIRIAL  =      7536.5285  VOLUME     =    302131.6713
                                                    Density    =         1.0032
 ------------------------------------------------------------------------------

wrapping first mol.:       24.40578       34.51498       59.78170
wrapping first mol.:       24.40578       34.51498       59.78170

 NSTEP =    14500   TIME(PS) =     669.000  TEMP(K) =   298.29  PRESS =    88.5
 Etot   =    -71333.6039  EKtot   =     18184.2559  EPtot      =    -89517.8598
 BOND   =       566.1195  ANGLE   =      1575.7431  DIHED      =      2496.5207
 1-4 NB =       710.3104  1-4 EEL =      8429.0724  VDWAALS    =     10714.4921
 EELEC  =   -114258.6355  EHBOND  =         0.0000  RESTRAINT  =       248.5175
 EAMBER (non-restraint)  =    -89766.3773
 EKCMT  =      7869.6702  VIRIAL  =      7292.1524  VOLUME     =    302145.6219
                                                    Density    =         1.0032
 ------------------------------------------------------------------------------

wrapping first mol.:       24.40353       34.51180       59.77619
wrapping first mol.:       24.40353       34.51180       59.77619

 NSTEP =    15000   TIME(PS) =     670.000  TEMP(K) =   301.10  PRESS =  -140.5
 Etot   =    -71254.8334  EKtot   =     18355.0879  EPtot      =    -89609.9213
 BOND   =       575.0171  ANGLE   =      1561.5147  DIHED      =      2471.8099
 1-4 NB =       719.3894  1-4 EEL =      8439.2900  VDWAALS    =     10587.9078
 EELEC  =   -114218.1202  EHBOND  =         0.0000  RESTRAINT  =       253.2700
 EAMBER (non-restraint)  =    -89863.1913
 EKCMT  =      8004.5428  VIRIAL  =      8921.0946  VOLUME     =    302068.3373
                                                    Density    =         1.0034
 ------------------------------------------------------------------------------

wrapping first mol.:       24.40078       34.50791       59.76944
wrapping first mol.:       24.40078       34.50791       59.76944

 NSTEP =    15500   TIME(PS) =     671.000  TEMP(K) =   297.83  PRESS =   123.3
 Etot   =    -71243.6982  EKtot   =     18156.1172  EPtot      =    -89399.8154
 BOND   =       576.8466  ANGLE   =      1664.1683  DIHED      =      2511.3069
 1-4 NB =       708.7128  1-4 EEL =      8407.7506  VDWAALS    =     10713.1834
 EELEC  =   -114251.4759  EHBOND  =         0.0000  RESTRAINT  =       269.6919
 EAMBER (non-restraint)  =    -89669.5073
 EKCMT  =      7878.6510  VIRIAL  =      7074.8288  VOLUME     =    301958.8856
                                                    Density    =         1.0038
 ------------------------------------------------------------------------------

wrapping first mol.:       24.39422       34.49864       59.75339
wrapping first mol.:       24.39422       34.49864       59.75339

 NSTEP =    16000   TIME(PS) =     672.000  TEMP(K) =   297.72  PRESS =     1.4
 Etot   =    -71055.8515  EKtot   =     18149.3008  EPtot      =    -89205.1523
 BOND   =       560.3356  ANGLE   =      1610.7366  DIHED      =      2483.8943
 1-4 NB =       699.7829  1-4 EEL =      8374.2879  VDWAALS    =     10484.6725
 EELEC  =   -113684.3097  EHBOND  =         0.0000  RESTRAINT  =       265.4476
 EAMBER (non-restraint)  =    -89470.5999
 EKCMT  =      8016.4535  VIRIAL  =      8007.0704  VOLUME     =    301718.9239
                                                    Density    =         1.0046
 ------------------------------------------------------------------------------

wrapping first mol.:       24.40776       34.51778       59.78654
wrapping first mol.:       24.40776       34.51778       59.78654

 NSTEP =    16500   TIME(PS) =     673.000  TEMP(K) =   303.77  PRESS =   -11.2
 Etot   =    -70624.2891  EKtot   =     18518.3730  EPtot      =    -89142.6621
 BOND   =       619.0978  ANGLE   =      1630.3441  DIHED      =      2476.6780
 1-4 NB =       707.8618  1-4 EEL =      8418.6517  VDWAALS    =     10648.2586
 EELEC  =   -113908.1860  EHBOND  =         0.0000  RESTRAINT  =       264.6319
 EAMBER (non-restraint)  =    -89407.2940
 EKCMT  =      8124.9713  VIRIAL  =      8197.8144  VOLUME     =    302221.7462
                                                    Density    =         1.0029
 ------------------------------------------------------------------------------

wrapping first mol.:       24.41346       34.52585       59.80052
wrapping first mol.:       24.41346       34.52585       59.80052

 NSTEP =    17000   TIME(PS) =     674.000  TEMP(K) =   296.66  PRESS =    72.9
 Etot   =    -71014.1092  EKtot   =     18084.7422  EPtot      =    -89098.8514
 BOND   =       574.1862  ANGLE   =      1653.5346  DIHED      =      2483.5454
 1-4 NB =       715.1388  1-4 EEL =      8422.7212  VDWAALS    =     10570.6160
 EELEC  =   -113779.0474  EHBOND  =         0.0000  RESTRAINT  =       260.4539
 EAMBER (non-restraint)  =    -89359.3053
 EKCMT  =      7954.9336  VIRIAL  =      7478.5933  VOLUME     =    302431.5169
                                                    Density    =         1.0022
 ------------------------------------------------------------------------------

wrapping first mol.:       24.42068       34.53606       59.81820
wrapping first mol.:       24.42068       34.53606       59.81820

 NSTEP =    17500   TIME(PS) =     675.000  TEMP(K) =   298.44  PRESS =  -142.4
 Etot   =    -70968.0697  EKtot   =     18192.9199  EPtot      =    -89160.9897
 BOND   =       565.4726  ANGLE   =      1587.1995  DIHED      =      2521.2114
 1-4 NB =       702.1925  1-4 EEL =      8472.2617  VDWAALS    =     10592.8287
 EELEC  =   -113875.9187  EHBOND  =         0.0000  RESTRAINT  =       273.7627
 EAMBER (non-restraint)  =    -89434.7523
 EKCMT  =      7892.8291  VIRIAL  =      8823.8019  VOLUME     =    302705.7275
                                                    Density    =         1.0013
 ------------------------------------------------------------------------------

wrapping first mol.:       24.42208       34.53803       59.82162
wrapping first mol.:       24.42208       34.53803       59.82162

 NSTEP =    18000   TIME(PS) =     676.000  TEMP(K) =   301.23  PRESS =   244.9
 Etot   =    -70918.2200  EKtot   =     18363.3457  EPtot      =    -89281.5657
 BOND   =       584.4418  ANGLE   =      1616.0719  DIHED      =      2485.6524
 1-4 NB =       708.0747  1-4 EEL =      8421.4643  VDWAALS    =     10793.7528
 EELEC  =   -114140.5937  EHBOND  =         0.0000  RESTRAINT  =       249.5700
 EAMBER (non-restraint)  =    -89531.1357
 EKCMT  =      8054.1078  VIRIAL  =      6453.0151  VOLUME     =    302747.1880
                                                    Density    =         1.0012
 ------------------------------------------------------------------------------

wrapping first mol.:       24.41264       34.52469       59.79850
wrapping first mol.:       24.41264       34.52469       59.79850

 NSTEP =    18500   TIME(PS) =     677.000  TEMP(K) =   299.99  PRESS =   222.5
 Etot   =    -70994.0146  EKtot   =     18287.6074  EPtot      =    -89281.6220
 BOND   =       573.7735  ANGLE   =      1616.9916  DIHED      =      2510.9971
 1-4 NB =       691.9504  1-4 EEL =      8409.8104  VDWAALS    =     10806.9842
 EELEC  =   -114165.2142  EHBOND  =         0.0000  RESTRAINT  =       273.0849
 EAMBER (non-restraint)  =    -89554.7069
 EKCMT  =      7967.5612  VIRIAL  =      6514.8573  VOLUME     =    302396.9008
                                                    Density    =         1.0023
 ------------------------------------------------------------------------------

wrapping first mol.:       24.43386       34.55469       59.85048
wrapping first mol.:       24.43386       34.55469       59.85048

 NSTEP =    19000   TIME(PS) =     678.000  TEMP(K) =   300.69  PRESS =    59.3
 Etot   =    -70657.4299  EKtot   =     18330.3398  EPtot      =    -88987.7698
 BOND   =       542.8225  ANGLE   =      1587.8766  DIHED      =      2508.1667
 1-4 NB =       712.3511  1-4 EEL =      8391.9725  VDWAALS    =     10542.6812
 EELEC  =   -113536.0400  EHBOND  =         0.0000  RESTRAINT  =       262.3997
 EAMBER (non-restraint)  =    -89250.1694
 EKCMT  =      7946.7752  VIRIAL  =      7558.5818  VOLUME     =    303190.4737
                                                    Density    =         0.9997
 ------------------------------------------------------------------------------

wrapping first mol.:       24.42698       34.54497       59.83363
wrapping first mol.:       24.42698       34.54497       59.83363

 NSTEP =    19500   TIME(PS) =     679.000  TEMP(K) =   298.58  PRESS =   176.3
 Etot   =    -70948.6097  EKtot   =     18201.9785  EPtot      =    -89150.5882
 BOND   =       615.2938  ANGLE   =      1614.0131  DIHED      =      2496.2603
 1-4 NB =       720.3224  1-4 EEL =      8450.5710  VDWAALS    =     10813.2997
 EELEC  =   -114136.6573  EHBOND  =         0.0000  RESTRAINT  =       276.3088
 EAMBER (non-restraint)  =    -89426.8971
 EKCMT  =      7822.2254  VIRIAL  =      6669.3207  VOLUME     =    302931.3882
                                                    Density    =         1.0006
 ------------------------------------------------------------------------------

wrapping first mol.:       24.42791       34.54629       59.83592
wrapping first mol.:       24.42791       34.54629       59.83592

 NSTEP =    20000   TIME(PS) =     680.000  TEMP(K) =   300.59  PRESS =    93.1
 Etot   =    -70826.8097  EKtot   =     18324.1074  EPtot      =    -89150.9171
 BOND   =       596.2906  ANGLE   =      1636.0401  DIHED      =      2512.4500
 1-4 NB =       707.4019  1-4 EEL =      8400.7441  VDWAALS    =     10647.0993
 EELEC  =   -113907.5471  EHBOND  =         0.0000  RESTRAINT  =       256.6041
 EAMBER (non-restraint)  =    -89407.5212
 EKCMT  =      8065.6464  VIRIAL  =      7456.5064  VOLUME     =    302968.3280
                                                    Density    =         1.0004
 ------------------------------------------------------------------------------

wrapping first mol.:       24.43799       34.56054       59.86061
wrapping first mol.:       24.43799       34.56054       59.86061

 NSTEP =    20500   TIME(PS) =     681.000  TEMP(K) =   302.88  PRESS =   192.1
 Etot   =    -70908.5834  EKtot   =     18463.9531  EPtot      =    -89372.5366
 BOND   =       592.7942  ANGLE   =      1539.3423  DIHED      =      2520.8295
 1-4 NB =       719.2312  1-4 EEL =      8412.8661  VDWAALS    =     10808.1240
 EELEC  =   -114213.1072  EHBOND  =         0.0000  RESTRAINT  =       247.3835
 EAMBER (non-restraint)  =    -89619.9201
 EKCMT  =      8089.2502  VIRIAL  =      6830.9769  VOLUME     =    303340.8541
                                                    Density    =         0.9992
 ------------------------------------------------------------------------------

wrapping first mol.:       24.43696       34.55908       59.85808
wrapping first mol.:       24.43696       34.55908       59.85808

 NSTEP =    21000   TIME(PS) =     682.000  TEMP(K) =   300.00  PRESS =   130.5
 Etot   =    -70773.6955  EKtot   =     18288.3848  EPtot      =    -89062.0803
 BOND   =       593.4023  ANGLE   =      1616.7793  DIHED      =      2500.2401
 1-4 NB =       704.7473  1-4 EEL =      8417.5353  VDWAALS    =     10704.6194
 EELEC  =   -113861.9104  EHBOND  =         0.0000  RESTRAINT  =       262.5064
 EAMBER (non-restraint)  =    -89324.5867
 EKCMT  =      7978.8767  VIRIAL  =      7124.3432  VOLUME     =    303304.1390
                                                    Density    =         0.9993
 ------------------------------------------------------------------------------

wrapping first mol.:       24.43281       34.55321       59.84792
wrapping first mol.:       24.43281       34.55321       59.84792

 NSTEP =    21500   TIME(PS) =     683.000  TEMP(K) =   301.16  PRESS =   -87.0
 Etot   =    -70816.2485  EKtot   =     18358.8984  EPtot      =    -89175.1470
 BOND   =       591.4001  ANGLE   =      1618.4143  DIHED      =      2521.9983
 1-4 NB =       713.4375  1-4 EEL =      8364.4511  VDWAALS    =     10639.2028
 EELEC  =   -113879.3125  EHBOND  =         0.0000  RESTRAINT  =       255.2614
 EAMBER (non-restraint)  =    -89430.4083
 EKCMT  =      8039.9931  VIRIAL  =      8609.3363  VOLUME     =    303155.5268
                                                    Density    =         0.9998
 ------------------------------------------------------------------------------

wrapping first mol.:       24.44194       34.56612       59.87028
wrapping first mol.:       24.44194       34.56612       59.87028

 NSTEP =    22000   TIME(PS) =     684.000  TEMP(K) =   301.45  PRESS =  -271.7
 Etot   =    -70823.7827  EKtot   =     18376.9688  EPtot      =    -89200.7514
 BOND   =       569.8802  ANGLE   =      1628.5615  DIHED      =      2488.7838
 1-4 NB =       707.1098  1-4 EEL =      8364.2704  VDWAALS    =     10401.5745
 EELEC  =   -113639.3905  EHBOND  =         0.0000  RESTRAINT  =       278.4588
 EAMBER (non-restraint)  =    -89479.2103
 EKCMT  =      7912.5312  VIRIAL  =      9692.8117  VOLUME     =    303500.4417
                                                    Density    =         0.9987
 ------------------------------------------------------------------------------

wrapping first mol.:       24.42130       34.53694       59.81972
wrapping first mol.:       24.42130       34.53694       59.81972

 NSTEP =    22500   TIME(PS) =     685.000  TEMP(K) =   298.49  PRESS =   167.3
 Etot   =    -70908.1995  EKtot   =     18196.2383  EPtot      =    -89104.4377
 BOND   =       588.6588  ANGLE   =      1660.0612  DIHED      =      2498.1601
 1-4 NB =       712.6607  1-4 EEL =      8393.2425  VDWAALS    =     10661.0556
 EELEC  =   -113881.6539  EHBOND  =         0.0000  RESTRAINT  =       263.3772
 EAMBER (non-restraint)  =    -89367.8149
 EKCMT  =      7958.3645  VIRIAL  =      6864.7418  VOLUME     =    302720.4087
                                                    Density    =         1.0013
 ------------------------------------------------------------------------------

wrapping first mol.:       24.40869       34.51910       59.78883
wrapping first mol.:       24.40869       34.51910       59.78883

 NSTEP =    23000   TIME(PS) =     686.000  TEMP(K) =   301.06  PRESS =    40.0
 Etot   =    -70749.9058  EKtot   =     18353.1270  EPtot      =    -89103.0328
 BOND   =       570.7217  ANGLE   =      1574.6607  DIHED      =      2477.5519
 1-4 NB =       738.3834  1-4 EEL =      8449.7806  VDWAALS    =     10741.1067
 EELEC  =   -113943.2077  EHBOND  =         0.0000  RESTRAINT  =       287.9700
 EAMBER (non-restraint)  =    -89391.0027
 EKCMT  =      7995.2196  VIRIAL  =      7734.4309  VOLUME     =    302255.0479
                                                    Density    =         1.0028
 ------------------------------------------------------------------------------

wrapping first mol.:       24.41333       34.52567       59.80020
wrapping first mol.:       24.41333       34.52567       59.80020

 NSTEP =    23500   TIME(PS) =     687.000  TEMP(K) =   302.19  PRESS =  -171.9
 Etot   =    -70914.9423  EKtot   =     18421.9473  EPtot      =    -89336.8896
 BOND   =       571.7124  ANGLE   =      1557.8565  DIHED      =      2504.4644
 1-4 NB =       713.8744  1-4 EEL =      8432.8866  VDWAALS    =     10420.5140
 EELEC  =   -113797.3090  EHBOND  =         0.0000  RESTRAINT  =       259.1112
 EAMBER (non-restraint)  =    -89596.0008
 EKCMT  =      8057.5123  VIRIAL  =      9179.8703  VOLUME     =    302433.3272
                                                    Density    =         1.0022
 ------------------------------------------------------------------------------

wrapping first mol.:       24.40432       34.51292       59.77813
wrapping first mol.:       24.40432       34.51292       59.77813

 NSTEP =    24000   TIME(PS) =     688.000  TEMP(K) =   300.84  PRESS =   -60.6
 Etot   =    -70757.7488  EKtot   =     18339.6367  EPtot      =    -89097.3855
 BOND   =       587.7266  ANGLE   =      1581.8897  DIHED      =      2501.3152
 1-4 NB =       710.5448  1-4 EEL =      8410.0053  VDWAALS    =     10632.4940
 EELEC  =   -113785.8301  EHBOND  =         0.0000  RESTRAINT  =       264.4689
 EAMBER (non-restraint)  =    -89361.8544
 EKCMT  =      8011.0400  VIRIAL  =      8406.6187  VOLUME     =    302095.4754
                                                    Density    =         1.0033
 ------------------------------------------------------------------------------

wrapping first mol.:       24.40346       34.51170       59.77601
wrapping first mol.:       24.40346       34.51170       59.77601

 NSTEP =    24500   TIME(PS) =     689.000  TEMP(K) =   299.57  PRESS =   -81.1
 Etot   =    -71056.1241  EKtot   =     18262.3906  EPtot      =    -89318.5147
 BOND   =       559.4705  ANGLE   =      1600.8079  DIHED      =      2483.4284
 1-4 NB =       719.2629  1-4 EEL =      8448.8977  VDWAALS    =     10505.7316
 EELEC  =   -113893.7832  EHBOND  =         0.0000  RESTRAINT  =       257.6694
 EAMBER (non-restraint)  =    -89576.1841
 EKCMT  =      7917.2941  VIRIAL  =      8446.0666  VOLUME     =    302063.9815
                                                    Density    =         1.0034
 ------------------------------------------------------------------------------

wrapping first mol.:       24.39737       34.50309       59.76111
wrapping first mol.:       24.39737       34.50309       59.76111

 NSTEP =    25000   TIME(PS) =     690.000  TEMP(K) =   298.26  PRESS =    73.0
 Etot   =    -71034.7809  EKtot   =     18182.0391  EPtot      =    -89216.8200
 BOND   =       584.8096  ANGLE   =      1604.1411  DIHED      =      2470.4627
 1-4 NB =       694.1427  1-4 EEL =      8403.0299  VDWAALS    =     10632.4103
 EELEC  =   -113879.5683  EHBOND  =         0.0000  RESTRAINT  =       273.7521
 EAMBER (non-restraint)  =    -89490.5721
 EKCMT  =      7894.4685  VIRIAL  =      7418.6185  VOLUME     =    301833.9277
                                                    Density    =         1.0042
 ------------------------------------------------------------------------------

wrapping first mol.:       24.41249       34.52448       59.79814
wrapping first mol.:       24.41249       34.52448       59.79814

 NSTEP =    25500   TIME(PS) =     691.000  TEMP(K) =   300.55  PRESS =     2.1
 Etot   =    -70777.9094  EKtot   =     18321.6641  EPtot      =    -89099.5735
 BOND   =       584.2215  ANGLE   =      1663.1069  DIHED      =      2491.1411
 1-4 NB =       707.2029  1-4 EEL =      8411.7866  VDWAALS    =     10579.2543
 EELEC  =   -113806.7418  EHBOND  =         0.0000  RESTRAINT  =       270.4552
 EAMBER (non-restraint)  =    -89370.0287
 EKCMT  =      8008.3357  VIRIAL  =      7994.3245  VOLUME     =    302397.3345
                                                    Density    =         1.0023
 ------------------------------------------------------------------------------

wrapping first mol.:       24.40260       34.51048       59.77390
wrapping first mol.:       24.40260       34.51048       59.77390

 NSTEP =    26000   TIME(PS) =     692.000  TEMP(K) =   300.06  PRESS =     0.1
 Etot   =    -70859.1686  EKtot   =     18292.2715  EPtot      =    -89151.4401
 BOND   =       600.2282  ANGLE   =      1559.5805  DIHED      =      2497.9746
 1-4 NB =       721.7192  1-4 EEL =      8398.7637  VDWAALS    =     10622.8919
 EELEC  =   -113817.3893  EHBOND  =         0.0000  RESTRAINT  =       264.7912
 EAMBER (non-restraint)  =    -89416.2313
 EKCMT  =      7979.1753  VIRIAL  =      7978.7246  VOLUME     =    302029.8131
                                                    Density    =         1.0036
 ------------------------------------------------------------------------------

wrapping first mol.:       24.40606       34.51538       59.78239
wrapping first mol.:       24.40606       34.51538       59.78239

 NSTEP =    26500   TIME(PS) =     693.000  TEMP(K) =   301.83  PRESS =    50.8
 Etot   =    -70987.7021  EKtot   =     18400.1191  EPtot      =    -89387.8212
 BOND   =       565.2027  ANGLE   =      1611.7411  DIHED      =      2492.8595
 1-4 NB =       719.2010  1-4 EEL =      8481.0838  VDWAALS    =     10678.0876
 EELEC  =   -114207.3576  EHBOND  =         0.0000  RESTRAINT  =       271.3606
 EAMBER (non-restraint)  =    -89659.1818
 EKCMT  =      7986.1140  VIRIAL  =      7654.6423  VOLUME     =    302157.1655
                                                    Density    =         1.0031
 ------------------------------------------------------------------------------

wrapping first mol.:       24.41635       34.52993       59.80760
wrapping first mol.:       24.41635       34.52993       59.80760

 NSTEP =    27000   TIME(PS) =     694.000  TEMP(K) =   300.33  PRESS =    -5.5
 Etot   =    -70930.0290  EKtot   =     18308.1855  EPtot      =    -89238.2146
 BOND   =       566.2208  ANGLE   =      1641.9690  DIHED      =      2504.7607
 1-4 NB =       702.1207  1-4 EEL =      8406.8958  VDWAALS    =     10591.2064
 EELEC  =   -113893.5895  EHBOND  =         0.0000  RESTRAINT  =       242.2016
 EAMBER (non-restraint)  =    -89480.4161
 EKCMT  =      7926.8260  VIRIAL  =      7962.5293  VOLUME     =    302541.0104
                                                    Density    =         1.0019
 ------------------------------------------------------------------------------

wrapping first mol.:       24.40555       34.51466       59.78114
wrapping first mol.:       24.40555       34.51466       59.78114

 NSTEP =    27500   TIME(PS) =     695.000  TEMP(K) =   297.23  PRESS =  -153.9
 Etot   =    -71135.0134  EKtot   =     18119.6582  EPtot      =    -89254.6716
 BOND   =       579.6235  ANGLE   =      1614.5499  DIHED      =      2484.8036
 1-4 NB =       700.9813  1-4 EEL =      8395.3322  VDWAALS    =     10650.4463
 EELEC  =   -113941.1588  EHBOND  =         0.0000  RESTRAINT  =       260.7505
 EAMBER (non-restraint)  =    -89515.4221
 EKCMT  =      7932.5027  VIRIAL  =      8936.1839  VOLUME     =    302143.7555
                                                    Density    =         1.0032
 ------------------------------------------------------------------------------

wrapping first mol.:       24.41355       34.52597       59.80073
wrapping first mol.:       24.41355       34.52597       59.80073

 NSTEP =    28000   TIME(PS) =     696.000  TEMP(K) =   301.93  PRESS =   -19.5
 Etot   =    -70936.9367  EKtot   =     18405.8242  EPtot      =    -89342.7609
 BOND   =       585.7699  ANGLE   =      1574.2559  DIHED      =      2479.8960
 1-4 NB =       708.6744  1-4 EEL =      8378.7465  VDWAALS    =     10775.9006
 EELEC  =   -114108.7719  EHBOND  =         0.0000  RESTRAINT  =       262.7676
 EAMBER (non-restraint)  =    -89605.5285
 EKCMT  =      8097.4810  VIRIAL  =      8225.1419  VOLUME     =    302437.2336
                                                    Density    =         1.0022
 ------------------------------------------------------------------------------

wrapping first mol.:       24.41508       34.52814       59.80448
wrapping first mol.:       24.41508       34.52814       59.80448

 NSTEP =    28500   TIME(PS) =     697.000  TEMP(K) =   300.08  PRESS =   224.9
 Etot   =    -71109.1608  EKtot   =     18293.3633  EPtot      =    -89402.5241
 BOND   =       569.2243  ANGLE   =      1604.5031  DIHED      =      2498.2147
 1-4 NB =       714.7058  1-4 EEL =      8396.8695  VDWAALS    =     10781.8282
 EELEC  =   -114208.1403  EHBOND  =         0.0000  RESTRAINT  =       240.2706
 EAMBER (non-restraint)  =    -89642.7947
 EKCMT  =      8055.6045  VIRIAL  =      6586.6153  VOLUME     =    302487.5558
                                                    Density    =         1.0020
 ------------------------------------------------------------------------------

wrapping first mol.:       24.40965       34.52046       59.79119
wrapping first mol.:       24.40965       34.52046       59.79119

 NSTEP =    29000   TIME(PS) =     698.000  TEMP(K) =   299.49  PRESS =  -226.6
 Etot   =    -71041.3341  EKtot   =     18257.4316  EPtot      =    -89298.7658
 BOND   =       549.3253  ANGLE   =      1565.2340  DIHED      =      2494.8768
 1-4 NB =       715.2982  1-4 EEL =      8422.1045  VDWAALS    =     10503.8303
 EELEC  =   -113807.0284  EHBOND  =         0.0000  RESTRAINT  =       257.5935
 EAMBER (non-restraint)  =    -89556.3593
 EKCMT  =      7936.3158  VIRIAL  =      9415.2594  VOLUME     =    302298.0300
                                                    Density    =         1.0027
 ------------------------------------------------------------------------------

wrapping first mol.:       24.40334       34.51153       59.77572
wrapping first mol.:       24.40334       34.51153       59.77572

 NSTEP =    29500   TIME(PS) =     699.000  TEMP(K) =   300.96  PRESS =   -37.5
 Etot   =    -71026.6688  EKtot   =     18346.9160  EPtot      =    -89373.5848
 BOND   =       573.7377  ANGLE   =      1615.9424  DIHED      =      2489.9255
 1-4 NB =       708.5466  1-4 EEL =      8407.0508  VDWAALS    =     10703.3643
 EELEC  =   -114120.7028  EHBOND  =         0.0000  RESTRAINT  =       248.5507
 EAMBER (non-restraint)  =    -89622.1355
 EKCMT  =      8062.3446  VIRIAL  =      8307.0320  VOLUME     =    302058.3460
                                                    Density    =         1.0035
 ------------------------------------------------------------------------------

wrapping first mol.:       24.41927       34.53406       59.81474
wrapping first mol.:       24.41927       34.53406       59.81474

 NSTEP =    30000   TIME(PS) =     700.000  TEMP(K) =   300.19  PRESS =    70.0
 Etot   =    -71046.5170  EKtot   =     18299.6719  EPtot      =    -89346.1888
 BOND   =       593.0337  ANGLE   =      1613.4133  DIHED      =      2479.3098
 1-4 NB =       711.3945  1-4 EEL =      8436.7449  VDWAALS    =     10586.1854
 EELEC  =   -114035.7746  EHBOND  =         0.0000  RESTRAINT  =       269.5042
 EAMBER (non-restraint)  =    -89615.6930
 EKCMT  =      8001.1678  VIRIAL  =      7543.7387  VOLUME     =    302647.4056
                                                    Density    =         1.0015
 ------------------------------------------------------------------------------

wrapping first mol.:       24.42035       34.53558       59.81738
wrapping first mol.:       24.42035       34.53558       59.81738

 NSTEP =    30500   TIME(PS) =     701.000  TEMP(K) =   297.87  PRESS =     0.3
 Etot   =    -71181.8068  EKtot   =     18158.3203  EPtot      =    -89340.1271
 BOND   =       589.8648  ANGLE   =      1591.7510  DIHED      =      2510.6800
 1-4 NB =       716.3950  1-4 EEL =      8449.6451  VDWAALS    =     10566.4759
 EELEC  =   -114030.4131  EHBOND  =         0.0000  RESTRAINT  =       265.4741
 EAMBER (non-restraint)  =    -89605.6012
 EKCMT  =      7913.9136  VIRIAL  =      7912.2096  VOLUME     =    302689.3301
                                                    Density    =         1.0014
 ------------------------------------------------------------------------------

wrapping first mol.:       24.40736       34.51722       59.78558
wrapping first mol.:       24.40736       34.51722       59.78558

 NSTEP =    31000   TIME(PS) =     702.000  TEMP(K) =   299.66  PRESS =  -177.7
 Etot   =    -70979.8128  EKtot   =     18267.7383  EPtot      =    -89247.5510
 BOND   =       574.7847  ANGLE   =      1567.2979  DIHED      =      2506.3451
 1-4 NB =       702.3082  1-4 EEL =      8404.5837  VDWAALS    =     10350.7538
 EELEC  =   -113625.1328  EHBOND  =         0.0000  RESTRAINT  =       271.5083
 EAMBER (non-restraint)  =    -89519.0594
 EKCMT  =      8044.0099  VIRIAL  =      9203.5163  VOLUME     =    302211.6761
                                                    Density    =         1.0030
 ------------------------------------------------------------------------------

wrapping first mol.:       24.40683       34.51647       59.78428
wrapping first mol.:       24.40683       34.51647       59.78428

 NSTEP =    31500   TIME(PS) =     703.000  TEMP(K) =   300.89  PRESS =    18.3
 Etot   =    -70853.2603  EKtot   =     18342.8438  EPtot      =    -89196.1040
 BOND   =       567.5178  ANGLE   =      1634.4239  DIHED      =      2509.5599
 1-4 NB =       688.5280  1-4 EEL =      8424.4565  VDWAALS    =     10528.8910
 EELEC  =   -113802.1777  EHBOND  =         0.0000  RESTRAINT  =       252.6964
 EAMBER (non-restraint)  =    -89448.8005
 EKCMT  =      7980.5833  VIRIAL  =      7861.3252  VOLUME     =    302186.6776
                                                    Density    =         1.0030
 ------------------------------------------------------------------------------

wrapping first mol.:       24.40157       34.50903       59.77139
wrapping first mol.:       24.40157       34.50903       59.77139

 NSTEP =    32000   TIME(PS) =     704.000  TEMP(K) =   299.74  PRESS =  -211.8
 Etot   =    -71181.5052  EKtot   =     18272.3711  EPtot      =    -89453.8763
 BOND   =       537.4886  ANGLE   =      1639.4202  DIHED      =      2494.4064
 1-4 NB =       720.4849  1-4 EEL =      8449.7804  VDWAALS    =     10637.1208
 EELEC  =   -114197.1379  EHBOND  =         0.0000  RESTRAINT  =       264.5601
 EAMBER (non-restraint)  =    -89718.4364
 EKCMT  =      7964.1070  VIRIAL  =      9344.8649  VOLUME     =    301997.4070
                                                    Density    =         1.0037
 ------------------------------------------------------------------------------

wrapping first mol.:       24.42089       34.53635       59.81872
wrapping first mol.:       24.42089       34.53635       59.81872

 NSTEP =    32500   TIME(PS) =     705.000  TEMP(K) =   299.84  PRESS =   139.1
 Etot   =    -71035.6522  EKtot   =     18278.5176  EPtot      =    -89314.1698
 BOND   =       583.4295  ANGLE   =      1613.3492  DIHED      =      2479.7294
 1-4 NB =       703.8033  1-4 EEL =      8423.3785  VDWAALS    =     10747.4039
 EELEC  =   -114145.4670  EHBOND  =         0.0000  RESTRAINT  =       280.2034
 EAMBER (non-restraint)  =    -89594.3732
 EKCMT  =      7946.7096  VIRIAL  =      7037.6879  VOLUME     =    302705.8881
                                                    Density    =         1.0013
 ------------------------------------------------------------------------------

wrapping first mol.:       24.42971       34.54883       59.84033
wrapping first mol.:       24.42971       34.54883       59.84033

 NSTEP =    33000   TIME(PS) =     706.000  TEMP(K) =   297.42  PRESS =    -4.2
 Etot   =    -71130.3308  EKtot   =     18131.2637  EPtot      =    -89261.5945
 BOND   =       583.6923  ANGLE   =      1554.0872  DIHED      =      2524.8902
 1-4 NB =       696.0955  1-4 EEL =      8467.1492  VDWAALS    =     10529.8495
 EELEC  =   -113899.8387  EHBOND  =         0.0000  RESTRAINT  =       282.4804
 EAMBER (non-restraint)  =    -89544.0749
 EKCMT  =      7946.2345  VIRIAL  =      7973.3901  VOLUME     =    303037.9510
                                                    Density    =         1.0002
 ------------------------------------------------------------------------------

wrapping first mol.:       24.43078       34.55033       59.84293
wrapping first mol.:       24.43078       34.55033       59.84293

 NSTEP =    33500   TIME(PS) =     707.000  TEMP(K) =   298.37  PRESS =    -2.4
 Etot   =    -70831.6359  EKtot   =     18189.0742  EPtot      =    -89020.7101
 BOND   =       592.3323  ANGLE   =      1588.4080  DIHED      =      2492.1769
 1-4 NB =       713.9571  1-4 EEL =      8432.0574  VDWAALS    =     10610.1912
 EELEC  =   -113710.3620  EHBOND  =         0.0000  RESTRAINT  =       260.5289
 EAMBER (non-restraint)  =    -89281.2390
 EKCMT  =      7906.1411  VIRIAL  =      7921.9266  VOLUME     =    303077.4628
                                                    Density    =         1.0001
 ------------------------------------------------------------------------------

wrapping first mol.:       24.41997       34.53505       59.81646
wrapping first mol.:       24.41997       34.53505       59.81646

 NSTEP =    34000   TIME(PS) =     708.000  TEMP(K) =   299.93  PRESS =   -85.9
 Etot   =    -71025.7964  EKtot   =     18284.1504  EPtot      =    -89309.9468
 BOND   =       581.3785  ANGLE   =      1638.7041  DIHED      =      2478.7279
 1-4 NB =       710.0138  1-4 EEL =      8390.5344  VDWAALS    =     10539.2634
 EELEC  =   -113902.0444  EHBOND  =         0.0000  RESTRAINT  =       253.4754
 EAMBER (non-restraint)  =    -89563.4222
 EKCMT  =      7957.5321  VIRIAL  =      8518.9169  VOLUME     =    302677.7759
                                                    Density    =         1.0014
 ------------------------------------------------------------------------------

wrapping first mol.:       24.42531       34.54261       59.82955
wrapping first mol.:       24.42531       34.54261       59.82955

 NSTEP =    34500   TIME(PS) =     709.000  TEMP(K) =   299.64  PRESS =    -1.7
 Etot   =    -70924.6573  EKtot   =     18266.1602  EPtot      =    -89190.8174
 BOND   =       573.6167  ANGLE   =      1577.4102  DIHED      =      2489.9804
 1-4 NB =       704.4027  1-4 EEL =      8391.9892  VDWAALS    =     10554.2370
 EELEC  =   -113737.4819  EHBOND  =         0.0000  RESTRAINT  =       255.0283
 EAMBER (non-restraint)  =    -89445.8457
 EKCMT  =      7930.6541  VIRIAL  =      7941.6368  VOLUME     =    302874.2199
                                                    Density    =         1.0008
 ------------------------------------------------------------------------------

wrapping first mol.:       24.43792       34.56044       59.86044
wrapping first mol.:       24.43792       34.56044       59.86044

 NSTEP =    35000   TIME(PS) =     710.000  TEMP(K) =   301.92  PRESS =  -151.3
 Etot   =    -70855.6957  EKtot   =     18405.6133  EPtot      =    -89261.3090
 BOND   =       538.2814  ANGLE   =      1598.0898  DIHED      =      2483.6585
 1-4 NB =       715.3572  1-4 EEL =      8426.1904  VDWAALS    =     10487.5812
 EELEC  =   -113781.0866  EHBOND  =         0.0000  RESTRAINT  =       270.6190
 EAMBER (non-restraint)  =    -89531.9280
 EKCMT  =      8046.6605  VIRIAL  =      9037.6991  VOLUME     =    303347.5637
                                                    Density    =         0.9992
 ------------------------------------------------------------------------------

wrapping first mol.:       24.42109       34.53664       59.81921
wrapping first mol.:       24.42109       34.53664       59.81921

 NSTEP =    35500   TIME(PS) =     711.000  TEMP(K) =   299.06  PRESS =   124.0
 Etot   =    -71189.3816  EKtot   =     18230.8594  EPtot      =    -89420.2409
 BOND   =       586.8961  ANGLE   =      1592.3957  DIHED      =      2482.3223
 1-4 NB =       694.5886  1-4 EEL =      8385.8844  VDWAALS    =     10855.6938
 EELEC  =   -114281.0051  EHBOND  =         0.0000  RESTRAINT  =       262.9832
 EAMBER (non-restraint)  =    -89683.2242
 EKCMT  =      7898.7185  VIRIAL  =      7088.1522  VOLUME     =    302713.7438
                                                    Density    =         1.0013
 ------------------------------------------------------------------------------

wrapping first mol.:       24.43051       34.54996       59.84228
wrapping first mol.:       24.43051       34.54996       59.84228

 NSTEP =    36000   TIME(PS) =     712.000  TEMP(K) =   298.65  PRESS =   -69.5
 Etot   =    -71186.7181  EKtot   =     18205.8965  EPtot      =    -89392.6146
 BOND   =       580.0431  ANGLE   =      1574.5725  DIHED      =      2491.0985
 1-4 NB =       706.0176  1-4 EEL =      8416.6116  VDWAALS    =     10750.4794
 EELEC  =   -114196.1336  EHBOND  =         0.0000  RESTRAINT  =       284.6965
 EAMBER (non-restraint)  =    -89677.3110
 EKCMT  =      7956.3047  VIRIAL  =      8411.0653  VOLUME     =    303069.4562
                                                    Density    =         1.0001
 ------------------------------------------------------------------------------

wrapping first mol.:       24.44358       34.56844       59.87428
wrapping first mol.:       24.44358       34.56844       59.87428

 NSTEP =    36500   TIME(PS) =     713.000  TEMP(K) =   299.35  PRESS =    17.2
 Etot   =    -71223.7716  EKtot   =     18248.8633  EPtot      =    -89472.6349
 BOND   =       576.4030  ANGLE   =      1603.6795  DIHED      =      2466.3056
 1-4 NB =       697.8778  1-4 EEL =      8384.7737  VDWAALS    =     10775.1381
 EELEC  =   -114242.6029  EHBOND  =         0.0000  RESTRAINT  =       265.7903
 EAMBER (non-restraint)  =    -89738.4252
 EKCMT  =      7853.8568  VIRIAL  =      7741.4283  VOLUME     =    303553.5697
                                                    Density    =         0.9985
 ------------------------------------------------------------------------------

wrapping first mol.:       24.43044       34.54986       59.84211
wrapping first mol.:       24.43044       34.54986       59.84211

 NSTEP =    37000   TIME(PS) =     714.000  TEMP(K) =   299.71  PRESS =    17.5
 Etot   =    -70879.3409  EKtot   =     18270.8027  EPtot      =    -89150.1436
 BOND   =       599.8682  ANGLE   =      1589.3046  DIHED      =      2507.3122
 1-4 NB =       690.7092  1-4 EEL =      8382.8582  VDWAALS    =     10720.3635
 EELEC  =   -113904.3159  EHBOND  =         0.0000  RESTRAINT  =       263.7563
 EAMBER (non-restraint)  =    -89413.8999
 EKCMT  =      8015.8978  VIRIAL  =      7901.5942  VOLUME     =    303064.4315
                                                    Density    =         1.0001
 ------------------------------------------------------------------------------

wrapping first mol.:       24.44168       34.56575       59.86963
wrapping first mol.:       24.44168       34.56575       59.86963

 NSTEP =    37500   TIME(PS) =     715.000  TEMP(K) =   300.33  PRESS =    42.4
 Etot   =    -70796.6539  EKtot   =     18308.4863  EPtot      =    -89105.1402
 BOND   =       581.8959  ANGLE   =      1558.4945  DIHED      =      2521.1149
 1-4 NB =       710.1747  1-4 EEL =      8411.2557  VDWAALS    =     10790.2358
 EELEC  =   -113939.1445  EHBOND  =         0.0000  RESTRAINT  =       260.8327
 EAMBER (non-restraint)  =    -89365.9730
 EKCMT  =      7940.0568  VIRIAL  =      7662.1399  VOLUME     =    303482.1311
                                                    Density    =         0.9988
 ------------------------------------------------------------------------------

wrapping first mol.:       24.43193       34.55197       59.84577
wrapping first mol.:       24.43193       34.55197       59.84577

 NSTEP =    38000   TIME(PS) =     716.000  TEMP(K) =   298.97  PRESS =    54.0
 Etot   =    -71099.9422  EKtot   =     18225.6172  EPtot      =    -89325.5594
 BOND   =       574.9285  ANGLE   =      1544.5447  DIHED      =      2501.6753
 1-4 NB =       721.0779  1-4 EEL =      8380.1026  VDWAALS    =     10521.8392
 EELEC  =   -113830.7049  EHBOND  =         0.0000  RESTRAINT  =       260.9772
 EAMBER (non-restraint)  =    -89586.5366
 EKCMT  =      8004.2073  VIRIAL  =      7650.4795  VOLUME     =    303119.0154
                                                    Density    =         1.0000
 ------------------------------------------------------------------------------

wrapping first mol.:       24.41660       34.53028       59.80820
wrapping first mol.:       24.41660       34.53028       59.80820

 NSTEP =    38500   TIME(PS) =     717.000  TEMP(K) =   301.13  PRESS =     3.5
 Etot   =    -70958.4111  EKtot   =     18357.0234  EPtot      =    -89315.4345
 BOND   =       591.2625  ANGLE   =      1540.4198  DIHED      =      2506.9713
 1-4 NB =       726.4414  1-4 EEL =      8467.8348  VDWAALS    =     10550.6012
 EELEC  =   -113968.7194  EHBOND  =         0.0000  RESTRAINT  =       269.7537
 EAMBER (non-restraint)  =    -89585.1883
 EKCMT  =      8019.5428  VIRIAL  =      7996.4645  VOLUME     =    302549.9457
                                                    Density    =         1.0018
 ------------------------------------------------------------------------------

wrapping first mol.:       24.42013       34.53528       59.81686
wrapping first mol.:       24.42013       34.53528       59.81686

 NSTEP =    39000   TIME(PS) =     718.000  TEMP(K) =   299.33  PRESS =    30.8
 Etot   =    -70943.8582  EKtot   =     18247.4688  EPtot      =    -89191.3270
 BOND   =       607.0191  ANGLE   =      1621.8822  DIHED      =      2514.0770
 1-4 NB =       715.8844  1-4 EEL =      8388.4551  VDWAALS    =     10553.5456
 EELEC  =   -113864.6170  EHBOND  =         0.0000  RESTRAINT  =       272.4266
 EAMBER (non-restraint)  =    -89463.7536
 EKCMT  =      7963.6806  VIRIAL  =      7762.2599  VOLUME     =    302680.5801
                                                    Density    =         1.0014
 ------------------------------------------------------------------------------

wrapping first mol.:       24.41245       34.52442       59.79804
wrapping first mol.:       24.41245       34.52442       59.79804

 NSTEP =    39500   TIME(PS) =     719.000  TEMP(K) =   299.26  PRESS =  -226.4
 Etot   =    -70990.6429  EKtot   =     18242.9551  EPtot      =    -89233.5980
 BOND   =       574.0408  ANGLE   =      1595.7309  DIHED      =      2500.2307
 1-4 NB =       716.6483  1-4 EEL =      8397.6989  VDWAALS    =     10474.6772
 EELEC  =   -113761.4666  EHBOND  =         0.0000  RESTRAINT  =       268.8419
 EAMBER (non-restraint)  =    -89502.4398
 EKCMT  =      8006.9026  VIRIAL  =      9484.8526  VOLUME     =    302402.0178
                                                    Density    =         1.0023
 ------------------------------------------------------------------------------

wrapping first mol.:       24.39138       34.49463       59.74644
wrapping first mol.:       24.39138       34.49463       59.74644

 NSTEP =    40000   TIME(PS) =     720.000  TEMP(K) =   295.53  PRESS =   -98.7
 Etot   =    -71308.6884  EKtot   =     18016.0586  EPtot      =    -89324.7470
 BOND   =       569.6819  ANGLE   =      1590.5588  DIHED      =      2523.2126
 1-4 NB =       713.9666  1-4 EEL =      8398.0159  VDWAALS    =     10467.1880
 EELEC  =   -113846.2741  EHBOND  =         0.0000  RESTRAINT  =       258.9033
 EAMBER (non-restraint)  =    -89583.6503
 EKCMT  =      7972.8080  VIRIAL  =      8615.8460  VOLUME     =    301616.3655
                                                    Density    =         1.0049
 ------------------------------------------------------------------------------

wrapping first mol.:       24.40659       34.51612       59.78367
wrapping first mol.:       24.40659       34.51612       59.78367

 NSTEP =    40500   TIME(PS) =     721.000  TEMP(K) =   299.39  PRESS =     9.9
 Etot   =    -71132.6802  EKtot   =     18251.2793  EPtot      =    -89383.9595
 BOND   =       599.8925  ANGLE   =      1532.0393  DIHED      =      2495.6327
 1-4 NB =       699.8651  1-4 EEL =      8403.3416  VDWAALS    =     10557.8154
 EELEC  =   -113945.3534  EHBOND  =         0.0000  RESTRAINT  =       272.8073
 EAMBER (non-restraint)  =    -89656.7667
 EKCMT  =      7952.5523  VIRIAL  =      7888.0063  VOLUME     =    302177.7099
                                                    Density    =         1.0031
 ------------------------------------------------------------------------------

wrapping first mol.:       24.40501       34.51390       59.77982
wrapping first mol.:       24.40501       34.51390       59.77982

 NSTEP =    41000   TIME(PS) =     722.000  TEMP(K) =   301.69  PRESS =     2.7
 Etot   =    -70899.9582  EKtot   =     18391.2520  EPtot      =    -89291.2102
 BOND   =       557.4324  ANGLE   =      1557.1988  DIHED      =      2477.9114
 1-4 NB =       718.7396  1-4 EEL =      8425.5762  VDWAALS    =     10515.3283
 EELEC  =   -113793.2475  EHBOND  =         0.0000  RESTRAINT  =       249.8507
 EAMBER (non-restraint)  =    -89541.0609
 EKCMT  =      8018.4518  VIRIAL  =      8001.1327  VOLUME     =    302119.5325
                                                    Density    =         1.0033
 ------------------------------------------------------------------------------

wrapping first mol.:       24.41555       34.52880       59.80562
wrapping first mol.:       24.41555       34.52880       59.80562

 NSTEP =    41500   TIME(PS) =     723.000  TEMP(K) =   299.32  PRESS =   183.5
 Etot   =    -70978.3403  EKtot   =     18246.7598  EPtot      =    -89225.1001
 BOND   =       588.6199  ANGLE   =      1611.7389  DIHED      =      2488.9510
 1-4 NB =       702.8808  1-4 EEL =      8417.4332  VDWAALS    =     10818.8037
 EELEC  =   -114121.1371  EHBOND  =         0.0000  RESTRAINT  =       267.6095
 EAMBER (non-restraint)  =    -89492.7096
 EKCMT  =      8016.2613  VIRIAL  =      6817.6438  VOLUME     =    302505.9692
                                                    Density    =         1.0020
 ------------------------------------------------------------------------------

wrapping first mol.:       24.41130       34.52279       59.79523
wrapping first mol.:       24.41130       34.52279       59.79523

 NSTEP =    42000   TIME(PS) =     724.000  TEMP(K) =   300.81  PRESS =   330.7
 Etot   =    -71015.4487  EKtot   =     18338.0000  EPtot      =    -89353.4487
 BOND   =       581.0690  ANGLE   =      1662.9542  DIHED      =      2457.6088
 1-4 NB =       695.6400  1-4 EEL =      8401.5488  VDWAALS    =     10753.6694
 EELEC  =   -114161.6240  EHBOND  =         0.0000  RESTRAINT  =       255.6851
 EAMBER (non-restraint)  =    -89609.1338
 EKCMT  =      8017.9642  VIRIAL  =      5859.0199  VOLUME     =    302344.2991
                                                    Density    =         1.0025
 ------------------------------------------------------------------------------

wrapping first mol.:       24.41733       34.53132       59.81000
wrapping first mol.:       24.41733       34.53132       59.81000

 NSTEP =    42500   TIME(PS) =     725.000  TEMP(K) =   299.89  PRESS =    80.6
 Etot   =    -70810.1147  EKtot   =     18281.7988  EPtot      =    -89091.9135
 BOND   =       591.3429  ANGLE   =      1583.3000  DIHED      =      2488.6784
 1-4 NB =       720.1907  1-4 EEL =      8423.0982  VDWAALS    =     10843.1701
 EELEC  =   -114011.8318  EHBOND  =         0.0000  RESTRAINT  =       270.1379
 EAMBER (non-restraint)  =    -89362.0514
 EKCMT  =      7965.8951  VIRIAL  =      7439.2031  VOLUME     =    302575.1786
                                                    Density    =         1.0017
 ------------------------------------------------------------------------------

wrapping first mol.:       24.42256       34.53872       59.82281
wrapping first mol.:       24.42256       34.53872       59.82281

 NSTEP =    43000   TIME(PS) =     726.000  TEMP(K) =   301.27  PRESS =  -122.0
 Etot   =    -70913.7285  EKtot   =     18365.5547  EPtot      =    -89279.2832
 BOND   =       562.2900  ANGLE   =      1596.0841  DIHED      =      2517.2729
 1-4 NB =       706.0729  1-4 EEL =      8407.3978  VDWAALS    =     10451.4372
 EELEC  =   -113785.6816  EHBOND  =         0.0000  RESTRAINT  =       265.8435
 EAMBER (non-restraint)  =    -89545.1267
 EKCMT  =      8047.8181  VIRIAL  =      8845.1639  VOLUME     =    302775.1514
                                                    Density    =         1.0011
 ------------------------------------------------------------------------------

wrapping first mol.:       24.44031       34.56382       59.86628
wrapping first mol.:       24.44031       34.56382       59.86628

 NSTEP =    43500   TIME(PS) =     727.000  TEMP(K) =   299.26  PRESS =   -81.9
 Etot   =    -70864.9798  EKtot   =     18243.4707  EPtot      =    -89108.4505
 BOND   =       570.3076  ANGLE   =      1582.3827  DIHED      =      2514.0121
 1-4 NB =       707.5639  1-4 EEL =      8416.9094  VDWAALS    =     10564.6857
 EELEC  =   -113723.8976  EHBOND  =         0.0000  RESTRAINT  =       259.5856
 EAMBER (non-restraint)  =    -89368.0361
 EKCMT  =      7945.8994  VIRIAL  =      8482.4179  VOLUME     =    303434.5526
                                                    Density    =         0.9989
 ------------------------------------------------------------------------------

wrapping first mol.:       24.42329       34.53974       59.82459
wrapping first mol.:       24.42329       34.53974       59.82459

 NSTEP =    44000   TIME(PS) =     728.000  TEMP(K) =   302.27  PRESS =    88.3
 Etot   =    -70508.0331  EKtot   =     18426.4746  EPtot      =    -88934.5077
 BOND   =       592.6107  ANGLE   =      1587.3807  DIHED      =      2524.8248
 1-4 NB =       705.0944  1-4 EEL =      8408.7539  VDWAALS    =     10627.7533
 EELEC  =   -113649.1059  EHBOND  =         0.0000  RESTRAINT  =       268.1803
 EAMBER (non-restraint)  =    -89202.6881
 EKCMT  =      8068.7395  VIRIAL  =      7491.7419  VOLUME     =    302796.3770
                                                    Density    =         1.0010
 ------------------------------------------------------------------------------

wrapping first mol.:       24.41918       34.53393       59.81452
wrapping first mol.:       24.41918       34.53393       59.81452

 NSTEP =    44500   TIME(PS) =     729.000  TEMP(K) =   299.28  PRESS =    66.6
 Etot   =    -70705.8131  EKtot   =     18244.7168  EPtot      =    -88950.5299
 BOND   =       582.7635  ANGLE   =      1596.2543  DIHED      =      2523.7159
 1-4 NB =       720.3096  1-4 EEL =      8408.9941  VDWAALS    =     10639.6291
 EELEC  =   -113667.0754  EHBOND  =         0.0000  RESTRAINT  =       244.8790
 EAMBER (non-restraint)  =    -89195.4088
 EKCMT  =      7969.5617  VIRIAL  =      7534.5139  VOLUME     =    302644.2040
                                                    Density    =         1.0015
 ------------------------------------------------------------------------------

wrapping first mol.:       24.42617       34.54382       59.83164
wrapping first mol.:       24.42617       34.54382       59.83164

 NSTEP =    45000   TIME(PS) =     730.000  TEMP(K) =   301.44  PRESS =  -126.0
 Etot   =    -70745.3691  EKtot   =     18376.1406  EPtot      =    -89121.5097
 BOND   =       563.2193  ANGLE   =      1587.0656  DIHED      =      2491.2487
 1-4 NB =       725.7632  1-4 EEL =      8400.0981  VDWAALS    =     10475.5717
 EELEC  =   -113621.9671  EHBOND  =         0.0000  RESTRAINT  =       257.4909
 EAMBER (non-restraint)  =    -89379.0006
 EKCMT  =      7975.9207  VIRIAL  =      8799.6759  VOLUME     =    302909.2747
                                                    Density    =         1.0006
 ------------------------------------------------------------------------------

wrapping first mol.:       24.41817       34.53250       59.81204
wrapping first mol.:       24.41817       34.53250       59.81204

 NSTEP =    45500   TIME(PS) =     731.000  TEMP(K) =   299.02  PRESS =   -18.3
 Etot   =    -70802.2526  EKtot   =     18228.7754  EPtot      =    -89031.0280
 BOND   =       586.6858  ANGLE   =      1625.1600  DIHED      =      2492.2082
 1-4 NB =       721.1174  1-4 EEL =      8446.1102  VDWAALS    =     10683.7739
 EELEC  =   -113850.0419  EHBOND  =         0.0000  RESTRAINT  =       263.9584
 EAMBER (non-restraint)  =    -89294.9864
 EKCMT  =      7961.8998  VIRIAL  =      8081.5098  VOLUME     =    302608.8478
                                                    Density    =         1.0016
 ------------------------------------------------------------------------------

wrapping first mol.:       24.43163       34.55154       59.84501
wrapping first mol.:       24.43163       34.55154       59.84501

 NSTEP =    46000   TIME(PS) =     732.000  TEMP(K) =   300.93  PRESS =   180.2
 Etot   =    -70818.5236  EKtot   =     18345.2949  EPtot      =    -89163.8186
 BOND   =       568.3545  ANGLE   =      1627.3550  DIHED      =      2496.8159
 1-4 NB =       715.9836  1-4 EEL =      8411.7639  VDWAALS    =     10871.3872
 EELEC  =   -114103.6790  EHBOND  =         0.0000  RESTRAINT  =       248.2003
 EAMBER (non-restraint)  =    -89412.0188
 EKCMT  =      8023.9528  VIRIAL  =      6844.3898  VOLUME     =    303104.1750
                                                    Density    =         1.0000
 ------------------------------------------------------------------------------

wrapping first mol.:       24.42998       34.54920       59.84097
wrapping first mol.:       24.42998       34.54920       59.84097

 NSTEP =    46500   TIME(PS) =     733.000  TEMP(K) =   302.92  PRESS =    -7.1
 Etot   =    -70648.0869  EKtot   =     18466.0898  EPtot      =    -89114.1767
 BOND   =       605.7295  ANGLE   =      1600.0422  DIHED      =      2478.7261
 1-4 NB =       719.7722  1-4 EEL =      8469.8327  VDWAALS    =     10824.9151
 EELEC  =   -114079.1044  EHBOND  =         0.0000  RESTRAINT  =       265.9097
 EAMBER (non-restraint)  =    -89380.0865
 EKCMT  =      8068.3914  VIRIAL  =      8114.5286  VOLUME     =    303047.7726
                                                    Density    =         1.0002
 ------------------------------------------------------------------------------

wrapping first mol.:       24.42432       34.54120       59.82711
wrapping first mol.:       24.42432       34.54120       59.82711

 NSTEP =    47000   TIME(PS) =     734.000  TEMP(K) =   298.85  PRESS =     7.7
 Etot   =    -71176.2637  EKtot   =     18218.1641  EPtot      =    -89394.4277
 BOND   =       547.1000  ANGLE   =      1552.7351  DIHED      =      2508.5631
 1-4 NB =       711.5694  1-4 EEL =      8454.8294  VDWAALS    =     10622.7626
 EELEC  =   -114048.6256  EHBOND  =         0.0000  RESTRAINT  =       256.6384
 EAMBER (non-restraint)  =    -89651.0661
 EKCMT  =      7962.5063  VIRIAL  =      7911.8493  VOLUME     =    302836.8156
                                                    Density    =         1.0009
 ------------------------------------------------------------------------------

wrapping first mol.:       24.41876       34.53333       59.81348
wrapping first mol.:       24.41876       34.53333       59.81348

 NSTEP =    47500   TIME(PS) =     735.000  TEMP(K) =   297.95  PRESS =   -36.2
 Etot   =    -71275.4604  EKtot   =     18163.2969  EPtot      =    -89438.7572
 BOND   =       571.3208  ANGLE   =      1597.6113  DIHED      =      2492.3707
 1-4 NB =       716.5053  1-4 EEL =      8400.4282  VDWAALS    =     10844.1119
 EELEC  =   -114346.2697  EHBOND  =         0.0000  RESTRAINT  =       285.1644
 EAMBER (non-restraint)  =    -89723.9216
 EKCMT  =      7945.9491  VIRIAL  =      8182.8128  VOLUME     =    302631.1930
                                                    Density    =         1.0016
 ------------------------------------------------------------------------------

wrapping first mol.:       24.41875       34.53333       59.81347
wrapping first mol.:       24.41875       34.53333       59.81347

 NSTEP =    48000   TIME(PS) =     736.000  TEMP(K) =   299.28  PRESS =   -78.7
 Etot   =    -71014.0505  EKtot   =     18244.6719  EPtot      =    -89258.7224
 BOND   =       603.0752  ANGLE   =      1639.4242  DIHED      =      2489.3001
 1-4 NB =       720.3058  1-4 EEL =      8375.2965  VDWAALS    =     10573.7603
 EELEC  =   -113915.8422  EHBOND  =         0.0000  RESTRAINT  =       255.9578
 EAMBER (non-restraint)  =    -89514.6802
 EKCMT  =      8013.4323  VIRIAL  =      8527.8643  VOLUME     =    302632.1593
                                                    Density    =         1.0016
 ------------------------------------------------------------------------------

wrapping first mol.:       24.40970       34.52052       59.79129
wrapping first mol.:       24.40970       34.52052       59.79129

 NSTEP =    48500   TIME(PS) =     737.000  TEMP(K) =   300.50  PRESS =    25.4
 Etot   =    -71069.7301  EKtot   =     18318.7500  EPtot      =    -89388.4801
 BOND   =       590.7769  ANGLE   =      1566.4796  DIHED      =      2490.5196
 1-4 NB =       701.4033  1-4 EEL =      8430.9237  VDWAALS    =     10709.5532
 EELEC  =   -114144.3803  EHBOND  =         0.0000  RESTRAINT  =       266.2438
 EAMBER (non-restraint)  =    -89654.7239
 EKCMT  =      7988.9282  VIRIAL  =      7823.2454  VOLUME     =    302292.8121
                                                    Density    =         1.0027
 ------------------------------------------------------------------------------

wrapping first mol.:       24.39107       34.49418       59.74566
wrapping first mol.:       24.39107       34.49418       59.74566

 NSTEP =    49000   TIME(PS) =     738.000  TEMP(K) =   296.03  PRESS =    88.5
 Etot   =    -71251.3531  EKtot   =     18046.3809  EPtot      =    -89297.7340
 BOND   =       572.4001  ANGLE   =      1607.6456  DIHED      =      2481.3623
 1-4 NB =       725.6475  1-4 EEL =      8390.7151  VDWAALS    =     10647.5301
 EELEC  =   -113987.3728  EHBOND  =         0.0000  RESTRAINT  =       264.3380
 EAMBER (non-restraint)  =    -89562.0720
 EKCMT  =      7899.3482  VIRIAL  =      7323.3209  VOLUME     =    301599.6016
                                                    Density    =         1.0050
 ------------------------------------------------------------------------------

wrapping first mol.:       24.39676       34.50223       59.75961
wrapping first mol.:       24.39676       34.50223       59.75961

 NSTEP =    49500   TIME(PS) =     739.000  TEMP(K) =   299.47  PRESS =   -71.9
 Etot   =    -71153.6817  EKtot   =     18256.2812  EPtot      =    -89409.9630
 BOND   =       576.9830  ANGLE   =      1552.0116  DIHED      =      2497.8383
 1-4 NB =       712.8341  1-4 EEL =      8440.5692  VDWAALS    =     10496.6884
 EELEC  =   -113953.0469  EHBOND  =         0.0000  RESTRAINT  =       266.1594
 EAMBER (non-restraint)  =    -89676.1224
 EKCMT  =      7963.5026  VIRIAL  =      8432.0807  VOLUME     =    301815.1666
                                                    Density    =         1.0043
 ------------------------------------------------------------------------------

wrapping first mol.:       24.41013       34.52114       59.79237
wrapping first mol.:       24.41013       34.52114       59.79237

 NSTEP =    50000   TIME(PS) =     740.000  TEMP(K) =   301.05  PRESS =  -210.9
 Etot   =    -71041.1468  EKtot   =     18352.3047  EPtot      =    -89393.4515
 BOND   =       596.3738  ANGLE   =      1531.3988  DIHED      =      2499.2099
 1-4 NB =       692.1465  1-4 EEL =      8393.1708  VDWAALS    =     10603.3305
 EELEC  =   -113986.2665  EHBOND  =         0.0000  RESTRAINT  =       277.1847
 EAMBER (non-restraint)  =    -89670.6362
 EKCMT  =      8053.4003  VIRIAL  =      9430.3271  VOLUME     =    302315.4757
                                                    Density    =         1.0026
 ------------------------------------------------------------------------------


      A V E R A G E S   O V E R     100 S T E P S


 NSTEP =    50000   TIME(PS) =     740.000  TEMP(K) =   299.98  PRESS =    10.6
 Etot   =    -70960.2095  EKtot   =     18287.1286  EPtot      =    -89247.3381
 BOND   =       577.6331  ANGLE   =      1598.4862  DIHED      =      2497.4024
 1-4 NB =       711.3056  1-4 EEL =      8414.9631  VDWAALS    =     10636.8416
 EELEC  =   -113948.0209  EHBOND  =         0.0000  RESTRAINT  =       264.0508
 EAMBER (non-restraint)  =    -89511.3888
 EKCMT  =      7980.2801  VIRIAL  =      7910.7757  VOLUME     =    302552.5169
                                                    Density    =         1.0018
 ------------------------------------------------------------------------------


      R M S  F L U C T U A T I O N S


 NSTEP =    50000   TIME(PS) =     740.000  TEMP(K) =     1.55  PRESS =   132.5
 Etot   =       172.9103  EKtot   =        94.5568  EPtot      =       138.0911
 BOND   =        17.9891  ANGLE   =        31.5046  DIHED      =        14.9438
 1-4 NB =         9.9618  1-4 EEL =        26.1349  VDWAALS    =       123.0420
 EELEC  =       182.1637  EHBOND  =         0.0000  RESTRAINT  =        10.6958
 EAMBER (non-restraint)  =       127.3954
 EKCMT  =        60.5693  VIRIAL  =       865.7253  VOLUME     =       435.7321
                                                    Density    =         0.0014
 ------------------------------------------------------------------------------

--------------------------------------------------------------------------------
   5.  TIMINGS
--------------------------------------------------------------------------------

|  NonSetup CPU Time in Major Routines:
|
|     Routine           Sec        %
|     ------------------------------
|     Nonbond         181.48   90.00
|     Bond              0.00    0.00
|     Angle             0.00    0.00
|     Dihedral          0.00    0.00
|     Shake             0.28    0.14
|     RunMD            19.85    9.84
|     Other             0.04    0.02
|     ------------------------------
|     Total           201.65

|  PME Nonbond Pairlist CPU Time:
|
|     Routine              Sec        %
|     ---------------------------------
|     Set Up Cit           0.00    0.00
|     Build List           0.00    0.00
|     ---------------------------------
|     Total                0.00    0.00

|  PME Direct Force CPU Time:
|
|     Routine              Sec        %
|     ---------------------------------
|     NonBonded Calc       0.00    0.00
|     Exclude Masked       0.00    0.00
|     Other                0.02    0.01
|     ---------------------------------
|     Total                0.02    0.01

|  PME Reciprocal Force CPU Time:
|
|     Routine              Sec        %
|     ---------------------------------
|     1D bspline           0.00    0.00
|     Grid Charges         0.00    0.00
|     Scalar Sum           0.00    0.00
|     Gradient Sum         0.00    0.00
|     FFT                  0.00    0.00
|     ---------------------------------
|     Total                0.00    0.00

|  Final Performance Info:
|     -----------------------------------------------------
|     Average timings for last    4500 steps:
|     Elapsed(s) =      18.13 Per Step(ms) =       4.03
|         ns/day =      42.88   seconds/ns =    2014.82
|
|     Average timings for all steps:
|     Elapsed(s) =     201.65 Per Step(ms) =       4.03
|         ns/day =      42.85   seconds/ns =    2016.54
|     -----------------------------------------------------

|  Setup CPU time:            0.55 seconds
|  NonSetup CPU time:       201.65 seconds
|  Total CPU time:          202.20 seconds     0.06 hours

|  Setup wall time:           0    seconds
|  NonSetup wall time:      202    seconds
|  Total wall time:         202    seconds     0.06 hours
