
          -------------------------------------------------------
          Amber 16 PMEMD                              2016
          -------------------------------------------------------

| PMEMD implementation of SANDER, Release 16

| Run on 10/25/2016 at 22:57:43

|   Executable path: pmemd
| Working directory: /home/german/exs/run/1prn/mhe/m
|          Hostname: Unknown
  [-O]verwriting output

File Assignments:
|   MDIN: min.in                                                                
|  MDOUT: min.out                                                               
| INPCRD: 1prn.rst7                                                             
|   PARM: 1prn.prmtop                                                           
| RESTRT: m1prn.rst7                                                            
|   REFC: 1prn.rst7                                                             
|  MDVEL: mdvel                                                                 
|   MDEN: mden                                                                  
|  MDCRD: m1prn.crd                                                             
| MDINFO: mdinfo                                                                
|  MDFRC: mdfrc                                                                 


 Here is the input file:

Minimization with Cartesian restraints                                         
&cntrl                                                                         
imin=1,                                                                        
ntmin=1,                                ! Steepest Descent, then Conjugate Grad
ncyc=100,                               ! 100 steps of Steepest Descent        
maxcyc=500,                             ! 400 steps of Conjugate Gradient      
ntpr=5,                                                                        
ntr=1,                                  ! Use restraints                       
restraint_wt=50.0,                      ! 50 Kcal/mol                          
restraintmask=':1-198',                 ! Apply restraints on whole molecule. M
&end                                                                           


Note: ig = -1. Setting random seed to   916639 based on wallclock time in 
      microseconds.
 
 
| Conditional Compilation Defines Used:
| PUBFFT
| BINTRAJ
| EMIL

| Largest sphere to fit in unit cell has radius =    31.991

| New format PARM file being parsed.
| Version =    1.000 Date = 10/25/16 Time = 12:15:56

| Note: 1-4 EEL scale factors are being read from the topology file.

| Note: 1-4 VDW scale factors are being read from the topology file.
| Duplicated    0 dihedrals

| Duplicated    0 dihedrals

--------------------------------------------------------------------------------
   1.  RESOURCE   USE: 
--------------------------------------------------------------------------------

 getting new box info from bottom of inpcrd
 NATOM  =   31841 NTYPES =      16 NBONH =   29650 MBONA  =    2207
 NTHETH =    4442 MTHETA =    3007 NPHIH =    9478 MPHIA  =    9572
 NHPARM =       0 NPARM  =       0 NNB   =   59506 NRES   =    9539
 NBONA  =    2207 NTHETA =    3007 NPHIA =    9572 NUMBND =      59
 NUMANG =     136 NPTRA  =     166 NATYP =      30 NPHB   =       1
 IFBOX  =       2 NMXRS  =      24 IFCAP =       0 NEXTRA =       0
 NCOPY  =       0

| Coordinate Index Table dimensions:    15   15   15
| Direct force subcell size =     5.2242    5.2242    5.2242

     BOX TYPE: TRUNCATED OCTAHEDRON

--------------------------------------------------------------------------------
   2.  CONTROL  DATA  FOR  THE  RUN
--------------------------------------------------------------------------------

default_name                                                                    

General flags:
     imin    =       1, nmropt  =       0

Nature and format of input:
     ntx     =       1, irest   =       0, ntrx    =       1

Nature and format of output:
     ntxo    =       2, ntpr    =       5, ntrx    =       1, ntwr    =       1
     iwrap   =       0, ntwx    =       0, ntwv    =       0, ntwe    =       0
     ioutfm  =       1, ntwprt  =       0, idecomp =       0, rbornstat=      0

Potential function:
     ntf     =       1, ntb     =       1, igb     =       0, nsnb    =      25
     ipol    =       0, gbsa    =       0, iesp    =       0
     dielc   =   1.00000, cut     =   8.00000, intdiel =   1.00000

Frozen or restrained atoms:
     ibelly  =       0, ntr     =       1
     restraint_wt =  50.00000

Energy minimization:
     maxcyc  =     500, ncyc    =     100, ntmin   =       1
     dx0     =   0.01000, drms    =   0.00010

| Intermolecular bonds treatment:
|     no_intermolecular_bonds =       1

| Energy averages sample interval:
|     ene_avg_sampling =       1

Ewald parameters:
     verbose =       0, ew_type =       0, nbflag  =       1, use_pme =       1
     vdwmeth =       1, eedmeth =       1, netfrc  =       0
     Box X =   78.363   Box Y =   78.363   Box Z =   78.363
     Alpha =  109.471   Beta  =  109.471   Gamma =  109.471
     NFFT1 =   80       NFFT2 =   80       NFFT3 =   80
     Cutoff=    8.000   Tol   =0.100E-04
     Ewald Coefficient =  0.34864
     Interpolation order =    4

    LOADING THE CONSTRAINED ATOMS AS GROUPS


   5.  REFERENCE ATOM COORDINATES

  default_name                                                                    
     Mask :1-198; matches  2849 atoms

--------------------------------------------------------------------------------
   3.  ATOMIC COORDINATES AND VELOCITIES
--------------------------------------------------------------------------------

default_name                                                                    
 begin time read from input coords =     0.000 ps

 
 Number of triangulated 3-point waters found:     9223

     Sum of charges from parm topology file =  -0.00000024
     Forcing neutrality...

| Dynamic Memory, Types Used:
| Reals              952986
| Integers          1112241

| Nonbonded Pairs Initial Allocation:     5318243

--------------------------------------------------------------------------------
   4.  RESULTS
--------------------------------------------------------------------------------

 ---------------------------------------------------
 APPROXIMATING switch and d/dx switch using CUBIC SPLINE INTERPOLATION
 using   5000.0 points per unit in tabled values
 TESTING RELATIVE ERROR over r ranging from 0.0 to cutoff
| CHECK switch(x): max rel err =   0.2738E-14   at   2.422500
| CHECK d/dx switch(x): max rel err =   0.8332E-11   at   2.782960
 ---------------------------------------------------
|---------------------------------------------------
| APPROXIMATING direct energy using CUBIC SPLINE INTERPOLATION
|  with   50.0 points per unit in tabled values
| Relative Error Limit not exceeded for r .gt.   2.47
| APPROXIMATING direct force using CUBIC SPLINE INTERPOLATION
|  with   50.0 points per unit in tabled values
| Relative Error Limit not exceeded for r .gt.   2.89
|---------------------------------------------------


   NSTEP       ENERGY          RMS            GMAX         NAME    NUMBER
      1      -8.0753E+04     2.9210E+01     4.4347E+03     HB2       748

 BOND    =      189.1696  ANGLE   =      486.1697  DIHED      =     3043.2059
 VDWAALS =     8833.1471  EEL     =  -108372.6972  HBOND      =        0.0000
 1-4 VDW =     1370.7575  1-4 EEL =    13697.3085  RESTRAINT  =        0.0000


   NSTEP       ENERGY          RMS            GMAX         NAME    NUMBER
      5      -8.1224E+04     1.9791E+01     2.3426E+03     HB2       748

 BOND    =      186.3046  ANGLE   =      483.6332  DIHED      =     3042.8965
 VDWAALS =     8484.6842  EEL     =  -108475.9393  HBOND      =        0.0000
 1-4 VDW =     1357.7565  1-4 EEL =    13696.8171  RESTRAINT  =        0.1396
 EAMBER  =   -81223.8473


   NSTEP       ENERGY          RMS            GMAX         NAME    NUMBER
     10      -8.2127E+04     1.3613E+01     8.3033E+02     HB2       748

 BOND    =      194.3795  ANGLE   =      473.6885  DIHED      =     3041.6032
 VDWAALS =     8038.6603  EEL     =  -108909.2458  HBOND      =        0.0000
 1-4 VDW =     1337.6021  1-4 EEL =    13694.6502  RESTRAINT  =        1.2772
 EAMBER  =   -82128.6620


   NSTEP       ENERGY          RMS            GMAX         NAME    NUMBER
     15      -8.3771E+04     1.0063E+01     2.8305E+02     HB2       748

 BOND    =      381.9402  ANGLE   =      445.7352  DIHED      =     3037.8141
 VDWAALS =     7573.0998  EEL     =  -110218.0811  HBOND      =        0.0000
 1-4 VDW =     1315.9161  1-4 EEL =    13687.3401  RESTRAINT  =        4.9140
 EAMBER  =   -83776.2356


   NSTEP       ENERGY          RMS            GMAX         NAME    NUMBER
     20      -8.6573E+04     6.3002E+00     9.8152E+01     O       21723

 BOND    =     1512.4879  ANGLE   =      388.9854  DIHED      =     3030.1611
 VDWAALS =     7008.8112  EEL     =  -113479.9685  HBOND      =        0.0000
 1-4 VDW =     1287.1688  1-4 EEL =    13662.3497  RESTRAINT  =       16.9061
 EAMBER  =   -86590.0045


   NSTEP       ENERGY          RMS            GMAX         NAME    NUMBER
     25      -9.0406E+04     3.3016E+00     3.7151E+01     Na+      4149

 BOND    =     4181.2418  ANGLE   =      324.8252  DIHED      =     3033.5528
 VDWAALS =     6435.0160  EEL     =  -119259.1242  HBOND      =        0.0000
 1-4 VDW =     1239.9572  1-4 EEL =    13571.9187  RESTRAINT  =       66.5618
 EAMBER  =   -90472.6124


   NSTEP       ENERGY          RMS            GMAX         NAME    NUMBER
     30      -9.5747E+04     5.6726E+00     1.1162E+02     CG       3288

 BOND    =     4127.7046  ANGLE   =      308.9457  DIHED      =     3053.2653
 VDWAALS =     6310.6174  EEL     =  -124322.5660  HBOND      =        0.0000
 1-4 VDW =     1168.6391  1-4 EEL =    13428.8901  RESTRAINT  =      177.4767
 EAMBER  =   -95924.5038


   NSTEP       ENERGY          RMS            GMAX         NAME    NUMBER
     35      -9.7502E+04     4.0604E+00     8.0341E+01     CG       3288

 BOND    =     5957.8792  ANGLE   =      312.8150  DIHED      =     3055.2155
 VDWAALS =     6357.5984  EEL     =  -127941.7308  HBOND      =        0.0000
 1-4 VDW =     1155.0802  1-4 EEL =    13406.4879  RESTRAINT  =      194.6511
 EAMBER  =   -97696.6547


   NSTEP       ENERGY          RMS            GMAX         NAME    NUMBER
     40      -9.8591E+04     5.1047E+00     1.0735E+02     CG       3288

 BOND    =     6500.5762  ANGLE   =      316.2549  DIHED      =     3056.6615
 VDWAALS =     6426.9124  EEL     =  -129633.6202  HBOND      =        0.0000
 1-4 VDW =     1145.0866  1-4 EEL =    13392.7649  RESTRAINT  =      204.2533
 EAMBER  =   -98795.3637


   NSTEP       ENERGY          RMS            GMAX         NAME    NUMBER
     45      -9.9630E+04     5.7465E+00     1.3268E+02     CG       3288

 BOND    =     6883.0399  ANGLE   =      319.5744  DIHED      =     3058.0431
 VDWAALS =     6525.2869  EEL     =  -131144.7389  HBOND      =        0.0000
 1-4 VDW =     1136.7761  1-4 EEL =    13381.6619  RESTRAINT  =      210.0303
 EAMBER  =   -99840.3566


   NSTEP       ENERGY          RMS            GMAX         NAME    NUMBER
     50      -1.0048E+05     5.4924E+00     1.2364E+02     CG       3288

 BOND    =     6866.5267  ANGLE   =      320.1022  DIHED      =     3058.9166
 VDWAALS =     6617.8918  EEL     =  -132064.9239  HBOND      =        0.0000
 1-4 VDW =     1131.4782  1-4 EEL =    13374.3362  RESTRAINT  =      211.4018
 EAMBER  =  -100695.6723


   NSTEP       ENERGY          RMS            GMAX         NAME    NUMBER
     55      -1.0166E+05     1.5977E+00     2.9416E+01     Na+      4152

 BOND    =     5115.0435  ANGLE   =      315.5655  DIHED      =     3059.5527
 VDWAALS =     6738.1100  EEL     =  -131595.3931  HBOND      =        0.0000
 1-4 VDW =     1127.0010  1-4 EEL =    13369.3776  RESTRAINT  =      209.2806
 EAMBER  =  -101870.7428


   NSTEP       ENERGY          RMS            GMAX         NAME    NUMBER
     60      -1.0229E+05     1.3776E+00     2.5328E+01     Na+      4152

 BOND    =     5244.9560  ANGLE   =      315.1683  DIHED      =     3059.9236
 VDWAALS =     6833.1615  EEL     =  -132433.1839  HBOND      =        0.0000
 1-4 VDW =     1123.6378  1-4 EEL =    13364.2416  RESTRAINT  =      206.7639
 EAMBER  =  -102492.0950


   NSTEP       ENERGY          RMS            GMAX         NAME    NUMBER
     65      -1.0291E+05     1.2904E+00     2.2672E+01     Na+      4152

 BOND    =     5307.5332  ANGLE   =      314.6319  DIHED      =     3060.2337
 VDWAALS =     6939.3128  EEL     =  -133211.5131  HBOND      =        0.0000
 1-4 VDW =     1120.4950  1-4 EEL =    13359.2284  RESTRAINT  =      203.5220
 EAMBER  =  -103110.0780


   NSTEP       ENERGY          RMS            GMAX         NAME    NUMBER
     70      -1.0351E+05     2.3298E+00     6.7183E+01     CG       3288

 BOND    =     5032.5667  ANGLE   =      313.9067  DIHED      =     3060.4668
 VDWAALS =     7066.0231  EEL     =  -133651.5650  HBOND      =        0.0000
 1-4 VDW =     1117.3633  1-4 EEL =    13354.2770  RESTRAINT  =      199.8019
 EAMBER  =  -103706.9616


   NSTEP       ENERGY          RMS            GMAX         NAME    NUMBER
     75      -1.0399E+05     1.7084E+00     4.5296E+01     CG       3288

 BOND    =     5210.6031  ANGLE   =      313.7202  DIHED      =     3060.5789
 VDWAALS =     7158.4466  EEL     =  -134401.2232  HBOND      =        0.0000
 1-4 VDW =     1115.2031  1-4 EEL =    13350.4910  RESTRAINT  =      197.6027
 EAMBER  =  -104192.1803


   NSTEP       ENERGY          RMS            GMAX         NAME    NUMBER
     80      -1.0436E+05     2.8530E+00     9.2378E+01     CG       3288

 BOND    =     5008.2658  ANGLE   =      313.6694  DIHED      =     3060.6074
 VDWAALS =     7258.6700  EEL     =  -134659.7485  HBOND      =        0.0000
 1-4 VDW =     1113.1315  1-4 EEL =    13347.1647  RESTRAINT  =      195.5354
 EAMBER  =  -104558.2397


   NSTEP       ENERGY          RMS            GMAX         NAME    NUMBER
     85      -1.0477E+05     2.9821E+00     1.0358E+02     CG       3288

 BOND    =     5024.7259  ANGLE   =      313.7694  DIHED      =     3060.5912
 VDWAALS =     7357.4542  EEL     =  -135172.2435  HBOND      =        0.0000
 1-4 VDW =     1111.1841  1-4 EEL =    13343.8404  RESTRAINT  =      193.9371
 EAMBER  =  -104960.6782


   NSTEP       ENERGY          RMS            GMAX         NAME    NUMBER
     90      -1.0513E+05     3.2843E+00     1.2222E+02     CG       3288

 BOND    =     5013.6208  ANGLE   =      314.0634  DIHED      =     3060.5251
 VDWAALS =     7455.8853  EEL     =  -135612.8578  HBOND      =        0.0000
 1-4 VDW =     1109.3772  1-4 EEL =    13340.7905  RESTRAINT  =      192.6176
 EAMBER  =  -105318.5956


   NSTEP       ENERGY          RMS            GMAX         NAME    NUMBER
     95      -1.0545E+05     3.1241E+00     1.1558E+02     CG       3288

 BOND    =     5067.7384  ANGLE   =      314.0967  DIHED      =     3060.4455
 VDWAALS =     7539.4949  EEL     =  -136071.8648  HBOND      =        0.0000
 1-4 VDW =     1107.9125  1-4 EEL =    13338.2839  RESTRAINT  =      191.6811
 EAMBER  =  -105643.8929


   NSTEP       ENERGY          RMS            GMAX         NAME    NUMBER
    100      -1.0579E+05     3.1983E+00     1.2668E+02     CG       3288

 BOND    =     5092.0505  ANGLE   =      314.2453  DIHED      =     3060.3291
 VDWAALS =     7636.5801  EEL     =  -136524.0662  HBOND      =        0.0000
 1-4 VDW =     1106.3312  1-4 EEL =    13335.5302  RESTRAINT  =      190.7218
 EAMBER  =  -105978.9997


   NSTEP       ENERGY          RMS            GMAX         NAME    NUMBER
    105      -1.0604E+05     9.4535E-01     1.3525E+01     Na+      4164

 BOND    =     5644.7854  ANGLE   =      313.9480  DIHED      =     3060.3423
 VDWAALS =     7667.1443  EEL     =  -137351.8819  HBOND      =        0.0000
 1-4 VDW =     1105.8109  1-4 EEL =    13334.1148  RESTRAINT  =      190.6107
 EAMBER  =  -106225.7363


   NSTEP       ENERGY          RMS            GMAX         NAME    NUMBER
    110      -1.0868E+05     5.1627E+00     2.4472E+02     O        4257

 BOND    =     7637.4680  ANGLE   =      325.6136  DIHED      =     3063.4607
 VDWAALS =     9413.7394  EEL     =  -143699.6527  HBOND      =        0.0000
 1-4 VDW =     1086.6151  1-4 EEL =    13299.9981  RESTRAINT  =      192.5217
 EAMBER  =  -108872.7577


   NSTEP       ENERGY          RMS            GMAX         NAME    NUMBER
    115      -1.0965E+05     1.5865E+00     9.8980E+01     CG       3288

 BOND    =     6405.3839  ANGLE   =      328.9973  DIHED      =     3063.7366
 VDWAALS =     9685.7938  EEL     =  -143702.1096  HBOND      =        0.0000
 1-4 VDW =     1084.0000  1-4 EEL =    13292.3428  RESTRAINT  =      192.7582
 EAMBER  =  -109841.8552


   NSTEP       ENERGY          RMS            GMAX         NAME    NUMBER
    120      -1.1047E+05     3.4599E+00     3.5879E+02     O        4545

 BOND    =     6727.8707  ANGLE   =      358.1545  DIHED      =     3063.4003
 VDWAALS =    10264.3326  EEL     =  -145459.6434  HBOND      =        0.0000
 1-4 VDW =     1084.9032  1-4 EEL =    13276.7345  RESTRAINT  =      214.6675
 EAMBER  =  -110684.2476


   NSTEP       ENERGY          RMS            GMAX         NAME    NUMBER
    125      -1.1135E+05     3.8806E+00     1.7449E+02     O        4251

 BOND    =     7487.5187  ANGLE   =      357.5421  DIHED      =     3065.3234
 VDWAALS =    11402.0370  EEL     =  -148285.3845  HBOND      =        0.0000
 1-4 VDW =     1083.3916  1-4 EEL =    13268.0793  RESTRAINT  =      270.1115
 EAMBER  =  -111621.4924


   NSTEP       ENERGY          RMS            GMAX         NAME    NUMBER
    130      -1.1136E+05     3.8215E+00     1.7216E+02     O        4251

 BOND    =     7471.9732  ANGLE   =      357.4807  DIHED      =     3065.3122
 VDWAALS =    11401.3175  EEL     =  -148277.7433  HBOND      =        0.0000
 1-4 VDW =     1083.3687  1-4 EEL =    13268.0816  RESTRAINT  =      269.9528
 EAMBER  =  -111630.2093


   NSTEP       ENERGY          RMS            GMAX         NAME    NUMBER
    135      -1.1201E+05     2.4584E+00     2.4570E+02     CG       1322

 BOND    =     6751.4142  ANGLE   =      339.4818  DIHED      =     3063.2133
 VDWAALS =    11340.3298  EEL     =  -148058.0989  HBOND      =        0.0000
 1-4 VDW =     1076.8332  1-4 EEL =    13272.1676  RESTRAINT  =      207.5825
 EAMBER  =  -112214.6591


   NSTEP       ENERGY          RMS            GMAX         NAME    NUMBER
    140      -1.1240E+05     1.6186E+00     1.0643E+02     O        4449

 BOND    =     6996.2303  ANGLE   =      343.6161  DIHED      =     3064.6134
 VDWAALS =    11404.1873  EEL     =  -148752.0124  HBOND      =        0.0000
 1-4 VDW =     1073.7074  1-4 EEL =    13278.9524  RESTRAINT  =      195.1150
 EAMBER  =  -112590.7054


   NSTEP       ENERGY          RMS            GMAX         NAME    NUMBER
    145      -1.1274E+05     1.7119E+00     1.8956E+02     CG       1322

 BOND    =     6788.5888  ANGLE   =      330.7931  DIHED      =     3064.2472
 VDWAALS =    11584.8506  EEL     =  -149061.9305  HBOND      =        0.0000
 1-4 VDW =     1072.5040  1-4 EEL =    13275.2776  RESTRAINT  =      210.3006
 EAMBER  =  -112945.6692


   NSTEP       ENERGY          RMS            GMAX         NAME    NUMBER
    150      -1.1304E+05     1.7680E+00     1.2369E+02     OD2      1324

 BOND    =     6937.8319  ANGLE   =      352.8841  DIHED      =     3062.0076
 VDWAALS =    11751.6154  EEL     =  -149698.3284  HBOND      =        0.0000
 1-4 VDW =     1072.2877  1-4 EEL =    13269.9741  RESTRAINT  =      211.0067
 EAMBER  =  -113251.7277


   NSTEP       ENERGY          RMS            GMAX         NAME    NUMBER
    155      -1.1305E+05     1.7154E+00     1.1978E+02     OD2      1324

 BOND    =     6930.7175  ANGLE   =      352.1510  DIHED      =     3061.9781
 VDWAALS =    11751.1971  EEL     =  -149695.5323  HBOND      =        0.0000
 1-4 VDW =     1072.2956  1-4 EEL =    13269.9977  RESTRAINT  =      210.7709
 EAMBER  =  -113257.1953


   NSTEP       ENERGY          RMS            GMAX         NAME    NUMBER
    160      -1.1329E+05     9.6526E-01     5.2308E+01     O        4449

 BOND    =     6872.7091  ANGLE   =      322.3757  DIHED      =     3060.1103
 VDWAALS =    11728.3271  EEL     =  -149810.0634  HBOND      =        0.0000
 1-4 VDW =     1071.6458  1-4 EEL =    13272.7544  RESTRAINT  =      191.6899
 EAMBER  =  -113482.1410


   NSTEP       ENERGY          RMS            GMAX         NAME    NUMBER
    165      -1.1351E+05     1.2214E+00     7.2788E+01     O        4449

 BOND    =     6943.4033  ANGLE   =      332.7308  DIHED      =     3060.6465
 VDWAALS =    11732.7383  EEL     =  -150118.6801  HBOND      =        0.0000
 1-4 VDW =     1072.7840  1-4 EEL =    13274.8683  RESTRAINT  =      186.7992
 EAMBER  =  -113701.5090


   NSTEP       ENERGY          RMS            GMAX         NAME    NUMBER
    170      -1.1378E+05     1.3414E+00     1.1456E+02     OD2      1324

 BOND    =     6909.9805  ANGLE   =      351.2912  DIHED      =     3060.9632
 VDWAALS =    11882.1674  EEL     =  -150525.5242  HBOND      =        0.0000
 1-4 VDW =     1075.3658  1-4 EEL =    13272.3613  RESTRAINT  =      193.3019
 EAMBER  =  -113973.3948


   NSTEP       ENERGY          RMS            GMAX         NAME    NUMBER
    175      -1.1404E+05     1.9087E+00     1.4129E+02     O        4449

 BOND    =     7051.1453  ANGLE   =      353.3680  DIHED      =     3060.4434
 VDWAALS =    12216.3740  EEL     =  -151278.1960  HBOND      =        0.0000
 1-4 VDW =     1077.2719  1-4 EEL =    13272.2771  RESTRAINT  =      210.4763
 EAMBER  =  -114247.3162


   NSTEP       ENERGY          RMS            GMAX         NAME    NUMBER
    180      -1.1404E+05     1.8555E+00     1.3731E+02     O        4449

 BOND    =     7047.7960  ANGLE   =      352.9263  DIHED      =     3060.3580
 VDWAALS =    12215.6990  EEL     =  -151278.4627  HBOND      =        0.0000
 1-4 VDW =     1077.2240  1-4 EEL =    13272.2861  RESTRAINT  =      210.1750
 EAMBER  =  -114252.1733


   NSTEP       ENERGY          RMS            GMAX         NAME    NUMBER
    185      -1.1427E+05     1.0372E+00     6.5648E+01     H2       4253

 BOND    =     6917.8948  ANGLE   =      322.0587  DIHED      =     3057.5825
 VDWAALS =    12210.2264  EEL     =  -151305.2342  HBOND      =        0.0000
 1-4 VDW =     1072.7143  1-4 EEL =    13273.3335  RESTRAINT  =      183.3510
 EAMBER  =  -114451.4240


   NSTEP       ENERGY          RMS            GMAX         NAME    NUMBER
    190      -1.1436E+05     9.0582E-01     6.6360E+01     O        4449

 BOND    =     7012.6851  ANGLE   =      328.4993  DIHED      =     3057.8688
 VDWAALS =    12277.2578  EEL     =  -151561.1880  HBOND      =        0.0000
 1-4 VDW =     1071.7075  1-4 EEL =    13274.3059  RESTRAINT  =      182.5968
 EAMBER  =  -114538.8636


   NSTEP       ENERGY          RMS            GMAX         NAME    NUMBER
    195      -1.1472E+05     1.8381E+00     1.2522E+02     OD2      1324

 BOND    =     7134.9077  ANGLE   =      358.6063  DIHED      =     3065.0339
 VDWAALS =    12750.8265  EEL     =  -152575.7284  HBOND      =        0.0000
 1-4 VDW =     1073.9591  1-4 EEL =    13268.5719  RESTRAINT  =      200.6309
 EAMBER  =  -114923.8230


   NSTEP       ENERGY          RMS            GMAX         NAME    NUMBER
    200      -1.1507E+05     2.0164E+00     1.6037E+02     H1       4450

 BOND    =     7270.6223  ANGLE   =      384.5442  DIHED      =     3058.7474
 VDWAALS =    13229.8233  EEL     =  -153571.3126  HBOND      =        0.0000
 1-4 VDW =     1075.5748  1-4 EEL =    13258.7603  RESTRAINT  =      221.5931
 EAMBER  =  -115293.2403


   NSTEP       ENERGY          RMS            GMAX         NAME    NUMBER
    205      -1.1508E+05     1.9748E+00     1.5400E+02     H1       4450

 BOND    =     7266.5388  ANGLE   =      383.8332  DIHED      =     3058.7047
 VDWAALS =    13229.1927  EEL     =  -153570.4349  HBOND      =        0.0000
 1-4 VDW =     1075.5332  1-4 EEL =    13258.8000  RESTRAINT  =      221.2950
 EAMBER  =  -115297.8323


   NSTEP       ENERGY          RMS            GMAX         NAME    NUMBER
    210      -1.1537E+05     1.1824E+00     7.5678E+01     CG       1851

 BOND    =     7207.4075  ANGLE   =      325.2920  DIHED      =     3054.9794
 VDWAALS =    13196.0073  EEL     =  -153679.4911  HBOND      =        0.0000
 1-4 VDW =     1070.2391  1-4 EEL =    13267.6942  RESTRAINT  =      187.1986
 EAMBER  =  -115557.8716


   NSTEP       ENERGY          RMS            GMAX         NAME    NUMBER
    215      -1.1548E+05     1.0218E+00     8.0626E+01     H2       4451

 BOND    =     7242.7638  ANGLE   =      329.8681  DIHED      =     3056.0211
 VDWAALS =    13187.0507  EEL     =  -153818.6669  HBOND      =        0.0000
 1-4 VDW =     1070.0135  1-4 EEL =    13270.4691  RESTRAINT  =      182.7419
 EAMBER  =  -115662.4807


   NSTEP       ENERGY          RMS            GMAX         NAME    NUMBER
    220      -1.1568E+05     1.5216E+00     9.3803E+01     H1      21226

 BOND    =     7303.6752  ANGLE   =      336.4398  DIHED      =     3055.8651
 VDWAALS =    13309.8689  EEL     =  -154216.5144  HBOND      =        0.0000
 1-4 VDW =     1071.6622  1-4 EEL =    13270.6015  RESTRAINT  =      191.8036
 EAMBER  =  -115868.4016


   NSTEP       ENERGY          RMS            GMAX         NAME    NUMBER
    225      -1.1580E+05     1.3435E+00     7.8895E+01     CD       2355

 BOND    =     7280.7083  ANGLE   =      332.8955  DIHED      =     3054.3881
 VDWAALS =    13430.9797  EEL     =  -154433.9773  HBOND      =        0.0000
 1-4 VDW =     1072.2484  1-4 EEL =    13269.3049  RESTRAINT  =      194.6295
 EAMBER  =  -115993.4526


   NSTEP       ENERGY          RMS            GMAX         NAME    NUMBER
    230      -1.1580E+05     1.2826E+00     7.1697E+01     CD       2355

 BOND    =     7277.8602  ANGLE   =      332.5382  DIHED      =     3054.3364
 VDWAALS =    13430.5870  EEL     =  -154433.8674  HBOND      =        0.0000
 1-4 VDW =     1072.2235  1-4 EEL =    13269.3095  RESTRAINT  =      194.4024
 EAMBER  =  -115997.0126


   NSTEP       ENERGY          RMS            GMAX         NAME    NUMBER
    235      -1.1593E+05     1.0027E+00     4.6070E+01     CD       2355

 BOND    =     7256.3070  ANGLE   =      329.8490  DIHED      =     3054.1996
 VDWAALS =    13452.7255  EEL     =  -154542.2279  HBOND      =        0.0000
 1-4 VDW =     1070.7477  1-4 EEL =    13269.2148  RESTRAINT  =      181.0971
 EAMBER  =  -116109.1843


   NSTEP       ENERGY          RMS            GMAX         NAME    NUMBER
    240      -1.1602E+05     9.9307E-01     6.1120E+01     Na+      4164

 BOND    =     7323.8088  ANGLE   =      332.0546  DIHED      =     3054.3538
 VDWAALS =    13542.3197  EEL     =  -154793.0499  HBOND      =        0.0000
 1-4 VDW =     1070.0688  1-4 EEL =    13269.9123  RESTRAINT  =      181.0303
 EAMBER  =  -116200.5318


   NSTEP       ENERGY          RMS            GMAX         NAME    NUMBER
    245      -1.1626E+05     1.2235E+00     5.4620E+01     CG       1582

 BOND    =     7395.0365  ANGLE   =      334.5474  DIHED      =     3053.6327
 VDWAALS =    13887.8197  EEL     =  -155469.8212  HBOND      =        0.0000
 1-4 VDW =     1071.4385  1-4 EEL =    13266.9724  RESTRAINT  =      197.3296
 EAMBER  =  -116460.3740


   NSTEP       ENERGY          RMS            GMAX         NAME    NUMBER
    250      -1.1645E+05     1.5590E+00     9.3733E+01     OD1      1323

 BOND    =     7460.5681  ANGLE   =      362.8571  DIHED      =     3054.0800
 VDWAALS =    14189.1363  EEL     =  -156057.7493  HBOND      =        0.0000
 1-4 VDW =     1071.4329  1-4 EEL =    13261.1529  RESTRAINT  =      212.5389
 EAMBER  =  -116658.5220


   NSTEP       ENERGY          RMS            GMAX         NAME    NUMBER
    255      -1.1645E+05     1.5164E+00     9.2386E+01     OD1      1323

 BOND    =     7457.1085  ANGLE   =      362.1023  DIHED      =     3054.0407
 VDWAALS =    14188.7305  EEL     =  -156056.9653  HBOND      =        0.0000
 1-4 VDW =     1071.4093  1-4 EEL =    13261.1834  RESTRAINT  =      212.2110
 EAMBER  =  -116662.3907


   NSTEP       ENERGY          RMS            GMAX         NAME    NUMBER
    260      -1.1666E+05     1.0566E+00     8.1780E+01     CG       1582

 BOND    =     7444.7680  ANGLE   =      328.3261  DIHED      =     3052.9603
 VDWAALS =    14162.6608  EEL     =  -156171.4359  HBOND      =        0.0000
 1-4 VDW =     1068.6574  1-4 EEL =    13265.8079  RESTRAINT  =      186.8421
 EAMBER  =  -116848.2555


   NSTEP       ENERGY          RMS            GMAX         NAME    NUMBER
    265      -1.1678E+05     9.4934E-01     5.8751E+01     H2       4451

 BOND    =     7474.0242  ANGLE   =      331.2785  DIHED      =     3053.6799
 VDWAALS =    14158.2964  EEL     =  -156310.0670  HBOND      =        0.0000
 1-4 VDW =     1068.6709  1-4 EEL =    13266.4588  RESTRAINT  =      181.3188
 EAMBER  =  -116957.6584


   NSTEP       ENERGY          RMS            GMAX         NAME    NUMBER
    270      -1.1691E+05     1.0734E+00     9.1742E+01     CG       3590

 BOND    =     7467.1173  ANGLE   =      327.7110  DIHED      =     3051.7423
 VDWAALS =    14210.4566  EEL     =  -156484.5472  HBOND      =        0.0000
 1-4 VDW =     1070.1201  1-4 EEL =    13265.0075  RESTRAINT  =      184.3817
 EAMBER  =  -117092.3924


   NSTEP       ENERGY          RMS            GMAX         NAME    NUMBER
    275      -1.1699E+05     1.1383E+00     4.5759E+01     OD2      1324

 BOND    =     7484.9596  ANGLE   =      330.7833  DIHED      =     3052.3655
 VDWAALS =    14310.1373  EEL     =  -156692.3592  HBOND      =        0.0000
 1-4 VDW =     1071.3577  1-4 EEL =    13264.0463  RESTRAINT  =      191.0535
 EAMBER  =  -117178.7096


   NSTEP       ENERGY          RMS            GMAX         NAME    NUMBER
    280      -1.1699E+05     1.0774E+00     4.3991E+01     OD2      1324

 BOND    =     7482.6569  ANGLE   =      330.3015  DIHED      =     3052.3041
 VDWAALS =    14310.0081  EEL     =  -156692.5827  HBOND      =        0.0000
 1-4 VDW =     1071.3193  1-4 EEL =    13264.0630  RESTRAINT  =      190.8268
 EAMBER  =  -117181.9298


   NSTEP       ENERGY          RMS            GMAX         NAME    NUMBER
    285      -1.1709E+05     9.8091E-01     6.7198E+01     CG       1582

 BOND    =     7473.2066  ANGLE   =      331.0119  DIHED      =     3052.4263
 VDWAALS =    14349.8523  EEL     =  -156812.4287  HBOND      =        0.0000
 1-4 VDW =     1069.5483  1-4 EEL =    13264.6783  RESTRAINT  =      179.8935
 EAMBER  =  -117271.7049


   NSTEP       ENERGY          RMS            GMAX         NAME    NUMBER
    290      -1.1717E+05     9.1260E-01     5.3235E+01     H2       4451

 BOND    =     7530.7968  ANGLE   =      331.4150  DIHED      =     3052.3191
 VDWAALS =    14431.8287  EEL     =  -157026.8993  HBOND      =        0.0000
 1-4 VDW =     1068.8521  1-4 EEL =    13265.4265  RESTRAINT  =      179.8871
 EAMBER  =  -117346.2611


   NSTEP       ENERGY          RMS            GMAX         NAME    NUMBER
    295      -1.1735E+05     1.0995E+00     5.6856E+01     CG       1582

 BOND    =     7580.4444  ANGLE   =      327.9953  DIHED      =     3051.7197
 VDWAALS =    14712.3157  EEL     =  -157547.7494  HBOND      =        0.0000
 1-4 VDW =     1069.8941  1-4 EEL =    13263.9277  RESTRAINT  =      192.4544
 EAMBER  =  -117541.4526


   NSTEP       ENERGY          RMS            GMAX         NAME    NUMBER
    300      -1.1748E+05     1.4010E+00     1.0030E+02     OD2      1324

 BOND    =     7617.5387  ANGLE   =      352.1540  DIHED      =     3051.5672
 VDWAALS =    14923.7496  EEL     =  -157956.9791  HBOND      =        0.0000
 1-4 VDW =     1070.5234  1-4 EEL =    13259.3064  RESTRAINT  =      203.4217
 EAMBER  =  -117682.1397


   NSTEP       ENERGY          RMS            GMAX         NAME    NUMBER
    305      -1.1748E+05     1.3570E+00     9.7405E+01     OD2      1324

 BOND    =     7615.0699  ANGLE   =      351.4181  DIHED      =     3051.5363
 VDWAALS =    14923.4281  EEL     =  -157957.0017  HBOND      =        0.0000
 1-4 VDW =     1070.5080  1-4 EEL =    13259.3499  RESTRAINT  =      203.1142
 EAMBER  =  -117685.6912


   NSTEP       ENERGY          RMS            GMAX         NAME    NUMBER
    310      -1.1764E+05     8.5176E-01     5.1443E+01     CG       1322

 BOND    =     7614.8003  ANGLE   =      326.0955  DIHED      =     3051.4869
 VDWAALS =    14908.2961  EEL     =  -158059.5948  HBOND      =        0.0000
 1-4 VDW =     1068.8543  1-4 EEL =    13262.6830  RESTRAINT  =      183.4807
 EAMBER  =  -117827.3789


   NSTEP       ENERGY          RMS            GMAX         NAME    NUMBER
    315      -1.1774E+05     8.7649E-01     5.2184E+01     CG       1582

 BOND    =     7639.8750  ANGLE   =      330.3694  DIHED      =     3052.2450
 VDWAALS =    14904.0209  EEL     =  -158173.1710  HBOND      =        0.0000
 1-4 VDW =     1068.6827  1-4 EEL =    13262.8718  RESTRAINT  =      179.4669
 EAMBER  =  -117915.1062


   NSTEP       ENERGY          RMS            GMAX         NAME    NUMBER
    320      -1.1784E+05     1.0177E+00     8.0758E+01     CG       1582

 BOND    =     7639.2618  ANGLE   =      325.7378  DIHED      =     3050.4761
 VDWAALS =    14945.9942  EEL     =  -158318.7601  HBOND      =        0.0000
 1-4 VDW =     1069.8456  1-4 EEL =    13262.3721  RESTRAINT  =      183.5101
 EAMBER  =  -118025.0724


   NSTEP       ENERGY          RMS            GMAX         NAME    NUMBER
    325      -1.1791E+05     1.1531E+00     7.0740E+01     OD2      1324

 BOND    =     7651.7023  ANGLE   =      330.8742  DIHED      =     3051.1092
 VDWAALS =    15038.5941  EEL     =  -158506.5157  HBOND      =        0.0000
 1-4 VDW =     1070.9333  1-4 EEL =    13260.9175  RESTRAINT  =      189.3943
 EAMBER  =  -118102.3850


   NSTEP       ENERGY          RMS            GMAX         NAME    NUMBER
    330      -1.1792E+05     1.0774E+00     6.6645E+01     OD2      1324

 BOND    =     7649.4621  ANGLE   =      330.3088  DIHED      =     3051.0391
 VDWAALS =    15038.4604  EEL     =  -158507.2098  HBOND      =        0.0000
 1-4 VDW =     1070.8955  1-4 EEL =    13260.9203  RESTRAINT  =      189.1538
 EAMBER  =  -118106.1235


   NSTEP       ENERGY          RMS            GMAX         NAME    NUMBER
    335      -1.1801E+05     9.8413E-01     7.3263E+01     CG       1582

 BOND    =     7646.0115  ANGLE   =      334.1323  DIHED      =     3051.7078
 VDWAALS =    15072.9881  EEL     =  -158621.4900  HBOND      =        0.0000
 1-4 VDW =     1069.4251  1-4 EEL =    13261.1952  RESTRAINT  =      179.6594
 EAMBER  =  -118186.0300


   NSTEP       ENERGY          RMS            GMAX         NAME    NUMBER
    340      -1.1808E+05     8.4038E-01     4.5954E+01     CG       1582

 BOND    =     7690.2975  ANGLE   =      329.9671  DIHED      =     3051.3715
 VDWAALS =    15152.6772  EEL     =  -158812.1630  HBOND      =        0.0000
 1-4 VDW =     1068.5815  1-4 EEL =    13262.2992  RESTRAINT  =      178.8328
 EAMBER  =  -118256.9690


   NSTEP       ENERGY          RMS            GMAX         NAME    NUMBER
    345      -1.1820E+05     9.8118E-01     6.4022E+01     CG       1582

 BOND    =     7714.6697  ANGLE   =      326.2686  DIHED      =     3049.9526
 VDWAALS =    15351.1139  EEL     =  -159163.7922  HBOND      =        0.0000
 1-4 VDW =     1069.2965  1-4 EEL =    13261.3497  RESTRAINT  =      186.2865
 EAMBER  =  -118391.1412


   NSTEP       ENERGY          RMS            GMAX         NAME    NUMBER
    350      -1.1830E+05     1.2463E+00     7.5889E+01     OD2      1324

 BOND    =     7753.6948  ANGLE   =      347.7583  DIHED      =     3049.8583
 VDWAALS =    15511.4778  EEL     =  -159487.8745  HBOND      =        0.0000
 1-4 VDW =     1069.6571  1-4 EEL =    13258.3362  RESTRAINT  =      194.3493
 EAMBER  =  -118497.0919


   NSTEP       ENERGY          RMS            GMAX         NAME    NUMBER
    355      -1.1831E+05     1.2000E+00     7.3259E+01     OD2      1324

 BOND    =     7751.7382  ANGLE   =      346.8685  DIHED      =     3049.8256
 VDWAALS =    15511.1788  EEL     =  -159488.2171  HBOND      =        0.0000
 1-4 VDW =     1069.6466  1-4 EEL =    13258.3785  RESTRAINT  =      194.0466
 EAMBER  =  -118500.5810


   NSTEP       ENERGY          RMS            GMAX         NAME    NUMBER
    360      -1.1843E+05     7.2208E-01     4.9251E+01     OD2      1324

 BOND    =     7745.6921  ANGLE   =      324.5624  DIHED      =     3050.1900
 VDWAALS =    15503.1566  EEL     =  -159563.5511  HBOND      =        0.0000
 1-4 VDW =     1068.4422  1-4 EEL =    13261.0341  RESTRAINT  =      180.0115
 EAMBER  =  -118610.4739


   NSTEP       ENERGY          RMS            GMAX         NAME    NUMBER
    365      -1.1850E+05     8.0236E-01     4.7796E+01     CG       1582

 BOND    =     7769.1159  ANGLE   =      329.1129  DIHED      =     3051.0612
 VDWAALS =    15504.4634  EEL     =  -159660.8378  HBOND      =        0.0000
 1-4 VDW =     1068.2647  1-4 EEL =    13261.3263  RESTRAINT  =      178.4183
 EAMBER  =  -118677.4933


   NSTEP       ENERGY          RMS            GMAX         NAME    NUMBER
    370      -1.1860E+05     8.8694E-01     6.2178E+01     CG       1582

 BOND    =     7773.6085  ANGLE   =      325.3003  DIHED      =     3049.0683
 VDWAALS =    15549.2082  EEL     =  -159810.0866  HBOND      =        0.0000
 1-4 VDW =     1069.5788  1-4 EEL =    13260.7919  RESTRAINT  =      182.6927
 EAMBER  =  -118782.5306


   NSTEP       ENERGY          RMS            GMAX         NAME    NUMBER
    375      -1.1866E+05     1.1003E+00     5.9440E+01     CG       1322

 BOND    =     7784.5072  ANGLE   =      330.2069  DIHED      =     3050.0770
 VDWAALS =    15634.3829  EEL     =  -159979.7607  HBOND      =        0.0000
 1-4 VDW =     1070.3676  1-4 EEL =    13259.7660  RESTRAINT  =      188.2877
 EAMBER  =  -118850.4531


   NSTEP       ENERGY          RMS            GMAX         NAME    NUMBER
    380      -1.1867E+05     1.0279E+00     5.5210E+01     CG       1322

 BOND    =     7782.8163  ANGLE   =      329.7154  DIHED      =     3050.0025
 VDWAALS =    15634.2941  EEL     =  -159980.7839  HBOND      =        0.0000
 1-4 VDW =     1070.3519  1-4 EEL =    13259.7430  RESTRAINT  =      188.0630
 EAMBER  =  -118853.8608


   NSTEP       ENERGY          RMS            GMAX         NAME    NUMBER
    385      -1.1875E+05     7.7714E-01     5.8601E+01     OD2      1324

 BOND    =     7786.3465  ANGLE   =      330.7078  DIHED      =     3050.4833
 VDWAALS =    15661.5456  EEL     =  -160086.2444  HBOND      =        0.0000
 1-4 VDW =     1069.1036  1-4 EEL =    13259.8251  RESTRAINT  =      179.2803
 EAMBER  =  -118928.2326


   NSTEP       ENERGY          RMS            GMAX         NAME    NUMBER
    390      -1.1881E+05     7.7575E-01     4.5660E+01     CG       1582

 BOND    =     7820.3184  ANGLE   =      330.7095  DIHED      =     3050.3973
 VDWAALS =    15738.6185  EEL     =  -160260.2186  HBOND      =        0.0000
 1-4 VDW =     1068.3339  1-4 EEL =    13260.8337  RESTRAINT  =      178.1055
 EAMBER  =  -118991.0073


   NSTEP       ENERGY          RMS            GMAX         NAME    NUMBER
    395      -1.1891E+05     7.6507E-01     3.5242E+01     CG       1582

 BOND    =     7835.4269  ANGLE   =      325.3995  DIHED      =     3048.8791
 VDWAALS =    15889.7502  EEL     =  -160519.5415  HBOND      =        0.0000
 1-4 VDW =     1068.7445  1-4 EEL =    13260.3024  RESTRAINT  =      181.9129
 EAMBER  =  -119091.0389


   NSTEP       ENERGY          RMS            GMAX         NAME    NUMBER
    400      -1.1898E+05     1.1107E+00     7.6781E+01     OD2      1324

 BOND    =     7872.4498  ANGLE   =      341.3392  DIHED      =     3048.6628
 VDWAALS =    16024.6232  EEL     =  -160786.9827  HBOND      =        0.0000
 1-4 VDW =     1068.9428  1-4 EEL =    13258.3092  RESTRAINT  =      188.5267
 EAMBER  =  -119172.6557


   NSTEP       ENERGY          RMS            GMAX         NAME    NUMBER
    405      -1.1899E+05     1.0585E+00     7.3152E+01     OD2      1324

 BOND    =     7870.5496  ANGLE   =      340.6382  DIHED      =     3048.6307
 VDWAALS =    16024.4044  EEL     =  -160787.3202  HBOND      =        0.0000
 1-4 VDW =     1068.9481  1-4 EEL =    13258.3404  RESTRAINT  =      188.2608
 EAMBER  =  -119175.8088


   NSTEP       ENERGY          RMS            GMAX         NAME    NUMBER
    410      -1.1909E+05     6.8181E-01     4.8373E+01     CG       1322

 BOND    =     7863.6246  ANGLE   =      324.1108  DIHED      =     3049.2877
 VDWAALS =    16017.4270  EEL     =  -160847.3929  HBOND      =        0.0000
 1-4 VDW =     1068.2273  1-4 EEL =    13260.5351  RESTRAINT  =      178.0268
 EAMBER  =  -119264.1805


   NSTEP       ENERGY          RMS            GMAX         NAME    NUMBER
    415      -1.1914E+05     7.2377E-01     4.1615E+01     CG       1582

 BOND    =     7883.7605  ANGLE   =      329.5004  DIHED      =     3049.7520
 VDWAALS =    16020.1081  EEL     =  -160931.7182  HBOND      =        0.0000
 1-4 VDW =     1068.2022  1-4 EEL =    13260.5236  RESTRAINT  =      177.5577
 EAMBER  =  -119319.8714


   NSTEP       ENERGY          RMS            GMAX         NAME    NUMBER
    420      -1.1923E+05     6.9903E-01     4.1676E+01     CG       1582

 BOND    =     7883.7156  ANGLE   =      326.3761  DIHED      =     3047.7572
 VDWAALS =    16060.1297  EEL     =  -161052.5173  HBOND      =        0.0000
 1-4 VDW =     1069.2548  1-4 EEL =    13259.7497  RESTRAINT  =      180.1833
 EAMBER  =  -119405.5343


   NSTEP       ENERGY          RMS            GMAX         NAME    NUMBER
    425      -1.1928E+05     9.5578E-01     4.4540E+01     OD2      1324

 BOND    =     7898.5742  ANGLE   =      329.4511  DIHED      =     3048.5242
 VDWAALS =    16140.3374  EEL     =  -161208.4021  HBOND      =        0.0000
 1-4 VDW =     1069.9097  1-4 EEL =    13258.8598  RESTRAINT  =      185.4944
 EAMBER  =  -119462.7457


   NSTEP       ENERGY          RMS            GMAX         NAME    NUMBER
    430      -1.1928E+05     8.9272E-01     4.2530E+01     OD2      1324

 BOND    =     7897.3253  ANGLE   =      329.0605  DIHED      =     3048.4488
 VDWAALS =    16140.2247  EEL     =  -161209.3937  HBOND      =        0.0000
 1-4 VDW =     1069.8996  1-4 EEL =    13258.8500  RESTRAINT  =      185.2948
 EAMBER  =  -119465.5848


   NSTEP       ENERGY          RMS            GMAX         NAME    NUMBER
    435      -1.1935E+05     6.8873E-01     4.0423E+01     CG       1582

 BOND    =     7902.0889  ANGLE   =      330.5332  DIHED      =     3049.0365
 VDWAALS =    16166.3572  EEL     =  -161305.6307  HBOND      =        0.0000
 1-4 VDW =     1068.8545  1-4 EEL =    13259.0271  RESTRAINT  =      178.1730
 EAMBER  =  -119529.7334


   NSTEP       ENERGY          RMS            GMAX         NAME    NUMBER
    440      -1.1940E+05     6.9263E-01     3.9354E+01     CG       1582

 BOND    =     7931.3049  ANGLE   =      328.9720  DIHED      =     3049.0632
 VDWAALS =    16230.4320  EEL     =  -161447.2683  HBOND      =        0.0000
 1-4 VDW =     1068.1459  1-4 EEL =    13259.9526  RESTRAINT  =      177.3387
 EAMBER  =  -119579.3976


   NSTEP       ENERGY          RMS            GMAX         NAME    NUMBER
    445      -1.1948E+05     6.7471E-01     3.0684E+01     CG       1582

 BOND    =     7947.3939  ANGLE   =      324.8914  DIHED      =     3047.7067
 VDWAALS =    16363.0792  EEL     =  -161674.2476  HBOND      =        0.0000
 1-4 VDW =     1068.4780  1-4 EEL =    13259.5774  RESTRAINT  =      179.5757
 EAMBER  =  -119663.1210


   NSTEP       ENERGY          RMS            GMAX         NAME    NUMBER
    450      -1.1954E+05     9.8800E-01     5.2971E+01     OD2      1324

 BOND    =     7974.1501  ANGLE   =      338.8779  DIHED      =     3047.5152
 VDWAALS =    16477.4350  EEL     =  -161893.9943  HBOND      =        0.0000
 1-4 VDW =     1068.6381  1-4 EEL =    13257.8367  RESTRAINT  =      185.2829
 EAMBER  =  -119729.5415


   NSTEP       ENERGY          RMS            GMAX         NAME    NUMBER
    455      -1.1955E+05     9.4043E-01     5.1019E+01     OD2      1324

 BOND    =     7972.6551  ANGLE   =      338.1713  DIHED      =     3047.4861
 VDWAALS =    16477.2346  EEL     =  -161894.2842  HBOND      =        0.0000
 1-4 VDW =     1068.6471  1-4 EEL =    13257.8665  RESTRAINT  =      185.0492
 EAMBER  =  -119732.2236


   NSTEP       ENERGY          RMS            GMAX         NAME    NUMBER
    460      -1.1963E+05     5.8703E-01     2.9697E+01     CG       1582

 BOND    =     7968.2889  ANGLE   =      323.6643  DIHED      =     3048.2010
 VDWAALS =    16473.1639  EEL     =  -161945.0255  HBOND      =        0.0000
 1-4 VDW =     1068.0593  1-4 EEL =    13259.5988  RESTRAINT  =      177.0562
 EAMBER  =  -119804.0493


   NSTEP       ENERGY          RMS            GMAX         NAME    NUMBER
    465      -1.1968E+05     6.6098E-01     4.0134E+01     CG       1582

 BOND    =     7986.9858  ANGLE   =      328.2825  DIHED      =     3048.7311
 VDWAALS =    16476.0542  EEL     =  -162019.7002  HBOND      =        0.0000
 1-4 VDW =     1067.9865  1-4 EEL =    13259.4043  RESTRAINT  =      177.1546
 EAMBER  =  -119852.2559


   NSTEP       ENERGY          RMS            GMAX         NAME    NUMBER
    470      -1.1974E+05     6.2698E-01     3.7503E+01     CG       1582

 BOND    =     7987.1384  ANGLE   =      325.8229  DIHED      =     3046.9516
 VDWAALS =    16512.9974  EEL     =  -162124.6493  HBOND      =        0.0000
 1-4 VDW =     1068.9106  1-4 EEL =    13258.6140  RESTRAINT  =      179.3028
 EAMBER  =  -119924.2145


   NSTEP       ENERGY          RMS            GMAX         NAME    NUMBER
    475      -1.1979E+05     8.7820E-01     3.9370E+01     CG       1582

 BOND    =     7998.9772  ANGLE   =      328.4736  DIHED      =     3047.6828
 VDWAALS =    16585.8364  EEL     =  -162262.1185  HBOND      =        0.0000
 1-4 VDW =     1069.5692  1-4 EEL =    13257.8068  RESTRAINT  =      184.0310
 EAMBER  =  -119973.7724


   NSTEP       ENERGY          RMS            GMAX         NAME    NUMBER
    480      -1.1979E+05     8.1646E-01     3.6701E+01     OD2      1324

 BOND    =     7997.9205  ANGLE   =      328.1152  DIHED      =     3047.6114
 VDWAALS =    16585.7364  EEL     =  -162263.0945  HBOND      =        0.0000
 1-4 VDW =     1069.5626  1-4 EEL =    13257.7965  RESTRAINT  =      183.8473
 EAMBER  =  -119976.3520


   NSTEP       ENERGY          RMS            GMAX         NAME    NUMBER
    485      -1.1985E+05     6.5562E-01     3.9759E+01     CG       1582

 BOND    =     8002.5431  ANGLE   =      330.1312  DIHED      =     3048.2646
 VDWAALS =    16610.3436  EEL     =  -162350.0898  HBOND      =        0.0000
 1-4 VDW =     1068.6894  1-4 EEL =    13257.9344  RESTRAINT  =      177.8375
 EAMBER  =  -120032.1834


   NSTEP       ENERGY          RMS            GMAX         NAME    NUMBER
    490      -1.1990E+05     6.3374E-01     3.7354E+01     CG       1582

 BOND    =     8028.4684  ANGLE   =      328.1320  DIHED      =     3048.2519
 VDWAALS =    16666.6024  EEL     =  -162473.4909  HBOND      =        0.0000
 1-4 VDW =     1067.9993  1-4 EEL =    13258.8989  RESTRAINT  =      177.1379
 EAMBER  =  -120075.1380


   NSTEP       ENERGY          RMS            GMAX         NAME    NUMBER
    495      -1.1997E+05     6.2381E-01     2.9063E+01     CG       1582

 BOND    =     8040.9105  ANGLE   =      324.6845  DIHED      =     3046.9489
 VDWAALS =    16780.4818  EEL     =  -162663.8205  HBOND      =        0.0000
 1-4 VDW =     1068.3040  1-4 EEL =    13258.5046  RESTRAINT  =      178.5597
 EAMBER  =  -120143.9861


   NSTEP       ENERGY          RMS            GMAX         NAME    NUMBER
    500      -1.2002E+05     9.1773E-01     4.5644E+01     OD2      1324

 BOND    =     8064.0506  ANGLE   =      336.6591  DIHED      =     3046.7486
 VDWAALS =    16879.4936  EEL     =  -162852.4430  HBOND      =        0.0000
 1-4 VDW =     1068.4351  1-4 EEL =    13257.1626  RESTRAINT  =      183.2977
 EAMBER  =  -120199.8935


  Maximum number of minimization cycles reached.


                    FINAL RESULTS



   NSTEP       ENERGY          RMS            GMAX         NAME    NUMBER
    500      -1.2002E+05     9.1773E-01     4.5644E+01     OD2      1324

 BOND    =     8064.0506  ANGLE   =      336.6591  DIHED      =     3046.7486
 VDWAALS =    16879.4936  EEL     =  -162852.4430  HBOND      =        0.0000
 1-4 VDW =     1068.4351  1-4 EEL =    13257.1626  RESTRAINT  =      183.2977
 EAMBER  =  -120199.8935
--------------------------------------------------------------------------------
   5.  TIMINGS
--------------------------------------------------------------------------------

|  NonSetup CPU Time in Major Routines:
|
|     Routine           Sec        %
|     ------------------------------
|     Nonbond          55.91   96.00
|     Bond              0.17    0.29
|     Angle             0.26    0.45
|     Dihedral          1.69    2.91
|     Shake             0.00    0.00
|     Other             0.21    0.36
|     ------------------------------
|     Total            58.24

|  PME Nonbond Pairlist CPU Time:
|
|     Routine              Sec        %
|     ---------------------------------
|     Set Up Cit           0.01    0.02
|     Build List           1.32    2.27
|     ---------------------------------
|     Total                1.33    2.29

|  PME Direct Force CPU Time:
|
|     Routine              Sec        %
|     ---------------------------------
|     NonBonded Calc      37.01   63.54
|     Exclude Masked       0.84    1.44
|     Other                0.21    0.36
|     ---------------------------------
|     Total               38.06   65.34

|  PME Reciprocal Force CPU Time:
|
|     Routine              Sec        %
|     ---------------------------------
|     1D bspline           0.62    1.07
|     Grid Charges         1.06    1.83
|     Scalar Sum           6.00   10.30
|     Gradient Sum         2.07    3.55
|     FFT                  6.73   11.55
|     ---------------------------------
|     Total               16.48   28.30

|  Setup CPU time:            0.16 seconds
|  NonSetup CPU time:        58.24 seconds
|  Total CPU time:           58.40 seconds     0.02 hours

|  Setup wall time:           0    seconds
|  NonSetup wall time:       80    seconds
|  Total wall time:          80    seconds     0.02 hours
