
          -------------------------------------------------------
          Amber 16 PMEMD                              2016
          -------------------------------------------------------

| PMEMD implementation of SANDER, Release 16

| Run on 10/25/2016 at 22:59:21

|   Executable path: pmemd
| Working directory: /home/german/exs/run/1prn/mhe/m
|          Hostname: Unknown
  [-O]verwriting output

File Assignments:
|   MDIN: mmin.in                                                               
|  MDOUT: mmin.out                                                              
| INPCRD: m1prn.rst7                                                            
|   PARM: 1prn.prmtop                                                           
| RESTRT: mm1prn.rst7                                                           
|   REFC: 1prn.rst7                                                             
|  MDVEL: mdvel                                                                 
|   MDEN: mden                                                                  
|  MDCRD: mm1prn.crd                                                            
| MDINFO: mdinfo                                                                
|  MDFRC: mdfrc                                                                 


 Here is the input file:

Minimization with Cartesian restraints                                         
&cntrl                                                                         
imin=1,                                                                        
ntmin=1,                                ! Steepest Descent, then Conjugate Grad
ncyc=100,                               ! 100 steps of Steepest Descent        
maxcyc=500,                             ! 400 steps of Conjugate Gradient      
ntpr=5,                                                                        
&end                                                                           


Note: ig = -1. Setting random seed to   324648 based on wallclock time in 
      microseconds.
 
 
| Conditional Compilation Defines Used:
| PUBFFT
| BINTRAJ
| EMIL

| Largest sphere to fit in unit cell has radius =    31.991

| New format PARM file being parsed.
| Version =    1.000 Date = 10/25/16 Time = 12:15:56

| Note: 1-4 EEL scale factors are being read from the topology file.

| Note: 1-4 VDW scale factors are being read from the topology file.
| Duplicated    0 dihedrals

| Duplicated    0 dihedrals

--------------------------------------------------------------------------------
   1.  RESOURCE   USE: 
--------------------------------------------------------------------------------

 getting box info from netcdf restart file
 NATOM  =   31841 NTYPES =      16 NBONH =   29650 MBONA  =    2207
 NTHETH =    4442 MTHETA =    3007 NPHIH =    9478 MPHIA  =    9572
 NHPARM =       0 NPARM  =       0 NNB   =   59506 NRES   =    9539
 NBONA  =    2207 NTHETA =    3007 NPHIA =    9572 NUMBND =      59
 NUMANG =     136 NPTRA  =     166 NATYP =      30 NPHB   =       1
 IFBOX  =       2 NMXRS  =      24 IFCAP =       0 NEXTRA =       0
 NCOPY  =       0

| Coordinate Index Table dimensions:    15   15   15
| Direct force subcell size =     5.2242    5.2242    5.2242

     BOX TYPE: TRUNCATED OCTAHEDRON

--------------------------------------------------------------------------------
   2.  CONTROL  DATA  FOR  THE  RUN
--------------------------------------------------------------------------------

default_name                                                                    

General flags:
     imin    =       1, nmropt  =       0

Nature and format of input:
     ntx     =       1, irest   =       0, ntrx    =       1

Nature and format of output:
     ntxo    =       2, ntpr    =       5, ntrx    =       1, ntwr    =       1
     iwrap   =       0, ntwx    =       0, ntwv    =       0, ntwe    =       0
     ioutfm  =       1, ntwprt  =       0, idecomp =       0, rbornstat=      0

Potential function:
     ntf     =       1, ntb     =       1, igb     =       0, nsnb    =      25
     ipol    =       0, gbsa    =       0, iesp    =       0
     dielc   =   1.00000, cut     =   8.00000, intdiel =   1.00000

Frozen or restrained atoms:
     ibelly  =       0, ntr     =       0

Energy minimization:
     maxcyc  =     500, ncyc    =     100, ntmin   =       1
     dx0     =   0.01000, drms    =   0.00010

| Intermolecular bonds treatment:
|     no_intermolecular_bonds =       1

| Energy averages sample interval:
|     ene_avg_sampling =       1

Ewald parameters:
     verbose =       0, ew_type =       0, nbflag  =       1, use_pme =       1
     vdwmeth =       1, eedmeth =       1, netfrc  =       0
     Box X =   78.363   Box Y =   78.363   Box Z =   78.363
     Alpha =  109.471   Beta  =  109.471   Gamma =  109.471
     NFFT1 =   80       NFFT2 =   80       NFFT3 =   80
     Cutoff=    8.000   Tol   =0.100E-04
     Ewald Coefficient =  0.34864
     Interpolation order =    4

--------------------------------------------------------------------------------
   3.  ATOMIC COORDINATES AND VELOCITIES
--------------------------------------------------------------------------------

default_name                                                                    
 begin time read from input coords =     0.000 ps

 
 Number of triangulated 3-point waters found:     9223

     Sum of charges from parm topology file =  -0.00000024
     Forcing neutrality...

| Dynamic Memory, Types Used:
| Reals              825622
| Integers          1080400

| Nonbonded Pairs Initial Allocation:     5318243

--------------------------------------------------------------------------------
   4.  RESULTS
--------------------------------------------------------------------------------

 ---------------------------------------------------
 APPROXIMATING switch and d/dx switch using CUBIC SPLINE INTERPOLATION
 using   5000.0 points per unit in tabled values
 TESTING RELATIVE ERROR over r ranging from 0.0 to cutoff
| CHECK switch(x): max rel err =   0.2738E-14   at   2.422500
| CHECK d/dx switch(x): max rel err =   0.8332E-11   at   2.782960
 ---------------------------------------------------
|---------------------------------------------------
| APPROXIMATING direct energy using CUBIC SPLINE INTERPOLATION
|  with   50.0 points per unit in tabled values
| Relative Error Limit not exceeded for r .gt.   2.47
| APPROXIMATING direct force using CUBIC SPLINE INTERPOLATION
|  with   50.0 points per unit in tabled values
| Relative Error Limit not exceeded for r .gt.   2.89
|---------------------------------------------------


   NSTEP       ENERGY          RMS            GMAX         NAME    NUMBER
      1      -1.2020E+05     1.0470E+00     3.8942E+01     OD1      1323

 BOND    =     8064.0506  ANGLE   =      336.6591  DIHED      =     3046.7486
 VDWAALS =    16879.4936  EEL     =  -162852.4430  HBOND      =        0.0000
 1-4 VDW =     1068.4351  1-4 EEL =    13257.1626  RESTRAINT  =        0.0000


   NSTEP       ENERGY          RMS            GMAX         NAME    NUMBER
      5      -1.2022E+05     8.6041E-01     3.3745E+01     OD1      1323

 BOND    =     8058.8300  ANGLE   =      333.9951  DIHED      =     3047.1274
 VDWAALS =    16875.8827  EEL     =  -162854.8823  HBOND      =        0.0000
 1-4 VDW =     1066.6636  1-4 EEL =    13253.6741  RESTRAINT  =        0.0000


   NSTEP       ENERGY          RMS            GMAX         NAME    NUMBER
     10      -1.2026E+05     6.6064E-01     1.8850E+01     OD1      1323

 BOND    =     8056.1941  ANGLE   =      330.0908  DIHED      =     3048.7660
 VDWAALS =    16866.3223  EEL     =  -162864.3166  HBOND      =        0.0000
 1-4 VDW =     1060.6059  1-4 EEL =    13241.3344  RESTRAINT  =        0.0000


   NSTEP       ENERGY          RMS            GMAX         NAME    NUMBER
     15      -1.2034E+05     5.0547E-01     1.1396E+01     HG       1805

 BOND    =     8060.2650  ANGLE   =      329.9964  DIHED      =     3053.8449
 VDWAALS =    16849.8883  EEL     =  -162888.1295  HBOND      =        0.0000
 1-4 VDW =     1044.5675  1-4 EEL =    13207.4599  RESTRAINT  =        0.0000


   NSTEP       ENERGY          RMS            GMAX         NAME    NUMBER
     20      -1.2049E+05     4.1758E-01     1.5789E+01     CG       1582

 BOND    =     8073.8276  ANGLE   =      339.6327  DIHED      =     3062.3446
 VDWAALS =    16839.9329  EEL     =  -162950.8906  HBOND      =        0.0000
 1-4 VDW =     1007.9296  1-4 EEL =    13138.0455  RESTRAINT  =        0.0000


   NSTEP       ENERGY          RMS            GMAX         NAME    NUMBER
     25      -1.2056E+05     6.1298E-01     7.0429E+01     CG       1582

 BOND    =     8083.7035  ANGLE   =      345.3425  DIHED      =     3065.0309
 VDWAALS =    16848.1067  EEL     =  -162997.3814  HBOND      =        0.0000
 1-4 VDW =      990.1149  1-4 EEL =    13109.5220  RESTRAINT  =        0.0000


   NSTEP       ENERGY          RMS            GMAX         NAME    NUMBER
     30      -1.2058E+05     8.9757E-01     1.1731E+02     CG       1582

 BOND    =     8092.0790  ANGLE   =      347.9312  DIHED      =     3065.9632
 VDWAALS =    16854.8196  EEL     =  -163022.0478  HBOND      =        0.0000
 1-4 VDW =      983.0055  1-4 EEL =    13098.4512  RESTRAINT  =        0.0000


   NSTEP       ENERGY          RMS            GMAX         NAME    NUMBER
     35      -1.2061E+05     9.5496E-01     1.2088E+02     CG       1582

 BOND    =     8096.8554  ANGLE   =      350.2324  DIHED      =     3066.8377
 VDWAALS =    16862.6867  EEL     =  -163048.8300  HBOND      =        0.0000
 1-4 VDW =      976.2853  1-4 EEL =    13087.9205  RESTRAINT  =        0.0000


   NSTEP       ENERGY          RMS            GMAX         NAME    NUMBER
     40      -1.2064E+05     9.8272E-01     1.1597E+02     CG       1582

 BOND    =     8101.0976  ANGLE   =      352.4000  DIHED      =     3067.6285
 VDWAALS =    16871.5486  EEL     =  -163077.0084  HBOND      =        0.0000
 1-4 VDW =      970.1667  1-4 EEL =    13078.2309  RESTRAINT  =        0.0000


   NSTEP       ENERGY          RMS            GMAX         NAME    NUMBER
     45      -1.2067E+05     2.9735E-01     1.2064E+01     CG       1582

 BOND    =     8093.1274  ANGLE   =      353.2420  DIHED      =     3068.2814
 VDWAALS =    16880.0782  EEL     =  -163102.0501  HBOND      =        0.0000
 1-4 VDW =      965.2104  1-4 EEL =    13070.2675  RESTRAINT  =        0.0000


   NSTEP       ENERGY          RMS            GMAX         NAME    NUMBER
     50      -1.2068E+05     1.0632E+00     1.1777E+02     CG       1582

 BOND    =     8109.7072  ANGLE   =      356.1018  DIHED      =     3068.8564
 VDWAALS =    16889.5169  EEL     =  -163130.5707  HBOND      =        0.0000
 1-4 VDW =      960.5775  1-4 EEL =    13062.7772  RESTRAINT  =        0.0000


   NSTEP       ENERGY          RMS            GMAX         NAME    NUMBER
     55      -1.2071E+05     1.1096E+00     1.1322E+02     CG       1582

 BOND    =     8114.3338  ANGLE   =      357.8810  DIHED      =     3069.4041
 VDWAALS =    16899.4480  EEL     =  -163158.9560  HBOND      =        0.0000
 1-4 VDW =      956.3031  1-4 EEL =    13055.7191  RESTRAINT  =        0.0000


   NSTEP       ENERGY          RMS            GMAX         NAME    NUMBER
     60      -1.2074E+05     3.5298E-01     2.0708E+01     CG        362

 BOND    =     8103.3888  ANGLE   =      357.8507  DIHED      =     3069.9132
 VDWAALS =    16909.0538  EEL     =  -163184.8696  HBOND      =        0.0000
 1-4 VDW =      952.5284  1-4 EEL =    13049.4369  RESTRAINT  =        0.0000


   NSTEP       ENERGY          RMS            GMAX         NAME    NUMBER
     65      -1.2076E+05     2.6415E-01     6.7620E+00     CG        362

 BOND    =     8105.5334  ANGLE   =      358.9451  DIHED      =     3070.2746
 VDWAALS =    16917.3301  EEL     =  -163207.9146  HBOND      =        0.0000
 1-4 VDW =      949.6916  1-4 EEL =    13044.6286  RESTRAINT  =        0.0000


   NSTEP       ENERGY          RMS            GMAX         NAME    NUMBER
     70      -1.2078E+05     2.6081E-01     7.4357E+00     CG        362

 BOND    =     8108.7872  ANGLE   =      360.1901  DIHED      =     3070.6956
 VDWAALS =    16927.7353  EEL     =  -163236.3214  HBOND      =        0.0000
 1-4 VDW =      946.4365  1-4 EEL =    13039.0393  RESTRAINT  =        0.0000


   NSTEP       ENERGY          RMS            GMAX         NAME    NUMBER
     75      -1.2080E+05     2.6409E-01     9.5662E+00     CG        362

 BOND    =     8112.0753  ANGLE   =      361.3503  DIHED      =     3071.0882
 VDWAALS =    16938.4420  EEL     =  -163265.0858  HBOND      =        0.0000
 1-4 VDW =      943.4217  1-4 EEL =    13033.7833  RESTRAINT  =        0.0000


   NSTEP       ENERGY          RMS            GMAX         NAME    NUMBER
     80      -1.2082E+05     5.2518E-01     4.5072E+01     CG        362

 BOND    =     8117.7687  ANGLE   =      362.7482  DIHED      =     3071.4915
 VDWAALS =    16950.1836  EEL     =  -163296.0348  HBOND      =        0.0000
 1-4 VDW =      940.3914  1-4 EEL =    13028.4757  RESTRAINT  =        0.0000


   NSTEP       ENERGY          RMS            GMAX         NAME    NUMBER
     85      -1.2085E+05     3.2679E-01     2.3258E+01     CG        362

 BOND    =     8118.7734  ANGLE   =      363.2453  DIHED      =     3071.7755
 VDWAALS =    16959.6947  EEL     =  -163321.3475  HBOND      =        0.0000
 1-4 VDW =      938.1823  1-4 EEL =    13024.4513  RESTRAINT  =        0.0000


   NSTEP       ENERGY          RMS            GMAX         NAME    NUMBER
     90      -1.2087E+05     3.4002E-01     2.7213E+01     CG        362

 BOND    =     8122.0935  ANGLE   =      364.1026  DIHED      =     3072.0897
 VDWAALS =    16970.6620  EEL     =  -163350.1999  HBOND      =        0.0000
 1-4 VDW =      935.8011  1-4 EEL =    13020.1123  RESTRAINT  =        0.0000


   NSTEP       ENERGY          RMS            GMAX         NAME    NUMBER
     95      -1.2088E+05     3.9396E-01     3.6616E+01     CG        362

 BOND    =     8125.7130  ANGLE   =      364.9404  DIHED      =     3072.3849
 VDWAALS =    16981.7180  EEL     =  -163379.0100  HBOND      =        0.0000
 1-4 VDW =      933.5853  1-4 EEL =    13016.0296  RESTRAINT  =        0.0000


   NSTEP       ENERGY          RMS            GMAX         NAME    NUMBER
    100      -1.2090E+05     6.1739E-01     6.5690E+01     CG        362

 BOND    =     8131.1160  ANGLE   =      365.9581  DIHED      =     3072.6467
 VDWAALS =    16991.9433  EEL     =  -163405.3930  HBOND      =        0.0000
 1-4 VDW =      931.6642  1-4 EEL =    13012.4942  RESTRAINT  =        0.0000


   NSTEP       ENERGY          RMS            GMAX         NAME    NUMBER
    105      -1.2092E+05     2.5762E-01     6.8734E+00     CG       1582

 BOND    =     8131.2569  ANGLE   =      366.1237  DIHED      =     3072.8892
 VDWAALS =    17003.4442  EEL     =  -163435.6702  HBOND      =        0.0000
 1-4 VDW =      929.6926  1-4 EEL =    13008.6173  RESTRAINT  =        0.0000


   NSTEP       ENERGY          RMS            GMAX         NAME    NUMBER
    110      -1.2147E+05     1.5692E+00     7.8665E+01     CG       2666

 BOND    =     8291.3392  ANGLE   =      420.0044  DIHED      =     3103.3919
 VDWAALS =    17605.4546  EEL     =  -164597.8052  HBOND      =        0.0000
 1-4 VDW =      850.0690  1-4 EEL =    12854.1956  RESTRAINT  =        0.0000


   NSTEP       ENERGY          RMS            GMAX         NAME    NUMBER
    115      -1.2162E+05     9.0327E-01     4.6164E+01     CG       1582

 BOND    =     8392.5553  ANGLE   =      489.1104  DIHED      =     3122.8147
 VDWAALS =    17882.6630  EEL     =  -165122.0008  HBOND      =        0.0000
 1-4 VDW =      827.9583  1-4 EEL =    12782.9083  RESTRAINT  =        0.0000


   NSTEP       ENERGY          RMS            GMAX         NAME    NUMBER
    120      -1.2176E+05     9.5585E-01     3.3167E+01     O       19371

 BOND    =     8412.0081  ANGLE   =      521.1493  DIHED      =     3133.2556
 VDWAALS =    18122.2195  EEL     =  -165515.7663  HBOND      =        0.0000
 1-4 VDW =      824.2787  1-4 EEL =    12739.8585  RESTRAINT  =        0.0000


   NSTEP       ENERGY          RMS            GMAX         NAME    NUMBER
    125      -1.2187E+05     9.8588E-01     5.1304E+01     CG       2666

 BOND    =     8504.2651  ANGLE   =      517.5446  DIHED      =     3136.7277
 VDWAALS =    18339.1288  EEL     =  -165904.9087  HBOND      =        0.0000
 1-4 VDW =      820.3020  1-4 EEL =    12721.1131  RESTRAINT  =        0.0000


   NSTEP       ENERGY          RMS            GMAX         NAME    NUMBER
    130      -1.2187E+05     9.2887E-01     4.5346E+01     CG       2666

 BOND    =     8501.3967  ANGLE   =      517.0259  DIHED      =     3136.6484
 VDWAALS =    18338.7998  EEL     =  -165904.1664  HBOND      =        0.0000
 1-4 VDW =      820.3056  1-4 EEL =    12721.1689  RESTRAINT  =        0.0000


   NSTEP       ENERGY          RMS            GMAX         NAME    NUMBER
    135      -1.2196E+05     6.9771E-01     3.5462E+01     O       19371

 BOND    =     8467.6654  ANGLE   =      515.7466  DIHED      =     3129.7062
 VDWAALS =    18322.3123  EEL     =  -165950.8981  HBOND      =        0.0000
 1-4 VDW =      824.4771  1-4 EEL =    12731.8568  RESTRAINT  =        0.0000


   NSTEP       ENERGY          RMS            GMAX         NAME    NUMBER
    140      -1.2207E+05     9.9708E-01     6.5503E+01     O       19371

 BOND    =     8506.5707  ANGLE   =      482.0467  DIHED      =     3117.2186
 VDWAALS =    18314.1437  EEL     =  -166088.3794  HBOND      =        0.0000
 1-4 VDW =      834.4654  1-4 EEL =    12768.7571  RESTRAINT  =        0.0000


   NSTEP       ENERGY          RMS            GMAX         NAME    NUMBER
    145      -1.2219E+05     6.8481E-01     3.6297E+01     O       19371

 BOND    =     8458.6388  ANGLE   =      424.2209  DIHED      =     3101.7009
 VDWAALS =    18323.6243  EEL     =  -166163.3239  HBOND      =        0.0000
 1-4 VDW =      850.5965  1-4 EEL =    12813.7156  RESTRAINT  =        0.0000


   NSTEP       ENERGY          RMS            GMAX         NAME    NUMBER
    150      -1.2227E+05     7.2029E-01     3.5110E+01     CG       1582

 BOND    =     8440.4764  ANGLE   =      418.7939  DIHED      =     3087.7369
 VDWAALS =    18306.4640  EEL     =  -166232.9909  HBOND      =        0.0000
 1-4 VDW =      868.4455  1-4 EEL =    12836.3710  RESTRAINT  =        0.0000


   NSTEP       ENERGY          RMS            GMAX         NAME    NUMBER
    155      -1.2228E+05     6.6076E-01     2.9265E+01     CG       1582

 BOND    =     8438.7029  ANGLE   =      418.4297  DIHED      =     3087.6813
 VDWAALS =    18306.1779  EEL     =  -166232.9038  HBOND      =        0.0000
 1-4 VDW =      868.4358  1-4 EEL =    12836.4618  RESTRAINT  =        0.0000


   NSTEP       ENERGY          RMS            GMAX         NAME    NUMBER
    160      -1.2231E+05     5.1098E-01     4.2363E+01     CG       1582

 BOND    =     8436.5656  ANGLE   =      401.8015  DIHED      =     3085.8594
 VDWAALS =    18300.6162  EEL     =  -166246.3421  HBOND      =        0.0000
 1-4 VDW =      866.2064  1-4 EEL =    12840.4606  RESTRAINT  =        0.0000


   NSTEP       ENERGY          RMS            GMAX         NAME    NUMBER
    165      -1.2234E+05     5.8249E-01     3.9496E+01     O       19371

 BOND    =     8451.8116  ANGLE   =      407.7154  DIHED      =     3084.1808
 VDWAALS =    18295.4405  EEL     =  -166286.1685  HBOND      =        0.0000
 1-4 VDW =      864.4578  1-4 EEL =    12841.8070  RESTRAINT  =        0.0000


   NSTEP       ENERGY          RMS            GMAX         NAME    NUMBER
    170      -1.2242E+05     6.9274E-01     3.3536E+01     CG        362

 BOND    =     8463.9133  ANGLE   =      413.0388  DIHED      =     3079.4609
 VDWAALS =    18316.7436  EEL     =  -166411.0678  HBOND      =        0.0000
 1-4 VDW =      865.2145  1-4 EEL =    12848.7857  RESTRAINT  =        0.0000


   NSTEP       ENERGY          RMS            GMAX         NAME    NUMBER
    175      -1.2248E+05     7.6747E-01     4.4146E+01     CG        362

 BOND    =     8465.1202  ANGLE   =      410.8215  DIHED      =     3075.9837
 VDWAALS =    18354.5165  EEL     =  -166511.0787  HBOND      =        0.0000
 1-4 VDW =      868.0957  1-4 EEL =    12858.2287  RESTRAINT  =        0.0000


   NSTEP       ENERGY          RMS            GMAX         NAME    NUMBER
    180      -1.2248E+05     7.0772E-01     3.7845E+01     CG        362

 BOND    =     8463.3211  ANGLE   =      410.3062  DIHED      =     3075.9310
 VDWAALS =    18354.3561  EEL     =  -166510.8465  HBOND      =        0.0000
 1-4 VDW =      868.0957  1-4 EEL =    12858.2308  RESTRAINT  =        0.0000


   NSTEP       ENERGY          RMS            GMAX         NAME    NUMBER
    185      -1.2253E+05     5.5513E-01     3.9654E+01     CG        362

 BOND    =     8458.4165  ANGLE   =      409.8866  DIHED      =     3073.2213
 VDWAALS =    18358.3253  EEL     =  -166557.8779  HBOND      =        0.0000
 1-4 VDW =      868.4667  1-4 EEL =    12859.7409  RESTRAINT  =        0.0000


   NSTEP       ENERGY          RMS            GMAX         NAME    NUMBER
    190      -1.2256E+05     5.8782E-01     2.3585E+01     H2      19373

 BOND    =     8477.7401  ANGLE   =      398.7894  DIHED      =     3071.2264
 VDWAALS =    18374.9676  EEL     =  -166621.2313  HBOND      =        0.0000
 1-4 VDW =      869.3022  1-4 EEL =    12864.5737  RESTRAINT  =        0.0000


   NSTEP       ENERGY          RMS            GMAX         NAME    NUMBER
    195      -1.2261E+05     4.3928E-01     2.5044E+01     CG       1582

 BOND    =     8466.8849  ANGLE   =      390.9561  DIHED      =     3069.1824
 VDWAALS =    18418.5934  EEL     =  -166699.9893  HBOND      =        0.0000
 1-4 VDW =      873.9633  1-4 EEL =    12871.3128  RESTRAINT  =        0.0000


   NSTEP       ENERGY          RMS            GMAX         NAME    NUMBER
    200      -1.2263E+05     5.6833E-01     2.6338E+01     CG       1582

 BOND    =     8469.6988  ANGLE   =      398.0207  DIHED      =     3067.6761
 VDWAALS =    18444.6734  EEL     =  -166761.8001  HBOND      =        0.0000
 1-4 VDW =      877.1742  1-4 EEL =    12872.8167  RESTRAINT  =        0.0000


   NSTEP       ENERGY          RMS            GMAX         NAME    NUMBER
    205      -1.2263E+05     4.9859E-01     1.9623E+01     CG       1582

 BOND    =     8468.0957  ANGLE   =      397.6494  DIHED      =     3067.6472
 VDWAALS =    18444.5081  EEL     =  -166761.8464  HBOND      =        0.0000
 1-4 VDW =      877.1424  1-4 EEL =    12872.8867  RESTRAINT  =        0.0000


   NSTEP       ENERGY          RMS            GMAX         NAME    NUMBER
    210      -1.2266E+05     4.0575E-01     2.6098E+01     CG       1582

 BOND    =     8469.1292  ANGLE   =      385.5242  DIHED      =     3067.2099
 VDWAALS =    18442.7308  EEL     =  -166773.9335  HBOND      =        0.0000
 1-4 VDW =      875.5465  1-4 EEL =    12874.4808  RESTRAINT  =        0.0000


   NSTEP       ENERGY          RMS            GMAX         NAME    NUMBER
    215      -1.2268E+05     5.3263E-01     2.4258E+01     H1      19372

 BOND    =     8485.2490  ANGLE   =      391.7102  DIHED      =     3066.1572
 VDWAALS =    18441.4558  EEL     =  -166813.6647  HBOND      =        0.0000
 1-4 VDW =      873.6996  1-4 EEL =    12873.4831  RESTRAINT  =        0.0000


   NSTEP       ENERGY          RMS            GMAX         NAME    NUMBER
    220      -1.2274E+05     5.9422E-01     3.0147E+01     CG       2509

 BOND    =     8491.5882  ANGLE   =      400.2633  DIHED      =     3066.2593
 VDWAALS =    18476.0951  EEL     =  -166915.2207  HBOND      =        0.0000
 1-4 VDW =      874.0164  1-4 EEL =    12870.3799  RESTRAINT  =        0.0000


   NSTEP       ENERGY          RMS            GMAX         NAME    NUMBER
    225      -1.2277E+05     7.5458E-01     4.8398E+01     CG        362

 BOND    =     8502.2467  ANGLE   =      402.7939  DIHED      =     3066.5783
 VDWAALS =    18519.0639  EEL     =  -167007.2664  HBOND      =        0.0000
 1-4 VDW =      873.5272  1-4 EEL =    12871.1586  RESTRAINT  =        0.0000


   NSTEP       ENERGY          RMS            GMAX         NAME    NUMBER
    230      -1.2277E+05     6.8860E-01     4.0647E+01     CG        362

 BOND    =     8500.3191  ANGLE   =      402.2621  DIHED      =     3066.5282
 VDWAALS =    18518.9408  EEL     =  -167007.1135  HBOND      =        0.0000
 1-4 VDW =      873.5222  1-4 EEL =    12871.1775  RESTRAINT  =        0.0000


   NSTEP       ENERGY          RMS            GMAX         NAME    NUMBER
    235      -1.2282E+05     5.5580E-01     3.8703E+01     CG        362

 BOND    =     8500.7065  ANGLE   =      401.0173  DIHED      =     3064.4461
 VDWAALS =    18524.7486  EEL     =  -167055.9412  HBOND      =        0.0000
 1-4 VDW =      872.9904  1-4 EEL =    12871.7579  RESTRAINT  =        0.0000


   NSTEP       ENERGY          RMS            GMAX         NAME    NUMBER
    240      -1.2285E+05     5.3248E-01     2.5153E+01     CG       1582

 BOND    =     8512.7870  ANGLE   =      392.6987  DIHED      =     3063.6422
 VDWAALS =    18542.4808  EEL     =  -167108.5387  HBOND      =        0.0000
 1-4 VDW =      872.7105  1-4 EEL =    12874.0557  RESTRAINT  =        0.0000


   NSTEP       ENERGY          RMS            GMAX         NAME    NUMBER
    245      -1.2289E+05     3.9774E-01     2.3513E+01     CG       1582

 BOND    =     8507.8088  ANGLE   =      389.0846  DIHED      =     3063.5571
 VDWAALS =    18584.0258  EEL     =  -167180.7317  HBOND      =        0.0000
 1-4 VDW =      875.0166  1-4 EEL =    12876.1299  RESTRAINT  =        0.0000


   NSTEP       ENERGY          RMS            GMAX         NAME    NUMBER
    250      -1.2290E+05     5.2725E-01     1.8982E+01     CG        362

 BOND    =     8511.7096  ANGLE   =      396.7486  DIHED      =     3063.1815
 VDWAALS =    18609.3325  EEL     =  -167236.4613  HBOND      =        0.0000
 1-4 VDW =      876.5478  1-4 EEL =    12875.6478  RESTRAINT  =        0.0000


   NSTEP       ENERGY          RMS            GMAX         NAME    NUMBER
    255      -1.2291E+05     4.5764E-01     1.4176E+01     C         365

 BOND    =     8510.2552  ANGLE   =      396.3248  DIHED      =     3063.1616
 VDWAALS =    18609.2138  EEL     =  -167236.6763  HBOND      =        0.0000
 1-4 VDW =      876.5183  1-4 EEL =    12875.7329  RESTRAINT  =        0.0000


   NSTEP       ENERGY          RMS            GMAX         NAME    NUMBER
    260      -1.2293E+05     4.0565E-01     3.0011E+01     CG       1582

 BOND    =     8510.5056  ANGLE   =      385.5658  DIHED      =     3063.1629
 VDWAALS =    18609.3081  EEL     =  -167249.8156  HBOND      =        0.0000
 1-4 VDW =      875.3587  1-4 EEL =    12877.5369  RESTRAINT  =        0.0000


   NSTEP       ENERGY          RMS            GMAX         NAME    NUMBER
    265      -1.2295E+05     5.0023E-01     2.6158E+01     CG       1582

 BOND    =     8525.2933  ANGLE   =      390.5133  DIHED      =     3062.2894
 VDWAALS =    18611.0997  EEL     =  -167289.5588  HBOND      =        0.0000
 1-4 VDW =      874.1536  1-4 EEL =    12876.8354  RESTRAINT  =        0.0000


   NSTEP       ENERGY          RMS            GMAX         NAME    NUMBER
    270      -1.2300E+05     5.5032E-01     2.4141E+01     CG        362

 BOND    =     8530.2296  ANGLE   =      396.5198  DIHED      =     3062.2678
 VDWAALS =    18649.0053  EEL     =  -167383.8182  HBOND      =        0.0000
 1-4 VDW =      875.3067  1-4 EEL =    12874.0657  RESTRAINT  =        0.0000


   NSTEP       ENERGY          RMS            GMAX         NAME    NUMBER
    275      -1.2303E+05     7.9763E-01     5.9228E+01     CG        362

 BOND    =     8545.3535  ANGLE   =      400.3806  DIHED      =     3062.6409
 VDWAALS =    18694.4160  EEL     =  -167482.3012  HBOND      =        0.0000
 1-4 VDW =      874.9224  1-4 EEL =    12874.0083  RESTRAINT  =        0.0000


   NSTEP       ENERGY          RMS            GMAX         NAME    NUMBER
    280      -1.2303E+05     7.2380E-01     4.9887E+01     CG        362

 BOND    =     8543.3202  ANGLE   =      399.8308  DIHED      =     3062.5937
 VDWAALS =    18694.3065  EEL     =  -167482.2330  HBOND      =        0.0000
 1-4 VDW =      874.9144  1-4 EEL =    12874.0189  RESTRAINT  =        0.0000


   NSTEP       ENERGY          RMS            GMAX         NAME    NUMBER
    285      -1.2308E+05     5.6442E-01     3.9002E+01     CG        362

 BOND    =     8543.0202  ANGLE   =      398.1300  DIHED      =     3061.0464
 VDWAALS =    18699.6475  EEL     =  -167526.7812  HBOND      =        0.0000
 1-4 VDW =      874.1037  1-4 EEL =    12873.8781  RESTRAINT  =        0.0000


   NSTEP       ENERGY          RMS            GMAX         NAME    NUMBER
    290      -1.2310E+05     4.8755E-01     2.5499E+01     CG       1582

 BOND    =     8551.8750  ANGLE   =      390.9214  DIHED      =     3060.5685
 VDWAALS =    18716.4576  EEL     =  -167572.4331  HBOND      =        0.0000
 1-4 VDW =      873.4141  1-4 EEL =    12875.4277  RESTRAINT  =        0.0000


   NSTEP       ENERGY          RMS            GMAX         NAME    NUMBER
    295      -1.2313E+05     3.7560E-01     2.3910E+01     CG       1582

 BOND    =     8547.8651  ANGLE   =      388.2959  DIHED      =     3060.6240
 VDWAALS =    18753.0260  EEL     =  -167634.1623  HBOND      =        0.0000
 1-4 VDW =      874.7681  1-4 EEL =    12876.4887  RESTRAINT  =        0.0000


   NSTEP       ENERGY          RMS            GMAX         NAME    NUMBER
    300      -1.2315E+05     5.0010E-01     1.8180E+01     CB       1629

 BOND    =     8552.9956  ANGLE   =      395.6304  DIHED      =     3060.3297
 VDWAALS =    18776.4659  EEL     =  -167686.4790  HBOND      =        0.0000
 1-4 VDW =      875.7988  1-4 EEL =    12875.4145  RESTRAINT  =        0.0000


   NSTEP       ENERGY          RMS            GMAX         NAME    NUMBER
    305      -1.2315E+05     4.3258E-01     1.4922E+01     CB       1629

 BOND    =     8551.6919  ANGLE   =      395.1769  DIHED      =     3060.3158
 VDWAALS =    18776.3919  EEL     =  -167686.7788  HBOND      =        0.0000
 1-4 VDW =      875.7706  1-4 EEL =    12875.4983  RESTRAINT  =        0.0000


   NSTEP       ENERGY          RMS            GMAX         NAME    NUMBER
    310      -1.2317E+05     3.9444E-01     2.1229E+01     CG       1582

 BOND    =     8551.8778  ANGLE   =      385.3285  DIHED      =     3060.4407
 VDWAALS =    18777.2527  EEL     =  -167699.7397  HBOND      =        0.0000
 1-4 VDW =      874.8019  1-4 EEL =    12876.9874  RESTRAINT  =        0.0000


   NSTEP       ENERGY          RMS            GMAX         NAME    NUMBER
    315      -1.2320E+05     4.3860E-01     2.1712E+01     N         367

 BOND    =     8557.5019  ANGLE   =      392.4498  DIHED      =     3059.4154
 VDWAALS =    18783.1345  EEL     =  -167742.9202  HBOND      =        0.0000
 1-4 VDW =      874.5290  1-4 EEL =    12874.7576  RESTRAINT  =        0.0000


   NSTEP       ENERGY          RMS            GMAX         NAME    NUMBER
    320      -1.2323E+05     5.6196E-01     2.4112E+01     CB       1629

 BOND    =     8569.2931  ANGLE   =      394.3174  DIHED      =     3058.7767
 VDWAALS =    18808.4328  EEL     =  -167810.8055  HBOND      =        0.0000
 1-4 VDW =      875.0528  1-4 EEL =    12873.8458  RESTRAINT  =        0.0000


   NSTEP       ENERGY          RMS            GMAX         NAME    NUMBER
    325      -1.2329E+05     7.1217E-01     3.9740E+01     CG        362

 BOND    =     8586.6800  ANGLE   =      393.9506  DIHED      =     3058.6975
 VDWAALS =    18863.9295  EEL     =  -167941.4943  HBOND      =        0.0000
 1-4 VDW =      873.8953  1-4 EEL =    12873.1658  RESTRAINT  =        0.0000


   NSTEP       ENERGY          RMS            GMAX         NAME    NUMBER
    330      -1.2329E+05     6.5829E-01     3.4646E+01     CG        362

 BOND    =     8585.0557  ANGLE   =      393.6585  DIHED      =     3058.6771
 VDWAALS =    18863.9058  EEL     =  -167941.2811  HBOND      =        0.0000
 1-4 VDW =      873.9068  1-4 EEL =    12873.1703  RESTRAINT  =        0.0000


   NSTEP       ENERGY          RMS            GMAX         NAME    NUMBER
    335      -1.2332E+05     4.1831E-01     2.6852E+01     CG        362

 BOND    =     8579.7455  ANGLE   =      393.0228  DIHED      =     3058.0169
 VDWAALS =    18870.3501  EEL     =  -167970.1060  HBOND      =        0.0000
 1-4 VDW =      874.0280  1-4 EEL =    12873.1689  RESTRAINT  =        0.0000


   NSTEP       ENERGY          RMS            GMAX         NAME    NUMBER
    340      -1.2334E+05     4.2211E-01     1.7932E+01     CG       1582

 BOND    =     8588.8527  ANGLE   =      391.2350  DIHED      =     3058.0430
 VDWAALS =    18886.0918  EEL     =  -168013.1523  HBOND      =        0.0000
 1-4 VDW =      873.4455  1-4 EEL =    12874.5463  RESTRAINT  =        0.0000


   NSTEP       ENERGY          RMS            GMAX         NAME    NUMBER
    345      -1.2337E+05     4.1054E-01     2.9188E+01     CG       1582

 BOND    =     8590.5107  ANGLE   =      387.2224  DIHED      =     3058.8022
 VDWAALS =    18930.7365  EEL     =  -168090.0976  HBOND      =        0.0000
 1-4 VDW =      874.3615  1-4 EEL =    12875.9928  RESTRAINT  =        0.0000


   NSTEP       ENERGY          RMS            GMAX         NAME    NUMBER
    350      -1.2339E+05     4.7333E-01     1.9121E+01     CG       1582

 BOND    =     8595.6958  ANGLE   =      398.1146  DIHED      =     3058.8062
 VDWAALS =    18961.4235  EEL     =  -168156.2759  HBOND      =        0.0000
 1-4 VDW =      875.7363  1-4 EEL =    12873.8378  RESTRAINT  =        0.0000


   NSTEP       ENERGY          RMS            GMAX         NAME    NUMBER
    355      -1.2339E+05     4.2596E-01     1.5190E+01     CB       1629

 BOND    =     8594.8209  ANGLE   =      397.5506  DIHED      =     3058.7632
 VDWAALS =    18961.3058  EEL     =  -168156.4760  HBOND      =        0.0000
 1-4 VDW =      875.6979  1-4 EEL =    12873.9054  RESTRAINT  =        0.0000


   NSTEP       ENERGY          RMS            GMAX         NAME    NUMBER
    360      -1.2342E+05     4.4190E-01     3.2134E+01     CG       1582

 BOND    =     8596.7234  ANGLE   =      384.9649  DIHED      =     3058.3434
 VDWAALS =    18958.8469  EEL     =  -168169.5242  HBOND      =        0.0000
 1-4 VDW =      874.1515  1-4 EEL =    12875.8109  RESTRAINT  =        0.0000


   NSTEP       ENERGY          RMS            GMAX         NAME    NUMBER
    365      -1.2344E+05     4.1964E-01     1.9583E+01     CG       1582

 BOND    =     8606.7083  ANGLE   =      389.8815  DIHED      =     3057.0921
 VDWAALS =    18958.2542  EEL     =  -168200.5188  HBOND      =        0.0000
 1-4 VDW =      873.6015  1-4 EEL =    12873.8288  RESTRAINT  =        0.0000


   NSTEP       ENERGY          RMS            GMAX         NAME    NUMBER
    370      -1.2347E+05     4.5205E-01     2.7064E+01     CG        362

 BOND    =     8605.7344  ANGLE   =      391.8745  DIHED      =     3056.4620
 VDWAALS =    18979.3738  EEL     =  -168248.4591  HBOND      =        0.0000
 1-4 VDW =      874.0239  1-4 EEL =    12871.2760  RESTRAINT  =        0.0000


   NSTEP       ENERGY          RMS            GMAX         NAME    NUMBER
    375      -1.2349E+05     7.0582E-01     4.5198E+01     CG        362

 BOND    =     8621.2500  ANGLE   =      393.2987  DIHED      =     3056.7100
 VDWAALS =    19006.5137  EEL     =  -168312.2716  HBOND      =        0.0000
 1-4 VDW =      873.4126  1-4 EEL =    12870.8379  RESTRAINT  =        0.0000


   NSTEP       ENERGY          RMS            GMAX         NAME    NUMBER
    380      -1.2349E+05     6.1051E-01     3.5179E+01     CG        362

 BOND    =     8618.5915  ANGLE   =      392.8527  DIHED      =     3056.6805
 VDWAALS =    19006.4576  EEL     =  -168311.9807  HBOND      =        0.0000
 1-4 VDW =      873.4284  1-4 EEL =    12870.8445  RESTRAINT  =        0.0000


   NSTEP       ENERGY          RMS            GMAX         NAME    NUMBER
    385      -1.2352E+05     3.9995E-01     2.4519E+01     CG        362

 BOND    =     8613.0128  ANGLE   =      392.4117  DIHED      =     3056.1421
 VDWAALS =    19012.4513  EEL     =  -168338.0689  HBOND      =        0.0000
 1-4 VDW =      873.4804  1-4 EEL =    12870.8603  RESTRAINT  =        0.0000


   NSTEP       ENERGY          RMS            GMAX         NAME    NUMBER
    390      -1.2354E+05     4.1601E-01     1.9916E+01     H2      19373

 BOND    =     8623.0596  ANGLE   =      390.2987  DIHED      =     3056.2862
 VDWAALS =    19027.5259  EEL     =  -168380.3149  HBOND      =        0.0000
 1-4 VDW =      872.9184  1-4 EEL =    12872.3298  RESTRAINT  =        0.0000


   NSTEP       ENERGY          RMS            GMAX         NAME    NUMBER
    395      -1.2357E+05     3.8236E-01     2.7200E+01     CG       1582

 BOND    =     8623.1422  ANGLE   =      387.3443  DIHED      =     3057.1700
 VDWAALS =    19066.7331  EEL     =  -168447.6482  HBOND      =        0.0000
 1-4 VDW =      873.7231  1-4 EEL =    12873.3777  RESTRAINT  =        0.0000


   NSTEP       ENERGY          RMS            GMAX         NAME    NUMBER
    400      -1.2358E+05     4.6216E-01     1.8740E+01     CB       1629

 BOND    =     8627.2078  ANGLE   =      397.1308  DIHED      =     3057.1728
 VDWAALS =    19094.2595  EEL     =  -168506.0595  HBOND      =        0.0000
 1-4 VDW =      874.7532  1-4 EEL =    12871.1959  RESTRAINT  =        0.0000


   NSTEP       ENERGY          RMS            GMAX         NAME    NUMBER
    405      -1.2359E+05     4.1200E-01     1.5482E+01     CB       1629

 BOND    =     8626.4720  ANGLE   =      396.5731  DIHED      =     3057.1324
 VDWAALS =    19094.1792  EEL     =  -168506.4561  HBOND      =        0.0000
 1-4 VDW =      874.7197  1-4 EEL =    12871.2684  RESTRAINT  =        0.0000


   NSTEP       ENERGY          RMS            GMAX         NAME    NUMBER
    410      -1.2361E+05     4.2179E-01     3.1880E+01     CG       1582

 BOND    =     8630.8177  ANGLE   =      385.2079  DIHED      =     3056.8381
 VDWAALS =    19093.1211  EEL     =  -168522.4184  HBOND      =        0.0000
 1-4 VDW =      873.4435  1-4 EEL =    12873.0880  RESTRAINT  =        0.0000


   NSTEP       ENERGY          RMS            GMAX         NAME    NUMBER
    415      -1.2363E+05     4.1177E-01     2.2226E+01     H2      19373

 BOND    =     8636.8686  ANGLE   =      389.3611  DIHED      =     3055.6275
 VDWAALS =    19092.9997  EEL     =  -168547.0937  HBOND      =        0.0000
 1-4 VDW =      872.8963  1-4 EEL =    12871.3638  RESTRAINT  =        0.0000


   NSTEP       ENERGY          RMS            GMAX         NAME    NUMBER
    420      -1.2366E+05     4.3313E-01     2.6903E+01     CG        362

 BOND    =     8640.0295  ANGLE   =      391.5074  DIHED      =     3055.1306
 VDWAALS =    19113.7159  EEL     =  -168597.7358  HBOND      =        0.0000
 1-4 VDW =      873.3522  1-4 EEL =    12868.6501  RESTRAINT  =        0.0000


   NSTEP       ENERGY          RMS            GMAX         NAME    NUMBER
    425      -1.2367E+05     6.6530E-01     4.9973E+01     CG        362

 BOND    =     8649.8843  ANGLE   =      392.8834  DIHED      =     3055.4140
 VDWAALS =    19138.4427  EEL     =  -168651.3133  HBOND      =        0.0000
 1-4 VDW =      872.7658  1-4 EEL =    12868.0213  RESTRAINT  =        0.0000


   NSTEP       ENERGY          RMS            GMAX         NAME    NUMBER
    430      -1.2368E+05     5.7067E-01     3.8276E+01     CG        362

 BOND    =     8647.7243  ANGLE   =      392.4776  DIHED      =     3055.3868
 VDWAALS =    19138.3929  EEL     =  -168651.3752  HBOND      =        0.0000
 1-4 VDW =      872.7768  1-4 EEL =    12868.0319  RESTRAINT  =        0.0000


   NSTEP       ENERGY          RMS            GMAX         NAME    NUMBER
    435      -1.2370E+05     3.8723E-01     2.3066E+01     CG        362

 BOND    =     8646.1941  ANGLE   =      392.3122  DIHED      =     3054.9116
 VDWAALS =    19143.7881  EEL     =  -168679.4738  HBOND      =        0.0000
 1-4 VDW =      872.8128  1-4 EEL =    12868.1139  RESTRAINT  =        0.0000


   NSTEP       ENERGY          RMS            GMAX         NAME    NUMBER
    440      -1.2372E+05     4.0703E-01     2.2170E+01     H2      19373

 BOND    =     8653.8463  ANGLE   =      389.7337  DIHED      =     3055.0493
 VDWAALS =    19158.1553  EEL     =  -168717.3610  HBOND      =        0.0000
 1-4 VDW =      872.2672  1-4 EEL =    12869.5328  RESTRAINT  =        0.0000


   NSTEP       ENERGY          RMS            GMAX         NAME    NUMBER
    445      -1.2374E+05     3.5967E-01     2.5764E+01     CG       1582

 BOND    =     8653.7881  ANGLE   =      387.6313  DIHED      =     3055.9055
 VDWAALS =    19191.6926  EEL     =  -168775.6704  HBOND      =        0.0000
 1-4 VDW =      872.9814  1-4 EEL =    12870.2304  RESTRAINT  =        0.0000


   NSTEP       ENERGY          RMS            GMAX         NAME    NUMBER
    450      -1.2376E+05     4.4771E-01     1.8762E+01     CB       1629

 BOND    =     8658.8193  ANGLE   =      396.4471  DIHED      =     3055.9263
 VDWAALS =    19216.3398  EEL     =  -168829.1318  HBOND      =        0.0000
 1-4 VDW =      873.7574  1-4 EEL =    12868.0971  RESTRAINT  =        0.0000


   NSTEP       ENERGY          RMS            GMAX         NAME    NUMBER
    455      -1.2376E+05     3.9542E-01     1.5299E+01     CB       1629

 BOND    =     8657.9852  ANGLE   =      395.8987  DIHED      =     3055.8868
 VDWAALS =    19216.2647  EEL     =  -168829.4463  HBOND      =        0.0000
 1-4 VDW =      873.7266  1-4 EEL =    12868.1741  RESTRAINT  =        0.0000


   NSTEP       ENERGY          RMS            GMAX         NAME    NUMBER
    460      -1.2378E+05     4.0326E-01     3.1029E+01     CG       1582

 BOND    =     8659.8079  ANGLE   =      385.5732  DIHED      =     3055.6271
 VDWAALS =    19215.9578  EEL     =  -168842.6190  HBOND      =        0.0000
 1-4 VDW =      872.6224  1-4 EEL =    12869.9406  RESTRAINT  =        0.0000


   NSTEP       ENERGY          RMS            GMAX         NAME    NUMBER
    465      -1.2380E+05     3.9918E-01     2.3092E+01     H2      19373

 BOND    =     8667.6536  ANGLE   =      389.1694  DIHED      =     3054.5139
 VDWAALS =    19216.0862  EEL     =  -168867.3141  HBOND      =        0.0000
 1-4 VDW =      872.1286  1-4 EEL =    12868.4453  RESTRAINT  =        0.0000


   NSTEP       ENERGY          RMS            GMAX         NAME    NUMBER
    470      -1.2383E+05     4.1984E-01     2.6312E+01     CG        362

 BOND    =     8668.2106  ANGLE   =      391.5013  DIHED      =     3054.0208
 VDWAALS =    19235.8722  EEL     =  -168913.1123  HBOND      =        0.0000
 1-4 VDW =      872.5425  1-4 EEL =    12865.7189  RESTRAINT  =        0.0000


   NSTEP       ENERGY          RMS            GMAX         NAME    NUMBER
    475      -1.2384E+05     6.5217E-01     5.4232E+01     CG        362

 BOND    =     8679.1778  ANGLE   =      392.8988  DIHED      =     3054.2727
 VDWAALS =    19258.7924  EEL     =  -168965.0296  HBOND      =        0.0000
 1-4 VDW =      872.0089  1-4 EEL =    12864.9495  RESTRAINT  =        0.0000


   NSTEP       ENERGY          RMS            GMAX         NAME    NUMBER
    480      -1.2385E+05     5.5542E-01     4.1169E+01     CG        362

 BOND    =     8677.0871  ANGLE   =      392.5070  DIHED      =     3054.2472
 VDWAALS =    19258.7507  EEL     =  -168965.1299  HBOND      =        0.0000
 1-4 VDW =      872.0176  1-4 EEL =    12864.9640  RESTRAINT  =        0.0000


   NSTEP       ENERGY          RMS            GMAX         NAME    NUMBER
    485      -1.2387E+05     4.3079E-01     2.2256E+01     C         365

 BOND    =     8676.0473  ANGLE   =      392.1798  DIHED      =     3053.7773
 VDWAALS =    19263.8023  EEL     =  -168991.8232  HBOND      =        0.0000
 1-4 VDW =      872.0015  1-4 EEL =    12865.1208  RESTRAINT  =        0.0000


   NSTEP       ENERGY          RMS            GMAX         NAME    NUMBER
    490      -1.2389E+05     3.4697E-01     2.0924E+01     N         367

 BOND    =     8678.8756  ANGLE   =      386.0163  DIHED      =     3054.0303
 VDWAALS =    19282.2741  EEL     =  -169032.8152  HBOND      =        0.0000
 1-4 VDW =      871.4749  1-4 EEL =    12867.1881  RESTRAINT  =        0.0000


   NSTEP       ENERGY          RMS            GMAX         NAME    NUMBER
    495      -1.2391E+05     4.0366E-01     3.1499E+01     CG       1582

 BOND    =     8681.8694  ANGLE   =      388.5125  DIHED      =     3054.2111
 VDWAALS =    19298.2589  EEL     =  -169067.8307  HBOND      =        0.0000
 1-4 VDW =      872.1410  1-4 EEL =    12866.3884  RESTRAINT  =        0.0000


   NSTEP       ENERGY          RMS            GMAX         NAME    NUMBER
    500      -1.2393E+05     4.2886E-01     1.6519E+01     H1      19372

 BOND    =     8688.1055  ANGLE   =      394.5882  DIHED      =     3053.7545
 VDWAALS =    19321.4457  EEL     =  -169128.5493  HBOND      =        0.0000
 1-4 VDW =      872.4550  1-4 EEL =    12864.3221  RESTRAINT  =        0.0000


  Maximum number of minimization cycles reached.


                    FINAL RESULTS



   NSTEP       ENERGY          RMS            GMAX         NAME    NUMBER
    500      -1.2393E+05     4.2886E-01     1.6519E+01     H1      19372

 BOND    =     8688.1055  ANGLE   =      394.5882  DIHED      =     3053.7545
 VDWAALS =    19321.4457  EEL     =  -169128.5493  HBOND      =        0.0000
 1-4 VDW =      872.4550  1-4 EEL =    12864.3221  RESTRAINT  =        0.0000
--------------------------------------------------------------------------------
   5.  TIMINGS
--------------------------------------------------------------------------------

|  NonSetup CPU Time in Major Routines:
|
|     Routine           Sec        %
|     ------------------------------
|     Nonbond          56.01   95.82
|     Bond              0.18    0.30
|     Angle             0.24    0.42
|     Dihedral          1.69    2.89
|     Shake             0.00    0.00
|     Other             0.33    0.57
|     ------------------------------
|     Total            58.45

|  PME Nonbond Pairlist CPU Time:
|
|     Routine              Sec        %
|     ---------------------------------
|     Set Up Cit           0.01    0.02
|     Build List           0.69    1.18
|     ---------------------------------
|     Total                0.70    1.20

|  PME Direct Force CPU Time:
|
|     Routine              Sec        %
|     ---------------------------------
|     NonBonded Calc      37.41   64.00
|     Exclude Masked       0.83    1.42
|     Other                0.26    0.45
|     ---------------------------------
|     Total               38.50   65.87

|  PME Reciprocal Force CPU Time:
|
|     Routine              Sec        %
|     ---------------------------------
|     1D bspline           0.52    0.90
|     Grid Charges         1.35    2.31
|     Scalar Sum           6.04   10.33
|     Gradient Sum         2.10    3.59
|     FFT                  6.78   11.61
|     ---------------------------------
|     Total               16.79   28.73

|  Setup CPU time:            0.10 seconds
|  NonSetup CPU time:        58.45 seconds
|  Total CPU time:           58.56 seconds     0.02 hours

|  Setup wall time:           0    seconds
|  NonSetup wall time:       59    seconds
|  Total wall time:          59    seconds     0.02 hours
