
          -------------------------------------------------------
          Amber 16 PMEMD                              2016
          -------------------------------------------------------

| PMEMD implementation of SANDER, Release 16

| Run on 10/26/2016 at 14:41:32

|   Executable path: pmemd.cuda
| Working directory: /home/german/exs/run/1prn/mhe/e
|          Hostname: Unknown
  [-O]verwriting output

File Assignments:
|   MDIN: 25equ.in                                                              
|  MDOUT: 25equ.out                                                             
| INPCRD: 24e1prn.rst7                                                          
|   PARM: 1prn.prmtop                                                           
| RESTRT: 25e1prn.rst7                                                          
|   REFC: 24e1prn.rst7                                                          
|  MDVEL: mdvel                                                                 
|   MDEN: mden                                                                  
|  MDCRD: 25e1prn.nc                                                            
| MDINFO: mdinfo                                                                
|  MDFRC: mdfrc                                                                 


 Here is the input file:

Equilibration with solute restrictions                                         
&cntrl                                                                         
imin = 0,                           ! No Minimization                          
nmropt = 0,                         ! No NMR restraints read                   
                                                                               
! Nature and format of the input                                               
ntx = 5,                            ! Coordinates but no velocities will be rea
irest = 1,                          ! Do not run a new simulation              
                                                                               
! Nature and format of the output                                              
ntxo = 1,                           ! rstrt file in ASCII format               
ntpr = 500,                         ! inf in output every ntpr steps           
ntwr = 500,                         ! rstrt file every ntwr steps              
ntwx = 500,                         ! mdcrd file every ntwx steps              
ntwv = 0,                           ! mdvel without velocities                 
ntwe = 0,                           ! Energies and temperatures not written in 
idecomp = 0,                        ! No energy decomposition                  
iwrap = 1,                          ! Coordinates of the restart and mdcrd file
                                                                               
! Frozen or restrained atoms                                                   
ibelly = 0,                         ! No frozen atoms                          
ntr=1,                              ! Harmonic potential restraints            
restraint_wt = 0.0,                ! The weight for the positional restraints  
restraintmask = ':1-298@N,CA,C,O',  ! restrained residues                      
                                                                               
! Molecular dynamics                                                           
nstlim = 50000,                     ! Number of MD-steps                       
dt = 0.002,                         ! Time step                                
                                                                               
! Temperature regulation                                                       
ntt = 3,                            ! Langevin thermostat                      
gamma_ln = 5,                       ! Gamma constant for Langevin              
!temp0 = 300.0,                     ! Reference T at which the system is to be 
tempi = 300.0,                      ! Initial T                                
ig = -1,                            ! Seed for the RNG                         
                                                                               
! P and V regulation                                                           
ntp = 1,                            ! Constant P. Isotropic scaling            
barostat = 1,                       ! Berendsen barostat                       
taup = 1,                           ! Pressure relaxation time                 
nrespa = 1,                         ! Evaluate at each step                    
ntb = 2,                            ! Periodic box for constant P              
                                                                               
! SHAKE variables                                                              
ntc = 2,                            ! Bonds involving H are constrained        
ntf = 2,                            ! Bond interaction involving H are ommited.
                                                                               
cut = 10.0,                         ! Nonbonded cutoff                         
/                                                                              
&end                                                                           


Note: ig = -1. Setting random seed to   240423 based on wallclock time in 
      microseconds.
 
|--------------------- INFORMATION ----------------------
| GPU (CUDA) Version of PMEMD in use: NVIDIA GPU IN USE.
|                    Version 16.0.0
| 
|                      02/25/2016
| 
| Implementation by:
|                    Ross C. Walker     (SDSC)
|                    Scott Le Grand     (nVIDIA)
| 
| Precision model in use:
|      [SPFP] - Single Precision Forces, 64-bit Fixed Point
|               Accumulation. (Default)
| 
|--------------------------------------------------------
 
|----------------- CITATION INFORMATION -----------------
|
|    When publishing work that utilized the CUDA version
|    of AMBER, please cite the following in addition to
|    the regular AMBER citations:
|
|  - Romelia Salomon-Ferrer; Andreas W. Goetz; Duncan
|    Poole; Scott Le Grand; Ross C. Walker "Routine
|    microsecond molecular dynamics simulations with
|    AMBER - Part II: Particle Mesh Ewald", J. Chem.
|    Theory Comput., 2013, 9 (9), pp3878-3888,
|    DOI: 10.1021/ct400314y.
|
|  - Andreas W. Goetz; Mark J. Williamson; Dong Xu;
|    Duncan Poole; Scott Le Grand; Ross C. Walker
|    "Routine microsecond molecular dynamics simulations
|    with AMBER - Part I: Generalized Born", J. Chem.
|    Theory Comput., 2012, 8 (5), pp1542-1555.
|
|  - Scott Le Grand; Andreas W. Goetz; Ross C. Walker
|    "SPFP: Speed without compromise - a mixed precision
|    model for GPU accelerated molecular dynamics
|    simulations.", Comp. Phys. Comm., 2013, 184
|    pp374-380, DOI: 10.1016/j.cpc.2012.09.022
|
|--------------------------------------------------------
 
|------------------- GPU DEVICE INFO --------------------
|
|            CUDA_VISIBLE_DEVICES: 0
|   CUDA Capable Devices Detected:      1
|           CUDA Device ID in use:      0
|                CUDA Device Name: GeForce GTX 1060 6GB
|     CUDA Device Global Mem Size:   6072 MB
| CUDA Device Num Multiprocessors:     10
|           CUDA Device Core Freq:   1.76 GHz
|
|--------------------------------------------------------
 
 
| Conditional Compilation Defines Used:
| PUBFFT
| BINTRAJ
| CUDA
| EMIL

| Largest sphere to fit in unit cell has radius =    30.357

| New format PARM file being parsed.
| Version =    1.000 Date = 10/25/16 Time = 12:15:56

| Note: 1-4 EEL scale factors are being read from the topology file.

| Note: 1-4 VDW scale factors are being read from the topology file.
| Duplicated    0 dihedrals

| Duplicated    0 dihedrals

--------------------------------------------------------------------------------
   1.  RESOURCE   USE: 
--------------------------------------------------------------------------------

 getting new box info from bottom of inpcrd
 NATOM  =   31841 NTYPES =      16 NBONH =   29650 MBONA  =    2207
 NTHETH =    4442 MTHETA =    3007 NPHIH =    9478 MPHIA  =    9572
 NHPARM =       0 NPARM  =       0 NNB   =   59506 NRES   =    9539
 NBONA  =    2207 NTHETA =    3007 NPHIA =    9572 NUMBND =      59
 NUMANG =     136 NPTRA  =     166 NATYP =      30 NPHB   =       1
 IFBOX  =       2 NMXRS  =      24 IFCAP =       0 NEXTRA =       0
 NCOPY  =       0

| Coordinate Index Table dimensions:    12   12   12
| Direct force subcell size =     6.1965    6.1965    6.1965

     BOX TYPE: TRUNCATED OCTAHEDRON

--------------------------------------------------------------------------------
   2.  CONTROL  DATA  FOR  THE  RUN
--------------------------------------------------------------------------------

default_name                                                                    

General flags:
     imin    =       0, nmropt  =       0

Nature and format of input:
     ntx     =       5, irest   =       1, ntrx    =       1

Nature and format of output:
     ntxo    =       1, ntpr    =     500, ntrx    =       1, ntwr    =     500
     iwrap   =       1, ntwx    =     500, ntwv    =       0, ntwe    =       0
     ioutfm  =       1, ntwprt  =       0, idecomp =       0, rbornstat=      0

Potential function:
     ntf     =       2, ntb     =       2, igb     =       0, nsnb    =      25
     ipol    =       0, gbsa    =       0, iesp    =       0
     dielc   =   1.00000, cut     =  10.00000, intdiel =   1.00000

Frozen or restrained atoms:
     ibelly  =       0, ntr     =       1
     restraint_wt =   0.00000

Molecular dynamics:
     nstlim  =     50000, nscm    =         0, nrespa  =         1
     t       =   0.00000, dt      =   0.00200, vlimit  =  -1.00000

Langevin dynamics temperature regulation:
     ig      =  240423
     temp0   = 300.00000, tempi   = 300.00000, gamma_ln=   5.00000

Pressure regulation:
     ntp     =       1
     pres0   =   1.00000, comp    =  44.60000, taup    =   1.00000

SHAKE:
     ntc     =       2, jfastw  =       0
     tol     =   0.00001

| Intermolecular bonds treatment:
|     no_intermolecular_bonds =       1

| Energy averages sample interval:
|     ene_avg_sampling =     500

Ewald parameters:
     verbose =       0, ew_type =       0, nbflag  =       1, use_pme =       1
     vdwmeth =       1, eedmeth =       1, netfrc  =       1
     Box X =   74.359   Box Y =   74.359   Box Z =   74.359
     Alpha =  109.471   Beta  =  109.471   Gamma =  109.471
     NFFT1 =   80       NFFT2 =   80       NFFT3 =   80
     Cutoff=   10.000   Tol   =0.100E-04
     Ewald Coefficient =  0.27511
     Interpolation order =    4

    LOADING THE CONSTRAINED ATOMS AS GROUPS


   5.  REFERENCE ATOM COORDINATES

  default_name                                                                    
     Mask :1-298@N,CA,C,O; matches  1156 atoms

--------------------------------------------------------------------------------
   3.  ATOMIC COORDINATES AND VELOCITIES
--------------------------------------------------------------------------------

default_name                                                                    
 begin time read from input coords =  2540.000 ps

 
 Number of triangulated 3-point waters found:     9223

     Sum of charges from parm topology file =  -0.00000024
     Forcing neutrality...

| Dynamic Memory, Types Used:
| Reals             1496280
| Integers          1194299

| Nonbonded Pairs Initial Allocation:     9631106

| GPU memory information (estimate):
| KB of GPU memory in use:    222524
| KB of CPU memory in use:     45260

--------------------------------------------------------------------------------
   4.  RESULTS
--------------------------------------------------------------------------------

 ---------------------------------------------------
 APPROXIMATING switch and d/dx switch using CUBIC SPLINE INTERPOLATION
 using   5000.0 points per unit in tabled values
 TESTING RELATIVE ERROR over r ranging from 0.0 to cutoff
| CHECK switch(x): max rel err =   0.2738E-14   at   2.422500
| CHECK d/dx switch(x): max rel err =   0.8314E-11   at   2.736960
 ---------------------------------------------------
|---------------------------------------------------
| APPROXIMATING direct energy using CUBIC SPLINE INTERPOLATION
|  with   50.0 points per unit in tabled values
| Relative Error Limit not exceeded for r .gt.   2.33
| APPROXIMATING direct force using CUBIC SPLINE INTERPOLATION
|  with   50.0 points per unit in tabled values
| Relative Error Limit not exceeded for r .gt.   2.80
|---------------------------------------------------
wrapping first mol.:       24.78312       35.04862       60.70599
wrapping first mol.:       24.78312       35.04862       60.70599

 NSTEP =      500   TIME(PS) =    2541.000  TEMP(K) =   301.38  PRESS =    13.1
 Etot   =    -78722.7888  EKtot   =     19725.5195  EPtot      =    -98448.3084
 BOND   =       799.8574  ANGLE   =      1927.8222  DIHED      =      3405.7118
 1-4 NB =       982.6338  1-4 EEL =     12773.9245  VDWAALS    =     10613.5742
 EELEC  =   -128951.8322  EHBOND  =         0.0000  RESTRAINT  =         0.0000
 EKCMT  =      8339.3520  VIRIAL  =      8249.9247  VOLUME     =    316380.0770
                                                    Density    =         1.0358
 ------------------------------------------------------------------------------

wrapping first mol.:       24.78458       35.05069       60.70957
wrapping first mol.:       24.78458       35.05069       60.70957

 NSTEP =     1000   TIME(PS) =    2542.000  TEMP(K) =   298.92  PRESS =   -13.7
 Etot   =    -79014.3797  EKtot   =     19564.6133  EPtot      =    -98578.9930
 BOND   =       855.5228  ANGLE   =      1827.9377  DIHED      =      3432.9634
 1-4 NB =      1004.3340  1-4 EEL =     12864.5033  VDWAALS    =     10791.1786
 EELEC  =   -129355.4328  EHBOND  =         0.0000  RESTRAINT  =         0.0000
 EKCMT  =      8288.7808  VIRIAL  =      8382.5594  VOLUME     =    316436.7949
                                                    Density    =         1.0356
 ------------------------------------------------------------------------------

wrapping first mol.:       24.78273       35.04808       60.70505
wrapping first mol.:       24.78273       35.04808       60.70505

 NSTEP =     1500   TIME(PS) =    2543.000  TEMP(K) =   300.76  PRESS =  -182.9
 Etot   =    -78523.2973  EKtot   =     19685.1133  EPtot      =    -98208.4106
 BOND   =       872.1788  ANGLE   =      1919.3162  DIHED      =      3388.0863
 1-4 NB =       996.6476  1-4 EEL =     12800.9580  VDWAALS    =     10521.2706
 EELEC  =   -128706.8681  EHBOND  =         0.0000  RESTRAINT  =         0.0000
 EKCMT  =      8330.6957  VIRIAL  =      9580.3467  VOLUME     =    316370.8699
                                                    Density    =         1.0359
 ------------------------------------------------------------------------------

wrapping first mol.:       24.80103       35.07396       60.74987
wrapping first mol.:       24.80103       35.07396       60.74987

 NSTEP =     2000   TIME(PS) =    2544.000  TEMP(K) =   299.65  PRESS =   196.7
 Etot   =    -78310.6061  EKtot   =     19612.2676  EPtot      =    -97922.8737
 BOND   =       843.1105  ANGLE   =      1915.3754  DIHED      =      3406.9913
 1-4 NB =       982.3283  1-4 EEL =     12858.2834  VDWAALS    =     10578.1779
 EELEC  =   -128507.1405  EHBOND  =         0.0000  RESTRAINT  =         0.0000
 EKCMT  =      8274.0330  VIRIAL  =      6927.5410  VOLUME     =    317061.4647
                                                    Density    =         1.0336
 ------------------------------------------------------------------------------

wrapping first mol.:       24.81174       35.08909       60.77609
wrapping first mol.:       24.81174       35.08909       60.77609

 NSTEP =     2500   TIME(PS) =    2545.000  TEMP(K) =   300.06  PRESS =  -144.4
 Etot   =    -78651.0391  EKtot   =     19639.4941  EPtot      =    -98290.5332
 BOND   =       839.2105  ANGLE   =      1983.8323  DIHED      =      3427.2215
 1-4 NB =       984.3043  1-4 EEL =     12751.1143  VDWAALS    =     10604.2037
 EELEC  =   -128880.4199  EHBOND  =         0.0000  RESTRAINT  =         0.0000
 EKCMT  =      8225.2789  VIRIAL  =      9215.2925  VOLUME     =    317481.7433
                                                    Density    =         1.0322
 ------------------------------------------------------------------------------

wrapping first mol.:       24.80835       35.08430       60.76779
wrapping first mol.:       24.80835       35.08430       60.76779

 NSTEP =     3000   TIME(PS) =    2546.000  TEMP(K) =   296.68  PRESS =  -215.0
 Etot   =    -78880.5927  EKtot   =     19418.3047  EPtot      =    -98298.8973
 BOND   =       814.7317  ANGLE   =      1950.6502  DIHED      =      3389.3932
 1-4 NB =       991.1515  1-4 EEL =     12796.1818  VDWAALS    =     10580.2469
 EELEC  =   -128821.2527  EHBOND  =         0.0000  RESTRAINT  =         0.0000
 EKCMT  =      8138.0937  VIRIAL  =      9611.4086  VOLUME     =    317353.8230
                                                    Density    =         1.0327
 ------------------------------------------------------------------------------

wrapping first mol.:       24.81901       35.09939       60.79391
wrapping first mol.:       24.81901       35.09939       60.79391

 NSTEP =     3500   TIME(PS) =    2547.000  TEMP(K) =   302.16  PRESS =   298.1
 Etot   =    -78568.7662  EKtot   =     19776.5352  EPtot      =    -98345.3014
 BOND   =       832.1083  ANGLE   =      1963.4989  DIHED      =      3417.0438
 1-4 NB =       988.8444  1-4 EEL =     12817.1188  VDWAALS    =     10966.9584
 EELEC  =   -129330.8741  EHBOND  =         0.0000  RESTRAINT  =         0.0000
 EKCMT  =      8343.4817  VIRIAL  =      6298.5543  VOLUME     =    317748.6946
                                                    Density    =         1.0314
 ------------------------------------------------------------------------------

wrapping first mol.:       24.81660       35.09597       60.78800
wrapping first mol.:       24.81660       35.09597       60.78800

 NSTEP =     4000   TIME(PS) =    2548.000  TEMP(K) =   301.30  PRESS =   167.3
 Etot   =    -78454.9797  EKtot   =     19720.4785  EPtot      =    -98175.4582
 BOND   =       819.0198  ANGLE   =      1856.1034  DIHED      =      3419.2727
 1-4 NB =      1004.5581  1-4 EEL =     12866.9134  VDWAALS    =     10625.5178
 EELEC  =   -128766.8434  EHBOND  =         0.0000  RESTRAINT  =         0.0000
 EKCMT  =      8381.9283  VIRIAL  =      7234.7032  VOLUME     =    317659.6439
                                                    Density    =         1.0317
 ------------------------------------------------------------------------------

wrapping first mol.:       24.79912       35.07126       60.74519
wrapping first mol.:       24.79912       35.07126       60.74519

 NSTEP =     4500   TIME(PS) =    2549.000  TEMP(K) =   298.80  PRESS =   -15.1
 Etot   =    -78788.9966  EKtot   =     19556.4922  EPtot      =    -98345.4888
 BOND   =       802.6622  ANGLE   =      1918.3287  DIHED      =      3399.9458
 1-4 NB =      1005.4428  1-4 EEL =     12812.7788  VDWAALS    =     10653.6114
 EELEC  =   -128938.2586  EHBOND  =         0.0000  RESTRAINT  =         0.0000
 EKCMT  =      8228.7568  VIRIAL  =      8331.9115  VOLUME     =    316994.2327
                                                    Density    =         1.0338
 ------------------------------------------------------------------------------

wrapping first mol.:       24.80395       35.07808       60.75701
wrapping first mol.:       24.80395       35.07808       60.75701

 NSTEP =     5000   TIME(PS) =    2550.000  TEMP(K) =   301.63  PRESS =    52.3
 Etot   =    -78723.6542  EKtot   =     19742.2969  EPtot      =    -98465.9511
 BOND   =       809.3151  ANGLE   =      1936.9022  DIHED      =      3429.1529
 1-4 NB =       966.6602  1-4 EEL =     12827.0032  VDWAALS    =     10764.4187
 EELEC  =   -129199.4034  EHBOND  =         0.0000  RESTRAINT  =         0.0000
 EKCMT  =      8267.8266  VIRIAL  =      7909.5806  VOLUME     =    317177.3593
                                                    Density    =         1.0332
 ------------------------------------------------------------------------------

wrapping first mol.:       24.78963       35.05783       60.72194
wrapping first mol.:       24.78963       35.05783       60.72194

 NSTEP =     5500   TIME(PS) =    2551.000  TEMP(K) =   299.84  PRESS =    44.0
 Etot   =    -78825.6500  EKtot   =     19624.6660  EPtot      =    -98450.3160
 BOND   =       797.3290  ANGLE   =      1913.6880  DIHED      =      3401.6858
 1-4 NB =       972.3949  1-4 EEL =     12767.3733  VDWAALS    =     10728.8156
 EELEC  =   -129031.6025  EHBOND  =         0.0000  RESTRAINT  =         0.0000
 EKCMT  =      8259.8124  VIRIAL  =      7958.8690  VOLUME     =    316628.5800
                                                    Density    =         1.0350
 ------------------------------------------------------------------------------

wrapping first mol.:       24.79521       35.06572       60.73560
wrapping first mol.:       24.79521       35.06572       60.73560

 NSTEP =     6000   TIME(PS) =    2552.000  TEMP(K) =   301.92  PRESS =   -48.6
 Etot   =    -78730.5193  EKtot   =     19761.1094  EPtot      =    -98491.6287
 BOND   =       786.5484  ANGLE   =      1935.9371  DIHED      =      3414.0241
 1-4 NB =      1004.5511  1-4 EEL =     12808.9968  VDWAALS    =     10498.0597
 EELEC  =   -128939.7459  EHBOND  =         0.0000  RESTRAINT  =         0.0000
 EKCMT  =      8372.4069  VIRIAL  =      8704.7872  VOLUME     =    316844.9827
                                                    Density    =         1.0343
 ------------------------------------------------------------------------------

wrapping first mol.:       24.79945       35.07172       60.74600
wrapping first mol.:       24.79945       35.07172       60.74600

 NSTEP =     6500   TIME(PS) =    2553.000  TEMP(K) =   298.28  PRESS =   -32.4
 Etot   =    -78749.0495  EKtot   =     19522.6680  EPtot      =    -98271.7175
 BOND   =       801.2227  ANGLE   =      1938.5351  DIHED      =      3395.7020
 1-4 NB =       961.2406  1-4 EEL =     12830.9082  VDWAALS    =     10499.6904
 EELEC  =   -128699.0164  EHBOND  =         0.0000  RESTRAINT  =         0.0000
 EKCMT  =      8257.1706  VIRIAL  =      8479.2311  VOLUME     =    317007.3007
                                                    Density    =         1.0338
 ------------------------------------------------------------------------------

wrapping first mol.:       24.80356       35.07753       60.75606
wrapping first mol.:       24.80356       35.07753       60.75606

 NSTEP =     7000   TIME(PS) =    2554.000  TEMP(K) =   298.39  PRESS =   -45.2
 Etot   =    -78673.7633  EKtot   =     19529.7070  EPtot      =    -98203.4704
 BOND   =       780.2944  ANGLE   =      1935.1351  DIHED      =      3388.1338
 1-4 NB =       990.5839  1-4 EEL =     12795.7957  VDWAALS    =     10583.6450
 EELEC  =   -128677.0583  EHBOND  =         0.0000  RESTRAINT  =         0.0000
 EKCMT  =      8325.1720  VIRIAL  =      8634.4646  VOLUME     =    317165.1679
                                                    Density    =         1.0333
 ------------------------------------------------------------------------------

wrapping first mol.:       24.79983       35.07225       60.74692
wrapping first mol.:       24.79983       35.07225       60.74692

 NSTEP =     7500   TIME(PS) =    2555.000  TEMP(K) =   300.87  PRESS =   115.4
 Etot   =    -78629.9681  EKtot   =     19692.0508  EPtot      =    -98322.0189
 BOND   =       805.3378  ANGLE   =      1947.9961  DIHED      =      3390.3688
 1-4 NB =      1000.4340  1-4 EEL =     12729.1586  VDWAALS    =     10464.2667
 EELEC  =   -128659.5809  EHBOND  =         0.0000  RESTRAINT  =         0.0000
 EKCMT  =      8319.3116  VIRIAL  =      7529.3706  VOLUME     =    317017.4826
                                                    Density    =         1.0337
 ------------------------------------------------------------------------------

wrapping first mol.:       24.78288       35.04828       60.70540
wrapping first mol.:       24.78288       35.04828       60.70540

 NSTEP =     8000   TIME(PS) =    2556.000  TEMP(K) =   300.83  PRESS =   -65.9
 Etot   =    -78628.7145  EKtot   =     19689.3496  EPtot      =    -98318.0641
 BOND   =       830.2985  ANGLE   =      1936.9672  DIHED      =      3428.8496
 1-4 NB =       969.3445  1-4 EEL =     12750.1331  VDWAALS    =     10260.0603
 EELEC  =   -128493.7174  EHBOND  =         0.0000  RESTRAINT  =         0.0000
 EKCMT  =      8368.7896  VIRIAL  =      8818.7705  VOLUME     =    316373.0796
                                                    Density    =         1.0359
 ------------------------------------------------------------------------------

wrapping first mol.:       24.77283       35.03407       60.68078
wrapping first mol.:       24.77283       35.03407       60.68078

 NSTEP =     8500   TIME(PS) =    2557.000  TEMP(K) =   298.68  PRESS =   170.8
 Etot   =    -79063.8710  EKtot   =     19549.0332  EPtot      =    -98612.9042
 BOND   =       834.0635  ANGLE   =      1903.8757  DIHED      =      3400.6208
 1-4 NB =       992.4692  1-4 EEL =     12797.3213  VDWAALS    =     10745.1141
 EELEC  =   -129286.3690  EHBOND  =         0.0000  RESTRAINT  =         0.0000
 EKCMT  =      8201.5449  VIRIAL  =      7036.0014  VOLUME     =    315981.5810
                                                    Density    =         1.0371
 ------------------------------------------------------------------------------

wrapping first mol.:       24.79968       35.07204       60.74655
wrapping first mol.:       24.79968       35.07204       60.74655

 NSTEP =     9000   TIME(PS) =    2558.000  TEMP(K) =   302.23  PRESS =    45.5
 Etot   =    -78579.8472  EKtot   =     19781.1367  EPtot      =    -98360.9839
 BOND   =       839.0468  ANGLE   =      1903.1985  DIHED      =      3404.5336
 1-4 NB =       985.7279  1-4 EEL =     12788.8082  VDWAALS    =     10486.8590
 EELEC  =   -128769.1579  EHBOND  =         0.0000  RESTRAINT  =         0.0000
 EKCMT  =      8399.4168  VIRIAL  =      8088.0208  VOLUME     =    317013.7121
                                                    Density    =         1.0338
 ------------------------------------------------------------------------------

wrapping first mol.:       24.80515       35.07978       60.75995
wrapping first mol.:       24.80515       35.07978       60.75995

 NSTEP =     9500   TIME(PS) =    2559.000  TEMP(K) =   299.23  PRESS =    44.7
 Etot   =    -78728.1493  EKtot   =     19584.7852  EPtot      =    -98312.9344
 BOND   =       772.6823  ANGLE   =      1883.1596  DIHED      =      3345.5245
 1-4 NB =       984.0904  1-4 EEL =     12834.6353  VDWAALS    =     10588.4607
 EELEC  =   -128721.4873  EHBOND  =         0.0000  RESTRAINT  =         0.0000
 EKCMT  =      8324.3072  VIRIAL  =      8017.9832  VOLUME     =    317223.6076
                                                    Density    =         1.0331
 ------------------------------------------------------------------------------

wrapping first mol.:       24.81190       35.08932       60.77648
wrapping first mol.:       24.81190       35.08932       60.77648

 NSTEP =    10000   TIME(PS) =    2560.000  TEMP(K) =   298.48  PRESS =    22.4
 Etot   =    -78508.4669  EKtot   =     19535.9355  EPtot      =    -98044.4024
 BOND   =       803.5869  ANGLE   =      1918.7561  DIHED      =      3408.2529
 1-4 NB =       992.8367  1-4 EEL =     12806.7628  VDWAALS    =     10493.1737
 EELEC  =   -128467.7716  EHBOND  =         0.0000  RESTRAINT  =         0.0000
 EKCMT  =      8170.1944  VIRIAL  =      8016.8434  VOLUME     =    317483.2042
                                                    Density    =         1.0322
 ------------------------------------------------------------------------------

wrapping first mol.:       24.80647       35.08165       60.76319
wrapping first mol.:       24.80647       35.08165       60.76319

 NSTEP =    10500   TIME(PS) =    2561.000  TEMP(K) =   299.78  PRESS =   -68.0
 Etot   =    -78610.8068  EKtot   =     19621.2031  EPtot      =    -98232.0100
 BOND   =       780.9647  ANGLE   =      1913.9232  DIHED      =      3403.4369
 1-4 NB =       991.4969  1-4 EEL =     12783.2458  VDWAALS    =     10586.7405
 EELEC  =   -128691.8179  EHBOND  =         0.0000  RESTRAINT  =         0.0000
 EKCMT  =      8269.4410  VIRIAL  =      8735.3419  VOLUME     =    317277.5791
                                                    Density    =         1.0329
 ------------------------------------------------------------------------------

wrapping first mol.:       24.80721       35.08269       60.76500
wrapping first mol.:       24.80721       35.08269       60.76500

 NSTEP =    11000   TIME(PS) =    2562.000  TEMP(K) =   299.13  PRESS =  -217.3
 Etot   =    -78661.8144  EKtot   =     19578.0957  EPtot      =    -98239.9101
 BOND   =       863.2199  ANGLE   =      1993.9975  DIHED      =      3388.3777
 1-4 NB =       991.2117  1-4 EEL =     12794.2951  VDWAALS    =     10494.2844
 EELEC  =   -128765.2964  EHBOND  =         0.0000  RESTRAINT  =         0.0000
 EKCMT  =      8295.0680  VIRIAL  =      9783.5750  VOLUME     =    317310.1172
                                                    Density    =         1.0328
 ------------------------------------------------------------------------------

wrapping first mol.:       24.80733       35.08286       60.76529
wrapping first mol.:       24.80733       35.08286       60.76529

 NSTEP =    11500   TIME(PS) =    2563.000  TEMP(K) =   298.93  PRESS =    40.2
 Etot   =    -78778.6331  EKtot   =     19565.4883  EPtot      =    -98344.1213
 BOND   =       796.8843  ANGLE   =      1944.1891  DIHED      =      3395.0300
 1-4 NB =       988.2625  1-4 EEL =     12886.3395  VDWAALS    =     10714.2130
 EELEC  =   -129069.0398  EHBOND  =         0.0000  RESTRAINT  =         0.0000
 EKCMT  =      8249.3297  VIRIAL  =      7974.2446  VOLUME     =    317307.3609
                                                    Density    =         1.0328
 ------------------------------------------------------------------------------

wrapping first mol.:       24.80818       35.08407       60.76738
wrapping first mol.:       24.80818       35.08407       60.76738

 NSTEP =    12000   TIME(PS) =    2564.000  TEMP(K) =   299.00  PRESS =    26.1
 Etot   =    -78603.5523  EKtot   =     19569.8496  EPtot      =    -98173.4019
 BOND   =       843.6025  ANGLE   =      1916.1988  DIHED      =      3400.8261
 1-4 NB =      1000.8121  1-4 EEL =     12794.0920  VDWAALS    =     10667.2757
 EELEC  =   -128796.2091  EHBOND  =         0.0000  RESTRAINT  =         0.0000
 EKCMT  =      8306.1208  VIRIAL  =      8127.2769  VOLUME     =    317340.5696
                                                    Density    =         1.0327
 ------------------------------------------------------------------------------

wrapping first mol.:       24.80371       35.07774       60.75642
wrapping first mol.:       24.80371       35.07774       60.75642

 NSTEP =    12500   TIME(PS) =    2565.000  TEMP(K) =   302.25  PRESS =   -45.8
 Etot   =    -78644.2778  EKtot   =     19782.6602  EPtot      =    -98426.9379
 BOND   =       802.0848  ANGLE   =      1921.2399  DIHED      =      3383.4570
 1-4 NB =      1022.8644  1-4 EEL =     12792.7103  VDWAALS    =     10572.2521
 EELEC  =   -128921.5464  EHBOND  =         0.0000  RESTRAINT  =         0.0000
 EKCMT  =      8262.5810  VIRIAL  =      8576.1615  VOLUME     =    317170.9076
                                                    Density    =         1.0332
 ------------------------------------------------------------------------------

wrapping first mol.:       24.79695       35.06818       60.73987
wrapping first mol.:       24.79695       35.06818       60.73987

 NSTEP =    13000   TIME(PS) =    2566.000  TEMP(K) =   301.83  PRESS =    51.1
 Etot   =    -78493.1120  EKtot   =     19755.3926  EPtot      =    -98248.5046
 BOND   =       808.7277  ANGLE   =      1909.2598  DIHED      =      3387.1460
 1-4 NB =       980.3244  1-4 EEL =     12793.5494  VDWAALS    =     10579.4769
 EELEC  =   -128706.9888  EHBOND  =         0.0000  RESTRAINT  =         0.0000
 EKCMT  =      8324.0175  VIRIAL  =      7974.5676  VOLUME     =    316909.0178
                                                    Density    =         1.0341
 ------------------------------------------------------------------------------

wrapping first mol.:       24.81740       35.09710       60.78995
wrapping first mol.:       24.81740       35.09710       60.78995

 NSTEP =    13500   TIME(PS) =    2567.000  TEMP(K) =   301.39  PRESS =   207.4
 Etot   =    -78498.7589  EKtot   =     19726.4961  EPtot      =    -98225.2550
 BOND   =       807.1400  ANGLE   =      1906.9422  DIHED      =      3397.9169
 1-4 NB =       976.4053  1-4 EEL =     12782.6281  VDWAALS    =     10699.2909
 EELEC  =   -128795.5784  EHBOND  =         0.0000  RESTRAINT  =         0.0000
 EKCMT  =      8350.7079  VIRIAL  =      6928.4084  VOLUME     =    317689.1391
                                                    Density    =         1.0316
 ------------------------------------------------------------------------------

wrapping first mol.:       24.80828       35.08420       60.76761
wrapping first mol.:       24.80828       35.08420       60.76761

 NSTEP =    14000   TIME(PS) =    2568.000  TEMP(K) =   300.77  PRESS =  -120.6
 Etot   =    -78389.5227  EKtot   =     19686.0508  EPtot      =    -98075.5735
 BOND   =       812.7508  ANGLE   =      1840.0273  DIHED      =      3368.5115
 1-4 NB =       995.9196  1-4 EEL =     12811.0107  VDWAALS    =     10395.2848
 EELEC  =   -128299.0782  EHBOND  =         0.0000  RESTRAINT  =         0.0000
 EKCMT  =      8335.7670  VIRIAL  =      9162.1270  VOLUME     =    317348.2500
                                                    Density    =         1.0327
 ------------------------------------------------------------------------------

wrapping first mol.:       24.79495       35.06535       60.73496
wrapping first mol.:       24.79495       35.06535       60.73496

 NSTEP =    14500   TIME(PS) =    2569.000  TEMP(K) =   299.60  PRESS =   -46.8
 Etot   =    -78565.5923  EKtot   =     19609.3555  EPtot      =    -98174.9478
 BOND   =       824.5961  ANGLE   =      1935.2869  DIHED      =      3384.7872
 1-4 NB =       981.5167  1-4 EEL =     12816.3438  VDWAALS    =     10499.2289
 EELEC  =   -128616.7073  EHBOND  =         0.0000  RESTRAINT  =         0.0000
 EKCMT  =      8351.0844  VIRIAL  =      8671.4403  VOLUME     =    316834.9006
                                                    Density    =         1.0343
 ------------------------------------------------------------------------------

wrapping first mol.:       24.80071       35.07350       60.74908
wrapping first mol.:       24.80071       35.07350       60.74908

 NSTEP =    15000   TIME(PS) =    2570.000  TEMP(K) =   299.15  PRESS =    13.3
 Etot   =    -78566.4550  EKtot   =     19579.8047  EPtot      =    -98146.2597
 BOND   =       784.7016  ANGLE   =      1899.2188  DIHED      =      3382.5211
 1-4 NB =       997.8087  1-4 EEL =     12826.8764  VDWAALS    =     10589.8913
 EELEC  =   -128627.2775  EHBOND  =         0.0000  RESTRAINT  =         0.0000
 EKCMT  =      8337.0649  VIRIAL  =      8245.7671  VOLUME     =    317054.3341
                                                    Density    =         1.0336
 ------------------------------------------------------------------------------

wrapping first mol.:       24.79794       35.06959       60.74230
wrapping first mol.:       24.79794       35.06959       60.74230

 NSTEP =    15500   TIME(PS) =    2571.000  TEMP(K) =   302.23  PRESS =    27.4
 Etot   =    -78382.5511  EKtot   =     19781.2676  EPtot      =    -98163.8187
 BOND   =       779.3081  ANGLE   =      1925.7314  DIHED      =      3386.9578
 1-4 NB =      1011.3972  1-4 EEL =     12856.3893  VDWAALS    =     10643.9553
 EELEC  =   -128767.5577  EHBOND  =         0.0000  RESTRAINT  =         0.0000
 EKCMT  =      8374.3549  VIRIAL  =      8187.0744  VOLUME     =    316947.6952
                                                    Density    =         1.0340
 ------------------------------------------------------------------------------

wrapping first mol.:       24.80190       35.07519       60.75200
wrapping first mol.:       24.80190       35.07519       60.75200

 NSTEP =    16000   TIME(PS) =    2572.000  TEMP(K) =   302.27  PRESS =   118.6
 Etot   =    -78583.6540  EKtot   =     19783.7383  EPtot      =    -98367.3922
 BOND   =       816.1649  ANGLE   =      1961.6744  DIHED      =      3348.2128
 1-4 NB =       969.5476  1-4 EEL =     12818.6135  VDWAALS    =     10807.3157
 EELEC  =   -129088.9213  EHBOND  =         0.0000  RESTRAINT  =         0.0000
 EKCMT  =      8457.9751  VIRIAL  =      7645.9346  VOLUME     =    317097.0273
                                                    Density    =         1.0335
 ------------------------------------------------------------------------------

wrapping first mol.:       24.79928       35.07147       60.74556
wrapping first mol.:       24.79928       35.07147       60.74556

 NSTEP =    16500   TIME(PS) =    2573.000  TEMP(K) =   301.45  PRESS =    99.4
 Etot   =    -78380.2394  EKtot   =     19730.2031  EPtot      =    -98110.4426
 BOND   =       797.2492  ANGLE   =      1868.9223  DIHED      =      3424.6760
 1-4 NB =       986.4173  1-4 EEL =     12781.5403  VDWAALS    =     10791.2014
 EELEC  =   -128760.4490  EHBOND  =         0.0000  RESTRAINT  =         0.0000
 EKCMT  =      8411.4796  VIRIAL  =      7730.9259  VOLUME     =    316996.7850
                                                    Density    =         1.0338
 ------------------------------------------------------------------------------

wrapping first mol.:       24.80342       35.07734       60.75573
wrapping first mol.:       24.80342       35.07734       60.75573

 NSTEP =    17000   TIME(PS) =    2574.000  TEMP(K) =   302.33  PRESS =   107.7
 Etot   =    -78516.7418  EKtot   =     19788.0605  EPtot      =    -98304.8024
 BOND   =       829.3666  ANGLE   =      1976.4511  DIHED      =      3377.7658
 1-4 NB =      1000.1860  1-4 EEL =     12745.2540  VDWAALS    =     10840.0171
 EELEC  =   -129073.8431  EHBOND  =         0.0000  RESTRAINT  =         0.0000
 EKCMT  =      8403.2169  VIRIAL  =      7665.7377  VOLUME     =    317155.6800
                                                    Density    =         1.0333
 ------------------------------------------------------------------------------

wrapping first mol.:       24.78954       35.05770       60.72171
wrapping first mol.:       24.78954       35.05770       60.72171

 NSTEP =    17500   TIME(PS) =    2575.000  TEMP(K) =   300.06  PRESS =   128.0
 Etot   =    -78573.3075  EKtot   =     19639.5117  EPtot      =    -98212.8192
 BOND   =       818.7485  ANGLE   =      1861.1093  DIHED      =      3400.2595
 1-4 NB =       987.2204  1-4 EEL =     12803.8563  VDWAALS    =     10568.9089
 EELEC  =   -128652.9222  EHBOND  =         0.0000  RESTRAINT  =         0.0000
 EKCMT  =      8276.9068  VIRIAL  =      7402.0920  VOLUME     =    316622.7500
                                                    Density    =         1.0350
 ------------------------------------------------------------------------------

wrapping first mol.:       24.80173       35.07495       60.75159
wrapping first mol.:       24.80173       35.07495       60.75159

 NSTEP =    18000   TIME(PS) =    2576.000  TEMP(K) =   302.59  PRESS =   303.4
 Etot   =    -78511.1581  EKtot   =     19804.9707  EPtot      =    -98316.1288
 BOND   =       798.1700  ANGLE   =      1903.6422  DIHED      =      3399.0725
 1-4 NB =      1002.2600  1-4 EEL =     12823.0794  VDWAALS    =     10606.5123
 EELEC  =   -128848.8653  EHBOND  =         0.0000  RESTRAINT  =         0.0000
 EKCMT  =      8344.6867  VIRIAL  =      6267.5917  VOLUME     =    317085.3329
                                                    Density    =         1.0335
 ------------------------------------------------------------------------------

wrapping first mol.:       24.80813       35.08400       60.76726
wrapping first mol.:       24.80813       35.08400       60.76726

 NSTEP =    18500   TIME(PS) =    2577.000  TEMP(K) =   298.38  PRESS =   135.8
 Etot   =    -78548.4332  EKtot   =     19529.5352  EPtot      =    -98077.9683
 BOND   =       838.7026  ANGLE   =      1968.8876  DIHED      =      3423.8135
 1-4 NB =       974.8386  1-4 EEL =     12826.5405  VDWAALS    =     10595.0233
 EELEC  =   -128705.7743  EHBOND  =         0.0000  RESTRAINT  =         0.0000
 EKCMT  =      8229.5644  VIRIAL  =      7298.7752  VOLUME     =    317335.6059
                                                    Density    =         1.0327
 ------------------------------------------------------------------------------

wrapping first mol.:       24.80467       35.07910       60.75878
wrapping first mol.:       24.80467       35.07910       60.75878

 NSTEP =    19000   TIME(PS) =    2578.000  TEMP(K) =   298.34  PRESS =    25.0
 Etot   =    -78529.8647  EKtot   =     19526.6445  EPtot      =    -98056.5092
 BOND   =       785.4437  ANGLE   =      1903.6113  DIHED      =      3383.8190
 1-4 NB =      1006.3456  1-4 EEL =     12813.4123  VDWAALS    =     10729.4106
 EELEC  =   -128678.5517  EHBOND  =         0.0000  RESTRAINT  =         0.0000
 EKCMT  =      8204.8105  VIRIAL  =      8033.7682  VOLUME     =    317205.8407
                                                    Density    =         1.0331
 ------------------------------------------------------------------------------

wrapping first mol.:       24.80862       35.08468       60.76845
wrapping first mol.:       24.80862       35.08468       60.76845

 NSTEP =    19500   TIME(PS) =    2579.000  TEMP(K) =   300.57  PRESS =   -89.7
 Etot   =    -78818.0172  EKtot   =     19672.7422  EPtot      =    -98490.7594
 BOND   =       822.7392  ANGLE   =      1903.7481  DIHED      =      3394.3166
 1-4 NB =      1006.0897  1-4 EEL =     12850.8418  VDWAALS    =     10680.4474
 EELEC  =   -129148.9422  EHBOND  =         0.0000  RESTRAINT  =         0.0000
 EKCMT  =      8248.3337  VIRIAL  =      8863.0695  VOLUME     =    317360.5084
                                                    Density    =         1.0326
 ------------------------------------------------------------------------------

wrapping first mol.:       24.81636       35.09563       60.78741
wrapping first mol.:       24.81636       35.09563       60.78741

 NSTEP =    20000   TIME(PS) =    2580.000  TEMP(K) =   299.19  PRESS =   168.3
 Etot   =    -78515.4084  EKtot   =     19582.0020  EPtot      =    -98097.4104
 BOND   =       822.6328  ANGLE   =      1970.5107  DIHED      =      3402.8279
 1-4 NB =       993.4339  1-4 EEL =     12841.0668  VDWAALS    =     10848.7437
 EELEC  =   -128976.6261  EHBOND  =         0.0000  RESTRAINT  =         0.0000
 EKCMT  =      8268.6747  VIRIAL  =      7114.2997  VOLUME     =    317650.4046
                                                    Density    =         1.0317
 ------------------------------------------------------------------------------

wrapping first mol.:       24.80865       35.08473       60.76854
wrapping first mol.:       24.80865       35.08473       60.76854

 NSTEP =    20500   TIME(PS) =    2581.000  TEMP(K) =   302.43  PRESS =   -62.1
 Etot   =    -78388.6677  EKtot   =     19794.2227  EPtot      =    -98182.8904
 BOND   =       811.5306  ANGLE   =      1984.2217  DIHED      =      3413.8123
 1-4 NB =       991.7179  1-4 EEL =     12777.0743  VDWAALS    =     10573.8373
 EELEC  =   -128735.0846  EHBOND  =         0.0000  RESTRAINT  =         0.0000
 EKCMT  =      8353.8515  VIRIAL  =      8779.5367  VOLUME     =    317361.1526
                                                    Density    =         1.0326
 ------------------------------------------------------------------------------

wrapping first mol.:       24.81038       35.08717       60.77276
wrapping first mol.:       24.81038       35.08717       60.77276

 NSTEP =    21000   TIME(PS) =    2582.000  TEMP(K) =   300.92  PRESS =  -183.7
 Etot   =    -78590.7872  EKtot   =     19695.3574  EPtot      =    -98286.1446
 BOND   =       798.1817  ANGLE   =      1950.4273  DIHED      =      3374.7557
 1-4 NB =      1001.9405  1-4 EEL =     12807.5657  VDWAALS    =     10764.4728
 EELEC  =   -128983.4882  EHBOND  =         0.0000  RESTRAINT  =         0.0000
 EKCMT  =      8309.9513  VIRIAL  =      9569.2962  VOLUME     =    317430.7272
                                                    Density    =         1.0324
 ------------------------------------------------------------------------------

wrapping first mol.:       24.81780       35.09767       60.79095
wrapping first mol.:       24.81780       35.09767       60.79095

 NSTEP =    21500   TIME(PS) =    2583.000  TEMP(K) =   297.06  PRESS =    82.7
 Etot   =    -78662.1396  EKtot   =     19442.6621  EPtot      =    -98104.8017
 BOND   =       824.9116  ANGLE   =      1966.0057  DIHED      =      3406.5906
 1-4 NB =       989.0476  1-4 EEL =     12835.5213  VDWAALS    =     10703.0551
 EELEC  =   -128829.9337  EHBOND  =         0.0000  RESTRAINT  =         0.0000
 EKCMT  =      8185.6137  VIRIAL  =      7618.4774  VOLUME     =    317708.2579
                                                    Density    =         1.0315
 ------------------------------------------------------------------------------

wrapping first mol.:       24.81672       35.09614       60.78830
wrapping first mol.:       24.81672       35.09614       60.78830

 NSTEP =    22000   TIME(PS) =    2584.000  TEMP(K) =   302.32  PRESS =    86.2
 Etot   =    -78434.4308  EKtot   =     19787.4062  EPtot      =    -98221.8371
 BOND   =       862.8479  ANGLE   =      1897.1110  DIHED      =      3384.0745
 1-4 NB =       976.2282  1-4 EEL =     12818.4635  VDWAALS    =     10668.9748
 EELEC  =   -128829.5370  EHBOND  =         0.0000  RESTRAINT  =         0.0000
 EKCMT  =      8345.5781  VIRIAL  =      7754.5710  VOLUME     =    317666.6412
                                                    Density    =         1.0316
 ------------------------------------------------------------------------------

wrapping first mol.:       24.81902       35.09939       60.79393
wrapping first mol.:       24.81902       35.09939       60.79393

 NSTEP =    22500   TIME(PS) =    2585.000  TEMP(K) =   300.84  PRESS =   213.4
 Etot   =    -78230.9885  EKtot   =     19690.4180  EPtot      =    -97921.4065
 BOND   =       799.5393  ANGLE   =      1854.8661  DIHED      =      3407.7033
 1-4 NB =       980.0827  1-4 EEL =     12825.4300  VDWAALS    =     10546.3971
 EELEC  =   -128335.4250  EHBOND  =         0.0000  RESTRAINT  =         0.0000
 EKCMT  =      8386.2265  VIRIAL  =      6921.8345  VOLUME     =    317751.2783
                                                    Density    =         1.0314
 ------------------------------------------------------------------------------

wrapping first mol.:       24.81600       35.09513       60.78654
wrapping first mol.:       24.81600       35.09513       60.78654

 NSTEP =    23000   TIME(PS) =    2586.000  TEMP(K) =   300.52  PRESS =   106.6
 Etot   =    -78471.6710  EKtot   =     19669.6250  EPtot      =    -98141.2960
 BOND   =       809.6757  ANGLE   =      1884.4724  DIHED      =      3361.1717
 1-4 NB =       999.1095  1-4 EEL =     12828.6520  VDWAALS    =     10587.2794
 EELEC  =   -128611.6567  EHBOND  =         0.0000  RESTRAINT  =         0.0000
 EKCMT  =      8269.7465  VIRIAL  =      7538.3287  VOLUME     =    317638.4440
                                                    Density    =         1.0317
 ------------------------------------------------------------------------------

wrapping first mol.:       24.80188       35.07515       60.75194
wrapping first mol.:       24.80188       35.07515       60.75194

 NSTEP =    23500   TIME(PS) =    2587.000  TEMP(K) =   299.12  PRESS =    14.8
 Etot   =    -78696.3334  EKtot   =     19577.9648  EPtot      =    -98274.2983
 BOND   =       849.6853  ANGLE   =      1876.6891  DIHED      =      3443.8613
 1-4 NB =      1004.4128  1-4 EEL =     12914.6455  VDWAALS    =     10826.6588
 EELEC  =   -129190.2511  EHBOND  =         0.0000  RESTRAINT  =         0.0000
 EKCMT  =      8332.7360  VIRIAL  =      8231.3055  VOLUME     =    317099.0168
                                                    Density    =         1.0335
 ------------------------------------------------------------------------------

wrapping first mol.:       24.79806       35.06975       60.74259
wrapping first mol.:       24.79806       35.06975       60.74259

 NSTEP =    24000   TIME(PS) =    2588.000  TEMP(K) =   300.42  PRESS =   107.3
 Etot   =    -78436.2296  EKtot   =     19663.0918  EPtot      =    -98099.3214
 BOND   =       824.9793  ANGLE   =      1984.7557  DIHED      =      3391.5364
 1-4 NB =       992.2515  1-4 EEL =     12855.0379  VDWAALS    =     10681.5522
 EELEC  =   -128829.4345  EHBOND  =         0.0000  RESTRAINT  =         0.0000
 EKCMT  =      8262.7266  VIRIAL  =      7528.3634  VOLUME     =    316950.0408
                                                    Density    =         1.0340
 ------------------------------------------------------------------------------

wrapping first mol.:       24.78722       35.05442       60.71602
wrapping first mol.:       24.78722       35.05442       60.71602

 NSTEP =    24500   TIME(PS) =    2589.000  TEMP(K) =   296.74  PRESS =   254.8
 Etot   =    -78786.6544  EKtot   =     19422.1484  EPtot      =    -98208.8029
 BOND   =       844.0090  ANGLE   =      1990.6978  DIHED      =      3381.7251
 1-4 NB =       986.5372  1-4 EEL =     12788.7864  VDWAALS    =     11126.9586
 EELEC  =   -129327.5169  EHBOND  =         0.0000  RESTRAINT  =         0.0000
 EKCMT  =      8110.9133  VIRIAL  =      6369.4592  VOLUME     =    316530.1649
                                                    Density    =         1.0353
 ------------------------------------------------------------------------------

wrapping first mol.:       24.80301       35.07675       60.75471
wrapping first mol.:       24.80301       35.07675       60.75471

 NSTEP =    25000   TIME(PS) =    2590.000  TEMP(K) =   298.78  PRESS =    87.3
 Etot   =    -78787.4447  EKtot   =     19555.7949  EPtot      =    -98343.2396
 BOND   =       845.1162  ANGLE   =      1910.4167  DIHED      =      3390.5559
 1-4 NB =      1010.2025  1-4 EEL =     12857.0882  VDWAALS    =     10705.4511
 EELEC  =   -129062.0702  EHBOND  =         0.0000  RESTRAINT  =         0.0000
 EKCMT  =      8298.6594  VIRIAL  =      7700.8508  VOLUME     =    317140.2758
                                                    Density    =         1.0333
 ------------------------------------------------------------------------------

wrapping first mol.:       24.80473       35.07919       60.75893
wrapping first mol.:       24.80473       35.07919       60.75893

 NSTEP =    25500   TIME(PS) =    2591.000  TEMP(K) =   298.69  PRESS =   -32.7
 Etot   =    -78790.4806  EKtot   =     19549.7305  EPtot      =    -98340.2110
 BOND   =       807.7810  ANGLE   =      1936.9419  DIHED      =      3393.9252
 1-4 NB =       980.2284  1-4 EEL =     12768.0487  VDWAALS    =     10544.3273
 EELEC  =   -128771.4636  EHBOND  =         0.0000  RESTRAINT  =         0.0000
 EKCMT  =      8244.2121  VIRIAL  =      8468.3082  VOLUME     =    317209.8558
                                                    Density    =         1.0331
 ------------------------------------------------------------------------------

wrapping first mol.:       24.79737       35.06877       60.74089
wrapping first mol.:       24.79737       35.06877       60.74089

 NSTEP =    26000   TIME(PS) =    2592.000  TEMP(K) =   300.49  PRESS =    37.7
 Etot   =    -78584.5615  EKtot   =     19667.3418  EPtot      =    -98251.9033
 BOND   =       842.7897  ANGLE   =      1922.6367  DIHED      =      3391.7448
 1-4 NB =       972.1271  1-4 EEL =     12822.3089  VDWAALS    =     10671.2537
 EELEC  =   -128874.7643  EHBOND  =         0.0000  RESTRAINT  =         0.0000
 EKCMT  =      8233.6425  VIRIAL  =      7975.5006  VOLUME     =    316925.4254
                                                    Density    =         1.0341
 ------------------------------------------------------------------------------

wrapping first mol.:       24.79009       35.05848       60.72306
wrapping first mol.:       24.79009       35.05848       60.72306

 NSTEP =    26500   TIME(PS) =    2593.000  TEMP(K) =   298.62  PRESS =   -27.8
 Etot   =    -78779.3242  EKtot   =     19544.8320  EPtot      =    -98324.1562
 BOND   =       782.8433  ANGLE   =      1913.7581  DIHED      =      3431.4348
 1-4 NB =       996.1167  1-4 EEL =     12834.2992  VDWAALS    =     10495.4467
 EELEC  =   -128778.0550  EHBOND  =         0.0000  RESTRAINT  =         0.0000
 EKCMT  =      8209.7446  VIRIAL  =      8399.5302  VOLUME     =    316648.2494
                                                    Density    =         1.0350
 ------------------------------------------------------------------------------

wrapping first mol.:       24.79860       35.07052       60.74391
wrapping first mol.:       24.79860       35.07052       60.74391

 NSTEP =    27000   TIME(PS) =    2594.000  TEMP(K) =   299.21  PRESS =   225.7
 Etot   =    -78465.8485  EKtot   =     19583.9277  EPtot      =    -98049.7763
 BOND   =       844.2911  ANGLE   =      1918.5941  DIHED      =      3443.3022
 1-4 NB =       968.3825  1-4 EEL =     12843.1608  VDWAALS    =     10520.8058
 EELEC  =   -128588.3128  EHBOND  =         0.0000  RESTRAINT  =         0.0000
 EKCMT  =      8274.5922  VIRIAL  =      6730.2522  VOLUME     =    316967.3791
                                                    Density    =         1.0339
 ------------------------------------------------------------------------------

wrapping first mol.:       24.79866       35.07060       60.74405
wrapping first mol.:       24.79866       35.07060       60.74405

 NSTEP =    27500   TIME(PS) =    2595.000  TEMP(K) =   297.27  PRESS =   -51.2
 Etot   =    -79150.2818  EKtot   =     19456.7266  EPtot      =    -98607.0083
 BOND   =       827.8487  ANGLE   =      1893.8926  DIHED      =      3358.0744
 1-4 NB =       970.5397  1-4 EEL =     12757.1859  VDWAALS    =     10665.9190
 EELEC  =   -129080.4687  EHBOND  =         0.0000  RESTRAINT  =         0.0000
 EKCMT  =      8290.9105  VIRIAL  =      8641.2188  VOLUME     =    316977.3890
                                                    Density    =         1.0339
 ------------------------------------------------------------------------------

wrapping first mol.:       24.81109       35.08818       60.77451
wrapping first mol.:       24.81109       35.08818       60.77451

 NSTEP =    28000   TIME(PS) =    2596.000  TEMP(K) =   298.95  PRESS =   220.7
 Etot   =    -78994.2920  EKtot   =     19566.7949  EPtot      =    -98561.0869
 BOND   =       819.6358  ANGLE   =      1921.1478  DIHED      =      3409.2457
 1-4 NB =       995.4269  1-4 EEL =     12866.2688  VDWAALS    =     10785.4460
 EELEC  =   -129358.2578  EHBOND  =         0.0000  RESTRAINT  =         0.0000
 EKCMT  =      8266.4199  VIRIAL  =      6753.8061  VOLUME     =    317446.7484
                                                    Density    =         1.0324
 ------------------------------------------------------------------------------

wrapping first mol.:       24.79135       35.06026       60.72615
wrapping first mol.:       24.79135       35.06026       60.72615

 NSTEP =    28500   TIME(PS) =    2597.000  TEMP(K) =   297.77  PRESS =   -15.7
 Etot   =    -78801.2400  EKtot   =     19489.5605  EPtot      =    -98290.8005
 BOND   =       805.1609  ANGLE   =      1941.0892  DIHED      =      3389.5311
 1-4 NB =       992.2369  1-4 EEL =     12792.2101  VDWAALS    =     10555.9631
 EELEC  =   -128766.9919  EHBOND  =         0.0000  RESTRAINT  =         0.0000
 EKCMT  =      8219.5978  VIRIAL  =      8327.1325  VOLUME     =    316696.1737
                                                    Density    =         1.0348
 ------------------------------------------------------------------------------

wrapping first mol.:       24.79374       35.06364       60.73201
wrapping first mol.:       24.79374       35.06364       60.73201

 NSTEP =    29000   TIME(PS) =    2598.000  TEMP(K) =   300.61  PRESS =   -31.6
 Etot   =    -78537.8495  EKtot   =     19675.5449  EPtot      =    -98213.3945
 BOND   =       798.9758  ANGLE   =      1925.1819  DIHED      =      3406.3462
 1-4 NB =       995.2100  1-4 EEL =     12751.0448  VDWAALS    =     10741.1033
 EELEC  =   -128831.2563  EHBOND  =         0.0000  RESTRAINT  =         0.0000
 EKCMT  =      8318.6433  VIRIAL  =      8534.5014  VOLUME     =    316788.2899
                                                    Density    =         1.0345
 ------------------------------------------------------------------------------

wrapping first mol.:       24.80892       35.08511       60.76918
wrapping first mol.:       24.80892       35.08511       60.76918

 NSTEP =    29500   TIME(PS) =    2599.000  TEMP(K) =   299.68  PRESS =    -5.2
 Etot   =    -78666.5958  EKtot   =     19614.6836  EPtot      =    -98281.2794
 BOND   =       805.9050  ANGLE   =      1959.1753  DIHED      =      3384.0041
 1-4 NB =       995.2014  1-4 EEL =     12768.6351  VDWAALS    =     10571.0929
 EELEC  =   -128765.2931  EHBOND  =         0.0000  RESTRAINT  =         0.0000
 EKCMT  =      8346.9655  VIRIAL  =      8382.4534  VOLUME     =    317369.5971
                                                    Density    =         1.0326
 ------------------------------------------------------------------------------

wrapping first mol.:       24.80780       35.08353       60.76645
wrapping first mol.:       24.80780       35.08353       60.76645

 NSTEP =    30000   TIME(PS) =    2600.000  TEMP(K) =   303.08  PRESS =   -13.6
 Etot   =    -78439.7607  EKtot   =     19836.7930  EPtot      =    -98276.5537
 BOND   =       790.8727  ANGLE   =      1969.2420  DIHED      =      3409.1586
 1-4 NB =       974.9869  1-4 EEL =     12797.1411  VDWAALS    =     10586.8763
 EELEC  =   -128804.8313  EHBOND  =         0.0000  RESTRAINT  =         0.0000
 EKCMT  =      8368.9027  VIRIAL  =      8462.1871  VOLUME     =    317327.0587
                                                    Density    =         1.0327
 ------------------------------------------------------------------------------

wrapping first mol.:       24.79323       35.06292       60.73076
wrapping first mol.:       24.79323       35.06292       60.73076

 NSTEP =    30500   TIME(PS) =    2601.000  TEMP(K) =   299.08  PRESS =  -127.2
 Etot   =    -78697.7462  EKtot   =     19575.1035  EPtot      =    -98272.8497
 BOND   =       781.6575  ANGLE   =      1915.6147  DIHED      =      3394.7521
 1-4 NB =       998.1237  1-4 EEL =     12783.7972  VDWAALS    =     10711.5125
 EELEC  =   -128858.3074  EHBOND  =         0.0000  RESTRAINT  =         0.0000
 EKCMT  =      8142.7422  VIRIAL  =      9012.5736  VOLUME     =    316771.4329
                                                    Density    =         1.0346
 ------------------------------------------------------------------------------

wrapping first mol.:       24.79550       35.06614       60.73632
wrapping first mol.:       24.79550       35.06614       60.73632

 NSTEP =    31000   TIME(PS) =    2602.000  TEMP(K) =   298.65  PRESS =    30.2
 Etot   =    -78969.1954  EKtot   =     19546.9766  EPtot      =    -98516.1720
 BOND   =       820.9390  ANGLE   =      1891.2120  DIHED      =      3386.3465
 1-4 NB =       975.4486  1-4 EEL =     12799.1576  VDWAALS    =     10831.6279
 EELEC  =   -129220.9035  EHBOND  =         0.0000  RESTRAINT  =         0.0000
 EKCMT  =      8244.6132  VIRIAL  =      8038.2412  VOLUME     =    316854.0848
                                                    Density    =         1.0343
 ------------------------------------------------------------------------------

wrapping first mol.:       24.80978       35.08632       60.77129
wrapping first mol.:       24.80978       35.08632       60.77129

 NSTEP =    31500   TIME(PS) =    2603.000  TEMP(K) =   298.76  PRESS =   -77.1
 Etot   =    -78683.7690  EKtot   =     19554.4453  EPtot      =    -98238.2143
 BOND   =       820.4236  ANGLE   =      1977.8728  DIHED      =      3372.4487
 1-4 NB =       991.2510  1-4 EEL =     12778.6864  VDWAALS    =     10526.1975
 EELEC  =   -128705.0942  EHBOND  =         0.0000  RESTRAINT  =         0.0000
 EKCMT  =      8254.2592  VIRIAL  =      8782.5089  VOLUME     =    317404.7373
                                                    Density    =         1.0325
 ------------------------------------------------------------------------------

wrapping first mol.:       24.81531       35.09414       60.78483
wrapping first mol.:       24.81531       35.09414       60.78483

 NSTEP =    32000   TIME(PS) =    2604.000  TEMP(K) =   300.16  PRESS =  -245.5
 Etot   =    -78721.2451  EKtot   =     19646.0605  EPtot      =    -98367.3056
 BOND   =       814.2019  ANGLE   =      1907.4316  DIHED      =      3407.9970
 1-4 NB =       986.2574  1-4 EEL =     12866.6887  VDWAALS    =     10719.5663
 EELEC  =   -129069.4485  EHBOND  =         0.0000  RESTRAINT  =         0.0000
 EKCMT  =      8277.2244  VIRIAL  =      9960.8298  VOLUME     =    317621.7458
                                                    Density    =         1.0318
 ------------------------------------------------------------------------------

wrapping first mol.:       24.79534       35.06591       60.73593
wrapping first mol.:       24.79534       35.06591       60.73593

 NSTEP =    32500   TIME(PS) =    2605.000  TEMP(K) =   299.67  PRESS =  -160.0
 Etot   =    -78852.4703  EKtot   =     19614.0273  EPtot      =    -98466.4976
 BOND   =       858.8444  ANGLE   =      1914.4327  DIHED      =      3396.7858
 1-4 NB =       977.4200  1-4 EEL =     12748.6431  VDWAALS    =     10590.7648
 EELEC  =   -128953.3885  EHBOND  =         0.0000  RESTRAINT  =         0.0000
 EKCMT  =      8254.7641  VIRIAL  =      9349.2464  VOLUME     =    316853.3894
                                                    Density    =         1.0343
 ------------------------------------------------------------------------------

wrapping first mol.:       24.79494       35.06534       60.73495
wrapping first mol.:       24.79494       35.06534       60.73495

 NSTEP =    33000   TIME(PS) =    2606.000  TEMP(K) =   297.32  PRESS =   -55.3
 Etot   =    -79029.1074  EKtot   =     19460.2070  EPtot      =    -98489.3145
 BOND   =       797.3474  ANGLE   =      1922.0286  DIHED      =      3355.8727
 1-4 NB =      1011.6522  1-4 EEL =     12841.6979  VDWAALS    =     10702.5820
 EELEC  =   -129120.4952  EHBOND  =         0.0000  RESTRAINT  =         0.0000
 EKCMT  =      8186.0738  VIRIAL  =      8564.2658  VOLUME     =    316834.9428
                                                    Density    =         1.0343
 ------------------------------------------------------------------------------

wrapping first mol.:       24.79912       35.07125       60.74518
wrapping first mol.:       24.79912       35.07125       60.74518

 NSTEP =    33500   TIME(PS) =    2607.000  TEMP(K) =   301.77  PRESS =   131.4
 Etot   =    -78672.4152  EKtot   =     19751.4805  EPtot      =    -98423.8957
 BOND   =       820.3163  ANGLE   =      1895.8422  DIHED      =      3388.5376
 1-4 NB =       995.0586  1-4 EEL =     12831.9768  VDWAALS    =     10625.1580
 EELEC  =   -128980.7852  EHBOND  =         0.0000  RESTRAINT  =         0.0000
 EKCMT  =      8408.4480  VIRIAL  =      7509.2166  VOLUME     =    316989.8141
                                                    Density    =         1.0338
 ------------------------------------------------------------------------------

wrapping first mol.:       24.81559       35.09455       60.78553
wrapping first mol.:       24.81559       35.09455       60.78553

 NSTEP =    34000   TIME(PS) =    2608.000  TEMP(K) =   299.77  PRESS =    84.4
 Etot   =    -78507.5324  EKtot   =     19619.9668  EPtot      =    -98127.4992
 BOND   =       870.1023  ANGLE   =      1929.4879  DIHED      =      3405.6972
 1-4 NB =       979.5622  1-4 EEL =     12845.3145  VDWAALS    =     10709.0051
 EELEC  =   -128866.6685  EHBOND  =         0.0000  RESTRAINT  =         0.0000
 EKCMT  =      8277.3511  VIRIAL  =      7698.5129  VOLUME     =    317623.3612
                                                    Density    =         1.0318
 ------------------------------------------------------------------------------

wrapping first mol.:       24.82071       35.10178       60.79807
wrapping first mol.:       24.82071       35.10178       60.79807

 NSTEP =    34500   TIME(PS) =    2609.000  TEMP(K) =   302.30  PRESS =   -28.6
 Etot   =    -78464.4698  EKtot   =     19785.6211  EPtot      =    -98250.0909
 BOND   =       813.5985  ANGLE   =      1999.1291  DIHED      =      3390.2434
 1-4 NB =      1000.3858  1-4 EEL =     12851.5568  VDWAALS    =     10678.0689
 EELEC  =   -128983.0734  EHBOND  =         0.0000  RESTRAINT  =         0.0000
 EKCMT  =      8279.2038  VIRIAL  =      8475.2882  VOLUME     =    317823.1152
                                                    Density    =         1.0311
 ------------------------------------------------------------------------------

wrapping first mol.:       24.80371       35.07775       60.75643
wrapping first mol.:       24.80371       35.07775       60.75643

 NSTEP =    35000   TIME(PS) =    2610.000  TEMP(K) =   302.29  PRESS =    29.2
 Etot   =    -78500.2910  EKtot   =     19785.3633  EPtot      =    -98285.6543
 BOND   =       817.5859  ANGLE   =      1916.3691  DIHED      =      3405.9851
 1-4 NB =       986.0526  1-4 EEL =     12802.9402  VDWAALS    =     10787.8713
 EELEC  =   -129002.4585  EHBOND  =         0.0000  RESTRAINT  =         0.0000
 EKCMT  =      8380.5841  VIRIAL  =      8180.5541  VOLUME     =    317168.9663
                                                    Density    =         1.0333
 ------------------------------------------------------------------------------

wrapping first mol.:       24.81504       35.09377       60.78418
wrapping first mol.:       24.81504       35.09377       60.78418

 NSTEP =    35500   TIME(PS) =    2611.000  TEMP(K) =   300.78  PRESS =   -86.2
 Etot   =    -78521.7539  EKtot   =     19686.4473  EPtot      =    -98208.2011
 BOND   =       813.2119  ANGLE   =      1901.9959  DIHED      =      3420.0426
 1-4 NB =      1017.8175  1-4 EEL =     12888.1462  VDWAALS    =     10543.4498
 EELEC  =   -128792.8650  EHBOND  =         0.0000  RESTRAINT  =         0.0000
 EKCMT  =      8324.9690  VIRIAL  =      8915.9134  VOLUME     =    317607.0194
                                                    Density    =         1.0318
 ------------------------------------------------------------------------------

wrapping first mol.:       24.79950       35.07179       60.74612
wrapping first mol.:       24.79950       35.07179       60.74612

 NSTEP =    36000   TIME(PS) =    2612.000  TEMP(K) =   301.18  PRESS =  -276.3
 Etot   =    -78411.1553  EKtot   =     19712.5098  EPtot      =    -98123.6650
 BOND   =       815.9429  ANGLE   =      1920.8121  DIHED      =      3439.6953
 1-4 NB =       989.8576  1-4 EEL =     12742.1011  VDWAALS    =     10273.8790
 EELEC  =   -128305.9530  EHBOND  =         0.0000  RESTRAINT  =         0.0000
 EKCMT  =      8387.3608  VIRIAL  =     10278.6223  VOLUME     =    317016.0594
                                                    Density    =         1.0338
 ------------------------------------------------------------------------------

wrapping first mol.:       24.78138       35.04616       60.70172
wrapping first mol.:       24.78138       35.04616       60.70172

 NSTEP =    36500   TIME(PS) =    2613.000  TEMP(K) =   301.98  PRESS =  -182.5
 Etot   =    -78604.8903  EKtot   =     19764.9570  EPtot      =    -98369.8474
 BOND   =       825.8755  ANGLE   =      1967.2100  DIHED      =      3395.8618
 1-4 NB =       968.9138  1-4 EEL =     12766.2844  VDWAALS    =     10422.0873
 EELEC  =   -128716.0802  EHBOND  =         0.0000  RESTRAINT  =         0.0000
 EKCMT  =      8313.4227  VIRIAL  =      9559.5676  VOLUME     =    316318.8450
                                                    Density    =         1.0360
 ------------------------------------------------------------------------------

wrapping first mol.:       24.78557       35.05208       60.71198
wrapping first mol.:       24.78557       35.05208       60.71198

 NSTEP =    37000   TIME(PS) =    2614.000  TEMP(K) =   300.33  PRESS =  -113.1
 Etot   =    -78773.2937  EKtot   =     19657.1680  EPtot      =    -98430.4616
 BOND   =       849.5727  ANGLE   =      1929.3996  DIHED      =      3418.3248
 1-4 NB =       990.2375  1-4 EEL =     12817.0400  VDWAALS    =     10643.2050
 EELEC  =   -129078.2413  EHBOND  =         0.0000  RESTRAINT  =         0.0000
 EKCMT  =      8324.8711  VIRIAL  =      9097.3920  VOLUME     =    316477.3469
                                                    Density    =         1.0355
 ------------------------------------------------------------------------------

wrapping first mol.:       24.79294       35.06251       60.73004
wrapping first mol.:       24.79294       35.06251       60.73004

 NSTEP =    37500   TIME(PS) =    2615.000  TEMP(K) =   297.37  PRESS =     0.3
 Etot   =    -79054.6906  EKtot   =     19463.1816  EPtot      =    -98517.8722
 BOND   =       836.1465  ANGLE   =      1922.0572  DIHED      =      3364.5630
 1-4 NB =       974.8924  1-4 EEL =     12817.3436  VDWAALS    =     10686.1661
 EELEC  =   -129119.0409  EHBOND  =         0.0000  RESTRAINT  =         0.0000
 EKCMT  =      8119.7730  VIRIAL  =      8117.6086  VOLUME     =    316756.6318
                                                    Density    =         1.0346
 ------------------------------------------------------------------------------

wrapping first mol.:       24.80154       35.07468       60.75112
wrapping first mol.:       24.80154       35.07468       60.75112

 NSTEP =    38000   TIME(PS) =    2616.000  TEMP(K) =   298.44  PRESS =   108.6
 Etot   =    -78772.1545  EKtot   =     19533.0371  EPtot      =    -98305.1916
 BOND   =       834.7432  ANGLE   =      1967.5261  DIHED      =      3380.7234
 1-4 NB =       985.4889  1-4 EEL =     12858.9268  VDWAALS    =     10580.5480
 EELEC  =   -128913.1480  EHBOND  =         0.0000  RESTRAINT  =         0.0000
 EKCMT  =      8227.5244  VIRIAL  =      7483.8052  VOLUME     =    317083.5323
                                                    Density    =         1.0335
 ------------------------------------------------------------------------------

wrapping first mol.:       24.80091       35.07379       60.74957
wrapping first mol.:       24.80091       35.07379       60.74957

 NSTEP =    38500   TIME(PS) =    2617.000  TEMP(K) =   300.24  PRESS =   -83.6
 Etot   =    -78586.0180  EKtot   =     19650.7266  EPtot      =    -98236.7446
 BOND   =       790.1085  ANGLE   =      1957.5821  DIHED      =      3383.6218
 1-4 NB =       987.0163  1-4 EEL =     12825.5429  VDWAALS    =     10541.3314
 EELEC  =   -128721.9476  EHBOND  =         0.0000  RESTRAINT  =         0.0000
 EKCMT  =      8272.4359  VIRIAL  =      8844.5009  VOLUME     =    317064.7390
                                                    Density    =         1.0336
 ------------------------------------------------------------------------------

wrapping first mol.:       24.79499       35.06541       60.73506
wrapping first mol.:       24.79499       35.06541       60.73506

 NSTEP =    39000   TIME(PS) =    2618.000  TEMP(K) =   299.51  PRESS =    68.2
 Etot   =    -78809.3090  EKtot   =     19603.5098  EPtot      =    -98412.8188
 BOND   =       819.6075  ANGLE   =      1940.0788  DIHED      =      3415.3385
 1-4 NB =       980.2923  1-4 EEL =     12769.4814  VDWAALS    =     10750.4632
 EELEC  =   -129088.0804  EHBOND  =         0.0000  RESTRAINT  =         0.0000
 EKCMT  =      8259.2198  VIRIAL  =      7792.6694  VOLUME     =    316833.2969
                                                    Density    =         1.0344
 ------------------------------------------------------------------------------

wrapping first mol.:       24.79033       35.05883       60.72366
wrapping first mol.:       24.79033       35.05883       60.72366

 NSTEP =    39500   TIME(PS) =    2619.000  TEMP(K) =   298.34  PRESS =  -296.7
 Etot   =    -78719.1953  EKtot   =     19526.3965  EPtot      =    -98245.5917
 BOND   =       859.7050  ANGLE   =      1886.6917  DIHED      =      3417.5650
 1-4 NB =       984.7936  1-4 EEL =     12785.2033  VDWAALS    =     10418.9574
 EELEC  =   -128598.5077  EHBOND  =         0.0000  RESTRAINT  =         0.0000
 EKCMT  =      8289.4042  VIRIAL  =     10317.9542  VOLUME     =    316665.2123
                                                    Density    =         1.0349
 ------------------------------------------------------------------------------

wrapping first mol.:       24.79370       35.06358       60.73191
wrapping first mol.:       24.79370       35.06358       60.73191

 NSTEP =    40000   TIME(PS) =    2620.000  TEMP(K) =   300.27  PRESS =  -269.8
 Etot   =    -78681.5972  EKtot   =     19652.6934  EPtot      =    -98334.2905
 BOND   =       852.3691  ANGLE   =      1895.6008  DIHED      =      3428.6005
 1-4 NB =       980.7151  1-4 EEL =     12863.2415  VDWAALS    =     10394.4933
 EELEC  =   -128749.3108  EHBOND  =         0.0000  RESTRAINT  =         0.0000
 EKCMT  =      8253.4009  VIRIAL  =     10099.1443  VOLUME     =    316793.4324
                                                    Density    =         1.0345
 ------------------------------------------------------------------------------

wrapping first mol.:       24.80764       35.08331       60.76606
wrapping first mol.:       24.80764       35.08331       60.76606

 NSTEP =    40500   TIME(PS) =    2621.000  TEMP(K) =   302.10  PRESS =   102.2
 Etot   =    -78424.4012  EKtot   =     19772.5410  EPtot      =    -98196.9422
 BOND   =       818.4297  ANGLE   =      1929.3043  DIHED      =      3400.1334
 1-4 NB =       980.8118  1-4 EEL =     12846.7882  VDWAALS    =     10643.2228
 EELEC  =   -128815.6324  EHBOND  =         0.0000  RESTRAINT  =         0.0000
 EKCMT  =      8406.5514  VIRIAL  =      7706.4408  VOLUME     =    317317.7258
                                                    Density    =         1.0328
 ------------------------------------------------------------------------------

wrapping first mol.:       24.79408       35.06413       60.73285
wrapping first mol.:       24.79408       35.06413       60.73285

 NSTEP =    41000   TIME(PS) =    2622.000  TEMP(K) =   300.33  PRESS =   192.2
 Etot   =    -78723.6782  EKtot   =     19657.1406  EPtot      =    -98380.8188
 BOND   =       781.4029  ANGLE   =      1890.6238  DIHED      =      3369.2903
 1-4 NB =      1009.5435  1-4 EEL =     12819.4306  VDWAALS    =     10663.6242
 EELEC  =   -128914.7340  EHBOND  =         0.0000  RESTRAINT  =         0.0000
 EKCMT  =      8258.7460  VIRIAL  =      6944.1440  VOLUME     =    316795.1593
                                                    Density    =         1.0345
 ------------------------------------------------------------------------------

wrapping first mol.:       24.79153       35.06052       60.72660
wrapping first mol.:       24.79153       35.06052       60.72660

 NSTEP =    41500   TIME(PS) =    2623.000  TEMP(K) =   298.95  PRESS =    25.8
 Etot   =    -78917.4227  EKtot   =     19566.9004  EPtot      =    -98484.3231
 BOND   =       822.4646  ANGLE   =      1865.0360  DIHED      =      3394.6481
 1-4 NB =       984.9731  1-4 EEL =     12812.1467  VDWAALS    =     10660.3936
 EELEC  =   -129023.9852  EHBOND  =         0.0000  RESTRAINT  =         0.0000
 EKCMT  =      8320.7721  VIRIAL  =      8144.6744  VOLUME     =    316701.9903
                                                    Density    =         1.0348
 ------------------------------------------------------------------------------

wrapping first mol.:       24.78823       35.05585       60.71851
wrapping first mol.:       24.78823       35.05585       60.71851

 NSTEP =    42000   TIME(PS) =    2624.000  TEMP(K) =   298.14  PRESS =   -29.9
 Etot   =    -78889.2358  EKtot   =     19513.7344  EPtot      =    -98402.9702
 BOND   =       811.4171  ANGLE   =      1944.7117  DIHED      =      3398.7799
 1-4 NB =       982.9877  1-4 EEL =     12792.7291  VDWAALS    =     10583.3663
 EELEC  =   -128916.9619  EHBOND  =         0.0000  RESTRAINT  =         0.0000
 EKCMT  =      8264.9495  VIRIAL  =      8469.4101  VOLUME     =    316577.1239
                                                    Density    =         1.0352
 ------------------------------------------------------------------------------

wrapping first mol.:       24.79807       35.06976       60.74260
wrapping first mol.:       24.79807       35.06976       60.74260

 NSTEP =    42500   TIME(PS) =    2625.000  TEMP(K) =   300.00  PRESS =   237.1
 Etot   =    -78537.2046  EKtot   =     19635.1016  EPtot      =    -98172.3061
 BOND   =       835.5705  ANGLE   =      1890.9047  DIHED      =      3413.6267
 1-4 NB =       987.2624  1-4 EEL =     12811.8227  VDWAALS    =     10586.2377
 EELEC  =   -128697.7308  EHBOND  =         0.0000  RESTRAINT  =         0.0000
 EKCMT  =      8348.8112  VIRIAL  =      6726.3461  VOLUME     =    316946.4943
                                                    Density    =         1.0340
 ------------------------------------------------------------------------------

wrapping first mol.:       24.79291       35.06247       60.72998
wrapping first mol.:       24.79291       35.06247       60.72998

 NSTEP =    43000   TIME(PS) =    2626.000  TEMP(K) =   299.86  PRESS =   141.8
 Etot   =    -78578.4929  EKtot   =     19625.9336  EPtot      =    -98204.4265
 BOND   =       764.1081  ANGLE   =      1910.9890  DIHED      =      3418.9748
 1-4 NB =       988.4180  1-4 EEL =     12821.3952  VDWAALS    =     10612.7841
 EELEC  =   -128721.0958  EHBOND  =         0.0000  RESTRAINT  =         0.0000
 EKCMT  =      8276.1107  VIRIAL  =      7306.6519  VOLUME     =    316751.7115
                                                    Density    =         1.0346
 ------------------------------------------------------------------------------

wrapping first mol.:       24.79786       35.06947       60.74209
wrapping first mol.:       24.79786       35.06947       60.74209

 NSTEP =    43500   TIME(PS) =    2627.000  TEMP(K) =   301.96  PRESS =  -110.1
 Etot   =    -78585.4696  EKtot   =     19763.7227  EPtot      =    -98349.1922
 BOND   =       813.5209  ANGLE   =      1990.6586  DIHED      =      3419.2000
 1-4 NB =       990.3045  1-4 EEL =     12831.4236  VDWAALS    =     10414.5140
 EELEC  =   -128808.8138  EHBOND  =         0.0000  RESTRAINT  =         0.0000
 EKCMT  =      8319.7112  VIRIAL  =      9072.9484  VOLUME     =    316948.3967
                                                    Density    =         1.0340
 ------------------------------------------------------------------------------

wrapping first mol.:       24.79569       35.06640       60.73679
wrapping first mol.:       24.79569       35.06640       60.73679

 NSTEP =    44000   TIME(PS) =    2628.000  TEMP(K) =   296.18  PRESS =   292.1
 Etot   =    -79278.4218  EKtot   =     19385.1016  EPtot      =    -98663.5233
 BOND   =       797.4025  ANGLE   =      1900.6783  DIHED      =      3397.3492
 1-4 NB =      1005.4536  1-4 EEL =     12813.5665  VDWAALS    =     10828.9647
 EELEC  =   -129406.9382  EHBOND  =         0.0000  RESTRAINT  =         0.0000
 EKCMT  =      8251.9844  VIRIAL  =      6253.5357  VOLUME     =    316853.9325
                                                    Density    =         1.0343
 ------------------------------------------------------------------------------

wrapping first mol.:       24.79236       35.06169       60.72862
wrapping first mol.:       24.79236       35.06169       60.72862

 NSTEP =    44500   TIME(PS) =    2629.000  TEMP(K) =   300.81  PRESS =    79.3
 Etot   =    -78441.0966  EKtot   =     19688.2246  EPtot      =    -98129.3212
 BOND   =       806.7967  ANGLE   =      1891.9565  DIHED      =      3404.8775
 1-4 NB =      1022.2250  1-4 EEL =     12826.0046  VDWAALS    =     10517.4642
 EELEC  =   -128598.6457  EHBOND  =         0.0000  RESTRAINT  =         0.0000
 EKCMT  =      8302.8080  VIRIAL  =      7760.5892  VOLUME     =    316732.1539
                                                    Density    =         1.0347
 ------------------------------------------------------------------------------

wrapping first mol.:       24.78564       35.05219       60.71216
wrapping first mol.:       24.78564       35.05219       60.71216

 NSTEP =    45000   TIME(PS) =    2630.000  TEMP(K) =   301.13  PRESS =   -40.0
 Etot   =    -78658.9218  EKtot   =     19709.3320  EPtot      =    -98368.2538
 BOND   =       832.6117  ANGLE   =      1879.8668  DIHED      =      3420.6870
 1-4 NB =      1003.9657  1-4 EEL =     12846.7165  VDWAALS    =     10646.4188
 EELEC  =   -128998.5203  EHBOND  =         0.0000  RESTRAINT  =         0.0000
 EKCMT  =      8282.7758  VIRIAL  =      8556.2047  VOLUME     =    316478.1248
                                                    Density    =         1.0355
 ------------------------------------------------------------------------------

wrapping first mol.:       24.79426       35.06437       60.73327
wrapping first mol.:       24.79426       35.06437       60.73327

 NSTEP =    45500   TIME(PS) =    2631.000  TEMP(K) =   299.71  PRESS =  -384.9
 Etot   =    -78714.1147  EKtot   =     19616.4941  EPtot      =    -98330.6088
 BOND   =       840.2954  ANGLE   =      1925.5026  DIHED      =      3408.2974
 1-4 NB =       983.8785  1-4 EEL =     12762.4950  VDWAALS    =     10620.3064
 EELEC  =   -128871.3843  EHBOND  =         0.0000  RESTRAINT  =         0.0000
 EKCMT  =      8303.6292  VIRIAL  =     10936.2371  VOLUME     =    316818.0192
                                                    Density    =         1.0344
 ------------------------------------------------------------------------------

wrapping first mol.:       24.78347       35.04912       60.70686
wrapping first mol.:       24.78347       35.04912       60.70686

 NSTEP =    46000   TIME(PS) =    2632.000  TEMP(K) =   298.53  PRESS =    38.3
 Etot   =    -78889.4446  EKtot   =     19539.3965  EPtot      =    -98428.8411
 BOND   =       796.1685  ANGLE   =      1917.8670  DIHED      =      3385.6949
 1-4 NB =       995.6858  1-4 EEL =     12760.7742  VDWAALS    =     10747.6711
 EELEC  =   -129032.7026  EHBOND  =         0.0000  RESTRAINT  =         0.0000
 EKCMT  =      8277.4502  VIRIAL  =      8015.9692  VOLUME     =    316392.9505
                                                    Density    =         1.0358
 ------------------------------------------------------------------------------

wrapping first mol.:       24.78673       35.05372       60.71483
wrapping first mol.:       24.78673       35.05372       60.71483

 NSTEP =    46500   TIME(PS) =    2633.000  TEMP(K) =   300.80  PRESS =    36.2
 Etot   =    -78474.8372  EKtot   =     19687.7344  EPtot      =    -98162.5716
 BOND   =       769.0845  ANGLE   =      1917.1280  DIHED      =      3418.6244
 1-4 NB =       997.7716  1-4 EEL =     12819.9332  VDWAALS    =     10568.1311
 EELEC  =   -128653.2445  EHBOND  =         0.0000  RESTRAINT  =         0.0000
 EKCMT  =      8319.2062  VIRIAL  =      8071.5894  VOLUME     =    316517.5962
                                                    Density    =         1.0354
 ------------------------------------------------------------------------------

wrapping first mol.:       24.79118       35.06001       60.72572
wrapping first mol.:       24.79118       35.06001       60.72572

 NSTEP =    47000   TIME(PS) =    2634.000  TEMP(K) =   300.65  PRESS =    53.0
 Etot   =    -78809.5154  EKtot   =     19677.7344  EPtot      =    -98487.2498
 BOND   =       806.6183  ANGLE   =      1910.8619  DIHED      =      3408.0786
 1-4 NB =       978.1335  1-4 EEL =     12770.9447  VDWAALS    =     10585.8654
 EELEC  =   -128947.7522  EHBOND  =         0.0000  RESTRAINT  =         0.0000
 EKCMT  =      8299.2979  VIRIAL  =      7936.7865  VOLUME     =    316687.5628
                                                    Density    =         1.0348
 ------------------------------------------------------------------------------

wrapping first mol.:       24.77890       35.04265       60.69565
wrapping first mol.:       24.77890       35.04265       60.69565

 NSTEP =    47500   TIME(PS) =    2635.000  TEMP(K) =   301.14  PRESS =  -203.0
 Etot   =    -78516.0652  EKtot   =     19710.1641  EPtot      =    -98226.2293
 BOND   =       819.7143  ANGLE   =      1979.6266  DIHED      =      3396.2748
 1-4 NB =       975.5158  1-4 EEL =     12815.6073  VDWAALS    =     10613.4541
 EELEC  =   -128826.4222  EHBOND  =         0.0000  RESTRAINT  =         0.0000
 EKCMT  =      8387.0136  VIRIAL  =      9773.0095  VOLUME     =    316224.5330
                                                    Density    =         1.0363
 ------------------------------------------------------------------------------

wrapping first mol.:       24.76915       35.02887       60.67178
wrapping first mol.:       24.76915       35.02887       60.67178

 NSTEP =    48000   TIME(PS) =    2636.000  TEMP(K) =   297.33  PRESS =    26.1
 Etot   =    -78898.5653  EKtot   =     19460.7520  EPtot      =    -98359.3172
 BOND   =       812.2559  ANGLE   =      1944.5352  DIHED      =      3408.1472
 1-4 NB =       994.3593  1-4 EEL =     12744.8073  VDWAALS    =     10621.7893
 EELEC  =   -128885.2113  EHBOND  =         0.0000  RESTRAINT  =         0.0000
 EKCMT  =      8197.8170  VIRIAL  =      8019.8724  VOLUME     =    315845.0626
                                                    Density    =         1.0376
 ------------------------------------------------------------------------------

wrapping first mol.:       24.77134       35.03197       60.67714
wrapping first mol.:       24.77134       35.03197       60.67714

 NSTEP =    48500   TIME(PS) =    2637.000  TEMP(K) =   298.90  PRESS =   -35.2
 Etot   =    -78773.1224  EKtot   =     19563.5371  EPtot      =    -98336.6595
 BOND   =       799.3312  ANGLE   =      1877.4416  DIHED      =      3388.3304
 1-4 NB =      1000.5133  1-4 EEL =     12867.9457  VDWAALS    =     10457.7616
 EELEC  =   -128727.9833  EHBOND  =         0.0000  RESTRAINT  =         0.0000
 EKCMT  =      8246.3089  VIRIAL  =      8486.0968  VOLUME     =    315930.6408
                                                    Density    =         1.0373
 ------------------------------------------------------------------------------

wrapping first mol.:       24.77838       35.04191       60.69437
wrapping first mol.:       24.77838       35.04191       60.69437

 NSTEP =    49000   TIME(PS) =    2638.000  TEMP(K) =   300.53  PRESS =    33.8
 Etot   =    -78888.8132  EKtot   =     19670.2070  EPtot      =    -98559.0203
 BOND   =       840.9865  ANGLE   =      1906.4762  DIHED      =      3391.5091
 1-4 NB =       990.8962  1-4 EEL =     12790.0478  VDWAALS    =     10754.7547
 EELEC  =   -129233.6907  EHBOND  =         0.0000  RESTRAINT  =         0.0000
 EKCMT  =      8348.9239  VIRIAL  =      8118.0310  VOLUME     =    316197.8705
                                                    Density    =         1.0364
 ------------------------------------------------------------------------------

wrapping first mol.:       24.78932       35.05739       60.72117
wrapping first mol.:       24.78932       35.05739       60.72117

 NSTEP =    49500   TIME(PS) =    2639.000  TEMP(K) =   300.66  PRESS =   -64.6
 Etot   =    -78646.5996  EKtot   =     19678.3203  EPtot      =    -98324.9199
 BOND   =       783.4458  ANGLE   =      1888.9975  DIHED      =      3405.4163
 1-4 NB =       982.0066  1-4 EEL =     12821.9056  VDWAALS    =     10544.7978
 EELEC  =   -128751.4896  EHBOND  =         0.0000  RESTRAINT  =         0.0000
 EKCMT  =      8311.5148  VIRIAL  =      8752.9956  VOLUME     =    316619.6578
                                                    Density    =         1.0350
 ------------------------------------------------------------------------------

wrapping first mol.:       24.81329       35.09129       60.77989
wrapping first mol.:       24.81329       35.09129       60.77989

 NSTEP =    50000   TIME(PS) =    2640.000  TEMP(K) =   300.95  PRESS =   -37.3
 Etot   =    -78322.7190  EKtot   =     19697.2832  EPtot      =    -98020.0022
 BOND   =       810.3405  ANGLE   =      1930.0406  DIHED      =      3454.7713
 1-4 NB =       994.1408  1-4 EEL =     12808.3697  VDWAALS    =     10488.6977
 EELEC  =   -128506.3628  EHBOND  =         0.0000  RESTRAINT  =         0.0000
 EKCMT  =      8338.4482  VIRIAL  =      8593.9424  VOLUME     =    317538.3410
                                                    Density    =         1.0321
 ------------------------------------------------------------------------------


      A V E R A G E S   O V E R     100 S T E P S


 NSTEP =    50000   TIME(PS) =    2640.000  TEMP(K) =   300.00  PRESS =    10.9
 Etot   =    -78656.2502  EKtot   =     19635.1849  EPtot      =    -98291.4351
 BOND   =       816.4217  ANGLE   =      1922.9449  DIHED      =      3399.7148
 1-4 NB =       990.0701  1-4 EEL =     12810.9755  VDWAALS    =     10625.7680
 EELEC  =   -128857.3302  EHBOND  =         0.0000  RESTRAINT  =         0.0000
 EKCMT  =      8292.8765  VIRIAL  =      8218.2515  VOLUME     =    317001.7213
                                                    Density    =         1.0338
 ------------------------------------------------------------------------------


      R M S  F L U C T U A T I O N S


 NSTEP =    50000   TIME(PS) =    2640.000  TEMP(K) =     1.55  PRESS =   134.6
 Etot   =       191.9836  EKtot   =       101.7320  EPtot      =       148.8974
 BOND   =        23.3933  ANGLE   =        35.1031  DIHED      =        20.1534
 1-4 NB =        12.3504  1-4 EEL =        36.3491  VDWAALS    =       132.2359
 EELEC  =       227.2285  EHBOND  =         0.0000  RESTRAINT  =         0.0000
 EKCMT  =        66.4768  VIRIAL  =       920.1709  VOLUME     =       429.3039
                                                    Density    =         0.0014
 ------------------------------------------------------------------------------

--------------------------------------------------------------------------------
   5.  TIMINGS
--------------------------------------------------------------------------------

|  NonSetup CPU Time in Major Routines:
|
|     Routine           Sec        %
|     ------------------------------
|     Nonbond         174.58   89.29
|     Bond              0.00    0.00
|     Angle             0.00    0.00
|     Dihedral          0.00    0.00
|     Shake             0.33    0.17
|     RunMD            20.55   10.51
|     Other             0.06    0.03
|     ------------------------------
|     Total           195.51

|  PME Nonbond Pairlist CPU Time:
|
|     Routine              Sec        %
|     ---------------------------------
|     Set Up Cit           0.00    0.00
|     Build List           0.00    0.00
|     ---------------------------------
|     Total                0.00    0.00

|  PME Direct Force CPU Time:
|
|     Routine              Sec        %
|     ---------------------------------
|     NonBonded Calc       0.00    0.00
|     Exclude Masked       0.00    0.00
|     Other                0.04    0.02
|     ---------------------------------
|     Total                0.04    0.02

|  PME Reciprocal Force CPU Time:
|
|     Routine              Sec        %
|     ---------------------------------
|     1D bspline           0.00    0.00
|     Grid Charges         0.00    0.00
|     Scalar Sum           0.00    0.00
|     Gradient Sum         0.00    0.00
|     FFT                  0.00    0.00
|     ---------------------------------
|     Total                0.00    0.00

|  Final Performance Info:
|     -----------------------------------------------------
|     Average timings for last    3000 steps:
|     Elapsed(s) =      11.73 Per Step(ms) =       3.91
|         ns/day =      44.21   seconds/ns =    1954.29
|
|     Average timings for all steps:
|     Elapsed(s) =     195.50 Per Step(ms) =       3.91
|         ns/day =      44.19   seconds/ns =    1955.03
|     -----------------------------------------------------

|  Setup CPU time:            0.51 seconds
|  NonSetup CPU time:       195.51 seconds
|  Total CPU time:          196.02 seconds     0.05 hours

|  Setup wall time:           1    seconds
|  NonSetup wall time:      195    seconds
|  Total wall time:         196    seconds     0.05 hours
