
          -------------------------------------------------------
          Amber 16 PMEMD                              2016
          -------------------------------------------------------

| PMEMD implementation of SANDER, Release 16

| Run on 10/26/2016 at 14:44:48

|   Executable path: pmemd.cuda
| Working directory: /home/german/exs/run/1prn/mhe/e
|          Hostname: Unknown
  [-O]verwriting output

File Assignments:
|   MDIN: 26equ.in                                                              
|  MDOUT: 26equ.out                                                             
| INPCRD: 25e1prn.rst7                                                          
|   PARM: 1prn.prmtop                                                           
| RESTRT: 26e1prn.rst7                                                          
|   REFC: 25e1prn.rst7                                                          
|  MDVEL: mdvel                                                                 
|   MDEN: mden                                                                  
|  MDCRD: 26e1prn.nc                                                            
| MDINFO: mdinfo                                                                
|  MDFRC: mdfrc                                                                 


 Here is the input file:

Equilibration with solute restrictions                                         
&cntrl                                                                         
imin = 0,                           ! No Minimization                          
nmropt = 0,                         ! No NMR restraints read                   
                                                                               
! Nature and format of the input                                               
ntx = 5,                            ! Coordinates but no velocities will be rea
irest = 1,                          ! Do not run a new simulation              
                                                                               
! Nature and format of the output                                              
ntxo = 1,                           ! rstrt file in ASCII format               
ntpr = 500,                         ! inf in output every ntpr steps           
ntwr = 500,                         ! rstrt file every ntwr steps              
ntwx = 500,                         ! mdcrd file every ntwx steps              
ntwv = 0,                           ! mdvel without velocities                 
ntwe = 0,                           ! Energies and temperatures not written in 
idecomp = 0,                        ! No energy decomposition                  
iwrap = 1,                          ! Coordinates of the restart and mdcrd file
                                                                               
! Frozen or restrained atoms                                                   
ibelly = 0,                         ! No frozen atoms                          
ntr=1,                              ! Harmonic potential restraints            
restraint_wt = 0.0,                ! The weight for the positional restraints  
restraintmask = ':1-298@N,CA,C,O',  ! restrained residues                      
                                                                               
! Molecular dynamics                                                           
nstlim = 50000,                     ! Number of MD-steps                       
dt = 0.002,                         ! Time step                                
                                                                               
! Temperature regulation                                                       
ntt = 3,                            ! Langevin thermostat                      
gamma_ln = 5,                       ! Gamma constant for Langevin              
!temp0 = 300.0,                     ! Reference T at which the system is to be 
tempi = 300.0,                      ! Initial T                                
ig = -1,                            ! Seed for the RNG                         
                                                                               
! P and V regulation                                                           
ntp = 1,                            ! Constant P. Isotropic scaling            
barostat = 1,                       ! Berendsen barostat                       
taup = 1,                           ! Pressure relaxation time                 
nrespa = 1,                         ! Evaluate at each step                    
ntb = 2,                            ! Periodic box for constant P              
                                                                               
! SHAKE variables                                                              
ntc = 2,                            ! Bonds involving H are constrained        
ntf = 2,                            ! Bond interaction involving H are ommited.
                                                                               
cut = 10.0,                         ! Nonbonded cutoff                         
/                                                                              
&end                                                                           


Note: ig = -1. Setting random seed to   350585 based on wallclock time in 
      microseconds.
 
|--------------------- INFORMATION ----------------------
| GPU (CUDA) Version of PMEMD in use: NVIDIA GPU IN USE.
|                    Version 16.0.0
| 
|                      02/25/2016
| 
| Implementation by:
|                    Ross C. Walker     (SDSC)
|                    Scott Le Grand     (nVIDIA)
| 
| Precision model in use:
|      [SPFP] - Single Precision Forces, 64-bit Fixed Point
|               Accumulation. (Default)
| 
|--------------------------------------------------------
 
|----------------- CITATION INFORMATION -----------------
|
|    When publishing work that utilized the CUDA version
|    of AMBER, please cite the following in addition to
|    the regular AMBER citations:
|
|  - Romelia Salomon-Ferrer; Andreas W. Goetz; Duncan
|    Poole; Scott Le Grand; Ross C. Walker "Routine
|    microsecond molecular dynamics simulations with
|    AMBER - Part II: Particle Mesh Ewald", J. Chem.
|    Theory Comput., 2013, 9 (9), pp3878-3888,
|    DOI: 10.1021/ct400314y.
|
|  - Andreas W. Goetz; Mark J. Williamson; Dong Xu;
|    Duncan Poole; Scott Le Grand; Ross C. Walker
|    "Routine microsecond molecular dynamics simulations
|    with AMBER - Part I: Generalized Born", J. Chem.
|    Theory Comput., 2012, 8 (5), pp1542-1555.
|
|  - Scott Le Grand; Andreas W. Goetz; Ross C. Walker
|    "SPFP: Speed without compromise - a mixed precision
|    model for GPU accelerated molecular dynamics
|    simulations.", Comp. Phys. Comm., 2013, 184
|    pp374-380, DOI: 10.1016/j.cpc.2012.09.022
|
|--------------------------------------------------------
 
|------------------- GPU DEVICE INFO --------------------
|
|            CUDA_VISIBLE_DEVICES: 0
|   CUDA Capable Devices Detected:      1
|           CUDA Device ID in use:      0
|                CUDA Device Name: GeForce GTX 1060 6GB
|     CUDA Device Global Mem Size:   6072 MB
| CUDA Device Num Multiprocessors:     10
|           CUDA Device Core Freq:   1.76 GHz
|
|--------------------------------------------------------
 
 
| Conditional Compilation Defines Used:
| PUBFFT
| BINTRAJ
| CUDA
| EMIL

| Largest sphere to fit in unit cell has radius =    30.390

| New format PARM file being parsed.
| Version =    1.000 Date = 10/25/16 Time = 12:15:56

| Note: 1-4 EEL scale factors are being read from the topology file.

| Note: 1-4 VDW scale factors are being read from the topology file.
| Duplicated    0 dihedrals

| Duplicated    0 dihedrals

--------------------------------------------------------------------------------
   1.  RESOURCE   USE: 
--------------------------------------------------------------------------------

 getting new box info from bottom of inpcrd
 NATOM  =   31841 NTYPES =      16 NBONH =   29650 MBONA  =    2207
 NTHETH =    4442 MTHETA =    3007 NPHIH =    9478 MPHIA  =    9572
 NHPARM =       0 NPARM  =       0 NNB   =   59506 NRES   =    9539
 NBONA  =    2207 NTHETA =    3007 NPHIA =    9572 NUMBND =      59
 NUMANG =     136 NPTRA  =     166 NATYP =      30 NPHB   =       1
 IFBOX  =       2 NMXRS  =      24 IFCAP =       0 NEXTRA =       0
 NCOPY  =       0

| Coordinate Index Table dimensions:    12   12   12
| Direct force subcell size =     6.2033    6.2033    6.2033

     BOX TYPE: TRUNCATED OCTAHEDRON

--------------------------------------------------------------------------------
   2.  CONTROL  DATA  FOR  THE  RUN
--------------------------------------------------------------------------------

default_name                                                                    

General flags:
     imin    =       0, nmropt  =       0

Nature and format of input:
     ntx     =       5, irest   =       1, ntrx    =       1

Nature and format of output:
     ntxo    =       1, ntpr    =     500, ntrx    =       1, ntwr    =     500
     iwrap   =       1, ntwx    =     500, ntwv    =       0, ntwe    =       0
     ioutfm  =       1, ntwprt  =       0, idecomp =       0, rbornstat=      0

Potential function:
     ntf     =       2, ntb     =       2, igb     =       0, nsnb    =      25
     ipol    =       0, gbsa    =       0, iesp    =       0
     dielc   =   1.00000, cut     =  10.00000, intdiel =   1.00000

Frozen or restrained atoms:
     ibelly  =       0, ntr     =       1
     restraint_wt =   0.00000

Molecular dynamics:
     nstlim  =     50000, nscm    =         0, nrespa  =         1
     t       =   0.00000, dt      =   0.00200, vlimit  =  -1.00000

Langevin dynamics temperature regulation:
     ig      =  350585
     temp0   = 300.00000, tempi   = 300.00000, gamma_ln=   5.00000

Pressure regulation:
     ntp     =       1
     pres0   =   1.00000, comp    =  44.60000, taup    =   1.00000

SHAKE:
     ntc     =       2, jfastw  =       0
     tol     =   0.00001

| Intermolecular bonds treatment:
|     no_intermolecular_bonds =       1

| Energy averages sample interval:
|     ene_avg_sampling =     500

Ewald parameters:
     verbose =       0, ew_type =       0, nbflag  =       1, use_pme =       1
     vdwmeth =       1, eedmeth =       1, netfrc  =       1
     Box X =   74.440   Box Y =   74.440   Box Z =   74.440
     Alpha =  109.471   Beta  =  109.471   Gamma =  109.471
     NFFT1 =   80       NFFT2 =   80       NFFT3 =   80
     Cutoff=   10.000   Tol   =0.100E-04
     Ewald Coefficient =  0.27511
     Interpolation order =    4

    LOADING THE CONSTRAINED ATOMS AS GROUPS


   5.  REFERENCE ATOM COORDINATES

  default_name                                                                    
     Mask :1-298@N,CA,C,O; matches  1156 atoms

--------------------------------------------------------------------------------
   3.  ATOMIC COORDINATES AND VELOCITIES
--------------------------------------------------------------------------------

default_name                                                                    
 begin time read from input coords =  2640.000 ps

 
 Number of triangulated 3-point waters found:     9223

     Sum of charges from parm topology file =  -0.00000024
     Forcing neutrality...

| Dynamic Memory, Types Used:
| Reals             1496280
| Integers          1194299

| Nonbonded Pairs Initial Allocation:     9631106

| GPU memory information (estimate):
| KB of GPU memory in use:    222524
| KB of CPU memory in use:     45260

--------------------------------------------------------------------------------
   4.  RESULTS
--------------------------------------------------------------------------------

 ---------------------------------------------------
 APPROXIMATING switch and d/dx switch using CUBIC SPLINE INTERPOLATION
 using   5000.0 points per unit in tabled values
 TESTING RELATIVE ERROR over r ranging from 0.0 to cutoff
| CHECK switch(x): max rel err =   0.2738E-14   at   2.422500
| CHECK d/dx switch(x): max rel err =   0.8314E-11   at   2.736960
 ---------------------------------------------------
|---------------------------------------------------
| APPROXIMATING direct energy using CUBIC SPLINE INTERPOLATION
|  with   50.0 points per unit in tabled values
| Relative Error Limit not exceeded for r .gt.   2.33
| APPROXIMATING direct force using CUBIC SPLINE INTERPOLATION
|  with   50.0 points per unit in tabled values
| Relative Error Limit not exceeded for r .gt.   2.80
|---------------------------------------------------
wrapping first mol.:       24.81581       35.09485       60.78607
wrapping first mol.:       24.81581       35.09485       60.78607

 NSTEP =      500   TIME(PS) =    2641.000  TEMP(K) =   299.46  PRESS =   106.1
 Etot   =    -78592.3025  EKtot   =     19600.1895  EPtot      =    -98192.4919
 BOND   =       835.3015  ANGLE   =      1895.8141  DIHED      =      3443.4450
 1-4 NB =       973.7754  1-4 EEL =     12805.8573  VDWAALS    =     10737.9097
 EELEC  =   -128884.5949  EHBOND  =         0.0000  RESTRAINT  =         0.0000
 EKCMT  =      8320.4639  VIRIAL  =      7592.6910  VOLUME     =    317631.0926
                                                    Density    =         1.0318
 ------------------------------------------------------------------------------

wrapping first mol.:       24.80731       35.08284       60.76525
wrapping first mol.:       24.80731       35.08284       60.76525

 NSTEP =     1000   TIME(PS) =    2642.000  TEMP(K) =   298.15  PRESS =   180.8
 Etot   =    -78885.2986  EKtot   =     19514.1914  EPtot      =    -98399.4900
 BOND   =       827.9478  ANGLE   =      1927.3861  DIHED      =      3392.3359
 1-4 NB =       984.9194  1-4 EEL =     12790.6722  VDWAALS    =     10692.2130
 EELEC  =   -129014.9644  EHBOND  =         0.0000  RESTRAINT  =         0.0000
 EKCMT  =      8142.6998  VIRIAL  =      6904.1840  VOLUME     =    317302.7649
                                                    Density    =         1.0328
 ------------------------------------------------------------------------------

wrapping first mol.:       24.80660       35.08183       60.76351
wrapping first mol.:       24.80660       35.08183       60.76351

 NSTEP =     1500   TIME(PS) =    2643.000  TEMP(K) =   299.95  PRESS =   -74.2
 Etot   =    -78814.2676  EKtot   =     19632.3047  EPtot      =    -98446.5723
 BOND   =       782.3485  ANGLE   =      1909.2893  DIHED      =      3416.7297
 1-4 NB =       992.8246  1-4 EEL =     12803.7145  VDWAALS    =     10530.7557
 EELEC  =   -128882.2346  EHBOND  =         0.0000  RESTRAINT  =         0.0000
 EKCMT  =      8318.7277  VIRIAL  =      8827.1556  VOLUME     =    317282.6928
                                                    Density    =         1.0329
 ------------------------------------------------------------------------------

wrapping first mol.:       24.78822       35.05583       60.71848
wrapping first mol.:       24.78822       35.05583       60.71848

 NSTEP =     2000   TIME(PS) =    2644.000  TEMP(K) =   300.95  PRESS =   -63.6
 Etot   =    -78543.1131  EKtot   =     19697.5332  EPtot      =    -98240.6463
 BOND   =       832.6260  ANGLE   =      1946.0720  DIHED      =      3369.2873
 1-4 NB =       989.1939  1-4 EEL =     12816.0426  VDWAALS    =     10588.1638
 EELEC  =   -128782.0320  EHBOND  =         0.0000  RESTRAINT  =         0.0000
 EKCMT  =      8209.4078  VIRIAL  =      8643.8390  VOLUME     =    316577.4896
                                                    Density    =         1.0352
 ------------------------------------------------------------------------------

wrapping first mol.:       24.77677       35.03964       60.69043
wrapping first mol.:       24.77677       35.03964       60.69043

 NSTEP =     2500   TIME(PS) =    2645.000  TEMP(K) =   301.70  PRESS =   -34.5
 Etot   =    -78498.2184  EKtot   =     19746.8535  EPtot      =    -98245.0719
 BOND   =       849.5935  ANGLE   =      1871.3205  DIHED      =      3339.9968
 1-4 NB =       981.6537  1-4 EEL =     12817.9655  VDWAALS    =     10384.9608
 EELEC  =   -128490.5626  EHBOND  =         0.0000  RESTRAINT  =         0.0000
 EKCMT  =      8293.0420  VIRIAL  =      8528.6829  VOLUME     =    316138.2551
                                                    Density    =         1.0366
 ------------------------------------------------------------------------------

wrapping first mol.:       24.77376       35.03539       60.68307
wrapping first mol.:       24.77376       35.03539       60.68307

 NSTEP =     3000   TIME(PS) =    2646.000  TEMP(K) =   298.63  PRESS =   218.8
 Etot   =    -78658.3088  EKtot   =     19545.5293  EPtot      =    -98203.8381
 BOND   =       804.3347  ANGLE   =      1908.6810  DIHED      =      3390.7909
 1-4 NB =       981.5470  1-4 EEL =     12804.1068  VDWAALS    =     10617.9294
 EELEC  =   -128711.2279  EHBOND  =         0.0000  RESTRAINT  =         0.0000
 EKCMT  =      8245.7473  VIRIAL  =      6753.1223  VOLUME     =    316016.0372
                                                    Density    =         1.0370
 ------------------------------------------------------------------------------

wrapping first mol.:       24.77026       35.03044       60.67449
wrapping first mol.:       24.77026       35.03044       60.67449

 NSTEP =     3500   TIME(PS) =    2647.000  TEMP(K) =   296.68  PRESS =   -96.1
 Etot   =    -79078.8009  EKtot   =     19418.3594  EPtot      =    -98497.1603
 BOND   =       777.6786  ANGLE   =      1916.7762  DIHED      =      3383.8039
 1-4 NB =      1000.4908  1-4 EEL =     12828.7391  VDWAALS    =     10749.5638
 EELEC  =   -129154.2127  EHBOND  =         0.0000  RESTRAINT  =         0.0000
 EKCMT  =      8184.6710  VIRIAL  =      8839.8295  VOLUME     =    315890.9586
                                                    Density    =         1.0374
 ------------------------------------------------------------------------------

wrapping first mol.:       24.77906       35.04288       60.69604
wrapping first mol.:       24.77906       35.04288       60.69604

 NSTEP =     4000   TIME(PS) =    2648.000  TEMP(K) =   299.61  PRESS =    24.7
 Etot   =    -78743.8232  EKtot   =     19609.6953  EPtot      =    -98353.5186
 BOND   =       749.8321  ANGLE   =      1999.4906  DIHED      =      3401.3131
 1-4 NB =      1004.8253  1-4 EEL =     12782.5994  VDWAALS    =     10559.1513
 EELEC  =   -128850.7303  EHBOND  =         0.0000  RESTRAINT  =         0.0000
 EKCMT  =      8268.8695  VIRIAL  =      8100.1220  VOLUME     =    316224.1398
                                                    Density    =         1.0363
 ------------------------------------------------------------------------------

wrapping first mol.:       24.79682       35.06800       60.73955
wrapping first mol.:       24.79682       35.06800       60.73955

 NSTEP =     4500   TIME(PS) =    2649.000  TEMP(K) =   301.49  PRESS =    19.0
 Etot   =    -78497.5087  EKtot   =     19732.8613  EPtot      =    -98230.3700
 BOND   =       844.2361  ANGLE   =      1872.5056  DIHED      =      3364.4911
 1-4 NB =       995.3373  1-4 EEL =     12828.6884  VDWAALS    =     10755.1340
 EELEC  =   -128890.7625  EHBOND  =         0.0000  RESTRAINT  =         0.0000
 EKCMT  =      8336.2590  VIRIAL  =      8206.5486  VOLUME     =    316904.9743
                                                    Density    =         1.0341
 ------------------------------------------------------------------------------

wrapping first mol.:       24.79753       35.06901       60.74129
wrapping first mol.:       24.79753       35.06901       60.74129

 NSTEP =     5000   TIME(PS) =    2650.000  TEMP(K) =   302.38  PRESS =   -24.3
 Etot   =    -78568.9356  EKtot   =     19791.1797  EPtot      =    -98360.1153
 BOND   =       801.1699  ANGLE   =      1892.3474  DIHED      =      3394.8686
 1-4 NB =       981.6125  1-4 EEL =     12815.8822  VDWAALS    =     10613.9094
 EELEC  =   -128859.9053  EHBOND  =         0.0000  RESTRAINT  =         0.0000
 EKCMT  =      8372.8265  VIRIAL  =      8538.7897  VOLUME     =    316933.4290
                                                    Density    =         1.0340
 ------------------------------------------------------------------------------

wrapping first mol.:       24.79081       35.05950       60.72483
wrapping first mol.:       24.79081       35.05950       60.72483

 NSTEP =     5500   TIME(PS) =    2651.000  TEMP(K) =   300.12  PRESS =  -102.6
 Etot   =    -78735.9559  EKtot   =     19643.4883  EPtot      =    -98379.4442
 BOND   =       792.1665  ANGLE   =      1930.0127  DIHED      =      3417.2535
 1-4 NB =       987.2343  1-4 EEL =     12789.5531  VDWAALS    =     10664.1256
 EELEC  =   -128959.7899  EHBOND  =         0.0000  RESTRAINT  =         0.0000
 EKCMT  =      8308.7708  VIRIAL  =      9010.2112  VOLUME     =    316677.9567
                                                    Density    =         1.0349
 ------------------------------------------------------------------------------

wrapping first mol.:       24.79284       35.06236       60.72979
wrapping first mol.:       24.79284       35.06236       60.72979

 NSTEP =     6000   TIME(PS) =    2652.000  TEMP(K) =   300.23  PRESS =   156.9
 Etot   =    -78869.3848  EKtot   =     19650.4629  EPtot      =    -98519.8477
 BOND   =       806.7958  ANGLE   =      1850.3876  DIHED      =      3403.4537
 1-4 NB =       982.3021  1-4 EEL =     12851.3585  VDWAALS    =     10613.6994
 EELEC  =   -129027.8447  EHBOND  =         0.0000  RESTRAINT  =         0.0000
 EKCMT  =      8318.8091  VIRIAL  =      7246.0960  VOLUME     =    316748.2800
                                                    Density    =         1.0346
 ------------------------------------------------------------------------------

wrapping first mol.:       24.81504       35.09376       60.78417
wrapping first mol.:       24.81504       35.09376       60.78417

 NSTEP =     6500   TIME(PS) =    2653.000  TEMP(K) =   298.06  PRESS =   284.7
 Etot   =    -78665.7715  EKtot   =     19508.5684  EPtot      =    -98174.3398
 BOND   =       832.6185  ANGLE   =      1936.7714  DIHED      =      3442.7706
 1-4 NB =       982.0400  1-4 EEL =     12833.1790  VDWAALS    =     10782.0908
 EELEC  =   -128983.8101  EHBOND  =         0.0000  RESTRAINT  =         0.0000
 EKCMT  =      8334.5501  VIRIAL  =      6382.3777  VOLUME     =    317596.3572
                                                    Density    =         1.0319
 ------------------------------------------------------------------------------

wrapping first mol.:       24.80465       35.07907       60.75872
wrapping first mol.:       24.80465       35.07907       60.75872

 NSTEP =     7000   TIME(PS) =    2654.000  TEMP(K) =   300.11  PRESS =  -160.7
 Etot   =    -78810.8852  EKtot   =     19642.2363  EPtot      =    -98453.1215
 BOND   =       835.9567  ANGLE   =      1882.4578  DIHED      =      3403.1905
 1-4 NB =       993.0883  1-4 EEL =     12837.8971  VDWAALS    =     10778.0400
 EELEC  =   -129183.7520  EHBOND  =         0.0000  RESTRAINT  =         0.0000
 EKCMT  =      8250.7439  VIRIAL  =      9351.4998  VOLUME     =    317210.1857
                                                    Density    =         1.0331
 ------------------------------------------------------------------------------

wrapping first mol.:       24.79615       35.06705       60.73792
wrapping first mol.:       24.79615       35.06705       60.73792

 NSTEP =     7500   TIME(PS) =    2655.000  TEMP(K) =   300.31  PRESS =   182.0
 Etot   =    -78656.5761  EKtot   =     19655.4102  EPtot      =    -98311.9863
 BOND   =       838.8547  ANGLE   =      1926.2733  DIHED      =      3409.2016
 1-4 NB =       970.3001  1-4 EEL =     12818.0870  VDWAALS    =     10728.3795
 EELEC  =   -129003.0826  EHBOND  =         0.0000  RESTRAINT  =         0.0000
 EKCMT  =      8309.0571  VIRIAL  =      7063.9953  VOLUME     =    316874.7167
                                                    Density    =         1.0342
 ------------------------------------------------------------------------------

wrapping first mol.:       24.81572       35.09472       60.78584
wrapping first mol.:       24.81572       35.09472       60.78584

 NSTEP =     8000   TIME(PS) =    2656.000  TEMP(K) =   299.85  PRESS =   261.8
 Etot   =    -78401.0770  EKtot   =     19625.4746  EPtot      =    -98026.5516
 BOND   =       819.6158  ANGLE   =      1965.5101  DIHED      =      3397.5800
 1-4 NB =       982.3525  1-4 EEL =     12780.8806  VDWAALS    =     10644.7505
 EELEC  =   -128617.2411  EHBOND  =         0.0000  RESTRAINT  =         0.0000
 EKCMT  =      8265.5845  VIRIAL  =      6470.3675  VOLUME     =    317623.0555
                                                    Density    =         1.0318
 ------------------------------------------------------------------------------

wrapping first mol.:       24.81163       35.08895       60.77584
wrapping first mol.:       24.81163       35.08895       60.77584

 NSTEP =     8500   TIME(PS) =    2657.000  TEMP(K) =   302.14  PRESS =   226.8
 Etot   =    -78561.6339  EKtot   =     19775.6055  EPtot      =    -98337.2393
 BOND   =       817.8586  ANGLE   =      1934.1293  DIHED      =      3409.6113
 1-4 NB =       973.3510  1-4 EEL =     12799.6310  VDWAALS    =     10559.2519
 EELEC  =   -128831.0723  EHBOND  =         0.0000  RESTRAINT  =         0.0000
 EKCMT  =      8408.5861  VIRIAL  =      6853.6981  VOLUME     =    317467.3247
                                                    Density    =         1.0323
 ------------------------------------------------------------------------------

wrapping first mol.:       24.78938       35.05747       60.72132
wrapping first mol.:       24.78938       35.05747       60.72132

 NSTEP =     9000   TIME(PS) =    2658.000  TEMP(K) =   300.69  PRESS =   -16.3
 Etot   =    -78933.4271  EKtot   =     19680.7812  EPtot      =    -98614.2083
 BOND   =       795.3091  ANGLE   =      1866.5480  DIHED      =      3393.8255
 1-4 NB =       995.3931  1-4 EEL =     12851.1546  VDWAALS    =     10743.7626
 EELEC  =   -129260.2013  EHBOND  =         0.0000  RESTRAINT  =         0.0000
 EKCMT  =      8387.9262  VIRIAL  =      8499.6304  VOLUME     =    316620.6371
                                                    Density    =         1.0350
 ------------------------------------------------------------------------------

wrapping first mol.:       24.78337       35.04898       60.70662
wrapping first mol.:       24.78337       35.04898       60.70662

 NSTEP =     9500   TIME(PS) =    2659.000  TEMP(K) =   301.79  PRESS =  -126.0
 Etot   =    -78594.2703  EKtot   =     19752.4043  EPtot      =    -98346.6746
 BOND   =       789.3381  ANGLE   =      1901.3399  DIHED      =      3428.2232
 1-4 NB =      1014.3591  1-4 EEL =     12835.0397  VDWAALS    =     10652.1061
 EELEC  =   -128967.0807  EHBOND  =         0.0000  RESTRAINT  =         0.0000
 EKCMT  =      8256.5196  VIRIAL  =      9117.2967  VOLUME     =    316393.7840
                                                    Density    =         1.0358
 ------------------------------------------------------------------------------

wrapping first mol.:       24.79372       35.06361       60.73196
wrapping first mol.:       24.79372       35.06361       60.73196

 NSTEP =    10000   TIME(PS) =    2660.000  TEMP(K) =   299.69  PRESS =  -285.6
 Etot   =    -78713.3268  EKtot   =     19615.1348  EPtot      =    -98328.4616
 BOND   =       836.3975  ANGLE   =      1980.8050  DIHED      =      3428.4785
 1-4 NB =       996.5228  1-4 EEL =     12764.3047  VDWAALS    =     10410.7284
 EELEC  =   -128745.6985  EHBOND  =         0.0000  RESTRAINT  =         0.0000
 EKCMT  =      8333.9886  VIRIAL  =     10287.5617  VOLUME     =    316794.6969
                                                    Density    =         1.0345
 ------------------------------------------------------------------------------

wrapping first mol.:       24.79037       35.05888       60.72375
wrapping first mol.:       24.79037       35.05888       60.72375

 NSTEP =    10500   TIME(PS) =    2661.000  TEMP(K) =   298.02  PRESS =    81.8
 Etot   =    -78803.5813  EKtot   =     19505.7988  EPtot      =    -98309.3802
 BOND   =       787.5774  ANGLE   =      1936.1922  DIHED      =      3429.8517
 1-4 NB =       978.2196  1-4 EEL =     12815.5512  VDWAALS    =     10741.9021
 EELEC  =   -128998.6743  EHBOND  =         0.0000  RESTRAINT  =         0.0000
 EKCMT  =      8324.5532  VIRIAL  =      7765.0011  VOLUME     =    316655.8731
                                                    Density    =         1.0349
 ------------------------------------------------------------------------------

wrapping first mol.:       24.79978       35.07218       60.74679
wrapping first mol.:       24.79978       35.07218       60.74679

 NSTEP =    11000   TIME(PS) =    2662.000  TEMP(K) =   304.11  PRESS =   288.1
 Etot   =    -78293.6711  EKtot   =     19904.2461  EPtot      =    -98197.9171
 BOND   =       838.3591  ANGLE   =      1943.2844  DIHED      =      3402.2157
 1-4 NB =       994.3822  1-4 EEL =     12798.8181  VDWAALS    =     10626.6517
 EELEC  =   -128801.6283  EHBOND  =         0.0000  RESTRAINT  =         0.0000
 EKCMT  =      8358.1902  VIRIAL  =      6386.5115  VOLUME     =    317010.6622
                                                    Density    =         1.0338
 ------------------------------------------------------------------------------

wrapping first mol.:       24.78460       35.05072       60.70962
wrapping first mol.:       24.78460       35.05072       60.70962

 NSTEP =    11500   TIME(PS) =    2663.000  TEMP(K) =   299.09  PRESS =    71.2
 Etot   =    -78841.5180  EKtot   =     19575.7188  EPtot      =    -98417.2368
 BOND   =       802.1782  ANGLE   =      1867.3023  DIHED      =      3401.5954
 1-4 NB =       985.4985  1-4 EEL =     12782.7251  VDWAALS    =     10585.1735
 EELEC  =   -128841.7097  EHBOND  =         0.0000  RESTRAINT  =         0.0000
 EKCMT  =      8205.8888  VIRIAL  =      7719.4134  VOLUME     =    316435.1320
                                                    Density    =         1.0357
 ------------------------------------------------------------------------------

wrapping first mol.:       24.78765       35.05503       60.71708
wrapping first mol.:       24.78765       35.05503       60.71708

 NSTEP =    12000   TIME(PS) =    2664.000  TEMP(K) =   296.75  PRESS =   217.9
 Etot   =    -78883.8527  EKtot   =     19422.8672  EPtot      =    -98306.7199
 BOND   =       835.1990  ANGLE   =      1889.7550  DIHED      =      3401.4391
 1-4 NB =       985.1501  1-4 EEL =     12821.7056  VDWAALS    =     10652.6190
 EELEC  =   -128892.5877  EHBOND  =         0.0000  RESTRAINT  =         0.0000
 EKCMT  =      8353.8059  VIRIAL  =      6864.6679  VOLUME     =    316547.7138
                                                    Density    =         1.0353
 ------------------------------------------------------------------------------

wrapping first mol.:       24.77454       35.03649       60.68498
wrapping first mol.:       24.77454       35.03649       60.68498

 NSTEP =    12500   TIME(PS) =    2665.000  TEMP(K) =   300.16  PRESS =  -146.6
 Etot   =    -78795.2380  EKtot   =     19645.6719  EPtot      =    -98440.9099
 BOND   =       799.2172  ANGLE   =      1942.9331  DIHED      =      3361.0918
 1-4 NB =       978.5953  1-4 EEL =     12787.7717  VDWAALS    =     10525.8747
 EELEC  =   -128836.3936  EHBOND  =         0.0000  RESTRAINT  =         0.0000
 EKCMT  =      8276.4411  VIRIAL  =      9277.1435  VOLUME     =    316056.1243
                                                    Density    =         1.0369
 ------------------------------------------------------------------------------

wrapping first mol.:       24.78022       35.04452       60.69888
wrapping first mol.:       24.78022       35.04452       60.69888

 NSTEP =    13000   TIME(PS) =    2666.000  TEMP(K) =   299.57  PRESS =    35.8
 Etot   =    -78723.6249  EKtot   =     19606.9473  EPtot      =    -98330.5722
 BOND   =       848.7567  ANGLE   =      1999.7713  DIHED      =      3374.4571
 1-4 NB =       945.0347  1-4 EEL =     12714.5671  VDWAALS    =     10691.0921
 EELEC  =   -128904.2511  EHBOND  =         0.0000  RESTRAINT  =         0.0000
 EKCMT  =      8192.2200  VIRIAL  =      7947.6014  VOLUME     =    316268.3340
                                                    Density    =         1.0362
 ------------------------------------------------------------------------------

wrapping first mol.:       24.78457       35.05068       60.70955
wrapping first mol.:       24.78457       35.05068       60.70955

 NSTEP =    13500   TIME(PS) =    2667.000  TEMP(K) =   299.24  PRESS =    22.2
 Etot   =    -78739.2535  EKtot   =     19585.7734  EPtot      =    -98325.0269
 BOND   =       765.4868  ANGLE   =      1917.4056  DIHED      =      3400.9309
 1-4 NB =       990.2137  1-4 EEL =     12793.2350  VDWAALS    =     10713.6889
 EELEC  =   -128905.9879  EHBOND  =         0.0000  RESTRAINT  =         0.0000
 EKCMT  =      8280.1820  VIRIAL  =      8128.5639  VOLUME     =    316435.4600
                                                    Density    =         1.0357
 ------------------------------------------------------------------------------

wrapping first mol.:       24.79054       35.05912       60.72417
wrapping first mol.:       24.79054       35.05912       60.72417

 NSTEP =    14000   TIME(PS) =    2668.000  TEMP(K) =   300.54  PRESS =    74.5
 Etot   =    -78796.9218  EKtot   =     19670.4551  EPtot      =    -98467.3768
 BOND   =       765.0741  ANGLE   =      1909.2075  DIHED      =      3381.1394
 1-4 NB =       986.9451  1-4 EEL =     12836.2469  VDWAALS    =     10666.8464
 EELEC  =   -129012.8362  EHBOND  =         0.0000  RESTRAINT  =         0.0000
 EKCMT  =      8312.5399  VIRIAL  =      7803.4679  VOLUME     =    316662.6520
                                                    Density    =         1.0349
 ------------------------------------------------------------------------------

wrapping first mol.:       24.77704       35.04003       60.69110
wrapping first mol.:       24.77704       35.04003       60.69110

 NSTEP =    14500   TIME(PS) =    2669.000  TEMP(K) =   299.98  PRESS =   -73.0
 Etot   =    -78963.8762  EKtot   =     19633.8477  EPtot      =    -98597.7239
 BOND   =       819.1679  ANGLE   =      1914.8302  DIHED      =      3383.5281
 1-4 NB =       968.0541  1-4 EEL =     12750.4888  VDWAALS    =     10657.1097
 EELEC  =   -129090.9028  EHBOND  =         0.0000  RESTRAINT  =         0.0000
 EKCMT  =      8276.7301  VIRIAL  =      8775.3355  VOLUME     =    316149.7745
                                                    Density    =         1.0366
 ------------------------------------------------------------------------------

wrapping first mol.:       24.75465       35.00836       60.63625
wrapping first mol.:       24.75465       35.00836       60.63625

 NSTEP =    15000   TIME(PS) =    2670.000  TEMP(K) =   301.32  PRESS =    68.5
 Etot   =    -78609.5591  EKtot   =     19721.5078  EPtot      =    -98331.0670
 BOND   =       808.5588  ANGLE   =      1988.4780  DIHED      =      3398.3579
 1-4 NB =       990.1215  1-4 EEL =     12715.0627  VDWAALS    =     10537.7799
 EELEC  =   -128769.4258  EHBOND  =         0.0000  RESTRAINT  =         0.0000
 EKCMT  =      8346.4566  VIRIAL  =      7879.8231  VOLUME     =    315289.3082
                                                    Density    =         1.0394
 ------------------------------------------------------------------------------

wrapping first mol.:       24.76936       35.02917       60.67230
wrapping first mol.:       24.76936       35.02917       60.67230

 NSTEP =    15500   TIME(PS) =    2671.000  TEMP(K) =   301.83  PRESS =   127.3
 Etot   =    -78548.8242  EKtot   =     19755.3789  EPtot      =    -98304.2031
 BOND   =       837.9161  ANGLE   =      1932.3893  DIHED      =      3432.3335
 1-4 NB =       983.9763  1-4 EEL =     12744.3770  VDWAALS    =     10654.8998
 EELEC  =   -128890.0950  EHBOND  =         0.0000  RESTRAINT  =         0.0000
 EKCMT  =      8388.5186  VIRIAL  =      7520.4208  VOLUME     =    315850.3621
                                                    Density    =         1.0376
 ------------------------------------------------------------------------------

wrapping first mol.:       24.77600       35.03856       60.68856
wrapping first mol.:       24.77600       35.03856       60.68856

 NSTEP =    16000   TIME(PS) =    2672.000  TEMP(K) =   296.31  PRESS =  -140.3
 Etot   =    -79038.9161  EKtot   =     19393.9375  EPtot      =    -98432.8536
 BOND   =       782.5013  ANGLE   =      1882.1507  DIHED      =      3391.7511
 1-4 NB =       994.4994  1-4 EEL =     12857.4115  VDWAALS    =     10529.6864
 EELEC  =   -128870.8541  EHBOND  =         0.0000  RESTRAINT  =         0.0000
 EKCMT  =      8192.7289  VIRIAL  =      9150.5608  VOLUME     =    316112.0035
                                                    Density    =         1.0367
 ------------------------------------------------------------------------------

wrapping first mol.:       24.78223       35.04736       60.70381
wrapping first mol.:       24.78223       35.04736       60.70381

 NSTEP =    16500   TIME(PS) =    2673.000  TEMP(K) =   297.63  PRESS =  -143.2
 Etot   =    -78841.1007  EKtot   =     19480.2305  EPtot      =    -98321.3311
 BOND   =       832.7646  ANGLE   =      1889.9685  DIHED      =      3359.5149
 1-4 NB =       976.1277  1-4 EEL =     12825.1622  VDWAALS    =     10597.4808
 EELEC  =   -128802.3498  EHBOND  =         0.0000  RESTRAINT  =         0.0000
 EKCMT  =      8288.9095  VIRIAL  =      9267.0444  VOLUME     =    316350.3446
                                                    Density    =         1.0359
 ------------------------------------------------------------------------------

wrapping first mol.:       24.78244       35.04766       60.70433
wrapping first mol.:       24.78244       35.04766       60.70433

 NSTEP =    17000   TIME(PS) =    2674.000  TEMP(K) =   299.77  PRESS =   -73.9
 Etot   =    -78797.5573  EKtot   =     19620.0312  EPtot      =    -98417.5885
 BOND   =       798.9305  ANGLE   =      1949.6572  DIHED      =      3392.3261
 1-4 NB =       981.4101  1-4 EEL =     12770.3058  VDWAALS    =     10658.1800
 EELEC  =   -128968.3982  EHBOND  =         0.0000  RESTRAINT  =         0.0000
 EKCMT  =      8273.1938  VIRIAL  =      8777.6667  VOLUME     =    316356.5920
                                                    Density    =         1.0359
 ------------------------------------------------------------------------------

wrapping first mol.:       24.77314       35.03451       60.68154
wrapping first mol.:       24.77314       35.03451       60.68154

 NSTEP =    17500   TIME(PS) =    2675.000  TEMP(K) =   299.12  PRESS =  -136.7
 Etot   =    -78735.3556  EKtot   =     19577.7500  EPtot      =    -98313.1056
 BOND   =       786.8251  ANGLE   =      1985.7565  DIHED      =      3409.5623
 1-4 NB =       981.1643  1-4 EEL =     12810.7333  VDWAALS    =     10436.0246
 EELEC  =   -128723.1718  EHBOND  =         0.0000  RESTRAINT  =         0.0000
 EKCMT  =      8240.4649  VIRIAL  =      9173.0934  VOLUME     =    316002.1781
                                                    Density    =         1.0371
 ------------------------------------------------------------------------------

wrapping first mol.:       24.78524       35.05161       60.71117
wrapping first mol.:       24.78524       35.05161       60.71117

 NSTEP =    18000   TIME(PS) =    2676.000  TEMP(K) =   297.84  PRESS =    55.8
 Etot   =    -78933.4702  EKtot   =     19493.9805  EPtot      =    -98427.4506
 BOND   =       815.7228  ANGLE   =      1883.3974  DIHED      =      3410.1440
 1-4 NB =      1008.6799  1-4 EEL =     12767.6170  VDWAALS    =     10629.1580
 EELEC  =   -128942.1698  EHBOND  =         0.0000  RESTRAINT  =         0.0000
 EKCMT  =      8223.5648  VIRIAL  =      7842.3038  VOLUME     =    316459.9047
                                                    Density    =         1.0356
 ------------------------------------------------------------------------------

wrapping first mol.:       24.79511       35.06558       60.73536
wrapping first mol.:       24.79511       35.06558       60.73536

 NSTEP =    18500   TIME(PS) =    2677.000  TEMP(K) =   299.16  PRESS =   -45.4
 Etot   =    -78755.3623  EKtot   =     19580.2832  EPtot      =    -98335.6455
 BOND   =       827.9853  ANGLE   =      1899.9840  DIHED      =      3393.4400
 1-4 NB =       980.3614  1-4 EEL =     12754.3520  VDWAALS    =     10678.9736
 EELEC  =   -128870.7419  EHBOND  =         0.0000  RESTRAINT  =         0.0000
 EKCMT  =      8196.2603  VIRIAL  =      8506.9423  VOLUME     =    316841.0775
                                                    Density    =         1.0343
 ------------------------------------------------------------------------------

wrapping first mol.:       24.79037       35.05887       60.72374
wrapping first mol.:       24.79037       35.05887       60.72374

 NSTEP =    19000   TIME(PS) =    2678.000  TEMP(K) =   297.96  PRESS =  -107.0
 Etot   =    -78806.7735  EKtot   =     19501.8242  EPtot      =    -98308.5977
 BOND   =       833.8314  ANGLE   =      1919.1436  DIHED      =      3417.0651
 1-4 NB =       993.0647  1-4 EEL =     12795.7725  VDWAALS    =     10572.9002
 EELEC  =   -128840.3751  EHBOND  =         0.0000  RESTRAINT  =         0.0000
 EKCMT  =      8177.9411  VIRIAL  =      8909.3796  VOLUME     =    316661.1314
                                                    Density    =         1.0349
 ------------------------------------------------------------------------------

wrapping first mol.:       24.80181       35.07506       60.75178
wrapping first mol.:       24.80181       35.07506       60.75178

 NSTEP =    19500   TIME(PS) =    2679.000  TEMP(K) =   301.52  PRESS =    67.9
 Etot   =    -78466.2322  EKtot   =     19734.6250  EPtot      =    -98200.8572
 BOND   =       838.0748  ANGLE   =      1949.9862  DIHED      =      3404.0036
 1-4 NB =       997.0202  1-4 EEL =     12828.4184  VDWAALS    =     10637.6388
 EELEC  =   -128855.9993  EHBOND  =         0.0000  RESTRAINT  =         0.0000
 EKCMT  =      8286.2082  VIRIAL  =      7821.4589  VOLUME     =    317094.9467
                                                    Density    =         1.0335
 ------------------------------------------------------------------------------

wrapping first mol.:       24.79430       35.06444       60.73338
wrapping first mol.:       24.79430       35.06444       60.73338

 NSTEP =    20000   TIME(PS) =    2680.000  TEMP(K) =   303.79  PRESS =   -54.0
 Etot   =    -78483.9639  EKtot   =     19883.0898  EPtot      =    -98367.0537
 BOND   =       870.7598  ANGLE   =      1919.3153  DIHED      =      3382.4526
 1-4 NB =       998.4259  1-4 EEL =     12841.1360  VDWAALS    =     10582.8225
 EELEC  =   -128961.9658  EHBOND  =         0.0000  RESTRAINT  =         0.0000
 EKCMT  =      8484.8841  VIRIAL  =      8854.3384  VOLUME     =    316810.4714
                                                    Density    =         1.0344
 ------------------------------------------------------------------------------

wrapping first mol.:       24.80403       35.07820       60.75722
wrapping first mol.:       24.80403       35.07820       60.75722

 NSTEP =    20500   TIME(PS) =    2681.000  TEMP(K) =   302.57  PRESS =    40.5
 Etot   =    -78619.1263  EKtot   =     19803.4961  EPtot      =    -98422.6224
 BOND   =       876.1371  ANGLE   =      1946.1372  DIHED      =      3347.8547
 1-4 NB =       975.4712  1-4 EEL =     12785.2046  VDWAALS    =     10434.2851
 EELEC  =   -128787.7122  EHBOND  =         0.0000  RESTRAINT  =         0.0000
 EKCMT  =      8377.0983  VIRIAL  =      8099.6649  VOLUME     =    317180.9974
                                                    Density    =         1.0332
 ------------------------------------------------------------------------------

wrapping first mol.:       24.78797       35.05548       60.71786
wrapping first mol.:       24.78797       35.05548       60.71786

 NSTEP =    21000   TIME(PS) =    2682.000  TEMP(K) =   298.68  PRESS =  -268.2
 Etot   =    -78716.6475  EKtot   =     19549.1777  EPtot      =    -98265.8253
 BOND   =       828.2369  ANGLE   =      1936.8056  DIHED      =      3375.5452
 1-4 NB =       971.1877  1-4 EEL =     12760.0144  VDWAALS    =     10298.0725
 EELEC  =   -128435.6874  EHBOND  =         0.0000  RESTRAINT  =         0.0000
 EKCMT  =      8223.0029  VIRIAL  =     10056.1072  VOLUME     =    316573.6367
                                                    Density    =         1.0352
 ------------------------------------------------------------------------------

wrapping first mol.:       24.78080       35.04535       60.70032
wrapping first mol.:       24.78080       35.04535       60.70032

 NSTEP =    21500   TIME(PS) =    2683.000  TEMP(K) =   299.22  PRESS =  -195.5
 Etot   =    -78837.3581  EKtot   =     19584.0723  EPtot      =    -98421.4304
 BOND   =       797.4131  ANGLE   =      1983.9566  DIHED      =      3404.6895
 1-4 NB =       986.1920  1-4 EEL =     12822.9168  VDWAALS    =     10610.1404
 EELEC  =   -129026.7387  EHBOND  =         0.0000  RESTRAINT  =         0.0000
 EKCMT  =      8282.9544  VIRIAL  =      9617.7358  VOLUME     =    316297.2423
                                                    Density    =         1.0361
 ------------------------------------------------------------------------------

wrapping first mol.:       24.78870       35.05651       60.71965
wrapping first mol.:       24.78870       35.05651       60.71965

 NSTEP =    22000   TIME(PS) =    2684.000  TEMP(K) =   300.29  PRESS =    32.5
 Etot   =    -78940.8641  EKtot   =     19654.4219  EPtot      =    -98595.2860
 BOND   =       799.4363  ANGLE   =      1923.4264  DIHED      =      3384.3692
 1-4 NB =       984.5558  1-4 EEL =     12787.0990  VDWAALS    =     10819.2378
 EELEC  =   -129293.4104  EHBOND  =         0.0000  RESTRAINT  =         0.0000
 EKCMT  =      8274.8222  VIRIAL  =      8052.4582  VOLUME     =    316593.1697
                                                    Density    =         1.0351
 ------------------------------------------------------------------------------

wrapping first mol.:       24.79083       35.05953       60.72487
wrapping first mol.:       24.79083       35.05953       60.72487

 NSTEP =    22500   TIME(PS) =    2685.000  TEMP(K) =   299.06  PRESS =    40.0
 Etot   =    -78944.9639  EKtot   =     19573.6445  EPtot      =    -98518.6085
 BOND   =       789.2035  ANGLE   =      1909.7421  DIHED      =      3386.8431
 1-4 NB =      1000.5015  1-4 EEL =     12811.4793  VDWAALS    =     10589.2718
 EELEC  =   -129005.6498  EHBOND  =         0.0000  RESTRAINT  =         0.0000
 EKCMT  =      8203.5254  VIRIAL  =      7929.8498  VOLUME     =    316674.6635
                                                    Density    =         1.0349
 ------------------------------------------------------------------------------

wrapping first mol.:       24.77701       35.03999       60.69103
wrapping first mol.:       24.77701       35.03999       60.69103

 NSTEP =    23000   TIME(PS) =    2686.000  TEMP(K) =   297.34  PRESS =   187.6
 Etot   =    -78928.5353  EKtot   =     19461.1641  EPtot      =    -98389.6994
 BOND   =       785.3267  ANGLE   =      1898.6702  DIHED      =      3405.5932
 1-4 NB =       997.6068  1-4 EEL =     12790.1280  VDWAALS    =     10448.2250
 EELEC  =   -128715.2493  EHBOND  =         0.0000  RESTRAINT  =         0.0000
 EKCMT  =      8157.6943  VIRIAL  =      6876.8193  VOLUME     =    316141.3626
                                                    Density    =         1.0366
 ------------------------------------------------------------------------------

wrapping first mol.:       24.78836       35.05603       60.71882
wrapping first mol.:       24.78836       35.05603       60.71882

 NSTEP =    23500   TIME(PS) =    2687.000  TEMP(K) =   297.93  PRESS =    19.4
 Etot   =    -79036.2076  EKtot   =     19500.1523  EPtot      =    -98536.3600
 BOND   =       819.9153  ANGLE   =      1906.3408  DIHED      =      3389.1654
 1-4 NB =       988.7900  1-4 EEL =     12868.4379  VDWAALS    =     10591.7908
 EELEC  =   -129100.8002  EHBOND  =         0.0000  RESTRAINT  =         0.0000
 EKCMT  =      8256.1193  VIRIAL  =      8123.7722  VOLUME     =    316580.6084
                                                    Density    =         1.0352
 ------------------------------------------------------------------------------

wrapping first mol.:       24.78826       35.05590       60.71859
wrapping first mol.:       24.78826       35.05590       60.71859

 NSTEP =    24000   TIME(PS) =    2688.000  TEMP(K) =   301.37  PRESS =    45.7
 Etot   =    -78637.3567  EKtot   =     19725.2734  EPtot      =    -98362.6302
 BOND   =       794.6934  ANGLE   =      1878.8194  DIHED      =      3409.2911
 1-4 NB =      1001.7296  1-4 EEL =     12872.6096  VDWAALS    =     10701.5326
 EELEC  =   -129021.3058  EHBOND  =         0.0000  RESTRAINT  =         0.0000
 EKCMT  =      8321.6641  VIRIAL  =      8009.3082  VOLUME     =    316576.2096
                                                    Density    =         1.0352
 ------------------------------------------------------------------------------

wrapping first mol.:       24.76849       35.02793       60.67015
wrapping first mol.:       24.76849       35.02793       60.67015

 NSTEP =    24500   TIME(PS) =    2689.000  TEMP(K) =   297.55  PRESS =   319.6
 Etot   =    -79022.9945  EKtot   =     19474.8047  EPtot      =    -98497.7991
 BOND   =       811.3833  ANGLE   =      1963.1843  DIHED      =      3424.6338
 1-4 NB =      1001.4388  1-4 EEL =     12802.2320  VDWAALS    =     10761.2488
 EELEC  =   -129261.9201  EHBOND  =         0.0000  RESTRAINT  =         0.0000
 EKCMT  =      8275.2489  VIRIAL  =      6096.0631  VOLUME     =    315811.4004
                                                    Density    =         1.0377
 ------------------------------------------------------------------------------

wrapping first mol.:       24.78334       35.04893       60.70653
wrapping first mol.:       24.78334       35.04893       60.70653

 NSTEP =    25000   TIME(PS) =    2690.000  TEMP(K) =   301.87  PRESS =   482.2
 Etot   =    -78670.4367  EKtot   =     19757.4453  EPtot      =    -98427.8820
 BOND   =       779.6755  ANGLE   =      1865.0736  DIHED      =      3404.7380
 1-4 NB =       994.1800  1-4 EEL =     12821.8393  VDWAALS    =     10845.8066
 EELEC  =   -129139.1950  EHBOND  =         0.0000  RESTRAINT  =         0.0000
 EKCMT  =      8354.7760  VIRIAL  =      5060.9177  VOLUME     =    316375.2354
                                                    Density    =         1.0358
 ------------------------------------------------------------------------------

wrapping first mol.:       24.78528       35.05168       60.71129
wrapping first mol.:       24.78528       35.05168       60.71129

 NSTEP =    25500   TIME(PS) =    2691.000  TEMP(K) =   301.42  PRESS =   211.6
 Etot   =    -78628.8346  EKtot   =     19728.3223  EPtot      =    -98357.1569
 BOND   =       807.7526  ANGLE   =      1916.7437  DIHED      =      3394.1222
 1-4 NB =      1002.8400  1-4 EEL =     12745.3671  VDWAALS    =     10891.9326
 EELEC  =   -129115.9150  EHBOND  =         0.0000  RESTRAINT  =         0.0000
 EKCMT  =      8373.9539  VIRIAL  =      6927.9409  VOLUME     =    316457.3661
                                                    Density    =         1.0356
 ------------------------------------------------------------------------------

wrapping first mol.:       24.79317       35.06283       60.73060
wrapping first mol.:       24.79317       35.06283       60.73060

 NSTEP =    26000   TIME(PS) =    2692.000  TEMP(K) =   298.44  PRESS =   213.4
 Etot   =    -78850.2693  EKtot   =     19533.0840  EPtot      =    -98383.3533
 BOND   =       778.9209  ANGLE   =      1922.6620  DIHED      =      3390.0765
 1-4 NB =       988.1013  1-4 EEL =     12858.8115  VDWAALS    =     10696.8599
 EELEC  =   -129018.7854  EHBOND  =         0.0000  RESTRAINT  =         0.0000
 EKCMT  =      8279.7554  VIRIAL  =      6820.5917  VOLUME     =    316759.3579
                                                    Density    =         1.0346
 ------------------------------------------------------------------------------

wrapping first mol.:       24.79900       35.07108       60.74489
wrapping first mol.:       24.79900       35.07108       60.74489

 NSTEP =    26500   TIME(PS) =    2693.000  TEMP(K) =   297.60  PRESS =   -34.0
 Etot   =    -78708.1050  EKtot   =     19478.2598  EPtot      =    -98186.3647
 BOND   =       823.7825  ANGLE   =      2011.7808  DIHED      =      3384.7507
 1-4 NB =       977.4680  1-4 EEL =     12720.8520  VDWAALS    =     10575.4694
 EELEC  =   -128680.4681  EHBOND  =         0.0000  RESTRAINT  =         0.0000
 EKCMT  =      8217.2059  VIRIAL  =      8449.7573  VOLUME     =    316989.9331
                                                    Density    =         1.0338
 ------------------------------------------------------------------------------

wrapping first mol.:       24.78494       35.05120       60.71046
wrapping first mol.:       24.78494       35.05120       60.71046

 NSTEP =    27000   TIME(PS) =    2694.000  TEMP(K) =   301.89  PRESS =    53.8
 Etot   =    -78519.6679  EKtot   =     19759.0352  EPtot      =    -98278.7031
 BOND   =       788.2255  ANGLE   =      1973.8745  DIHED      =      3417.9987
 1-4 NB =       980.0333  1-4 EEL =     12824.9464  VDWAALS    =     10612.2737
 EELEC  =   -128876.0551  EHBOND  =         0.0000  RESTRAINT  =         0.0000
 EKCMT  =      8341.3578  VIRIAL  =      7974.0725  VOLUME     =    316448.7472
                                                    Density    =         1.0356
 ------------------------------------------------------------------------------

wrapping first mol.:       24.80958       35.08604       60.77080
wrapping first mol.:       24.80958       35.08604       60.77080

 NSTEP =    27500   TIME(PS) =    2695.000  TEMP(K) =   300.43  PRESS =  -356.7
 Etot   =    -78610.6467  EKtot   =     19663.4023  EPtot      =    -98274.0491
 BOND   =       826.2203  ANGLE   =      1901.5529  DIHED      =      3392.2149
 1-4 NB =       967.7847  1-4 EEL =     12783.0311  VDWAALS    =     10418.6772
 EELEC  =   -128563.5302  EHBOND  =         0.0000  RESTRAINT  =         0.0000
 EKCMT  =      8298.7915  VIRIAL  =     10743.0264  VOLUME     =    317404.8803
                                                    Density    =         1.0325
 ------------------------------------------------------------------------------

wrapping first mol.:       24.79359       35.06343       60.73164
wrapping first mol.:       24.79359       35.06343       60.73164

 NSTEP =    28000   TIME(PS) =    2696.000  TEMP(K) =   299.46  PRESS =   122.1
 Etot   =    -78832.8388  EKtot   =     19600.1738  EPtot      =    -98433.0126
 BOND   =       813.1965  ANGLE   =      1976.2490  DIHED      =      3419.7823
 1-4 NB =       994.1661  1-4 EEL =     12805.1907  VDWAALS    =     10623.9163
 EELEC  =   -129065.5135  EHBOND  =         0.0000  RESTRAINT  =         0.0000
 EKCMT  =      8308.0629  VIRIAL  =      7472.7957  VOLUME     =    316778.1979
                                                    Density    =         1.0345
 ------------------------------------------------------------------------------

wrapping first mol.:       24.79250       35.06189       60.72898
wrapping first mol.:       24.79250       35.06189       60.72898

 NSTEP =    28500   TIME(PS) =    2697.000  TEMP(K) =   299.70  PRESS =    46.2
 Etot   =    -78709.5660  EKtot   =     19615.9238  EPtot      =    -98325.4898
 BOND   =       826.8796  ANGLE   =      1886.3405  DIHED      =      3398.1713
 1-4 NB =       974.6308  1-4 EEL =     12761.4750  VDWAALS    =     10501.8234
 EELEC  =   -128674.8104  EHBOND  =         0.0000  RESTRAINT  =         0.0000
 EKCMT  =      8291.9663  VIRIAL  =      7976.3550  VOLUME     =    316738.6759
                                                    Density    =         1.0347
 ------------------------------------------------------------------------------

wrapping first mol.:       24.80054       35.07325       60.74865
wrapping first mol.:       24.80054       35.07325       60.74865

 NSTEP =    29000   TIME(PS) =    2698.000  TEMP(K) =   299.42  PRESS =     2.8
 Etot   =    -78714.1916  EKtot   =     19597.5566  EPtot      =    -98311.7483
 BOND   =       802.1677  ANGLE   =      1913.4420  DIHED      =      3382.1590
 1-4 NB =       986.6277  1-4 EEL =     12806.2666  VDWAALS    =     10768.3525
 EELEC  =   -128970.7638  EHBOND  =         0.0000  RESTRAINT  =         0.0000
 EKCMT  =      8299.4241  VIRIAL  =      8280.4149  VOLUME     =    317047.8604
                                                    Density    =         1.0337
 ------------------------------------------------------------------------------

wrapping first mol.:       24.78767       35.05505       60.71713
wrapping first mol.:       24.78767       35.05505       60.71713

 NSTEP =    29500   TIME(PS) =    2699.000  TEMP(K) =   297.43  PRESS =   139.5
 Etot   =    -78821.4922  EKtot   =     19466.8516  EPtot      =    -98288.3438
 BOND   =       823.6607  ANGLE   =      1932.8687  DIHED      =      3439.2938
 1-4 NB =       959.7689  1-4 EEL =     12743.6662  VDWAALS    =     10835.4557
 EELEC  =   -129023.0577  EHBOND  =         0.0000  RESTRAINT  =         0.0000
 EKCMT  =      8158.3603  VIRIAL  =      7205.0972  VOLUME     =    316550.7021
                                                    Density    =         1.0353
 ------------------------------------------------------------------------------

wrapping first mol.:       24.79672       35.06786       60.73931
wrapping first mol.:       24.79672       35.06786       60.73931

 NSTEP =    30000   TIME(PS) =    2700.000  TEMP(K) =   302.81  PRESS =   297.3
 Etot   =    -78707.7683  EKtot   =     19819.2480  EPtot      =    -98527.0163
 BOND   =       759.9971  ANGLE   =      1967.8662  DIHED      =      3399.5470
 1-4 NB =      1012.9078  1-4 EEL =     12823.7240  VDWAALS    =     10524.7466
 EELEC  =   -129015.8050  EHBOND  =         0.0000  RESTRAINT  =         0.0000
 EKCMT  =      8411.2720  VIRIAL  =      6377.2178  VOLUME     =    316893.2615
                                                    Density    =         1.0342
 ------------------------------------------------------------------------------

wrapping first mol.:       24.79323       35.06292       60.73075
wrapping first mol.:       24.79323       35.06292       60.73075

 NSTEP =    30500   TIME(PS) =    2701.000  TEMP(K) =   297.49  PRESS =  -180.7
 Etot   =    -78682.0753  EKtot   =     19471.0234  EPtot      =    -98153.0987
 BOND   =       818.4881  ANGLE   =      1917.8294  DIHED      =      3413.9240
 1-4 NB =       985.8208  1-4 EEL =     12813.2311  VDWAALS    =     10659.5231
 EELEC  =   -128761.9153  EHBOND  =         0.0000  RESTRAINT  =         0.0000
 EKCMT  =      8191.4972  VIRIAL  =      9427.4117  VOLUME     =    316772.8998
                                                    Density    =         1.0345
 ------------------------------------------------------------------------------

wrapping first mol.:       24.80613       35.08116       60.76235
wrapping first mol.:       24.80613       35.08116       60.76235

 NSTEP =    31000   TIME(PS) =    2702.000  TEMP(K) =   302.79  PRESS =    90.4
 Etot   =    -78449.8542  EKtot   =     19818.2754  EPtot      =    -98268.1295
 BOND   =       831.4830  ANGLE   =      1973.1184  DIHED      =      3401.9522
 1-4 NB =       970.9452  1-4 EEL =     12754.1643  VDWAALS    =     10740.8931
 EELEC  =   -128940.6857  EHBOND  =         0.0000  RESTRAINT  =         0.0000
 EKCMT  =      8352.2514  VIRIAL  =      7733.1054  VOLUME     =    317259.8571
                                                    Density    =         1.0330
 ------------------------------------------------------------------------------

wrapping first mol.:       24.80575       35.08062       60.76142
wrapping first mol.:       24.80575       35.08062       60.76142

 NSTEP =    31500   TIME(PS) =    2703.000  TEMP(K) =   299.78  PRESS =   -16.8
 Etot   =    -78669.6387  EKtot   =     19620.7168  EPtot      =    -98290.3555
 BOND   =       862.0637  ANGLE   =      1949.7049  DIHED      =      3404.4440
 1-4 NB =       973.4761  1-4 EEL =     12739.1480  VDWAALS    =     10513.8818
 EELEC  =   -128733.0741  EHBOND  =         0.0000  RESTRAINT  =         0.0000
 EKCMT  =      8295.3388  VIRIAL  =      8410.4650  VOLUME     =    317248.3593
                                                    Density    =         1.0330
 ------------------------------------------------------------------------------

wrapping first mol.:       24.80651       35.08171       60.76329
wrapping first mol.:       24.80651       35.08171       60.76329

 NSTEP =    32000   TIME(PS) =    2704.000  TEMP(K) =   298.10  PRESS =   128.3
 Etot   =    -79044.6089  EKtot   =     19510.9297  EPtot      =    -98555.5386
 BOND   =       807.2071  ANGLE   =      1933.4312  DIHED      =      3431.7401
 1-4 NB =       986.7778  1-4 EEL =     12854.3896  VDWAALS    =     10740.5244
 EELEC  =   -129309.6088  EHBOND  =         0.0000  RESTRAINT  =         0.0000
 EKCMT  =      8214.7796  VIRIAL  =      7335.9791  VOLUME     =    317273.5635
                                                    Density    =         1.0329
 ------------------------------------------------------------------------------

wrapping first mol.:       24.80754       35.08316       60.76582
wrapping first mol.:       24.80754       35.08316       60.76582

 NSTEP =    32500   TIME(PS) =    2705.000  TEMP(K) =   299.94  PRESS =  -112.0
 Etot   =    -78771.6049  EKtot   =     19631.7168  EPtot      =    -98403.3217
 BOND   =       814.5891  ANGLE   =      1848.4777  DIHED      =      3406.4835
 1-4 NB =       976.7964  1-4 EEL =     12812.5716  VDWAALS    =     10558.1090
 EELEC  =   -128820.3488  EHBOND  =         0.0000  RESTRAINT  =         0.0000
 EKCMT  =      8182.1964  VIRIAL  =      8949.7934  VOLUME     =    317319.9413
                                                    Density    =         1.0328
 ------------------------------------------------------------------------------

wrapping first mol.:       24.79903       35.07112       60.74496
wrapping first mol.:       24.79903       35.07112       60.74496

 NSTEP =    33000   TIME(PS) =    2706.000  TEMP(K) =   303.29  PRESS =  -147.4
 Etot   =    -78494.7375  EKtot   =     19850.7461  EPtot      =    -98345.4836
 BOND   =       801.1259  ANGLE   =      1925.1740  DIHED      =      3412.8722
 1-4 NB =       983.0295  1-4 EEL =     12842.7258  VDWAALS    =     10580.3057
 EELEC  =   -128890.7167  EHBOND  =         0.0000  RESTRAINT  =         0.0000
 EKCMT  =      8380.8360  VIRIAL  =      9389.5625  VOLUME     =    316994.3333
                                                    Density    =         1.0338
 ------------------------------------------------------------------------------

wrapping first mol.:       24.80950       35.08593       60.77061
wrapping first mol.:       24.80950       35.08593       60.77061

 NSTEP =    33500   TIME(PS) =    2707.000  TEMP(K) =   299.53  PRESS =   286.6
 Etot   =    -78559.0881  EKtot   =     19604.8633  EPtot      =    -98163.9513
 BOND   =       842.9961  ANGLE   =      1997.0970  DIHED      =      3420.0452
 1-4 NB =       975.4576  1-4 EEL =     12772.5983  VDWAALS    =     10772.9819
 EELEC  =   -128945.1273  EHBOND  =         0.0000  RESTRAINT  =         0.0000
 EKCMT  =      8241.8701  VIRIAL  =      6277.6919  VOLUME     =    317383.8159
                                                    Density    =         1.0326
 ------------------------------------------------------------------------------

wrapping first mol.:       24.80440       35.07871       60.75811
wrapping first mol.:       24.80440       35.07871       60.75811

 NSTEP =    34000   TIME(PS) =    2708.000  TEMP(K) =   301.46  PRESS =  -116.2
 Etot   =    -78406.6556  EKtot   =     19731.1719  EPtot      =    -98137.8275
 BOND   =       776.2601  ANGLE   =      2016.2298  DIHED      =      3414.9311
 1-4 NB =       988.0639  1-4 EEL =     12768.3353  VDWAALS    =     10300.8461
 EELEC  =   -128402.4938  EHBOND  =         0.0000  RESTRAINT  =         0.0000
 EKCMT  =      8334.5588  VIRIAL  =      9130.1206  VOLUME     =    317199.3303
                                                    Density    =         1.0332
 ------------------------------------------------------------------------------

wrapping first mol.:       24.78972       35.05795       60.72215
wrapping first mol.:       24.78972       35.05795       60.72215

 NSTEP =    34500   TIME(PS) =    2709.000  TEMP(K) =   298.41  PRESS =   237.1
 Etot   =    -78819.6147  EKtot   =     19531.3438  EPtot      =    -98350.9585
 BOND   =       801.7970  ANGLE   =      1974.0458  DIHED      =      3397.0026
 1-4 NB =       988.1174  1-4 EEL =     12797.1606  VDWAALS    =     10577.2759
 EELEC  =   -128886.3577  EHBOND  =         0.0000  RESTRAINT  =         0.0000
 EKCMT  =      8244.4724  VIRIAL  =      6623.2682  VOLUME     =    316626.4283
                                                    Density    =         1.0350
 ------------------------------------------------------------------------------

wrapping first mol.:       24.80254       35.07608       60.75355
wrapping first mol.:       24.80254       35.07608       60.75355

 NSTEP =    35000   TIME(PS) =    2710.000  TEMP(K) =   299.35  PRESS =   -70.1
 Etot   =    -78578.5331  EKtot   =     19593.0117  EPtot      =    -98171.5448
 BOND   =       805.0380  ANGLE   =      1903.0016  DIHED      =      3442.8188
 1-4 NB =       989.1504  1-4 EEL =     12775.1210  VDWAALS    =     10708.2160
 EELEC  =   -128794.8906  EHBOND  =         0.0000  RESTRAINT  =         0.0000
 EKCMT  =      8267.7053  VIRIAL  =      8747.4452  VOLUME     =    317126.6448
                                                    Density    =         1.0334
 ------------------------------------------------------------------------------

wrapping first mol.:       24.79557       35.06623       60.73649
wrapping first mol.:       24.79557       35.06623       60.73649

 NSTEP =    35500   TIME(PS) =    2711.000  TEMP(K) =   300.33  PRESS =   -30.3
 Etot   =    -78572.5847  EKtot   =     19657.2070  EPtot      =    -98229.7917
 BOND   =       807.1807  ANGLE   =      1975.8531  DIHED      =      3434.6880
 1-4 NB =       982.6675  1-4 EEL =     12838.8609  VDWAALS    =     10724.8218
 EELEC  =   -128993.8637  EHBOND  =         0.0000  RESTRAINT  =         0.0000
 EKCMT  =      8361.5417  VIRIAL  =      8568.8950  VOLUME     =    316858.3660
                                                    Density    =         1.0343
 ------------------------------------------------------------------------------

wrapping first mol.:       24.79840       35.07023       60.74341
wrapping first mol.:       24.79840       35.07023       60.74341

 NSTEP =    36000   TIME(PS) =    2712.000  TEMP(K) =   302.70  PRESS =    54.9
 Etot   =    -78266.3068  EKtot   =     19812.1602  EPtot      =    -98078.4669
 BOND   =       818.3423  ANGLE   =      1942.2032  DIHED      =      3417.1131
 1-4 NB =       977.2997  1-4 EEL =     12845.3537  VDWAALS    =     10387.7803
 EELEC  =   -128466.5591  EHBOND  =         0.0000  RESTRAINT  =         0.0000
 EKCMT  =      8353.4191  VIRIAL  =      7977.5989  VOLUME     =    316964.3503
                                                    Density    =         1.0339
 ------------------------------------------------------------------------------

wrapping first mol.:       24.77994       35.04413       60.69821
wrapping first mol.:       24.77994       35.04413       60.69821

 NSTEP =    36500   TIME(PS) =    2713.000  TEMP(K) =   297.56  PRESS =    34.3
 Etot   =    -78928.0712  EKtot   =     19475.7676  EPtot      =    -98403.8388
 BOND   =       805.9679  ANGLE   =      2013.7614  DIHED      =      3441.4840
 1-4 NB =       989.7584  1-4 EEL =     12778.8545  VDWAALS    =     10873.8825
 EELEC  =   -129307.5474  EHBOND  =         0.0000  RESTRAINT  =         0.0000
 EKCMT  =      8224.7942  VIRIAL  =      7990.8246  VOLUME     =    316257.8097
                                                    Density    =         1.0362
 ------------------------------------------------------------------------------

wrapping first mol.:       24.78703       35.05415       60.71557
wrapping first mol.:       24.78703       35.05415       60.71557

 NSTEP =    37000   TIME(PS) =    2714.000  TEMP(K) =   297.67  PRESS =    63.6
 Etot   =    -78955.0732  EKtot   =     19482.9141  EPtot      =    -98437.9872
 BOND   =       826.3279  ANGLE   =      1888.6700  DIHED      =      3421.8354
 1-4 NB =       995.6104  1-4 EEL =     12875.0356  VDWAALS    =     10736.1425
 EELEC  =   -129181.6090  EHBOND  =         0.0000  RESTRAINT  =         0.0000
 EKCMT  =      8322.6231  VIRIAL  =      7888.1657  VOLUME     =    316528.4453
                                                    Density    =         1.0353
 ------------------------------------------------------------------------------

wrapping first mol.:       24.80037       35.07301       60.74824
wrapping first mol.:       24.80037       35.07301       60.74824

 NSTEP =    37500   TIME(PS) =    2715.000  TEMP(K) =   301.72  PRESS =    75.0
 Etot   =    -78366.4212  EKtot   =     19747.7891  EPtot      =    -98114.2103
 BOND   =       781.8349  ANGLE   =      1958.3823  DIHED      =      3359.0174
 1-4 NB =       981.8376  1-4 EEL =     12850.8052  VDWAALS    =     10722.7791
 EELEC  =   -128768.8668  EHBOND  =         0.0000  RESTRAINT  =         0.0000
 EKCMT  =      8354.2164  VIRIAL  =      7840.5394  VOLUME     =    317039.3302
                                                    Density    =         1.0337
 ------------------------------------------------------------------------------

wrapping first mol.:       24.79914       35.07128       60.74524
wrapping first mol.:       24.79914       35.07128       60.74524

 NSTEP =    38000   TIME(PS) =    2716.000  TEMP(K) =   298.12  PRESS =    69.3
 Etot   =    -78763.2413  EKtot   =     19512.0293  EPtot      =    -98275.2706
 BOND   =       789.6798  ANGLE   =      1944.2543  DIHED      =      3411.2776
 1-4 NB =      1005.0749  1-4 EEL =     12832.3882  VDWAALS    =     10696.1562
 EELEC  =   -128954.1016  EHBOND  =         0.0000  RESTRAINT  =         0.0000
 EKCMT  =      8334.5136  VIRIAL  =      7860.0689  VOLUME     =    316992.4978
                                                    Density    =         1.0338
 ------------------------------------------------------------------------------

wrapping first mol.:       24.78798       35.05550       60.71791
wrapping first mol.:       24.78798       35.05550       60.71791

 NSTEP =    38500   TIME(PS) =    2717.000  TEMP(K) =   300.40  PRESS =    78.9
 Etot   =    -78358.8875  EKtot   =     19661.3848  EPtot      =    -98020.2723
 BOND   =       835.9723  ANGLE   =      1973.1906  DIHED      =      3400.0851
 1-4 NB =       979.7299  1-4 EEL =     12835.7812  VDWAALS    =     10545.1168
 EELEC  =   -128590.1481  EHBOND  =         0.0000  RESTRAINT  =         0.0000
 EKCMT  =      8346.3807  VIRIAL  =      7806.9216  VOLUME     =    316564.5690
                                                    Density    =         1.0352
 ------------------------------------------------------------------------------

wrapping first mol.:       24.79512       35.06559       60.73537
wrapping first mol.:       24.79512       35.06559       60.73537

 NSTEP =    39000   TIME(PS) =    2718.000  TEMP(K) =   298.98  PRESS =   142.0
 Etot   =    -78664.5154  EKtot   =     19568.9023  EPtot      =    -98233.4177
 BOND   =       822.3157  ANGLE   =      1924.8782  DIHED      =      3409.9992
 1-4 NB =       954.2904  1-4 EEL =     12803.2587  VDWAALS    =     10541.0801
 EELEC  =   -128689.2400  EHBOND  =         0.0000  RESTRAINT  =         0.0000
 EKCMT  =      8309.1826  VIRIAL  =      7337.7212  VOLUME     =    316836.0680
                                                    Density    =         1.0343
 ------------------------------------------------------------------------------

wrapping first mol.:       24.78309       35.04858       60.70591
wrapping first mol.:       24.78309       35.04858       60.70591

 NSTEP =    39500   TIME(PS) =    2719.000  TEMP(K) =   299.02  PRESS =  -266.0
 Etot   =    -78501.5121  EKtot   =     19571.3438  EPtot      =    -98072.8559
 BOND   =       791.3342  ANGLE   =      1926.8261  DIHED      =      3412.9452
 1-4 NB =       985.4120  1-4 EEL =     12783.7046  VDWAALS    =     10211.5399
 EELEC  =   -128184.6178  EHBOND  =         0.0000  RESTRAINT  =         0.0000
 EKCMT  =      8158.3168  VIRIAL  =      9975.4256  VOLUME     =    316386.7183
                                                    Density    =         1.0358
 ------------------------------------------------------------------------------

wrapping first mol.:       24.76901       35.02867       60.67143
wrapping first mol.:       24.76901       35.02867       60.67143

 NSTEP =    40000   TIME(PS) =    2720.000  TEMP(K) =   301.86  PRESS =  -136.0
 Etot   =    -78281.1309  EKtot   =     19757.1641  EPtot      =    -98038.2950
 BOND   =       837.4335  ANGLE   =      1944.8389  DIHED      =      3412.2796
 1-4 NB =       970.9924  1-4 EEL =     12850.8566  VDWAALS    =     10431.6767
 EELEC  =   -128486.3727  EHBOND  =         0.0000  RESTRAINT  =         0.0000
 EKCMT  =      8326.1520  VIRIAL  =      9253.5365  VOLUME     =    315844.1810
                                                    Density    =         1.0376
 ------------------------------------------------------------------------------

wrapping first mol.:       24.77083       35.03125       60.67590
wrapping first mol.:       24.77083       35.03125       60.67590

 NSTEP =    40500   TIME(PS) =    2721.000  TEMP(K) =   300.71  PRESS =    -5.3
 Etot   =    -78513.1604  EKtot   =     19681.7012  EPtot      =    -98194.8616
 BOND   =       846.1080  ANGLE   =      1898.0570  DIHED      =      3388.1728
 1-4 NB =       984.0348  1-4 EEL =     12786.5121  VDWAALS    =     10590.4782
 EELEC  =   -128688.2245  EHBOND  =         0.0000  RESTRAINT  =         0.0000
 EKCMT  =      8279.9409  VIRIAL  =      8316.0183  VOLUME     =    315910.3269
                                                    Density    =         1.0374
 ------------------------------------------------------------------------------

wrapping first mol.:       24.76222       35.01907       60.65480
wrapping first mol.:       24.76222       35.01907       60.65480

 NSTEP =    41000   TIME(PS) =    2722.000  TEMP(K) =   301.51  PRESS =   -79.2
 Etot   =    -78625.3597  EKtot   =     19734.2305  EPtot      =    -98359.5902
 BOND   =       797.4302  ANGLE   =      1945.4531  DIHED      =      3415.5593
 1-4 NB =      1011.2137  1-4 EEL =     12828.7170  VDWAALS    =     10414.2982
 EELEC  =   -128772.2616  EHBOND  =         0.0000  RESTRAINT  =         0.0000
 EKCMT  =      8316.7764  VIRIAL  =      8856.1143  VOLUME     =    315582.9678
                                                    Density    =         1.0384
 ------------------------------------------------------------------------------

wrapping first mol.:       24.77678       35.03966       60.69047
wrapping first mol.:       24.77678       35.03966       60.69047

 NSTEP =    41500   TIME(PS) =    2723.000  TEMP(K) =   300.20  PRESS =   123.2
 Etot   =    -78480.6206  EKtot   =     19648.3457  EPtot      =    -98128.9663
 BOND   =       774.8507  ANGLE   =      1948.2601  DIHED      =      3446.8986
 1-4 NB =       990.6872  1-4 EEL =     12846.5871  VDWAALS    =     10500.9282
 EELEC  =   -128637.1783  EHBOND  =         0.0000  RESTRAINT  =         0.0000
 EKCMT  =      8299.5283  VIRIAL  =      7458.9345  VOLUME     =    316134.3173
                                                    Density    =         1.0366
 ------------------------------------------------------------------------------

wrapping first mol.:       24.79242       35.06178       60.72877
wrapping first mol.:       24.79242       35.06178       60.72877

 NSTEP =    42000   TIME(PS) =    2724.000  TEMP(K) =   302.35  PRESS =  -219.1
 Etot   =    -78420.6829  EKtot   =     19789.2148  EPtot      =    -98209.8977
 BOND   =       824.6941  ANGLE   =      1972.7596  DIHED      =      3402.8491
 1-4 NB =       978.3870  1-4 EEL =     12819.0090  VDWAALS    =     10334.5023
 EELEC  =   -128542.0989  EHBOND  =         0.0000  RESTRAINT  =         0.0000
 EKCMT  =      8339.9996  VIRIAL  =      9838.6980  VOLUME     =    316742.9546
                                                    Density    =         1.0346
 ------------------------------------------------------------------------------

wrapping first mol.:       24.78819       35.05580       60.71841
wrapping first mol.:       24.78819       35.05580       60.71841

 NSTEP =    42500   TIME(PS) =    2725.000  TEMP(K) =   303.61  PRESS =   -88.0
 Etot   =    -78640.1354  EKtot   =     19871.7070  EPtot      =    -98511.8424
 BOND   =       769.9250  ANGLE   =      1907.8633  DIHED      =      3403.5510
 1-4 NB =       991.2048  1-4 EEL =     12843.3701  VDWAALS    =     10660.8154
 EELEC  =   -129088.5720  EHBOND  =         0.0000  RESTRAINT  =         0.0000
 EKCMT  =      8455.8285  VIRIAL  =      9057.0415  VOLUME     =    316577.2143
                                                    Density    =         1.0352
 ------------------------------------------------------------------------------

wrapping first mol.:       24.78199       35.04702       60.70322
wrapping first mol.:       24.78199       35.04702       60.70322

 NSTEP =    43000   TIME(PS) =    2726.000  TEMP(K) =   301.64  PRESS =  -164.3
 Etot   =    -78934.3802  EKtot   =     19742.7031  EPtot      =    -98677.0833
 BOND   =       781.6825  ANGLE   =      1927.7307  DIHED      =      3400.4237
 1-4 NB =       995.1898  1-4 EEL =     12815.1071  VDWAALS    =     10494.8909
 EELEC  =   -129092.1080  EHBOND  =         0.0000  RESTRAINT  =         0.0000
 EKCMT  =      8283.9628  VIRIAL  =      9405.9943  VOLUME     =    316341.7606
                                                    Density    =         1.0360
 ------------------------------------------------------------------------------

wrapping first mol.:       24.77393       35.03563       60.68348
wrapping first mol.:       24.77393       35.03563       60.68348

 NSTEP =    43500   TIME(PS) =    2727.000  TEMP(K) =   301.17  PRESS =   -81.8
 Etot   =    -78787.5781  EKtot   =     19712.0918  EPtot      =    -98499.6699
 BOND   =       844.4825  ANGLE   =      1907.1160  DIHED      =      3422.0953
 1-4 NB =       988.6973  1-4 EEL =     12745.9201  VDWAALS    =     10588.3918
 EELEC  =   -128996.3729  EHBOND  =         0.0000  RESTRAINT  =         0.0000
 EKCMT  =      8371.0515  VIRIAL  =      8929.3401  VOLUME     =    316030.9299
                                                    Density    =         1.0370
 ------------------------------------------------------------------------------

wrapping first mol.:       24.79139       35.06031       60.72624
wrapping first mol.:       24.79139       35.06031       60.72624

 NSTEP =    44000   TIME(PS) =    2728.000  TEMP(K) =   300.31  PRESS =   211.1
 Etot   =    -78453.1542  EKtot   =     19655.9434  EPtot      =    -98109.0976
 BOND   =       788.2563  ANGLE   =      1954.1496  DIHED      =      3423.9531
 1-4 NB =       978.1306  1-4 EEL =     12815.4375  VDWAALS    =     10812.7388
 EELEC  =   -128881.7636  EHBOND  =         0.0000  RESTRAINT  =         0.0000
 EKCMT  =      8225.0729  VIRIAL  =      6781.9112  VOLUME     =    316691.1666
                                                    Density    =         1.0348
 ------------------------------------------------------------------------------

wrapping first mol.:       24.78331       35.04889       60.70645
wrapping first mol.:       24.78331       35.04889       60.70645

 NSTEP =    44500   TIME(PS) =    2729.000  TEMP(K) =   299.69  PRESS =    23.3
 Etot   =    -78779.1677  EKtot   =     19615.0156  EPtot      =    -98394.1833
 BOND   =       789.7589  ANGLE   =      1889.7972  DIHED      =      3384.5917
 1-4 NB =       992.3018  1-4 EEL =     12784.1084  VDWAALS    =     10586.6958
 EELEC  =   -128821.4371  EHBOND  =         0.0000  RESTRAINT  =         0.0000
 EKCMT  =      8290.6299  VIRIAL  =      8131.1553  VOLUME     =    316386.9282
                                                    Density    =         1.0358
 ------------------------------------------------------------------------------

wrapping first mol.:       24.78619       35.05296       60.71351
wrapping first mol.:       24.78619       35.05296       60.71351

 NSTEP =    45000   TIME(PS) =    2730.000  TEMP(K) =   298.39  PRESS =    70.7
 Etot   =    -78860.3552  EKtot   =     19529.8613  EPtot      =    -98390.2165
 BOND   =       773.8826  ANGLE   =      1929.6024  DIHED      =      3403.2035
 1-4 NB =       971.2103  1-4 EEL =     12807.5594  VDWAALS    =     10797.4279
 EELEC  =   -129073.1026  EHBOND  =         0.0000  RESTRAINT  =         0.0000
 EKCMT  =      8217.9788  VIRIAL  =      7734.7428  VOLUME     =    316496.0440
                                                    Density    =         1.0355
 ------------------------------------------------------------------------------

wrapping first mol.:       24.79898       35.07105       60.74483
wrapping first mol.:       24.79898       35.07105       60.74483

 NSTEP =    45500   TIME(PS) =    2731.000  TEMP(K) =   300.81  PRESS =     4.3
 Etot   =    -78468.2055  EKtot   =     19688.5098  EPtot      =    -98156.7153
 BOND   =       845.2295  ANGLE   =      1929.5652  DIHED      =      3396.0899
 1-4 NB =       981.9156  1-4 EEL =     12828.2293  VDWAALS    =     10438.8724
 EELEC  =   -128576.6173  EHBOND  =         0.0000  RESTRAINT  =         0.0000
 EKCMT  =      8260.0410  VIRIAL  =      8230.5042  VOLUME     =    316988.0448
                                                    Density    =         1.0338
 ------------------------------------------------------------------------------

wrapping first mol.:       24.80300       35.07674       60.75469
wrapping first mol.:       24.80300       35.07674       60.75469

 NSTEP =    46000   TIME(PS) =    2732.000  TEMP(K) =   297.64  PRESS =   162.8
 Etot   =    -79081.8718  EKtot   =     19481.0605  EPtot      =    -98562.9323
 BOND   =       833.8477  ANGLE   =      1925.3983  DIHED      =      3404.6456
 1-4 NB =       970.5515  1-4 EEL =     12790.8521  VDWAALS    =     10632.3975
 EELEC  =   -129120.6250  EHBOND  =         0.0000  RESTRAINT  =         0.0000
 EKCMT  =      8180.6120  VIRIAL  =      7065.6827  VOLUME     =    317137.8453
                                                    Density    =         1.0334
 ------------------------------------------------------------------------------

wrapping first mol.:       24.78834       35.05600       60.71877
wrapping first mol.:       24.78834       35.05600       60.71877

 NSTEP =    46500   TIME(PS) =    2733.000  TEMP(K) =   303.50  PRESS =   224.1
 Etot   =    -78472.5627  EKtot   =     19864.3730  EPtot      =    -98336.9357
 BOND   =       804.1538  ANGLE   =      1912.0546  DIHED      =      3383.0300
 1-4 NB =       986.7054  1-4 EEL =     12801.6732  VDWAALS    =     10448.9061
 EELEC  =   -128673.4587  EHBOND  =         0.0000  RESTRAINT  =         0.0000
 EKCMT  =      8348.6686  VIRIAL  =      6817.0821  VOLUME     =    316573.9848
                                                    Density    =         1.0352
 ------------------------------------------------------------------------------

wrapping first mol.:       24.78402       35.04990       60.70820
wrapping first mol.:       24.78402       35.04990       60.70820

 NSTEP =    47000   TIME(PS) =    2734.000  TEMP(K) =   300.45  PRESS =   234.0
 Etot   =    -78442.7073  EKtot   =     19664.6562  EPtot      =    -98107.3635
 BOND   =       809.4145  ANGLE   =      1986.0313  DIHED      =      3403.0360
 1-4 NB =      1003.1116  1-4 EEL =     12801.8861  VDWAALS    =     10586.7489
 EELEC  =   -128697.5920  EHBOND  =         0.0000  RESTRAINT  =         0.0000
 EKCMT  =      8347.8334  VIRIAL  =      6749.4004  VOLUME     =    316408.4003
                                                    Density    =         1.0357
 ------------------------------------------------------------------------------

wrapping first mol.:       24.78987       35.05817       60.72253
wrapping first mol.:       24.78987       35.05817       60.72253

 NSTEP =    47500   TIME(PS) =    2735.000  TEMP(K) =   303.35  PRESS =     7.2
 Etot   =    -78452.7098  EKtot   =     19854.8984  EPtot      =    -98307.6082
 BOND   =       834.1338  ANGLE   =      1945.7010  DIHED      =      3416.0577
 1-4 NB =       975.5051  1-4 EEL =     12810.4069  VDWAALS    =     10488.9709
 EELEC  =   -128778.3836  EHBOND  =         0.0000  RESTRAINT  =         0.0000
 EKCMT  =      8390.8536  VIRIAL  =      8341.3986  VOLUME     =    316638.9121
                                                    Density    =         1.0350
 ------------------------------------------------------------------------------

wrapping first mol.:       24.79425       35.06436       60.73326
wrapping first mol.:       24.79425       35.06436       60.73326

 NSTEP =    48000   TIME(PS) =    2736.000  TEMP(K) =   300.04  PRESS =   248.4
 Etot   =    -78613.2557  EKtot   =     19638.1094  EPtot      =    -98251.3651
 BOND   =       804.1332  ANGLE   =      1926.8918  DIHED      =      3380.7042
 1-4 NB =      1005.7003  1-4 EEL =     12801.3071  VDWAALS    =     10632.7577
 EELEC  =   -128802.8593  EHBOND  =         0.0000  RESTRAINT  =         0.0000
 EKCMT  =      8250.0745  VIRIAL  =      6551.1346  VOLUME     =    316799.9305
                                                    Density    =         1.0345
 ------------------------------------------------------------------------------

wrapping first mol.:       24.79293       35.06250       60.73003
wrapping first mol.:       24.79293       35.06250       60.73003

 NSTEP =    48500   TIME(PS) =    2737.000  TEMP(K) =   297.79  PRESS =   -54.4
 Etot   =    -78789.6398  EKtot   =     19490.7285  EPtot      =    -98280.3684
 BOND   =       809.2013  ANGLE   =      1897.4235  DIHED      =      3411.0965
 1-4 NB =       983.4945  1-4 EEL =     12800.6039  VDWAALS    =     10483.3560
 EELEC  =   -128665.5442  EHBOND  =         0.0000  RESTRAINT  =         0.0000
 EKCMT  =      8188.8901  VIRIAL  =      8560.9740  VOLUME     =    316758.0215
                                                    Density    =         1.0346
 ------------------------------------------------------------------------------

wrapping first mol.:       24.79095       35.05970       60.72518
wrapping first mol.:       24.79095       35.05970       60.72518

 NSTEP =    49000   TIME(PS) =    2738.000  TEMP(K) =   295.76  PRESS =    26.1
 Etot   =    -79077.7308  EKtot   =     19358.1426  EPtot      =    -98435.8734
 BOND   =       836.0611  ANGLE   =      1916.2846  DIHED      =      3390.2160
 1-4 NB =       975.7362  1-4 EEL =     12807.0872  VDWAALS    =     10768.6021
 EELEC  =   -129129.8606  EHBOND  =         0.0000  RESTRAINT  =         0.0000
 EKCMT  =      8155.8080  VIRIAL  =      7977.4486  VOLUME     =    316679.8168
                                                    Density    =         1.0349
 ------------------------------------------------------------------------------

wrapping first mol.:       24.78472       35.05088       60.70991
wrapping first mol.:       24.78472       35.05088       60.70991

 NSTEP =    49500   TIME(PS) =    2739.000  TEMP(K) =   303.35  PRESS =    69.3
 Etot   =    -78573.5584  EKtot   =     19854.8184  EPtot      =    -98428.3768
 BOND   =       792.0725  ANGLE   =      1917.8654  DIHED      =      3423.4323
 1-4 NB =      1001.2258  1-4 EEL =     12812.8664  VDWAALS    =     10391.4450
 EELEC  =   -128767.2843  EHBOND  =         0.0000  RESTRAINT  =         0.0000
 EKCMT  =      8426.8069  VIRIAL  =      7953.5782  VOLUME     =    316439.7491
                                                    Density    =         1.0356
 ------------------------------------------------------------------------------

wrapping first mol.:       24.78448       35.05055       60.70932
wrapping first mol.:       24.78448       35.05055       60.70932

 NSTEP =    50000   TIME(PS) =    2740.000  TEMP(K) =   298.61  PRESS =   146.3
 Etot   =    -78982.9164  EKtot   =     19544.6680  EPtot      =    -98527.5844
 BOND   =       785.3874  ANGLE   =      1842.1866  DIHED      =      3392.1612
 1-4 NB =       974.2631  1-4 EEL =     12830.6322  VDWAALS    =     10435.0316
 EELEC  =   -128787.2464  EHBOND  =         0.0000  RESTRAINT  =         0.0000
 EKCMT  =      8265.9183  VIRIAL  =      7266.3740  VOLUME     =    316428.4389
                                                    Density    =         1.0357
 ------------------------------------------------------------------------------


      A V E R A G E S   O V E R     100 S T E P S


 NSTEP =    50000   TIME(PS) =    2740.000  TEMP(K) =   300.00  PRESS =    33.1
 Etot   =    -78697.2332  EKtot   =     19635.0898  EPtot      =    -98332.3230
 BOND   =       811.1923  ANGLE   =      1928.6152  DIHED      =      3402.6740
 1-4 NB =       985.8562  1-4 EEL =     12804.6432  VDWAALS    =     10608.4404
 EELEC  =   -128873.7443  EHBOND  =         0.0000  RESTRAINT  =         0.0000
 EKCMT  =      8289.4691  VIRIAL  =      8062.8647  VOLUME     =    316650.5765
                                                    Density    =         1.0349
 ------------------------------------------------------------------------------


      R M S  F L U C T U A T I O N S


 NSTEP =    50000   TIME(PS) =    2740.000  TEMP(K) =     1.86  PRESS =   151.1
 Etot   =       195.6255  EKtot   =       121.7666  EPtot      =       138.7005
 BOND   =        25.1833  ANGLE   =        38.0312  DIHED      =        20.5384
 1-4 NB =        12.0188  1-4 EEL =        34.5114  VDWAALS    =       135.3564
 EELEC  =       207.8138  EHBOND  =         0.0000  RESTRAINT  =         0.0000
 EKCMT  =        71.2256  VIRIAL  =      1026.9164  VOLUME     =       454.6490
                                                    Density    =         0.0015
 ------------------------------------------------------------------------------

--------------------------------------------------------------------------------
   5.  TIMINGS
--------------------------------------------------------------------------------

|  NonSetup CPU Time in Major Routines:
|
|     Routine           Sec        %
|     ------------------------------
|     Nonbond         174.84   89.31
|     Bond              0.00    0.00
|     Angle             0.00    0.00
|     Dihedral          0.00    0.00
|     Shake             0.32    0.17
|     RunMD            20.58   10.51
|     Other             0.03    0.01
|     ------------------------------
|     Total           195.77

|  PME Nonbond Pairlist CPU Time:
|
|     Routine              Sec        %
|     ---------------------------------
|     Set Up Cit           0.00    0.00
|     Build List           0.00    0.00
|     ---------------------------------
|     Total                0.00    0.00

|  PME Direct Force CPU Time:
|
|     Routine              Sec        %
|     ---------------------------------
|     NonBonded Calc       0.00    0.00
|     Exclude Masked       0.00    0.00
|     Other                0.01    0.00
|     ---------------------------------
|     Total                0.01    0.00

|  PME Reciprocal Force CPU Time:
|
|     Routine              Sec        %
|     ---------------------------------
|     1D bspline           0.00    0.00
|     Grid Charges         0.00    0.00
|     Scalar Sum           0.00    0.00
|     Gradient Sum         0.00    0.00
|     FFT                  0.00    0.00
|     ---------------------------------
|     Total                0.00    0.00

|  Final Performance Info:
|     -----------------------------------------------------
|     Average timings for last    3000 steps:
|     Elapsed(s) =      11.74 Per Step(ms) =       3.91
|         ns/day =      44.15   seconds/ns =    1957.06
|
|     Average timings for all steps:
|     Elapsed(s) =     195.76 Per Step(ms) =       3.92
|         ns/day =      44.14   seconds/ns =    1957.61
|     -----------------------------------------------------

|  Setup CPU time:            0.52 seconds
|  NonSetup CPU time:       195.77 seconds
|  Total CPU time:          196.29 seconds     0.05 hours

|  Setup wall time:           1    seconds
|  NonSetup wall time:      196    seconds
|  Total wall time:         197    seconds     0.05 hours
