
          -------------------------------------------------------
          Amber 16 PMEMD                              2016
          -------------------------------------------------------

| PMEMD implementation of SANDER, Release 16

| Run on 10/26/2016 at 15:01:18

|   Executable path: pmemd.cuda
| Working directory: /home/german/exs/run/1prn/mhe/e
|          Hostname: Unknown
  [-O]verwriting output

File Assignments:
|   MDIN: 28equ.in                                                              
|  MDOUT: 28equ.out                                                             
| INPCRD: 27e1prn.rst7                                                          
|   PARM: 1prn.prmtop                                                           
| RESTRT: 28e1prn.rst7                                                          
|   REFC: refc                                                                  
|  MDVEL: mdvel                                                                 
|   MDEN: mden                                                                  
|  MDCRD: 28e1prn.nc                                                            
| MDINFO: mdinfo                                                                
|  MDFRC: mdfrc                                                                 


 Here is the input file:

Equilibration without solute restrictions                                      
&cntrl                                                                         
imin = 0,                           ! No Minimization                          
nmropt = 0,                         ! No NMR restraints read                   
                                                                               
! Nature and format of the input                                               
ntx = 5,                            ! Coordinates and velocities will be read  
irest = 1,                          ! Do not run a new simulation              
                                                                               
! Nature and format of the output                                              
ntxo = 1,                           ! rstrt file in ASCII format               
ntpr = 50000,                       ! inf in output every ntpr steps           
ntwr = 50000,                       ! rstrt file every ntwr steps              
ntwx = 5000,                        ! mdcrd file every ntwx steps              
ntwv = 0,                           ! mdvel without velocities                 
ntwe = 0,                           ! Energies and temperatures not written in 
idecomp = 0,                        ! No energy decomposition                  
iwrap = 1,                          ! Coordinates of the restart and mdcrd file
                                                                               
! Frozen or restrained atoms                                                   
ibelly = 0,                         ! No frozen atoms                          
ntr=0,                              ! Harmonic potential restraints            
                                                                               
! Molecular dynamics                                                           
nstlim = 1080000,                   ! Number of MD-steps                       
dt = 0.002,                         ! Time step                                
                                                                               
! Temperature regulation                                                       
ntt = 3,                            ! Langevin thermostat                      
gamma_ln = 2,                       ! Gamma constant for Langevin              
!temp0 = 300.0,                     ! Reference T at which the system is to be 
tempi = 300.0,                      ! Initial T                                
ig = -1,                            ! Seed for the RNG                         
                                                                               
! P and V regulation                                                           
ntp = 0,                            ! No P control                             
ntb = 1,                            ! constant V                               
                                                                               
! SHAKE variables                                                              
ntc = 2,                            ! Bonds involving H are constrained        
ntf = 2,                            ! Bond interaction involving H are ommited.
                                                                               
cut = 9.0,                         ! Nonbonded cutoff                          
/                                                                              
&end                                                                           


Note: ig = -1. Setting random seed to   903332 based on wallclock time in 
      microseconds.
 
|--------------------- INFORMATION ----------------------
| GPU (CUDA) Version of PMEMD in use: NVIDIA GPU IN USE.
|                    Version 16.0.0
| 
|                      02/25/2016
| 
| Implementation by:
|                    Ross C. Walker     (SDSC)
|                    Scott Le Grand     (nVIDIA)
| 
| Precision model in use:
|      [SPFP] - Single Precision Forces, 64-bit Fixed Point
|               Accumulation. (Default)
| 
|--------------------------------------------------------
 
|----------------- CITATION INFORMATION -----------------
|
|    When publishing work that utilized the CUDA version
|    of AMBER, please cite the following in addition to
|    the regular AMBER citations:
|
|  - Romelia Salomon-Ferrer; Andreas W. Goetz; Duncan
|    Poole; Scott Le Grand; Ross C. Walker "Routine
|    microsecond molecular dynamics simulations with
|    AMBER - Part II: Particle Mesh Ewald", J. Chem.
|    Theory Comput., 2013, 9 (9), pp3878-3888,
|    DOI: 10.1021/ct400314y.
|
|  - Andreas W. Goetz; Mark J. Williamson; Dong Xu;
|    Duncan Poole; Scott Le Grand; Ross C. Walker
|    "Routine microsecond molecular dynamics simulations
|    with AMBER - Part I: Generalized Born", J. Chem.
|    Theory Comput., 2012, 8 (5), pp1542-1555.
|
|  - Scott Le Grand; Andreas W. Goetz; Ross C. Walker
|    "SPFP: Speed without compromise - a mixed precision
|    model for GPU accelerated molecular dynamics
|    simulations.", Comp. Phys. Comm., 2013, 184
|    pp374-380, DOI: 10.1016/j.cpc.2012.09.022
|
|--------------------------------------------------------
 
|------------------- GPU DEVICE INFO --------------------
|
|            CUDA_VISIBLE_DEVICES: 0
|   CUDA Capable Devices Detected:      1
|           CUDA Device ID in use:      0
|                CUDA Device Name: GeForce GTX 1060 6GB
|     CUDA Device Global Mem Size:   6072 MB
| CUDA Device Num Multiprocessors:     10
|           CUDA Device Core Freq:   1.76 GHz
|
|--------------------------------------------------------
 
 
| Conditional Compilation Defines Used:
| PUBFFT
| BINTRAJ
| CUDA
| EMIL

| Largest sphere to fit in unit cell has radius =    30.340

| New format PARM file being parsed.
| Version =    1.000 Date = 10/25/16 Time = 12:15:56

| Note: 1-4 EEL scale factors are being read from the topology file.

| Note: 1-4 VDW scale factors are being read from the topology file.
| Duplicated    0 dihedrals

| Duplicated    0 dihedrals

--------------------------------------------------------------------------------
   1.  RESOURCE   USE: 
--------------------------------------------------------------------------------

 getting new box info from bottom of inpcrd
 NATOM  =   31841 NTYPES =      16 NBONH =   29650 MBONA  =    2207
 NTHETH =    4442 MTHETA =    3007 NPHIH =    9478 MPHIA  =    9572
 NHPARM =       0 NPARM  =       0 NNB   =   59506 NRES   =    9539
 NBONA  =    2207 NTHETA =    3007 NPHIA =    9572 NUMBND =      59
 NUMANG =     136 NPTRA  =     166 NATYP =      30 NPHB   =       1
 IFBOX  =       2 NMXRS  =      24 IFCAP =       0 NEXTRA =       0
 NCOPY  =       0

| Coordinate Index Table dimensions:    13   13   13
| Direct force subcell size =     5.7167    5.7167    5.7167

     BOX TYPE: TRUNCATED OCTAHEDRON

--------------------------------------------------------------------------------
   2.  CONTROL  DATA  FOR  THE  RUN
--------------------------------------------------------------------------------

default_name                                                                    

General flags:
     imin    =       0, nmropt  =       0

Nature and format of input:
     ntx     =       5, irest   =       1, ntrx    =       1

Nature and format of output:
     ntxo    =       1, ntpr    =   50000, ntrx    =       1, ntwr    =   50000
     iwrap   =       1, ntwx    =    5000, ntwv    =       0, ntwe    =       0
     ioutfm  =       1, ntwprt  =       0, idecomp =       0, rbornstat=      0

Potential function:
     ntf     =       2, ntb     =       1, igb     =       0, nsnb    =      25
     ipol    =       0, gbsa    =       0, iesp    =       0
     dielc   =   1.00000, cut     =   9.00000, intdiel =   1.00000

Frozen or restrained atoms:
     ibelly  =       0, ntr     =       0

Molecular dynamics:
     nstlim  =   1080000, nscm    =      1000, nrespa  =         1
     t       =   0.00000, dt      =   0.00200, vlimit  =  -1.00000

Langevin dynamics temperature regulation:
     ig      =  903332
     temp0   = 300.00000, tempi   = 300.00000, gamma_ln=   2.00000

SHAKE:
     ntc     =       2, jfastw  =       0
     tol     =   0.00001

| Intermolecular bonds treatment:
|     no_intermolecular_bonds =       1

| Energy averages sample interval:
|     ene_avg_sampling =   50000

Ewald parameters:
     verbose =       0, ew_type =       0, nbflag  =       1, use_pme =       1
     vdwmeth =       1, eedmeth =       1, netfrc  =       1
     Box X =   74.317   Box Y =   74.317   Box Z =   74.317
     Alpha =  109.471   Beta  =  109.471   Gamma =  109.471
     NFFT1 =   80       NFFT2 =   80       NFFT3 =   80
     Cutoff=    9.000   Tol   =0.100E-04
     Ewald Coefficient =  0.30768
     Interpolation order =    4

--------------------------------------------------------------------------------
   3.  ATOMIC COORDINATES AND VELOCITIES
--------------------------------------------------------------------------------

default_name                                                                    
 begin time read from input coords =  2840.000 ps

 
 Number of triangulated 3-point waters found:     9223

     Sum of charges from parm topology file =  -0.00000024
     Forcing neutrality...

| Dynamic Memory, Types Used:
| Reals              932726
| Integers          1162458

| Nonbonded Pairs Initial Allocation:     7259748

| GPU memory information (estimate):
| KB of GPU memory in use:    221678
| KB of CPU memory in use:     44414

--------------------------------------------------------------------------------
   4.  RESULTS
--------------------------------------------------------------------------------

 ---------------------------------------------------
 APPROXIMATING switch and d/dx switch using CUBIC SPLINE INTERPOLATION
 using   5000.0 points per unit in tabled values
 TESTING RELATIVE ERROR over r ranging from 0.0 to cutoff
| CHECK switch(x): max rel err =   0.2738E-14   at   2.422500
| CHECK d/dx switch(x): max rel err =   0.8314E-11   at   2.736960
 ---------------------------------------------------
|---------------------------------------------------
| APPROXIMATING direct energy using CUBIC SPLINE INTERPOLATION
|  with   50.0 points per unit in tabled values
| Relative Error Limit not exceeded for r .gt.   2.39
| APPROXIMATING direct force using CUBIC SPLINE INTERPOLATION
|  with   50.0 points per unit in tabled values
| Relative Error Limit not exceeded for r .gt.   2.84
|---------------------------------------------------
wrapping first mol.:       24.77235       35.03339       60.67961
wrapping first mol.:       24.77235       35.03339       60.67961
wrapping first mol.:       24.77235       35.03339       60.67961
wrapping first mol.:       24.77235       35.03339       60.67961
wrapping first mol.:       24.77235       35.03339       60.67961
wrapping first mol.:       24.77235       35.03339       60.67961
wrapping first mol.:       24.77235       35.03339       60.67961
wrapping first mol.:       24.77235       35.03339       60.67961
wrapping first mol.:       24.77235       35.03339       60.67961
wrapping first mol.:       24.77235       35.03339       60.67961
wrapping first mol.:       24.77235       35.03339       60.67961

 NSTEP =    50000   TIME(PS) =    2940.000  TEMP(K) =   300.57  PRESS =     0.0
 Etot   =    -78407.6220  EKtot   =     19672.5410  EPtot      =    -98080.1630
 BOND   =       789.0176  ANGLE   =      1944.9452  DIHED      =      3408.1681
 1-4 NB =       989.7596  1-4 EEL =     12756.1519  VDWAALS    =     10519.0378
 EELEC  =   -128487.2433  EHBOND  =         0.0000  RESTRAINT  =         0.0000
 ------------------------------------------------------------------------------

wrapping first mol.:       24.77235       35.03339       60.67961
wrapping first mol.:       24.77235       35.03339       60.67961
wrapping first mol.:       24.77235       35.03339       60.67961
wrapping first mol.:       24.77235       35.03339       60.67961
wrapping first mol.:       24.77235       35.03339       60.67961
wrapping first mol.:       24.77235       35.03339       60.67961
wrapping first mol.:       24.77235       35.03339       60.67961
wrapping first mol.:       24.77235       35.03339       60.67961
wrapping first mol.:       24.77235       35.03339       60.67961
wrapping first mol.:       24.77235       35.03339       60.67961
wrapping first mol.:       24.77235       35.03339       60.67961

 NSTEP =   100000   TIME(PS) =    3040.000  TEMP(K) =   300.47  PRESS =     0.0
 Etot   =    -78515.8155  EKtot   =     19666.3906  EPtot      =    -98182.2062
 BOND   =       770.2900  ANGLE   =      1908.7938  DIHED      =      3407.9330
 1-4 NB =      1019.3919  1-4 EEL =     12876.6014  VDWAALS    =     10413.9481
 EELEC  =   -128579.1644  EHBOND  =         0.0000  RESTRAINT  =         0.0000
 ------------------------------------------------------------------------------

wrapping first mol.:       24.77235       35.03339       60.67961
wrapping first mol.:       24.77235       35.03339       60.67961
wrapping first mol.:       24.77235       35.03339       60.67961
wrapping first mol.:       24.77235       35.03339       60.67961
wrapping first mol.:       24.77235       35.03339       60.67961
wrapping first mol.:       24.77235       35.03339       60.67961
wrapping first mol.:       24.77235       35.03339       60.67961
wrapping first mol.:       24.77235       35.03339       60.67961
wrapping first mol.:       24.77235       35.03339       60.67961
wrapping first mol.:       24.77235       35.03339       60.67961
wrapping first mol.:       24.77235       35.03339       60.67961

 NSTEP =   150000   TIME(PS) =    3140.000  TEMP(K) =   296.60  PRESS =     0.0
 Etot   =    -78961.9481  EKtot   =     19413.1113  EPtot      =    -98375.0595
 BOND   =       828.5358  ANGLE   =      1952.4587  DIHED      =      3384.3953
 1-4 NB =       979.6672  1-4 EEL =     12829.8564  VDWAALS    =     10706.8169
 EELEC  =   -129056.7898  EHBOND  =         0.0000  RESTRAINT  =         0.0000
 ------------------------------------------------------------------------------

wrapping first mol.:       24.77235       35.03339       60.67961
wrapping first mol.:       24.77235       35.03339       60.67961
wrapping first mol.:       24.77235       35.03339       60.67961
wrapping first mol.:       24.77235       35.03339       60.67961
wrapping first mol.:       24.77235       35.03339       60.67961
wrapping first mol.:       24.77235       35.03339       60.67961
wrapping first mol.:       24.77235       35.03339       60.67961
wrapping first mol.:       24.77235       35.03339       60.67961
wrapping first mol.:       24.77235       35.03339       60.67961
wrapping first mol.:       24.77235       35.03339       60.67961
wrapping first mol.:       24.77235       35.03339       60.67961

 NSTEP =   200000   TIME(PS) =    3240.000  TEMP(K) =   298.29  PRESS =     0.0
 Etot   =    -79009.7998  EKtot   =     19523.2109  EPtot      =    -98533.0108
 BOND   =       781.6421  ANGLE   =      1943.8463  DIHED      =      3352.9495
 1-4 NB =       985.2592  1-4 EEL =     12843.3611  VDWAALS    =     10762.1476
 EELEC  =   -129202.2166  EHBOND  =         0.0000  RESTRAINT  =         0.0000
 ------------------------------------------------------------------------------

wrapping first mol.:       24.77235       35.03339       60.67961
wrapping first mol.:       24.77235       35.03339       60.67961
wrapping first mol.:       24.77235       35.03339       60.67961
wrapping first mol.:       24.77235       35.03339       60.67961
wrapping first mol.:       24.77235       35.03339       60.67961
wrapping first mol.:       24.77235       35.03339       60.67961
wrapping first mol.:       24.77235       35.03339       60.67961
wrapping first mol.:       24.77235       35.03339       60.67961
wrapping first mol.:       24.77235       35.03339       60.67961
wrapping first mol.:       24.77235       35.03339       60.67961
wrapping first mol.:       24.77235       35.03339       60.67961

 NSTEP =   250000   TIME(PS) =    3340.000  TEMP(K) =   301.21  PRESS =     0.0
 Etot   =    -78739.4261  EKtot   =     19714.8184  EPtot      =    -98454.2445
 BOND   =       826.1930  ANGLE   =      1913.8685  DIHED      =      3391.9187
 1-4 NB =       972.4964  1-4 EEL =     12772.5929  VDWAALS    =     10557.9968
 EELEC  =   -128889.3108  EHBOND  =         0.0000  RESTRAINT  =         0.0000
 ------------------------------------------------------------------------------

wrapping first mol.:       24.77235       35.03339       60.67961
wrapping first mol.:       24.77235       35.03339       60.67961
wrapping first mol.:       24.77235       35.03339       60.67961
wrapping first mol.:       24.77235       35.03339       60.67961
wrapping first mol.:       24.77235       35.03339       60.67961
wrapping first mol.:       24.77235       35.03339       60.67961
wrapping first mol.:       24.77235       35.03339       60.67961
wrapping first mol.:       24.77235       35.03339       60.67961
wrapping first mol.:       24.77235       35.03339       60.67961
wrapping first mol.:       24.77235       35.03339       60.67961
wrapping first mol.:       24.77235       35.03339       60.67961

 NSTEP =   300000   TIME(PS) =    3440.000  TEMP(K) =   299.47  PRESS =     0.0
 Etot   =    -78688.6968  EKtot   =     19600.4062  EPtot      =    -98289.1031
 BOND   =       826.9764  ANGLE   =      1921.2520  DIHED      =      3400.6638
 1-4 NB =      1027.8408  1-4 EEL =     12944.7460  VDWAALS    =     10579.7186
 EELEC  =   -128990.3006  EHBOND  =         0.0000  RESTRAINT  =         0.0000
 ------------------------------------------------------------------------------

wrapping first mol.:       24.77235       35.03339       60.67961
wrapping first mol.:       24.77235       35.03339       60.67961
wrapping first mol.:       24.77235       35.03339       60.67961
wrapping first mol.:       24.77235       35.03339       60.67961
wrapping first mol.:       24.77235       35.03339       60.67961
wrapping first mol.:       24.77235       35.03339       60.67961
wrapping first mol.:       24.77235       35.03339       60.67961
wrapping first mol.:       24.77235       35.03339       60.67961
wrapping first mol.:       24.77235       35.03339       60.67961
wrapping first mol.:       24.77235       35.03339       60.67961
wrapping first mol.:       24.77235       35.03339       60.67961

 NSTEP =   350000   TIME(PS) =    3540.000  TEMP(K) =   298.72  PRESS =     0.0
 Etot   =    -78769.1333  EKtot   =     19551.5547  EPtot      =    -98320.6880
 BOND   =       794.8772  ANGLE   =      1983.9143  DIHED      =      3404.6912
 1-4 NB =       986.3349  1-4 EEL =     12752.8134  VDWAALS    =     10584.3615
 EELEC  =   -128827.6807  EHBOND  =         0.0000  RESTRAINT  =         0.0000
 ------------------------------------------------------------------------------

wrapping first mol.:       24.77235       35.03339       60.67961
wrapping first mol.:       24.77235       35.03339       60.67961
wrapping first mol.:       24.77235       35.03339       60.67961
wrapping first mol.:       24.77235       35.03339       60.67961
wrapping first mol.:       24.77235       35.03339       60.67961
wrapping first mol.:       24.77235       35.03339       60.67961
wrapping first mol.:       24.77235       35.03339       60.67961
wrapping first mol.:       24.77235       35.03339       60.67961
wrapping first mol.:       24.77235       35.03339       60.67961
wrapping first mol.:       24.77235       35.03339       60.67961
wrapping first mol.:       24.77235       35.03339       60.67961

 NSTEP =   400000   TIME(PS) =    3640.000  TEMP(K) =   301.19  PRESS =     0.0
 Etot   =    -78828.3089  EKtot   =     19713.0137  EPtot      =    -98541.3225
 BOND   =       795.3989  ANGLE   =      1942.7314  DIHED      =      3390.5287
 1-4 NB =       999.8717  1-4 EEL =     12921.4643  VDWAALS    =     10671.6301
 EELEC  =   -129262.9476  EHBOND  =         0.0000  RESTRAINT  =         0.0000
 ------------------------------------------------------------------------------

wrapping first mol.:       24.77235       35.03339       60.67961
wrapping first mol.:       24.77235       35.03339       60.67961
wrapping first mol.:       24.77235       35.03339       60.67961
wrapping first mol.:       24.77235       35.03339       60.67961
wrapping first mol.:       24.77235       35.03339       60.67961
wrapping first mol.:       24.77235       35.03339       60.67961
wrapping first mol.:       24.77235       35.03339       60.67961
wrapping first mol.:       24.77235       35.03339       60.67961
wrapping first mol.:       24.77235       35.03339       60.67961
wrapping first mol.:       24.77235       35.03339       60.67961
wrapping first mol.:       24.77235       35.03339       60.67961

 NSTEP =   450000   TIME(PS) =    3740.000  TEMP(K) =   299.40  PRESS =     0.0
 Etot   =    -78565.7085  EKtot   =     19596.2637  EPtot      =    -98161.9722
 BOND   =       826.0167  ANGLE   =      1978.8634  DIHED      =      3427.5007
 1-4 NB =       977.4037  1-4 EEL =     12804.9670  VDWAALS    =     10528.1450
 EELEC  =   -128704.8686  EHBOND  =         0.0000  RESTRAINT  =         0.0000
 ------------------------------------------------------------------------------

wrapping first mol.:       24.77235       35.03339       60.67961
wrapping first mol.:       24.77235       35.03339       60.67961
wrapping first mol.:       24.77235       35.03339       60.67961
wrapping first mol.:       24.77235       35.03339       60.67961
wrapping first mol.:       24.77235       35.03339       60.67961
wrapping first mol.:       24.77235       35.03339       60.67961
wrapping first mol.:       24.77235       35.03339       60.67961
wrapping first mol.:       24.77235       35.03339       60.67961
wrapping first mol.:       24.77235       35.03339       60.67961
wrapping first mol.:       24.77235       35.03339       60.67961
wrapping first mol.:       24.77235       35.03339       60.67961

 NSTEP =   500000   TIME(PS) =    3840.000  TEMP(K) =   299.36  PRESS =     0.0
 Etot   =    -78770.3459  EKtot   =     19593.1641  EPtot      =    -98363.5100
 BOND   =       839.1138  ANGLE   =      1951.9311  DIHED      =      3429.1600
 1-4 NB =       983.5342  1-4 EEL =     12801.2786  VDWAALS    =     10478.4872
 EELEC  =   -128847.0148  EHBOND  =         0.0000  RESTRAINT  =         0.0000
 ------------------------------------------------------------------------------

wrapping first mol.:       24.77235       35.03339       60.67961
wrapping first mol.:       24.77235       35.03339       60.67961
wrapping first mol.:       24.77235       35.03339       60.67961
wrapping first mol.:       24.77235       35.03339       60.67961
wrapping first mol.:       24.77235       35.03339       60.67961
wrapping first mol.:       24.77235       35.03339       60.67961
wrapping first mol.:       24.77235       35.03339       60.67961
wrapping first mol.:       24.77235       35.03339       60.67961
wrapping first mol.:       24.77235       35.03339       60.67961
wrapping first mol.:       24.77235       35.03339       60.67961
wrapping first mol.:       24.77235       35.03339       60.67961

 NSTEP =   550000   TIME(PS) =    3940.000  TEMP(K) =   302.10  PRESS =     0.0
 Etot   =    -78454.0287  EKtot   =     19772.9824  EPtot      =    -98227.0112
 BOND   =       836.3021  ANGLE   =      1986.7819  DIHED      =      3374.5325
 1-4 NB =       990.1670  1-4 EEL =     12812.1875  VDWAALS    =     10788.1703
 EELEC  =   -129015.1524  EHBOND  =         0.0000  RESTRAINT  =         0.0000
 ------------------------------------------------------------------------------

wrapping first mol.:       24.77235       35.03339       60.67961
wrapping first mol.:       24.77235       35.03339       60.67961
wrapping first mol.:       24.77235       35.03339       60.67961
wrapping first mol.:       24.77235       35.03339       60.67961
wrapping first mol.:       24.77235       35.03339       60.67961
wrapping first mol.:       24.77235       35.03339       60.67961
wrapping first mol.:       24.77235       35.03339       60.67961
wrapping first mol.:       24.77235       35.03339       60.67961
wrapping first mol.:       24.77235       35.03339       60.67961
wrapping first mol.:       24.77235       35.03339       60.67961
wrapping first mol.:       24.77235       35.03339       60.67961

 NSTEP =   600000   TIME(PS) =    4040.000  TEMP(K) =   301.14  PRESS =     0.0
 Etot   =    -78797.5541  EKtot   =     19710.1895  EPtot      =    -98507.7436
 BOND   =       820.5077  ANGLE   =      1896.9790  DIHED      =      3377.1192
 1-4 NB =       994.4320  1-4 EEL =     12752.5972  VDWAALS    =     10681.0041
 EELEC  =   -129030.3827  EHBOND  =         0.0000  RESTRAINT  =         0.0000
 ------------------------------------------------------------------------------

wrapping first mol.:       24.77235       35.03339       60.67961
wrapping first mol.:       24.77235       35.03339       60.67961
wrapping first mol.:       24.77235       35.03339       60.67961
wrapping first mol.:       24.77235       35.03339       60.67961
wrapping first mol.:       24.77235       35.03339       60.67961
wrapping first mol.:       24.77235       35.03339       60.67961
wrapping first mol.:       24.77235       35.03339       60.67961
wrapping first mol.:       24.77235       35.03339       60.67961
wrapping first mol.:       24.77235       35.03339       60.67961
wrapping first mol.:       24.77235       35.03339       60.67961
wrapping first mol.:       24.77235       35.03339       60.67961

 NSTEP =   650000   TIME(PS) =    4140.000  TEMP(K) =   299.58  PRESS =     0.0
 Etot   =    -78733.8757  EKtot   =     19607.6133  EPtot      =    -98341.4890
 BOND   =       828.0959  ANGLE   =      1942.9002  DIHED      =      3395.4149
 1-4 NB =       954.2353  1-4 EEL =     12713.4202  VDWAALS    =     10487.3423
 EELEC  =   -128662.8978  EHBOND  =         0.0000  RESTRAINT  =         0.0000
 ------------------------------------------------------------------------------

wrapping first mol.:       24.77235       35.03339       60.67961
wrapping first mol.:       24.77235       35.03339       60.67961
wrapping first mol.:       24.77235       35.03339       60.67961
wrapping first mol.:       24.77235       35.03339       60.67961
wrapping first mol.:       24.77235       35.03339       60.67961
wrapping first mol.:       24.77235       35.03339       60.67961
wrapping first mol.:       24.77235       35.03339       60.67961
wrapping first mol.:       24.77235       35.03339       60.67961
wrapping first mol.:       24.77235       35.03339       60.67961
wrapping first mol.:       24.77235       35.03339       60.67961
wrapping first mol.:       24.77235       35.03339       60.67961

 NSTEP =   700000   TIME(PS) =    4240.000  TEMP(K) =   302.59  PRESS =     0.0
 Etot   =    -78672.9485  EKtot   =     19805.0566  EPtot      =    -98478.0051
 BOND   =       823.0370  ANGLE   =      1950.4973  DIHED      =      3407.2928
 1-4 NB =       975.3534  1-4 EEL =     12766.4344  VDWAALS    =     10393.9015
 EELEC  =   -128794.5215  EHBOND  =         0.0000  RESTRAINT  =         0.0000
 ------------------------------------------------------------------------------

wrapping first mol.:       24.77235       35.03339       60.67961
wrapping first mol.:       24.77235       35.03339       60.67961
wrapping first mol.:       24.77235       35.03339       60.67961
wrapping first mol.:       24.77235       35.03339       60.67961
wrapping first mol.:       24.77235       35.03339       60.67961
wrapping first mol.:       24.77235       35.03339       60.67961
wrapping first mol.:       24.77235       35.03339       60.67961
wrapping first mol.:       24.77235       35.03339       60.67961
wrapping first mol.:       24.77235       35.03339       60.67961
wrapping first mol.:       24.77235       35.03339       60.67961
wrapping first mol.:       24.77235       35.03339       60.67961

 NSTEP =   750000   TIME(PS) =    4340.000  TEMP(K) =   296.28  PRESS =     0.0
 Etot   =    -78852.7888  EKtot   =     19392.1875  EPtot      =    -98244.9763
 BOND   =       842.5756  ANGLE   =      1983.9657  DIHED      =      3364.2306
 1-4 NB =       975.5069  1-4 EEL =     12743.3093  VDWAALS    =     10592.7344
 EELEC  =   -128747.2987  EHBOND  =         0.0000  RESTRAINT  =         0.0000
 ------------------------------------------------------------------------------

wrapping first mol.:       24.77235       35.03339       60.67961
wrapping first mol.:       24.77235       35.03339       60.67961
wrapping first mol.:       24.77235       35.03339       60.67961
wrapping first mol.:       24.77235       35.03339       60.67961
wrapping first mol.:       24.77235       35.03339       60.67961
wrapping first mol.:       24.77235       35.03339       60.67961
wrapping first mol.:       24.77235       35.03339       60.67961
wrapping first mol.:       24.77235       35.03339       60.67961
wrapping first mol.:       24.77235       35.03339       60.67961
wrapping first mol.:       24.77235       35.03339       60.67961
wrapping first mol.:       24.77235       35.03339       60.67961

 NSTEP =   800000   TIME(PS) =    4440.000  TEMP(K) =   297.47  PRESS =     0.0
 Etot   =    -78908.9207  EKtot   =     19469.6289  EPtot      =    -98378.5496
 BOND   =       798.1137  ANGLE   =      1890.0365  DIHED      =      3420.0149
 1-4 NB =       964.4784  1-4 EEL =     12743.2830  VDWAALS    =     10321.8938
 EELEC  =   -128516.3700  EHBOND  =         0.0000  RESTRAINT  =         0.0000
 ------------------------------------------------------------------------------

wrapping first mol.:       24.77235       35.03339       60.67961
wrapping first mol.:       24.77235       35.03339       60.67961
wrapping first mol.:       24.77235       35.03339       60.67961
wrapping first mol.:       24.77235       35.03339       60.67961
wrapping first mol.:       24.77235       35.03339       60.67961
wrapping first mol.:       24.77235       35.03339       60.67961
wrapping first mol.:       24.77235       35.03339       60.67961
wrapping first mol.:       24.77235       35.03339       60.67961
wrapping first mol.:       24.77235       35.03339       60.67961
wrapping first mol.:       24.77235       35.03339       60.67961
wrapping first mol.:       24.77235       35.03339       60.67961

 NSTEP =   850000   TIME(PS) =    4540.000  TEMP(K) =   300.36  PRESS =     0.0
 Etot   =    -78625.2520  EKtot   =     19658.6367  EPtot      =    -98283.8887
 BOND   =       791.4331  ANGLE   =      1962.9340  DIHED      =      3412.6882
 1-4 NB =       964.9026  1-4 EEL =     12739.3328  VDWAALS    =     10685.5922
 EELEC  =   -128840.7717  EHBOND  =         0.0000  RESTRAINT  =         0.0000
 ------------------------------------------------------------------------------

wrapping first mol.:       24.77235       35.03339       60.67961
wrapping first mol.:       24.77235       35.03339       60.67961
wrapping first mol.:       24.77235       35.03339       60.67961
wrapping first mol.:       24.77235       35.03339       60.67961
wrapping first mol.:       24.77235       35.03339       60.67961
wrapping first mol.:       24.77235       35.03339       60.67961
wrapping first mol.:       24.77235       35.03339       60.67961
wrapping first mol.:       24.77235       35.03339       60.67961
wrapping first mol.:       24.77235       35.03339       60.67961
wrapping first mol.:       24.77235       35.03339       60.67961
wrapping first mol.:       24.77235       35.03339       60.67961

 NSTEP =   900000   TIME(PS) =    4640.000  TEMP(K) =   300.53  PRESS =     0.0
 Etot   =    -78888.4718  EKtot   =     19669.7949  EPtot      =    -98558.2668
 BOND   =       823.3701  ANGLE   =      1935.4617  DIHED      =      3423.5455
 1-4 NB =       968.5435  1-4 EEL =     12768.5764  VDWAALS    =     10877.8085
 EELEC  =   -129355.5725  EHBOND  =         0.0000  RESTRAINT  =         0.0000
 ------------------------------------------------------------------------------

wrapping first mol.:       24.77235       35.03339       60.67961
wrapping first mol.:       24.77235       35.03339       60.67961
wrapping first mol.:       24.77235       35.03339       60.67961
wrapping first mol.:       24.77235       35.03339       60.67961
wrapping first mol.:       24.77235       35.03339       60.67961
wrapping first mol.:       24.77235       35.03339       60.67961
wrapping first mol.:       24.77235       35.03339       60.67961
wrapping first mol.:       24.77235       35.03339       60.67961
wrapping first mol.:       24.77235       35.03339       60.67961
wrapping first mol.:       24.77235       35.03339       60.67961
wrapping first mol.:       24.77235       35.03339       60.67961

 NSTEP =   950000   TIME(PS) =    4740.000  TEMP(K) =   302.91  PRESS =     0.0
 Etot   =    -78582.7181  EKtot   =     19825.5234  EPtot      =    -98408.2415
 BOND   =       772.4854  ANGLE   =      1964.2644  DIHED      =      3401.1650
 1-4 NB =       997.0748  1-4 EEL =     12735.7531  VDWAALS    =     10654.8218
 EELEC  =   -128933.8060  EHBOND  =         0.0000  RESTRAINT  =         0.0000
 ------------------------------------------------------------------------------

wrapping first mol.:       24.77235       35.03339       60.67961
wrapping first mol.:       24.77235       35.03339       60.67961
wrapping first mol.:       24.77235       35.03339       60.67961
wrapping first mol.:       24.77235       35.03339       60.67961
wrapping first mol.:       24.77235       35.03339       60.67961
wrapping first mol.:       24.77235       35.03339       60.67961
wrapping first mol.:       24.77235       35.03339       60.67961
wrapping first mol.:       24.77235       35.03339       60.67961
wrapping first mol.:       24.77235       35.03339       60.67961
wrapping first mol.:       24.77235       35.03339       60.67961
wrapping first mol.:       24.77235       35.03339       60.67961

 NSTEP =  1000000   TIME(PS) =    4840.000  TEMP(K) =   302.78  PRESS =     0.0
 Etot   =    -78499.8565  EKtot   =     19816.9766  EPtot      =    -98316.8330
 BOND   =       826.7827  ANGLE   =      1937.8200  DIHED      =      3379.7346
 1-4 NB =       989.7041  1-4 EEL =     12713.1832  VDWAALS    =     10692.3628
 EELEC  =   -128856.4204  EHBOND  =         0.0000  RESTRAINT  =         0.0000
 ------------------------------------------------------------------------------

wrapping first mol.:       24.77235       35.03339       60.67961
wrapping first mol.:       24.77235       35.03339       60.67961
wrapping first mol.:       24.77235       35.03339       60.67961
wrapping first mol.:       24.77235       35.03339       60.67961
wrapping first mol.:       24.77235       35.03339       60.67961
wrapping first mol.:       24.77235       35.03339       60.67961
wrapping first mol.:       24.77235       35.03339       60.67961
wrapping first mol.:       24.77235       35.03339       60.67961
wrapping first mol.:       24.77235       35.03339       60.67961
wrapping first mol.:       24.77235       35.03339       60.67961
wrapping first mol.:       24.77235       35.03339       60.67961

 NSTEP =  1050000   TIME(PS) =    4940.000  TEMP(K) =   303.33  PRESS =     0.0
 Etot   =    -78511.8758  EKtot   =     19853.1465  EPtot      =    -98365.0223
 BOND   =       820.4418  ANGLE   =      1947.9203  DIHED      =      3385.6843
 1-4 NB =       969.7451  1-4 EEL =     12699.0977  VDWAALS    =     10690.1664
 EELEC  =   -128878.0779  EHBOND  =         0.0000  RESTRAINT  =         0.0000
 ------------------------------------------------------------------------------

wrapping first mol.:       24.77235       35.03339       60.67961
wrapping first mol.:       24.77235       35.03339       60.67961
wrapping first mol.:       24.77235       35.03339       60.67961
wrapping first mol.:       24.77235       35.03339       60.67961
wrapping first mol.:       24.77235       35.03339       60.67961
wrapping first mol.:       24.77235       35.03339       60.67961
wrapping first mol.:       24.77235       35.03339       60.67961

      A V E R A G E S   O V E R      21 S T E P S


 NSTEP =  1080000   TIME(PS) =    5000.000  TEMP(K) =   300.21  PRESS =     0.0
 Etot   =    -78704.0522  EKtot   =     19648.8672  EPtot      =    -98352.9194
 BOND   =       812.4384  ANGLE   =      1944.8650  DIHED      =      3397.1110
 1-4 NB =       984.0811  1-4 EEL =     12785.2861  VDWAALS    =     10603.2423
 EELEC  =   -128879.9433  EHBOND  =         0.0000  RESTRAINT  =         0.0000
 ------------------------------------------------------------------------------


      R M S  F L U C T U A T I O N S


 NSTEP =  1080000   TIME(PS) =    5000.000  TEMP(K) =     1.95  PRESS =     0.0
 Etot   =       168.8570  EKtot   =       127.8755  EPtot      =       127.8504
 BOND   =        21.7782  ANGLE   =        26.8011  DIHED      =        20.0647
 1-4 NB =        17.2275  1-4 EEL =        64.9863  VDWAALS    =       135.3715
 EELEC  =       223.5596  EHBOND  =         0.0000  RESTRAINT  =         0.0000
 ------------------------------------------------------------------------------

--------------------------------------------------------------------------------
   5.  TIMINGS
--------------------------------------------------------------------------------

|  NonSetup CPU Time in Major Routines:
|
|     Routine           Sec        %
|     ------------------------------
|     Nonbond          72.98    2.77
|     Bond              0.00    0.00
|     Angle             0.00    0.00
|     Dihedral          0.00    0.00
|     Shake             6.18    0.23
|     RunMD          2550.78   96.96
|     Other             0.87    0.03
|     ------------------------------
|     Total          2630.81

|  PME Nonbond Pairlist CPU Time:
|
|     Routine              Sec        %
|     ---------------------------------
|     Set Up Cit           0.00    0.00
|     Build List           0.00    0.00
|     ---------------------------------
|     Total                0.00    0.00

|  PME Direct Force CPU Time:
|
|     Routine              Sec        %
|     ---------------------------------
|     NonBonded Calc       0.00    0.00
|     Exclude Masked       0.00    0.00
|     Other                0.40    0.02
|     ---------------------------------
|     Total                0.40    0.02

|  PME Reciprocal Force CPU Time:
|
|     Routine              Sec        %
|     ---------------------------------
|     1D bspline           0.00    0.00
|     Grid Charges         0.00    0.00
|     Scalar Sum           0.00    0.00
|     Gradient Sum         0.00    0.00
|     FFT                  0.00    0.00
|     ---------------------------------
|     Total                0.00    0.00

|  Final Performance Info:
|     -----------------------------------------------------
|     Average timings for last   30000 steps:
|     Elapsed(s) =      73.18 Per Step(ms) =       2.44
|         ns/day =      70.83   seconds/ns =    1219.75
|
|     Average timings for all steps:
|     Elapsed(s) =    2630.81 Per Step(ms) =       2.44
|         ns/day =      70.94   seconds/ns =    1217.97
|     -----------------------------------------------------

|  Setup CPU time:            0.52 seconds
|  NonSetup CPU time:      2630.81 seconds
|  Total CPU time:         2631.33 seconds     0.73 hours

|  Setup wall time:           0    seconds
|  NonSetup wall time:     2631    seconds
|  Total wall time:        2631    seconds     0.73 hours
