Step: 1
Note: The following floating-point exceptions are signalling: IEEE_UNDERFLOW_FLAG IEEE_DENORMAL
Done step: 1
Step: 2
Note: The following floating-point exceptions are signalling: IEEE_UNDERFLOW_FLAG IEEE_DENORMAL
Done step: 2
Step: 3
Note: The following floating-point exceptions are signalling: IEEE_UNDERFLOW_FLAG IEEE_DENORMAL
Done step: 3
Step: 4
Note: The following floating-point exceptions are signalling: IEEE_UNDERFLOW_FLAG IEEE_DENORMAL
Done step: 4
Step: 5
Note: The following floating-point exceptions are signalling: IEEE_UNDERFLOW_FLAG IEEE_DENORMAL
Done step: 5
Step: 6
Note: The following floating-point exceptions are signalling: IEEE_UNDERFLOW_FLAG IEEE_DENORMAL
Done step: 6
Step: 7
Note: The following floating-point exceptions are signalling: IEEE_UNDERFLOW_FLAG IEEE_DENORMAL
Done step: 7
Step: 8
Note: The following floating-point exceptions are signalling: IEEE_UNDERFLOW_FLAG IEEE_DENORMAL
Done step: 8
Step: 9
Note: The following floating-point exceptions are signalling: IEEE_UNDERFLOW_FLAG IEEE_DENORMAL
Done step: 9
Step: 10
Note: The following floating-point exceptions are signalling: IEEE_UNDERFLOW_FLAG IEEE_DENORMAL
Done step: 10
Step: 11
Note: The following floating-point exceptions are signalling: IEEE_UNDERFLOW_FLAG IEEE_DENORMAL
Done step: 11
Step: 12
Note: The following floating-point exceptions are signalling: IEEE_UNDERFLOW_FLAG IEEE_DENORMAL
Done step: 12
Step: 13
Note: The following floating-point exceptions are signalling: IEEE_UNDERFLOW_FLAG IEEE_DENORMAL
Done step: 13
Step: 14
Note: The following floating-point exceptions are signalling: IEEE_UNDERFLOW_FLAG IEEE_DENORMAL
Done step: 14
Step: 15
Note: The following floating-point exceptions are signalling: IEEE_UNDERFLOW_FLAG IEEE_DENORMAL
Done step: 15
Step: 16
Note: The following floating-point exceptions are signalling: IEEE_UNDERFLOW_FLAG IEEE_DENORMAL
Done step: 16
Step: 17
Note: The following floating-point exceptions are signalling: IEEE_UNDERFLOW_FLAG IEEE_DENORMAL
Done step: 17
Step: 18
Note: The following floating-point exceptions are signalling: IEEE_UNDERFLOW_FLAG IEEE_DENORMAL
Done step: 18
Step: 19
Note: The following floating-point exceptions are signalling: IEEE_UNDERFLOW_FLAG IEEE_DENORMAL
Done step: 19
Step: 20
Note: The following floating-point exceptions are signalling: IEEE_UNDERFLOW_FLAG IEEE_DENORMAL
Done step: 20
Step: 21
Note: The following floating-point exceptions are signalling: IEEE_UNDERFLOW_FLAG IEEE_DENORMAL
Done step: 21
Step: 22
Note: The following floating-point exceptions are signalling: IEEE_UNDERFLOW_FLAG IEEE_DENORMAL
Done step: 22
Step: 23
Note: The following floating-point exceptions are signalling: IEEE_UNDERFLOW_FLAG IEEE_DENORMAL
Done step: 23
Step: 24
Note: The following floating-point exceptions are signalling: IEEE_UNDERFLOW_FLAG IEEE_DENORMAL
Done step: 24
Step: 25
Note: The following floating-point exceptions are signalling: IEEE_UNDERFLOW_FLAG IEEE_DENORMAL
Done step: 25
Step: 26
Note: The following floating-point exceptions are signalling: IEEE_UNDERFLOW_FLAG IEEE_DENORMAL
Done step: 26
Step: 27
Note: The following floating-point exceptions are signalling: IEEE_UNDERFLOW_FLAG IEEE_DENORMAL
Done step: 27
Step: 28
Note: The following floating-point exceptions are signalling: IEEE_UNDERFLOW_FLAG IEEE_DENORMAL
Done single step: 28
Step: 29
Note: The following floating-point exceptions are signalling: IEEE_UNDERFLOW_FLAG IEEE_DENORMAL
Done step: 29
Step: 30
Note: The following floating-point exceptions are signalling: IEEE_UNDERFLOW_FLAG IEEE_DENORMAL
Done step: 30
Step: 31

  Unit    5 Error on OPEN: 31equ.in                                                                                                                                                                                                                                                        
STOP PMEMD Terminated Abnormally!

  Unit    5 Error on OPEN: 31equ.in                                                                                                                                                                                                                                                        
Done single step: 31
Step: 32
STOP PMEMD Terminated Abnormally!

  Unit    9 Error on OPEN: 31e1prn.rst7                                                                                                                                                                                                                                                    
Done step: 32
Step: 33
STOP PMEMD Terminated Abnormally!

  Unit    9 Error on OPEN: 32e1prn.rst7                                                                                                                                                                                                                                                    
Done step: 33
Step: 34
STOP PMEMD Terminated Abnormally!

  Unit    9 Error on OPEN: 33e1prn.rst7                                                                                                                                                                                                                                                    
Done step: 34
Step: 35
STOP PMEMD Terminated Abnormally!

  Unit    9 Error on OPEN: 34e1prn.rst7                                                                                                                                                                                                                                                    
Done step: 35
Step: 36
STOP PMEMD Terminated Abnormally!

  Unit    9 Error on OPEN: 35e1prn.rst7                                                                                                                                                                                                                                                    
Done step: 36
Step: 37
STOP PMEMD Terminated Abnormally!

  Unit    9 Error on OPEN: 36e1prn.rst7                                                                                                                                                                                                                                                    
Done step: 37
Step: 38
STOP PMEMD Terminated Abnormally!

  Unit    9 Error on OPEN: 37e1prn.rst7                                                                                                                                                                                                                                                    
Done step: 38
Step: 39
STOP PMEMD Terminated Abnormally!

  Unit    9 Error on OPEN: 38e1prn.rst7                                                                                                                                                                                                                                                    
Done step: 39
Step: 40
STOP PMEMD Terminated Abnormally!

  Unit    9 Error on OPEN: 39e1prn.rst7                                                                                                                                                                                                                                                    
Done step: 40
Step: 41
STOP PMEMD Terminated Abnormally!

  Unit    9 Error on OPEN: 40e1prn.rst7                                                                                                                                                                                                                                                    
Done step: 41
Step: 42
STOP PMEMD Terminated Abnormally!

  Unit    9 Error on OPEN: 41e1prn.rst7                                                                                                                                                                                                                                                    
Done step: 42
Step: 43
STOP PMEMD Terminated Abnormally!

  Unit    9 Error on OPEN: 42e1prn.rst7                                                                                                                                                                                                                                                    
Done step: 43
Step: 44
STOP PMEMD Terminated Abnormally!

  Unit    9 Error on OPEN: 43e1prn.rst7                                                                                                                                                                                                                                                    
Done step: 44
Step: 45
STOP PMEMD Terminated Abnormally!

  Unit    9 Error on OPEN: 44e1prn.rst7                                                                                                                                                                                                                                                    
Done step: 45
Step: 46
STOP PMEMD Terminated Abnormally!

  Unit    9 Error on OPEN: 45e1prn.rst7                                                                                                                                                                                                                                                    
Done step: 46
Step: 47
STOP PMEMD Terminated Abnormally!

  Unit    9 Error on OPEN: 46e1prn.rst7                                                                                                                                                                                                                                                    
Done step: 47
Step: 48
STOP PMEMD Terminated Abnormally!

  Unit    9 Error on OPEN: 47e1prn.rst7                                                                                                                                                                                                                                                    
Done step: 48
Step: 49
STOP PMEMD Terminated Abnormally!

  Unit    9 Error on OPEN: 48e1prn.rst7                                                                                                                                                                                                                                                    
Done step: 49
Step: 50
STOP PMEMD Terminated Abnormally!

  Unit    9 Error on OPEN: 49e1prn.rst7                                                                                                                                                                                                                                                    
Done step: 50
Step: 51
STOP PMEMD Terminated Abnormally!

  Unit    9 Error on OPEN: 50e1prn.rst7                                                                                                                                                                                                                                                    
Done step: 51
Step: 52
STOP PMEMD Terminated Abnormally!

  Unit    9 Error on OPEN: 51e1prn.rst7                                                                                                                                                                                                                                                    
Done step: 52
Step: 53
STOP PMEMD Terminated Abnormally!

  Unit    9 Error on OPEN: 52e1prn.rst7                                                                                                                                                                                                                                                    
Done step: 53
Step: 54
STOP PMEMD Terminated Abnormally!

  Unit    9 Error on OPEN: 53e1prn.rst7                                                                                                                                                                                                                                                    
Done step: 54
Step: 55
At line 639 of file mdin_ctrl_dat.F90 (unit = 5, file = '55equ.in')
Fortran runtime error: Cannot match namelist object name final
Done step: 55
